Create log file
2016-06-29 00:01:03Z Send 國際股市==>  Program Start
2016-06-29 00:01:03Z Send 國際股市==>  Program END 

Create log file
2016-06-29 01:01:03Z Send 國際股市==>  Program Start
2016-06-29 01:01:03Z Send 國際股市==>  Program END 

Create log file
2016-06-29 08:01:03Z Send 國際股市==>  Program Start
2016-06-29 08:01:03Z Send 國際股市==>  Program END 

Create log file
2016-06-29 08:01:28Z Send 國際股市==>  Program Start
2016-06-29 08:01:28Z Send 國際股市==>  Program END 

Create log file
2016-06-29 08:01:50Z Send 國際股市==>  Program Start
2016-06-29 08:01:50Z Send 國際股市==>  Program END 

Create log file
2016-06-29 08:02:13Z Send 國際股市==>  Program Start
2016-06-29 08:02:13Z Send 國際股市==>  Program END 

Create log file
2016-06-29 08:46:03Z on time future report... Program Start
2016-06-29 08:46:03Z on time future report... Program END 

Create log file
2016-06-29 08:51:03Z on time future report... Program Start
2016-06-29 08:51:03Z on time future report... Program END 

Create log file
2016-06-29 08:56:03Z on time future report... Program Start
2016-06-29 08:56:03Z on time future report... Program END 

Create log file
2016-06-29 09:01:03Z Send 國際股市==>  Program Start
2016-06-29 09:01:03Z Send 國際股市==>  Program END 

Create log file
2016-06-29 09:01:16Z on time future report... Program Start
2016-06-29 09:01:16Z on time future report... Program END 

Create log file
2016-06-29 09:06:03Z on time future report... Program Start
2016-06-29 09:06:03Z on time future report... Program END 

Create log file
2016-06-29 09:11:04Z on time future report... Program Start
2016-06-29 09:11:04Z on time future report... Program END 

Create log file
2016-06-29 09:16:06Z on time future report... Program Start
2016-06-29 09:16:06Z on time future report... Program END 

Create log file
2016-06-29 09:21:03Z on time future report... Program Start
2016-06-29 09:21:03Z on time future report... Program END 

Create log file
2016-06-29 09:26:03Z on time future report... Program Start
2016-06-29 09:26:03Z on time future report... Program END 

Create log file
2016-06-29 09:31:03Z on time future report... Program Start
2016-06-29 09:31:03Z on time future report... Program END 

Create log file
2016-06-29 09:36:03Z on time future report... Program Start
2016-06-29 09:36:03Z on time future report... Program END 

Create log file
2016-06-29 09:41:03Z on time future report... Program Start
2016-06-29 09:41:03Z on time future report... Program END 

Create log file
2016-06-29 09:46:03Z on time future report... Program Start
2016-06-29 09:46:03Z on time future report... Program END 

Create log file
2016-06-29 09:51:04Z on time future report... Program Start
2016-06-29 09:51:04Z on time future report... Program END 

Create log file
2016-06-29 09:56:04Z on time future report... Program Start
2016-06-29 09:56:04Z on time future report... Program END 

Create log file
2016-06-29 10:01:03Z Send 國際股市==>  Program Start
2016-06-29 10:01:03Z Send 國際股市==>  Program END 

Create log file
2016-06-29 10:01:04Z on time future report... Program Start
2016-06-29 10:01:04Z on time future report... Program END 

Create log file
2016-06-29 10:06:03Z on time future report... Program Start
2016-06-29 10:06:03Z on time future report... Program END 

Create log file
2016-06-29 10:11:03Z on time future report... Program Start
2016-06-29 10:11:03Z on time future report... Program END 

Create log file
2016-06-29 10:16:04Z on time future report... Program Start
2016-06-29 10:16:04Z on time future report... Program END 

Create log file
2016-06-29 10:21:03Z on time future report... Program Start
2016-06-29 10:21:03Z on time future report... Program END 

Create log file
2016-06-29 10:26:03Z on time future report... Program Start
2016-06-29 10:26:03Z on time future report... Program END 

Create log file
2016-06-29 10:31:06Z on time future report... Program Start
2016-06-29 10:31:06Z on time future report... Program END 

Create log file
2016-06-29 10:36:07Z on time future report... Program Start
2016-06-29 10:36:07Z on time future report... Program END 

Create log file
2016-06-29 10:41:03Z on time future report... Program Start
2016-06-29 10:41:03Z on time future report... Program END 

Create log file
2016-06-29 10:46:03Z on time future report... Program Start
2016-06-29 10:46:03Z on time future report... Program END 

Create log file
2016-06-29 10:51:04Z on time future report... Program Start
2016-06-29 10:51:04Z on time future report... Program END 

Create log file
2016-06-29 10:56:03Z on time future report... Program Start
2016-06-29 10:56:03Z on time future report... Program END 

Create log file
2016-06-29 11:01:03Z Send 國際股市==>  Program Start
2016-06-29 11:01:03Z Send 國際股市==>  Program END 

Create log file
2016-06-29 11:01:04Z on time future report... Program Start
2016-06-29 11:01:04Z on time future report... Program END 

Create log file
2016-06-29 11:06:03Z on time future report... Program Start
2016-06-29 11:06:03Z on time future report... Program END 

Create log file
2016-06-29 11:11:03Z on time future report... Program Start
2016-06-29 11:11:03Z on time future report... Program END 

Create log file
2016-06-29 11:16:03Z on time future report... Program Start
2016-06-29 11:16:03Z on time future report... Program END 

Create log file
2016-06-29 11:21:06Z on time future report... Program Start
2016-06-29 11:21:06Z on time future report... Program END 

Create log file
2016-06-29 11:26:04Z on time future report... Program Start
2016-06-29 11:26:04Z on time future report... Program END 

Create log file
2016-06-29 11:31:03Z on time future report... Program Start
2016-06-29 11:31:03Z on time future report... Program END 

Create log file
2016-06-29 11:36:04Z on time future report... Program Start
2016-06-29 11:36:04Z on time future report... Program END 

Create log file
2016-06-29 11:41:03Z on time future report... Program Start
2016-06-29 11:41:03Z on time future report... Program END 

Create log file
2016-06-29 11:46:05Z on time future report... Program Start
2016-06-29 11:46:05Z on time future report... Program END 

Create log file
2016-06-29 11:51:03Z on time future report... Program Start
2016-06-29 11:51:03Z on time future report... Program END 

Create log file
2016-06-29 11:56:03Z on time future report... Program Start
2016-06-29 11:56:03Z on time future report... Program END 

Create log file
2016-06-29 12:01:03Z Send 國際股市==>  Program Start
2016-06-29 12:01:03Z Send 國際股市==>  Program END 

Create log file
2016-06-29 12:01:04Z on time future report... Program Start
2016-06-29 12:01:04Z on time future report... Program END 

Create log file
2016-06-29 12:06:05Z on time future report... Program Start
2016-06-29 12:06:05Z on time future report... Program END 

Create log file
2016-06-29 12:11:03Z on time future report... Program Start
2016-06-29 12:11:03Z on time future report... Program END 

Create log file
2016-06-29 12:16:03Z on time future report... Program Start
2016-06-29 12:16:03Z on time future report... Program END 

Create log file
2016-06-29 12:21:04Z on time future report... Program Start
2016-06-29 12:21:04Z on time future report... Program END 

Create log file
2016-06-29 12:26:03Z on time future report... Program Start
2016-06-29 12:26:03Z on time future report... Program END 

Create log file
2016-06-29 12:31:03Z on time future report... Program Start
2016-06-29 12:31:03Z on time future report... Program END 

Create log file
2016-06-29 12:36:03Z on time future report... Program Start
2016-06-29 12:36:03Z on time future report... Program END 

Create log file
2016-06-29 12:41:03Z on time future report... Program Start
2016-06-29 12:41:03Z on time future report... Program END 

Create log file
2016-06-29 12:46:06Z on time future report... Program Start
2016-06-29 12:46:06Z on time future report... Program END 

Create log file
2016-06-29 12:56:00Z on time future report... Program Start
2016-06-29 12:56:00Z on time future report... Program END 

Create log file
2016-06-29 13:01:02Z on time future report... Program Start
2016-06-29 13:01:02Z on time future report... Program END 

Create log file
2016-06-29 13:01:04Z Send 國際股市==>  Program Start
2016-06-29 13:01:04Z Send 國際股市==>  Program END 

Create log file
2016-06-29 13:06:02Z on time future report... Program Start
2016-06-29 13:06:02Z on time future report... Program END 

Create log file
2016-06-29 13:11:02Z on time future report... Program Start
2016-06-29 13:11:02Z on time future report... Program END 

Create log file
2016-06-29 13:16:00Z on time future report... Program Start
2016-06-29 13:16:00Z on time future report... Program END 

Create log file
2016-06-29 13:21:00Z on time future report... Program Start
2016-06-29 13:21:00Z on time future report... Program END 

Create log file
2016-06-29 13:26:01Z on time future report... Program Start
2016-06-29 13:26:01Z on time future report... Program END 

Create log file
2016-06-29 13:31:04Z on time future report... Program Start
2016-06-29 13:31:04Z on time future report... Program END 

Create log file
2016-06-29 13:36:01Z on time future report... Program Start
2016-06-29 13:36:01Z on time future report... Program END 

Create log file
2016-06-29 13:41:00Z on time future report... Program Start
2016-06-29 13:41:00Z on time future report... Program END 

Create log file
2016-06-29 13:46:01Z on time future report... Program Start
2016-06-29 13:46:01Z on time future report... Program END 

Create log file
2016-06-29 14:01:02Z Send 國際股市==>  Program Start
2016-06-29 14:01:02Z Send 國際股市==>  Program END 

Create log file
2016-06-29 15:01:02Z Send 國際股市==>  Program Start
2016-06-29 15:01:02Z Send 國際股市==>  Program END 

Create log file
2016-06-29 16:01:02Z Send 國際股市==>  Program Start
2016-06-29 16:01:02Z Send 國際股市==>  Program END 

Create log file
2016-06-29 17:01:02Z Send 國際股市==>  Program Start
2016-06-29 17:01:02Z Send 國際股市==>  Program END 

Create log file
2016-06-29 18:01:03Z Send 國際股市==>  Program Start
2016-06-29 18:01:03Z Send 國際股市==>  Program END 

Create log file
2016-06-29 18:01:29Z Send 國際股市==>  Program Start
2016-06-29 18:01:29Z Send 國際股市==>  Program END 

Create log file
2016-06-29 18:01:51Z Send 國際股市==>  Program Start
2016-06-29 18:01:51Z Send 國際股市==>  Program END 

Create log file
2016-06-29 18:02:14Z Send 國際股市==>  Program Start
2016-06-29 18:02:14Z Send 國際股市==>  Program END 

Create log file
2016-06-29 18:02:37Z Send 國際股市==>  Program Start
2016-06-29 18:02:37Z Send 國際股市==>  Program END 

Create log file
2016-06-29 18:56:21Z option_insert_daily Program Start
2016-06-29 18:56:21Z option_insert_daily Program END 

Create log file
2016-06-29 18:57:35Z Send Option_OIV_daily Program Start
2016-06-29 18:57:35Z Send Option_OIV_daily Program END 

Create log file
2016-06-29 18:57:52Z on time future report... Program Start
2016-06-29 18:57:52Z on time future report... Program END 

Create log file
2016-06-29 19:01:02Z Send 國際股市==>  Program Start
2016-06-29 19:01:02Z Send 國際股市==>  Program END 

Create log file
2016-06-29 19:01:28Z Send 國際股市==>  Program Start
2016-06-29 19:01:28Z Send 國際股市==>  Program END 

Create log file
2016-06-29 19:01:52Z Send 國際股市==>  Program Start
2016-06-29 19:01:52Z Send 國際股市==>  Program END 

Create log file
2016-06-29 19:02:13Z Send 國際股市==>  Program Start
2016-06-29 19:02:13Z Send 國際股市==>  Program END 

Create log file
2016-06-29 19:02:34Z Send 國際股市==>  Program Start
2016-06-29 19:02:34Z Send 國際股市==>  Program END 

Create log file
2016-06-29 19:02:57Z Send 國際股市==>  Program Start
2016-06-29 19:02:57Z Send 國際股市==>  Program END 

Create log file
2016-06-29 19:19:21Z Send 國際股市==>  Program Start
2016-06-29 19:19:21Z Send 國際股市==>  Program END 

Create log file
2016-06-29 19:19:48Z Send 國際股市==>  Program Start
2016-06-29 19:19:48Z Send 國際股市==>  Program END 

Create log file
2016-06-29 19:20:12Z Send 國際股市==>  Program Start
2016-06-29 19:20:12Z Send 國際股市==>  Program END 

Create log file
2016-06-29 19:20:21Z Send 國際股市==>  Program Start
2016-06-29 19:20:21Z Send 國際股市==>  Program END 

Create log file
2016-06-29 19:20:33Z Send 國際股市==>  Program Start
2016-06-29 19:20:33Z Send 國際股市==>  Program END 

Create log file
2016-06-29 19:20:47Z Send 國際股市==>  Program Start
2016-06-29 19:20:47Z Send 國際股市==>  Program END 

Create log file
2016-06-29 19:20:54Z Send 國際股市==>  Program Start
2016-06-29 19:20:54Z Send 國際股市==>  Program END 

Create log file
2016-06-29 19:21:10Z Send 國際股市==>  Program Start
2016-06-29 19:21:10Z Send 國際股市==>  Program END 

Create log file
2016-06-29 19:21:16Z Send 國際股市==>  Program Start
2016-06-29 19:21:16Z Send 國際股市==>  Program END 

Create log file
2016-06-29 19:21:32Z Send 國際股市==>  Program Start
2016-06-29 19:21:32Z Send 國際股市==>  Program END 

Create log file
2016-06-29 19:21:52Z Send 國際股市==>  Program Start
2016-06-29 19:21:52Z Send 國際股市==>  Program END 

Create log file
2016-06-29 19:22:15Z Send 國際股市==>  Program Start
2016-06-29 19:22:15Z Send 國際股市==>  Program END 

Create log file
2016-06-29 20:01:02Z Send 國際股市==>  Program Start
2016-06-29 20:01:02Z Send 國際股市==>  Program END 

Create log file
2016-06-29 20:10:06Z stock_data_daily_create_file Program Start
2016-06-29 20:10:06Z stock_data_daily_create_file Program END 

Create log file
2016-06-29 20:20:07Z stock_data_insert_daily Program Start
2016-06-29 20:20:07Z stock_data_insert_daily Program END 

Create log file
2016-06-29 20:30:19Z Send 股市氣象台電子報-今日我最夯<==Strong_UP==>  Program Start
2016-06-29 20:30:19Z Send 股市氣象台電子報-今日我最夯<==Strong_UP==>  Program END 

Create log file
2016-06-29 21:01:01Z Send 國際股市==>  Program Start
2016-06-29 21:01:01Z Send 國際股市==>  Program END 

Create log file
2016-06-29 22:01:01Z Send 國際股市==>  Program Start
2016-06-29 22:01:01Z Send 國際股市==>  Program END 

Create log file
2016-06-29 22:01:39Z Send 國際股市==>  Program Start
2016-06-29 22:01:39Z Send 國際股市==>  Program END 

Create log file
2016-06-29 22:02:03Z Send 國際股市==>  Program Start
2016-06-29 22:02:03Z Send 國際股市==>  Program END 

Create log file
2016-06-29 23:01:02Z Send 國際股市==>  Program Start
2016-06-29 23:01:02Z Send 國際股市==>  Program END 

