Create log file
2016-05-12 00:01:01Z Send 國際股市==>  Program Start
2016-05-12 00:01:01Z Send 國際股市==>  Program END 

Create log file
2016-05-12 01:01:01Z Send 國際股市==>  Program Start
2016-05-12 01:01:01Z Send 國際股市==>  Program END 

Create log file
2016-05-12 08:01:02Z Send 國際股市==>  Program Start
2016-05-12 08:01:02Z Send 國際股市==>  Program END 

Create log file
2016-05-12 08:01:27Z Send 國際股市==>  Program Start
2016-05-12 08:01:27Z Send 國際股市==>  Program END 

Create log file
2016-05-12 08:01:50Z Send 國際股市==>  Program Start
2016-05-12 08:01:50Z Send 國際股市==>  Program END 

Create log file
2016-05-12 08:02:12Z Send 國際股市==>  Program Start
2016-05-12 08:02:12Z Send 國際股市==>  Program END 

Create log file
2016-05-12 08:46:05Z on time future report... Program Start
2016-05-12 08:46:05Z on time future report... Program END 

Create log file
2016-05-12 08:51:03Z on time future report... Program Start
2016-05-12 08:51:03Z on time future report... Program END 

Create log file
2016-05-12 08:56:05Z on time future report... Program Start
2016-05-12 08:56:05Z on time future report... Program END 

Create log file
2016-05-12 09:01:03Z Send 國際股市==>  Program Start
2016-05-12 09:01:03Z Send 國際股市==>  Program END 

Create log file
2016-05-12 09:01:04Z on time future report... Program Start
2016-05-12 09:01:04Z on time future report... Program END 

Create log file
2016-05-12 09:06:03Z on time future report... Program Start
2016-05-12 09:06:03Z on time future report... Program END 

Create log file
2016-05-12 09:11:03Z on time future report... Program Start
2016-05-12 09:11:03Z on time future report... Program END 

Create log file
2016-05-12 09:16:05Z on time future report... Program Start
2016-05-12 09:16:05Z on time future report... Program END 

Create log file
2016-05-12 09:21:03Z on time future report... Program Start
2016-05-12 09:21:03Z on time future report... Program END 

Create log file
2016-05-12 09:26:03Z on time future report... Program Start
2016-05-12 09:26:03Z on time future report... Program END 

Create log file
2016-05-12 09:31:03Z on time future report... Program Start
2016-05-12 09:31:03Z on time future report... Program END 

Create log file
2016-05-12 09:36:04Z on time future report... Program Start
2016-05-12 09:36:04Z on time future report... Program END 

Create log file
2016-05-12 09:41:03Z on time future report... Program Start
2016-05-12 09:41:03Z on time future report... Program END 

Create log file
2016-05-12 09:46:05Z on time future report... Program Start
2016-05-12 09:46:05Z on time future report... Program END 

Create log file
2016-05-12 09:51:05Z on time future report... Program Start
2016-05-12 09:51:05Z on time future report... Program END 

Create log file
2016-05-12 09:56:06Z on time future report... Program Start
2016-05-12 09:56:06Z on time future report... Program END 

Create log file
2016-05-12 10:01:03Z Send 國際股市==>  Program Start
2016-05-12 10:01:03Z Send 國際股市==>  Program END 

Create log file
2016-05-12 10:06:03Z on time future report... Program Start
2016-05-12 10:06:03Z on time future report... Program END 

Create log file
2016-05-12 10:11:01Z on time future report... Program Start
2016-05-12 10:11:01Z on time future report... Program END 

Create log file
2016-05-12 10:16:02Z on time future report... Program Start
2016-05-12 10:16:02Z on time future report... Program END 

Create log file
2016-05-12 10:21:00Z on time future report... Program Start
2016-05-12 10:21:00Z on time future report... Program END 

Create log file
2016-05-12 10:26:01Z on time future report... Program Start
2016-05-12 10:26:01Z on time future report... Program END 

Create log file
2016-05-12 10:31:01Z on time future report... Program Start
2016-05-12 10:31:01Z on time future report... Program END 

Create log file
2016-05-12 10:36:01Z on time future report... Program Start
2016-05-12 10:36:01Z on time future report... Program END 

Create log file
2016-05-12 10:41:04Z on time future report... Program Start
2016-05-12 10:41:04Z on time future report... Program END 

Create log file
2016-05-12 10:46:01Z on time future report... Program Start
2016-05-12 10:46:01Z on time future report... Program END 

Create log file
2016-05-12 10:51:01Z on time future report... Program Start
2016-05-12 10:51:01Z on time future report... Program END 

Create log file
2016-05-12 10:56:00Z on time future report... Program Start
2016-05-12 10:56:00Z on time future report... Program END 

Create log file
2016-05-12 11:01:02Z on time future report... Program Start
2016-05-12 11:01:02Z on time future report... Program END 

Create log file
2016-05-12 11:01:04Z Send 國際股市==>  Program Start
2016-05-12 11:01:04Z Send 國際股市==>  Program END 

Create log file
2016-05-12 11:06:05Z on time future report... Program Start
2016-05-12 11:06:05Z on time future report... Program END 

Create log file
2016-05-12 11:11:02Z on time future report... Program Start
2016-05-12 11:11:02Z on time future report... Program END 

Create log file
2016-05-12 11:16:00Z on time future report... Program Start
2016-05-12 11:16:00Z on time future report... Program END 

Create log file
2016-05-12 11:21:01Z on time future report... Program Start
2016-05-12 11:21:01Z on time future report... Program END 

Create log file
2016-05-12 11:26:01Z on time future report... Program Start
2016-05-12 11:26:01Z on time future report... Program END 

Create log file
2016-05-12 11:31:01Z on time future report... Program Start
2016-05-12 11:31:01Z on time future report... Program END 

Create log file
2016-05-12 11:36:01Z on time future report... Program Start
2016-05-12 11:36:01Z on time future report... Program END 

Create log file
2016-05-12 11:41:00Z on time future report... Program Start
2016-05-12 11:41:00Z on time future report... Program END 

Create log file
2016-05-12 11:46:00Z on time future report... Program Start
2016-05-12 11:46:00Z on time future report... Program END 

Create log file
2016-05-12 11:51:00Z on time future report... Program Start
2016-05-12 11:51:00Z on time future report... Program END 

Create log file
2016-05-12 11:56:00Z on time future report... Program Start
2016-05-12 11:56:00Z on time future report... Program END 

Create log file
2016-05-12 12:01:02Z on time future report... Program Start
2016-05-12 12:01:02Z on time future report... Program END 

Create log file
2016-05-12 12:01:04Z Send 國際股市==>  Program Start
2016-05-12 12:01:04Z Send 國際股市==>  Program END 

Create log file
2016-05-12 12:06:01Z on time future report... Program Start
2016-05-12 12:06:01Z on time future report... Program END 

Create log file
2016-05-12 12:11:01Z on time future report... Program Start
2016-05-12 12:11:01Z on time future report... Program END 

Create log file
2016-05-12 12:16:00Z on time future report... Program Start
2016-05-12 12:16:00Z on time future report... Program END 

Create log file
2016-05-12 12:21:01Z on time future report... Program Start
2016-05-12 12:21:01Z on time future report... Program END 

Create log file
2016-05-12 12:26:01Z on time future report... Program Start
2016-05-12 12:26:01Z on time future report... Program END 

Create log file
2016-05-12 12:31:00Z on time future report... Program Start
2016-05-12 12:31:00Z on time future report... Program END 

Create log file
2016-05-12 12:36:02Z on time future report... Program Start
2016-05-12 12:36:02Z on time future report... Program END 

Create log file
2016-05-12 12:41:00Z on time future report... Program Start
2016-05-12 12:41:00Z on time future report... Program END 

Create log file
2016-05-12 12:46:01Z on time future report... Program Start
2016-05-12 12:46:01Z on time future report... Program END 

Create log file
2016-05-12 12:51:01Z on time future report... Program Start
2016-05-12 12:51:01Z on time future report... Program END 

Create log file
2016-05-12 12:56:03Z on time future report... Program Start
2016-05-12 12:56:03Z on time future report... Program END 

Create log file
2016-05-12 13:01:03Z on time future report... Program Start
2016-05-12 13:01:03Z on time future report... Program END 

Create log file
2016-05-12 13:01:03Z Send 國際股市==>  Program Start
2016-05-12 13:01:03Z Send 國際股市==>  Program END 

Create log file
2016-05-12 13:06:01Z on time future report... Program Start
2016-05-12 13:06:01Z on time future report... Program END 

Create log file
2016-05-12 13:11:01Z on time future report... Program Start
2016-05-12 13:11:01Z on time future report... Program END 

Create log file
2016-05-12 13:16:01Z on time future report... Program Start
2016-05-12 13:16:01Z on time future report... Program END 

Create log file
2016-05-12 13:21:00Z on time future report... Program Start
2016-05-12 13:21:00Z on time future report... Program END 

Create log file
2016-05-12 13:26:01Z on time future report... Program Start
2016-05-12 13:26:01Z on time future report... Program END 

Create log file
2016-05-12 13:31:00Z on time future report... Program Start
2016-05-12 13:31:00Z on time future report... Program END 

Create log file
2016-05-12 13:36:04Z on time future report... Program Start
2016-05-12 13:36:04Z on time future report... Program END 

Create log file
2016-05-12 13:41:01Z on time future report... Program Start
2016-05-12 13:41:01Z on time future report... Program END 

Create log file
2016-05-12 13:46:01Z on time future report... Program Start
2016-05-12 13:46:01Z on time future report... Program END 

Create log file
2016-05-12 14:01:02Z Send 國際股市==>  Program Start
2016-05-12 14:01:02Z Send 國際股市==>  Program END 

Create log file
2016-05-12 15:01:02Z Send 國際股市==>  Program Start
2016-05-12 15:01:02Z Send 國際股市==>  Program END 

Create log file
2016-05-12 15:50:16Z option_insert_daily Program Start
2016-05-12 15:50:16Z option_insert_daily Program END 

Create log file
2016-05-12 15:56:29Z Send Option_OIV_daily Program Start
2016-05-12 15:56:29Z Send Option_OIV_daily Program END 

Create log file
2016-05-12 16:01:02Z Send 國際股市==>  Program Start
2016-05-12 16:01:02Z Send 國際股市==>  Program END 

Create log file
2016-05-12 17:01:02Z Send 國際股市==>  Program Start
2016-05-12 17:01:02Z Send 國際股市==>  Program END 

Create log file
2016-05-12 18:01:02Z Send 國際股市==>  Program Start
2016-05-12 18:01:02Z Send 國際股市==>  Program END 

Create log file
2016-05-12 18:01:30Z Send 國際股市==>  Program Start
2016-05-12 18:01:30Z Send 國際股市==>  Program END 

Create log file
2016-05-12 18:01:53Z Send 國際股市==>  Program Start
2016-05-12 18:01:53Z Send 國際股市==>  Program END 

Create log file
2016-05-12 18:02:17Z Send 國際股市==>  Program Start
2016-05-12 18:02:17Z Send 國際股市==>  Program END 

Create log file
2016-05-12 18:02:42Z Send 國際股市==>  Program Start
2016-05-12 18:02:42Z Send 國際股市==>  Program END 

Create log file
2016-05-12 19:01:02Z Send 國際股市==>  Program Start
2016-05-12 19:01:02Z Send 國際股市==>  Program END 

Create log file
2016-05-12 19:01:29Z Send 國際股市==>  Program Start
2016-05-12 19:01:29Z Send 國際股市==>  Program END 

Create log file
2016-05-12 19:01:52Z Send 國際股市==>  Program Start
2016-05-12 19:01:52Z Send 國際股市==>  Program END 

Create log file
2016-05-12 19:02:14Z Send 國際股市==>  Program Start
2016-05-12 19:02:14Z Send 國際股市==>  Program END 

Create log file
2016-05-12 19:02:35Z Send 國際股市==>  Program Start
2016-05-12 19:02:35Z Send 國際股市==>  Program END 

Create log file
2016-05-12 20:01:02Z Send 國際股市==>  Program Start
2016-05-12 20:01:02Z Send 國際股市==>  Program END 

Create log file
2016-05-12 20:10:02Z stock_data_daily_create_file Program Start
2016-05-12 20:10:02Z stock_data_daily_create_file Program END 

Create log file
2016-05-12 20:20:02Z stock_data_insert_daily Program Start
2016-05-12 20:20:02Z stock_data_insert_daily Program END 

Create log file
2016-05-12 20:30:08Z Send 股市氣象台電子報-今日我最夯<==Strong_UP==>  Program Start
2016-05-12 20:30:08Z Send 股市氣象台電子報-今日我最夯<==Strong_UP==>  Program END 

Create log file
2016-05-12 20:40:56Z Query Stock_id is 2345 Program Start
2016-05-12 20:40:56Z Query Stock_id is 2345 Program END 

Create log file
2016-05-12 20:40:56Z Query Stock_id is 3474 Program Start
2016-05-12 20:40:56Z Query Stock_id is 3474 Program END 

Create log file
2016-05-12 20:40:56Z Query Stock_id is 2383 Program Start
2016-05-12 20:40:56Z Query Stock_id is 2383 Program END 

Create log file
2016-05-12 20:40:57Z Query Stock_id is 3596 Program Start
2016-05-12 20:40:57Z Query Stock_id is 3596 Program END 

Create log file
2016-05-12 20:40:57Z Query Stock_id is 2345 Program Start
2016-05-12 20:40:57Z Query Stock_id is 2345 Program END 

Create log file
2016-05-12 20:40:57Z Query Stock_id is 3596 Program Start
2016-05-12 20:40:57Z Query Stock_id is 3596 Program END 

Create log file
2016-05-12 20:40:57Z Query Stock_id is 2449 Program Start
2016-05-12 20:40:57Z Query Stock_id is 2449 Program END 

Create log file
2016-05-12 20:40:57Z Query Stock_id is 3474 Program Start
2016-05-12 20:40:57Z Query Stock_id is 3474 Program END 

Create log file
2016-05-12 21:01:01Z Send 國際股市==>  Program Start
2016-05-12 21:01:01Z Send 國際股市==>  Program END 

Create log file
2016-05-12 22:01:01Z Send 國際股市==>  Program Start
2016-05-12 22:01:01Z Send 國際股市==>  Program END 

Create log file
2016-05-12 22:01:26Z Send 國際股市==>  Program Start
2016-05-12 22:01:26Z Send 國際股市==>  Program END 

Create log file
2016-05-12 22:01:48Z Send 國際股市==>  Program Start
2016-05-12 22:01:48Z Send 國際股市==>  Program END 

Create log file
2016-05-12 23:01:01Z Send 國際股市==>  Program Start
2016-05-12 23:01:01Z Send 國際股市==>  Program END 

