Create log file
2016-03-18 00:01:01Z Send 國際股市==>  Program Start
2016-03-18 00:01:01Z Send 國際股市==>  Program END 

Create log file
2016-03-18 00:02:30Z Query Stock_id is 2356 Program Start
2016-03-18 00:02:30Z Query Stock_id is 2356 Program END 

Create log file
2016-03-18 00:02:30Z Query Stock_id is 2330 Program Start
2016-03-18 00:02:30Z Query Stock_id is 2330 Program END 

Create log file
2016-03-18 00:02:30Z Query Stock_id is 2891 Program Start
2016-03-18 00:02:30Z Query Stock_id is 2891 Program END 

Create log file
2016-03-18 00:02:31Z Query Stock_id is 2883 Program Start
2016-03-18 00:02:31Z Query Stock_id is 2883 Program END 

Create log file
2016-03-18 00:02:31Z Query Stock_id is 2002 Program Start
2016-03-18 00:02:31Z Query Stock_id is 2002 Program END 

Create log file
2016-03-18 00:02:31Z Query Stock_id is 2888 Program Start
2016-03-18 00:02:31Z Query Stock_id is 2888 Program END 

Create log file
2016-03-18 00:02:31Z Query Stock_id is 1216 Program Start
2016-03-18 00:02:31Z Query Stock_id is 1216 Program END 

Create log file
2016-03-18 00:02:31Z Query Stock_id is 2892 Program Start
2016-03-18 00:02:31Z Query Stock_id is 2892 Program END 

Create log file
2016-03-18 00:02:31Z Query Stock_id is 2880 Program Start
2016-03-18 00:02:31Z Query Stock_id is 2880 Program END 

Create log file
2016-03-18 00:02:32Z Query Stock_id is 5880 Program Start
2016-03-18 00:02:32Z Query Stock_id is 5880 Program END 

Create log file
2016-03-18 00:02:32Z Query Stock_id is 2886 Program Start
2016-03-18 00:02:32Z Query Stock_id is 2886 Program END 

Create log file
2016-03-18 00:02:32Z Query Stock_id is 2382 Program Start
2016-03-18 00:02:32Z Query Stock_id is 2382 Program END 

Create log file
2016-03-18 00:02:32Z Query Stock_id is 3045 Program Start
2016-03-18 00:02:32Z Query Stock_id is 3045 Program END 

Create log file
2016-03-18 00:02:32Z Query Stock_id is 2303 Program Start
2016-03-18 00:02:32Z Query Stock_id is 2303 Program END 

Create log file
2016-03-18 00:02:32Z Query Stock_id is 1101 Program Start
2016-03-18 00:02:32Z Query Stock_id is 1101 Program END 

Create log file
2016-03-18 00:02:33Z Query Stock_id is 4938 Program Start
2016-03-18 00:02:33Z Query Stock_id is 4938 Program END 

Create log file
2016-03-18 00:02:33Z Query Stock_id is 2347 Program Start
2016-03-18 00:02:33Z Query Stock_id is 2347 Program END 

Create log file
2016-03-18 00:02:33Z Query Stock_id is 3474 Program Start
2016-03-18 00:02:33Z Query Stock_id is 3474 Program END 

Create log file
2016-03-18 00:02:33Z Query Stock_id is 2887 Program Start
2016-03-18 00:02:33Z Query Stock_id is 2887 Program END 

Create log file
2016-03-18 00:02:33Z Query Stock_id is 2317 Program Start
2016-03-18 00:02:33Z Query Stock_id is 2317 Program END 

Create log file
2016-03-18 00:02:33Z Query Stock_id is 1605 Program Start
2016-03-18 00:02:33Z Query Stock_id is 1605 Program END 

Create log file
2016-03-18 00:02:33Z Query Stock_id is 3231 Program Start
2016-03-18 00:02:33Z Query Stock_id is 3231 Program END 

Create log file
2016-03-18 00:02:34Z Query Stock_id is 6282 Program Start
2016-03-18 00:02:34Z Query Stock_id is 6282 Program END 

Create log file
2016-03-18 00:02:34Z Query Stock_id is 2409 Program Start
2016-03-18 00:02:34Z Query Stock_id is 2409 Program END 

Create log file
2016-03-18 01:01:09Z Send 國際股市==>  Program Start
2016-03-18 01:01:09Z Send 國際股市==>  Program END 

Create log file
2016-03-18 08:01:04Z Send 國際股市==>  Program Start
2016-03-18 08:01:04Z Send 國際股市==>  Program END 

Create log file
2016-03-18 08:01:31Z Send 國際股市==>  Program Start
2016-03-18 08:01:31Z Send 國際股市==>  Program END 

Create log file
2016-03-18 08:01:53Z Send 國際股市==>  Program Start
2016-03-18 08:01:53Z Send 國際股市==>  Program END 

Create log file
2016-03-18 08:46:04Z on time future report... Program Start
2016-03-18 08:46:04Z on time future report... Program END 

Create log file
2016-03-18 08:51:04Z on time future report... Program Start
2016-03-18 08:51:04Z on time future report... Program END 

Create log file
2016-03-18 08:56:03Z on time future report... Program Start
2016-03-18 08:56:03Z on time future report... Program END 

Create log file
2016-03-18 09:01:04Z Send 國際股市==>  Program Start
2016-03-18 09:01:04Z Send 國際股市==>  Program END 

Create log file
2016-03-18 09:01:08Z on time future report... Program Start
2016-03-18 09:01:08Z on time future report... Program END 

Create log file
2016-03-18 09:06:04Z on time future report... Program Start
2016-03-18 09:06:04Z on time future report... Program END 

Create log file
2016-03-18 09:11:03Z on time future report... Program Start
2016-03-18 09:11:03Z on time future report... Program END 

Create log file
2016-03-18 09:21:03Z on time future report... Program Start
2016-03-18 09:21:03Z on time future report... Program END 

Create log file
2016-03-18 09:26:02Z on time future report... Program Start
2016-03-18 09:26:02Z on time future report... Program END 

Create log file
2016-03-18 09:31:01Z on time future report... Program Start
2016-03-18 09:31:01Z on time future report... Program END 

Create log file
2016-03-18 09:36:02Z on time future report... Program Start
2016-03-18 09:36:02Z on time future report... Program END 

Create log file
2016-03-18 09:41:01Z on time future report... Program Start
2016-03-18 09:41:01Z on time future report... Program END 

Create log file
2016-03-18 09:46:01Z on time future report... Program Start
2016-03-18 09:46:01Z on time future report... Program END 

Create log file
2016-03-18 09:51:01Z on time future report... Program Start
2016-03-18 09:51:01Z on time future report... Program END 

Create log file
2016-03-18 09:56:01Z on time future report... Program Start
2016-03-18 09:56:01Z on time future report... Program END 

Create log file
2016-03-18 10:01:02Z on time future report... Program Start
2016-03-18 10:01:02Z on time future report... Program END 

Create log file
2016-03-18 10:01:05Z Send 國際股市==>  Program Start
2016-03-18 10:01:05Z Send 國際股市==>  Program END 

Create log file
2016-03-18 10:06:01Z on time future report... Program Start
2016-03-18 10:06:01Z on time future report... Program END 

Create log file
2016-03-18 10:11:04Z on time future report... Program Start
2016-03-18 10:11:04Z on time future report... Program END 

Create log file
2016-03-18 10:16:02Z on time future report... Program Start
2016-03-18 10:16:02Z on time future report... Program END 

Create log file
2016-03-18 10:21:01Z on time future report... Program Start
2016-03-18 10:21:01Z on time future report... Program END 

Create log file
2016-03-18 10:31:01Z on time future report... Program Start
2016-03-18 10:31:01Z on time future report... Program END 

Create log file
2016-03-18 10:36:01Z on time future report... Program Start
2016-03-18 10:36:01Z on time future report... Program END 

Create log file
2016-03-18 10:41:05Z on time future report... Program Start
2016-03-18 10:41:05Z on time future report... Program END 

Create log file
2016-03-18 10:46:05Z on time future report... Program Start
2016-03-18 10:46:05Z on time future report... Program END 

Create log file
2016-03-18 10:51:01Z on time future report... Program Start
2016-03-18 10:51:01Z on time future report... Program END 

Create log file
2016-03-18 10:56:01Z on time future report... Program Start
2016-03-18 10:56:01Z on time future report... Program END 

Create log file
2016-03-18 11:01:02Z on time future report... Program Start
2016-03-18 11:01:02Z on time future report... Program END 

Create log file
2016-03-18 11:01:05Z Send 國際股市==>  Program Start
2016-03-18 11:01:05Z Send 國際股市==>  Program END 

Create log file
2016-03-18 11:06:04Z on time future report... Program Start
2016-03-18 11:06:04Z on time future report... Program END 

Create log file
2016-03-18 11:11:01Z on time future report... Program Start
2016-03-18 11:11:01Z on time future report... Program END 

Create log file
2016-03-18 11:16:01Z on time future report... Program Start
2016-03-18 11:16:01Z on time future report... Program END 

Create log file
2016-03-18 11:21:01Z on time future report... Program Start
2016-03-18 11:21:01Z on time future report... Program END 

Create log file
2016-03-18 11:26:01Z on time future report... Program Start
2016-03-18 11:26:01Z on time future report... Program END 

Create log file
2016-03-18 11:31:01Z on time future report... Program Start
2016-03-18 11:31:01Z on time future report... Program END 

Create log file
2016-03-18 11:36:01Z on time future report... Program Start
2016-03-18 11:36:01Z on time future report... Program END 

Create log file
2016-03-18 11:41:01Z on time future report... Program Start
2016-03-18 11:41:01Z on time future report... Program END 

Create log file
2016-03-18 11:46:03Z on time future report... Program Start
2016-03-18 11:46:03Z on time future report... Program END 

Create log file
2016-03-18 11:51:01Z on time future report... Program Start
2016-03-18 11:51:01Z on time future report... Program END 

Create log file
2016-03-18 11:56:01Z on time future report... Program Start
2016-03-18 11:56:01Z on time future report... Program END 

Create log file
2016-03-18 12:01:02Z on time future report... Program Start
2016-03-18 12:01:02Z on time future report... Program END 

Create log file
2016-03-18 12:01:04Z Send 國際股市==>  Program Start
2016-03-18 12:01:04Z Send 國際股市==>  Program END 

Create log file
2016-03-18 12:06:01Z on time future report... Program Start
2016-03-18 12:06:01Z on time future report... Program END 

Create log file
2016-03-18 12:11:01Z on time future report... Program Start
2016-03-18 12:11:01Z on time future report... Program END 

Create log file
2016-03-18 12:16:01Z on time future report... Program Start
2016-03-18 12:16:01Z on time future report... Program END 

Create log file
2016-03-18 12:21:01Z on time future report... Program Start
2016-03-18 12:21:01Z on time future report... Program END 

Create log file
2016-03-18 12:26:01Z on time future report... Program Start
2016-03-18 12:26:01Z on time future report... Program END 

Create log file
2016-03-18 12:31:01Z on time future report... Program Start
2016-03-18 12:31:01Z on time future report... Program END 

Create log file
2016-03-18 12:36:04Z on time future report... Program Start
2016-03-18 12:36:04Z on time future report... Program END 

Create log file
2016-03-18 12:41:01Z on time future report... Program Start
2016-03-18 12:41:01Z on time future report... Program END 

Create log file
2016-03-18 12:46:01Z on time future report... Program Start
2016-03-18 12:46:01Z on time future report... Program END 

Create log file
2016-03-18 12:51:02Z on time future report... Program Start
2016-03-18 12:51:02Z on time future report... Program END 

Create log file
2016-03-18 12:56:04Z on time future report... Program Start
2016-03-18 12:56:04Z on time future report... Program END 

Create log file
2016-03-18 13:01:05Z Send 國際股市==>  Program Start
2016-03-18 13:01:05Z Send 國際股市==>  Program END 

Create log file
2016-03-18 13:01:05Z on time future report... Program Start
2016-03-18 13:01:05Z on time future report... Program END 

Create log file
2016-03-18 13:06:01Z on time future report... Program Start
2016-03-18 13:06:01Z on time future report... Program END 

Create log file
2016-03-18 13:11:05Z on time future report... Program Start
2016-03-18 13:11:05Z on time future report... Program END 

Create log file
2016-03-18 13:16:01Z on time future report... Program Start
2016-03-18 13:16:01Z on time future report... Program END 

Create log file
2016-03-18 13:21:01Z on time future report... Program Start
2016-03-18 13:21:01Z on time future report... Program END 

Create log file
2016-03-18 13:36:03Z on time future report... Program Start
2016-03-18 13:36:03Z on time future report... Program END 

Create log file
2016-03-18 13:41:01Z on time future report... Program Start
2016-03-18 13:41:01Z on time future report... Program END 

Create log file
2016-03-18 13:46:01Z on time future report... Program Start
2016-03-18 13:46:01Z on time future report... Program END 

Create log file
2016-03-18 14:01:03Z Send 國際股市==>  Program Start
2016-03-18 14:01:03Z Send 國際股市==>  Program END 

Create log file
2016-03-18 15:01:03Z Send 國際股市==>  Program Start
2016-03-18 15:01:03Z Send 國際股市==>  Program END 

Create log file
2016-03-18 15:50:18Z option_insert_daily Program Start
2016-03-18 15:50:18Z option_insert_daily Program END 

Create log file
2016-03-18 15:56:09Z Send Option_OIV_daily Program Start
2016-03-18 15:56:09Z Send Option_OIV_daily Program END 

Create log file
2016-03-18 16:01:03Z Send 國際股市==>  Program Start
2016-03-18 16:01:03Z Send 國際股市==>  Program END 

Create log file
2016-03-18 17:01:04Z Send 國際股市==>  Program Start
2016-03-18 17:01:04Z Send 國際股市==>  Program END 

Create log file
2016-03-18 18:01:01Z Send 國際股市==>  Program Start
2016-03-18 18:01:01Z Send 國際股市==>  Program END 

Create log file
2016-03-18 18:01:28Z Send 國際股市==>  Program Start
2016-03-18 18:01:28Z Send 國際股市==>  Program END 

Create log file
2016-03-18 18:01:49Z Send 國際股市==>  Program Start
2016-03-18 18:01:49Z Send 國際股市==>  Program END 

Create log file
2016-03-18 18:02:11Z Send 國際股市==>  Program Start
2016-03-18 18:02:11Z Send 國際股市==>  Program END 

Create log file
2016-03-18 18:02:34Z Send 國際股市==>  Program Start
2016-03-18 18:02:34Z Send 國際股市==>  Program END 

Create log file
2016-03-18 18:59:49Z Query Stock_id is 2356 Program Start
2016-03-18 18:59:49Z Query Stock_id is 2356 Program END 

Create log file
2016-03-18 18:59:49Z Query Stock_id is 2330 Program Start
2016-03-18 18:59:49Z Query Stock_id is 2330 Program END 

Create log file
2016-03-18 18:59:49Z Query Stock_id is 2891 Program Start
2016-03-18 18:59:49Z Query Stock_id is 2891 Program END 

Create log file
2016-03-18 18:59:49Z Query Stock_id is 2883 Program Start
2016-03-18 18:59:49Z Query Stock_id is 2883 Program END 

Create log file
2016-03-18 18:59:49Z Query Stock_id is 2002 Program Start
2016-03-18 18:59:49Z Query Stock_id is 2002 Program END 

Create log file
2016-03-18 18:59:49Z Query Stock_id is 2888 Program Start
2016-03-18 18:59:49Z Query Stock_id is 2888 Program END 

Create log file
2016-03-18 18:59:49Z Query Stock_id is 1216 Program Start
2016-03-18 18:59:49Z Query Stock_id is 1216 Program END 

Create log file
2016-03-18 18:59:50Z Query Stock_id is 2892 Program Start
2016-03-18 18:59:50Z Query Stock_id is 2892 Program END 

Create log file
2016-03-18 18:59:50Z Query Stock_id is 2880 Program Start
2016-03-18 18:59:50Z Query Stock_id is 2880 Program END 

Create log file
2016-03-18 18:59:50Z Query Stock_id is 5880 Program Start
2016-03-18 18:59:50Z Query Stock_id is 5880 Program END 

Create log file
2016-03-18 18:59:50Z Query Stock_id is 2886 Program Start
2016-03-18 18:59:50Z Query Stock_id is 2886 Program END 

Create log file
2016-03-18 18:59:50Z Query Stock_id is 2382 Program Start
2016-03-18 18:59:50Z Query Stock_id is 2382 Program END 

Create log file
2016-03-18 18:59:50Z Query Stock_id is 3045 Program Start
2016-03-18 18:59:50Z Query Stock_id is 3045 Program END 

Create log file
2016-03-18 18:59:51Z Query Stock_id is 2303 Program Start
2016-03-18 18:59:51Z Query Stock_id is 2303 Program END 

Create log file
2016-03-18 18:59:51Z Query Stock_id is 1101 Program Start
2016-03-18 18:59:51Z Query Stock_id is 1101 Program END 

Create log file
2016-03-18 18:59:51Z Query Stock_id is 4938 Program Start
2016-03-18 18:59:51Z Query Stock_id is 4938 Program END 

Create log file
2016-03-18 18:59:51Z Query Stock_id is 2347 Program Start
2016-03-18 18:59:51Z Query Stock_id is 2347 Program END 

Create log file
2016-03-18 18:59:51Z Query Stock_id is 3474 Program Start
2016-03-18 18:59:51Z Query Stock_id is 3474 Program END 

Create log file
2016-03-18 18:59:51Z Query Stock_id is 2887 Program Start
2016-03-18 18:59:51Z Query Stock_id is 2887 Program END 

Create log file
2016-03-18 18:59:52Z Query Stock_id is 2317 Program Start
2016-03-18 18:59:52Z Query Stock_id is 2317 Program END 

Create log file
2016-03-18 18:59:52Z Query Stock_id is 1605 Program Start
2016-03-18 18:59:52Z Query Stock_id is 1605 Program END 

Create log file
2016-03-18 18:59:52Z Query Stock_id is 3231 Program Start
2016-03-18 18:59:52Z Query Stock_id is 3231 Program END 

Create log file
2016-03-18 18:59:52Z Query Stock_id is 6282 Program Start
2016-03-18 18:59:52Z Query Stock_id is 6282 Program END 

Create log file
2016-03-18 18:59:52Z Query Stock_id is 2409 Program Start
2016-03-18 18:59:52Z Query Stock_id is 2409 Program END 

Create log file
2016-03-18 19:00:01Z Query Stock_id is 2356 Program Start
2016-03-18 19:00:01Z Query Stock_id is 2356 Program END 

Create log file
2016-03-18 19:00:01Z Query Stock_id is 2330 Program Start
2016-03-18 19:00:01Z Query Stock_id is 2330 Program END 

Create log file
2016-03-18 19:00:01Z Query Stock_id is 2891 Program Start
2016-03-18 19:00:01Z Query Stock_id is 2891 Program END 

Create log file
2016-03-18 19:00:02Z Query Stock_id is 2883 Program Start
2016-03-18 19:00:02Z Query Stock_id is 2883 Program END 

Create log file
2016-03-18 19:00:02Z Query Stock_id is 2002 Program Start
2016-03-18 19:00:02Z Query Stock_id is 2002 Program END 

Create log file
2016-03-18 19:00:02Z Query Stock_id is 2888 Program Start
2016-03-18 19:00:02Z Query Stock_id is 2888 Program END 

Create log file
2016-03-18 19:00:02Z Query Stock_id is 1216 Program Start
2016-03-18 19:00:02Z Query Stock_id is 1216 Program END 

Create log file
2016-03-18 19:00:02Z Query Stock_id is 2892 Program Start
2016-03-18 19:00:02Z Query Stock_id is 2892 Program END 

Create log file
2016-03-18 19:00:02Z Query Stock_id is 2880 Program Start
2016-03-18 19:00:02Z Query Stock_id is 2880 Program END 

Create log file
2016-03-18 19:00:02Z Query Stock_id is 5880 Program Start
2016-03-18 19:00:02Z Query Stock_id is 5880 Program END 

Create log file
2016-03-18 19:00:03Z Query Stock_id is 2886 Program Start
2016-03-18 19:00:03Z Query Stock_id is 2886 Program END 

Create log file
2016-03-18 19:00:03Z Query Stock_id is 2382 Program Start
2016-03-18 19:00:03Z Query Stock_id is 2382 Program END 

Create log file
2016-03-18 19:00:03Z Query Stock_id is 3045 Program Start
2016-03-18 19:00:03Z Query Stock_id is 3045 Program END 

Create log file
2016-03-18 19:00:03Z Query Stock_id is 2303 Program Start
2016-03-18 19:00:03Z Query Stock_id is 2303 Program END 

Create log file
2016-03-18 19:00:03Z Query Stock_id is 1101 Program Start
2016-03-18 19:00:03Z Query Stock_id is 1101 Program END 

Create log file
2016-03-18 19:00:03Z Query Stock_id is 4938 Program Start
2016-03-18 19:00:03Z Query Stock_id is 4938 Program END 

Create log file
2016-03-18 19:00:04Z Query Stock_id is 2347 Program Start
2016-03-18 19:00:04Z Query Stock_id is 2347 Program END 

Create log file
2016-03-18 19:00:04Z Query Stock_id is 3474 Program Start
2016-03-18 19:00:04Z Query Stock_id is 3474 Program END 

Create log file
2016-03-18 19:00:04Z Query Stock_id is 2887 Program Start
2016-03-18 19:00:04Z Query Stock_id is 2887 Program END 

Create log file
2016-03-18 19:00:04Z Query Stock_id is 2317 Program Start
2016-03-18 19:00:04Z Query Stock_id is 2317 Program END 

Create log file
2016-03-18 19:00:04Z Query Stock_id is 1605 Program Start
2016-03-18 19:00:04Z Query Stock_id is 1605 Program END 

Create log file
2016-03-18 19:00:04Z Query Stock_id is 3231 Program Start
2016-03-18 19:00:04Z Query Stock_id is 3231 Program END 

Create log file
2016-03-18 19:00:04Z Query Stock_id is 6282 Program Start
2016-03-18 19:00:04Z Query Stock_id is 6282 Program END 

Create log file
2016-03-18 19:00:05Z Query Stock_id is 2409 Program Start
2016-03-18 19:00:05Z Query Stock_id is 2409 Program END 

Create log file
2016-03-18 19:01:01Z Send 國際股市==>  Program Start
2016-03-18 19:01:01Z Send 國際股市==>  Program END 

Create log file
2016-03-18 19:01:28Z Send 國際股市==>  Program Start
2016-03-18 19:01:28Z Send 國際股市==>  Program END 

Create log file
2016-03-18 19:01:52Z Send 國際股市==>  Program Start
2016-03-18 19:01:52Z Send 國際股市==>  Program END 

Create log file
2016-03-18 20:01:01Z Send 國際股市==>  Program Start
2016-03-18 20:01:01Z Send 國際股市==>  Program END 

Create log file
2016-03-18 20:10:06Z stock_data_daily_create_file Program Start
2016-03-18 20:10:06Z stock_data_daily_create_file Program END 

Create log file
2016-03-18 20:20:12Z stock_data_insert_daily Program Start
2016-03-18 20:20:12Z stock_data_insert_daily Program END 

Create log file
2016-03-18 20:30:30Z Send 股市氣象台電子報-今日我最夯<==Strong_UP==>  Program Start
2016-03-18 20:30:30Z Send 股市氣象台電子報-今日我最夯<==Strong_UP==>  Program END 

Create log file
2016-03-18 20:40:56Z Query Stock_id is 3231 Program Start
2016-03-18 20:40:56Z Query Stock_id is 3231 Program END 

Create log file
2016-03-18 20:40:56Z Query Stock_id is 2317 Program Start
2016-03-18 20:40:56Z Query Stock_id is 2317 Program END 

Create log file
2016-03-18 20:40:56Z Query Stock_id is 2883 Program Start
2016-03-18 20:40:56Z Query Stock_id is 2883 Program END 

Create log file
2016-03-18 20:40:57Z Query Stock_id is 3481 Program Start
2016-03-18 20:40:57Z Query Stock_id is 3481 Program END 

Create log file
2016-03-18 20:40:57Z Query Stock_id is 1303 Program Start
2016-03-18 20:40:57Z Query Stock_id is 1303 Program END 

Create log file
2016-03-18 20:40:57Z Query Stock_id is 2330 Program Start
2016-03-18 20:40:57Z Query Stock_id is 2330 Program END 

Create log file
2016-03-18 20:40:57Z Query Stock_id is 1301 Program Start
2016-03-18 20:40:57Z Query Stock_id is 1301 Program END 

Create log file
2016-03-18 20:40:57Z Query Stock_id is 2002 Program Start
2016-03-18 20:40:57Z Query Stock_id is 2002 Program END 

Create log file
2016-03-18 20:40:57Z Query Stock_id is 2880 Program Start
2016-03-18 20:40:57Z Query Stock_id is 2880 Program END 

Create log file
2016-03-18 20:40:58Z Query Stock_id is 3682 Program Start
2016-03-18 20:40:58Z Query Stock_id is 3682 Program END 

Create log file
2016-03-18 20:40:58Z Query Stock_id is 3702 Program Start
2016-03-18 20:40:58Z Query Stock_id is 3702 Program END 

Create log file
2016-03-18 20:40:58Z Query Stock_id is 2379 Program Start
2016-03-18 20:40:58Z Query Stock_id is 2379 Program END 

Create log file
2016-03-18 20:40:58Z Query Stock_id is 2801 Program Start
2016-03-18 20:40:58Z Query Stock_id is 2801 Program END 

Create log file
2016-03-18 20:40:58Z Query Stock_id is 3474 Program Start
2016-03-18 20:40:58Z Query Stock_id is 3474 Program END 

Create log file
2016-03-18 20:40:58Z Query Stock_id is 2301 Program Start
2016-03-18 20:40:58Z Query Stock_id is 2301 Program END 

Create log file
2016-03-18 20:40:59Z Query Stock_id is 2303 Program Start
2016-03-18 20:40:59Z Query Stock_id is 2303 Program END 

Create log file
2016-03-18 20:40:59Z Query Stock_id is 9945 Program Start
2016-03-18 20:40:59Z Query Stock_id is 9945 Program END 

Create log file
2016-03-18 20:40:59Z Query Stock_id is 1504 Program Start
2016-03-18 20:40:59Z Query Stock_id is 1504 Program END 

Create log file
2016-03-18 20:40:59Z Query Stock_id is 2324 Program Start
2016-03-18 20:40:59Z Query Stock_id is 2324 Program END 

Create log file
2016-03-18 20:40:59Z Query Stock_id is 2356 Program Start
2016-03-18 20:40:59Z Query Stock_id is 2356 Program END 

Create log file
2016-03-18 20:40:59Z Query Stock_id is 2356 Program Start
2016-03-18 20:40:59Z Query Stock_id is 2356 Program END 

Create log file
2016-03-18 20:41:00Z Query Stock_id is 2330 Program Start
2016-03-18 20:41:00Z Query Stock_id is 2330 Program END 

Create log file
2016-03-18 20:41:00Z Query Stock_id is 2891 Program Start
2016-03-18 20:41:00Z Query Stock_id is 2891 Program END 

Create log file
2016-03-18 20:41:00Z Query Stock_id is 2883 Program Start
2016-03-18 20:41:00Z Query Stock_id is 2883 Program END 

Create log file
2016-03-18 20:41:00Z Query Stock_id is 2002 Program Start
2016-03-18 20:41:00Z Query Stock_id is 2002 Program END 

Create log file
2016-03-18 20:41:00Z Query Stock_id is 2888 Program Start
2016-03-18 20:41:00Z Query Stock_id is 2888 Program END 

Create log file
2016-03-18 20:41:00Z Query Stock_id is 1216 Program Start
2016-03-18 20:41:00Z Query Stock_id is 1216 Program END 

Create log file
2016-03-18 20:41:01Z Query Stock_id is 2892 Program Start
2016-03-18 20:41:01Z Query Stock_id is 2892 Program END 

Create log file
2016-03-18 20:41:01Z Query Stock_id is 2880 Program Start
2016-03-18 20:41:01Z Query Stock_id is 2880 Program END 

Create log file
2016-03-18 20:41:01Z Query Stock_id is 5880 Program Start
2016-03-18 20:41:01Z Query Stock_id is 5880 Program END 

Create log file
2016-03-18 20:41:01Z Query Stock_id is 2886 Program Start
2016-03-18 20:41:01Z Query Stock_id is 2886 Program END 

Create log file
2016-03-18 20:41:01Z Query Stock_id is 2382 Program Start
2016-03-18 20:41:01Z Query Stock_id is 2382 Program END 

Create log file
2016-03-18 20:41:01Z Query Stock_id is 3045 Program Start
2016-03-18 20:41:01Z Query Stock_id is 3045 Program END 

Create log file
2016-03-18 20:41:02Z Query Stock_id is 2303 Program Start
2016-03-18 20:41:02Z Query Stock_id is 2303 Program END 

Create log file
2016-03-18 20:41:02Z Query Stock_id is 1101 Program Start
2016-03-18 20:41:02Z Query Stock_id is 1101 Program END 

Create log file
2016-03-18 20:41:02Z Query Stock_id is 4938 Program Start
2016-03-18 20:41:02Z Query Stock_id is 4938 Program END 

Create log file
2016-03-18 20:41:02Z Query Stock_id is 2347 Program Start
2016-03-18 20:41:02Z Query Stock_id is 2347 Program END 

Create log file
2016-03-18 20:41:02Z Query Stock_id is 3474 Program Start
2016-03-18 20:41:02Z Query Stock_id is 3474 Program END 

Create log file
2016-03-18 20:41:02Z Query Stock_id is 2887 Program Start
2016-03-18 20:41:02Z Query Stock_id is 2887 Program END 

Create log file
2016-03-18 20:41:03Z Query Stock_id is 2317 Program Start
2016-03-18 20:41:03Z Query Stock_id is 2317 Program END 

Create log file
2016-03-18 20:41:03Z Query Stock_id is 1605 Program Start
2016-03-18 20:41:03Z Query Stock_id is 1605 Program END 

Create log file
2016-03-18 20:41:03Z Query Stock_id is 3231 Program Start
2016-03-18 20:41:03Z Query Stock_id is 3231 Program END 

Create log file
2016-03-18 20:41:03Z Query Stock_id is 6282 Program Start
2016-03-18 20:41:03Z Query Stock_id is 6282 Program END 

Create log file
2016-03-18 20:41:03Z Query Stock_id is 2409 Program Start
2016-03-18 20:41:03Z Query Stock_id is 2409 Program END 

Create log file
2016-03-18 20:41:14Z Query Stock_id is 3231 Program Start
2016-03-18 20:41:14Z Query Stock_id is 3231 Program END 

Create log file
2016-03-18 20:41:15Z Query Stock_id is 2317 Program Start
2016-03-18 20:41:15Z Query Stock_id is 2317 Program END 

Create log file
2016-03-18 20:41:15Z Query Stock_id is 2883 Program Start
2016-03-18 20:41:15Z Query Stock_id is 2883 Program END 

Create log file
2016-03-18 20:41:15Z Query Stock_id is 3481 Program Start
2016-03-18 20:41:15Z Query Stock_id is 3481 Program END 

Create log file
2016-03-18 20:41:15Z Query Stock_id is 1303 Program Start
2016-03-18 20:41:15Z Query Stock_id is 1303 Program END 

Create log file
2016-03-18 20:41:15Z Query Stock_id is 2330 Program Start
2016-03-18 20:41:15Z Query Stock_id is 2330 Program END 

Create log file
2016-03-18 20:41:15Z Query Stock_id is 1301 Program Start
2016-03-18 20:41:15Z Query Stock_id is 1301 Program END 

Create log file
2016-03-18 20:41:15Z Query Stock_id is 2002 Program Start
2016-03-18 20:41:15Z Query Stock_id is 2002 Program END 

Create log file
2016-03-18 20:41:16Z Query Stock_id is 2880 Program Start
2016-03-18 20:41:16Z Query Stock_id is 2880 Program END 

Create log file
2016-03-18 20:41:16Z Query Stock_id is 3682 Program Start
2016-03-18 20:41:16Z Query Stock_id is 3682 Program END 

Create log file
2016-03-18 20:41:16Z Query Stock_id is 3702 Program Start
2016-03-18 20:41:16Z Query Stock_id is 3702 Program END 

Create log file
2016-03-18 20:41:16Z Query Stock_id is 2379 Program Start
2016-03-18 20:41:16Z Query Stock_id is 2379 Program END 

Create log file
2016-03-18 20:41:16Z Query Stock_id is 2801 Program Start
2016-03-18 20:41:16Z Query Stock_id is 2801 Program END 

Create log file
2016-03-18 20:41:16Z Query Stock_id is 3474 Program Start
2016-03-18 20:41:16Z Query Stock_id is 3474 Program END 

Create log file
2016-03-18 20:41:17Z Query Stock_id is 2301 Program Start
2016-03-18 20:41:17Z Query Stock_id is 2301 Program END 

Create log file
2016-03-18 20:41:17Z Query Stock_id is 2303 Program Start
2016-03-18 20:41:17Z Query Stock_id is 2303 Program END 

Create log file
2016-03-18 20:41:17Z Query Stock_id is 9945 Program Start
2016-03-18 20:41:17Z Query Stock_id is 9945 Program END 

Create log file
2016-03-18 20:41:17Z Query Stock_id is 1504 Program Start
2016-03-18 20:41:17Z Query Stock_id is 1504 Program END 

Create log file
2016-03-18 20:41:17Z Query Stock_id is 2324 Program Start
2016-03-18 20:41:17Z Query Stock_id is 2324 Program END 

Create log file
2016-03-18 20:41:17Z Query Stock_id is 2356 Program Start
2016-03-18 20:41:17Z Query Stock_id is 2356 Program END 

Create log file
2016-03-18 20:41:18Z Query Stock_id is 2356 Program Start
2016-03-18 20:41:18Z Query Stock_id is 2356 Program END 

Create log file
2016-03-18 20:41:18Z Query Stock_id is 2330 Program Start
2016-03-18 20:41:18Z Query Stock_id is 2330 Program END 

Create log file
2016-03-18 20:41:18Z Query Stock_id is 2891 Program Start
2016-03-18 20:41:18Z Query Stock_id is 2891 Program END 

Create log file
2016-03-18 20:41:18Z Query Stock_id is 2883 Program Start
2016-03-18 20:41:18Z Query Stock_id is 2883 Program END 

Create log file
2016-03-18 20:41:18Z Query Stock_id is 2002 Program Start
2016-03-18 20:41:18Z Query Stock_id is 2002 Program END 

Create log file
2016-03-18 20:41:18Z Query Stock_id is 2888 Program Start
2016-03-18 20:41:18Z Query Stock_id is 2888 Program END 

Create log file
2016-03-18 20:41:19Z Query Stock_id is 1216 Program Start
2016-03-18 20:41:19Z Query Stock_id is 1216 Program END 

Create log file
2016-03-18 20:41:19Z Query Stock_id is 2892 Program Start
2016-03-18 20:41:19Z Query Stock_id is 2892 Program END 

Create log file
2016-03-18 20:41:19Z Query Stock_id is 2880 Program Start
2016-03-18 20:41:19Z Query Stock_id is 2880 Program END 

Create log file
2016-03-18 20:41:19Z Query Stock_id is 5880 Program Start
2016-03-18 20:41:19Z Query Stock_id is 5880 Program END 

Create log file
2016-03-18 20:41:19Z Query Stock_id is 2886 Program Start
2016-03-18 20:41:19Z Query Stock_id is 2886 Program END 

Create log file
2016-03-18 20:41:19Z Query Stock_id is 2382 Program Start
2016-03-18 20:41:19Z Query Stock_id is 2382 Program END 

Create log file
2016-03-18 20:41:20Z Query Stock_id is 3045 Program Start
2016-03-18 20:41:20Z Query Stock_id is 3045 Program END 

Create log file
2016-03-18 20:41:20Z Query Stock_id is 2303 Program Start
2016-03-18 20:41:20Z Query Stock_id is 2303 Program END 

Create log file
2016-03-18 20:41:20Z Query Stock_id is 1101 Program Start
2016-03-18 20:41:20Z Query Stock_id is 1101 Program END 

Create log file
2016-03-18 20:41:20Z Query Stock_id is 4938 Program Start
2016-03-18 20:41:20Z Query Stock_id is 4938 Program END 

Create log file
2016-03-18 20:41:20Z Query Stock_id is 2347 Program Start
2016-03-18 20:41:20Z Query Stock_id is 2347 Program END 

Create log file
2016-03-18 20:41:20Z Query Stock_id is 3474 Program Start
2016-03-18 20:41:20Z Query Stock_id is 3474 Program END 

Create log file
2016-03-18 20:41:20Z Query Stock_id is 2887 Program Start
2016-03-18 20:41:20Z Query Stock_id is 2887 Program END 

Create log file
2016-03-18 20:41:21Z Query Stock_id is 2317 Program Start
2016-03-18 20:41:21Z Query Stock_id is 2317 Program END 

Create log file
2016-03-18 20:41:21Z Query Stock_id is 1605 Program Start
2016-03-18 20:41:21Z Query Stock_id is 1605 Program END 

Create log file
2016-03-18 20:41:21Z Query Stock_id is 3231 Program Start
2016-03-18 20:41:21Z Query Stock_id is 3231 Program END 

Create log file
2016-03-18 20:41:21Z Query Stock_id is 6282 Program Start
2016-03-18 20:41:21Z Query Stock_id is 6282 Program END 

Create log file
2016-03-18 20:41:21Z Query Stock_id is 2409 Program Start
2016-03-18 20:41:21Z Query Stock_id is 2409 Program END 

Create log file
2016-03-18 21:01:01Z Send 國際股市==>  Program Start
2016-03-18 21:01:01Z Send 國際股市==>  Program END 

Create log file
2016-03-18 21:48:47Z Send 國際股市==>  Program Start
2016-03-18 21:48:47Z Send 國際股市==>  Program END 

Create log file
2016-03-18 21:54:23Z Query Stock_id is 3231 Program Start
2016-03-18 21:54:23Z Query Stock_id is 3231 Program END 

Create log file
2016-03-18 21:54:23Z Query Stock_id is 2317 Program Start
2016-03-18 21:54:23Z Query Stock_id is 2317 Program END 

Create log file
2016-03-18 21:54:23Z Query Stock_id is 2883 Program Start
2016-03-18 21:54:23Z Query Stock_id is 2883 Program END 

Create log file
2016-03-18 21:54:23Z Query Stock_id is 3481 Program Start
2016-03-18 21:54:23Z Query Stock_id is 3481 Program END 

Create log file
2016-03-18 21:54:23Z Query Stock_id is 1303 Program Start
2016-03-18 21:54:23Z Query Stock_id is 1303 Program END 

Create log file
2016-03-18 21:54:23Z Query Stock_id is 2330 Program Start
2016-03-18 21:54:23Z Query Stock_id is 2330 Program END 

Create log file
2016-03-18 21:54:24Z Query Stock_id is 1301 Program Start
2016-03-18 21:54:24Z Query Stock_id is 1301 Program END 

Create log file
2016-03-18 21:54:24Z Query Stock_id is 2002 Program Start
2016-03-18 21:54:24Z Query Stock_id is 2002 Program END 

Create log file
2016-03-18 21:54:24Z Query Stock_id is 2880 Program Start
2016-03-18 21:54:24Z Query Stock_id is 2880 Program END 

Create log file
2016-03-18 21:54:24Z Query Stock_id is 3682 Program Start
2016-03-18 21:54:24Z Query Stock_id is 3682 Program END 

Create log file
2016-03-18 21:54:24Z Query Stock_id is 3702 Program Start
2016-03-18 21:54:24Z Query Stock_id is 3702 Program END 

Create log file
2016-03-18 21:54:24Z Query Stock_id is 2379 Program Start
2016-03-18 21:54:24Z Query Stock_id is 2379 Program END 

Create log file
2016-03-18 21:54:24Z Query Stock_id is 2801 Program Start
2016-03-18 21:54:24Z Query Stock_id is 2801 Program END 

Create log file
2016-03-18 21:54:25Z Query Stock_id is 3474 Program Start
2016-03-18 21:54:25Z Query Stock_id is 3474 Program END 

Create log file
2016-03-18 21:54:25Z Query Stock_id is 2301 Program Start
2016-03-18 21:54:25Z Query Stock_id is 2301 Program END 

Create log file
2016-03-18 21:54:25Z Query Stock_id is 2303 Program Start
2016-03-18 21:54:25Z Query Stock_id is 2303 Program END 

Create log file
2016-03-18 21:54:25Z Query Stock_id is 9945 Program Start
2016-03-18 21:54:25Z Query Stock_id is 9945 Program END 

Create log file
2016-03-18 21:54:25Z Query Stock_id is 1504 Program Start
2016-03-18 21:54:25Z Query Stock_id is 1504 Program END 

Create log file
2016-03-18 21:54:25Z Query Stock_id is 2324 Program Start
2016-03-18 21:54:25Z Query Stock_id is 2324 Program END 

Create log file
2016-03-18 21:54:25Z Query Stock_id is 2356 Program Start
2016-03-18 21:54:25Z Query Stock_id is 2356 Program END 

Create log file
2016-03-18 21:54:25Z Query Stock_id is 2356 Program Start
2016-03-18 21:54:25Z Query Stock_id is 2356 Program END 

Create log file
2016-03-18 21:54:26Z Query Stock_id is 2330 Program Start
2016-03-18 21:54:26Z Query Stock_id is 2330 Program END 

Create log file
2016-03-18 21:54:26Z Query Stock_id is 2891 Program Start
2016-03-18 21:54:26Z Query Stock_id is 2891 Program END 

Create log file
2016-03-18 21:54:26Z Query Stock_id is 2883 Program Start
2016-03-18 21:54:26Z Query Stock_id is 2883 Program END 

Create log file
2016-03-18 21:54:26Z Query Stock_id is 2002 Program Start
2016-03-18 21:54:26Z Query Stock_id is 2002 Program END 

Create log file
2016-03-18 21:54:26Z Query Stock_id is 2888 Program Start
2016-03-18 21:54:26Z Query Stock_id is 2888 Program END 

Create log file
2016-03-18 21:54:26Z Query Stock_id is 1216 Program Start
2016-03-18 21:54:26Z Query Stock_id is 1216 Program END 

Create log file
2016-03-18 21:54:26Z Query Stock_id is 2892 Program Start
2016-03-18 21:54:26Z Query Stock_id is 2892 Program END 

Create log file
2016-03-18 21:54:27Z Query Stock_id is 2880 Program Start
2016-03-18 21:54:27Z Query Stock_id is 2880 Program END 

Create log file
2016-03-18 21:54:27Z Query Stock_id is 5880 Program Start
2016-03-18 21:54:27Z Query Stock_id is 5880 Program END 

Create log file
2016-03-18 21:54:27Z Query Stock_id is 2886 Program Start
2016-03-18 21:54:27Z Query Stock_id is 2886 Program END 

Create log file
2016-03-18 21:54:27Z Query Stock_id is 2382 Program Start
2016-03-18 21:54:27Z Query Stock_id is 2382 Program END 

Create log file
2016-03-18 21:54:27Z Query Stock_id is 3045 Program Start
2016-03-18 21:54:27Z Query Stock_id is 3045 Program END 

Create log file
2016-03-18 21:54:27Z Query Stock_id is 2303 Program Start
2016-03-18 21:54:27Z Query Stock_id is 2303 Program END 

Create log file
2016-03-18 21:54:27Z Query Stock_id is 1101 Program Start
2016-03-18 21:54:27Z Query Stock_id is 1101 Program END 

Create log file
2016-03-18 21:54:28Z Query Stock_id is 4938 Program Start
2016-03-18 21:54:28Z Query Stock_id is 4938 Program END 

Create log file
2016-03-18 21:54:28Z Query Stock_id is 2347 Program Start
2016-03-18 21:54:28Z Query Stock_id is 2347 Program END 

Create log file
2016-03-18 21:54:28Z Query Stock_id is 3474 Program Start
2016-03-18 21:54:28Z Query Stock_id is 3474 Program END 

Create log file
2016-03-18 21:54:28Z Query Stock_id is 2887 Program Start
2016-03-18 21:54:28Z Query Stock_id is 2887 Program END 

Create log file
2016-03-18 21:54:28Z Query Stock_id is 2317 Program Start
2016-03-18 21:54:28Z Query Stock_id is 2317 Program END 

Create log file
2016-03-18 21:54:28Z Query Stock_id is 1605 Program Start
2016-03-18 21:54:28Z Query Stock_id is 1605 Program END 

Create log file
2016-03-18 21:54:28Z Query Stock_id is 3231 Program Start
2016-03-18 21:54:28Z Query Stock_id is 3231 Program END 

Create log file
2016-03-18 21:54:29Z Query Stock_id is 6282 Program Start
2016-03-18 21:54:29Z Query Stock_id is 6282 Program END 

Create log file
2016-03-18 21:54:29Z Query Stock_id is 2409 Program Start
2016-03-18 21:54:29Z Query Stock_id is 2409 Program END 

Create log file
2016-03-18 22:01:02Z Send 國際股市==>  Program Start
2016-03-18 22:01:02Z Send 國際股市==>  Program END 

Create log file
2016-03-18 22:01:28Z Send 國際股市==>  Program Start
2016-03-18 22:01:28Z Send 國際股市==>  Program END 

Create log file
2016-03-18 22:01:51Z Send 國際股市==>  Program Start
2016-03-18 22:01:51Z Send 國際股市==>  Program END 

Create log file
2016-03-18 23:01:01Z Send 國際股市==>  Program Start
2016-03-18 23:01:01Z Send 國際股市==>  Program END 

