Create log file
2016-12-08 00:01:01Z Send 國際股市==>  Program Start
2016-12-08 00:01:01Z Send 國際股市==>  Program END 

Create log file
2016-12-08 01:01:01Z Send 國際股市==>  Program Start
2016-12-08 01:01:01Z Send 國際股市==>  Program END 

Create log file
2016-12-08 08:01:01Z Send 國際股市==>  Program Start
2016-12-08 08:01:01Z Send 國際股市==>  Program END 

Create log file
2016-12-08 08:01:22Z Send 國際股市==>  Program Start
2016-12-08 08:01:22Z Send 國際股市==>  Program END 

Create log file
2016-12-08 08:01:45Z Send 國際股市==>  Program Start
2016-12-08 08:01:45Z Send 國際股市==>  Program END 

Create log file
2016-12-08 08:46:04Z on time future report... Program Start
2016-12-08 08:46:04Z on time future report... Program END 

Create log file
2016-12-08 08:51:03Z on time future report... Program Start
2016-12-08 08:51:03Z on time future report... Program END 

Create log file
2016-12-08 08:56:03Z on time future report... Program Start
2016-12-08 08:56:03Z on time future report... Program END 

Create log file
2016-12-08 09:01:02Z Send 國際股市==>  Program Start
2016-12-08 09:01:02Z Send 國際股市==>  Program END 

Create log file
2016-12-08 09:01:04Z on time future report... Program Start
2016-12-08 09:01:04Z on time future report... Program END 

Create log file
2016-12-08 09:06:03Z on time future report... Program Start
2016-12-08 09:06:03Z on time future report... Program END 

Create log file
2016-12-08 09:11:03Z on time future report... Program Start
2016-12-08 09:11:03Z on time future report... Program END 

Create log file
2016-12-08 09:16:03Z on time future report... Program Start
2016-12-08 09:16:03Z on time future report... Program END 

Create log file
2016-12-08 09:21:03Z on time future report... Program Start
2016-12-08 09:21:03Z on time future report... Program END 

Create log file
2016-12-08 09:26:03Z on time future report... Program Start
2016-12-08 09:26:03Z on time future report... Program END 

Create log file
2016-12-08 09:31:03Z on time future report... Program Start
2016-12-08 09:31:03Z on time future report... Program END 

Create log file
2016-12-08 09:36:03Z on time future report... Program Start
2016-12-08 09:36:03Z on time future report... Program END 

Create log file
2016-12-08 09:41:06Z on time future report... Program Start
2016-12-08 09:41:06Z on time future report... Program END 

Create log file
2016-12-08 09:46:03Z on time future report... Program Start
2016-12-08 09:46:03Z on time future report... Program END 

Create log file
2016-12-08 09:51:03Z on time future report... Program Start
2016-12-08 09:51:03Z on time future report... Program END 

Create log file
2016-12-08 09:56:03Z on time future report... Program Start
2016-12-08 09:56:03Z on time future report... Program END 

Create log file
2016-12-08 10:01:02Z Send 國際股市==>  Program Start
2016-12-08 10:01:02Z Send 國際股市==>  Program END 

Create log file
2016-12-08 10:01:04Z on time future report... Program Start
2016-12-08 10:01:04Z on time future report... Program END 

Create log file
2016-12-08 10:06:03Z on time future report... Program Start
2016-12-08 10:06:03Z on time future report... Program END 

Create log file
2016-12-08 10:11:03Z on time future report... Program Start
2016-12-08 10:11:03Z on time future report... Program END 

Create log file
2016-12-08 10:16:03Z on time future report... Program Start
2016-12-08 10:16:03Z on time future report... Program END 

Create log file
2016-12-08 10:21:03Z on time future report... Program Start
2016-12-08 10:21:03Z on time future report... Program END 

Create log file
2016-12-08 10:26:04Z on time future report... Program Start
2016-12-08 10:26:04Z on time future report... Program END 

Create log file
2016-12-08 10:31:03Z on time future report... Program Start
2016-12-08 10:31:03Z on time future report... Program END 

Create log file
2016-12-08 10:36:03Z on time future report... Program Start
2016-12-08 10:36:03Z on time future report... Program END 

Create log file
2016-12-08 10:41:04Z on time future report... Program Start
2016-12-08 10:41:04Z on time future report... Program END 

Create log file
2016-12-08 10:46:03Z on time future report... Program Start
2016-12-08 10:46:03Z on time future report... Program END 

Create log file
2016-12-08 10:51:03Z on time future report... Program Start
2016-12-08 10:51:03Z on time future report... Program END 

Create log file
2016-12-08 10:56:03Z on time future report... Program Start
2016-12-08 10:56:03Z on time future report... Program END 

Create log file
2016-12-08 11:01:02Z Send 國際股市==>  Program Start
2016-12-08 11:01:02Z Send 國際股市==>  Program END 

Create log file
2016-12-08 11:01:04Z on time future report... Program Start
2016-12-08 11:01:04Z on time future report... Program END 

Create log file
2016-12-08 11:06:06Z on time future report... Program Start
2016-12-08 11:06:06Z on time future report... Program END 

Create log file
2016-12-08 11:11:03Z on time future report... Program Start
2016-12-08 11:11:03Z on time future report... Program END 

Create log file
2016-12-08 11:16:03Z on time future report... Program Start
2016-12-08 11:16:03Z on time future report... Program END 

Create log file
2016-12-08 11:21:04Z on time future report... Program Start
2016-12-08 11:21:04Z on time future report... Program END 

Create log file
2016-12-08 11:26:04Z on time future report... Program Start
2016-12-08 11:26:04Z on time future report... Program END 

Create log file
2016-12-08 11:31:03Z on time future report... Program Start
2016-12-08 11:31:03Z on time future report... Program END 

Create log file
2016-12-08 11:36:04Z on time future report... Program Start
2016-12-08 11:36:04Z on time future report... Program END 

Create log file
2016-12-08 11:41:03Z on time future report... Program Start
2016-12-08 11:41:03Z on time future report... Program END 

Create log file
2016-12-08 11:46:03Z on time future report... Program Start
2016-12-08 11:46:03Z on time future report... Program END 

Create log file
2016-12-08 11:51:06Z on time future report... Program Start
2016-12-08 11:51:06Z on time future report... Program END 

Create log file
2016-12-08 11:56:08Z on time future report... Program Start
2016-12-08 11:56:08Z on time future report... Program END 

Create log file
2016-12-08 12:01:03Z Send 國際股市==>  Program Start
2016-12-08 12:01:03Z Send 國際股市==>  Program END 

Create log file
2016-12-08 12:01:07Z on time future report... Program Start
2016-12-08 12:01:07Z on time future report... Program END 

Create log file
2016-12-08 12:06:03Z on time future report... Program Start
2016-12-08 12:06:03Z on time future report... Program END 

Create log file
2016-12-08 12:11:04Z on time future report... Program Start
2016-12-08 12:11:04Z on time future report... Program END 

Create log file
2016-12-08 12:16:03Z on time future report... Program Start
2016-12-08 12:16:03Z on time future report... Program END 

Create log file
2016-12-08 12:21:03Z on time future report... Program Start
2016-12-08 12:21:03Z on time future report... Program END 

Create log file
2016-12-08 12:26:03Z on time future report... Program Start
2016-12-08 12:26:03Z on time future report... Program END 

Create log file
2016-12-08 12:31:07Z on time future report... Program Start
2016-12-08 12:31:07Z on time future report... Program END 

Create log file
2016-12-08 12:36:03Z on time future report... Program Start
2016-12-08 12:36:03Z on time future report... Program END 

Create log file
2016-12-08 12:41:03Z on time future report... Program Start
2016-12-08 12:41:03Z on time future report... Program END 

Create log file
2016-12-08 12:46:06Z on time future report... Program Start
2016-12-08 12:46:06Z on time future report... Program END 

Create log file
2016-12-08 12:51:03Z on time future report... Program Start
2016-12-08 12:51:03Z on time future report... Program END 

Create log file
2016-12-08 12:56:03Z on time future report... Program Start
2016-12-08 12:56:03Z on time future report... Program END 

Create log file
2016-12-08 13:01:02Z Send 國際股市==>  Program Start
2016-12-08 13:01:02Z Send 國際股市==>  Program END 

Create log file
2016-12-08 13:01:04Z on time future report... Program Start
2016-12-08 13:01:04Z on time future report... Program END 

Create log file
2016-12-08 13:06:03Z on time future report... Program Start
2016-12-08 13:06:03Z on time future report... Program END 

Create log file
2016-12-08 13:11:03Z on time future report... Program Start
2016-12-08 13:11:03Z on time future report... Program END 

Create log file
2016-12-08 13:16:04Z on time future report... Program Start
2016-12-08 13:16:04Z on time future report... Program END 

Create log file
2016-12-08 13:21:05Z on time future report... Program Start
2016-12-08 13:21:05Z on time future report... Program END 

Create log file
2016-12-08 13:26:03Z on time future report... Program Start
2016-12-08 13:26:03Z on time future report... Program END 

Create log file
2016-12-08 13:31:03Z on time future report... Program Start
2016-12-08 13:31:03Z on time future report... Program END 

Create log file
2016-12-08 13:36:03Z on time future report... Program Start
2016-12-08 13:36:03Z on time future report... Program END 

Create log file
2016-12-08 13:41:03Z on time future report... Program Start
2016-12-08 13:41:03Z on time future report... Program END 

Create log file
2016-12-08 13:46:03Z on time future report... Program Start
2016-12-08 13:46:03Z on time future report... Program END 

Create log file
2016-12-08 14:01:01Z Send 國際股市==>  Program Start
2016-12-08 14:01:01Z Send 國際股市==>  Program END 

Create log file
2016-12-08 15:01:01Z Send 國際股市==>  Program Start
2016-12-08 15:01:01Z Send 國際股市==>  Program END 

Create log file
2016-12-08 15:50:16Z option_insert_daily Program Start
2016-12-08 15:50:16Z option_insert_daily Program END 

Create log file
2016-12-08 16:01:01Z Send 國際股市==>  Program Start
2016-12-08 16:01:01Z Send 國際股市==>  Program END 

Create log file
2016-12-08 17:01:01Z Send 國際股市==>  Program Start
2016-12-08 17:01:01Z Send 國際股市==>  Program END 

Create log file
2016-12-08 18:01:01Z Send 國際股市==>  Program Start
2016-12-08 18:01:01Z Send 國際股市==>  Program END 

Create log file
2016-12-08 18:01:28Z Send 國際股市==>  Program Start
2016-12-08 18:01:28Z Send 國際股市==>  Program END 

Create log file
2016-12-08 18:01:50Z Send 國際股市==>  Program Start
2016-12-08 18:01:50Z Send 國際股市==>  Program END 

Create log file
2016-12-08 18:02:12Z Send 國際股市==>  Program Start
2016-12-08 18:02:12Z Send 國際股市==>  Program END 

Create log file
2016-12-08 18:02:37Z Send 國際股市==>  Program Start
2016-12-08 18:02:37Z Send 國際股市==>  Program END 

Create log file
2016-12-08 19:01:01Z Send 國際股市==>  Program Start
2016-12-08 19:01:01Z Send 國際股市==>  Program END 

Create log file
2016-12-08 19:01:26Z Send 國際股市==>  Program Start
2016-12-08 19:01:26Z Send 國際股市==>  Program END 

Create log file
2016-12-08 19:01:50Z Send 國際股市==>  Program Start
2016-12-08 19:01:50Z Send 國際股市==>  Program END 

Create log file
2016-12-08 19:02:11Z Send 國際股市==>  Program Start
2016-12-08 19:02:11Z Send 國際股市==>  Program END 

Create log file
2016-12-08 19:02:33Z Send 國際股市==>  Program Start
2016-12-08 19:02:33Z Send 國際股市==>  Program END 

Create log file
2016-12-08 19:02:53Z Send 國際股市==>  Program Start
2016-12-08 19:02:53Z Send 國際股市==>  Program END 

Create log file
2016-12-08 19:03:17Z Send 國際股市==>  Program Start
2016-12-08 19:03:17Z Send 國際股市==>  Program END 

Create log file
2016-12-08 20:01:04Z Send 國際股市==>  Program Start
2016-12-08 20:01:04Z Send 國際股市==>  Program END 

Create log file
2016-12-08 20:10:05Z stock_data_daily_create_file Program Start
2016-12-08 20:10:05Z stock_data_daily_create_file Program END 

Create log file
2016-12-08 20:20:07Z stock_data_insert_daily Program Start
2016-12-08 20:20:07Z stock_data_insert_daily Program END 

Create log file
2016-12-08 20:30:14Z Send 股市氣象台電子報-今日我最夯<==Strong_UP==>  Program Start
2016-12-08 20:30:14Z Send 股市氣象台電子報-今日我最夯<==Strong_UP==>  Program END 

Create log file
2016-12-08 21:01:02Z Send 國際股市==>  Program Start
2016-12-08 21:01:02Z Send 國際股市==>  Program END 

Create log file
2016-12-08 22:01:02Z Send 國際股市==>  Program Start
2016-12-08 22:01:02Z Send 國際股市==>  Program END 

Create log file
2016-12-08 22:01:28Z Send 國際股市==>  Program Start
2016-12-08 22:01:28Z Send 國際股市==>  Program END 

Create log file
2016-12-08 22:01:50Z Send 國際股市==>  Program Start
2016-12-08 22:01:50Z Send 國際股市==>  Program END 

Create log file
2016-12-08 23:01:03Z Send 國際股市==>  Program Start
2016-12-08 23:01:03Z Send 國際股市==>  Program END 

