Create log file
2016-12-15 00:01:03Z Send 國際股市==>  Program Start
2016-12-15 00:01:03Z Send 國際股市==>  Program END 

Create log file
2016-12-15 01:01:02Z Send 國際股市==>  Program Start
2016-12-15 01:01:02Z Send 國際股市==>  Program END 

Create log file
2016-12-15 08:01:03Z Send 國際股市==>  Program Start
2016-12-15 08:01:03Z Send 國際股市==>  Program END 

Create log file
2016-12-15 08:46:04Z on time future report... Program Start
2016-12-15 08:46:04Z on time future report... Program END 

Create log file
2016-12-15 08:51:03Z on time future report... Program Start
2016-12-15 08:51:03Z on time future report... Program END 

Create log file
2016-12-15 08:56:03Z on time future report... Program Start
2016-12-15 08:56:03Z on time future report... Program END 

Create log file
2016-12-15 09:01:02Z Send 國際股市==>  Program Start
2016-12-15 09:01:02Z Send 國際股市==>  Program END 

Create log file
2016-12-15 09:01:07Z on time future report... Program Start
2016-12-15 09:01:07Z on time future report... Program END 

Create log file
2016-12-15 09:06:03Z on time future report... Program Start
2016-12-15 09:06:03Z on time future report... Program END 

Create log file
2016-12-15 09:11:04Z on time future report... Program Start
2016-12-15 09:11:04Z on time future report... Program END 

Create log file
2016-12-15 09:16:03Z on time future report... Program Start
2016-12-15 09:16:03Z on time future report... Program END 

Create log file
2016-12-15 09:21:03Z on time future report... Program Start
2016-12-15 09:21:03Z on time future report... Program END 

Create log file
2016-12-15 09:26:03Z on time future report... Program Start
2016-12-15 09:26:03Z on time future report... Program END 

Create log file
2016-12-15 09:31:03Z on time future report... Program Start
2016-12-15 09:31:03Z on time future report... Program END 

Create log file
2016-12-15 09:36:03Z on time future report... Program Start
2016-12-15 09:36:03Z on time future report... Program END 

Create log file
2016-12-15 09:41:03Z on time future report... Program Start
2016-12-15 09:41:03Z on time future report... Program END 

Create log file
2016-12-15 09:46:03Z on time future report... Program Start
2016-12-15 09:46:03Z on time future report... Program END 

Create log file
2016-12-15 09:51:03Z on time future report... Program Start
2016-12-15 09:51:03Z on time future report... Program END 

Create log file
2016-12-15 09:56:03Z on time future report... Program Start
2016-12-15 09:56:03Z on time future report... Program END 

Create log file
2016-12-15 10:01:02Z Send 國際股市==>  Program Start
2016-12-15 10:01:02Z Send 國際股市==>  Program END 

Create log file
2016-12-15 10:01:06Z on time future report... Program Start
2016-12-15 10:01:06Z on time future report... Program END 

Create log file
2016-12-15 10:06:03Z on time future report... Program Start
2016-12-15 10:06:03Z on time future report... Program END 

Create log file
2016-12-15 10:11:03Z on time future report... Program Start
2016-12-15 10:11:03Z on time future report... Program END 

Create log file
2016-12-15 10:16:03Z on time future report... Program Start
2016-12-15 10:16:03Z on time future report... Program END 

Create log file
2016-12-15 10:21:04Z on time future report... Program Start
2016-12-15 10:21:04Z on time future report... Program END 

Create log file
2016-12-15 10:26:03Z on time future report... Program Start
2016-12-15 10:26:03Z on time future report... Program END 

Create log file
2016-12-15 10:31:04Z on time future report... Program Start
2016-12-15 10:31:04Z on time future report... Program END 

Create log file
2016-12-15 10:36:03Z on time future report... Program Start
2016-12-15 10:36:03Z on time future report... Program END 

Create log file
2016-12-15 10:41:03Z on time future report... Program Start
2016-12-15 10:41:03Z on time future report... Program END 

Create log file
2016-12-15 10:46:03Z on time future report... Program Start
2016-12-15 10:46:03Z on time future report... Program END 

Create log file
2016-12-15 10:51:03Z on time future report... Program Start
2016-12-15 10:51:03Z on time future report... Program END 

Create log file
2016-12-15 10:56:04Z on time future report... Program Start
2016-12-15 10:56:04Z on time future report... Program END 

Create log file
2016-12-15 11:01:01Z Send 國際股市==>  Program Start
2016-12-15 11:01:01Z Send 國際股市==>  Program END 

Create log file
2016-12-15 11:01:04Z on time future report... Program Start
2016-12-15 11:01:04Z on time future report... Program END 

Create log file
2016-12-15 11:06:05Z on time future report... Program Start
2016-12-15 11:06:05Z on time future report... Program END 

Create log file
2016-12-15 11:11:03Z on time future report... Program Start
2016-12-15 11:11:03Z on time future report... Program END 

Create log file
2016-12-15 11:16:03Z on time future report... Program Start
2016-12-15 11:16:03Z on time future report... Program END 

Create log file
2016-12-15 11:21:03Z on time future report... Program Start
2016-12-15 11:21:03Z on time future report... Program END 

Create log file
2016-12-15 11:26:04Z on time future report... Program Start
2016-12-15 11:26:04Z on time future report... Program END 

Create log file
2016-12-15 11:31:09Z on time future report... Program Start
2016-12-15 11:31:09Z on time future report... Program END 

Create log file
2016-12-15 11:36:03Z on time future report... Program Start
2016-12-15 11:36:03Z on time future report... Program END 

Create log file
2016-12-15 11:41:03Z on time future report... Program Start
2016-12-15 11:41:03Z on time future report... Program END 

Create log file
2016-12-15 11:46:03Z on time future report... Program Start
2016-12-15 11:46:03Z on time future report... Program END 

Create log file
2016-12-15 11:51:04Z on time future report... Program Start
2016-12-15 11:51:04Z on time future report... Program END 

Create log file
2016-12-15 11:56:03Z on time future report... Program Start
2016-12-15 11:56:03Z on time future report... Program END 

Create log file
2016-12-15 12:01:02Z Send 國際股市==>  Program Start
2016-12-15 12:01:02Z Send 國際股市==>  Program END 

Create log file
2016-12-15 12:01:04Z on time future report... Program Start
2016-12-15 12:01:04Z on time future report... Program END 

Create log file
2016-12-15 12:06:04Z on time future report... Program Start
2016-12-15 12:06:04Z on time future report... Program END 

Create log file
2016-12-15 12:11:03Z on time future report... Program Start
2016-12-15 12:11:03Z on time future report... Program END 

Create log file
2016-12-15 12:16:03Z on time future report... Program Start
2016-12-15 12:16:03Z on time future report... Program END 

Create log file
2016-12-15 12:21:04Z on time future report... Program Start
2016-12-15 12:21:04Z on time future report... Program END 

Create log file
2016-12-15 12:26:04Z on time future report... Program Start
2016-12-15 12:26:04Z on time future report... Program END 

Create log file
2016-12-15 12:31:03Z on time future report... Program Start
2016-12-15 12:31:03Z on time future report... Program END 

Create log file
2016-12-15 12:36:03Z on time future report... Program Start
2016-12-15 12:36:03Z on time future report... Program END 

Create log file
2016-12-15 12:41:03Z on time future report... Program Start
2016-12-15 12:41:03Z on time future report... Program END 

Create log file
2016-12-15 12:46:03Z on time future report... Program Start
2016-12-15 12:46:03Z on time future report... Program END 

Create log file
2016-12-15 12:51:03Z on time future report... Program Start
2016-12-15 12:51:03Z on time future report... Program END 

Create log file
2016-12-15 12:56:03Z on time future report... Program Start
2016-12-15 12:56:03Z on time future report... Program END 

Create log file
2016-12-15 13:01:02Z Send 國際股市==>  Program Start
2016-12-15 13:01:02Z Send 國際股市==>  Program END 

Create log file
2016-12-15 13:01:05Z on time future report... Program Start
2016-12-15 13:01:05Z on time future report... Program END 

Create log file
2016-12-15 13:06:04Z on time future report... Program Start
2016-12-15 13:06:04Z on time future report... Program END 

Create log file
2016-12-15 13:11:03Z on time future report... Program Start
2016-12-15 13:11:03Z on time future report... Program END 

Create log file
2016-12-15 13:16:03Z on time future report... Program Start
2016-12-15 13:16:03Z on time future report... Program END 

Create log file
2016-12-15 13:21:03Z on time future report... Program Start
2016-12-15 13:21:03Z on time future report... Program END 

Create log file
2016-12-15 13:26:03Z on time future report... Program Start
2016-12-15 13:26:03Z on time future report... Program END 

Create log file
2016-12-15 13:31:04Z on time future report... Program Start
2016-12-15 13:31:04Z on time future report... Program END 

Create log file
2016-12-15 13:36:03Z on time future report... Program Start
2016-12-15 13:36:03Z on time future report... Program END 

Create log file
2016-12-15 13:41:03Z on time future report... Program Start
2016-12-15 13:41:03Z on time future report... Program END 

Create log file
2016-12-15 13:46:03Z on time future report... Program Start
2016-12-15 13:46:03Z on time future report... Program END 

Create log file
2016-12-15 14:01:01Z Send 國際股市==>  Program Start
2016-12-15 14:01:01Z Send 國際股市==>  Program END 

Create log file
2016-12-15 15:01:01Z Send 國際股市==>  Program Start
2016-12-15 15:01:01Z Send 國際股市==>  Program END 

Create log file
2016-12-15 15:50:18Z option_insert_daily Program Start
2016-12-15 15:50:18Z option_insert_daily Program END 

Create log file
2016-12-15 15:56:37Z Send Option_OIV_daily Program Start
2016-12-15 15:56:37Z Send Option_OIV_daily Program END 

Create log file
2016-12-15 16:01:01Z Send 國際股市==>  Program Start
2016-12-15 16:01:01Z Send 國際股市==>  Program END 

Create log file
2016-12-15 17:01:01Z Send 國際股市==>  Program Start
2016-12-15 17:01:01Z Send 國際股市==>  Program END 

Create log file
2016-12-15 18:01:01Z Send 國際股市==>  Program Start
2016-12-15 18:01:01Z Send 國際股市==>  Program END 

Create log file
2016-12-15 18:01:28Z Send 國際股市==>  Program Start
2016-12-15 18:01:28Z Send 國際股市==>  Program END 

Create log file
2016-12-15 18:01:50Z Send 國際股市==>  Program Start
2016-12-15 18:01:50Z Send 國際股市==>  Program END 

Create log file
2016-12-15 18:02:13Z Send 國際股市==>  Program Start
2016-12-15 18:02:13Z Send 國際股市==>  Program END 

Create log file
2016-12-15 18:02:36Z Send 國際股市==>  Program Start
2016-12-15 18:02:36Z Send 國際股市==>  Program END 

Create log file
2016-12-15 19:01:01Z Send 國際股市==>  Program Start
2016-12-15 19:01:01Z Send 國際股市==>  Program END 

Create log file
2016-12-15 19:01:26Z Send 國際股市==>  Program Start
2016-12-15 19:01:26Z Send 國際股市==>  Program END 

Create log file
2016-12-15 19:01:49Z Send 國際股市==>  Program Start
2016-12-15 19:01:49Z Send 國際股市==>  Program END 

Create log file
2016-12-15 19:02:10Z Send 國際股市==>  Program Start
2016-12-15 19:02:10Z Send 國際股市==>  Program END 

Create log file
2016-12-15 19:02:32Z Send 國際股市==>  Program Start
2016-12-15 19:02:32Z Send 國際股市==>  Program END 

Create log file
2016-12-15 19:02:53Z Send 國際股市==>  Program Start
2016-12-15 19:02:53Z Send 國際股市==>  Program END 

Create log file
2016-12-15 19:03:15Z Send 國際股市==>  Program Start
2016-12-15 19:03:15Z Send 國際股市==>  Program END 

Create log file
2016-12-15 20:01:01Z Send 國際股市==>  Program Start
2016-12-15 20:01:01Z Send 國際股市==>  Program END 

Create log file
2016-12-15 20:10:05Z stock_data_daily_create_file Program Start
2016-12-15 20:10:05Z stock_data_daily_create_file Program END 

Create log file
2016-12-15 20:20:07Z stock_data_insert_daily Program Start
2016-12-15 20:20:07Z stock_data_insert_daily Program END 

Create log file
2016-12-15 20:30:12Z Send 股市氣象台電子報-今日我最夯<==Strong_UP==>  Program Start
2016-12-15 20:30:12Z Send 股市氣象台電子報-今日我最夯<==Strong_UP==>  Program END 

Create log file
2016-12-15 21:01:02Z Send 國際股市==>  Program Start
2016-12-15 21:01:02Z Send 國際股市==>  Program END 

Create log file
2016-12-15 22:01:02Z Send 國際股市==>  Program Start
2016-12-15 22:01:02Z Send 國際股市==>  Program END 

Create log file
2016-12-15 22:01:28Z Send 國際股市==>  Program Start
2016-12-15 22:01:28Z Send 國際股市==>  Program END 

Create log file
2016-12-15 22:01:50Z Send 國際股市==>  Program Start
2016-12-15 22:01:50Z Send 國際股市==>  Program END 

Create log file
2016-12-15 23:01:04Z Send 國際股市==>  Program Start
2016-12-15 23:01:04Z Send 國際股市==>  Program END 

