Create log file
2016-02-08 08:01:04Z Send 國際股市==>  Program Start
2016-02-08 08:01:04Z Send 國際股市==>  Program END 

Create log file
2016-02-08 08:01:32Z Send 國際股市==>  Program Start
2016-02-08 08:01:32Z Send 國際股市==>  Program END 

Create log file
2016-02-08 08:01:54Z Send 國際股市==>  Program Start
2016-02-08 08:01:54Z Send 國際股市==>  Program END 

Create log file
2016-02-08 08:46:03Z on time future report... Program Start
2016-02-08 08:46:03Z on time future report... Program END 

Create log file
2016-02-08 08:51:03Z on time future report... Program Start
2016-02-08 08:51:03Z on time future report... Program END 

Create log file
2016-02-08 08:56:01Z on time future report... Program Start
2016-02-08 08:56:01Z on time future report... Program END 

Create log file
2016-02-08 09:01:01Z Send 國際股市==>  Program Start
2016-02-08 09:01:01Z Send 國際股市==>  Program END 

Create log file
2016-02-08 09:01:28Z on time future report... Program Start
2016-02-08 09:01:28Z on time future report... Program END 

Create log file
2016-02-08 09:06:06Z on time future report... Program Start
2016-02-08 09:06:06Z on time future report... Program END 

Create log file
2016-02-08 09:11:01Z on time future report... Program Start
2016-02-08 09:11:01Z on time future report... Program END 

Create log file
2016-02-08 09:16:01Z on time future report... Program Start
2016-02-08 09:16:01Z on time future report... Program END 

Create log file
2016-02-08 09:21:01Z on time future report... Program Start
2016-02-08 09:21:01Z on time future report... Program END 

Create log file
2016-02-08 09:26:01Z on time future report... Program Start
2016-02-08 09:26:01Z on time future report... Program END 

Create log file
2016-02-08 09:31:01Z on time future report... Program Start
2016-02-08 09:31:01Z on time future report... Program END 

Create log file
2016-02-08 09:36:01Z on time future report... Program Start
2016-02-08 09:36:01Z on time future report... Program END 

Create log file
2016-02-08 09:41:01Z on time future report... Program Start
2016-02-08 09:41:01Z on time future report... Program END 

Create log file
2016-02-08 09:46:01Z on time future report... Program Start
2016-02-08 09:46:01Z on time future report... Program END 

Create log file
2016-02-08 09:51:01Z on time future report... Program Start
2016-02-08 09:51:01Z on time future report... Program END 

Create log file
2016-02-08 09:56:01Z on time future report... Program Start
2016-02-08 09:56:01Z on time future report... Program END 

Create log file
2016-02-08 10:01:01Z on time future report... Program Start
2016-02-08 10:01:01Z on time future report... Program END 

Create log file
2016-02-08 10:01:02Z Send 國際股市==>  Program Start
2016-02-08 10:01:02Z Send 國際股市==>  Program END 

Create log file
2016-02-08 10:06:01Z on time future report... Program Start
2016-02-08 10:06:01Z on time future report... Program END 

Create log file
2016-02-08 10:11:01Z on time future report... Program Start
2016-02-08 10:11:01Z on time future report... Program END 

Create log file
2016-02-08 10:16:01Z on time future report... Program Start
2016-02-08 10:16:01Z on time future report... Program END 

Create log file
2016-02-08 10:21:01Z on time future report... Program Start
2016-02-08 10:21:01Z on time future report... Program END 

Create log file
2016-02-08 10:26:01Z on time future report... Program Start
2016-02-08 10:26:01Z on time future report... Program END 

Create log file
2016-02-08 10:31:01Z on time future report... Program Start
2016-02-08 10:31:01Z on time future report... Program END 

Create log file
2016-02-08 10:36:01Z on time future report... Program Start
2016-02-08 10:36:01Z on time future report... Program END 

Create log file
2016-02-08 10:41:01Z on time future report... Program Start
2016-02-08 10:41:01Z on time future report... Program END 

Create log file
2016-02-08 10:46:02Z on time future report... Program Start
2016-02-08 10:46:02Z on time future report... Program END 

Create log file
2016-02-08 10:51:03Z on time future report... Program Start
2016-02-08 10:51:03Z on time future report... Program END 

Create log file
2016-02-08 10:56:01Z on time future report... Program Start
2016-02-08 10:56:01Z on time future report... Program END 

Create log file
2016-02-08 11:01:01Z on time future report... Program Start
2016-02-08 11:01:01Z on time future report... Program END 

Create log file
2016-02-08 11:01:02Z Send 國際股市==>  Program Start
2016-02-08 11:01:02Z Send 國際股市==>  Program END 

Create log file
2016-02-08 11:06:02Z on time future report... Program Start
2016-02-08 11:06:02Z on time future report... Program END 

Create log file
2016-02-08 11:11:01Z on time future report... Program Start
2016-02-08 11:11:01Z on time future report... Program END 

Create log file
2016-02-08 11:16:01Z on time future report... Program Start
2016-02-08 11:16:01Z on time future report... Program END 

Create log file
2016-02-08 11:21:02Z on time future report... Program Start
2016-02-08 11:21:02Z on time future report... Program END 

Create log file
2016-02-08 11:26:02Z on time future report... Program Start
2016-02-08 11:26:02Z on time future report... Program END 

Create log file
2016-02-08 11:31:01Z on time future report... Program Start
2016-02-08 11:31:01Z on time future report... Program END 

Create log file
2016-02-08 11:36:01Z on time future report... Program Start
2016-02-08 11:36:01Z on time future report... Program END 

Create log file
2016-02-08 11:41:01Z on time future report... Program Start
2016-02-08 11:41:01Z on time future report... Program END 

Create log file
2016-02-08 11:46:02Z on time future report... Program Start
2016-02-08 11:46:02Z on time future report... Program END 

Create log file
2016-02-08 11:51:02Z on time future report... Program Start
2016-02-08 11:51:02Z on time future report... Program END 

Create log file
2016-02-08 11:56:01Z on time future report... Program Start
2016-02-08 11:56:01Z on time future report... Program END 

Create log file
2016-02-08 12:01:01Z Send 國際股市==>  Program Start
2016-02-08 12:01:01Z Send 國際股市==>  Program END 

Create log file
2016-02-08 12:01:29Z on time future report... Program Start
2016-02-08 12:01:29Z on time future report... Program END 

Create log file
2016-02-08 12:06:02Z on time future report... Program Start
2016-02-08 12:06:02Z on time future report... Program END 

Create log file
2016-02-08 12:11:01Z on time future report... Program Start
2016-02-08 12:11:01Z on time future report... Program END 

Create log file
2016-02-08 12:16:01Z on time future report... Program Start
2016-02-08 12:16:01Z on time future report... Program END 

Create log file
2016-02-08 12:21:01Z on time future report... Program Start
2016-02-08 12:21:01Z on time future report... Program END 

Create log file
2016-02-08 12:26:02Z on time future report... Program Start
2016-02-08 12:26:02Z on time future report... Program END 

Create log file
2016-02-08 12:31:01Z on time future report... Program Start
2016-02-08 12:31:01Z on time future report... Program END 

Create log file
2016-02-08 12:36:01Z on time future report... Program Start
2016-02-08 12:36:01Z on time future report... Program END 

Create log file
2016-02-08 12:41:03Z on time future report... Program Start
2016-02-08 12:41:03Z on time future report... Program END 

Create log file
2016-02-08 12:46:01Z on time future report... Program Start
2016-02-08 12:46:01Z on time future report... Program END 

Create log file
2016-02-08 12:51:03Z on time future report... Program Start
2016-02-08 12:51:03Z on time future report... Program END 

Create log file
2016-02-08 12:56:01Z on time future report... Program Start
2016-02-08 12:56:01Z on time future report... Program END 

Create log file
2016-02-08 13:01:02Z on time future report... Program Start
2016-02-08 13:01:02Z on time future report... Program END 

Create log file
2016-02-08 13:01:02Z Send 國際股市==>  Program Start
2016-02-08 13:01:02Z Send 國際股市==>  Program END 

Create log file
2016-02-08 13:06:02Z on time future report... Program Start
2016-02-08 13:06:02Z on time future report... Program END 

Create log file
2016-02-08 13:11:01Z on time future report... Program Start
2016-02-08 13:11:01Z on time future report... Program END 

Create log file
2016-02-08 13:16:01Z on time future report... Program Start
2016-02-08 13:16:01Z on time future report... Program END 

Create log file
2016-02-08 13:21:01Z on time future report... Program Start
2016-02-08 13:21:01Z on time future report... Program END 

Create log file
2016-02-08 13:26:01Z on time future report... Program Start
2016-02-08 13:26:01Z on time future report... Program END 

Create log file
2016-02-08 13:31:01Z on time future report... Program Start
2016-02-08 13:31:01Z on time future report... Program END 

Create log file
2016-02-08 13:36:01Z on time future report... Program Start
2016-02-08 13:36:01Z on time future report... Program END 

Create log file
2016-02-08 13:41:01Z on time future report... Program Start
2016-02-08 13:41:01Z on time future report... Program END 

Create log file
2016-02-08 13:46:02Z on time future report... Program Start
2016-02-08 13:46:02Z on time future report... Program END 

Create log file
2016-02-08 14:01:00Z Send 國際股市==>  Program Start
2016-02-08 14:01:00Z Send 國際股市==>  Program END 

Create log file
2016-02-08 15:01:00Z Send 國際股市==>  Program Start
2016-02-08 15:01:00Z Send 國際股市==>  Program END 

Create log file
2016-02-08 15:50:16Z option_insert_daily Program Start
2016-02-08 15:50:16Z option_insert_daily Program END 

Create log file
2016-02-08 15:56:39Z Send Option_OIV_daily Program Start
2016-02-08 15:56:39Z Send Option_OIV_daily Program END 

Create log file
2016-02-08 16:01:00Z Send 國際股市==>  Program Start
2016-02-08 16:01:00Z Send 國際股市==>  Program END 

Create log file
2016-02-08 17:01:01Z Send 國際股市==>  Program Start
2016-02-08 17:01:01Z Send 國際股市==>  Program END 

Create log file
2016-02-08 18:01:00Z Send 國際股市==>  Program Start
2016-02-08 18:01:00Z Send 國際股市==>  Program END 

Create log file
2016-02-08 18:01:25Z Send 國際股市==>  Program Start
2016-02-08 18:01:25Z Send 國際股市==>  Program END 

Create log file
2016-02-08 18:01:47Z Send 國際股市==>  Program Start
2016-02-08 18:01:47Z Send 國際股市==>  Program END 

Create log file
2016-02-08 18:02:09Z Send 國際股市==>  Program Start
2016-02-08 18:02:09Z Send 國際股市==>  Program END 

Create log file
2016-02-08 19:01:01Z Send 國際股市==>  Program Start
2016-02-08 19:01:01Z Send 國際股市==>  Program END 

Create log file
2016-02-08 19:01:28Z Send 國際股市==>  Program Start
2016-02-08 19:01:28Z Send 國際股市==>  Program END 

Create log file
2016-02-08 19:01:52Z Send 國際股市==>  Program Start
2016-02-08 19:01:52Z Send 國際股市==>  Program END 

Create log file
2016-02-08 20:01:00Z Send 國際股市==>  Program Start
2016-02-08 20:01:00Z Send 國際股市==>  Program END 

Create log file
2016-02-08 20:10:02Z stock_data_daily_create_file Program Start
2016-02-08 20:10:02Z stock_data_daily_create_file Program END 

Create log file
2016-02-08 20:20:03Z stock_data_insert_daily Program Start
2016-02-08 20:20:03Z stock_data_insert_daily Program END 

Create log file
2016-02-08 20:30:09Z Send 股市氣象台電子報-今日我最夯<==Strong_UP==>  Program Start
2016-02-08 20:30:09Z Send 股市氣象台電子報-今日我最夯<==Strong_UP==>  Program END 

Create log file
2016-02-08 21:01:00Z Send 國際股市==>  Program Start
2016-02-08 21:01:00Z Send 國際股市==>  Program END 

Create log file
2016-02-08 22:01:01Z Send 國際股市==>  Program Start
2016-02-08 22:01:01Z Send 國際股市==>  Program END 

Create log file
2016-02-08 22:01:27Z Send 國際股市==>  Program Start
2016-02-08 22:01:27Z Send 國際股市==>  Program END 

Create log file
2016-02-08 23:01:00Z Send 國際股市==>  Program Start
2016-02-08 23:01:00Z Send 國際股市==>  Program END 

