Create log file
2016-02-16 00:01:03Z Send 國際股市==>  Program Start
2016-02-16 00:01:03Z Send 國際股市==>  Program END 

Create log file
2016-02-16 01:01:03Z Send 國際股市==>  Program Start
2016-02-16 01:01:03Z Send 國際股市==>  Program END 

Create log file
2016-02-16 08:01:02Z Send 國際股市==>  Program Start
2016-02-16 08:01:02Z Send 國際股市==>  Program END 

Create log file
2016-02-16 08:01:29Z Send 國際股市==>  Program Start
2016-02-16 08:01:29Z Send 國際股市==>  Program END 

Create log file
2016-02-16 08:01:52Z Send 國際股市==>  Program Start
2016-02-16 08:01:52Z Send 國際股市==>  Program END 

Create log file
2016-02-16 08:46:04Z on time future report... Program Start
2016-02-16 08:46:04Z on time future report... Program END 

Create log file
2016-02-16 08:51:04Z on time future report... Program Start
2016-02-16 08:51:04Z on time future report... Program END 

Create log file
2016-02-16 08:56:03Z on time future report... Program Start
2016-02-16 08:56:03Z on time future report... Program END 

Create log file
2016-02-16 09:01:03Z Send 國際股市==>  Program Start
2016-02-16 09:01:03Z Send 國際股市==>  Program END 

Create log file
2016-02-16 09:01:03Z on time future report... Program Start
2016-02-16 09:01:03Z on time future report... Program END 

Create log file
2016-02-16 09:06:04Z on time future report... Program Start
2016-02-16 09:06:04Z on time future report... Program END 

Create log file
2016-02-16 09:11:03Z on time future report... Program Start
2016-02-16 09:11:03Z on time future report... Program END 

Create log file
2016-02-16 09:16:03Z on time future report... Program Start
2016-02-16 09:16:03Z on time future report... Program END 

Create log file
2016-02-16 09:21:03Z on time future report... Program Start
2016-02-16 09:21:03Z on time future report... Program END 

Create log file
2016-02-16 09:26:04Z on time future report... Program Start
2016-02-16 09:26:04Z on time future report... Program END 

Create log file
2016-02-16 09:31:05Z on time future report... Program Start
2016-02-16 09:31:05Z on time future report... Program END 

Create log file
2016-02-16 09:36:04Z on time future report... Program Start
2016-02-16 09:36:04Z on time future report... Program END 

Create log file
2016-02-16 09:41:03Z on time future report... Program Start
2016-02-16 09:41:03Z on time future report... Program END 

Create log file
2016-02-16 09:46:03Z on time future report... Program Start
2016-02-16 09:46:03Z on time future report... Program END 

Create log file
2016-02-16 09:51:03Z on time future report... Program Start
2016-02-16 09:51:03Z on time future report... Program END 

Create log file
2016-02-16 09:56:03Z on time future report... Program Start
2016-02-16 09:56:03Z on time future report... Program END 

Create log file
2016-02-16 10:01:03Z Send 國際股市==>  Program Start
2016-02-16 10:01:03Z Send 國際股市==>  Program END 

Create log file
2016-02-16 10:01:04Z on time future report... Program Start
2016-02-16 10:01:04Z on time future report... Program END 

Create log file
2016-02-16 10:06:05Z on time future report... Program Start
2016-02-16 10:06:05Z on time future report... Program END 

Create log file
2016-02-16 10:11:01Z on time future report... Program Start
2016-02-16 10:11:01Z on time future report... Program END 

Create log file
2016-02-16 10:16:01Z on time future report... Program Start
2016-02-16 10:16:01Z on time future report... Program END 

Create log file
2016-02-16 10:21:01Z on time future report... Program Start
2016-02-16 10:21:01Z on time future report... Program END 

Create log file
2016-02-16 10:26:01Z on time future report... Program Start
2016-02-16 10:26:01Z on time future report... Program END 

Create log file
2016-02-16 10:31:03Z on time future report... Program Start
2016-02-16 10:31:03Z on time future report... Program END 

Create log file
2016-02-16 10:36:01Z on time future report... Program Start
2016-02-16 10:36:01Z on time future report... Program END 

Create log file
2016-02-16 10:41:01Z on time future report... Program Start
2016-02-16 10:41:01Z on time future report... Program END 

Create log file
2016-02-16 10:46:05Z on time future report... Program Start
2016-02-16 10:46:05Z on time future report... Program END 

Create log file
2016-02-16 10:51:01Z on time future report... Program Start
2016-02-16 10:51:01Z on time future report... Program END 

Create log file
2016-02-16 10:56:01Z on time future report... Program Start
2016-02-16 10:56:01Z on time future report... Program END 

Create log file
2016-02-16 11:01:00Z Send 國際股市==>  Program Start
2016-02-16 11:01:00Z Send 國際股市==>  Program END 

Create log file
2016-02-16 11:01:28Z on time future report... Program Start
2016-02-16 11:01:28Z on time future report... Program END 

Create log file
2016-02-16 11:06:02Z on time future report... Program Start
2016-02-16 11:06:02Z on time future report... Program END 

Create log file
2016-02-16 11:11:02Z on time future report... Program Start
2016-02-16 11:11:02Z on time future report... Program END 

Create log file
2016-02-16 11:11:46Z Query Stock_id is 3037 Program Start
2016-02-16 11:11:46Z Query Stock_id is 3037 Program END 

Create log file
2016-02-16 11:11:46Z Query Stock_id is 1464 Program Start
2016-02-16 11:11:46Z Query Stock_id is 1464 Program END 

Create log file
2016-02-16 11:11:46Z Query Stock_id is 2344 Program Start
2016-02-16 11:11:46Z Query Stock_id is 2344 Program END 

Create log file
2016-02-16 11:11:47Z Query Stock_id is 2303 Program Start
2016-02-16 11:11:47Z Query Stock_id is 2303 Program END 

Create log file
2016-02-16 11:11:47Z Query Stock_id is 2002 Program Start
2016-02-16 11:11:47Z Query Stock_id is 2002 Program END 

Create log file
2016-02-16 11:11:47Z Query Stock_id is 2324 Program Start
2016-02-16 11:11:47Z Query Stock_id is 2324 Program END 

Create log file
2016-02-16 11:11:47Z Query Stock_id is 1216 Program Start
2016-02-16 11:11:47Z Query Stock_id is 1216 Program END 

Create log file
2016-02-16 11:11:47Z Query Stock_id is 5347 Program Start
2016-02-16 11:11:47Z Query Stock_id is 5347 Program END 

Create log file
2016-02-16 11:11:48Z Query Stock_id is 2382 Program Start
2016-02-16 11:11:48Z Query Stock_id is 2382 Program END 

Create log file
2016-02-16 11:11:48Z Query Stock_id is 1303 Program Start
2016-02-16 11:11:48Z Query Stock_id is 1303 Program END 

Create log file
2016-02-16 11:11:48Z Query Stock_id is 2105 Program Start
2016-02-16 11:11:48Z Query Stock_id is 2105 Program END 

Create log file
2016-02-16 11:11:48Z Query Stock_id is 4938 Program Start
2016-02-16 11:11:48Z Query Stock_id is 4938 Program END 

Create log file
2016-02-16 11:11:48Z Query Stock_id is 2886 Program Start
2016-02-16 11:11:48Z Query Stock_id is 2886 Program END 

Create log file
2016-02-16 11:11:49Z Query Stock_id is 2301 Program Start
2016-02-16 11:11:49Z Query Stock_id is 2301 Program END 

Create log file
2016-02-16 11:11:49Z Query Stock_id is 2330 Program Start
2016-02-16 11:11:49Z Query Stock_id is 2330 Program END 

Create log file
2016-02-16 11:16:01Z on time future report... Program Start
2016-02-16 11:16:01Z on time future report... Program END 

Create log file
2016-02-16 11:21:01Z on time future report... Program Start
2016-02-16 11:21:01Z on time future report... Program END 

Create log file
2016-02-16 11:26:04Z on time future report... Program Start
2016-02-16 11:26:04Z on time future report... Program END 

Create log file
2016-02-16 11:31:01Z on time future report... Program Start
2016-02-16 11:31:01Z on time future report... Program END 

Create log file
2016-02-16 11:36:01Z on time future report... Program Start
2016-02-16 11:36:01Z on time future report... Program END 

Create log file
2016-02-16 11:41:01Z on time future report... Program Start
2016-02-16 11:41:01Z on time future report... Program END 

Create log file
2016-02-16 11:46:02Z on time future report... Program Start
2016-02-16 11:46:02Z on time future report... Program END 

Create log file
2016-02-16 11:51:03Z on time future report... Program Start
2016-02-16 11:51:03Z on time future report... Program END 

Create log file
2016-02-16 11:56:02Z on time future report... Program Start
2016-02-16 11:56:02Z on time future report... Program END 

Create log file
2016-02-16 12:01:01Z Send 國際股市==>  Program Start
2016-02-16 12:01:01Z Send 國際股市==>  Program END 

Create log file
2016-02-16 12:01:23Z on time future report... Program Start
2016-02-16 12:01:23Z on time future report... Program END 

Create log file
2016-02-16 12:06:03Z on time future report... Program Start
2016-02-16 12:06:03Z on time future report... Program END 

Create log file
2016-02-16 12:11:01Z on time future report... Program Start
2016-02-16 12:11:01Z on time future report... Program END 

Create log file
2016-02-16 12:16:01Z on time future report... Program Start
2016-02-16 12:16:01Z on time future report... Program END 

Create log file
2016-02-16 12:21:01Z on time future report... Program Start
2016-02-16 12:21:01Z on time future report... Program END 

Create log file
2016-02-16 12:26:01Z on time future report... Program Start
2016-02-16 12:26:01Z on time future report... Program END 

Create log file
2016-02-16 12:36:02Z on time future report... Program Start
2016-02-16 12:36:02Z on time future report... Program END 

Create log file
2016-02-16 12:41:04Z on time future report... Program Start
2016-02-16 12:41:04Z on time future report... Program END 

Create log file
2016-02-16 12:46:01Z on time future report... Program Start
2016-02-16 12:46:01Z on time future report... Program END 

Create log file
2016-02-16 12:51:01Z on time future report... Program Start
2016-02-16 12:51:01Z on time future report... Program END 

Create log file
2016-02-16 12:56:01Z on time future report... Program Start
2016-02-16 12:56:01Z on time future report... Program END 

Create log file
2016-02-16 13:01:01Z Send 國際股市==>  Program Start
2016-02-16 13:01:01Z Send 國際股市==>  Program END 

Create log file
2016-02-16 13:01:26Z on time future report... Program Start
2016-02-16 13:01:26Z on time future report... Program END 

Create log file
2016-02-16 13:06:01Z on time future report... Program Start
2016-02-16 13:06:01Z on time future report... Program END 

Create log file
2016-02-16 13:11:06Z on time future report... Program Start
2016-02-16 13:11:06Z on time future report... Program END 

Create log file
2016-02-16 13:16:01Z on time future report... Program Start
2016-02-16 13:16:01Z on time future report... Program END 

Create log file
2016-02-16 13:21:01Z on time future report... Program Start
2016-02-16 13:21:01Z on time future report... Program END 

Create log file
2016-02-16 13:26:01Z on time future report... Program Start
2016-02-16 13:26:01Z on time future report... Program END 

Create log file
2016-02-16 13:31:02Z on time future report... Program Start
2016-02-16 13:31:02Z on time future report... Program END 

Create log file
2016-02-16 13:36:02Z on time future report... Program Start
2016-02-16 13:36:02Z on time future report... Program END 

Create log file
2016-02-16 13:41:01Z on time future report... Program Start
2016-02-16 13:41:01Z on time future report... Program END 

Create log file
2016-02-16 13:46:01Z on time future report... Program Start
2016-02-16 13:46:01Z on time future report... Program END 

Create log file
2016-02-16 14:01:00Z Send 國際股市==>  Program Start
2016-02-16 14:01:00Z Send 國際股市==>  Program END 

Create log file
2016-02-16 15:01:01Z Send 國際股市==>  Program Start
2016-02-16 15:01:01Z Send 國際股市==>  Program END 

Create log file
2016-02-16 15:50:17Z option_insert_daily Program Start
2016-02-16 15:50:17Z option_insert_daily Program END 

Create log file
2016-02-16 15:56:15Z Send Option_OIV_daily Program Start
2016-02-16 15:56:15Z Send Option_OIV_daily Program END 

Create log file
2016-02-16 16:01:00Z Send 國際股市==>  Program Start
2016-02-16 16:01:00Z Send 國際股市==>  Program END 

Create log file
2016-02-16 17:01:01Z Send 國際股市==>  Program Start
2016-02-16 17:01:01Z Send 國際股市==>  Program END 

Create log file
2016-02-16 18:01:01Z Send 國際股市==>  Program Start
2016-02-16 18:01:01Z Send 國際股市==>  Program END 

Create log file
2016-02-16 18:01:28Z Send 國際股市==>  Program Start
2016-02-16 18:01:28Z Send 國際股市==>  Program END 

Create log file
2016-02-16 18:01:49Z Send 國際股市==>  Program Start
2016-02-16 18:01:49Z Send 國際股市==>  Program END 

Create log file
2016-02-16 18:02:12Z Send 國際股市==>  Program Start
2016-02-16 18:02:12Z Send 國際股市==>  Program END 

Create log file
2016-02-16 19:01:01Z Send 國際股市==>  Program Start
2016-02-16 19:01:01Z Send 國際股市==>  Program END 

Create log file
2016-02-16 19:01:27Z Send 國際股市==>  Program Start
2016-02-16 19:01:27Z Send 國際股市==>  Program END 

Create log file
2016-02-16 19:01:51Z Send 國際股市==>  Program Start
2016-02-16 19:01:51Z Send 國際股市==>  Program END 

Create log file
2016-02-16 20:01:01Z Send 國際股市==>  Program Start
2016-02-16 20:01:01Z Send 國際股市==>  Program END 

Create log file
2016-02-16 20:10:02Z stock_data_daily_create_file Program Start
2016-02-16 20:10:02Z stock_data_daily_create_file Program END 

Create log file
2016-02-16 20:20:04Z stock_data_insert_daily Program Start
2016-02-16 20:20:04Z stock_data_insert_daily Program END 

Create log file
2016-02-16 20:30:12Z Send 股市氣象台電子報-今日我最夯<==Strong_UP==>  Program Start
2016-02-16 20:30:12Z Send 股市氣象台電子報-今日我最夯<==Strong_UP==>  Program END 

Create log file
2016-02-16 21:01:04Z Send 國際股市==>  Program Start
2016-02-16 21:01:04Z Send 國際股市==>  Program END 

Create log file
2016-02-16 22:01:03Z Send 國際股市==>  Program Start
2016-02-16 22:01:03Z Send 國際股市==>  Program END 

Create log file
2016-02-16 22:01:30Z Send 國際股市==>  Program Start
2016-02-16 22:01:30Z Send 國際股市==>  Program END 

Create log file
2016-02-16 22:42:22Z Query Stock_id is 2002 Program Start
2016-02-16 22:42:22Z Query Stock_id is 2002 Program END 

Create log file
2016-02-16 22:42:22Z Query Stock_id is 2498 Program Start
2016-02-16 22:42:22Z Query Stock_id is 2498 Program END 

Create log file
2016-02-16 22:42:22Z Query Stock_id is 2890 Program Start
2016-02-16 22:42:22Z Query Stock_id is 2890 Program END 

Create log file
2016-02-16 22:42:22Z Query Stock_id is 2886 Program Start
2016-02-16 22:42:22Z Query Stock_id is 2886 Program END 

Create log file
2016-02-16 22:42:22Z Query Stock_id is 2301 Program Start
2016-02-16 22:42:22Z Query Stock_id is 2301 Program END 

Create log file
2016-02-16 22:42:23Z Query Stock_id is 2103 Program Start
2016-02-16 22:42:23Z Query Stock_id is 2103 Program END 

Create log file
2016-02-16 22:42:23Z Query Stock_id is 2610 Program Start
2016-02-16 22:42:23Z Query Stock_id is 2610 Program END 

Create log file
2016-02-16 22:42:23Z Query Stock_id is 5880 Program Start
2016-02-16 22:42:23Z Query Stock_id is 5880 Program END 

Create log file
2016-02-16 22:42:23Z Query Stock_id is 2105 Program Start
2016-02-16 22:42:23Z Query Stock_id is 2105 Program END 

Create log file
2016-02-16 22:42:23Z Query Stock_id is 2880 Program Start
2016-02-16 22:42:23Z Query Stock_id is 2880 Program END 

Create log file
2016-02-16 22:42:23Z Query Stock_id is 9945 Program Start
2016-02-16 22:42:23Z Query Stock_id is 9945 Program END 

Create log file
2016-02-16 22:42:24Z Query Stock_id is 3231 Program Start
2016-02-16 22:42:24Z Query Stock_id is 3231 Program END 

Create log file
2016-02-16 22:42:24Z Query Stock_id is 3041 Program Start
2016-02-16 22:42:24Z Query Stock_id is 3041 Program END 

Create log file
2016-02-16 22:42:24Z Query Stock_id is 2615 Program Start
2016-02-16 22:42:24Z Query Stock_id is 2615 Program END 

Create log file
2016-02-16 22:42:24Z Query Stock_id is 3037 Program Start
2016-02-16 22:42:24Z Query Stock_id is 3037 Program END 

Create log file
2016-02-16 22:42:24Z Query Stock_id is 3037 Program Start
2016-02-16 22:42:24Z Query Stock_id is 3037 Program END 

Create log file
2016-02-16 22:42:24Z Query Stock_id is 1464 Program Start
2016-02-16 22:42:24Z Query Stock_id is 1464 Program END 

Create log file
2016-02-16 22:42:25Z Query Stock_id is 2344 Program Start
2016-02-16 22:42:25Z Query Stock_id is 2344 Program END 

Create log file
2016-02-16 22:42:25Z Query Stock_id is 2303 Program Start
2016-02-16 22:42:25Z Query Stock_id is 2303 Program END 

Create log file
2016-02-16 22:42:25Z Query Stock_id is 2002 Program Start
2016-02-16 22:42:25Z Query Stock_id is 2002 Program END 

Create log file
2016-02-16 22:42:25Z Query Stock_id is 2324 Program Start
2016-02-16 22:42:25Z Query Stock_id is 2324 Program END 

Create log file
2016-02-16 22:42:25Z Query Stock_id is 1216 Program Start
2016-02-16 22:42:25Z Query Stock_id is 1216 Program END 

Create log file
2016-02-16 22:42:25Z Query Stock_id is 5347 Program Start
2016-02-16 22:42:25Z Query Stock_id is 5347 Program END 

Create log file
2016-02-16 22:42:25Z Query Stock_id is 2382 Program Start
2016-02-16 22:42:25Z Query Stock_id is 2382 Program END 

Create log file
2016-02-16 22:42:26Z Query Stock_id is 1303 Program Start
2016-02-16 22:42:26Z Query Stock_id is 1303 Program END 

Create log file
2016-02-16 22:42:26Z Query Stock_id is 2105 Program Start
2016-02-16 22:42:26Z Query Stock_id is 2105 Program END 

Create log file
2016-02-16 22:42:26Z Query Stock_id is 2886 Program Start
2016-02-16 22:42:26Z Query Stock_id is 2886 Program END 

Create log file
2016-02-16 22:42:26Z Query Stock_id is 4938 Program Start
2016-02-16 22:42:26Z Query Stock_id is 4938 Program END 

Create log file
2016-02-16 22:42:26Z Query Stock_id is 2301 Program Start
2016-02-16 22:42:26Z Query Stock_id is 2301 Program END 

Create log file
2016-02-16 22:42:26Z Query Stock_id is 2330 Program Start
2016-02-16 22:42:26Z Query Stock_id is 2330 Program END 

Create log file
2016-02-16 22:42:35Z Query Stock_id is 2002 Program Start
2016-02-16 22:42:35Z Query Stock_id is 2002 Program END 

Create log file
2016-02-16 22:42:35Z Query Stock_id is 2498 Program Start
2016-02-16 22:42:35Z Query Stock_id is 2498 Program END 

Create log file
2016-02-16 22:42:36Z Query Stock_id is 2890 Program Start
2016-02-16 22:42:36Z Query Stock_id is 2890 Program END 

Create log file
2016-02-16 22:42:36Z Query Stock_id is 2886 Program Start
2016-02-16 22:42:36Z Query Stock_id is 2886 Program END 

Create log file
2016-02-16 22:42:36Z Query Stock_id is 2301 Program Start
2016-02-16 22:42:36Z Query Stock_id is 2301 Program END 

Create log file
2016-02-16 22:42:36Z Query Stock_id is 2103 Program Start
2016-02-16 22:42:36Z Query Stock_id is 2103 Program END 

Create log file
2016-02-16 22:42:36Z Query Stock_id is 2610 Program Start
2016-02-16 22:42:36Z Query Stock_id is 2610 Program END 

Create log file
2016-02-16 22:42:36Z Query Stock_id is 5880 Program Start
2016-02-16 22:42:36Z Query Stock_id is 5880 Program END 

Create log file
2016-02-16 22:42:37Z Query Stock_id is 2105 Program Start
2016-02-16 22:42:37Z Query Stock_id is 2105 Program END 

Create log file
2016-02-16 22:42:37Z Query Stock_id is 2880 Program Start
2016-02-16 22:42:37Z Query Stock_id is 2880 Program END 

Create log file
2016-02-16 22:42:37Z Query Stock_id is 9945 Program Start
2016-02-16 22:42:37Z Query Stock_id is 9945 Program END 

Create log file
2016-02-16 22:42:38Z Query Stock_id is 3231 Program Start
2016-02-16 22:42:38Z Query Stock_id is 3231 Program END 

Create log file
2016-02-16 22:42:38Z Query Stock_id is 3041 Program Start
2016-02-16 22:42:38Z Query Stock_id is 3041 Program END 

Create log file
2016-02-16 22:42:38Z Query Stock_id is 2615 Program Start
2016-02-16 22:42:38Z Query Stock_id is 2615 Program END 

Create log file
2016-02-16 22:42:38Z Query Stock_id is 3037 Program Start
2016-02-16 22:42:38Z Query Stock_id is 3037 Program END 

Create log file
2016-02-16 22:42:38Z Query Stock_id is 3037 Program Start
2016-02-16 22:42:38Z Query Stock_id is 3037 Program END 

Create log file
2016-02-16 22:42:38Z Query Stock_id is 1464 Program Start
2016-02-16 22:42:38Z Query Stock_id is 1464 Program END 

Create log file
2016-02-16 22:42:39Z Query Stock_id is 2344 Program Start
2016-02-16 22:42:39Z Query Stock_id is 2344 Program END 

Create log file
2016-02-16 22:42:39Z Query Stock_id is 2303 Program Start
2016-02-16 22:42:39Z Query Stock_id is 2303 Program END 

Create log file
2016-02-16 22:42:39Z Query Stock_id is 2002 Program Start
2016-02-16 22:42:39Z Query Stock_id is 2002 Program END 

Create log file
2016-02-16 22:42:39Z Query Stock_id is 2324 Program Start
2016-02-16 22:42:39Z Query Stock_id is 2324 Program END 

Create log file
2016-02-16 22:42:39Z Query Stock_id is 1216 Program Start
2016-02-16 22:42:39Z Query Stock_id is 1216 Program END 

Create log file
2016-02-16 22:42:40Z Query Stock_id is 5347 Program Start
2016-02-16 22:42:40Z Query Stock_id is 5347 Program END 

Create log file
2016-02-16 22:42:40Z Query Stock_id is 2382 Program Start
2016-02-16 22:42:40Z Query Stock_id is 2382 Program END 

Create log file
2016-02-16 22:42:40Z Query Stock_id is 1303 Program Start
2016-02-16 22:42:40Z Query Stock_id is 1303 Program END 

Create log file
2016-02-16 22:42:40Z Query Stock_id is 2105 Program Start
2016-02-16 22:42:40Z Query Stock_id is 2105 Program END 

Create log file
2016-02-16 22:42:41Z Query Stock_id is 2886 Program Start
2016-02-16 22:42:41Z Query Stock_id is 2886 Program END 

Create log file
2016-02-16 22:42:41Z Query Stock_id is 4938 Program Start
2016-02-16 22:42:41Z Query Stock_id is 4938 Program END 

Create log file
2016-02-16 22:42:41Z Query Stock_id is 2301 Program Start
2016-02-16 22:42:41Z Query Stock_id is 2301 Program END 

Create log file
2016-02-16 22:42:41Z Query Stock_id is 2330 Program Start
2016-02-16 22:42:41Z Query Stock_id is 2330 Program END 

Create log file
2016-02-16 23:01:03Z Send 國際股市==>  Program Start
2016-02-16 23:01:03Z Send 國際股市==>  Program END 

Create log file
2016-02-16 23:19:03Z Query Stock_id is 2002 Program Start
2016-02-16 23:19:03Z Query Stock_id is 2002 Program END 

Create log file
2016-02-16 23:19:03Z Query Stock_id is 2498 Program Start
2016-02-16 23:19:03Z Query Stock_id is 2498 Program END 

Create log file
2016-02-16 23:19:03Z Query Stock_id is 2890 Program Start
2016-02-16 23:19:03Z Query Stock_id is 2890 Program END 

Create log file
2016-02-16 23:19:04Z Query Stock_id is 2886 Program Start
2016-02-16 23:19:04Z Query Stock_id is 2886 Program END 

Create log file
2016-02-16 23:19:04Z Query Stock_id is 2301 Program Start
2016-02-16 23:19:04Z Query Stock_id is 2301 Program END 

Create log file
2016-02-16 23:19:04Z Query Stock_id is 2103 Program Start
2016-02-16 23:19:04Z Query Stock_id is 2103 Program END 

Create log file
2016-02-16 23:19:04Z Query Stock_id is 2610 Program Start
2016-02-16 23:19:04Z Query Stock_id is 2610 Program END 

Create log file
2016-02-16 23:19:04Z Query Stock_id is 5880 Program Start
2016-02-16 23:19:04Z Query Stock_id is 5880 Program END 

Create log file
2016-02-16 23:19:04Z Query Stock_id is 2105 Program Start
2016-02-16 23:19:04Z Query Stock_id is 2105 Program END 

Create log file
2016-02-16 23:19:05Z Query Stock_id is 2880 Program Start
2016-02-16 23:19:05Z Query Stock_id is 2880 Program END 

Create log file
2016-02-16 23:19:05Z Query Stock_id is 9945 Program Start
2016-02-16 23:19:05Z Query Stock_id is 9945 Program END 

Create log file
2016-02-16 23:19:05Z Query Stock_id is 3231 Program Start
2016-02-16 23:19:05Z Query Stock_id is 3231 Program END 

Create log file
2016-02-16 23:19:05Z Query Stock_id is 3041 Program Start
2016-02-16 23:19:05Z Query Stock_id is 3041 Program END 

Create log file
2016-02-16 23:19:05Z Query Stock_id is 2615 Program Start
2016-02-16 23:19:05Z Query Stock_id is 2615 Program END 

Create log file
2016-02-16 23:19:06Z Query Stock_id is 3037 Program Start
2016-02-16 23:19:06Z Query Stock_id is 3037 Program END 

Create log file
2016-02-16 23:19:06Z Query Stock_id is 3037 Program Start
2016-02-16 23:19:06Z Query Stock_id is 3037 Program END 

Create log file
2016-02-16 23:19:06Z Query Stock_id is 1464 Program Start
2016-02-16 23:19:06Z Query Stock_id is 1464 Program END 

Create log file
2016-02-16 23:19:06Z Query Stock_id is 2344 Program Start
2016-02-16 23:19:06Z Query Stock_id is 2344 Program END 

Create log file
2016-02-16 23:19:06Z Query Stock_id is 2303 Program Start
2016-02-16 23:19:06Z Query Stock_id is 2303 Program END 

Create log file
2016-02-16 23:19:06Z Query Stock_id is 2002 Program Start
2016-02-16 23:19:06Z Query Stock_id is 2002 Program END 

Create log file
2016-02-16 23:19:07Z Query Stock_id is 2324 Program Start
2016-02-16 23:19:07Z Query Stock_id is 2324 Program END 

Create log file
2016-02-16 23:19:07Z Query Stock_id is 1216 Program Start
2016-02-16 23:19:07Z Query Stock_id is 1216 Program END 

Create log file
2016-02-16 23:19:07Z Query Stock_id is 5347 Program Start
2016-02-16 23:19:07Z Query Stock_id is 5347 Program END 

Create log file
2016-02-16 23:19:07Z Query Stock_id is 2382 Program Start
2016-02-16 23:19:07Z Query Stock_id is 2382 Program END 

Create log file
2016-02-16 23:19:07Z Query Stock_id is 1303 Program Start
2016-02-16 23:19:07Z Query Stock_id is 1303 Program END 

Create log file
2016-02-16 23:19:07Z Query Stock_id is 2105 Program Start
2016-02-16 23:19:07Z Query Stock_id is 2105 Program END 

Create log file
2016-02-16 23:19:08Z Query Stock_id is 2886 Program Start
2016-02-16 23:19:08Z Query Stock_id is 2886 Program END 

Create log file
2016-02-16 23:19:08Z Query Stock_id is 4938 Program Start
2016-02-16 23:19:08Z Query Stock_id is 4938 Program END 

Create log file
2016-02-16 23:19:08Z Query Stock_id is 2301 Program Start
2016-02-16 23:19:08Z Query Stock_id is 2301 Program END 

Create log file
2016-02-16 23:19:09Z Query Stock_id is 2330 Program Start
2016-02-16 23:19:09Z Query Stock_id is 2330 Program END 

Create log file
2016-02-16 23:19:12Z Query Stock_id is 2002 Program Start
2016-02-16 23:19:12Z Query Stock_id is 2002 Program END 

Create log file
2016-02-16 23:19:12Z Query Stock_id is 2498 Program Start
2016-02-16 23:19:12Z Query Stock_id is 2498 Program END 

Create log file
2016-02-16 23:19:12Z Query Stock_id is 2890 Program Start
2016-02-16 23:19:12Z Query Stock_id is 2890 Program END 

Create log file
2016-02-16 23:19:12Z Query Stock_id is 2886 Program Start
2016-02-16 23:19:12Z Query Stock_id is 2886 Program END 

Create log file
2016-02-16 23:19:13Z Query Stock_id is 2301 Program Start
2016-02-16 23:19:13Z Query Stock_id is 2301 Program END 

Create log file
2016-02-16 23:19:13Z Query Stock_id is 2103 Program Start
2016-02-16 23:19:13Z Query Stock_id is 2103 Program END 

Create log file
2016-02-16 23:19:13Z Query Stock_id is 2610 Program Start
2016-02-16 23:19:13Z Query Stock_id is 2610 Program END 

Create log file
2016-02-16 23:19:13Z Query Stock_id is 5880 Program Start
2016-02-16 23:19:13Z Query Stock_id is 5880 Program END 

Create log file
2016-02-16 23:19:13Z Query Stock_id is 2105 Program Start
2016-02-16 23:19:13Z Query Stock_id is 2105 Program END 

Create log file
2016-02-16 23:19:14Z Query Stock_id is 2880 Program Start
2016-02-16 23:19:14Z Query Stock_id is 2880 Program END 

Create log file
2016-02-16 23:19:14Z Query Stock_id is 9945 Program Start
2016-02-16 23:19:14Z Query Stock_id is 9945 Program END 

Create log file
2016-02-16 23:19:14Z Query Stock_id is 3231 Program Start
2016-02-16 23:19:14Z Query Stock_id is 3231 Program END 

Create log file
2016-02-16 23:19:14Z Query Stock_id is 3041 Program Start
2016-02-16 23:19:14Z Query Stock_id is 3041 Program END 

Create log file
2016-02-16 23:19:14Z Query Stock_id is 2615 Program Start
2016-02-16 23:19:14Z Query Stock_id is 2615 Program END 

Create log file
2016-02-16 23:19:14Z Query Stock_id is 3037 Program Start
2016-02-16 23:19:14Z Query Stock_id is 3037 Program END 

Create log file
2016-02-16 23:19:15Z Query Stock_id is 3037 Program Start
2016-02-16 23:19:15Z Query Stock_id is 3037 Program END 

Create log file
2016-02-16 23:19:15Z Query Stock_id is 1464 Program Start
2016-02-16 23:19:15Z Query Stock_id is 1464 Program END 

Create log file
2016-02-16 23:19:15Z Query Stock_id is 2344 Program Start
2016-02-16 23:19:15Z Query Stock_id is 2344 Program END 

Create log file
2016-02-16 23:19:15Z Query Stock_id is 2303 Program Start
2016-02-16 23:19:15Z Query Stock_id is 2303 Program END 

Create log file
2016-02-16 23:19:15Z Query Stock_id is 2002 Program Start
2016-02-16 23:19:15Z Query Stock_id is 2002 Program END 

Create log file
2016-02-16 23:19:16Z Query Stock_id is 2324 Program Start
2016-02-16 23:19:16Z Query Stock_id is 2324 Program END 

Create log file
2016-02-16 23:19:16Z Query Stock_id is 1216 Program Start
2016-02-16 23:19:16Z Query Stock_id is 1216 Program END 

Create log file
2016-02-16 23:19:16Z Query Stock_id is 5347 Program Start
2016-02-16 23:19:16Z Query Stock_id is 5347 Program END 

Create log file
2016-02-16 23:19:16Z Query Stock_id is 2382 Program Start
2016-02-16 23:19:16Z Query Stock_id is 2382 Program END 

Create log file
2016-02-16 23:19:16Z Query Stock_id is 1303 Program Start
2016-02-16 23:19:16Z Query Stock_id is 1303 Program END 

Create log file
2016-02-16 23:19:16Z Query Stock_id is 2105 Program Start
2016-02-16 23:19:16Z Query Stock_id is 2105 Program END 

Create log file
2016-02-16 23:19:17Z Query Stock_id is 2886 Program Start
2016-02-16 23:19:17Z Query Stock_id is 2886 Program END 

Create log file
2016-02-16 23:19:17Z Query Stock_id is 4938 Program Start
2016-02-16 23:19:17Z Query Stock_id is 4938 Program END 

Create log file
2016-02-16 23:19:17Z Query Stock_id is 2301 Program Start
2016-02-16 23:19:17Z Query Stock_id is 2301 Program END 

Create log file
2016-02-16 23:19:17Z Query Stock_id is 2330 Program Start
2016-02-16 23:19:17Z Query Stock_id is 2330 Program END 

