Create log file
2016-02-04 00:01:04Z Send 國際股市==>  Program Start
2016-02-04 00:01:04Z Send 國際股市==>  Program END 

Create log file
2016-02-04 00:27:40Z Query Stock_id is 2330 Program Start
2016-02-04 00:27:40Z Query Stock_id is 2330 Program END 

Create log file
2016-02-04 00:27:41Z Query Stock_id is 3036 Program Start
2016-02-04 00:27:41Z Query Stock_id is 3036 Program END 

Create log file
2016-02-04 00:27:41Z Query Stock_id is 8105 Program Start
2016-02-04 00:27:41Z Query Stock_id is 8105 Program END 

Create log file
2016-02-04 00:27:41Z Query Stock_id is 2449 Program Start
2016-02-04 00:27:41Z Query Stock_id is 2449 Program END 

Create log file
2016-02-04 00:27:41Z Query Stock_id is 5347 Program Start
2016-02-04 00:27:41Z Query Stock_id is 5347 Program END 

Create log file
2016-02-04 00:27:41Z Query Stock_id is 4904 Program Start
2016-02-04 00:27:41Z Query Stock_id is 4904 Program END 

Create log file
2016-02-04 00:27:41Z Query Stock_id is 2344 Program Start
2016-02-04 00:27:41Z Query Stock_id is 2344 Program END 

Create log file
2016-02-04 00:27:42Z Query Stock_id is 3017 Program Start
2016-02-04 00:27:42Z Query Stock_id is 3017 Program END 

Create log file
2016-02-04 00:27:42Z Query Stock_id is 2379 Program Start
2016-02-04 00:27:42Z Query Stock_id is 2379 Program END 

Create log file
2016-02-04 00:27:42Z Query Stock_id is 3231 Program Start
2016-02-04 00:27:42Z Query Stock_id is 3231 Program END 

Create log file
2016-02-04 00:27:42Z Query Stock_id is 2303 Program Start
2016-02-04 00:27:42Z Query Stock_id is 2303 Program END 

Create log file
2016-02-04 00:28:01Z Query Stock_id is 2330 Program Start
2016-02-04 00:28:01Z Query Stock_id is 2330 Program END 

Create log file
2016-02-04 00:28:01Z Query Stock_id is 3036 Program Start
2016-02-04 00:28:01Z Query Stock_id is 3036 Program END 

Create log file
2016-02-04 00:28:02Z Query Stock_id is 8105 Program Start
2016-02-04 00:28:02Z Query Stock_id is 8105 Program END 

Create log file
2016-02-04 00:28:02Z Query Stock_id is 2449 Program Start
2016-02-04 00:28:02Z Query Stock_id is 2449 Program END 

Create log file
2016-02-04 00:28:02Z Query Stock_id is 5347 Program Start
2016-02-04 00:28:02Z Query Stock_id is 5347 Program END 

Create log file
2016-02-04 00:28:02Z Query Stock_id is 4904 Program Start
2016-02-04 00:28:02Z Query Stock_id is 4904 Program END 

Create log file
2016-02-04 00:28:02Z Query Stock_id is 2344 Program Start
2016-02-04 00:28:02Z Query Stock_id is 2344 Program END 

Create log file
2016-02-04 00:28:02Z Query Stock_id is 3017 Program Start
2016-02-04 00:28:02Z Query Stock_id is 3017 Program END 

Create log file
2016-02-04 00:28:03Z Query Stock_id is 2379 Program Start
2016-02-04 00:28:03Z Query Stock_id is 2379 Program END 

Create log file
2016-02-04 00:28:03Z Query Stock_id is 3231 Program Start
2016-02-04 00:28:03Z Query Stock_id is 3231 Program END 

Create log file
2016-02-04 00:28:03Z Query Stock_id is 2303 Program Start
2016-02-04 00:28:03Z Query Stock_id is 2303 Program END 

Create log file
2016-02-04 01:01:02Z Send 國際股市==>  Program Start
2016-02-04 01:01:02Z Send 國際股市==>  Program END 

Create log file
2016-02-04 08:01:02Z Send 國際股市==>  Program Start
2016-02-04 08:01:02Z Send 國際股市==>  Program END 

Create log file
2016-02-04 08:01:28Z Send 國際股市==>  Program Start
2016-02-04 08:01:28Z Send 國際股市==>  Program END 

Create log file
2016-02-04 08:01:50Z Send 國際股市==>  Program Start
2016-02-04 08:01:50Z Send 國際股市==>  Program END 

Create log file
2016-02-04 08:46:03Z on time future report... Program Start
2016-02-04 08:46:03Z on time future report... Program END 

Create log file
2016-02-04 08:51:03Z on time future report... Program Start
2016-02-04 08:51:03Z on time future report... Program END 

Create log file
2016-02-04 08:56:03Z on time future report... Program Start
2016-02-04 08:56:03Z on time future report... Program END 

Create log file
2016-02-04 09:01:03Z Send 國際股市==>  Program Start
2016-02-04 09:01:03Z Send 國際股市==>  Program END 

Create log file
2016-02-04 09:01:04Z on time future report... Program Start
2016-02-04 09:01:04Z on time future report... Program END 

Create log file
2016-02-04 09:06:03Z on time future report... Program Start
2016-02-04 09:06:03Z on time future report... Program END 

Create log file
2016-02-04 09:11:03Z on time future report... Program Start
2016-02-04 09:11:03Z on time future report... Program END 

Create log file
2016-02-04 09:16:03Z on time future report... Program Start
2016-02-04 09:16:03Z on time future report... Program END 

Create log file
2016-02-04 09:21:04Z on time future report... Program Start
2016-02-04 09:21:04Z on time future report... Program END 

Create log file
2016-02-04 09:26:03Z on time future report... Program Start
2016-02-04 09:26:03Z on time future report... Program END 

Create log file
2016-02-04 09:31:03Z on time future report... Program Start
2016-02-04 09:31:03Z on time future report... Program END 

Create log file
2016-02-04 09:36:03Z on time future report... Program Start
2016-02-04 09:36:03Z on time future report... Program END 

Create log file
2016-02-04 09:41:03Z on time future report... Program Start
2016-02-04 09:41:03Z on time future report... Program END 

Create log file
2016-02-04 09:46:03Z on time future report... Program Start
2016-02-04 09:46:03Z on time future report... Program END 

Create log file
2016-02-04 09:51:03Z on time future report... Program Start
2016-02-04 09:51:03Z on time future report... Program END 

Create log file
2016-02-04 09:56:03Z on time future report... Program Start
2016-02-04 09:56:03Z on time future report... Program END 

Create log file
2016-02-04 10:01:03Z Send 國際股市==>  Program Start
2016-02-04 10:01:03Z Send 國際股市==>  Program END 

Create log file
2016-02-04 10:01:03Z on time future report... Program Start
2016-02-04 10:01:03Z on time future report... Program END 

Create log file
2016-02-04 10:06:03Z on time future report... Program Start
2016-02-04 10:06:03Z on time future report... Program END 

Create log file
2016-02-04 10:11:04Z on time future report... Program Start
2016-02-04 10:11:04Z on time future report... Program END 

Create log file
2016-02-04 10:16:03Z on time future report... Program Start
2016-02-04 10:16:03Z on time future report... Program END 

Create log file
2016-02-04 10:21:03Z on time future report... Program Start
2016-02-04 10:21:03Z on time future report... Program END 

Create log file
2016-02-04 10:26:03Z on time future report... Program Start
2016-02-04 10:26:03Z on time future report... Program END 

Create log file
2016-02-04 10:31:03Z on time future report... Program Start
2016-02-04 10:31:03Z on time future report... Program END 

Create log file
2016-02-04 10:36:03Z on time future report... Program Start
2016-02-04 10:36:03Z on time future report... Program END 

Create log file
2016-02-04 10:41:03Z on time future report... Program Start
2016-02-04 10:41:03Z on time future report... Program END 

Create log file
2016-02-04 10:46:03Z on time future report... Program Start
2016-02-04 10:46:03Z on time future report... Program END 

Create log file
2016-02-04 10:51:03Z on time future report... Program Start
2016-02-04 10:51:03Z on time future report... Program END 

Create log file
2016-02-04 10:56:04Z on time future report... Program Start
2016-02-04 10:56:04Z on time future report... Program END 

Create log file
2016-02-04 11:01:03Z Send 國際股市==>  Program Start
2016-02-04 11:01:03Z Send 國際股市==>  Program END 

Create log file
2016-02-04 11:01:03Z on time future report... Program Start
2016-02-04 11:01:03Z on time future report... Program END 

Create log file
2016-02-04 11:06:03Z on time future report... Program Start
2016-02-04 11:06:03Z on time future report... Program END 

Create log file
2016-02-04 11:11:03Z on time future report... Program Start
2016-02-04 11:11:03Z on time future report... Program END 

Create log file
2016-02-04 11:16:03Z on time future report... Program Start
2016-02-04 11:16:03Z on time future report... Program END 

Create log file
2016-02-04 11:21:03Z on time future report... Program Start
2016-02-04 11:21:03Z on time future report... Program END 

Create log file
2016-02-04 11:26:05Z on time future report... Program Start
2016-02-04 11:26:05Z on time future report... Program END 

Create log file
2016-02-04 11:31:04Z on time future report... Program Start
2016-02-04 11:31:04Z on time future report... Program END 

Create log file
2016-02-04 11:36:04Z on time future report... Program Start
2016-02-04 11:36:04Z on time future report... Program END 

Create log file
2016-02-04 11:41:03Z on time future report... Program Start
2016-02-04 11:41:03Z on time future report... Program END 

Create log file
2016-02-04 11:46:03Z on time future report... Program Start
2016-02-04 11:46:03Z on time future report... Program END 

Create log file
2016-02-04 11:51:03Z on time future report... Program Start
2016-02-04 11:51:03Z on time future report... Program END 

Create log file
2016-02-04 11:56:03Z on time future report... Program Start
2016-02-04 11:56:03Z on time future report... Program END 

Create log file
2016-02-04 12:01:03Z Send 國際股市==>  Program Start
2016-02-04 12:01:03Z Send 國際股市==>  Program END 

Create log file
2016-02-04 12:01:03Z on time future report... Program Start
2016-02-04 12:01:03Z on time future report... Program END 

Create log file
2016-02-04 12:06:03Z on time future report... Program Start
2016-02-04 12:06:03Z on time future report... Program END 

Create log file
2016-02-04 12:11:03Z on time future report... Program Start
2016-02-04 12:11:03Z on time future report... Program END 

Create log file
2016-02-04 12:16:03Z on time future report... Program Start
2016-02-04 12:16:03Z on time future report... Program END 

Create log file
2016-02-04 12:21:03Z on time future report... Program Start
2016-02-04 12:21:03Z on time future report... Program END 

Create log file
2016-02-04 12:26:03Z on time future report... Program Start
2016-02-04 12:26:03Z on time future report... Program END 

Create log file
2016-02-04 12:31:03Z on time future report... Program Start
2016-02-04 12:31:03Z on time future report... Program END 

Create log file
2016-02-04 12:36:03Z on time future report... Program Start
2016-02-04 12:36:03Z on time future report... Program END 

Create log file
2016-02-04 12:41:03Z on time future report... Program Start
2016-02-04 12:41:03Z on time future report... Program END 

Create log file
2016-02-04 12:46:03Z on time future report... Program Start
2016-02-04 12:46:03Z on time future report... Program END 

Create log file
2016-02-04 12:51:04Z on time future report... Program Start
2016-02-04 12:51:04Z on time future report... Program END 

Create log file
2016-02-04 12:56:03Z on time future report... Program Start
2016-02-04 12:56:03Z on time future report... Program END 

Create log file
2016-02-04 13:01:03Z Send 國際股市==>  Program Start
2016-02-04 13:01:03Z Send 國際股市==>  Program END 

Create log file
2016-02-04 13:01:03Z on time future report... Program Start
2016-02-04 13:01:03Z on time future report... Program END 

Create log file
2016-02-04 13:06:03Z on time future report... Program Start
2016-02-04 13:06:03Z on time future report... Program END 

Create log file
2016-02-04 13:11:03Z on time future report... Program Start
2016-02-04 13:11:03Z on time future report... Program END 

Create log file
2016-02-04 13:16:03Z on time future report... Program Start
2016-02-04 13:16:03Z on time future report... Program END 

Create log file
2016-02-04 13:21:03Z on time future report... Program Start
2016-02-04 13:21:03Z on time future report... Program END 

Create log file
2016-02-04 13:26:03Z on time future report... Program Start
2016-02-04 13:26:03Z on time future report... Program END 

Create log file
2016-02-04 13:31:03Z on time future report... Program Start
2016-02-04 13:31:03Z on time future report... Program END 

Create log file
2016-02-04 13:36:03Z on time future report... Program Start
2016-02-04 13:36:03Z on time future report... Program END 

Create log file
2016-02-04 13:41:05Z on time future report... Program Start
2016-02-04 13:41:05Z on time future report... Program END 

Create log file
2016-02-04 13:46:03Z on time future report... Program Start
2016-02-04 13:46:03Z on time future report... Program END 

Create log file
2016-02-04 14:01:02Z Send 國際股市==>  Program Start
2016-02-04 14:01:02Z Send 國際股市==>  Program END 

Create log file
2016-02-04 15:01:03Z Send 國際股市==>  Program Start
2016-02-04 15:01:03Z Send 國際股市==>  Program END 

Create log file
2016-02-04 15:50:22Z option_insert_daily Program Start
2016-02-04 15:50:22Z option_insert_daily Program END 

Create log file
2016-02-04 16:01:00Z Send 國際股市==>  Program Start
2016-02-04 16:01:00Z Send 國際股市==>  Program END 

Create log file
2016-02-04 17:01:01Z Send 國際股市==>  Program Start
2016-02-04 17:01:01Z Send 國際股市==>  Program END 

Create log file
2016-02-04 18:01:01Z Send 國際股市==>  Program Start
2016-02-04 18:01:01Z Send 國際股市==>  Program END 

Create log file
2016-02-04 18:01:26Z Send 國際股市==>  Program Start
2016-02-04 18:01:26Z Send 國際股市==>  Program END 

Create log file
2016-02-04 18:01:48Z Send 國際股市==>  Program Start
2016-02-04 18:01:48Z Send 國際股市==>  Program END 

Create log file
2016-02-04 18:02:10Z Send 國際股市==>  Program Start
2016-02-04 18:02:10Z Send 國際股市==>  Program END 

Create log file
2016-02-04 19:01:01Z Send 國際股市==>  Program Start
2016-02-04 19:01:01Z Send 國際股市==>  Program END 

Create log file
2016-02-04 19:01:26Z Send 國際股市==>  Program Start
2016-02-04 19:01:26Z Send 國際股市==>  Program END 

Create log file
2016-02-04 19:01:50Z Send 國際股市==>  Program Start
2016-02-04 19:01:50Z Send 國際股市==>  Program END 

Create log file
2016-02-04 20:01:03Z Send 國際股市==>  Program Start
2016-02-04 20:01:03Z Send 國際股市==>  Program END 

Create log file
2016-02-04 20:10:04Z stock_data_daily_create_file Program Start
2016-02-04 20:10:04Z stock_data_daily_create_file Program END 

Create log file
2016-02-04 20:20:07Z stock_data_insert_daily Program Start
2016-02-04 20:20:07Z stock_data_insert_daily Program END 

Create log file
2016-02-04 20:30:11Z Send 股市氣象台電子報-今日我最夯<==Strong_UP==>  Program Start
2016-02-04 20:30:11Z Send 股市氣象台電子報-今日我最夯<==Strong_UP==>  Program END 

Create log file
2016-02-04 21:01:02Z Send 國際股市==>  Program Start
2016-02-04 21:01:02Z Send 國際股市==>  Program END 

Create log file
2016-02-04 22:01:02Z Send 國際股市==>  Program Start
2016-02-04 22:01:02Z Send 國際股市==>  Program END 

Create log file
2016-02-04 22:01:28Z Send 國際股市==>  Program Start
2016-02-04 22:01:28Z Send 國際股市==>  Program END 

Create log file
2016-02-04 23:01:02Z Send 國際股市==>  Program Start
2016-02-04 23:01:02Z Send 國際股市==>  Program END 

