Create log file
2016-07-14 00:01:02Z Send 國際股市==>  Program Start
2016-07-14 00:01:02Z Send 國際股市==>  Program END 

Create log file
2016-07-14 01:01:01Z Send 國際股市==>  Program Start
2016-07-14 01:01:01Z Send 國際股市==>  Program END 

Create log file
2016-07-14 08:01:05Z Send 國際股市==>  Program Start
2016-07-14 08:01:05Z Send 國際股市==>  Program END 

Create log file
2016-07-14 08:01:31Z Send 國際股市==>  Program Start
2016-07-14 08:01:31Z Send 國際股市==>  Program END 

Create log file
2016-07-14 08:01:53Z Send 國際股市==>  Program Start
2016-07-14 08:01:53Z Send 國際股市==>  Program END 

Create log file
2016-07-14 08:02:16Z Send 國際股市==>  Program Start
2016-07-14 08:02:16Z Send 國際股市==>  Program END 

Create log file
2016-07-14 08:46:04Z on time future report... Program Start
2016-07-14 08:46:04Z on time future report... Program END 

Create log file
2016-07-14 08:51:04Z on time future report... Program Start
2016-07-14 08:51:04Z on time future report... Program END 

Create log file
2016-07-14 08:56:06Z on time future report... Program Start
2016-07-14 08:56:06Z on time future report... Program END 

Create log file
2016-07-14 09:01:03Z Send 國際股市==>  Program Start
2016-07-14 09:01:03Z Send 國際股市==>  Program END 

Create log file
2016-07-14 09:01:04Z on time future report... Program Start
2016-07-14 09:01:04Z on time future report... Program END 

Create log file
2016-07-14 09:06:03Z on time future report... Program Start
2016-07-14 09:06:03Z on time future report... Program END 

Create log file
2016-07-14 09:11:03Z on time future report... Program Start
2016-07-14 09:11:03Z on time future report... Program END 

Create log file
2016-07-14 09:16:03Z on time future report... Program Start
2016-07-14 09:16:03Z on time future report... Program END 

Create log file
2016-07-14 09:21:03Z on time future report... Program Start
2016-07-14 09:21:03Z on time future report... Program END 

Create log file
2016-07-14 09:26:03Z on time future report... Program Start
2016-07-14 09:26:03Z on time future report... Program END 

Create log file
2016-07-14 09:31:03Z on time future report... Program Start
2016-07-14 09:31:03Z on time future report... Program END 

Create log file
2016-07-14 09:36:03Z on time future report... Program Start
2016-07-14 09:36:03Z on time future report... Program END 

Create log file
2016-07-14 09:41:03Z on time future report... Program Start
2016-07-14 09:41:03Z on time future report... Program END 

Create log file
2016-07-14 09:46:03Z on time future report... Program Start
2016-07-14 09:46:03Z on time future report... Program END 

Create log file
2016-07-14 09:51:05Z on time future report... Program Start
2016-07-14 09:51:05Z on time future report... Program END 

Create log file
2016-07-14 09:56:03Z on time future report... Program Start
2016-07-14 09:56:03Z on time future report... Program END 

Create log file
2016-07-14 10:01:04Z Send 國際股市==>  Program Start
2016-07-14 10:01:04Z Send 國際股市==>  Program END 

Create log file
2016-07-14 10:01:05Z on time future report... Program Start
2016-07-14 10:01:05Z on time future report... Program END 

Create log file
2016-07-14 10:06:03Z on time future report... Program Start
2016-07-14 10:06:03Z on time future report... Program END 

Create log file
2016-07-14 10:11:05Z on time future report... Program Start
2016-07-14 10:11:05Z on time future report... Program END 

Create log file
2016-07-14 10:16:08Z on time future report... Program Start
2016-07-14 10:16:08Z on time future report... Program END 

Create log file
2016-07-14 10:21:04Z on time future report... Program Start
2016-07-14 10:21:04Z on time future report... Program END 

Create log file
2016-07-14 10:26:05Z on time future report... Program Start
2016-07-14 10:26:05Z on time future report... Program END 

Create log file
2016-07-14 10:31:04Z on time future report... Program Start
2016-07-14 10:31:04Z on time future report... Program END 

Create log file
2016-07-14 10:36:04Z on time future report... Program Start
2016-07-14 10:36:04Z on time future report... Program END 

Create log file
2016-07-14 10:41:03Z on time future report... Program Start
2016-07-14 10:41:03Z on time future report... Program END 

Create log file
2016-07-14 10:46:04Z on time future report... Program Start
2016-07-14 10:46:04Z on time future report... Program END 

Create log file
2016-07-14 10:51:03Z on time future report... Program Start
2016-07-14 10:51:03Z on time future report... Program END 

Create log file
2016-07-14 10:56:03Z on time future report... Program Start
2016-07-14 10:56:03Z on time future report... Program END 

Create log file
2016-07-14 11:01:03Z Send 國際股市==>  Program Start
2016-07-14 11:01:03Z Send 國際股市==>  Program END 

Create log file
2016-07-14 11:01:08Z on time future report... Program Start
2016-07-14 11:01:08Z on time future report... Program END 

Create log file
2016-07-14 11:06:03Z on time future report... Program Start
2016-07-14 11:06:03Z on time future report... Program END 

Create log file
2016-07-14 11:11:03Z on time future report... Program Start
2016-07-14 11:11:03Z on time future report... Program END 

Create log file
2016-07-14 11:16:03Z on time future report... Program Start
2016-07-14 11:16:03Z on time future report... Program END 

Create log file
2016-07-14 11:21:03Z on time future report... Program Start
2016-07-14 11:21:03Z on time future report... Program END 

Create log file
2016-07-14 11:26:03Z on time future report... Program Start
2016-07-14 11:26:03Z on time future report... Program END 

Create log file
2016-07-14 11:31:05Z on time future report... Program Start
2016-07-14 11:31:05Z on time future report... Program END 

Create log file
2016-07-14 11:36:04Z on time future report... Program Start
2016-07-14 11:36:04Z on time future report... Program END 

Create log file
2016-07-14 11:41:03Z on time future report... Program Start
2016-07-14 11:41:03Z on time future report... Program END 

Create log file
2016-07-14 11:46:04Z on time future report... Program Start
2016-07-14 11:46:04Z on time future report... Program END 

Create log file
2016-07-14 11:51:03Z on time future report... Program Start
2016-07-14 11:51:03Z on time future report... Program END 

Create log file
2016-07-14 11:56:03Z on time future report... Program Start
2016-07-14 11:56:03Z on time future report... Program END 

Create log file
2016-07-14 12:01:06Z on time future report... Program Start
2016-07-14 12:01:06Z on time future report... Program END 

Create log file
2016-07-14 12:01:06Z Send 國際股市==>  Program Start
2016-07-14 12:01:06Z Send 國際股市==>  Program END 

Create log file
2016-07-14 12:06:03Z on time future report... Program Start
2016-07-14 12:06:03Z on time future report... Program END 

Create log file
2016-07-14 12:11:03Z on time future report... Program Start
2016-07-14 12:11:03Z on time future report... Program END 

Create log file
2016-07-14 12:16:03Z on time future report... Program Start
2016-07-14 12:16:03Z on time future report... Program END 

Create log file
2016-07-14 12:21:05Z on time future report... Program Start
2016-07-14 12:21:05Z on time future report... Program END 

Create log file
2016-07-14 12:26:03Z on time future report... Program Start
2016-07-14 12:26:03Z on time future report... Program END 

Create log file
2016-07-14 12:31:05Z on time future report... Program Start
2016-07-14 12:31:05Z on time future report... Program END 

Create log file
2016-07-14 12:36:03Z on time future report... Program Start
2016-07-14 12:36:03Z on time future report... Program END 

Create log file
2016-07-14 12:41:03Z on time future report... Program Start
2016-07-14 12:41:03Z on time future report... Program END 

Create log file
2016-07-14 12:46:03Z on time future report... Program Start
2016-07-14 12:46:03Z on time future report... Program END 

Create log file
2016-07-14 12:51:03Z on time future report... Program Start
2016-07-14 12:51:03Z on time future report... Program END 

Create log file
2016-07-14 12:56:06Z on time future report... Program Start
2016-07-14 12:56:06Z on time future report... Program END 

Create log file
2016-07-14 13:01:05Z Send 國際股市==>  Program Start
2016-07-14 13:01:05Z Send 國際股市==>  Program END 

Create log file
2016-07-14 13:01:07Z on time future report... Program Start
2016-07-14 13:01:07Z on time future report... Program END 

Create log file
2016-07-14 13:06:03Z on time future report... Program Start
2016-07-14 13:06:03Z on time future report... Program END 

Create log file
2016-07-14 13:11:04Z on time future report... Program Start
2016-07-14 13:11:04Z on time future report... Program END 

Create log file
2016-07-14 13:16:03Z on time future report... Program Start
2016-07-14 13:16:03Z on time future report... Program END 

Create log file
2016-07-14 13:21:03Z on time future report... Program Start
2016-07-14 13:21:03Z on time future report... Program END 

Create log file
2016-07-14 13:26:03Z on time future report... Program Start
2016-07-14 13:26:03Z on time future report... Program END 

Create log file
2016-07-14 13:31:06Z on time future report... Program Start
2016-07-14 13:31:06Z on time future report... Program END 

Create log file
2016-07-14 13:36:03Z on time future report... Program Start
2016-07-14 13:36:03Z on time future report... Program END 

Create log file
2016-07-14 13:41:07Z on time future report... Program Start
2016-07-14 13:41:07Z on time future report... Program END 

Create log file
2016-07-14 13:46:05Z on time future report... Program Start
2016-07-14 13:46:05Z on time future report... Program END 

Create log file
2016-07-14 14:01:03Z Send 國際股市==>  Program Start
2016-07-14 14:01:03Z Send 國際股市==>  Program END 

Create log file
2016-07-14 15:01:03Z Send 國際股市==>  Program Start
2016-07-14 15:01:03Z Send 國際股市==>  Program END 

Create log file
2016-07-14 15:50:18Z option_insert_daily Program Start
2016-07-14 15:50:18Z option_insert_daily Program END 

Create log file
2016-07-14 15:56:22Z Send Option_OIV_daily Program Start
2016-07-14 15:56:22Z Send Option_OIV_daily Program END 

Create log file
2016-07-14 16:01:04Z Send 國際股市==>  Program Start
2016-07-14 16:01:04Z Send 國際股市==>  Program END 

Create log file
2016-07-14 17:01:03Z Send 國際股市==>  Program Start
2016-07-14 17:01:03Z Send 國際股市==>  Program END 

Create log file
2016-07-14 18:01:04Z Send 國際股市==>  Program Start
2016-07-14 18:01:04Z Send 國際股市==>  Program END 

Create log file
2016-07-14 18:01:31Z Send 國際股市==>  Program Start
2016-07-14 18:01:31Z Send 國際股市==>  Program END 

Create log file
2016-07-14 18:01:53Z Send 國際股市==>  Program Start
2016-07-14 18:01:53Z Send 國際股市==>  Program END 

Create log file
2016-07-14 18:02:15Z Send 國際股市==>  Program Start
2016-07-14 18:02:15Z Send 國際股市==>  Program END 

Create log file
2016-07-14 18:02:39Z Send 國際股市==>  Program Start
2016-07-14 18:02:39Z Send 國際股市==>  Program END 

Create log file
2016-07-14 19:01:03Z Send 國際股市==>  Program Start
2016-07-14 19:01:03Z Send 國際股市==>  Program END 

Create log file
2016-07-14 19:01:30Z Send 國際股市==>  Program Start
2016-07-14 19:01:30Z Send 國際股市==>  Program END 

Create log file
2016-07-14 19:01:54Z Send 國際股市==>  Program Start
2016-07-14 19:01:54Z Send 國際股市==>  Program END 

Create log file
2016-07-14 19:02:15Z Send 國際股市==>  Program Start
2016-07-14 19:02:15Z Send 國際股市==>  Program END 

Create log file
2016-07-14 19:02:36Z Send 國際股市==>  Program Start
2016-07-14 19:02:36Z Send 國際股市==>  Program END 

Create log file
2016-07-14 19:02:59Z Send 國際股市==>  Program Start
2016-07-14 19:02:59Z Send 國際股市==>  Program END 

Create log file
2016-07-14 20:01:03Z Send 國際股市==>  Program Start
2016-07-14 20:01:03Z Send 國際股市==>  Program END 

Create log file
2016-07-14 20:10:06Z stock_data_daily_create_file Program Start
2016-07-14 20:10:06Z stock_data_daily_create_file Program END 

Create log file
2016-07-14 20:20:08Z stock_data_insert_daily Program Start
2016-07-14 20:20:08Z stock_data_insert_daily Program END 

Create log file
2016-07-14 20:30:13Z Send 股市氣象台電子報-今日我最夯<==Strong_UP==>  Program Start
2016-07-14 20:30:13Z Send 股市氣象台電子報-今日我最夯<==Strong_UP==>  Program END 

Create log file
2016-07-14 21:01:03Z Send 國際股市==>  Program Start
2016-07-14 21:01:03Z Send 國際股市==>  Program END 

Create log file
2016-07-14 22:01:01Z Send 國際股市==>  Program Start
2016-07-14 22:01:01Z Send 國際股市==>  Program END 

Create log file
2016-07-14 22:01:28Z Send 國際股市==>  Program Start
2016-07-14 22:01:28Z Send 國際股市==>  Program END 

Create log file
2016-07-14 22:01:50Z Send 國際股市==>  Program Start
2016-07-14 22:01:50Z Send 國際股市==>  Program END 

Create log file
2016-07-14 23:01:01Z Send 國際股市==>  Program Start
2016-07-14 23:01:01Z Send 國際股市==>  Program END 

