Create log file
2016-03-10 00:01:03Z Send 國際股市==>  Program Start
2016-03-10 00:01:03Z Send 國際股市==>  Program END 

Create log file
2016-03-10 01:01:03Z Send 國際股市==>  Program Start
2016-03-10 01:01:03Z Send 國際股市==>  Program END 

Create log file
2016-03-10 08:01:03Z Send 國際股市==>  Program Start
2016-03-10 08:01:03Z Send 國際股市==>  Program END 

Create log file
2016-03-10 08:01:30Z Send 國際股市==>  Program Start
2016-03-10 08:01:30Z Send 國際股市==>  Program END 

Create log file
2016-03-10 08:01:53Z Send 國際股市==>  Program Start
2016-03-10 08:01:53Z Send 國際股市==>  Program END 

Create log file
2016-03-10 08:46:03Z on time future report... Program Start
2016-03-10 08:46:03Z on time future report... Program END 

Create log file
2016-03-10 08:51:03Z on time future report... Program Start
2016-03-10 08:51:03Z on time future report... Program END 

Create log file
2016-03-10 08:56:05Z on time future report... Program Start
2016-03-10 08:56:05Z on time future report... Program END 

Create log file
2016-03-10 09:01:04Z Send 國際股市==>  Program Start
2016-03-10 09:01:04Z Send 國際股市==>  Program END 

Create log file
2016-03-10 09:01:04Z on time future report... Program Start
2016-03-10 09:01:04Z on time future report... Program END 

Create log file
2016-03-10 09:11:01Z on time future report... Program Start
2016-03-10 09:11:01Z on time future report... Program END 

Create log file
2016-03-10 09:16:02Z on time future report... Program Start
2016-03-10 09:16:02Z on time future report... Program END 

Create log file
2016-03-10 09:21:03Z on time future report... Program Start
2016-03-10 09:21:03Z on time future report... Program END 

Create log file
2016-03-10 09:26:01Z on time future report... Program Start
2016-03-10 09:26:01Z on time future report... Program END 

Create log file
2016-03-10 09:31:01Z on time future report... Program Start
2016-03-10 09:31:01Z on time future report... Program END 

Create log file
2016-03-10 09:36:01Z on time future report... Program Start
2016-03-10 09:36:01Z on time future report... Program END 

Create log file
2016-03-10 09:41:02Z on time future report... Program Start
2016-03-10 09:41:02Z on time future report... Program END 

Create log file
2016-03-10 09:46:05Z on time future report... Program Start
2016-03-10 09:46:05Z on time future report... Program END 

Create log file
2016-03-10 09:51:01Z on time future report... Program Start
2016-03-10 09:51:01Z on time future report... Program END 

Create log file
2016-03-10 09:56:01Z on time future report... Program Start
2016-03-10 09:56:01Z on time future report... Program END 

Create log file
2016-03-10 10:01:01Z Send 國際股市==>  Program Start
2016-03-10 10:01:01Z Send 國際股市==>  Program END 

Create log file
2016-03-10 10:01:28Z on time future report... Program Start
2016-03-10 10:01:28Z on time future report... Program END 

Create log file
2016-03-10 10:11:02Z on time future report... Program Start
2016-03-10 10:11:02Z on time future report... Program END 

Create log file
2016-03-10 10:16:01Z on time future report... Program Start
2016-03-10 10:16:01Z on time future report... Program END 

Create log file
2016-03-10 10:21:04Z on time future report... Program Start
2016-03-10 10:21:04Z on time future report... Program END 

Create log file
2016-03-10 10:26:01Z on time future report... Program Start
2016-03-10 10:26:01Z on time future report... Program END 

Create log file
2016-03-10 10:31:03Z on time future report... Program Start
2016-03-10 10:31:03Z on time future report... Program END 

Create log file
2016-03-10 10:36:01Z on time future report... Program Start
2016-03-10 10:36:01Z on time future report... Program END 

Create log file
2016-03-10 10:41:04Z on time future report... Program Start
2016-03-10 10:41:04Z on time future report... Program END 

Create log file
2016-03-10 10:46:01Z on time future report... Program Start
2016-03-10 10:46:01Z on time future report... Program END 

Create log file
2016-03-10 10:51:01Z on time future report... Program Start
2016-03-10 10:51:01Z on time future report... Program END 

Create log file
2016-03-10 10:56:01Z on time future report... Program Start
2016-03-10 10:56:01Z on time future report... Program END 

Create log file
2016-03-10 11:01:01Z Send 國際股市==>  Program Start
2016-03-10 11:01:01Z Send 國際股市==>  Program END 

Create log file
2016-03-10 11:01:29Z on time future report... Program Start
2016-03-10 11:01:29Z on time future report... Program END 

Create log file
2016-03-10 11:06:05Z on time future report... Program Start
2016-03-10 11:06:05Z on time future report... Program END 

Create log file
2016-03-10 11:11:02Z on time future report... Program Start
2016-03-10 11:11:02Z on time future report... Program END 

Create log file
2016-03-10 11:16:01Z on time future report... Program Start
2016-03-10 11:16:01Z on time future report... Program END 

Create log file
2016-03-10 11:21:01Z on time future report... Program Start
2016-03-10 11:21:01Z on time future report... Program END 

Create log file
2016-03-10 11:26:01Z on time future report... Program Start
2016-03-10 11:26:01Z on time future report... Program END 

Create log file
2016-03-10 11:31:02Z on time future report... Program Start
2016-03-10 11:31:02Z on time future report... Program END 

Create log file
2016-03-10 11:36:01Z on time future report... Program Start
2016-03-10 11:36:01Z on time future report... Program END 

Create log file
2016-03-10 11:41:01Z on time future report... Program Start
2016-03-10 11:41:01Z on time future report... Program END 

Create log file
2016-03-10 11:46:01Z on time future report... Program Start
2016-03-10 11:46:01Z on time future report... Program END 

Create log file
2016-03-10 11:51:03Z on time future report... Program Start
2016-03-10 11:51:03Z on time future report... Program END 

Create log file
2016-03-10 11:56:01Z on time future report... Program Start
2016-03-10 11:56:01Z on time future report... Program END 

Create log file
2016-03-10 12:01:01Z Send 國際股市==>  Program Start
2016-03-10 12:01:01Z Send 國際股市==>  Program END 

Create log file
2016-03-10 12:01:34Z on time future report... Program Start
2016-03-10 12:01:34Z on time future report... Program END 

Create log file
2016-03-10 12:06:01Z on time future report... Program Start
2016-03-10 12:06:01Z on time future report... Program END 

Create log file
2016-03-10 12:11:01Z on time future report... Program Start
2016-03-10 12:11:01Z on time future report... Program END 

Create log file
2016-03-10 12:16:01Z on time future report... Program Start
2016-03-10 12:16:01Z on time future report... Program END 

Create log file
2016-03-10 12:21:01Z on time future report... Program Start
2016-03-10 12:21:01Z on time future report... Program END 

Create log file
2016-03-10 12:26:02Z on time future report... Program Start
2016-03-10 12:26:02Z on time future report... Program END 

Create log file
2016-03-10 12:31:01Z on time future report... Program Start
2016-03-10 12:31:01Z on time future report... Program END 

Create log file
2016-03-10 12:36:01Z on time future report... Program Start
2016-03-10 12:36:01Z on time future report... Program END 

Create log file
2016-03-10 12:41:01Z on time future report... Program Start
2016-03-10 12:41:01Z on time future report... Program END 

Create log file
2016-03-10 12:46:01Z on time future report... Program Start
2016-03-10 12:46:01Z on time future report... Program END 

Create log file
2016-03-10 12:51:02Z on time future report... Program Start
2016-03-10 12:51:02Z on time future report... Program END 

Create log file
2016-03-10 12:56:05Z on time future report... Program Start
2016-03-10 12:56:05Z on time future report... Program END 

Create log file
2016-03-10 13:01:03Z on time future report... Program Start
2016-03-10 13:01:03Z on time future report... Program END 

Create log file
2016-03-10 13:01:03Z Send 國際股市==>  Program Start
2016-03-10 13:01:03Z Send 國際股市==>  Program END 

Create log file
2016-03-10 13:06:01Z on time future report... Program Start
2016-03-10 13:06:01Z on time future report... Program END 

Create log file
2016-03-10 13:11:01Z on time future report... Program Start
2016-03-10 13:11:01Z on time future report... Program END 

Create log file
2016-03-10 13:16:03Z on time future report... Program Start
2016-03-10 13:16:03Z on time future report... Program END 

Create log file
2016-03-10 13:21:01Z on time future report... Program Start
2016-03-10 13:21:01Z on time future report... Program END 

Create log file
2016-03-10 13:26:01Z on time future report... Program Start
2016-03-10 13:26:01Z on time future report... Program END 

Create log file
2016-03-10 13:31:01Z on time future report... Program Start
2016-03-10 13:31:01Z on time future report... Program END 

Create log file
2016-03-10 13:41:01Z on time future report... Program Start
2016-03-10 13:41:01Z on time future report... Program END 

Create log file
2016-03-10 13:46:02Z on time future report... Program Start
2016-03-10 13:46:02Z on time future report... Program END 

Create log file
2016-03-10 14:01:00Z Send 國際股市==>  Program Start
2016-03-10 14:01:00Z Send 國際股市==>  Program END 

Create log file
2016-03-10 15:01:01Z Send 國際股市==>  Program Start
2016-03-10 15:01:01Z Send 國際股市==>  Program END 

Create log file
2016-03-10 15:50:14Z option_insert_daily Program Start
2016-03-10 15:50:14Z option_insert_daily Program END 

Create log file
2016-03-10 15:56:22Z Send Option_OIV_daily Program Start
2016-03-10 15:56:22Z Send Option_OIV_daily Program END 

Create log file
2016-03-10 16:01:00Z Send 國際股市==>  Program Start
2016-03-10 16:01:00Z Send 國際股市==>  Program END 

Create log file
2016-03-10 17:01:01Z Send 國際股市==>  Program Start
2016-03-10 17:01:01Z Send 國際股市==>  Program END 

Create log file
2016-03-10 18:01:01Z Send 國際股市==>  Program Start
2016-03-10 18:01:01Z Send 國際股市==>  Program END 

Create log file
2016-03-10 18:01:28Z Send 國際股市==>  Program Start
2016-03-10 18:01:28Z Send 國際股市==>  Program END 

Create log file
2016-03-10 18:01:49Z Send 國際股市==>  Program Start
2016-03-10 18:01:49Z Send 國際股市==>  Program END 

Create log file
2016-03-10 18:02:12Z Send 國際股市==>  Program Start
2016-03-10 18:02:12Z Send 國際股市==>  Program END 

Create log file
2016-03-10 19:01:03Z Send 國際股市==>  Program Start
2016-03-10 19:01:03Z Send 國際股市==>  Program END 

Create log file
2016-03-10 19:01:45Z Send 國際股市==>  Program Start
2016-03-10 19:01:45Z Send 國際股市==>  Program END 

Create log file
2016-03-10 19:02:08Z Send 國際股市==>  Program Start
2016-03-10 19:02:08Z Send 國際股市==>  Program END 

Create log file
2016-03-10 20:01:01Z Send 國際股市==>  Program Start
2016-03-10 20:01:01Z Send 國際股市==>  Program END 

Create log file
2016-03-10 20:10:02Z stock_data_daily_create_file Program Start
2016-03-10 20:10:02Z stock_data_daily_create_file Program END 

Create log file
2016-03-10 20:20:04Z stock_data_insert_daily Program Start
2016-03-10 20:20:04Z stock_data_insert_daily Program END 

Create log file
2016-03-10 20:30:15Z Send 股市氣象台電子報-今日我最夯<==Strong_UP==>  Program Start
2016-03-10 20:30:15Z Send 股市氣象台電子報-今日我最夯<==Strong_UP==>  Program END 

Create log file
2016-03-10 21:01:00Z Send 國際股市==>  Program Start
2016-03-10 21:01:00Z Send 國際股市==>  Program END 

Create log file
2016-03-10 22:01:01Z Send 國際股市==>  Program Start
2016-03-10 22:01:01Z Send 國際股市==>  Program END 

Create log file
2016-03-10 22:01:27Z Send 國際股市==>  Program Start
2016-03-10 22:01:27Z Send 國際股市==>  Program END 

Create log file
2016-03-10 23:01:03Z Send 國際股市==>  Program Start
2016-03-10 23:01:03Z Send 國際股市==>  Program END 

Create log file
2016-03-10 23:54:35Z Query Stock_id is 2409 Program Start
2016-03-10 23:54:35Z Query Stock_id is 2409 Program END 

Create log file
2016-03-10 23:54:36Z Query Stock_id is 2492 Program Start
2016-03-10 23:54:36Z Query Stock_id is 2492 Program END 

Create log file
2016-03-10 23:54:36Z Query Stock_id is 3481 Program Start
2016-03-10 23:54:36Z Query Stock_id is 3481 Program END 

Create log file
2016-03-10 23:54:36Z Query Stock_id is 2421 Program Start
2016-03-10 23:54:36Z Query Stock_id is 2421 Program END 

Create log file
2016-03-10 23:54:36Z Query Stock_id is 2883 Program Start
2016-03-10 23:54:36Z Query Stock_id is 2883 Program END 

Create log file
2016-03-10 23:54:36Z Query Stock_id is 2330 Program Start
2016-03-10 23:54:36Z Query Stock_id is 2330 Program END 

Create log file
2016-03-10 23:54:37Z Query Stock_id is 1101 Program Start
2016-03-10 23:54:37Z Query Stock_id is 1101 Program END 

Create log file
2016-03-10 23:54:37Z Query Stock_id is 3231 Program Start
2016-03-10 23:54:37Z Query Stock_id is 3231 Program END 

Create log file
2016-03-10 23:54:37Z Query Stock_id is 2615 Program Start
2016-03-10 23:54:37Z Query Stock_id is 2615 Program END 

Create log file
2016-03-10 23:54:37Z Query Stock_id is 2002 Program Start
2016-03-10 23:54:37Z Query Stock_id is 2002 Program END 

Create log file
2016-03-10 23:54:37Z Query Stock_id is 2892 Program Start
2016-03-10 23:54:37Z Query Stock_id is 2892 Program END 

Create log file
2016-03-10 23:54:37Z Query Stock_id is 1312 Program Start
2016-03-10 23:54:37Z Query Stock_id is 1312 Program END 

Create log file
2016-03-10 23:54:37Z Query Stock_id is 2317 Program Start
2016-03-10 23:54:37Z Query Stock_id is 2317 Program END 

Create log file
2016-03-10 23:54:38Z Query Stock_id is 2880 Program Start
2016-03-10 23:54:38Z Query Stock_id is 2880 Program END 

Create log file
2016-03-10 23:54:38Z Query Stock_id is 2324 Program Start
2016-03-10 23:54:38Z Query Stock_id is 2324 Program END 

Create log file
2016-03-10 23:54:38Z Query Stock_id is 2610 Program Start
2016-03-10 23:54:38Z Query Stock_id is 2610 Program END 

Create log file
2016-03-10 23:54:38Z Query Stock_id is 3682 Program Start
2016-03-10 23:54:38Z Query Stock_id is 3682 Program END 

Create log file
2016-03-10 23:54:38Z Query Stock_id is 2542 Program Start
2016-03-10 23:54:38Z Query Stock_id is 2542 Program END 

Create log file
2016-03-10 23:54:38Z Query Stock_id is 2823 Program Start
2016-03-10 23:54:38Z Query Stock_id is 2823 Program END 

Create log file
2016-03-10 23:54:38Z Query Stock_id is 3673 Program Start
2016-03-10 23:54:38Z Query Stock_id is 3673 Program END 

Create log file
2016-03-10 23:54:39Z Query Stock_id is 2498 Program Start
2016-03-10 23:54:39Z Query Stock_id is 2498 Program END 

Create log file
2016-03-10 23:54:39Z Query Stock_id is 2455 Program Start
2016-03-10 23:54:39Z Query Stock_id is 2455 Program END 

Create log file
2016-03-10 23:54:39Z Query Stock_id is 3105 Program Start
2016-03-10 23:54:39Z Query Stock_id is 3105 Program END 

Create log file
2016-03-10 23:54:39Z Query Stock_id is 3231 Program Start
2016-03-10 23:54:39Z Query Stock_id is 3231 Program END 

Create log file
2016-03-10 23:54:39Z Query Stock_id is 2330 Program Start
2016-03-10 23:54:39Z Query Stock_id is 2330 Program END 

Create log file
2016-03-10 23:54:39Z Query Stock_id is 2542 Program Start
2016-03-10 23:54:39Z Query Stock_id is 2542 Program END 

Create log file
2016-03-10 23:54:39Z Query Stock_id is 3474 Program Start
2016-03-10 23:54:39Z Query Stock_id is 3474 Program END 

Create log file
2016-03-10 23:54:40Z Query Stock_id is 2886 Program Start
2016-03-10 23:54:40Z Query Stock_id is 2886 Program END 

Create log file
2016-03-10 23:54:40Z Query Stock_id is 2892 Program Start
2016-03-10 23:54:40Z Query Stock_id is 2892 Program END 

Create log file
2016-03-10 23:54:40Z Query Stock_id is 2409 Program Start
2016-03-10 23:54:40Z Query Stock_id is 2409 Program END 

Create log file
2016-03-10 23:54:40Z Query Stock_id is 2891 Program Start
2016-03-10 23:54:40Z Query Stock_id is 2891 Program END 

Create log file
2016-03-10 23:54:40Z Query Stock_id is 2449 Program Start
2016-03-10 23:54:40Z Query Stock_id is 2449 Program END 

Create log file
2016-03-10 23:54:40Z Query Stock_id is 2354 Program Start
2016-03-10 23:54:40Z Query Stock_id is 2354 Program END 

Create log file
2016-03-10 23:54:40Z Query Stock_id is 2317 Program Start
2016-03-10 23:54:40Z Query Stock_id is 2317 Program END 

Create log file
2016-03-10 23:54:40Z Query Stock_id is 2610 Program Start
2016-03-10 23:54:40Z Query Stock_id is 2610 Program END 

Create log file
2016-03-10 23:54:41Z Query Stock_id is 2882 Program Start
2016-03-10 23:54:41Z Query Stock_id is 2882 Program END 

Create log file
2016-03-10 23:54:41Z Query Stock_id is 2890 Program Start
2016-03-10 23:54:41Z Query Stock_id is 2890 Program END 

Create log file
2016-03-10 23:54:41Z Query Stock_id is 1312 Program Start
2016-03-10 23:54:41Z Query Stock_id is 1312 Program END 

Create log file
2016-03-10 23:54:41Z Query Stock_id is 2888 Program Start
2016-03-10 23:54:41Z Query Stock_id is 2888 Program END 

Create log file
2016-03-10 23:54:41Z Query Stock_id is 1605 Program Start
2016-03-10 23:54:41Z Query Stock_id is 1605 Program END 

