Create log file
2016-12-26 08:01:09Z Send 國際股市==>  Program Start
2016-12-26 08:01:09Z Send 國際股市==>  Program END 

Create log file
2016-12-26 08:46:06Z on time future report... Program Start
2016-12-26 08:46:06Z on time future report... Program END 

Create log file
2016-12-26 08:51:03Z on time future report... Program Start
2016-12-26 08:51:03Z on time future report... Program END 

Create log file
2016-12-26 08:56:03Z on time future report... Program Start
2016-12-26 08:56:03Z on time future report... Program END 

Create log file
2016-12-26 09:01:02Z Send 國際股市==>  Program Start
2016-12-26 09:01:02Z Send 國際股市==>  Program END 

Create log file
2016-12-26 09:01:04Z on time future report... Program Start
2016-12-26 09:01:04Z on time future report... Program END 

Create log file
2016-12-26 09:06:04Z on time future report... Program Start
2016-12-26 09:06:04Z on time future report... Program END 

Create log file
2016-12-26 09:11:03Z on time future report... Program Start
2016-12-26 09:11:03Z on time future report... Program END 

Create log file
2016-12-26 09:16:05Z on time future report... Program Start
2016-12-26 09:16:05Z on time future report... Program END 

Create log file
2016-12-26 09:21:07Z on time future report... Program Start
2016-12-26 09:21:07Z on time future report... Program END 

Create log file
2016-12-26 09:26:03Z on time future report... Program Start
2016-12-26 09:26:03Z on time future report... Program END 

Create log file
2016-12-26 09:31:03Z on time future report... Program Start
2016-12-26 09:31:03Z on time future report... Program END 

Create log file
2016-12-26 09:36:03Z on time future report... Program Start
2016-12-26 09:36:03Z on time future report... Program END 

Create log file
2016-12-26 09:41:03Z on time future report... Program Start
2016-12-26 09:41:03Z on time future report... Program END 

Create log file
2016-12-26 09:46:07Z on time future report... Program Start
2016-12-26 09:46:07Z on time future report... Program END 

Create log file
2016-12-26 09:51:06Z on time future report... Program Start
2016-12-26 09:51:06Z on time future report... Program END 

Create log file
2016-12-26 09:56:03Z on time future report... Program Start
2016-12-26 09:56:03Z on time future report... Program END 

Create log file
2016-12-26 10:01:02Z Send 國際股市==>  Program Start
2016-12-26 10:01:02Z Send 國際股市==>  Program END 

Create log file
2016-12-26 10:01:05Z on time future report... Program Start
2016-12-26 10:01:05Z on time future report... Program END 

Create log file
2016-12-26 10:06:03Z on time future report... Program Start
2016-12-26 10:06:03Z on time future report... Program END 

Create log file
2016-12-26 10:11:03Z on time future report... Program Start
2016-12-26 10:11:03Z on time future report... Program END 

Create log file
2016-12-26 10:16:04Z on time future report... Program Start
2016-12-26 10:16:04Z on time future report... Program END 

Create log file
2016-12-26 10:21:03Z on time future report... Program Start
2016-12-26 10:21:03Z on time future report... Program END 

Create log file
2016-12-26 10:26:03Z on time future report... Program Start
2016-12-26 10:26:03Z on time future report... Program END 

Create log file
2016-12-26 10:31:05Z on time future report... Program Start
2016-12-26 10:31:05Z on time future report... Program END 

Create log file
2016-12-26 10:36:03Z on time future report... Program Start
2016-12-26 10:36:03Z on time future report... Program END 

Create log file
2016-12-26 10:41:03Z on time future report... Program Start
2016-12-26 10:41:03Z on time future report... Program END 

Create log file
2016-12-26 10:46:03Z on time future report... Program Start
2016-12-26 10:46:03Z on time future report... Program END 

Create log file
2016-12-26 10:51:03Z on time future report... Program Start
2016-12-26 10:51:03Z on time future report... Program END 

Create log file
2016-12-26 10:56:03Z on time future report... Program Start
2016-12-26 10:56:03Z on time future report... Program END 

Create log file
2016-12-26 11:01:02Z Send 國際股市==>  Program Start
2016-12-26 11:01:02Z Send 國際股市==>  Program END 

Create log file
2016-12-26 11:01:04Z on time future report... Program Start
2016-12-26 11:01:04Z on time future report... Program END 

Create log file
2016-12-26 11:06:03Z on time future report... Program Start
2016-12-26 11:06:03Z on time future report... Program END 

Create log file
2016-12-26 11:11:04Z on time future report... Program Start
2016-12-26 11:11:04Z on time future report... Program END 

Create log file
2016-12-26 11:16:03Z on time future report... Program Start
2016-12-26 11:16:03Z on time future report... Program END 

Create log file
2016-12-26 11:21:03Z on time future report... Program Start
2016-12-26 11:21:03Z on time future report... Program END 

Create log file
2016-12-26 11:26:03Z on time future report... Program Start
2016-12-26 11:26:03Z on time future report... Program END 

Create log file
2016-12-26 11:31:06Z on time future report... Program Start
2016-12-26 11:31:06Z on time future report... Program END 

Create log file
2016-12-26 11:36:09Z on time future report... Program Start
2016-12-26 11:36:09Z on time future report... Program END 

Create log file
2016-12-26 11:41:03Z on time future report... Program Start
2016-12-26 11:41:03Z on time future report... Program END 

Create log file
2016-12-26 11:46:03Z on time future report... Program Start
2016-12-26 11:46:03Z on time future report... Program END 

Create log file
2016-12-26 11:51:03Z on time future report... Program Start
2016-12-26 11:51:03Z on time future report... Program END 

Create log file
2016-12-26 11:56:03Z on time future report... Program Start
2016-12-26 11:56:03Z on time future report... Program END 

Create log file
2016-12-26 12:01:02Z Send 國際股市==>  Program Start
2016-12-26 12:01:02Z Send 國際股市==>  Program END 

Create log file
2016-12-26 12:01:05Z on time future report... Program Start
2016-12-26 12:01:05Z on time future report... Program END 

Create log file
2016-12-26 12:06:03Z on time future report... Program Start
2016-12-26 12:06:03Z on time future report... Program END 

Create log file
2016-12-26 12:11:03Z on time future report... Program Start
2016-12-26 12:11:03Z on time future report... Program END 

Create log file
2016-12-26 12:16:03Z on time future report... Program Start
2016-12-26 12:16:03Z on time future report... Program END 

Create log file
2016-12-26 12:21:03Z on time future report... Program Start
2016-12-26 12:21:03Z on time future report... Program END 

Create log file
2016-12-26 12:26:03Z on time future report... Program Start
2016-12-26 12:26:03Z on time future report... Program END 

Create log file
2016-12-26 12:31:03Z on time future report... Program Start
2016-12-26 12:31:03Z on time future report... Program END 

Create log file
2016-12-26 12:36:04Z on time future report... Program Start
2016-12-26 12:36:04Z on time future report... Program END 

Create log file
2016-12-26 12:41:03Z on time future report... Program Start
2016-12-26 12:41:03Z on time future report... Program END 

Create log file
2016-12-26 12:46:03Z on time future report... Program Start
2016-12-26 12:46:03Z on time future report... Program END 

Create log file
2016-12-26 12:51:03Z on time future report... Program Start
2016-12-26 12:51:03Z on time future report... Program END 

Create log file
2016-12-26 12:56:03Z on time future report... Program Start
2016-12-26 12:56:03Z on time future report... Program END 

Create log file
2016-12-26 13:01:01Z Send 國際股市==>  Program Start
2016-12-26 13:01:01Z Send 國際股市==>  Program END 

Create log file
2016-12-26 13:01:04Z on time future report... Program Start
2016-12-26 13:01:04Z on time future report... Program END 

Create log file
2016-12-26 13:06:03Z on time future report... Program Start
2016-12-26 13:06:03Z on time future report... Program END 

Create log file
2016-12-26 13:11:03Z on time future report... Program Start
2016-12-26 13:11:03Z on time future report... Program END 

Create log file
2016-12-26 13:16:03Z on time future report... Program Start
2016-12-26 13:16:03Z on time future report... Program END 

Create log file
2016-12-26 13:21:03Z on time future report... Program Start
2016-12-26 13:21:03Z on time future report... Program END 

Create log file
2016-12-26 13:26:03Z on time future report... Program Start
2016-12-26 13:26:03Z on time future report... Program END 

Create log file
2016-12-26 13:31:03Z on time future report... Program Start
2016-12-26 13:31:03Z on time future report... Program END 

Create log file
2016-12-26 13:36:04Z on time future report... Program Start
2016-12-26 13:36:04Z on time future report... Program END 

Create log file
2016-12-26 13:41:03Z on time future report... Program Start
2016-12-26 13:41:03Z on time future report... Program END 

Create log file
2016-12-26 13:46:03Z on time future report... Program Start
2016-12-26 13:46:03Z on time future report... Program END 

Create log file
2016-12-26 14:01:01Z Send 國際股市==>  Program Start
2016-12-26 14:01:01Z Send 國際股市==>  Program END 

Create log file
2016-12-26 15:01:01Z Send 國際股市==>  Program Start
2016-12-26 15:01:01Z Send 國際股市==>  Program END 

Create log file
2016-12-26 15:50:19Z option_insert_daily Program Start
2016-12-26 15:50:19Z option_insert_daily Program END 

Create log file
2016-12-26 15:56:09Z Send Option_OIV_daily Program Start
2016-12-26 15:56:09Z Send Option_OIV_daily Program END 

Create log file
2016-12-26 16:01:01Z Send 國際股市==>  Program Start
2016-12-26 16:01:01Z Send 國際股市==>  Program END 

Create log file
2016-12-26 17:01:01Z Send 國際股市==>  Program Start
2016-12-26 17:01:01Z Send 國際股市==>  Program END 

Create log file
2016-12-26 18:01:01Z Send 國際股市==>  Program Start
2016-12-26 18:01:01Z Send 國際股市==>  Program END 

Create log file
2016-12-26 18:01:28Z Send 國際股市==>  Program Start
2016-12-26 18:01:28Z Send 國際股市==>  Program END 

Create log file
2016-12-26 18:01:50Z Send 國際股市==>  Program Start
2016-12-26 18:01:50Z Send 國際股市==>  Program END 

Create log file
2016-12-26 18:02:12Z Send 國際股市==>  Program Start
2016-12-26 18:02:12Z Send 國際股市==>  Program END 

Create log file
2016-12-26 18:02:35Z Send 國際股市==>  Program Start
2016-12-26 18:02:35Z Send 國際股市==>  Program END 

Create log file
2016-12-26 19:01:02Z Send 國際股市==>  Program Start
2016-12-26 19:01:02Z Send 國際股市==>  Program END 

Create log file
2016-12-26 19:01:29Z Send 國際股市==>  Program Start
2016-12-26 19:01:29Z Send 國際股市==>  Program END 

Create log file
2016-12-26 19:01:50Z Send 國際股市==>  Program Start
2016-12-26 19:01:50Z Send 國際股市==>  Program END 

Create log file
2016-12-26 19:02:11Z Send 國際股市==>  Program Start
2016-12-26 19:02:11Z Send 國際股市==>  Program END 

Create log file
2016-12-26 19:02:32Z Send 國際股市==>  Program Start
2016-12-26 19:02:32Z Send 國際股市==>  Program END 

Create log file
2016-12-26 19:02:53Z Send 國際股市==>  Program Start
2016-12-26 19:02:53Z Send 國際股市==>  Program END 

Create log file
2016-12-26 19:03:17Z Send 國際股市==>  Program Start
2016-12-26 19:03:17Z Send 國際股市==>  Program END 

Create log file
2016-12-26 20:01:02Z Send 國際股市==>  Program Start
2016-12-26 20:01:02Z Send 國際股市==>  Program END 

Create log file
2016-12-26 20:10:04Z stock_data_daily_create_file Program Start
2016-12-26 20:10:04Z stock_data_daily_create_file Program END 

Create log file
2016-12-26 20:20:04Z stock_data_insert_daily Program Start
2016-12-26 20:20:04Z stock_data_insert_daily Program END 

Create log file
2016-12-26 20:30:08Z Send 股市氣象台電子報-今日我最夯<==Strong_UP==>  Program Start
2016-12-26 20:30:08Z Send 股市氣象台電子報-今日我最夯<==Strong_UP==>  Program END 

Create log file
2016-12-26 21:01:01Z Send 國際股市==>  Program Start
2016-12-26 21:01:01Z Send 國際股市==>  Program END 

Create log file
2016-12-26 22:25:16Z Send 國際股市==>  Program Start
2016-12-26 22:25:16Z Send 國際股市==>  Program END 

Create log file
2016-12-26 22:25:41Z Send 國際股市==>  Program Start
2016-12-26 22:25:41Z Send 國際股市==>  Program END 

Create log file
2016-12-26 22:26:04Z Send 國際股市==>  Program Start
2016-12-26 22:26:04Z Send 國際股市==>  Program END 

Create log file
2016-12-26 22:56:37Z Query Stock_id is 2406 Program Start
2016-12-26 22:56:37Z Query Stock_id is 2406 Program END 

Create log file
2016-12-26 22:56:37Z Query Stock_id is 6220 Program Start
2016-12-26 22:56:37Z Query Stock_id is 6220 Program END 

Create log file
2016-12-26 22:56:37Z Query Stock_id is 2312 Program Start
2016-12-26 22:56:37Z Query Stock_id is 2312 Program END 

Create log file
2016-12-26 22:56:37Z Query Stock_id is 2371 Program Start
2016-12-26 22:56:37Z Query Stock_id is 2371 Program END 

Create log file
2016-12-26 22:56:38Z Query Stock_id is 3481 Program Start
2016-12-26 22:56:38Z Query Stock_id is 3481 Program END 

Create log file
2016-12-26 22:56:38Z Query Stock_id is 2408 Program Start
2016-12-26 22:56:38Z Query Stock_id is 2408 Program END 

Create log file
2016-12-26 22:59:16Z Query Stock_id is 2406 Program Start
2016-12-26 22:59:16Z Query Stock_id is 2406 Program END 

Create log file
2016-12-26 22:59:17Z Query Stock_id is 6220 Program Start
2016-12-26 22:59:17Z Query Stock_id is 6220 Program END 

Create log file
2016-12-26 22:59:17Z Query Stock_id is 2312 Program Start
2016-12-26 22:59:17Z Query Stock_id is 2312 Program END 

Create log file
2016-12-26 22:59:17Z Query Stock_id is 2371 Program Start
2016-12-26 22:59:17Z Query Stock_id is 2371 Program END 

Create log file
2016-12-26 22:59:17Z Query Stock_id is 3481 Program Start
2016-12-26 22:59:17Z Query Stock_id is 3481 Program END 

Create log file
2016-12-26 22:59:17Z Query Stock_id is 2408 Program Start
2016-12-26 22:59:17Z Query Stock_id is 2408 Program END 

Create log file
2016-12-26 23:01:01Z Send 國際股市==>  Program Start
2016-12-26 23:01:01Z Send 國際股市==>  Program END 

Create log file
2016-12-26 23:01:27Z Send 國際股市==>  Program Start
2016-12-26 23:01:27Z Send 國際股市==>  Program END 

