Create log file
2016-06-28 00:01:01Z Send 國際股市==>  Program Start
2016-06-28 00:01:01Z Send 國際股市==>  Program END 

Create log file
2016-06-28 01:01:02Z Send 國際股市==>  Program Start
2016-06-28 01:01:02Z Send 國際股市==>  Program END 

Create log file
2016-06-28 13:47:37Z on time future report... Program Start
2016-06-28 13:47:37Z on time future report... Program END 

Create log file
2016-06-28 13:49:06Z Send 國際股市==>  Program Start
2016-06-28 13:49:06Z Send 國際股市==>  Program END 

Create log file
2016-06-28 14:01:03Z Send 國際股市==>  Program Start
2016-06-28 14:01:03Z Send 國際股市==>  Program END 

Create log file
2016-06-28 14:46:52Z Query Stock_id is 2448 Program Start
2016-06-28 14:46:52Z Query Stock_id is 2448 Program END 

Create log file
2016-06-28 14:46:52Z Query Stock_id is 2409 Program Start
2016-06-28 14:46:52Z Query Stock_id is 2409 Program END 

Create log file
2016-06-28 14:46:52Z Query Stock_id is 2049 Program Start
2016-06-28 14:46:52Z Query Stock_id is 2049 Program END 

Create log file
2016-06-28 14:46:52Z Query Stock_id is 1210 Program Start
2016-06-28 14:46:52Z Query Stock_id is 1210 Program END 

Create log file
2016-06-28 15:01:02Z Send 國際股市==>  Program Start
2016-06-28 15:01:02Z Send 國際股市==>  Program END 

Create log file
2016-06-28 16:01:02Z Send 國際股市==>  Program Start
2016-06-28 16:01:02Z Send 國際股市==>  Program END 

Create log file
2016-06-28 17:01:04Z Send 國際股市==>  Program Start
2016-06-28 17:01:04Z Send 國際股市==>  Program END 

Create log file
2016-06-28 18:01:03Z Send 國際股市==>  Program Start
2016-06-28 18:01:03Z Send 國際股市==>  Program END 

Create log file
2016-06-28 18:01:31Z Send 國際股市==>  Program Start
2016-06-28 18:01:31Z Send 國際股市==>  Program END 

Create log file
2016-06-28 18:01:53Z Send 國際股市==>  Program Start
2016-06-28 18:01:53Z Send 國際股市==>  Program END 

Create log file
2016-06-28 18:02:15Z Send 國際股市==>  Program Start
2016-06-28 18:02:15Z Send 國際股市==>  Program END 

Create log file
2016-06-28 18:02:39Z Send 國際股市==>  Program Start
2016-06-28 18:02:39Z Send 國際股市==>  Program END 

Create log file
2016-06-28 18:18:14Z Send 國際股市==>  Program Start
2016-06-28 18:18:14Z Send 國際股市==>  Program END 

Create log file
2016-06-28 18:18:40Z Send 國際股市==>  Program Start
2016-06-28 18:18:40Z Send 國際股市==>  Program END 

Create log file
2016-06-28 18:19:02Z Send 國際股市==>  Program Start
2016-06-28 18:19:02Z Send 國際股市==>  Program END 

Create log file
2016-06-28 18:19:24Z Send 國際股市==>  Program Start
2016-06-28 18:19:24Z Send 國際股市==>  Program END 

Create log file
2016-06-28 18:19:47Z Send 國際股市==>  Program Start
2016-06-28 18:19:47Z Send 國際股市==>  Program END 

Create log file
2016-06-28 19:01:02Z Send 國際股市==>  Program Start
2016-06-28 19:01:02Z Send 國際股市==>  Program END 

Create log file
2016-06-28 19:01:29Z Send 國際股市==>  Program Start
2016-06-28 19:01:29Z Send 國際股市==>  Program END 

Create log file
2016-06-28 19:01:49Z Send 國際股市==>  Program Start
2016-06-28 19:01:49Z Send 國際股市==>  Program END 

Create log file
2016-06-28 19:02:10Z Send 國際股市==>  Program Start
2016-06-28 19:02:10Z Send 國際股市==>  Program END 

Create log file
2016-06-28 19:02:31Z Send 國際股市==>  Program Start
2016-06-28 19:02:31Z Send 國際股市==>  Program END 

Create log file
2016-06-28 19:02:54Z Send 國際股市==>  Program Start
2016-06-28 19:02:54Z Send 國際股市==>  Program END 

Create log file
2016-06-28 20:01:12Z Send 國際股市==>  Program Start
2016-06-28 20:01:12Z Send 國際股市==>  Program END 

Create log file
2016-06-28 20:10:13Z stock_data_daily_create_file Program Start
2016-06-28 20:10:13Z stock_data_daily_create_file Program END 

Create log file
2016-06-28 21:01:02Z Send 國際股市==>  Program Start
2016-06-28 21:01:02Z Send 國際股市==>  Program END 

Create log file
2016-06-28 22:01:03Z Send 國際股市==>  Program Start
2016-06-28 22:01:03Z Send 國際股市==>  Program END 

Create log file
2016-06-28 22:01:29Z Send 國際股市==>  Program Start
2016-06-28 22:01:29Z Send 國際股市==>  Program END 

Create log file
2016-06-28 22:01:52Z Send 國際股市==>  Program Start
2016-06-28 22:01:52Z Send 國際股市==>  Program END 

Create log file
2016-06-28 23:01:02Z Send 國際股市==>  Program Start
2016-06-28 23:01:02Z Send 國際股市==>  Program END 

Create log file
2016-06-28 23:25:48Z stock_data_daily_create_file Program Start
2016-06-28 23:25:48Z stock_data_daily_create_file Program END 

Create log file
2016-06-28 23:26:03Z stock_data_insert_daily Program Start
2016-06-28 23:26:03Z stock_data_insert_daily Program END 

Create log file
2016-06-28 23:30:09Z Send 股市氣象台電子報-今日我最夯<==Strong_UP==>  Program Start
2016-06-28 23:30:09Z Send 股市氣象台電子報-今日我最夯<==Strong_UP==>  Program END 

Create log file
2016-06-28 23:33:36Z Query Stock_id is 2498 Program Start
2016-06-28 23:33:36Z Query Stock_id is 2498 Program END 

Create log file
2016-06-28 23:33:36Z Query Stock_id is 2409 Program Start
2016-06-28 23:33:36Z Query Stock_id is 2409 Program END 

Create log file
2016-06-28 23:33:36Z Query Stock_id is 2891 Program Start
2016-06-28 23:33:36Z Query Stock_id is 2891 Program END 

Create log file
2016-06-28 23:33:36Z Query Stock_id is 2379 Program Start
2016-06-28 23:33:36Z Query Stock_id is 2379 Program END 

Create log file
2016-06-28 23:33:36Z Query Stock_id is 1527 Program Start
2016-06-28 23:33:36Z Query Stock_id is 1527 Program END 

Create log file
2016-06-28 23:33:36Z Query Stock_id is 1527 Program Start
2016-06-28 23:33:36Z Query Stock_id is 1527 Program END 

Create log file
2016-06-28 23:33:36Z Query Stock_id is 2330 Program Start
2016-06-28 23:33:36Z Query Stock_id is 2330 Program END 

Create log file
2016-06-28 23:33:37Z Query Stock_id is 2330 Program Start
2016-06-28 23:33:37Z Query Stock_id is 2330 Program END 

Create log file
2016-06-28 23:33:37Z Query Stock_id is 2317 Program Start
2016-06-28 23:33:37Z Query Stock_id is 2317 Program END 

Create log file
2016-06-28 23:33:37Z Query Stock_id is 2317 Program Start
2016-06-28 23:33:37Z Query Stock_id is 2317 Program END 

Create log file
2016-06-28 23:33:37Z Query Stock_id is 2356 Program Start
2016-06-28 23:33:37Z Query Stock_id is 2356 Program END 

Create log file
2016-06-28 23:33:37Z Query Stock_id is 2356 Program Start
2016-06-28 23:33:37Z Query Stock_id is 2356 Program END 

Create log file
2016-06-28 23:33:37Z Query Stock_id is 2419 Program Start
2016-06-28 23:33:37Z Query Stock_id is 2419 Program END 

Create log file
2016-06-28 23:33:37Z Query Stock_id is 2412 Program Start
2016-06-28 23:33:37Z Query Stock_id is 2412 Program END 

Create log file
2016-06-28 23:33:38Z Query Stock_id is 2382 Program Start
2016-06-28 23:33:38Z Query Stock_id is 2382 Program END 

Create log file
2016-06-28 23:33:38Z Query Stock_id is 3231 Program Start
2016-06-28 23:33:38Z Query Stock_id is 3231 Program END 

Create log file
2016-06-28 23:33:38Z Query Stock_id is 2448 Program Start
2016-06-28 23:33:38Z Query Stock_id is 2448 Program END 

Create log file
2016-06-28 23:33:38Z Query Stock_id is 2409 Program Start
2016-06-28 23:33:38Z Query Stock_id is 2409 Program END 

Create log file
2016-06-28 23:33:38Z Query Stock_id is 2049 Program Start
2016-06-28 23:33:38Z Query Stock_id is 2049 Program END 

Create log file
2016-06-28 23:33:38Z Query Stock_id is 1210 Program Start
2016-06-28 23:33:38Z Query Stock_id is 1210 Program END 

Create log file
2016-06-28 23:36:51Z Query Stock_id is 2498 Program Start
2016-06-28 23:36:51Z Query Stock_id is 2498 Program END 

Create log file
2016-06-28 23:36:52Z Query Stock_id is 2409 Program Start
2016-06-28 23:36:52Z Query Stock_id is 2409 Program END 

Create log file
2016-06-28 23:36:52Z Query Stock_id is 2891 Program Start
2016-06-28 23:36:52Z Query Stock_id is 2891 Program END 

Create log file
2016-06-28 23:36:52Z Query Stock_id is 2379 Program Start
2016-06-28 23:36:52Z Query Stock_id is 2379 Program END 

Create log file
2016-06-28 23:36:52Z Query Stock_id is 1527 Program Start
2016-06-28 23:36:52Z Query Stock_id is 1527 Program END 

Create log file
2016-06-28 23:36:52Z Query Stock_id is 1527 Program Start
2016-06-28 23:36:52Z Query Stock_id is 1527 Program END 

Create log file
2016-06-28 23:36:52Z Query Stock_id is 2330 Program Start
2016-06-28 23:36:52Z Query Stock_id is 2330 Program END 

Create log file
2016-06-28 23:36:53Z Query Stock_id is 2330 Program Start
2016-06-28 23:36:53Z Query Stock_id is 2330 Program END 

Create log file
2016-06-28 23:36:53Z Query Stock_id is 2317 Program Start
2016-06-28 23:36:53Z Query Stock_id is 2317 Program END 

Create log file
2016-06-28 23:36:53Z Query Stock_id is 2317 Program Start
2016-06-28 23:36:53Z Query Stock_id is 2317 Program END 

Create log file
2016-06-28 23:36:53Z Query Stock_id is 2356 Program Start
2016-06-28 23:36:53Z Query Stock_id is 2356 Program END 

Create log file
2016-06-28 23:36:53Z Query Stock_id is 2356 Program Start
2016-06-28 23:36:53Z Query Stock_id is 2356 Program END 

Create log file
2016-06-28 23:36:53Z Query Stock_id is 2419 Program Start
2016-06-28 23:36:53Z Query Stock_id is 2419 Program END 

Create log file
2016-06-28 23:36:53Z Query Stock_id is 2412 Program Start
2016-06-28 23:36:53Z Query Stock_id is 2412 Program END 

Create log file
2016-06-28 23:36:54Z Query Stock_id is 2382 Program Start
2016-06-28 23:36:54Z Query Stock_id is 2382 Program END 

Create log file
2016-06-28 23:36:54Z Query Stock_id is 3231 Program Start
2016-06-28 23:36:54Z Query Stock_id is 3231 Program END 

Create log file
2016-06-28 23:36:54Z Query Stock_id is 2448 Program Start
2016-06-28 23:36:54Z Query Stock_id is 2448 Program END 

Create log file
2016-06-28 23:36:54Z Query Stock_id is 2409 Program Start
2016-06-28 23:36:54Z Query Stock_id is 2409 Program END 

Create log file
2016-06-28 23:36:54Z Query Stock_id is 2049 Program Start
2016-06-28 23:36:54Z Query Stock_id is 2049 Program END 

Create log file
2016-06-28 23:36:54Z Query Stock_id is 1210 Program Start
2016-06-28 23:36:54Z Query Stock_id is 1210 Program END 

Create log file
2016-06-28 23:37:06Z Query Stock_id is 2498 Program Start
2016-06-28 23:37:06Z Query Stock_id is 2498 Program END 

Create log file
2016-06-28 23:37:06Z Query Stock_id is 2409 Program Start
2016-06-28 23:37:06Z Query Stock_id is 2409 Program END 

Create log file
2016-06-28 23:37:07Z Query Stock_id is 2891 Program Start
2016-06-28 23:37:07Z Query Stock_id is 2891 Program END 

Create log file
2016-06-28 23:37:07Z Query Stock_id is 2379 Program Start
2016-06-28 23:37:07Z Query Stock_id is 2379 Program END 

Create log file
2016-06-28 23:37:07Z Query Stock_id is 1527 Program Start
2016-06-28 23:37:07Z Query Stock_id is 1527 Program END 

Create log file
2016-06-28 23:37:07Z Query Stock_id is 1527 Program Start
2016-06-28 23:37:07Z Query Stock_id is 1527 Program END 

Create log file
2016-06-28 23:37:07Z Query Stock_id is 2330 Program Start
2016-06-28 23:37:07Z Query Stock_id is 2330 Program END 

Create log file
2016-06-28 23:37:07Z Query Stock_id is 2330 Program Start
2016-06-28 23:37:07Z Query Stock_id is 2330 Program END 

Create log file
2016-06-28 23:37:07Z Query Stock_id is 2317 Program Start
2016-06-28 23:37:07Z Query Stock_id is 2317 Program END 

Create log file
2016-06-28 23:37:08Z Query Stock_id is 2317 Program Start
2016-06-28 23:37:08Z Query Stock_id is 2317 Program END 

Create log file
2016-06-28 23:37:08Z Query Stock_id is 2356 Program Start
2016-06-28 23:37:08Z Query Stock_id is 2356 Program END 

Create log file
2016-06-28 23:37:08Z Query Stock_id is 2356 Program Start
2016-06-28 23:37:08Z Query Stock_id is 2356 Program END 

Create log file
2016-06-28 23:37:08Z Query Stock_id is 2419 Program Start
2016-06-28 23:37:08Z Query Stock_id is 2419 Program END 

Create log file
2016-06-28 23:37:08Z Query Stock_id is 2412 Program Start
2016-06-28 23:37:08Z Query Stock_id is 2412 Program END 

Create log file
2016-06-28 23:37:08Z Query Stock_id is 2382 Program Start
2016-06-28 23:37:08Z Query Stock_id is 2382 Program END 

Create log file
2016-06-28 23:37:09Z Query Stock_id is 3231 Program Start
2016-06-28 23:37:09Z Query Stock_id is 3231 Program END 

Create log file
2016-06-28 23:37:09Z Query Stock_id is 2448 Program Start
2016-06-28 23:37:09Z Query Stock_id is 2448 Program END 

Create log file
2016-06-28 23:37:09Z Query Stock_id is 2409 Program Start
2016-06-28 23:37:09Z Query Stock_id is 2409 Program END 

Create log file
2016-06-28 23:37:09Z Query Stock_id is 2049 Program Start
2016-06-28 23:37:09Z Query Stock_id is 2049 Program END 

Create log file
2016-06-28 23:37:09Z Query Stock_id is 1210 Program Start
2016-06-28 23:37:09Z Query Stock_id is 1210 Program END 

Create log file
2016-06-28 23:40:19Z Query Stock_id is 2498 Program Start
2016-06-28 23:40:19Z Query Stock_id is 2498 Program END 

Create log file
2016-06-28 23:40:19Z Query Stock_id is 2409 Program Start
2016-06-28 23:40:19Z Query Stock_id is 2409 Program END 

Create log file
2016-06-28 23:40:19Z Query Stock_id is 2891 Program Start
2016-06-28 23:40:19Z Query Stock_id is 2891 Program END 

Create log file
2016-06-28 23:40:20Z Query Stock_id is 2379 Program Start
2016-06-28 23:40:20Z Query Stock_id is 2379 Program END 

Create log file
2016-06-28 23:40:20Z Query Stock_id is 1527 Program Start
2016-06-28 23:40:20Z Query Stock_id is 1527 Program END 

Create log file
2016-06-28 23:40:20Z Query Stock_id is 1527 Program Start
2016-06-28 23:40:20Z Query Stock_id is 1527 Program END 

Create log file
2016-06-28 23:40:20Z Query Stock_id is 2330 Program Start
2016-06-28 23:40:20Z Query Stock_id is 2330 Program END 

Create log file
2016-06-28 23:40:20Z Query Stock_id is 2330 Program Start
2016-06-28 23:40:20Z Query Stock_id is 2330 Program END 

Create log file
2016-06-28 23:40:20Z Query Stock_id is 2317 Program Start
2016-06-28 23:40:20Z Query Stock_id is 2317 Program END 

Create log file
2016-06-28 23:40:21Z Query Stock_id is 2317 Program Start
2016-06-28 23:40:21Z Query Stock_id is 2317 Program END 

Create log file
2016-06-28 23:40:21Z Query Stock_id is 2356 Program Start
2016-06-28 23:40:21Z Query Stock_id is 2356 Program END 

Create log file
2016-06-28 23:40:21Z Query Stock_id is 2356 Program Start
2016-06-28 23:40:21Z Query Stock_id is 2356 Program END 

Create log file
2016-06-28 23:40:21Z Query Stock_id is 2419 Program Start
2016-06-28 23:40:21Z Query Stock_id is 2419 Program END 

Create log file
2016-06-28 23:40:21Z Query Stock_id is 2412 Program Start
2016-06-28 23:40:21Z Query Stock_id is 2412 Program END 

Create log file
2016-06-28 23:40:21Z Query Stock_id is 2382 Program Start
2016-06-28 23:40:21Z Query Stock_id is 2382 Program END 

Create log file
2016-06-28 23:40:21Z Query Stock_id is 3231 Program Start
2016-06-28 23:40:21Z Query Stock_id is 3231 Program END 

Create log file
2016-06-28 23:40:22Z Query Stock_id is 2448 Program Start
2016-06-28 23:40:22Z Query Stock_id is 2448 Program END 

Create log file
2016-06-28 23:40:22Z Query Stock_id is 2409 Program Start
2016-06-28 23:40:22Z Query Stock_id is 2409 Program END 

Create log file
2016-06-28 23:40:22Z Query Stock_id is 2049 Program Start
2016-06-28 23:40:22Z Query Stock_id is 2049 Program END 

Create log file
2016-06-28 23:40:22Z Query Stock_id is 1210 Program Start
2016-06-28 23:40:22Z Query Stock_id is 1210 Program END 

