Create log file
2016-07-20 00:01:04Z Send 國際股市==>  Program Start
2016-07-20 00:01:04Z Send 國際股市==>  Program END 

Create log file
2016-07-20 00:20:15Z Query Stock_id is 3481 Program Start
2016-07-20 00:20:15Z Query Stock_id is 3481 Program END 

Create log file
2016-07-20 00:20:16Z Query Stock_id is 3231 Program Start
2016-07-20 00:20:16Z Query Stock_id is 3231 Program END 

Create log file
2016-07-20 00:20:16Z Query Stock_id is 2881 Program Start
2016-07-20 00:20:16Z Query Stock_id is 2881 Program END 

Create log file
2016-07-20 00:20:16Z Query Stock_id is 2439 Program Start
2016-07-20 00:20:16Z Query Stock_id is 2439 Program END 

Create log file
2016-07-20 00:20:16Z Query Stock_id is 2891 Program Start
2016-07-20 00:20:16Z Query Stock_id is 2891 Program END 

Create log file
2016-07-20 00:20:16Z Query Stock_id is 2330 Program Start
2016-07-20 00:20:16Z Query Stock_id is 2330 Program END 

Create log file
2016-07-20 00:20:16Z Query Stock_id is 2603 Program Start
2016-07-20 00:20:16Z Query Stock_id is 2603 Program END 

Create log file
2016-07-20 00:20:17Z Query Stock_id is 2885 Program Start
2016-07-20 00:20:17Z Query Stock_id is 2885 Program END 

Create log file
2016-07-20 00:20:17Z Query Stock_id is 2892 Program Start
2016-07-20 00:20:17Z Query Stock_id is 2892 Program END 

Create log file
2016-07-20 00:20:17Z Query Stock_id is 3702 Program Start
2016-07-20 00:20:17Z Query Stock_id is 3702 Program END 

Create log file
2016-07-20 00:20:17Z Query Stock_id is 2880 Program Start
2016-07-20 00:20:17Z Query Stock_id is 2880 Program END 

Create log file
2016-07-20 00:20:17Z Query Stock_id is 2887 Program Start
2016-07-20 00:20:17Z Query Stock_id is 2887 Program END 

Create log file
2016-07-20 00:20:17Z Query Stock_id is 2317 Program Start
2016-07-20 00:20:17Z Query Stock_id is 2317 Program END 

Create log file
2016-07-20 00:20:18Z Query Stock_id is 2324 Program Start
2016-07-20 00:20:18Z Query Stock_id is 2324 Program END 

Create log file
2016-07-20 00:20:18Z Query Stock_id is 2834 Program Start
2016-07-20 00:20:18Z Query Stock_id is 2834 Program END 

Create log file
2016-07-20 00:20:18Z Query Stock_id is 5880 Program Start
2016-07-20 00:20:18Z Query Stock_id is 5880 Program END 

Create log file
2016-07-20 00:20:18Z Query Stock_id is 3682 Program Start
2016-07-20 00:20:18Z Query Stock_id is 3682 Program END 

Create log file
2016-07-20 00:20:18Z Query Stock_id is 6505 Program Start
2016-07-20 00:20:18Z Query Stock_id is 6505 Program END 

Create log file
2016-07-20 00:20:19Z Query Stock_id is 2408 Program Start
2016-07-20 00:20:19Z Query Stock_id is 2408 Program END 

Create log file
2016-07-20 00:20:19Z Query Stock_id is 1326 Program Start
2016-07-20 00:20:19Z Query Stock_id is 1326 Program END 

Create log file
2016-07-20 00:20:19Z Query Stock_id is 1102 Program Start
2016-07-20 00:20:19Z Query Stock_id is 1102 Program END 

Create log file
2016-07-20 00:20:19Z Query Stock_id is 2801 Program Start
2016-07-20 00:20:19Z Query Stock_id is 2801 Program END 

Create log file
2016-07-20 00:20:19Z Query Stock_id is 2002 Program Start
2016-07-20 00:20:19Z Query Stock_id is 2002 Program END 

Create log file
2016-07-20 00:20:19Z Query Stock_id is 1216 Program Start
2016-07-20 00:20:19Z Query Stock_id is 1216 Program END 

Create log file
2016-07-20 00:20:20Z Query Stock_id is 3045 Program Start
2016-07-20 00:20:20Z Query Stock_id is 3045 Program END 

Create log file
2016-07-20 00:20:20Z Query Stock_id is 4938 Program Start
2016-07-20 00:20:20Z Query Stock_id is 4938 Program END 

Create log file
2016-07-20 00:20:20Z Query Stock_id is 2301 Program Start
2016-07-20 00:20:20Z Query Stock_id is 2301 Program END 

Create log file
2016-07-20 01:01:03Z Send 國際股市==>  Program Start
2016-07-20 01:01:03Z Send 國際股市==>  Program END 

Create log file
2016-07-20 08:01:04Z Send 國際股市==>  Program Start
2016-07-20 08:01:04Z Send 國際股市==>  Program END 

Create log file
2016-07-20 08:01:30Z Send 國際股市==>  Program Start
2016-07-20 08:01:30Z Send 國際股市==>  Program END 

Create log file
2016-07-20 08:01:52Z Send 國際股市==>  Program Start
2016-07-20 08:01:52Z Send 國際股市==>  Program END 

Create log file
2016-07-20 08:02:15Z Send 國際股市==>  Program Start
2016-07-20 08:02:15Z Send 國際股市==>  Program END 

Create log file
2016-07-20 08:46:03Z on time future report... Program Start
2016-07-20 08:46:03Z on time future report... Program END 

Create log file
2016-07-20 08:51:03Z on time future report... Program Start
2016-07-20 08:51:03Z on time future report... Program END 

Create log file
2016-07-20 08:56:04Z on time future report... Program Start
2016-07-20 08:56:04Z on time future report... Program END 

Create log file
2016-07-20 09:01:05Z Send 國際股市==>  Program Start
2016-07-20 09:01:05Z Send 國際股市==>  Program END 

Create log file
2016-07-20 09:01:06Z on time future report... Program Start
2016-07-20 09:01:06Z on time future report... Program END 

Create log file
2016-07-20 09:06:03Z on time future report... Program Start
2016-07-20 09:06:03Z on time future report... Program END 

Create log file
2016-07-20 09:09:18Z Query Stock_id is 3481 Program Start
2016-07-20 09:09:18Z Query Stock_id is 3481 Program END 

Create log file
2016-07-20 09:09:18Z Query Stock_id is 3231 Program Start
2016-07-20 09:09:18Z Query Stock_id is 3231 Program END 

Create log file
2016-07-20 09:09:18Z Query Stock_id is 2881 Program Start
2016-07-20 09:09:18Z Query Stock_id is 2881 Program END 

Create log file
2016-07-20 09:09:18Z Query Stock_id is 2439 Program Start
2016-07-20 09:09:18Z Query Stock_id is 2439 Program END 

Create log file
2016-07-20 09:09:19Z Query Stock_id is 2891 Program Start
2016-07-20 09:09:19Z Query Stock_id is 2891 Program END 

Create log file
2016-07-20 09:09:19Z Query Stock_id is 2330 Program Start
2016-07-20 09:09:19Z Query Stock_id is 2330 Program END 

Create log file
2016-07-20 09:09:19Z Query Stock_id is 2603 Program Start
2016-07-20 09:09:19Z Query Stock_id is 2603 Program END 

Create log file
2016-07-20 09:09:20Z Query Stock_id is 2885 Program Start
2016-07-20 09:09:20Z Query Stock_id is 2885 Program END 

Create log file
2016-07-20 09:09:20Z Query Stock_id is 2892 Program Start
2016-07-20 09:09:20Z Query Stock_id is 2892 Program END 

Create log file
2016-07-20 09:09:20Z Query Stock_id is 3702 Program Start
2016-07-20 09:09:20Z Query Stock_id is 3702 Program END 

Create log file
2016-07-20 09:09:20Z Query Stock_id is 2880 Program Start
2016-07-20 09:09:20Z Query Stock_id is 2880 Program END 

Create log file
2016-07-20 09:09:20Z Query Stock_id is 2887 Program Start
2016-07-20 09:09:20Z Query Stock_id is 2887 Program END 

Create log file
2016-07-20 09:09:21Z Query Stock_id is 2317 Program Start
2016-07-20 09:09:21Z Query Stock_id is 2317 Program END 

Create log file
2016-07-20 09:09:21Z Query Stock_id is 2324 Program Start
2016-07-20 09:09:21Z Query Stock_id is 2324 Program END 

Create log file
2016-07-20 09:09:21Z Query Stock_id is 2834 Program Start
2016-07-20 09:09:21Z Query Stock_id is 2834 Program END 

Create log file
2016-07-20 09:09:21Z Query Stock_id is 5880 Program Start
2016-07-20 09:09:21Z Query Stock_id is 5880 Program END 

Create log file
2016-07-20 09:09:22Z Query Stock_id is 3682 Program Start
2016-07-20 09:09:22Z Query Stock_id is 3682 Program END 

Create log file
2016-07-20 09:09:22Z Query Stock_id is 6505 Program Start
2016-07-20 09:09:22Z Query Stock_id is 6505 Program END 

Create log file
2016-07-20 09:09:22Z Query Stock_id is 2408 Program Start
2016-07-20 09:09:22Z Query Stock_id is 2408 Program END 

Create log file
2016-07-20 09:09:22Z Query Stock_id is 1326 Program Start
2016-07-20 09:09:22Z Query Stock_id is 1326 Program END 

Create log file
2016-07-20 09:09:22Z Query Stock_id is 1102 Program Start
2016-07-20 09:09:22Z Query Stock_id is 1102 Program END 

Create log file
2016-07-20 09:09:23Z Query Stock_id is 2801 Program Start
2016-07-20 09:09:23Z Query Stock_id is 2801 Program END 

Create log file
2016-07-20 09:09:23Z Query Stock_id is 2002 Program Start
2016-07-20 09:09:23Z Query Stock_id is 2002 Program END 

Create log file
2016-07-20 09:09:23Z Query Stock_id is 1216 Program Start
2016-07-20 09:09:23Z Query Stock_id is 1216 Program END 

Create log file
2016-07-20 09:09:23Z Query Stock_id is 3045 Program Start
2016-07-20 09:09:23Z Query Stock_id is 3045 Program END 

Create log file
2016-07-20 09:09:23Z Query Stock_id is 4938 Program Start
2016-07-20 09:09:23Z Query Stock_id is 4938 Program END 

Create log file
2016-07-20 09:09:24Z Query Stock_id is 2301 Program Start
2016-07-20 09:09:24Z Query Stock_id is 2301 Program END 

Create log file
2016-07-20 09:11:03Z on time future report... Program Start
2016-07-20 09:11:03Z on time future report... Program END 

Create log file
2016-07-20 09:16:03Z on time future report... Program Start
2016-07-20 09:16:03Z on time future report... Program END 

Create log file
2016-07-20 09:21:03Z on time future report... Program Start
2016-07-20 09:21:03Z on time future report... Program END 

Create log file
2016-07-20 09:26:03Z on time future report... Program Start
2016-07-20 09:26:03Z on time future report... Program END 

Create log file
2016-07-20 09:31:03Z on time future report... Program Start
2016-07-20 09:31:03Z on time future report... Program END 

Create log file
2016-07-20 09:36:06Z on time future report... Program Start
2016-07-20 09:36:06Z on time future report... Program END 

Create log file
2016-07-20 09:41:03Z on time future report... Program Start
2016-07-20 09:41:03Z on time future report... Program END 

Create log file
2016-07-20 09:46:03Z on time future report... Program Start
2016-07-20 09:46:03Z on time future report... Program END 

Create log file
2016-07-20 09:51:03Z on time future report... Program Start
2016-07-20 09:51:03Z on time future report... Program END 

Create log file
2016-07-20 09:56:03Z on time future report... Program Start
2016-07-20 09:56:03Z on time future report... Program END 

Create log file
2016-07-20 10:01:03Z Send 國際股市==>  Program Start
2016-07-20 10:01:03Z Send 國際股市==>  Program END 

Create log file
2016-07-20 10:01:04Z on time future report... Program Start
2016-07-20 10:01:04Z on time future report... Program END 

Create log file
2016-07-20 10:01:44Z Query Stock_id is 3481 Program Start
2016-07-20 10:01:44Z Query Stock_id is 3481 Program END 

Create log file
2016-07-20 10:01:44Z Query Stock_id is 3231 Program Start
2016-07-20 10:01:44Z Query Stock_id is 3231 Program END 

Create log file
2016-07-20 10:01:45Z Query Stock_id is 2881 Program Start
2016-07-20 10:01:45Z Query Stock_id is 2881 Program END 

Create log file
2016-07-20 10:01:45Z Query Stock_id is 2439 Program Start
2016-07-20 10:01:45Z Query Stock_id is 2439 Program END 

Create log file
2016-07-20 10:01:45Z Query Stock_id is 2891 Program Start
2016-07-20 10:01:45Z Query Stock_id is 2891 Program END 

Create log file
2016-07-20 10:01:45Z Query Stock_id is 2330 Program Start
2016-07-20 10:01:45Z Query Stock_id is 2330 Program END 

Create log file
2016-07-20 10:01:45Z Query Stock_id is 2603 Program Start
2016-07-20 10:01:45Z Query Stock_id is 2603 Program END 

Create log file
2016-07-20 10:01:46Z Query Stock_id is 2885 Program Start
2016-07-20 10:01:46Z Query Stock_id is 2885 Program END 

Create log file
2016-07-20 10:01:46Z Query Stock_id is 2892 Program Start
2016-07-20 10:01:46Z Query Stock_id is 2892 Program END 

Create log file
2016-07-20 10:01:46Z Query Stock_id is 3702 Program Start
2016-07-20 10:01:46Z Query Stock_id is 3702 Program END 

Create log file
2016-07-20 10:01:46Z Query Stock_id is 2880 Program Start
2016-07-20 10:01:46Z Query Stock_id is 2880 Program END 

Create log file
2016-07-20 10:01:46Z Query Stock_id is 2887 Program Start
2016-07-20 10:01:46Z Query Stock_id is 2887 Program END 

Create log file
2016-07-20 10:01:47Z Query Stock_id is 2317 Program Start
2016-07-20 10:01:47Z Query Stock_id is 2317 Program END 

Create log file
2016-07-20 10:01:48Z Query Stock_id is 2324 Program Start
2016-07-20 10:01:48Z Query Stock_id is 2324 Program END 

Create log file
2016-07-20 10:01:48Z Query Stock_id is 2834 Program Start
2016-07-20 10:01:48Z Query Stock_id is 2834 Program END 

Create log file
2016-07-20 10:01:48Z Query Stock_id is 5880 Program Start
2016-07-20 10:01:48Z Query Stock_id is 5880 Program END 

Create log file
2016-07-20 10:01:48Z Query Stock_id is 3682 Program Start
2016-07-20 10:01:48Z Query Stock_id is 3682 Program END 

Create log file
2016-07-20 10:01:49Z Query Stock_id is 6505 Program Start
2016-07-20 10:01:49Z Query Stock_id is 6505 Program END 

Create log file
2016-07-20 10:01:49Z Query Stock_id is 2408 Program Start
2016-07-20 10:01:49Z Query Stock_id is 2408 Program END 

Create log file
2016-07-20 10:01:49Z Query Stock_id is 1326 Program Start
2016-07-20 10:01:49Z Query Stock_id is 1326 Program END 

Create log file
2016-07-20 10:01:50Z Query Stock_id is 1102 Program Start
2016-07-20 10:01:50Z Query Stock_id is 1102 Program END 

Create log file
2016-07-20 10:01:51Z Query Stock_id is 2801 Program Start
2016-07-20 10:01:51Z Query Stock_id is 2801 Program END 

Create log file
2016-07-20 10:01:51Z Query Stock_id is 2002 Program Start
2016-07-20 10:01:51Z Query Stock_id is 2002 Program END 

Create log file
2016-07-20 10:01:51Z Query Stock_id is 1216 Program Start
2016-07-20 10:01:51Z Query Stock_id is 1216 Program END 

Create log file
2016-07-20 10:01:52Z Query Stock_id is 3045 Program Start
2016-07-20 10:01:52Z Query Stock_id is 3045 Program END 

Create log file
2016-07-20 10:01:52Z Query Stock_id is 4938 Program Start
2016-07-20 10:01:52Z Query Stock_id is 4938 Program END 

Create log file
2016-07-20 10:01:52Z Query Stock_id is 2301 Program Start
2016-07-20 10:01:52Z Query Stock_id is 2301 Program END 

Create log file
2016-07-20 10:06:03Z on time future report... Program Start
2016-07-20 10:06:03Z on time future report... Program END 

Create log file
2016-07-20 10:11:04Z on time future report... Program Start
2016-07-20 10:11:04Z on time future report... Program END 

Create log file
2016-07-20 10:16:05Z on time future report... Program Start
2016-07-20 10:16:05Z on time future report... Program END 

Create log file
2016-07-20 10:21:03Z on time future report... Program Start
2016-07-20 10:21:03Z on time future report... Program END 

Create log file
2016-07-20 10:26:03Z on time future report... Program Start
2016-07-20 10:26:03Z on time future report... Program END 

Create log file
2016-07-20 10:31:04Z on time future report... Program Start
2016-07-20 10:31:04Z on time future report... Program END 

Create log file
2016-07-20 10:36:03Z on time future report... Program Start
2016-07-20 10:36:03Z on time future report... Program END 

Create log file
2016-07-20 10:41:03Z on time future report... Program Start
2016-07-20 10:41:03Z on time future report... Program END 

Create log file
2016-07-20 10:46:03Z on time future report... Program Start
2016-07-20 10:46:03Z on time future report... Program END 

Create log file
2016-07-20 10:51:07Z on time future report... Program Start
2016-07-20 10:51:07Z on time future report... Program END 

Create log file
2016-07-20 10:56:04Z on time future report... Program Start
2016-07-20 10:56:04Z on time future report... Program END 

Create log file
2016-07-20 11:01:04Z on time future report... Program Start
2016-07-20 11:01:04Z on time future report... Program END 

Create log file
2016-07-20 11:01:05Z Send 國際股市==>  Program Start
2016-07-20 11:01:05Z Send 國際股市==>  Program END 

Create log file
2016-07-20 11:06:03Z on time future report... Program Start
2016-07-20 11:06:03Z on time future report... Program END 

Create log file
2016-07-20 11:11:03Z on time future report... Program Start
2016-07-20 11:11:03Z on time future report... Program END 

Create log file
2016-07-20 11:16:04Z on time future report... Program Start
2016-07-20 11:16:04Z on time future report... Program END 

Create log file
2016-07-20 11:21:03Z on time future report... Program Start
2016-07-20 11:21:03Z on time future report... Program END 

Create log file
2016-07-20 11:26:03Z on time future report... Program Start
2016-07-20 11:26:03Z on time future report... Program END 

Create log file
2016-07-20 11:31:03Z on time future report... Program Start
2016-07-20 11:31:03Z on time future report... Program END 

Create log file
2016-07-20 11:36:03Z on time future report... Program Start
2016-07-20 11:36:03Z on time future report... Program END 

Create log file
2016-07-20 11:41:06Z on time future report... Program Start
2016-07-20 11:41:06Z on time future report... Program END 

Create log file
2016-07-20 11:46:03Z on time future report... Program Start
2016-07-20 11:46:03Z on time future report... Program END 

Create log file
2016-07-20 11:51:06Z on time future report... Program Start
2016-07-20 11:51:06Z on time future report... Program END 

Create log file
2016-07-20 11:56:03Z on time future report... Program Start
2016-07-20 11:56:03Z on time future report... Program END 

Create log file
2016-07-20 12:01:04Z Send 國際股市==>  Program Start
2016-07-20 12:01:04Z Send 國際股市==>  Program END 

Create log file
2016-07-20 12:01:04Z on time future report... Program Start
2016-07-20 12:01:04Z on time future report... Program END 

Create log file
2016-07-20 12:06:04Z on time future report... Program Start
2016-07-20 12:06:04Z on time future report... Program END 

Create log file
2016-07-20 12:11:04Z on time future report... Program Start
2016-07-20 12:11:04Z on time future report... Program END 

Create log file
2016-07-20 12:16:04Z on time future report... Program Start
2016-07-20 12:16:04Z on time future report... Program END 

Create log file
2016-07-20 12:21:03Z on time future report... Program Start
2016-07-20 12:21:03Z on time future report... Program END 

Create log file
2016-07-20 12:26:03Z on time future report... Program Start
2016-07-20 12:26:03Z on time future report... Program END 

Create log file
2016-07-20 12:31:03Z on time future report... Program Start
2016-07-20 12:31:03Z on time future report... Program END 

Create log file
2016-07-20 12:36:04Z on time future report... Program Start
2016-07-20 12:36:04Z on time future report... Program END 

Create log file
2016-07-20 12:41:03Z on time future report... Program Start
2016-07-20 12:41:03Z on time future report... Program END 

Create log file
2016-07-20 12:46:06Z on time future report... Program Start
2016-07-20 12:46:06Z on time future report... Program END 

Create log file
2016-07-20 12:51:03Z on time future report... Program Start
2016-07-20 12:51:03Z on time future report... Program END 

Create log file
2016-07-20 12:56:03Z on time future report... Program Start
2016-07-20 12:56:03Z on time future report... Program END 

Create log file
2016-07-20 13:01:04Z on time future report... Program Start
2016-07-20 13:01:04Z on time future report... Program END 

Create log file
2016-07-20 13:01:06Z Send 國際股市==>  Program Start
2016-07-20 13:01:06Z Send 國際股市==>  Program END 

Create log file
2016-07-20 13:06:03Z on time future report... Program Start
2016-07-20 13:06:03Z on time future report... Program END 

Create log file
2016-07-20 13:11:06Z on time future report... Program Start
2016-07-20 13:11:06Z on time future report... Program END 

Create log file
2016-07-20 13:16:03Z on time future report... Program Start
2016-07-20 13:16:03Z on time future report... Program END 

Create log file
2016-07-20 13:21:04Z on time future report... Program Start
2016-07-20 13:21:04Z on time future report... Program END 

Create log file
2016-07-20 18:31:07Z Send 國際股市==>  Program Start
2016-07-20 18:31:07Z Send 國際股市==>  Program END 

Create log file
2016-07-20 18:31:33Z Send 國際股市==>  Program Start
2016-07-20 18:31:33Z Send 國際股市==>  Program END 

Create log file
2016-07-20 18:31:55Z Send 國際股市==>  Program Start
2016-07-20 18:31:55Z Send 國際股市==>  Program END 

Create log file
2016-07-20 18:32:17Z Send 國際股市==>  Program Start
2016-07-20 18:32:17Z Send 國際股市==>  Program END 

Create log file
2016-07-20 18:32:40Z Send 國際股市==>  Program Start
2016-07-20 18:32:40Z Send 國際股市==>  Program END 

Create log file
2016-07-20 19:01:03Z Send 國際股市==>  Program Start
2016-07-20 19:01:03Z Send 國際股市==>  Program END 

Create log file
2016-07-20 19:01:29Z Send 國際股市==>  Program Start
2016-07-20 19:01:29Z Send 國際股市==>  Program END 

Create log file
2016-07-20 19:01:52Z Send 國際股市==>  Program Start
2016-07-20 19:01:52Z Send 國際股市==>  Program END 

Create log file
2016-07-20 19:02:14Z Send 國際股市==>  Program Start
2016-07-20 19:02:14Z Send 國際股市==>  Program END 

Create log file
2016-07-20 19:02:35Z Send 國際股市==>  Program Start
2016-07-20 19:02:35Z Send 國際股市==>  Program END 

Create log file
2016-07-20 19:02:57Z Send 國際股市==>  Program Start
2016-07-20 19:02:57Z Send 國際股市==>  Program END 

Create log file
2016-07-20 20:01:02Z Send 國際股市==>  Program Start
2016-07-20 20:01:02Z Send 國際股市==>  Program END 

Create log file
2016-07-20 20:10:09Z stock_data_daily_create_file Program Start
2016-07-20 20:10:09Z stock_data_daily_create_file Program END 

Create log file
2016-07-20 20:20:09Z stock_data_insert_daily Program Start
2016-07-20 20:20:09Z stock_data_insert_daily Program END 

Create log file
2016-07-20 20:30:14Z Send 股市氣象台電子報-今日我最夯<==Strong_UP==>  Program Start
2016-07-20 20:30:14Z Send 股市氣象台電子報-今日我最夯<==Strong_UP==>  Program END 

Create log file
2016-07-20 21:01:03Z Send 國際股市==>  Program Start
2016-07-20 21:01:03Z Send 國際股市==>  Program END 

Create log file
2016-07-20 22:01:03Z Send 國際股市==>  Program Start
2016-07-20 22:01:03Z Send 國際股市==>  Program END 

Create log file
2016-07-20 22:01:31Z Send 國際股市==>  Program Start
2016-07-20 22:01:31Z Send 國際股市==>  Program END 

Create log file
2016-07-20 22:01:53Z Send 國際股市==>  Program Start
2016-07-20 22:01:53Z Send 國際股市==>  Program END 

Create log file
2016-07-20 23:01:02Z Send 國際股市==>  Program Start
2016-07-20 23:01:02Z Send 國際股市==>  Program END 

