Create log file
2016-07-19 00:01:04Z Send 國際股市==>  Program Start
2016-07-19 00:01:04Z Send 國際股市==>  Program END 

Create log file
2016-07-19 01:01:02Z Send 國際股市==>  Program Start
2016-07-19 01:01:02Z Send 國際股市==>  Program END 

Create log file
2016-07-19 08:01:03Z Send 國際股市==>  Program Start
2016-07-19 08:01:03Z Send 國際股市==>  Program END 

Create log file
2016-07-19 08:01:30Z Send 國際股市==>  Program Start
2016-07-19 08:01:30Z Send 國際股市==>  Program END 

Create log file
2016-07-19 08:01:52Z Send 國際股市==>  Program Start
2016-07-19 08:01:52Z Send 國際股市==>  Program END 

Create log file
2016-07-19 08:02:15Z Send 國際股市==>  Program Start
2016-07-19 08:02:15Z Send 國際股市==>  Program END 

Create log file
2016-07-19 08:46:04Z on time future report... Program Start
2016-07-19 08:46:04Z on time future report... Program END 

Create log file
2016-07-19 08:51:03Z on time future report... Program Start
2016-07-19 08:51:03Z on time future report... Program END 

Create log file
2016-07-19 08:56:03Z on time future report... Program Start
2016-07-19 08:56:03Z on time future report... Program END 

Create log file
2016-07-19 09:01:03Z Send 國際股市==>  Program Start
2016-07-19 09:01:03Z Send 國際股市==>  Program END 

Create log file
2016-07-19 09:01:04Z on time future report... Program Start
2016-07-19 09:01:04Z on time future report... Program END 

Create log file
2016-07-19 09:06:06Z on time future report... Program Start
2016-07-19 09:06:06Z on time future report... Program END 

Create log file
2016-07-19 09:11:03Z on time future report... Program Start
2016-07-19 09:11:03Z on time future report... Program END 

Create log file
2016-07-19 09:16:03Z on time future report... Program Start
2016-07-19 09:16:03Z on time future report... Program END 

Create log file
2016-07-19 09:21:04Z on time future report... Program Start
2016-07-19 09:21:04Z on time future report... Program END 

Create log file
2016-07-19 09:26:03Z on time future report... Program Start
2016-07-19 09:26:03Z on time future report... Program END 

Create log file
2016-07-19 09:31:04Z on time future report... Program Start
2016-07-19 09:31:04Z on time future report... Program END 

Create log file
2016-07-19 09:36:07Z on time future report... Program Start
2016-07-19 09:36:07Z on time future report... Program END 

Create log file
2016-07-19 09:41:06Z on time future report... Program Start
2016-07-19 09:41:06Z on time future report... Program END 

Create log file
2016-07-19 09:46:03Z on time future report... Program Start
2016-07-19 09:46:03Z on time future report... Program END 

Create log file
2016-07-19 09:51:04Z on time future report... Program Start
2016-07-19 09:51:04Z on time future report... Program END 

Create log file
2016-07-19 09:56:07Z on time future report... Program Start
2016-07-19 09:56:07Z on time future report... Program END 

Create log file
2016-07-19 10:01:04Z on time future report... Program Start
2016-07-19 10:01:04Z on time future report... Program END 

Create log file
2016-07-19 10:01:05Z Send 國際股市==>  Program Start
2016-07-19 10:01:05Z Send 國際股市==>  Program END 

Create log file
2016-07-19 10:06:03Z on time future report... Program Start
2016-07-19 10:06:03Z on time future report... Program END 

Create log file
2016-07-19 10:11:03Z on time future report... Program Start
2016-07-19 10:11:03Z on time future report... Program END 

Create log file
2016-07-19 10:16:03Z on time future report... Program Start
2016-07-19 10:16:03Z on time future report... Program END 

Create log file
2016-07-19 10:21:03Z on time future report... Program Start
2016-07-19 10:21:03Z on time future report... Program END 

Create log file
2016-07-19 10:26:03Z on time future report... Program Start
2016-07-19 10:26:03Z on time future report... Program END 

Create log file
2016-07-19 10:31:06Z on time future report... Program Start
2016-07-19 10:31:06Z on time future report... Program END 

Create log file
2016-07-19 10:36:03Z on time future report... Program Start
2016-07-19 10:36:03Z on time future report... Program END 

Create log file
2016-07-19 10:41:04Z on time future report... Program Start
2016-07-19 10:41:04Z on time future report... Program END 

Create log file
2016-07-19 10:46:03Z on time future report... Program Start
2016-07-19 10:46:03Z on time future report... Program END 

Create log file
2016-07-19 10:51:05Z on time future report... Program Start
2016-07-19 10:51:05Z on time future report... Program END 

Create log file
2016-07-19 10:56:03Z on time future report... Program Start
2016-07-19 10:56:03Z on time future report... Program END 

Create log file
2016-07-19 18:03:36Z Send 國際股市==>  Program Start
2016-07-19 18:03:36Z Send 國際股市==>  Program END 

Create log file
2016-07-19 18:09:51Z Send 國際股市==>  Program Start
2016-07-19 18:09:51Z Send 國際股市==>  Program END 

Create log file
2016-07-19 18:10:13Z Send 國際股市==>  Program Start
2016-07-19 18:10:13Z Send 國際股市==>  Program END 

Create log file
2016-07-19 18:10:34Z Send 國際股市==>  Program Start
2016-07-19 18:10:34Z Send 國際股市==>  Program END 

Create log file
2016-07-19 18:10:56Z Send 國際股市==>  Program Start
2016-07-19 18:10:56Z Send 國際股市==>  Program END 

Create log file
2016-07-19 18:11:19Z Send 國際股市==>  Program Start
2016-07-19 18:11:19Z Send 國際股市==>  Program END 

Create log file
2016-07-19 19:01:02Z Send 國際股市==>  Program Start
2016-07-19 19:01:02Z Send 國際股市==>  Program END 

Create log file
2016-07-19 19:01:28Z Send 國際股市==>  Program Start
2016-07-19 19:01:28Z Send 國際股市==>  Program END 

Create log file
2016-07-19 19:01:51Z Send 國際股市==>  Program Start
2016-07-19 19:01:51Z Send 國際股市==>  Program END 

Create log file
2016-07-19 19:02:12Z Send 國際股市==>  Program Start
2016-07-19 19:02:12Z Send 國際股市==>  Program END 

Create log file
2016-07-19 19:02:33Z Send 國際股市==>  Program Start
2016-07-19 19:02:33Z Send 國際股市==>  Program END 

Create log file
2016-07-19 19:02:56Z Send 國際股市==>  Program Start
2016-07-19 19:02:56Z Send 國際股市==>  Program END 

Create log file
2016-07-19 20:01:03Z Send 國際股市==>  Program Start
2016-07-19 20:01:03Z Send 國際股市==>  Program END 

Create log file
2016-07-19 20:10:25Z stock_data_daily_create_file Program Start
2016-07-19 20:10:25Z stock_data_daily_create_file Program END 

Create log file
2016-07-19 20:20:10Z stock_data_insert_daily Program Start
2016-07-19 20:20:10Z stock_data_insert_daily Program END 

Create log file
2016-07-19 20:30:15Z Send 股市氣象台電子報-今日我最夯<==Strong_UP==>  Program Start
2016-07-19 20:30:15Z Send 股市氣象台電子報-今日我最夯<==Strong_UP==>  Program END 

Create log file
2016-07-19 21:01:02Z Send 國際股市==>  Program Start
2016-07-19 21:01:02Z Send 國際股市==>  Program END 

Create log file
2016-07-19 22:01:02Z Send 國際股市==>  Program Start
2016-07-19 22:01:02Z Send 國際股市==>  Program END 

Create log file
2016-07-19 22:01:29Z Send 國際股市==>  Program Start
2016-07-19 22:01:29Z Send 國際股市==>  Program END 

Create log file
2016-07-19 22:01:51Z Send 國際股市==>  Program Start
2016-07-19 22:01:51Z Send 國際股市==>  Program END 

Create log file
2016-07-19 23:01:02Z Send 國際股市==>  Program Start
2016-07-19 23:01:02Z Send 國際股市==>  Program END 

