Create log file
2016-05-23 08:01:01Z Send 國際股市==>  Program Start
2016-05-23 08:01:01Z Send 國際股市==>  Program END 

Create log file
2016-05-23 08:01:23Z Send 國際股市==>  Program Start
2016-05-23 08:01:23Z Send 國際股市==>  Program END 

Create log file
2016-05-23 08:01:46Z Send 國際股市==>  Program Start
2016-05-23 08:01:46Z Send 國際股市==>  Program END 

Create log file
2016-05-23 08:02:09Z Send 國際股市==>  Program Start
2016-05-23 08:02:09Z Send 國際股市==>  Program END 

Create log file
2016-05-23 08:46:04Z on time future report... Program Start
2016-05-23 08:46:04Z on time future report... Program END 

Create log file
2016-05-23 08:51:03Z on time future report... Program Start
2016-05-23 08:51:03Z on time future report... Program END 

Create log file
2016-05-23 08:56:03Z on time future report... Program Start
2016-05-23 08:56:03Z on time future report... Program END 

Create log file
2016-05-23 09:01:02Z Send 國際股市==>  Program Start
2016-05-23 09:01:02Z Send 國際股市==>  Program END 

Create log file
2016-05-23 09:01:05Z on time future report... Program Start
2016-05-23 09:01:05Z on time future report... Program END 

Create log file
2016-05-23 09:06:03Z on time future report... Program Start
2016-05-23 09:06:03Z on time future report... Program END 

Create log file
2016-05-23 09:11:03Z on time future report... Program Start
2016-05-23 09:11:03Z on time future report... Program END 

Create log file
2016-05-23 09:16:03Z on time future report... Program Start
2016-05-23 09:16:03Z on time future report... Program END 

Create log file
2016-05-23 09:21:03Z on time future report... Program Start
2016-05-23 09:21:03Z on time future report... Program END 

Create log file
2016-05-23 09:26:03Z on time future report... Program Start
2016-05-23 09:26:03Z on time future report... Program END 

Create log file
2016-05-23 09:36:02Z on time future report... Program Start
2016-05-23 09:36:02Z on time future report... Program END 

Create log file
2016-05-23 09:41:03Z on time future report... Program Start
2016-05-23 09:41:03Z on time future report... Program END 

Create log file
2016-05-23 09:46:04Z on time future report... Program Start
2016-05-23 09:46:04Z on time future report... Program END 

Create log file
2016-05-23 09:51:03Z on time future report... Program Start
2016-05-23 09:51:03Z on time future report... Program END 

Create log file
2016-05-23 09:56:01Z on time future report... Program Start
2016-05-23 09:56:01Z on time future report... Program END 

Create log file
2016-05-23 10:01:01Z on time future report... Program Start
2016-05-23 10:01:01Z on time future report... Program END 

Create log file
2016-05-23 10:01:02Z Send 國際股市==>  Program Start
2016-05-23 10:01:02Z Send 國際股市==>  Program END 

Create log file
2016-05-23 10:06:04Z on time future report... Program Start
2016-05-23 10:06:04Z on time future report... Program END 

Create log file
2016-05-23 10:11:01Z on time future report... Program Start
2016-05-23 10:11:01Z on time future report... Program END 

Create log file
2016-05-23 10:16:02Z on time future report... Program Start
2016-05-23 10:16:02Z on time future report... Program END 

Create log file
2016-05-23 10:21:00Z on time future report... Program Start
2016-05-23 10:21:00Z on time future report... Program END 

Create log file
2016-05-23 10:26:00Z on time future report... Program Start
2016-05-23 10:26:00Z on time future report... Program END 

Create log file
2016-05-23 10:31:00Z on time future report... Program Start
2016-05-23 10:31:00Z on time future report... Program END 

Create log file
2016-05-23 10:36:01Z on time future report... Program Start
2016-05-23 10:36:01Z on time future report... Program END 

Create log file
2016-05-23 10:41:00Z on time future report... Program Start
2016-05-23 10:41:00Z on time future report... Program END 

Create log file
2016-05-23 10:46:00Z on time future report... Program Start
2016-05-23 10:46:00Z on time future report... Program END 

Create log file
2016-05-23 10:51:00Z on time future report... Program Start
2016-05-23 10:51:00Z on time future report... Program END 

Create log file
2016-05-23 10:56:00Z on time future report... Program Start
2016-05-23 10:56:00Z on time future report... Program END 

Create log file
2016-05-23 11:01:02Z Send 國際股市==>  Program Start
2016-05-23 11:01:02Z Send 國際股市==>  Program END 

Create log file
2016-05-23 11:01:03Z on time future report... Program Start
2016-05-23 11:01:03Z on time future report... Program END 

Create log file
2016-05-23 11:06:01Z on time future report... Program Start
2016-05-23 11:06:01Z on time future report... Program END 

Create log file
2016-05-23 11:11:02Z on time future report... Program Start
2016-05-23 11:11:02Z on time future report... Program END 

Create log file
2016-05-23 11:16:00Z on time future report... Program Start
2016-05-23 11:16:00Z on time future report... Program END 

Create log file
2016-05-23 11:21:00Z on time future report... Program Start
2016-05-23 11:21:00Z on time future report... Program END 

Create log file
2016-05-23 11:26:01Z on time future report... Program Start
2016-05-23 11:26:01Z on time future report... Program END 

Create log file
2016-05-23 11:31:01Z on time future report... Program Start
2016-05-23 11:31:01Z on time future report... Program END 

Create log file
2016-05-23 11:36:03Z on time future report... Program Start
2016-05-23 11:36:03Z on time future report... Program END 

Create log file
2016-05-23 11:41:02Z on time future report... Program Start
2016-05-23 11:41:02Z on time future report... Program END 

Create log file
2016-05-23 11:46:04Z on time future report... Program Start
2016-05-23 11:46:04Z on time future report... Program END 

Create log file
2016-05-23 11:51:00Z on time future report... Program Start
2016-05-23 11:51:00Z on time future report... Program END 

Create log file
2016-05-23 11:56:02Z on time future report... Program Start
2016-05-23 11:56:02Z on time future report... Program END 

Create log file
2016-05-23 12:01:02Z Send 國際股市==>  Program Start
2016-05-23 12:01:02Z Send 國際股市==>  Program END 

Create log file
2016-05-23 12:01:06Z on time future report... Program Start
2016-05-23 12:01:06Z on time future report... Program END 

Create log file
2016-05-23 12:06:02Z on time future report... Program Start
2016-05-23 12:06:02Z on time future report... Program END 

Create log file
2016-05-23 12:11:00Z on time future report... Program Start
2016-05-23 12:11:00Z on time future report... Program END 

Create log file
2016-05-23 12:16:01Z on time future report... Program Start
2016-05-23 12:16:01Z on time future report... Program END 

Create log file
2016-05-23 12:21:02Z on time future report... Program Start
2016-05-23 12:21:02Z on time future report... Program END 

Create log file
2016-05-23 12:26:01Z on time future report... Program Start
2016-05-23 12:26:01Z on time future report... Program END 

Create log file
2016-05-23 12:31:00Z on time future report... Program Start
2016-05-23 12:31:00Z on time future report... Program END 

Create log file
2016-05-23 12:36:02Z on time future report... Program Start
2016-05-23 12:36:02Z on time future report... Program END 

Create log file
2016-05-23 12:41:02Z on time future report... Program Start
2016-05-23 12:41:02Z on time future report... Program END 

Create log file
2016-05-23 12:46:01Z on time future report... Program Start
2016-05-23 12:46:01Z on time future report... Program END 

Create log file
2016-05-23 12:51:00Z on time future report... Program Start
2016-05-23 12:51:00Z on time future report... Program END 

Create log file
2016-05-23 12:56:02Z on time future report... Program Start
2016-05-23 12:56:02Z on time future report... Program END 

Create log file
2016-05-23 13:01:03Z Send 國際股市==>  Program Start
2016-05-23 13:01:03Z Send 國際股市==>  Program END 

Create log file
2016-05-23 13:01:04Z on time future report... Program Start
2016-05-23 13:01:04Z on time future report... Program END 

Create log file
2016-05-23 13:06:01Z on time future report... Program Start
2016-05-23 13:06:01Z on time future report... Program END 

Create log file
2016-05-23 13:11:01Z on time future report... Program Start
2016-05-23 13:11:01Z on time future report... Program END 

Create log file
2016-05-23 13:16:02Z on time future report... Program Start
2016-05-23 13:16:02Z on time future report... Program END 

Create log file
2016-05-23 13:21:01Z on time future report... Program Start
2016-05-23 13:21:01Z on time future report... Program END 

Create log file
2016-05-23 13:26:00Z on time future report... Program Start
2016-05-23 13:26:00Z on time future report... Program END 

Create log file
2016-05-23 13:31:00Z on time future report... Program Start
2016-05-23 13:31:00Z on time future report... Program END 

Create log file
2016-05-23 13:41:00Z on time future report... Program Start
2016-05-23 13:41:00Z on time future report... Program END 

Create log file
2016-05-23 13:46:00Z on time future report... Program Start
2016-05-23 13:46:00Z on time future report... Program END 

Create log file
2016-05-23 14:01:01Z Send 國際股市==>  Program Start
2016-05-23 14:01:01Z Send 國際股市==>  Program END 

Create log file
2016-05-23 15:01:01Z Send 國際股市==>  Program Start
2016-05-23 15:01:01Z Send 國際股市==>  Program END 

Create log file
2016-05-23 15:50:17Z option_insert_daily Program Start
2016-05-23 15:50:17Z option_insert_daily Program END 

Create log file
2016-05-23 15:55:54Z Send Option_OIV_daily Program Start
2016-05-23 15:55:54Z Send Option_OIV_daily Program END 

Create log file
2016-05-23 16:01:01Z Send 國際股市==>  Program Start
2016-05-23 16:01:01Z Send 國際股市==>  Program END 

Create log file
2016-05-23 17:01:01Z Send 國際股市==>  Program Start
2016-05-23 17:01:01Z Send 國際股市==>  Program END 

Create log file
2016-05-23 18:01:01Z Send 國際股市==>  Program Start
2016-05-23 18:01:01Z Send 國際股市==>  Program END 

Create log file
2016-05-23 18:01:28Z Send 國際股市==>  Program Start
2016-05-23 18:01:28Z Send 國際股市==>  Program END 

Create log file
2016-05-23 18:01:49Z Send 國際股市==>  Program Start
2016-05-23 18:01:49Z Send 國際股市==>  Program END 

Create log file
2016-05-23 18:02:11Z Send 國際股市==>  Program Start
2016-05-23 18:02:11Z Send 國際股市==>  Program END 

Create log file
2016-05-23 18:02:34Z Send 國際股市==>  Program Start
2016-05-23 18:02:34Z Send 國際股市==>  Program END 

Create log file
2016-05-23 19:01:01Z Send 國際股市==>  Program Start
2016-05-23 19:01:01Z Send 國際股市==>  Program END 

Create log file
2016-05-23 19:01:27Z Send 國際股市==>  Program Start
2016-05-23 19:01:27Z Send 國際股市==>  Program END 

Create log file
2016-05-23 19:01:51Z Send 國際股市==>  Program Start
2016-05-23 19:01:51Z Send 國際股市==>  Program END 

Create log file
2016-05-23 19:02:12Z Send 國際股市==>  Program Start
2016-05-23 19:02:12Z Send 國際股市==>  Program END 

Create log file
2016-05-23 19:02:33Z Send 國際股市==>  Program Start
2016-05-23 19:02:33Z Send 國際股市==>  Program END 

Create log file
2016-05-23 20:01:01Z Send 國際股市==>  Program Start
2016-05-23 20:01:01Z Send 國際股市==>  Program END 

Create log file
2016-05-23 20:10:09Z stock_data_daily_create_file Program Start
2016-05-23 20:10:09Z stock_data_daily_create_file Program END 

Create log file
2016-05-23 20:20:06Z stock_data_insert_daily Program Start
2016-05-23 20:20:06Z stock_data_insert_daily Program END 

Create log file
2016-05-23 20:30:06Z Send 股市氣象台電子報-今日我最夯<==Strong_UP==>  Program Start
2016-05-23 20:30:06Z Send 股市氣象台電子報-今日我最夯<==Strong_UP==>  Program END 

Create log file
2016-05-23 21:01:01Z Send 國際股市==>  Program Start
2016-05-23 21:01:01Z Send 國際股市==>  Program END 

Create log file
2016-05-23 22:01:01Z Send 國際股市==>  Program Start
2016-05-23 22:01:01Z Send 國際股市==>  Program END 

Create log file
2016-05-23 22:01:27Z Send 國際股市==>  Program Start
2016-05-23 22:01:27Z Send 國際股市==>  Program END 

Create log file
2016-05-23 22:01:49Z Send 國際股市==>  Program Start
2016-05-23 22:01:49Z Send 國際股市==>  Program END 

Create log file
2016-05-23 23:01:02Z Send 國際股市==>  Program Start
2016-05-23 23:01:02Z Send 國際股市==>  Program END 

