Create log file
2016-02-11 00:01:00Z Send 國際股市==>  Program Start
2016-02-11 00:01:00Z Send 國際股市==>  Program END 

Create log file
2016-02-11 01:01:00Z Send 國際股市==>  Program Start
2016-02-11 01:01:00Z Send 國際股市==>  Program END 

Create log file
2016-02-11 08:01:01Z Send 國際股市==>  Program Start
2016-02-11 08:01:01Z Send 國際股市==>  Program END 

Create log file
2016-02-11 08:01:27Z Send 國際股市==>  Program Start
2016-02-11 08:01:27Z Send 國際股市==>  Program END 

Create log file
2016-02-11 08:01:51Z Send 國際股市==>  Program Start
2016-02-11 08:01:51Z Send 國際股市==>  Program END 

Create log file
2016-02-11 08:46:01Z on time future report... Program Start
2016-02-11 08:46:01Z on time future report... Program END 

Create log file
2016-02-11 08:51:01Z on time future report... Program Start
2016-02-11 08:51:01Z on time future report... Program END 

Create log file
2016-02-11 08:56:00Z on time future report... Program Start
2016-02-11 08:56:00Z on time future report... Program END 

Create log file
2016-02-11 09:01:01Z Send 國際股市==>  Program Start
2016-02-11 09:01:01Z Send 國際股市==>  Program END 

Create log file
2016-02-11 09:01:27Z on time future report... Program Start
2016-02-11 09:01:27Z on time future report... Program END 

Create log file
2016-02-11 09:06:01Z on time future report... Program Start
2016-02-11 09:06:01Z on time future report... Program END 

Create log file
2016-02-11 09:11:01Z on time future report... Program Start
2016-02-11 09:11:01Z on time future report... Program END 

Create log file
2016-02-11 09:16:01Z on time future report... Program Start
2016-02-11 09:16:01Z on time future report... Program END 

Create log file
2016-02-11 09:21:02Z on time future report... Program Start
2016-02-11 09:21:02Z on time future report... Program END 

Create log file
2016-02-11 09:26:01Z on time future report... Program Start
2016-02-11 09:26:01Z on time future report... Program END 

Create log file
2016-02-11 09:31:01Z on time future report... Program Start
2016-02-11 09:31:01Z on time future report... Program END 

Create log file
2016-02-11 09:36:03Z on time future report... Program Start
2016-02-11 09:36:03Z on time future report... Program END 

Create log file
2016-02-11 09:41:01Z on time future report... Program Start
2016-02-11 09:41:01Z on time future report... Program END 

Create log file
2016-02-11 09:46:01Z on time future report... Program Start
2016-02-11 09:46:01Z on time future report... Program END 

Create log file
2016-02-11 09:51:01Z on time future report... Program Start
2016-02-11 09:51:01Z on time future report... Program END 

Create log file
2016-02-11 09:56:01Z on time future report... Program Start
2016-02-11 09:56:01Z on time future report... Program END 

Create log file
2016-02-11 10:01:01Z Send 國際股市==>  Program Start
2016-02-11 10:01:01Z Send 國際股市==>  Program END 

Create log file
2016-02-11 10:01:27Z on time future report... Program Start
2016-02-11 10:01:27Z on time future report... Program END 

Create log file
2016-02-11 10:06:02Z on time future report... Program Start
2016-02-11 10:06:02Z on time future report... Program END 

Create log file
2016-02-11 10:11:01Z on time future report... Program Start
2016-02-11 10:11:01Z on time future report... Program END 

Create log file
2016-02-11 10:16:01Z on time future report... Program Start
2016-02-11 10:16:01Z on time future report... Program END 

Create log file
2016-02-11 10:21:01Z on time future report... Program Start
2016-02-11 10:21:01Z on time future report... Program END 

Create log file
2016-02-11 10:26:01Z on time future report... Program Start
2016-02-11 10:26:01Z on time future report... Program END 

Create log file
2016-02-11 10:31:01Z on time future report... Program Start
2016-02-11 10:31:01Z on time future report... Program END 

Create log file
2016-02-11 10:36:01Z on time future report... Program Start
2016-02-11 10:36:01Z on time future report... Program END 

Create log file
2016-02-11 10:41:01Z on time future report... Program Start
2016-02-11 10:41:01Z on time future report... Program END 

Create log file
2016-02-11 10:46:04Z on time future report... Program Start
2016-02-11 10:46:04Z on time future report... Program END 

Create log file
2016-02-11 10:51:01Z on time future report... Program Start
2016-02-11 10:51:01Z on time future report... Program END 

Create log file
2016-02-11 10:56:02Z on time future report... Program Start
2016-02-11 10:56:02Z on time future report... Program END 

Create log file
2016-02-11 11:01:01Z Send 國際股市==>  Program Start
2016-02-11 11:01:01Z Send 國際股市==>  Program END 

Create log file
2016-02-11 11:01:27Z on time future report... Program Start
2016-02-11 11:01:27Z on time future report... Program END 

Create log file
2016-02-11 11:06:01Z on time future report... Program Start
2016-02-11 11:06:01Z on time future report... Program END 

Create log file
2016-02-11 11:11:01Z on time future report... Program Start
2016-02-11 11:11:01Z on time future report... Program END 

Create log file
2016-02-11 11:16:01Z on time future report... Program Start
2016-02-11 11:16:01Z on time future report... Program END 

Create log file
2016-02-11 11:16:14Z Query Stock_id is 2330 Program Start
2016-02-11 11:16:14Z Query Stock_id is 2330 Program END 

Create log file
2016-02-11 11:16:14Z Query Stock_id is 3036 Program Start
2016-02-11 11:16:14Z Query Stock_id is 3036 Program END 

Create log file
2016-02-11 11:16:14Z Query Stock_id is 8105 Program Start
2016-02-11 11:16:14Z Query Stock_id is 8105 Program END 

Create log file
2016-02-11 11:16:14Z Query Stock_id is 2449 Program Start
2016-02-11 11:16:14Z Query Stock_id is 2449 Program END 

Create log file
2016-02-11 11:16:15Z Query Stock_id is 5347 Program Start
2016-02-11 11:16:15Z Query Stock_id is 5347 Program END 

Create log file
2016-02-11 11:16:15Z Query Stock_id is 4904 Program Start
2016-02-11 11:16:15Z Query Stock_id is 4904 Program END 

Create log file
2016-02-11 11:16:15Z Query Stock_id is 2344 Program Start
2016-02-11 11:16:15Z Query Stock_id is 2344 Program END 

Create log file
2016-02-11 11:16:15Z Query Stock_id is 3017 Program Start
2016-02-11 11:16:15Z Query Stock_id is 3017 Program END 

Create log file
2016-02-11 11:16:15Z Query Stock_id is 2379 Program Start
2016-02-11 11:16:15Z Query Stock_id is 2379 Program END 

Create log file
2016-02-11 11:16:15Z Query Stock_id is 3231 Program Start
2016-02-11 11:16:15Z Query Stock_id is 3231 Program END 

Create log file
2016-02-11 11:16:16Z Query Stock_id is 2303 Program Start
2016-02-11 11:16:16Z Query Stock_id is 2303 Program END 

Create log file
2016-02-11 11:16:31Z Query Stock_id is 2330 Program Start
2016-02-11 11:16:31Z Query Stock_id is 2330 Program END 

Create log file
2016-02-11 11:16:32Z Query Stock_id is 3036 Program Start
2016-02-11 11:16:32Z Query Stock_id is 3036 Program END 

Create log file
2016-02-11 11:16:32Z Query Stock_id is 8105 Program Start
2016-02-11 11:16:32Z Query Stock_id is 8105 Program END 

Create log file
2016-02-11 11:16:32Z Query Stock_id is 2449 Program Start
2016-02-11 11:16:32Z Query Stock_id is 2449 Program END 

Create log file
2016-02-11 11:16:32Z Query Stock_id is 5347 Program Start
2016-02-11 11:16:32Z Query Stock_id is 5347 Program END 

Create log file
2016-02-11 11:16:32Z Query Stock_id is 4904 Program Start
2016-02-11 11:16:32Z Query Stock_id is 4904 Program END 

Create log file
2016-02-11 11:16:32Z Query Stock_id is 2344 Program Start
2016-02-11 11:16:32Z Query Stock_id is 2344 Program END 

Create log file
2016-02-11 11:16:33Z Query Stock_id is 3017 Program Start
2016-02-11 11:16:33Z Query Stock_id is 3017 Program END 

Create log file
2016-02-11 11:16:33Z Query Stock_id is 2379 Program Start
2016-02-11 11:16:33Z Query Stock_id is 2379 Program END 

Create log file
2016-02-11 11:16:33Z Query Stock_id is 3231 Program Start
2016-02-11 11:16:33Z Query Stock_id is 3231 Program END 

Create log file
2016-02-11 11:16:33Z Query Stock_id is 2303 Program Start
2016-02-11 11:16:33Z Query Stock_id is 2303 Program END 

Create log file
2016-02-11 11:21:01Z on time future report... Program Start
2016-02-11 11:21:01Z on time future report... Program END 

Create log file
2016-02-11 11:26:01Z on time future report... Program Start
2016-02-11 11:26:01Z on time future report... Program END 

Create log file
2016-02-11 11:31:01Z on time future report... Program Start
2016-02-11 11:31:01Z on time future report... Program END 

Create log file
2016-02-11 11:36:01Z on time future report... Program Start
2016-02-11 11:36:01Z on time future report... Program END 

Create log file
2016-02-11 11:41:03Z on time future report... Program Start
2016-02-11 11:41:03Z on time future report... Program END 

Create log file
2016-02-11 11:46:05Z on time future report... Program Start
2016-02-11 11:46:05Z on time future report... Program END 

Create log file
2016-02-11 11:51:01Z on time future report... Program Start
2016-02-11 11:51:01Z on time future report... Program END 

Create log file
2016-02-11 11:56:01Z on time future report... Program Start
2016-02-11 11:56:01Z on time future report... Program END 

Create log file
2016-02-11 12:01:01Z Send 國際股市==>  Program Start
2016-02-11 12:01:01Z Send 國際股市==>  Program END 

Create log file
2016-02-11 12:01:27Z on time future report... Program Start
2016-02-11 12:01:27Z on time future report... Program END 

Create log file
2016-02-11 12:06:01Z on time future report... Program Start
2016-02-11 12:06:01Z on time future report... Program END 

Create log file
2016-02-11 12:11:01Z on time future report... Program Start
2016-02-11 12:11:01Z on time future report... Program END 

Create log file
2016-02-11 12:16:00Z on time future report... Program Start
2016-02-11 12:16:00Z on time future report... Program END 

Create log file
2016-02-11 12:21:01Z on time future report... Program Start
2016-02-11 12:21:01Z on time future report... Program END 

Create log file
2016-02-11 12:26:01Z on time future report... Program Start
2016-02-11 12:26:01Z on time future report... Program END 

Create log file
2016-02-11 12:31:01Z on time future report... Program Start
2016-02-11 12:31:01Z on time future report... Program END 

Create log file
2016-02-11 12:36:01Z on time future report... Program Start
2016-02-11 12:36:01Z on time future report... Program END 

Create log file
2016-02-11 12:41:02Z on time future report... Program Start
2016-02-11 12:41:02Z on time future report... Program END 

Create log file
2016-02-11 12:46:01Z on time future report... Program Start
2016-02-11 12:46:01Z on time future report... Program END 

Create log file
2016-02-11 12:51:01Z on time future report... Program Start
2016-02-11 12:51:01Z on time future report... Program END 

Create log file
2016-02-11 12:56:01Z on time future report... Program Start
2016-02-11 12:56:01Z on time future report... Program END 

Create log file
2016-02-11 13:01:01Z Send 國際股市==>  Program Start
2016-02-11 13:01:01Z Send 國際股市==>  Program END 

Create log file
2016-02-11 13:01:27Z on time future report... Program Start
2016-02-11 13:01:27Z on time future report... Program END 

Create log file
2016-02-11 13:06:01Z on time future report... Program Start
2016-02-11 13:06:01Z on time future report... Program END 

Create log file
2016-02-11 13:11:01Z on time future report... Program Start
2016-02-11 13:11:01Z on time future report... Program END 

Create log file
2016-02-11 13:16:01Z on time future report... Program Start
2016-02-11 13:16:01Z on time future report... Program END 

Create log file
2016-02-11 13:21:01Z on time future report... Program Start
2016-02-11 13:21:01Z on time future report... Program END 

Create log file
2016-02-11 13:26:01Z on time future report... Program Start
2016-02-11 13:26:01Z on time future report... Program END 

Create log file
2016-02-11 13:31:01Z on time future report... Program Start
2016-02-11 13:31:01Z on time future report... Program END 

Create log file
2016-02-11 13:36:01Z on time future report... Program Start
2016-02-11 13:36:01Z on time future report... Program END 

Create log file
2016-02-11 13:41:01Z on time future report... Program Start
2016-02-11 13:41:01Z on time future report... Program END 

Create log file
2016-02-11 13:46:01Z on time future report... Program Start
2016-02-11 13:46:01Z on time future report... Program END 

Create log file
2016-02-11 14:01:00Z Send 國際股市==>  Program Start
2016-02-11 14:01:00Z Send 國際股市==>  Program END 

Create log file
2016-02-11 15:01:00Z Send 國際股市==>  Program Start
2016-02-11 15:01:00Z Send 國際股市==>  Program END 

Create log file
2016-02-11 15:50:16Z option_insert_daily Program Start
2016-02-11 15:50:16Z option_insert_daily Program END 

Create log file
2016-02-11 16:01:00Z Send 國際股市==>  Program Start
2016-02-11 16:01:00Z Send 國際股市==>  Program END 

Create log file
2016-02-11 17:01:00Z Send 國際股市==>  Program Start
2016-02-11 17:01:00Z Send 國際股市==>  Program END 

Create log file
2016-02-11 18:01:00Z Send 國際股市==>  Program Start
2016-02-11 18:01:00Z Send 國際股市==>  Program END 

Create log file
2016-02-11 18:01:26Z Send 國際股市==>  Program Start
2016-02-11 18:01:26Z Send 國際股市==>  Program END 

Create log file
2016-02-11 18:01:47Z Send 國際股市==>  Program Start
2016-02-11 18:01:47Z Send 國際股市==>  Program END 

Create log file
2016-02-11 18:02:09Z Send 國際股市==>  Program Start
2016-02-11 18:02:09Z Send 國際股市==>  Program END 

Create log file
2016-02-11 19:01:01Z Send 國際股市==>  Program Start
2016-02-11 19:01:01Z Send 國際股市==>  Program END 

Create log file
2016-02-11 19:01:27Z Send 國際股市==>  Program Start
2016-02-11 19:01:27Z Send 國際股市==>  Program END 

Create log file
2016-02-11 19:01:51Z Send 國際股市==>  Program Start
2016-02-11 19:01:51Z Send 國際股市==>  Program END 

Create log file
2016-02-11 20:01:00Z Send 國際股市==>  Program Start
2016-02-11 20:01:00Z Send 國際股市==>  Program END 

Create log file
2016-02-11 20:10:01Z stock_data_daily_create_file Program Start
2016-02-11 20:10:01Z stock_data_daily_create_file Program END 

Create log file
2016-02-11 20:20:03Z stock_data_insert_daily Program Start
2016-02-11 20:20:03Z stock_data_insert_daily Program END 

Create log file
2016-02-11 20:30:08Z Send 股市氣象台電子報-今日我最夯<==Strong_UP==>  Program Start
2016-02-11 20:30:08Z Send 股市氣象台電子報-今日我最夯<==Strong_UP==>  Program END 

Create log file
2016-02-11 21:01:00Z Send 國際股市==>  Program Start
2016-02-11 21:01:00Z Send 國際股市==>  Program END 

Create log file
2016-02-11 22:01:00Z Send 國際股市==>  Program Start
2016-02-11 22:01:00Z Send 國際股市==>  Program END 

Create log file
2016-02-11 22:01:26Z Send 國際股市==>  Program Start
2016-02-11 22:01:26Z Send 國際股市==>  Program END 

Create log file
2016-02-11 23:01:00Z Send 國際股市==>  Program Start
2016-02-11 23:01:00Z Send 國際股市==>  Program END 

