Create log file
2016-06-21 00:01:01Z Send 國際股市==>  Program Start
2016-06-21 00:01:01Z Send 國際股市==>  Program END 

Create log file
2016-06-21 01:01:04Z Send 國際股市==>  Program Start
2016-06-21 01:01:04Z Send 國際股市==>  Program END 

Create log file
2016-06-21 08:01:03Z Send 國際股市==>  Program Start
2016-06-21 08:01:03Z Send 國際股市==>  Program END 

Create log file
2016-06-21 08:46:04Z on time future report... Program Start
2016-06-21 08:46:04Z on time future report... Program END 

Create log file
2016-06-21 08:51:03Z on time future report... Program Start
2016-06-21 08:51:03Z on time future report... Program END 

Create log file
2016-06-21 08:56:03Z on time future report... Program Start
2016-06-21 08:56:03Z on time future report... Program END 

Create log file
2016-06-21 09:01:01Z Send 國際股市==>  Program Start
2016-06-21 09:01:01Z Send 國際股市==>  Program END 

Create log file
2016-06-21 09:01:04Z on time future report... Program Start
2016-06-21 09:01:04Z on time future report... Program END 

Create log file
2016-06-21 09:06:03Z on time future report... Program Start
2016-06-21 09:06:03Z on time future report... Program END 

Create log file
2016-06-21 09:11:03Z on time future report... Program Start
2016-06-21 09:11:03Z on time future report... Program END 

Create log file
2016-06-21 09:16:03Z on time future report... Program Start
2016-06-21 09:16:03Z on time future report... Program END 

Create log file
2016-06-21 09:21:04Z on time future report... Program Start
2016-06-21 09:21:04Z on time future report... Program END 

Create log file
2016-06-21 09:26:04Z on time future report... Program Start
2016-06-21 09:26:04Z on time future report... Program END 

Create log file
2016-06-21 09:31:03Z on time future report... Program Start
2016-06-21 09:31:03Z on time future report... Program END 

Create log file
2016-06-21 09:36:05Z on time future report... Program Start
2016-06-21 09:36:05Z on time future report... Program END 

Create log file
2016-06-21 09:41:03Z on time future report... Program Start
2016-06-21 09:41:03Z on time future report... Program END 

Create log file
2016-06-21 09:46:03Z on time future report... Program Start
2016-06-21 09:46:03Z on time future report... Program END 

Create log file
2016-06-21 09:51:03Z on time future report... Program Start
2016-06-21 09:51:03Z on time future report... Program END 

Create log file
2016-06-21 09:56:03Z on time future report... Program Start
2016-06-21 09:56:03Z on time future report... Program END 

Create log file
2016-06-21 10:01:01Z Send 國際股市==>  Program Start
2016-06-21 10:01:01Z Send 國際股市==>  Program END 

Create log file
2016-06-21 10:01:04Z on time future report... Program Start
2016-06-21 10:01:04Z on time future report... Program END 

Create log file
2016-06-21 10:06:03Z on time future report... Program Start
2016-06-21 10:06:03Z on time future report... Program END 

Create log file
2016-06-21 10:11:03Z on time future report... Program Start
2016-06-21 10:11:03Z on time future report... Program END 

Create log file
2016-06-21 10:16:14Z on time future report... Program Start
2016-06-21 10:16:14Z on time future report... Program END 

Create log file
2016-06-21 10:21:03Z on time future report... Program Start
2016-06-21 10:21:03Z on time future report... Program END 

Create log file
2016-06-21 10:26:03Z on time future report... Program Start
2016-06-21 10:26:03Z on time future report... Program END 

Create log file
2016-06-21 10:31:03Z on time future report... Program Start
2016-06-21 10:31:03Z on time future report... Program END 

Create log file
2016-06-21 10:36:03Z on time future report... Program Start
2016-06-21 10:36:03Z on time future report... Program END 

Create log file
2016-06-21 10:41:03Z on time future report... Program Start
2016-06-21 10:41:03Z on time future report... Program END 

Create log file
2016-06-21 10:46:03Z on time future report... Program Start
2016-06-21 10:46:03Z on time future report... Program END 

Create log file
2016-06-21 10:51:06Z on time future report... Program Start
2016-06-21 10:51:06Z on time future report... Program END 

Create log file
2016-06-21 10:56:04Z on time future report... Program Start
2016-06-21 10:56:04Z on time future report... Program END 

Create log file
2016-06-21 11:01:02Z Send 國際股市==>  Program Start
2016-06-21 11:01:02Z Send 國際股市==>  Program END 

Create log file
2016-06-21 11:01:04Z on time future report... Program Start
2016-06-21 11:01:04Z on time future report... Program END 

Create log file
2016-06-21 11:06:03Z on time future report... Program Start
2016-06-21 11:06:03Z on time future report... Program END 

Create log file
2016-06-21 11:11:00Z on time future report... Program Start
2016-06-21 11:11:00Z on time future report... Program END 

Create log file
2016-06-21 11:16:03Z on time future report... Program Start
2016-06-21 11:16:03Z on time future report... Program END 

Create log file
2016-06-21 11:21:03Z on time future report... Program Start
2016-06-21 11:21:03Z on time future report... Program END 

Create log file
2016-06-21 11:26:04Z on time future report... Program Start
2016-06-21 11:26:04Z on time future report... Program END 

Create log file
2016-06-21 11:31:04Z on time future report... Program Start
2016-06-21 11:31:04Z on time future report... Program END 

Create log file
2016-06-21 11:36:04Z on time future report... Program Start
2016-06-21 11:36:04Z on time future report... Program END 

Create log file
2016-06-21 11:41:03Z on time future report... Program Start
2016-06-21 11:41:03Z on time future report... Program END 

Create log file
2016-06-21 11:46:07Z on time future report... Program Start
2016-06-21 11:46:07Z on time future report... Program END 

Create log file
2016-06-21 11:51:03Z on time future report... Program Start
2016-06-21 11:51:03Z on time future report... Program END 

Create log file
2016-06-21 11:56:03Z on time future report... Program Start
2016-06-21 11:56:03Z on time future report... Program END 

Create log file
2016-06-21 12:01:01Z Send 國際股市==>  Program Start
2016-06-21 12:01:01Z Send 國際股市==>  Program END 

Create log file
2016-06-21 12:01:04Z on time future report... Program Start
2016-06-21 12:01:04Z on time future report... Program END 

Create log file
2016-06-21 12:06:04Z on time future report... Program Start
2016-06-21 12:06:04Z on time future report... Program END 

Create log file
2016-06-21 12:11:03Z on time future report... Program Start
2016-06-21 12:11:03Z on time future report... Program END 

Create log file
2016-06-21 12:16:04Z on time future report... Program Start
2016-06-21 12:16:04Z on time future report... Program END 

Create log file
2016-06-21 12:21:03Z on time future report... Program Start
2016-06-21 12:21:03Z on time future report... Program END 

Create log file
2016-06-21 12:26:03Z on time future report... Program Start
2016-06-21 12:26:03Z on time future report... Program END 

Create log file
2016-06-21 12:36:01Z on time future report... Program Start
2016-06-21 12:36:01Z on time future report... Program END 

Create log file
2016-06-21 12:41:00Z on time future report... Program Start
2016-06-21 12:41:00Z on time future report... Program END 

Create log file
2016-06-21 12:46:00Z on time future report... Program Start
2016-06-21 12:46:00Z on time future report... Program END 

Create log file
2016-06-21 12:51:00Z on time future report... Program Start
2016-06-21 12:51:00Z on time future report... Program END 

Create log file
2016-06-21 12:56:00Z on time future report... Program Start
2016-06-21 12:56:00Z on time future report... Program END 

Create log file
2016-06-21 13:01:02Z on time future report... Program Start
2016-06-21 13:01:02Z on time future report... Program END 

Create log file
2016-06-21 13:01:02Z Send 國際股市==>  Program Start
2016-06-21 13:01:02Z Send 國際股市==>  Program END 

Create log file
2016-06-21 13:06:01Z on time future report... Program Start
2016-06-21 13:06:01Z on time future report... Program END 

Create log file
2016-06-21 13:11:01Z on time future report... Program Start
2016-06-21 13:11:01Z on time future report... Program END 

Create log file
2016-06-21 13:16:03Z on time future report... Program Start
2016-06-21 13:16:03Z on time future report... Program END 

Create log file
2016-06-21 13:21:00Z on time future report... Program Start
2016-06-21 13:21:00Z on time future report... Program END 

Create log file
2016-06-21 13:26:01Z on time future report... Program Start
2016-06-21 13:26:01Z on time future report... Program END 

Create log file
2016-06-21 13:31:05Z on time future report... Program Start
2016-06-21 13:31:05Z on time future report... Program END 

Create log file
2016-06-21 13:36:00Z on time future report... Program Start
2016-06-21 13:36:00Z on time future report... Program END 

Create log file
2016-06-21 13:41:00Z on time future report... Program Start
2016-06-21 13:41:00Z on time future report... Program END 

Create log file
2016-06-21 13:46:01Z on time future report... Program Start
2016-06-21 13:46:01Z on time future report... Program END 

Create log file
2016-06-21 14:01:00Z Send 國際股市==>  Program Start
2016-06-21 14:01:00Z Send 國際股市==>  Program END 

Create log file
2016-06-21 15:01:00Z Send 國際股市==>  Program Start
2016-06-21 15:01:00Z Send 國際股市==>  Program END 

Create log file
2016-06-21 15:55:55Z Send Option_OIV_daily Program Start
2016-06-21 15:55:55Z Send Option_OIV_daily Program END 

Create log file
2016-06-21 16:01:02Z Send 國際股市==>  Program Start
2016-06-21 16:01:02Z Send 國際股市==>  Program END 

Create log file
2016-06-21 17:01:00Z Send 國際股市==>  Program Start
2016-06-21 17:01:00Z Send 國際股市==>  Program END 

Create log file
2016-06-21 18:01:00Z Send 國際股市==>  Program Start
2016-06-21 18:01:00Z Send 國際股市==>  Program END 

Create log file
2016-06-21 18:01:27Z Send 國際股市==>  Program Start
2016-06-21 18:01:27Z Send 國際股市==>  Program END 

Create log file
2016-06-21 18:01:49Z Send 國際股市==>  Program Start
2016-06-21 18:01:49Z Send 國際股市==>  Program END 

Create log file
2016-06-21 18:02:11Z Send 國際股市==>  Program Start
2016-06-21 18:02:11Z Send 國際股市==>  Program END 

Create log file
2016-06-21 18:02:34Z Send 國際股市==>  Program Start
2016-06-21 18:02:34Z Send 國際股市==>  Program END 

Create log file
2016-06-21 19:01:01Z Send 國際股市==>  Program Start
2016-06-21 19:01:01Z Send 國際股市==>  Program END 

Create log file
2016-06-21 19:01:27Z Send 國際股市==>  Program Start
2016-06-21 19:01:27Z Send 國際股市==>  Program END 

Create log file
2016-06-21 19:01:50Z Send 國際股市==>  Program Start
2016-06-21 19:01:50Z Send 國際股市==>  Program END 

Create log file
2016-06-21 19:02:12Z Send 國際股市==>  Program Start
2016-06-21 19:02:12Z Send 國際股市==>  Program END 

Create log file
2016-06-21 19:02:32Z Send 國際股市==>  Program Start
2016-06-21 19:02:32Z Send 國際股市==>  Program END 

Create log file
2016-06-21 19:02:55Z Send 國際股市==>  Program Start
2016-06-21 19:02:55Z Send 國際股市==>  Program END 

Create log file
2016-06-21 20:01:01Z Send 國際股市==>  Program Start
2016-06-21 20:01:01Z Send 國際股市==>  Program END 

Create log file
2016-06-21 20:10:10Z stock_data_daily_create_file Program Start
2016-06-21 20:10:10Z stock_data_daily_create_file Program END 

Create log file
2016-06-21 20:20:05Z stock_data_insert_daily Program Start
2016-06-21 20:20:05Z stock_data_insert_daily Program END 

Create log file
2016-06-21 20:30:09Z Send 股市氣象台電子報-今日我最夯<==Strong_UP==>  Program Start
2016-06-21 20:30:09Z Send 股市氣象台電子報-今日我最夯<==Strong_UP==>  Program END 

Create log file
2016-06-21 23:01:02Z Send 國際股市==>  Program Start
2016-06-21 23:01:02Z Send 國際股市==>  Program END 

