Create log file
2016-03-03 00:01:03Z Send 國際股市==>  Program Start
2016-03-03 00:01:03Z Send 國際股市==>  Program END 

Create log file
2016-03-03 01:01:03Z Send 國際股市==>  Program Start
2016-03-03 01:01:03Z Send 國際股市==>  Program END 

Create log file
2016-03-03 08:01:01Z Send 國際股市==>  Program Start
2016-03-03 08:01:01Z Send 國際股市==>  Program END 

Create log file
2016-03-03 08:01:27Z Send 國際股市==>  Program Start
2016-03-03 08:01:27Z Send 國際股市==>  Program END 

Create log file
2016-03-03 08:01:51Z Send 國際股市==>  Program Start
2016-03-03 08:01:51Z Send 國際股市==>  Program END 

Create log file
2016-03-03 08:46:02Z on time future report... Program Start
2016-03-03 08:46:02Z on time future report... Program END 

Create log file
2016-03-03 08:51:01Z on time future report... Program Start
2016-03-03 08:51:01Z on time future report... Program END 

Create log file
2016-03-03 08:56:01Z on time future report... Program Start
2016-03-03 08:56:01Z on time future report... Program END 

Create log file
2016-03-03 09:01:01Z Send 國際股市==>  Program Start
2016-03-03 09:01:01Z Send 國際股市==>  Program END 

Create log file
2016-03-03 09:01:28Z on time future report... Program Start
2016-03-03 09:01:28Z on time future report... Program END 

Create log file
2016-03-03 09:03:59Z Query Stock_id is 3481 Program Start
2016-03-03 09:03:59Z Query Stock_id is 3481 Program END 

Create log file
2016-03-03 09:04:00Z Query Stock_id is 2409 Program Start
2016-03-03 09:04:00Z Query Stock_id is 2409 Program END 

Create log file
2016-03-03 09:04:00Z Query Stock_id is 6282 Program Start
2016-03-03 09:04:00Z Query Stock_id is 6282 Program END 

Create log file
2016-03-03 09:04:00Z Query Stock_id is 2002 Program Start
2016-03-03 09:04:00Z Query Stock_id is 2002 Program END 

Create log file
2016-03-03 09:04:00Z Query Stock_id is 2449 Program Start
2016-03-03 09:04:00Z Query Stock_id is 2449 Program END 

Create log file
2016-03-03 09:04:00Z Query Stock_id is 1312 Program Start
2016-03-03 09:04:00Z Query Stock_id is 1312 Program END 

Create log file
2016-03-03 09:04:00Z Query Stock_id is 2311 Program Start
2016-03-03 09:04:00Z Query Stock_id is 2311 Program END 

Create log file
2016-03-03 09:04:01Z Query Stock_id is 2330 Program Start
2016-03-03 09:04:01Z Query Stock_id is 2330 Program END 

Create log file
2016-03-03 09:04:01Z Query Stock_id is 2883 Program Start
2016-03-03 09:04:01Z Query Stock_id is 2883 Program END 

Create log file
2016-03-03 09:04:01Z Query Stock_id is 2890 Program Start
2016-03-03 09:04:01Z Query Stock_id is 2890 Program END 

Create log file
2016-03-03 09:04:01Z Query Stock_id is 2610 Program Start
2016-03-03 09:04:01Z Query Stock_id is 2610 Program END 

Create log file
2016-03-03 09:04:01Z Query Stock_id is 3231 Program Start
2016-03-03 09:04:01Z Query Stock_id is 3231 Program END 

Create log file
2016-03-03 09:04:02Z Query Stock_id is 2892 Program Start
2016-03-03 09:04:02Z Query Stock_id is 2892 Program END 

Create log file
2016-03-03 09:04:02Z Query Stock_id is 2474 Program Start
2016-03-03 09:04:02Z Query Stock_id is 2474 Program END 

Create log file
2016-03-03 09:04:02Z Query Stock_id is 2344 Program Start
2016-03-03 09:04:02Z Query Stock_id is 2344 Program END 

Create log file
2016-03-03 09:04:02Z Query Stock_id is 5880 Program Start
2016-03-03 09:04:02Z Query Stock_id is 5880 Program END 

Create log file
2016-03-03 09:04:02Z Query Stock_id is 1301 Program Start
2016-03-03 09:04:02Z Query Stock_id is 1301 Program END 

Create log file
2016-03-03 09:04:02Z Query Stock_id is 3474 Program Start
2016-03-03 09:04:02Z Query Stock_id is 3474 Program END 

Create log file
2016-03-03 09:04:03Z Query Stock_id is 2464 Program Start
2016-03-03 09:04:03Z Query Stock_id is 2464 Program END 

Create log file
2016-03-03 09:04:03Z Query Stock_id is 2421 Program Start
2016-03-03 09:04:03Z Query Stock_id is 2421 Program END 

Create log file
2016-03-03 09:04:03Z Query Stock_id is 3037 Program Start
2016-03-03 09:04:03Z Query Stock_id is 3037 Program END 

Create log file
2016-03-03 09:06:01Z on time future report... Program Start
2016-03-03 09:06:01Z on time future report... Program END 

Create log file
2016-03-03 09:11:01Z on time future report... Program Start
2016-03-03 09:11:01Z on time future report... Program END 

Create log file
2016-03-03 09:16:01Z on time future report... Program Start
2016-03-03 09:16:01Z on time future report... Program END 

Create log file
2016-03-03 09:21:02Z on time future report... Program Start
2016-03-03 09:21:02Z on time future report... Program END 

Create log file
2016-03-03 09:26:01Z on time future report... Program Start
2016-03-03 09:26:01Z on time future report... Program END 

Create log file
2016-03-03 09:31:01Z on time future report... Program Start
2016-03-03 09:31:01Z on time future report... Program END 

Create log file
2016-03-03 09:36:01Z on time future report... Program Start
2016-03-03 09:36:01Z on time future report... Program END 

Create log file
2016-03-03 09:41:02Z on time future report... Program Start
2016-03-03 09:41:02Z on time future report... Program END 

Create log file
2016-03-03 09:46:01Z on time future report... Program Start
2016-03-03 09:46:01Z on time future report... Program END 

Create log file
2016-03-03 09:51:01Z on time future report... Program Start
2016-03-03 09:51:01Z on time future report... Program END 

Create log file
2016-03-03 09:56:01Z on time future report... Program Start
2016-03-03 09:56:01Z on time future report... Program END 

Create log file
2016-03-03 10:01:01Z on time future report... Program Start
2016-03-03 10:01:01Z on time future report... Program END 

Create log file
2016-03-03 10:01:02Z Send 國際股市==>  Program Start
2016-03-03 10:01:02Z Send 國際股市==>  Program END 

Create log file
2016-03-03 10:06:03Z on time future report... Program Start
2016-03-03 10:06:03Z on time future report... Program END 

Create log file
2016-03-03 10:11:02Z on time future report... Program Start
2016-03-03 10:11:02Z on time future report... Program END 

Create log file
2016-03-03 10:16:01Z on time future report... Program Start
2016-03-03 10:16:01Z on time future report... Program END 

Create log file
2016-03-03 10:21:02Z on time future report... Program Start
2016-03-03 10:21:02Z on time future report... Program END 

Create log file
2016-03-03 10:26:01Z on time future report... Program Start
2016-03-03 10:26:01Z on time future report... Program END 

Create log file
2016-03-03 10:31:01Z on time future report... Program Start
2016-03-03 10:31:01Z on time future report... Program END 

Create log file
2016-03-03 10:36:01Z on time future report... Program Start
2016-03-03 10:36:01Z on time future report... Program END 

Create log file
2016-03-03 10:41:02Z on time future report... Program Start
2016-03-03 10:41:02Z on time future report... Program END 

Create log file
2016-03-03 10:46:01Z on time future report... Program Start
2016-03-03 10:46:01Z on time future report... Program END 

Create log file
2016-03-03 10:51:02Z on time future report... Program Start
2016-03-03 10:51:02Z on time future report... Program END 

Create log file
2016-03-03 10:56:01Z on time future report... Program Start
2016-03-03 10:56:01Z on time future report... Program END 

Create log file
2016-03-03 11:01:01Z on time future report... Program Start
2016-03-03 11:01:01Z on time future report... Program END 

Create log file
2016-03-03 11:01:02Z Send 國際股市==>  Program Start
2016-03-03 11:01:02Z Send 國際股市==>  Program END 

Create log file
2016-03-03 11:06:03Z on time future report... Program Start
2016-03-03 11:06:03Z on time future report... Program END 

Create log file
2016-03-03 11:11:01Z on time future report... Program Start
2016-03-03 11:11:01Z on time future report... Program END 

Create log file
2016-03-03 11:16:01Z on time future report... Program Start
2016-03-03 11:16:01Z on time future report... Program END 

Create log file
2016-03-03 11:21:01Z on time future report... Program Start
2016-03-03 11:21:01Z on time future report... Program END 

Create log file
2016-03-03 11:26:01Z on time future report... Program Start
2016-03-03 11:26:01Z on time future report... Program END 

Create log file
2016-03-03 11:31:01Z on time future report... Program Start
2016-03-03 11:31:01Z on time future report... Program END 

Create log file
2016-03-03 11:36:02Z on time future report... Program Start
2016-03-03 11:36:02Z on time future report... Program END 

Create log file
2016-03-03 11:41:01Z on time future report... Program Start
2016-03-03 11:41:01Z on time future report... Program END 

Create log file
2016-03-03 11:46:04Z on time future report... Program Start
2016-03-03 11:46:04Z on time future report... Program END 

Create log file
2016-03-03 11:51:01Z on time future report... Program Start
2016-03-03 11:51:01Z on time future report... Program END 

Create log file
2016-03-03 11:56:01Z on time future report... Program Start
2016-03-03 11:56:01Z on time future report... Program END 

Create log file
2016-03-03 12:01:01Z on time future report... Program Start
2016-03-03 12:01:01Z on time future report... Program END 

Create log file
2016-03-03 12:01:02Z Send 國際股市==>  Program Start
2016-03-03 12:01:02Z Send 國際股市==>  Program END 

Create log file
2016-03-03 12:06:02Z on time future report... Program Start
2016-03-03 12:06:02Z on time future report... Program END 

Create log file
2016-03-03 12:11:01Z on time future report... Program Start
2016-03-03 12:11:01Z on time future report... Program END 

Create log file
2016-03-03 12:16:02Z on time future report... Program Start
2016-03-03 12:16:02Z on time future report... Program END 

Create log file
2016-03-03 12:21:03Z on time future report... Program Start
2016-03-03 12:21:03Z on time future report... Program END 

Create log file
2016-03-03 12:26:01Z on time future report... Program Start
2016-03-03 12:26:01Z on time future report... Program END 

Create log file
2016-03-03 12:31:02Z on time future report... Program Start
2016-03-03 12:31:02Z on time future report... Program END 

Create log file
2016-03-03 12:36:01Z on time future report... Program Start
2016-03-03 12:36:01Z on time future report... Program END 

Create log file
2016-03-03 12:41:01Z on time future report... Program Start
2016-03-03 12:41:01Z on time future report... Program END 

Create log file
2016-03-03 12:46:01Z on time future report... Program Start
2016-03-03 12:46:01Z on time future report... Program END 

Create log file
2016-03-03 12:51:01Z on time future report... Program Start
2016-03-03 12:51:01Z on time future report... Program END 

Create log file
2016-03-03 12:56:01Z on time future report... Program Start
2016-03-03 12:56:01Z on time future report... Program END 

Create log file
2016-03-03 13:01:00Z Send 國際股市==>  Program Start
2016-03-03 13:01:00Z Send 國際股市==>  Program END 

Create log file
2016-03-03 13:01:32Z on time future report... Program Start
2016-03-03 13:01:32Z on time future report... Program END 

Create log file
2016-03-03 13:06:01Z on time future report... Program Start
2016-03-03 13:06:01Z on time future report... Program END 

Create log file
2016-03-03 13:11:01Z on time future report... Program Start
2016-03-03 13:11:01Z on time future report... Program END 

Create log file
2016-03-03 13:16:01Z on time future report... Program Start
2016-03-03 13:16:01Z on time future report... Program END 

Create log file
2016-03-03 13:21:01Z on time future report... Program Start
2016-03-03 13:21:01Z on time future report... Program END 

Create log file
2016-03-03 13:26:01Z on time future report... Program Start
2016-03-03 13:26:01Z on time future report... Program END 

Create log file
2016-03-03 13:31:02Z on time future report... Program Start
2016-03-03 13:31:02Z on time future report... Program END 

Create log file
2016-03-03 13:31:52Z Query Stock_id is 3481 Program Start
2016-03-03 13:31:52Z Query Stock_id is 3481 Program END 

Create log file
2016-03-03 13:31:53Z Query Stock_id is 2409 Program Start
2016-03-03 13:31:53Z Query Stock_id is 2409 Program END 

Create log file
2016-03-03 13:31:53Z Query Stock_id is 6282 Program Start
2016-03-03 13:31:53Z Query Stock_id is 6282 Program END 

Create log file
2016-03-03 13:31:53Z Query Stock_id is 2002 Program Start
2016-03-03 13:31:53Z Query Stock_id is 2002 Program END 

Create log file
2016-03-03 13:31:53Z Query Stock_id is 2449 Program Start
2016-03-03 13:31:53Z Query Stock_id is 2449 Program END 

Create log file
2016-03-03 13:31:53Z Query Stock_id is 1312 Program Start
2016-03-03 13:31:53Z Query Stock_id is 1312 Program END 

Create log file
2016-03-03 13:31:53Z Query Stock_id is 2311 Program Start
2016-03-03 13:31:53Z Query Stock_id is 2311 Program END 

Create log file
2016-03-03 13:31:54Z Query Stock_id is 2330 Program Start
2016-03-03 13:31:54Z Query Stock_id is 2330 Program END 

Create log file
2016-03-03 13:31:54Z Query Stock_id is 2883 Program Start
2016-03-03 13:31:54Z Query Stock_id is 2883 Program END 

Create log file
2016-03-03 13:31:54Z Query Stock_id is 2890 Program Start
2016-03-03 13:31:54Z Query Stock_id is 2890 Program END 

Create log file
2016-03-03 13:31:54Z Query Stock_id is 2610 Program Start
2016-03-03 13:31:54Z Query Stock_id is 2610 Program END 

Create log file
2016-03-03 13:31:54Z Query Stock_id is 3231 Program Start
2016-03-03 13:31:54Z Query Stock_id is 3231 Program END 

Create log file
2016-03-03 13:31:55Z Query Stock_id is 2892 Program Start
2016-03-03 13:31:55Z Query Stock_id is 2892 Program END 

Create log file
2016-03-03 13:31:55Z Query Stock_id is 2474 Program Start
2016-03-03 13:31:55Z Query Stock_id is 2474 Program END 

Create log file
2016-03-03 13:31:55Z Query Stock_id is 2344 Program Start
2016-03-03 13:31:55Z Query Stock_id is 2344 Program END 

Create log file
2016-03-03 13:31:55Z Query Stock_id is 5880 Program Start
2016-03-03 13:31:55Z Query Stock_id is 5880 Program END 

Create log file
2016-03-03 13:31:55Z Query Stock_id is 1301 Program Start
2016-03-03 13:31:55Z Query Stock_id is 1301 Program END 

Create log file
2016-03-03 13:31:55Z Query Stock_id is 3474 Program Start
2016-03-03 13:31:55Z Query Stock_id is 3474 Program END 

Create log file
2016-03-03 13:31:56Z Query Stock_id is 2464 Program Start
2016-03-03 13:31:56Z Query Stock_id is 2464 Program END 

Create log file
2016-03-03 13:31:56Z Query Stock_id is 2421 Program Start
2016-03-03 13:31:56Z Query Stock_id is 2421 Program END 

Create log file
2016-03-03 13:31:56Z Query Stock_id is 3037 Program Start
2016-03-03 13:31:56Z Query Stock_id is 3037 Program END 

Create log file
2016-03-03 13:32:05Z Query Stock_id is 3481 Program Start
2016-03-03 13:32:05Z Query Stock_id is 3481 Program END 

Create log file
2016-03-03 13:32:05Z Query Stock_id is 2409 Program Start
2016-03-03 13:32:05Z Query Stock_id is 2409 Program END 

Create log file
2016-03-03 13:32:06Z Query Stock_id is 6282 Program Start
2016-03-03 13:32:06Z Query Stock_id is 6282 Program END 

Create log file
2016-03-03 13:32:06Z Query Stock_id is 2002 Program Start
2016-03-03 13:32:06Z Query Stock_id is 2002 Program END 

Create log file
2016-03-03 13:32:06Z Query Stock_id is 2449 Program Start
2016-03-03 13:32:06Z Query Stock_id is 2449 Program END 

Create log file
2016-03-03 13:32:06Z Query Stock_id is 1312 Program Start
2016-03-03 13:32:06Z Query Stock_id is 1312 Program END 

Create log file
2016-03-03 13:32:06Z Query Stock_id is 2311 Program Start
2016-03-03 13:32:06Z Query Stock_id is 2311 Program END 

Create log file
2016-03-03 13:32:06Z Query Stock_id is 2330 Program Start
2016-03-03 13:32:06Z Query Stock_id is 2330 Program END 

Create log file
2016-03-03 13:32:07Z Query Stock_id is 2883 Program Start
2016-03-03 13:32:07Z Query Stock_id is 2883 Program END 

Create log file
2016-03-03 13:32:07Z Query Stock_id is 2890 Program Start
2016-03-03 13:32:07Z Query Stock_id is 2890 Program END 

Create log file
2016-03-03 13:32:07Z Query Stock_id is 2610 Program Start
2016-03-03 13:32:07Z Query Stock_id is 2610 Program END 

Create log file
2016-03-03 13:32:07Z Query Stock_id is 3231 Program Start
2016-03-03 13:32:07Z Query Stock_id is 3231 Program END 

Create log file
2016-03-03 13:32:07Z Query Stock_id is 2892 Program Start
2016-03-03 13:32:07Z Query Stock_id is 2892 Program END 

Create log file
2016-03-03 13:32:07Z Query Stock_id is 2474 Program Start
2016-03-03 13:32:07Z Query Stock_id is 2474 Program END 

Create log file
2016-03-03 13:32:08Z Query Stock_id is 2344 Program Start
2016-03-03 13:32:08Z Query Stock_id is 2344 Program END 

Create log file
2016-03-03 13:32:08Z Query Stock_id is 5880 Program Start
2016-03-03 13:32:08Z Query Stock_id is 5880 Program END 

Create log file
2016-03-03 13:32:08Z Query Stock_id is 1301 Program Start
2016-03-03 13:32:08Z Query Stock_id is 1301 Program END 

Create log file
2016-03-03 13:32:08Z Query Stock_id is 3474 Program Start
2016-03-03 13:32:08Z Query Stock_id is 3474 Program END 

Create log file
2016-03-03 13:32:08Z Query Stock_id is 2464 Program Start
2016-03-03 13:32:08Z Query Stock_id is 2464 Program END 

Create log file
2016-03-03 13:32:09Z Query Stock_id is 2421 Program Start
2016-03-03 13:32:09Z Query Stock_id is 2421 Program END 

Create log file
2016-03-03 13:32:09Z Query Stock_id is 3037 Program Start
2016-03-03 13:32:09Z Query Stock_id is 3037 Program END 

Create log file
2016-03-03 13:36:01Z on time future report... Program Start
2016-03-03 13:36:01Z on time future report... Program END 

Create log file
2016-03-03 13:41:01Z on time future report... Program Start
2016-03-03 13:41:01Z on time future report... Program END 

Create log file
2016-03-03 13:46:01Z on time future report... Program Start
2016-03-03 13:46:01Z on time future report... Program END 

Create log file
2016-03-03 14:01:00Z Send 國際股市==>  Program Start
2016-03-03 14:01:00Z Send 國際股市==>  Program END 

Create log file
2016-03-03 15:01:00Z Send 國際股市==>  Program Start
2016-03-03 15:01:00Z Send 國際股市==>  Program END 

Create log file
2016-03-03 15:50:18Z option_insert_daily Program Start
2016-03-03 15:50:18Z option_insert_daily Program END 

Create log file
2016-03-03 15:56:11Z Send Option_OIV_daily Program Start
2016-03-03 15:56:11Z Send Option_OIV_daily Program END 

Create log file
2016-03-03 16:01:00Z Send 國際股市==>  Program Start
2016-03-03 16:01:00Z Send 國際股市==>  Program END 

Create log file
2016-03-03 17:01:01Z Send 國際股市==>  Program Start
2016-03-03 17:01:01Z Send 國際股市==>  Program END 

Create log file
2016-03-03 18:01:01Z Send 國際股市==>  Program Start
2016-03-03 18:01:01Z Send 國際股市==>  Program END 

Create log file
2016-03-03 18:01:27Z Send 國際股市==>  Program Start
2016-03-03 18:01:27Z Send 國際股市==>  Program END 

Create log file
2016-03-03 18:01:49Z Send 國際股市==>  Program Start
2016-03-03 18:01:49Z Send 國際股市==>  Program END 

Create log file
2016-03-03 18:02:12Z Send 國際股市==>  Program Start
2016-03-03 18:02:12Z Send 國際股市==>  Program END 

Create log file
2016-03-03 19:01:01Z Send 國際股市==>  Program Start
2016-03-03 19:01:01Z Send 國際股市==>  Program END 

Create log file
2016-03-03 19:01:27Z Send 國際股市==>  Program Start
2016-03-03 19:01:27Z Send 國際股市==>  Program END 

Create log file
2016-03-03 19:01:50Z Send 國際股市==>  Program Start
2016-03-03 19:01:50Z Send 國際股市==>  Program END 

Create log file
2016-03-03 20:01:00Z Send 國際股市==>  Program Start
2016-03-03 20:01:00Z Send 國際股市==>  Program END 

Create log file
2016-03-03 20:10:08Z stock_data_daily_create_file Program Start
2016-03-03 20:10:08Z stock_data_daily_create_file Program END 

Create log file
2016-03-03 20:20:05Z stock_data_insert_daily Program Start
2016-03-03 20:20:05Z stock_data_insert_daily Program END 

Create log file
2016-03-03 20:30:14Z Send 股市氣象台電子報-今日我最夯<==Strong_UP==>  Program Start
2016-03-03 20:30:14Z Send 股市氣象台電子報-今日我最夯<==Strong_UP==>  Program END 

Create log file
2016-03-03 21:01:00Z Send 國際股市==>  Program Start
2016-03-03 21:01:00Z Send 國際股市==>  Program END 

Create log file
2016-03-03 22:01:03Z Send 國際股市==>  Program Start
2016-03-03 22:01:03Z Send 國際股市==>  Program END 

Create log file
2016-03-03 22:01:29Z Send 國際股市==>  Program Start
2016-03-03 22:01:29Z Send 國際股市==>  Program END 

Create log file
2016-03-03 22:35:37Z Query Stock_id is 3481 Program Start
2016-03-03 22:35:37Z Query Stock_id is 3481 Program END 

Create log file
2016-03-03 22:35:37Z Query Stock_id is 2002 Program Start
2016-03-03 22:35:37Z Query Stock_id is 2002 Program END 

Create log file
2016-03-03 22:35:37Z Query Stock_id is 2885 Program Start
2016-03-03 22:35:37Z Query Stock_id is 2885 Program END 

Create log file
2016-03-03 22:35:37Z Query Stock_id is 2882 Program Start
2016-03-03 22:35:37Z Query Stock_id is 2882 Program END 

Create log file
2016-03-03 22:35:38Z Query Stock_id is 2823 Program Start
2016-03-03 22:35:38Z Query Stock_id is 2823 Program END 

Create log file
2016-03-03 22:35:38Z Query Stock_id is 2883 Program Start
2016-03-03 22:35:38Z Query Stock_id is 2883 Program END 

Create log file
2016-03-03 22:35:38Z Query Stock_id is 2520 Program Start
2016-03-03 22:35:38Z Query Stock_id is 2520 Program END 

Create log file
2016-03-03 22:35:38Z Query Stock_id is 2892 Program Start
2016-03-03 22:35:38Z Query Stock_id is 2892 Program END 

Create log file
2016-03-03 22:35:38Z Query Stock_id is 2303 Program Start
2016-03-03 22:35:38Z Query Stock_id is 2303 Program END 

Create log file
2016-03-03 22:35:38Z Query Stock_id is 2330 Program Start
2016-03-03 22:35:38Z Query Stock_id is 2330 Program END 

Create log file
2016-03-03 22:35:39Z Query Stock_id is 3682 Program Start
2016-03-03 22:35:39Z Query Stock_id is 3682 Program END 

Create log file
2016-03-03 22:35:39Z Query Stock_id is 2324 Program Start
2016-03-03 22:35:39Z Query Stock_id is 2324 Program END 

Create log file
2016-03-03 22:35:39Z Query Stock_id is 2801 Program Start
2016-03-03 22:35:39Z Query Stock_id is 2801 Program END 

Create log file
2016-03-03 22:35:39Z Query Stock_id is 5880 Program Start
2016-03-03 22:35:39Z Query Stock_id is 5880 Program END 

Create log file
2016-03-03 22:35:39Z Query Stock_id is 2880 Program Start
2016-03-03 22:35:39Z Query Stock_id is 2880 Program END 

Create log file
2016-03-03 22:35:40Z Query Stock_id is 2382 Program Start
2016-03-03 22:35:40Z Query Stock_id is 2382 Program END 

Create log file
2016-03-03 22:35:40Z Query Stock_id is 2409 Program Start
2016-03-03 22:35:40Z Query Stock_id is 2409 Program END 

Create log file
2016-03-03 22:35:40Z Query Stock_id is 3474 Program Start
2016-03-03 22:35:40Z Query Stock_id is 3474 Program END 

Create log file
2016-03-03 22:35:40Z Query Stock_id is 3231 Program Start
2016-03-03 22:35:40Z Query Stock_id is 3231 Program END 

Create log file
2016-03-03 22:35:40Z Query Stock_id is 2301 Program Start
2016-03-03 22:35:40Z Query Stock_id is 2301 Program END 

Create log file
2016-03-03 22:35:40Z Query Stock_id is 1312 Program Start
2016-03-03 22:35:40Z Query Stock_id is 1312 Program END 

Create log file
2016-03-03 22:35:41Z Query Stock_id is 2464 Program Start
2016-03-03 22:35:41Z Query Stock_id is 2464 Program END 

Create log file
2016-03-03 22:35:41Z Query Stock_id is 2344 Program Start
2016-03-03 22:35:41Z Query Stock_id is 2344 Program END 

Create log file
2016-03-03 22:35:41Z Query Stock_id is 2449 Program Start
2016-03-03 22:35:41Z Query Stock_id is 2449 Program END 

Create log file
2016-03-03 22:35:41Z Query Stock_id is 3481 Program Start
2016-03-03 22:35:41Z Query Stock_id is 3481 Program END 

Create log file
2016-03-03 22:35:41Z Query Stock_id is 2409 Program Start
2016-03-03 22:35:41Z Query Stock_id is 2409 Program END 

Create log file
2016-03-03 22:35:41Z Query Stock_id is 6282 Program Start
2016-03-03 22:35:41Z Query Stock_id is 6282 Program END 

Create log file
2016-03-03 22:35:42Z Query Stock_id is 2002 Program Start
2016-03-03 22:35:42Z Query Stock_id is 2002 Program END 

Create log file
2016-03-03 22:35:42Z Query Stock_id is 2449 Program Start
2016-03-03 22:35:42Z Query Stock_id is 2449 Program END 

Create log file
2016-03-03 22:35:42Z Query Stock_id is 1312 Program Start
2016-03-03 22:35:42Z Query Stock_id is 1312 Program END 

Create log file
2016-03-03 22:35:42Z Query Stock_id is 2311 Program Start
2016-03-03 22:35:42Z Query Stock_id is 2311 Program END 

Create log file
2016-03-03 22:35:42Z Query Stock_id is 2330 Program Start
2016-03-03 22:35:42Z Query Stock_id is 2330 Program END 

Create log file
2016-03-03 22:35:42Z Query Stock_id is 2883 Program Start
2016-03-03 22:35:42Z Query Stock_id is 2883 Program END 

Create log file
2016-03-03 22:35:43Z Query Stock_id is 2890 Program Start
2016-03-03 22:35:43Z Query Stock_id is 2890 Program END 

Create log file
2016-03-03 22:35:43Z Query Stock_id is 2610 Program Start
2016-03-03 22:35:43Z Query Stock_id is 2610 Program END 

Create log file
2016-03-03 22:35:43Z Query Stock_id is 3231 Program Start
2016-03-03 22:35:43Z Query Stock_id is 3231 Program END 

Create log file
2016-03-03 22:35:43Z Query Stock_id is 2892 Program Start
2016-03-03 22:35:43Z Query Stock_id is 2892 Program END 

Create log file
2016-03-03 22:35:43Z Query Stock_id is 2474 Program Start
2016-03-03 22:35:43Z Query Stock_id is 2474 Program END 

Create log file
2016-03-03 22:35:43Z Query Stock_id is 2344 Program Start
2016-03-03 22:35:43Z Query Stock_id is 2344 Program END 

Create log file
2016-03-03 22:35:44Z Query Stock_id is 5880 Program Start
2016-03-03 22:35:44Z Query Stock_id is 5880 Program END 

Create log file
2016-03-03 22:35:44Z Query Stock_id is 1301 Program Start
2016-03-03 22:35:44Z Query Stock_id is 1301 Program END 

Create log file
2016-03-03 22:35:44Z Query Stock_id is 3474 Program Start
2016-03-03 22:35:44Z Query Stock_id is 3474 Program END 

Create log file
2016-03-03 22:35:44Z Query Stock_id is 2464 Program Start
2016-03-03 22:35:44Z Query Stock_id is 2464 Program END 

Create log file
2016-03-03 22:35:44Z Query Stock_id is 2421 Program Start
2016-03-03 22:35:44Z Query Stock_id is 2421 Program END 

Create log file
2016-03-03 22:35:44Z Query Stock_id is 3037 Program Start
2016-03-03 22:35:44Z Query Stock_id is 3037 Program END 

Create log file
2016-03-03 23:01:03Z Send 國際股市==>  Program Start
2016-03-03 23:01:03Z Send 國際股市==>  Program END 

Create log file
2016-03-03 23:13:47Z Query Stock_id is 3481 Program Start
2016-03-03 23:13:47Z Query Stock_id is 3481 Program END 

Create log file
2016-03-03 23:13:47Z Query Stock_id is 2002 Program Start
2016-03-03 23:13:47Z Query Stock_id is 2002 Program END 

Create log file
2016-03-03 23:13:47Z Query Stock_id is 2885 Program Start
2016-03-03 23:13:47Z Query Stock_id is 2885 Program END 

Create log file
2016-03-03 23:13:47Z Query Stock_id is 2882 Program Start
2016-03-03 23:13:47Z Query Stock_id is 2882 Program END 

Create log file
2016-03-03 23:13:47Z Query Stock_id is 2823 Program Start
2016-03-03 23:13:47Z Query Stock_id is 2823 Program END 

Create log file
2016-03-03 23:13:47Z Query Stock_id is 2883 Program Start
2016-03-03 23:13:47Z Query Stock_id is 2883 Program END 

Create log file
2016-03-03 23:13:47Z Query Stock_id is 2520 Program Start
2016-03-03 23:13:47Z Query Stock_id is 2520 Program END 

Create log file
2016-03-03 23:13:48Z Query Stock_id is 2892 Program Start
2016-03-03 23:13:48Z Query Stock_id is 2892 Program END 

Create log file
2016-03-03 23:13:48Z Query Stock_id is 2303 Program Start
2016-03-03 23:13:48Z Query Stock_id is 2303 Program END 

Create log file
2016-03-03 23:13:48Z Query Stock_id is 2330 Program Start
2016-03-03 23:13:48Z Query Stock_id is 2330 Program END 

Create log file
2016-03-03 23:13:48Z Query Stock_id is 3682 Program Start
2016-03-03 23:13:48Z Query Stock_id is 3682 Program END 

Create log file
2016-03-03 23:13:48Z Query Stock_id is 2324 Program Start
2016-03-03 23:13:48Z Query Stock_id is 2324 Program END 

Create log file
2016-03-03 23:13:48Z Query Stock_id is 2801 Program Start
2016-03-03 23:13:48Z Query Stock_id is 2801 Program END 

Create log file
2016-03-03 23:13:49Z Query Stock_id is 5880 Program Start
2016-03-03 23:13:49Z Query Stock_id is 5880 Program END 

Create log file
2016-03-03 23:13:49Z Query Stock_id is 2880 Program Start
2016-03-03 23:13:49Z Query Stock_id is 2880 Program END 

Create log file
2016-03-03 23:13:49Z Query Stock_id is 2382 Program Start
2016-03-03 23:13:49Z Query Stock_id is 2382 Program END 

Create log file
2016-03-03 23:13:49Z Query Stock_id is 2409 Program Start
2016-03-03 23:13:49Z Query Stock_id is 2409 Program END 

Create log file
2016-03-03 23:13:49Z Query Stock_id is 3474 Program Start
2016-03-03 23:13:49Z Query Stock_id is 3474 Program END 

Create log file
2016-03-03 23:13:49Z Query Stock_id is 3231 Program Start
2016-03-03 23:13:49Z Query Stock_id is 3231 Program END 

Create log file
2016-03-03 23:13:50Z Query Stock_id is 2301 Program Start
2016-03-03 23:13:50Z Query Stock_id is 2301 Program END 

Create log file
2016-03-03 23:13:50Z Query Stock_id is 1312 Program Start
2016-03-03 23:13:50Z Query Stock_id is 1312 Program END 

Create log file
2016-03-03 23:13:50Z Query Stock_id is 2464 Program Start
2016-03-03 23:13:50Z Query Stock_id is 2464 Program END 

Create log file
2016-03-03 23:13:50Z Query Stock_id is 2344 Program Start
2016-03-03 23:13:50Z Query Stock_id is 2344 Program END 

Create log file
2016-03-03 23:13:50Z Query Stock_id is 2449 Program Start
2016-03-03 23:13:50Z Query Stock_id is 2449 Program END 

Create log file
2016-03-03 23:13:50Z Query Stock_id is 3481 Program Start
2016-03-03 23:13:50Z Query Stock_id is 3481 Program END 

Create log file
2016-03-03 23:13:50Z Query Stock_id is 2409 Program Start
2016-03-03 23:13:50Z Query Stock_id is 2409 Program END 

Create log file
2016-03-03 23:13:51Z Query Stock_id is 6282 Program Start
2016-03-03 23:13:51Z Query Stock_id is 6282 Program END 

Create log file
2016-03-03 23:13:51Z Query Stock_id is 2002 Program Start
2016-03-03 23:13:51Z Query Stock_id is 2002 Program END 

Create log file
2016-03-03 23:13:51Z Query Stock_id is 2449 Program Start
2016-03-03 23:13:51Z Query Stock_id is 2449 Program END 

Create log file
2016-03-03 23:13:51Z Query Stock_id is 1312 Program Start
2016-03-03 23:13:51Z Query Stock_id is 1312 Program END 

Create log file
2016-03-03 23:13:51Z Query Stock_id is 2311 Program Start
2016-03-03 23:13:51Z Query Stock_id is 2311 Program END 

Create log file
2016-03-03 23:13:51Z Query Stock_id is 2330 Program Start
2016-03-03 23:13:51Z Query Stock_id is 2330 Program END 

Create log file
2016-03-03 23:13:52Z Query Stock_id is 2883 Program Start
2016-03-03 23:13:52Z Query Stock_id is 2883 Program END 

Create log file
2016-03-03 23:13:52Z Query Stock_id is 2890 Program Start
2016-03-03 23:13:52Z Query Stock_id is 2890 Program END 

Create log file
2016-03-03 23:13:52Z Query Stock_id is 2610 Program Start
2016-03-03 23:13:52Z Query Stock_id is 2610 Program END 

Create log file
2016-03-03 23:13:52Z Query Stock_id is 3231 Program Start
2016-03-03 23:13:52Z Query Stock_id is 3231 Program END 

Create log file
2016-03-03 23:13:52Z Query Stock_id is 2892 Program Start
2016-03-03 23:13:52Z Query Stock_id is 2892 Program END 

Create log file
2016-03-03 23:13:52Z Query Stock_id is 2474 Program Start
2016-03-03 23:13:52Z Query Stock_id is 2474 Program END 

Create log file
2016-03-03 23:13:52Z Query Stock_id is 2344 Program Start
2016-03-03 23:13:52Z Query Stock_id is 2344 Program END 

Create log file
2016-03-03 23:13:53Z Query Stock_id is 5880 Program Start
2016-03-03 23:13:53Z Query Stock_id is 5880 Program END 

Create log file
2016-03-03 23:13:53Z Query Stock_id is 1301 Program Start
2016-03-03 23:13:53Z Query Stock_id is 1301 Program END 

Create log file
2016-03-03 23:13:53Z Query Stock_id is 3474 Program Start
2016-03-03 23:13:53Z Query Stock_id is 3474 Program END 

Create log file
2016-03-03 23:13:53Z Query Stock_id is 2464 Program Start
2016-03-03 23:13:53Z Query Stock_id is 2464 Program END 

Create log file
2016-03-03 23:13:53Z Query Stock_id is 2421 Program Start
2016-03-03 23:13:53Z Query Stock_id is 2421 Program END 

Create log file
2016-03-03 23:13:54Z Query Stock_id is 3037 Program Start
2016-03-03 23:13:54Z Query Stock_id is 3037 Program END 

