Create log file
2016-03-11 00:01:03Z Send 國際股市==>  Program Start
2016-03-11 00:01:03Z Send 國際股市==>  Program END 

Create log file
2016-03-11 01:01:03Z Send 國際股市==>  Program Start
2016-03-11 01:01:03Z Send 國際股市==>  Program END 

Create log file
2016-03-11 08:01:03Z Send 國際股市==>  Program Start
2016-03-11 08:01:03Z Send 國際股市==>  Program END 

Create log file
2016-03-11 08:01:29Z Send 國際股市==>  Program Start
2016-03-11 08:01:29Z Send 國際股市==>  Program END 

Create log file
2016-03-11 08:01:51Z Send 國際股市==>  Program Start
2016-03-11 08:01:51Z Send 國際股市==>  Program END 

Create log file
2016-03-11 08:46:03Z on time future report... Program Start
2016-03-11 08:46:03Z on time future report... Program END 

Create log file
2016-03-11 08:51:03Z on time future report... Program Start
2016-03-11 08:51:03Z on time future report... Program END 

Create log file
2016-03-11 08:56:03Z on time future report... Program Start
2016-03-11 08:56:03Z on time future report... Program END 

Create log file
2016-03-11 09:01:03Z Send 國際股市==>  Program Start
2016-03-11 09:01:03Z Send 國際股市==>  Program END 

Create log file
2016-03-11 09:01:04Z on time future report... Program Start
2016-03-11 09:01:04Z on time future report... Program END 

Create log file
2016-03-11 09:06:03Z on time future report... Program Start
2016-03-11 09:06:03Z on time future report... Program END 

Create log file
2016-03-11 09:16:03Z on time future report... Program Start
2016-03-11 09:16:03Z on time future report... Program END 

Create log file
2016-03-11 09:21:05Z on time future report... Program Start
2016-03-11 09:21:05Z on time future report... Program END 

Create log file
2016-03-11 09:26:01Z on time future report... Program Start
2016-03-11 09:26:01Z on time future report... Program END 

Create log file
2016-03-11 09:31:03Z on time future report... Program Start
2016-03-11 09:31:03Z on time future report... Program END 

Create log file
2016-03-11 09:36:01Z on time future report... Program Start
2016-03-11 09:36:01Z on time future report... Program END 

Create log file
2016-03-11 09:41:02Z on time future report... Program Start
2016-03-11 09:41:02Z on time future report... Program END 

Create log file
2016-03-11 09:46:01Z on time future report... Program Start
2016-03-11 09:46:01Z on time future report... Program END 

Create log file
2016-03-11 09:51:01Z on time future report... Program Start
2016-03-11 09:51:01Z on time future report... Program END 

Create log file
2016-03-11 09:56:01Z on time future report... Program Start
2016-03-11 09:56:01Z on time future report... Program END 

Create log file
2016-03-11 10:01:01Z Send 國際股市==>  Program Start
2016-03-11 10:01:01Z Send 國際股市==>  Program END 

Create log file
2016-03-11 10:06:01Z on time future report... Program Start
2016-03-11 10:06:01Z on time future report... Program END 

Create log file
2016-03-11 10:11:01Z on time future report... Program Start
2016-03-11 10:11:01Z on time future report... Program END 

Create log file
2016-03-11 10:16:04Z on time future report... Program Start
2016-03-11 10:16:04Z on time future report... Program END 

Create log file
2016-03-11 10:21:01Z on time future report... Program Start
2016-03-11 10:21:01Z on time future report... Program END 

Create log file
2016-03-11 10:26:02Z on time future report... Program Start
2016-03-11 10:26:02Z on time future report... Program END 

Create log file
2016-03-11 10:31:03Z on time future report... Program Start
2016-03-11 10:31:03Z on time future report... Program END 

Create log file
2016-03-11 10:36:01Z on time future report... Program Start
2016-03-11 10:36:01Z on time future report... Program END 

Create log file
2016-03-11 10:41:01Z on time future report... Program Start
2016-03-11 10:41:01Z on time future report... Program END 

Create log file
2016-03-11 10:46:04Z on time future report... Program Start
2016-03-11 10:46:04Z on time future report... Program END 

Create log file
2016-03-11 10:51:01Z on time future report... Program Start
2016-03-11 10:51:01Z on time future report... Program END 

Create log file
2016-03-11 10:56:01Z on time future report... Program Start
2016-03-11 10:56:01Z on time future report... Program END 

Create log file
2016-03-11 11:01:02Z on time future report... Program Start
2016-03-11 11:01:02Z on time future report... Program END 

Create log file
2016-03-11 11:01:02Z Send 國際股市==>  Program Start
2016-03-11 11:01:02Z Send 國際股市==>  Program END 

Create log file
2016-03-11 11:06:01Z on time future report... Program Start
2016-03-11 11:06:01Z on time future report... Program END 

Create log file
2016-03-11 11:11:03Z on time future report... Program Start
2016-03-11 11:11:03Z on time future report... Program END 

Create log file
2016-03-11 11:16:01Z on time future report... Program Start
2016-03-11 11:16:01Z on time future report... Program END 

Create log file
2016-03-11 11:21:02Z on time future report... Program Start
2016-03-11 11:21:02Z on time future report... Program END 

Create log file
2016-03-11 11:26:04Z on time future report... Program Start
2016-03-11 11:26:04Z on time future report... Program END 

Create log file
2016-03-11 11:31:01Z on time future report... Program Start
2016-03-11 11:31:01Z on time future report... Program END 

Create log file
2016-03-11 11:36:04Z on time future report... Program Start
2016-03-11 11:36:04Z on time future report... Program END 

Create log file
2016-03-11 11:41:04Z on time future report... Program Start
2016-03-11 11:41:04Z on time future report... Program END 

Create log file
2016-03-11 11:46:01Z on time future report... Program Start
2016-03-11 11:46:01Z on time future report... Program END 

Create log file
2016-03-11 11:51:01Z on time future report... Program Start
2016-03-11 11:51:01Z on time future report... Program END 

Create log file
2016-03-11 11:56:01Z on time future report... Program Start
2016-03-11 11:56:01Z on time future report... Program END 

Create log file
2016-03-11 12:01:01Z on time future report... Program Start
2016-03-11 12:01:01Z on time future report... Program END 

Create log file
2016-03-11 12:01:02Z Send 國際股市==>  Program Start
2016-03-11 12:01:02Z Send 國際股市==>  Program END 

Create log file
2016-03-11 12:06:04Z on time future report... Program Start
2016-03-11 12:06:04Z on time future report... Program END 

Create log file
2016-03-11 12:11:01Z on time future report... Program Start
2016-03-11 12:11:01Z on time future report... Program END 

Create log file
2016-03-11 12:16:01Z on time future report... Program Start
2016-03-11 12:16:01Z on time future report... Program END 

Create log file
2016-03-11 12:21:01Z on time future report... Program Start
2016-03-11 12:21:01Z on time future report... Program END 

Create log file
2016-03-11 12:26:01Z on time future report... Program Start
2016-03-11 12:26:01Z on time future report... Program END 

Create log file
2016-03-11 12:31:01Z on time future report... Program Start
2016-03-11 12:31:01Z on time future report... Program END 

Create log file
2016-03-11 12:36:01Z on time future report... Program Start
2016-03-11 12:36:01Z on time future report... Program END 

Create log file
2016-03-11 12:41:01Z on time future report... Program Start
2016-03-11 12:41:01Z on time future report... Program END 

Create log file
2016-03-11 12:46:01Z on time future report... Program Start
2016-03-11 12:46:01Z on time future report... Program END 

Create log file
2016-03-11 12:51:01Z on time future report... Program Start
2016-03-11 12:51:01Z on time future report... Program END 

Create log file
2016-03-11 12:56:01Z on time future report... Program Start
2016-03-11 12:56:01Z on time future report... Program END 

Create log file
2016-03-11 13:01:01Z Send 國際股市==>  Program Start
2016-03-11 13:01:01Z Send 國際股市==>  Program END 

Create log file
2016-03-11 13:01:28Z on time future report... Program Start
2016-03-11 13:01:28Z on time future report... Program END 

Create log file
2016-03-11 13:06:05Z on time future report... Program Start
2016-03-11 13:06:05Z on time future report... Program END 

Create log file
2016-03-11 13:11:04Z on time future report... Program Start
2016-03-11 13:11:04Z on time future report... Program END 

Create log file
2016-03-11 13:16:02Z on time future report... Program Start
2016-03-11 13:16:02Z on time future report... Program END 

Create log file
2016-03-11 13:21:01Z on time future report... Program Start
2016-03-11 13:21:01Z on time future report... Program END 

Create log file
2016-03-11 13:26:03Z on time future report... Program Start
2016-03-11 13:26:03Z on time future report... Program END 

Create log file
2016-03-11 13:31:01Z on time future report... Program Start
2016-03-11 13:31:01Z on time future report... Program END 

Create log file
2016-03-11 13:36:01Z on time future report... Program Start
2016-03-11 13:36:01Z on time future report... Program END 

Create log file
2016-03-11 13:41:01Z on time future report... Program Start
2016-03-11 13:41:01Z on time future report... Program END 

Create log file
2016-03-11 13:46:01Z on time future report... Program Start
2016-03-11 13:46:01Z on time future report... Program END 

Create log file
2016-03-11 14:01:00Z Send 國際股市==>  Program Start
2016-03-11 14:01:00Z Send 國際股市==>  Program END 

Create log file
2016-03-11 15:01:01Z Send 國際股市==>  Program Start
2016-03-11 15:01:01Z Send 國際股市==>  Program END 

Create log file
2016-03-11 15:50:17Z option_insert_daily Program Start
2016-03-11 15:50:17Z option_insert_daily Program END 

Create log file
2016-03-11 15:56:26Z Send Option_OIV_daily Program Start
2016-03-11 15:56:26Z Send Option_OIV_daily Program END 

Create log file
2016-03-11 16:01:00Z Send 國際股市==>  Program Start
2016-03-11 16:01:00Z Send 國際股市==>  Program END 

Create log file
2016-03-11 17:01:01Z Send 國際股市==>  Program Start
2016-03-11 17:01:01Z Send 國際股市==>  Program END 

Create log file
2016-03-11 18:01:01Z Send 國際股市==>  Program Start
2016-03-11 18:01:01Z Send 國際股市==>  Program END 

Create log file
2016-03-11 18:01:27Z Send 國際股市==>  Program Start
2016-03-11 18:01:27Z Send 國際股市==>  Program END 

Create log file
2016-03-11 18:01:49Z Send 國際股市==>  Program Start
2016-03-11 18:01:49Z Send 國際股市==>  Program END 

Create log file
2016-03-11 18:02:11Z Send 國際股市==>  Program Start
2016-03-11 18:02:11Z Send 國際股市==>  Program END 

Create log file
2016-03-11 19:01:01Z Send 國際股市==>  Program Start
2016-03-11 19:01:01Z Send 國際股市==>  Program END 

Create log file
2016-03-11 19:01:27Z Send 國際股市==>  Program Start
2016-03-11 19:01:27Z Send 國際股市==>  Program END 

Create log file
2016-03-11 19:01:50Z Send 國際股市==>  Program Start
2016-03-11 19:01:50Z Send 國際股市==>  Program END 

Create log file
2016-03-11 20:01:01Z Send 國際股市==>  Program Start
2016-03-11 20:01:01Z Send 國際股市==>  Program END 

Create log file
2016-03-11 20:10:03Z stock_data_daily_create_file Program Start
2016-03-11 20:10:03Z stock_data_daily_create_file Program END 

Create log file
2016-03-11 20:20:06Z stock_data_insert_daily Program Start
2016-03-11 20:20:06Z stock_data_insert_daily Program END 

Create log file
2016-03-11 20:30:15Z Send 股市氣象台電子報-今日我最夯<==Strong_UP==>  Program Start
2016-03-11 20:30:15Z Send 股市氣象台電子報-今日我最夯<==Strong_UP==>  Program END 

Create log file
2016-03-11 21:01:01Z Send 國際股市==>  Program Start
2016-03-11 21:01:01Z Send 國際股市==>  Program END 

Create log file
2016-03-11 22:01:01Z Send 國際股市==>  Program Start
2016-03-11 22:01:01Z Send 國際股市==>  Program END 

Create log file
2016-03-11 22:01:27Z Send 國際股市==>  Program Start
2016-03-11 22:01:27Z Send 國際股市==>  Program END 

Create log file
2016-03-11 23:01:03Z Send 國際股市==>  Program Start
2016-03-11 23:01:03Z Send 國際股市==>  Program END 

