Create log file
2016-03-31 00:01:04Z Send 國際股市==>  Program Start
2016-03-31 00:01:04Z Send 國際股市==>  Program END 

Create log file
2016-03-31 01:01:02Z Send 國際股市==>  Program Start
2016-03-31 01:01:02Z Send 國際股市==>  Program END 

Create log file
2016-03-31 08:01:03Z Send 國際股市==>  Program Start
2016-03-31 08:01:03Z Send 國際股市==>  Program END 

Create log file
2016-03-31 08:01:30Z Send 國際股市==>  Program Start
2016-03-31 08:01:30Z Send 國際股市==>  Program END 

Create log file
2016-03-31 08:01:52Z Send 國際股市==>  Program Start
2016-03-31 08:01:52Z Send 國際股市==>  Program END 

Create log file
2016-03-31 08:46:03Z on time future report... Program Start
2016-03-31 08:46:03Z on time future report... Program END 

Create log file
2016-03-31 08:51:04Z on time future report... Program Start
2016-03-31 08:51:04Z on time future report... Program END 

Create log file
2016-03-31 08:56:03Z on time future report... Program Start
2016-03-31 08:56:03Z on time future report... Program END 

Create log file
2016-03-31 09:01:04Z on time future report... Program Start
2016-03-31 09:01:04Z on time future report... Program END 

Create log file
2016-03-31 09:01:04Z Send 國際股市==>  Program Start
2016-03-31 09:01:04Z Send 國際股市==>  Program END 

Create log file
2016-03-31 09:06:03Z on time future report... Program Start
2016-03-31 09:06:03Z on time future report... Program END 

Create log file
2016-03-31 09:11:03Z on time future report... Program Start
2016-03-31 09:11:03Z on time future report... Program END 

Create log file
2016-03-31 09:16:03Z on time future report... Program Start
2016-03-31 09:16:03Z on time future report... Program END 

Create log file
2016-03-31 09:26:02Z on time future report... Program Start
2016-03-31 09:26:02Z on time future report... Program END 

Create log file
2016-03-31 09:31:03Z on time future report... Program Start
2016-03-31 09:31:03Z on time future report... Program END 

Create log file
2016-03-31 09:36:01Z on time future report... Program Start
2016-03-31 09:36:01Z on time future report... Program END 

Create log file
2016-03-31 09:41:01Z on time future report... Program Start
2016-03-31 09:41:01Z on time future report... Program END 

Create log file
2016-03-31 09:46:01Z on time future report... Program Start
2016-03-31 09:46:01Z on time future report... Program END 

Create log file
2016-03-31 09:51:01Z on time future report... Program Start
2016-03-31 09:51:01Z on time future report... Program END 

Create log file
2016-03-31 09:56:01Z on time future report... Program Start
2016-03-31 09:56:01Z on time future report... Program END 

Create log file
2016-03-31 10:01:01Z on time future report... Program Start
2016-03-31 10:01:01Z on time future report... Program END 

Create log file
2016-03-31 10:01:05Z Send 國際股市==>  Program Start
2016-03-31 10:01:05Z Send 國際股市==>  Program END 

Create log file
2016-03-31 10:06:01Z on time future report... Program Start
2016-03-31 10:06:01Z on time future report... Program END 

Create log file
2016-03-31 10:11:01Z on time future report... Program Start
2016-03-31 10:11:01Z on time future report... Program END 

Create log file
2016-03-31 10:16:01Z on time future report... Program Start
2016-03-31 10:16:01Z on time future report... Program END 

Create log file
2016-03-31 10:21:01Z on time future report... Program Start
2016-03-31 10:21:01Z on time future report... Program END 

Create log file
2016-03-31 10:26:03Z on time future report... Program Start
2016-03-31 10:26:03Z on time future report... Program END 

Create log file
2016-03-31 10:31:06Z on time future report... Program Start
2016-03-31 10:31:06Z on time future report... Program END 

Create log file
2016-03-31 10:36:01Z on time future report... Program Start
2016-03-31 10:36:01Z on time future report... Program END 

Create log file
2016-03-31 10:41:01Z on time future report... Program Start
2016-03-31 10:41:01Z on time future report... Program END 

Create log file
2016-03-31 10:46:00Z on time future report... Program Start
2016-03-31 10:46:00Z on time future report... Program END 

Create log file
2016-03-31 10:51:02Z on time future report... Program Start
2016-03-31 10:51:02Z on time future report... Program END 

Create log file
2016-03-31 10:56:01Z on time future report... Program Start
2016-03-31 10:56:01Z on time future report... Program END 

Create log file
2016-03-31 11:01:01Z on time future report... Program Start
2016-03-31 11:01:01Z on time future report... Program END 

Create log file
2016-03-31 11:01:05Z Send 國際股市==>  Program Start
2016-03-31 11:01:05Z Send 國際股市==>  Program END 

Create log file
2016-03-31 11:06:01Z on time future report... Program Start
2016-03-31 11:06:01Z on time future report... Program END 

Create log file
2016-03-31 11:11:01Z on time future report... Program Start
2016-03-31 11:11:01Z on time future report... Program END 

Create log file
2016-03-31 11:16:01Z on time future report... Program Start
2016-03-31 11:16:01Z on time future report... Program END 

Create log file
2016-03-31 11:21:01Z on time future report... Program Start
2016-03-31 11:21:01Z on time future report... Program END 

Create log file
2016-03-31 11:31:00Z on time future report... Program Start
2016-03-31 11:31:00Z on time future report... Program END 

Create log file
2016-03-31 11:36:01Z on time future report... Program Start
2016-03-31 11:36:01Z on time future report... Program END 

Create log file
2016-03-31 11:41:02Z on time future report... Program Start
2016-03-31 11:41:02Z on time future report... Program END 

Create log file
2016-03-31 11:46:01Z on time future report... Program Start
2016-03-31 11:46:01Z on time future report... Program END 

Create log file
2016-03-31 11:51:01Z on time future report... Program Start
2016-03-31 11:51:01Z on time future report... Program END 

Create log file
2016-03-31 11:56:01Z on time future report... Program Start
2016-03-31 11:56:01Z on time future report... Program END 

Create log file
2016-03-31 12:01:02Z on time future report... Program Start
2016-03-31 12:01:02Z on time future report... Program END 

Create log file
2016-03-31 12:01:04Z Send 國際股市==>  Program Start
2016-03-31 12:01:04Z Send 國際股市==>  Program END 

Create log file
2016-03-31 12:06:02Z on time future report... Program Start
2016-03-31 12:06:02Z on time future report... Program END 

Create log file
2016-03-31 12:11:01Z on time future report... Program Start
2016-03-31 12:11:01Z on time future report... Program END 

Create log file
2016-03-31 12:21:01Z on time future report... Program Start
2016-03-31 12:21:01Z on time future report... Program END 

Create log file
2016-03-31 12:26:01Z on time future report... Program Start
2016-03-31 12:26:01Z on time future report... Program END 

Create log file
2016-03-31 12:31:03Z on time future report... Program Start
2016-03-31 12:31:03Z on time future report... Program END 

Create log file
2016-03-31 12:36:01Z on time future report... Program Start
2016-03-31 12:36:01Z on time future report... Program END 

Create log file
2016-03-31 12:41:00Z on time future report... Program Start
2016-03-31 12:41:00Z on time future report... Program END 

Create log file
2016-03-31 12:51:01Z on time future report... Program Start
2016-03-31 12:51:01Z on time future report... Program END 

Create log file
2016-03-31 12:56:01Z on time future report... Program Start
2016-03-31 12:56:01Z on time future report... Program END 

Create log file
2016-03-31 13:01:02Z on time future report... Program Start
2016-03-31 13:01:02Z on time future report... Program END 

Create log file
2016-03-31 13:01:05Z Send 國際股市==>  Program Start
2016-03-31 13:01:05Z Send 國際股市==>  Program END 

Create log file
2016-03-31 13:06:01Z on time future report... Program Start
2016-03-31 13:06:01Z on time future report... Program END 

Create log file
2016-03-31 13:11:01Z on time future report... Program Start
2016-03-31 13:11:01Z on time future report... Program END 

Create log file
2016-03-31 13:16:01Z on time future report... Program Start
2016-03-31 13:16:01Z on time future report... Program END 

Create log file
2016-03-31 13:21:01Z on time future report... Program Start
2016-03-31 13:21:01Z on time future report... Program END 

Create log file
2016-03-31 13:26:01Z on time future report... Program Start
2016-03-31 13:26:01Z on time future report... Program END 

Create log file
2016-03-31 13:31:01Z on time future report... Program Start
2016-03-31 13:31:01Z on time future report... Program END 

Create log file
2016-03-31 13:36:01Z on time future report... Program Start
2016-03-31 13:36:01Z on time future report... Program END 

Create log file
2016-03-31 13:41:01Z on time future report... Program Start
2016-03-31 13:41:01Z on time future report... Program END 

Create log file
2016-03-31 13:46:01Z on time future report... Program Start
2016-03-31 13:46:01Z on time future report... Program END 

Create log file
2016-03-31 14:01:04Z Send 國際股市==>  Program Start
2016-03-31 14:01:04Z Send 國際股市==>  Program END 

Create log file
2016-03-31 15:01:03Z Send 國際股市==>  Program Start
2016-03-31 15:01:03Z Send 國際股市==>  Program END 

Create log file
2016-03-31 15:50:20Z option_insert_daily Program Start
2016-03-31 15:50:20Z option_insert_daily Program END 

Create log file
2016-03-31 15:56:19Z Send Option_OIV_daily Program Start
2016-03-31 15:56:19Z Send Option_OIV_daily Program END 

Create log file
2016-03-31 16:01:03Z Send 國際股市==>  Program Start
2016-03-31 16:01:03Z Send 國際股市==>  Program END 

Create log file
2016-03-31 17:01:03Z Send 國際股市==>  Program Start
2016-03-31 17:01:03Z Send 國際股市==>  Program END 

Create log file
2016-03-31 17:10:33Z Query Stock_id is 2377 Program Start
2016-03-31 17:10:33Z Query Stock_id is 2377 Program END 

Create log file
2016-03-31 17:10:33Z Query Stock_id is 2883 Program Start
2016-03-31 17:10:33Z Query Stock_id is 2883 Program END 

Create log file
2016-03-31 17:10:34Z Query Stock_id is 2303 Program Start
2016-03-31 17:10:34Z Query Stock_id is 2303 Program END 

Create log file
2016-03-31 17:10:34Z Query Stock_id is 2891 Program Start
2016-03-31 17:10:34Z Query Stock_id is 2891 Program END 

Create log file
2016-03-31 17:10:34Z Query Stock_id is 2409 Program Start
2016-03-31 17:10:34Z Query Stock_id is 2409 Program END 

Create log file
2016-03-31 17:10:34Z Query Stock_id is 2344 Program Start
2016-03-31 17:10:34Z Query Stock_id is 2344 Program END 

Create log file
2016-03-31 17:10:34Z Query Stock_id is 5347 Program Start
2016-03-31 17:10:34Z Query Stock_id is 5347 Program END 

Create log file
2016-03-31 17:10:35Z Query Stock_id is 1310 Program Start
2016-03-31 17:10:35Z Query Stock_id is 1310 Program END 

Create log file
2016-03-31 17:10:35Z Query Stock_id is 2887 Program Start
2016-03-31 17:10:35Z Query Stock_id is 2887 Program END 

Create log file
2016-03-31 17:10:35Z Query Stock_id is 5243 Program Start
2016-03-31 17:10:35Z Query Stock_id is 5243 Program END 

Create log file
2016-03-31 17:10:35Z Query Stock_id is 2885 Program Start
2016-03-31 17:10:35Z Query Stock_id is 2885 Program END 

Create log file
2016-03-31 17:10:35Z Query Stock_id is 1402 Program Start
2016-03-31 17:10:35Z Query Stock_id is 1402 Program END 

Create log file
2016-03-31 17:10:35Z Query Stock_id is 1301 Program Start
2016-03-31 17:10:35Z Query Stock_id is 1301 Program END 

Create log file
2016-03-31 17:10:36Z Query Stock_id is 1605 Program Start
2016-03-31 17:10:36Z Query Stock_id is 1605 Program END 

Create log file
2016-03-31 17:10:36Z Query Stock_id is 1303 Program Start
2016-03-31 17:10:36Z Query Stock_id is 1303 Program END 

Create log file
2016-03-31 17:10:36Z Query Stock_id is 1326 Program Start
2016-03-31 17:10:36Z Query Stock_id is 1326 Program END 

Create log file
2016-03-31 17:10:36Z Query Stock_id is 1101 Program Start
2016-03-31 17:10:36Z Query Stock_id is 1101 Program END 

Create log file
2016-03-31 17:10:36Z Query Stock_id is 2886 Program Start
2016-03-31 17:10:36Z Query Stock_id is 2886 Program END 

Create log file
2016-03-31 17:10:36Z Query Stock_id is 2105 Program Start
2016-03-31 17:10:36Z Query Stock_id is 2105 Program END 

Create log file
2016-03-31 17:10:37Z Query Stock_id is 2325 Program Start
2016-03-31 17:10:37Z Query Stock_id is 2325 Program END 

Create log file
2016-03-31 17:10:44Z Query Stock_id is 2377 Program Start
2016-03-31 17:10:44Z Query Stock_id is 2377 Program END 

Create log file
2016-03-31 17:10:44Z Query Stock_id is 2883 Program Start
2016-03-31 17:10:44Z Query Stock_id is 2883 Program END 

Create log file
2016-03-31 17:10:44Z Query Stock_id is 2303 Program Start
2016-03-31 17:10:44Z Query Stock_id is 2303 Program END 

Create log file
2016-03-31 17:10:44Z Query Stock_id is 2891 Program Start
2016-03-31 17:10:44Z Query Stock_id is 2891 Program END 

Create log file
2016-03-31 17:10:45Z Query Stock_id is 2409 Program Start
2016-03-31 17:10:45Z Query Stock_id is 2409 Program END 

Create log file
2016-03-31 17:10:45Z Query Stock_id is 2344 Program Start
2016-03-31 17:10:45Z Query Stock_id is 2344 Program END 

Create log file
2016-03-31 17:10:45Z Query Stock_id is 5347 Program Start
2016-03-31 17:10:45Z Query Stock_id is 5347 Program END 

Create log file
2016-03-31 17:10:45Z Query Stock_id is 1310 Program Start
2016-03-31 17:10:45Z Query Stock_id is 1310 Program END 

Create log file
2016-03-31 17:10:45Z Query Stock_id is 2887 Program Start
2016-03-31 17:10:45Z Query Stock_id is 2887 Program END 

Create log file
2016-03-31 17:10:46Z Query Stock_id is 5243 Program Start
2016-03-31 17:10:46Z Query Stock_id is 5243 Program END 

Create log file
2016-03-31 17:10:46Z Query Stock_id is 2885 Program Start
2016-03-31 17:10:46Z Query Stock_id is 2885 Program END 

Create log file
2016-03-31 17:10:46Z Query Stock_id is 1402 Program Start
2016-03-31 17:10:46Z Query Stock_id is 1402 Program END 

Create log file
2016-03-31 17:10:46Z Query Stock_id is 1301 Program Start
2016-03-31 17:10:46Z Query Stock_id is 1301 Program END 

Create log file
2016-03-31 17:10:46Z Query Stock_id is 1605 Program Start
2016-03-31 17:10:46Z Query Stock_id is 1605 Program END 

Create log file
2016-03-31 17:10:46Z Query Stock_id is 1303 Program Start
2016-03-31 17:10:46Z Query Stock_id is 1303 Program END 

Create log file
2016-03-31 17:10:46Z Query Stock_id is 1326 Program Start
2016-03-31 17:10:46Z Query Stock_id is 1326 Program END 

Create log file
2016-03-31 17:10:47Z Query Stock_id is 1101 Program Start
2016-03-31 17:10:47Z Query Stock_id is 1101 Program END 

Create log file
2016-03-31 17:10:47Z Query Stock_id is 2886 Program Start
2016-03-31 17:10:47Z Query Stock_id is 2886 Program END 

Create log file
2016-03-31 17:10:47Z Query Stock_id is 2105 Program Start
2016-03-31 17:10:47Z Query Stock_id is 2105 Program END 

Create log file
2016-03-31 17:10:47Z Query Stock_id is 2325 Program Start
2016-03-31 17:10:47Z Query Stock_id is 2325 Program END 

Create log file
2016-03-31 18:01:03Z Send 國際股市==>  Program Start
2016-03-31 18:01:03Z Send 國際股市==>  Program END 

Create log file
2016-03-31 18:01:30Z Send 國際股市==>  Program Start
2016-03-31 18:01:30Z Send 國際股市==>  Program END 

Create log file
2016-03-31 18:01:52Z Send 國際股市==>  Program Start
2016-03-31 18:01:52Z Send 國際股市==>  Program END 

Create log file
2016-03-31 18:02:15Z Send 國際股市==>  Program Start
2016-03-31 18:02:15Z Send 國際股市==>  Program END 

Create log file
2016-03-31 18:02:36Z Send 國際股市==>  Program Start
2016-03-31 18:02:36Z Send 國際股市==>  Program END 

Create log file
2016-03-31 19:01:03Z Send 國際股市==>  Program Start
2016-03-31 19:01:03Z Send 國際股市==>  Program END 

Create log file
2016-03-31 19:01:31Z Send 國際股市==>  Program Start
2016-03-31 19:01:31Z Send 國際股市==>  Program END 

Create log file
2016-03-31 19:01:52Z Send 國際股市==>  Program Start
2016-03-31 19:01:52Z Send 國際股市==>  Program END 

Create log file
2016-03-31 20:01:01Z Send 國際股市==>  Program Start
2016-03-31 20:01:01Z Send 國際股市==>  Program END 

Create log file
2016-03-31 20:10:04Z stock_data_daily_create_file Program Start
2016-03-31 20:10:04Z stock_data_daily_create_file Program END 

Create log file
2016-03-31 20:20:06Z stock_data_insert_daily Program Start
2016-03-31 20:20:06Z stock_data_insert_daily Program END 

Create log file
2016-03-31 20:30:12Z Send 股市氣象台電子報-今日我最夯<==Strong_UP==>  Program Start
2016-03-31 20:30:12Z Send 股市氣象台電子報-今日我最夯<==Strong_UP==>  Program END 

Create log file
2016-03-31 21:01:02Z Send 國際股市==>  Program Start
2016-03-31 21:01:02Z Send 國際股市==>  Program END 

Create log file
2016-03-31 22:01:02Z Send 國際股市==>  Program Start
2016-03-31 22:01:02Z Send 國際股市==>  Program END 

Create log file
2016-03-31 22:01:29Z Send 國際股市==>  Program Start
2016-03-31 22:01:29Z Send 國際股市==>  Program END 

Create log file
2016-03-31 22:01:51Z Send 國際股市==>  Program Start
2016-03-31 22:01:51Z Send 國際股市==>  Program END 

Create log file
2016-03-31 23:01:04Z Send 國際股市==>  Program Start
2016-03-31 23:01:04Z Send 國際股市==>  Program END 

