Create log file
2016-07-12 00:01:04Z Send 國際股市==>  Program Start
2016-07-12 00:01:04Z Send 國際股市==>  Program END 

Create log file
2016-07-12 01:01:03Z Send 國際股市==>  Program Start
2016-07-12 01:01:03Z Send 國際股市==>  Program END 

Create log file
2016-07-12 08:01:03Z Send 國際股市==>  Program Start
2016-07-12 08:01:03Z Send 國際股市==>  Program END 

Create log file
2016-07-12 08:01:30Z Send 國際股市==>  Program Start
2016-07-12 08:01:30Z Send 國際股市==>  Program END 

Create log file
2016-07-12 08:01:52Z Send 國際股市==>  Program Start
2016-07-12 08:01:52Z Send 國際股市==>  Program END 

Create log file
2016-07-12 08:02:14Z Send 國際股市==>  Program Start
2016-07-12 08:02:14Z Send 國際股市==>  Program END 

Create log file
2016-07-12 08:46:03Z on time future report... Program Start
2016-07-12 08:46:03Z on time future report... Program END 

Create log file
2016-07-12 08:51:07Z on time future report... Program Start
2016-07-12 08:51:07Z on time future report... Program END 

Create log file
2016-07-12 08:56:03Z on time future report... Program Start
2016-07-12 08:56:03Z on time future report... Program END 

Create log file
2016-07-12 09:01:04Z Send 國際股市==>  Program Start
2016-07-12 09:01:04Z Send 國際股市==>  Program END 

Create log file
2016-07-12 09:01:05Z on time future report... Program Start
2016-07-12 09:01:05Z on time future report... Program END 

Create log file
2016-07-12 09:06:07Z on time future report... Program Start
2016-07-12 09:06:07Z on time future report... Program END 

Create log file
2016-07-12 09:16:01Z on time future report... Program Start
2016-07-12 09:16:01Z on time future report... Program END 

Create log file
2016-07-12 09:21:04Z on time future report... Program Start
2016-07-12 09:21:04Z on time future report... Program END 

Create log file
2016-07-12 09:26:02Z on time future report... Program Start
2016-07-12 09:26:02Z on time future report... Program END 

Create log file
2016-07-12 09:31:01Z on time future report... Program Start
2016-07-12 09:31:01Z on time future report... Program END 

Create log file
2016-07-12 09:36:01Z on time future report... Program Start
2016-07-12 09:36:01Z on time future report... Program END 

Create log file
2016-07-12 09:41:03Z on time future report... Program Start
2016-07-12 09:41:03Z on time future report... Program END 

Create log file
2016-07-12 09:46:03Z on time future report... Program Start
2016-07-12 09:46:03Z on time future report... Program END 

Create log file
2016-07-12 09:51:01Z on time future report... Program Start
2016-07-12 09:51:01Z on time future report... Program END 

Create log file
2016-07-12 09:56:01Z on time future report... Program Start
2016-07-12 09:56:01Z on time future report... Program END 

Create log file
2016-07-12 10:01:05Z on time future report... Program Start
2016-07-12 10:01:05Z on time future report... Program END 

Create log file
2016-07-12 10:01:05Z Send 國際股市==>  Program Start
2016-07-12 10:01:05Z Send 國際股市==>  Program END 

Create log file
2016-07-12 10:06:01Z on time future report... Program Start
2016-07-12 10:06:01Z on time future report... Program END 

Create log file
2016-07-12 10:11:01Z on time future report... Program Start
2016-07-12 10:11:01Z on time future report... Program END 

Create log file
2016-07-12 10:16:01Z on time future report... Program Start
2016-07-12 10:16:01Z on time future report... Program END 

Create log file
2016-07-12 10:21:02Z on time future report... Program Start
2016-07-12 10:21:02Z on time future report... Program END 

Create log file
2016-07-12 10:26:01Z on time future report... Program Start
2016-07-12 10:26:01Z on time future report... Program END 

Create log file
2016-07-12 10:31:01Z on time future report... Program Start
2016-07-12 10:31:01Z on time future report... Program END 

Create log file
2016-07-12 10:36:01Z on time future report... Program Start
2016-07-12 10:36:01Z on time future report... Program END 

Create log file
2016-07-12 10:41:01Z on time future report... Program Start
2016-07-12 10:41:01Z on time future report... Program END 

Create log file
2016-07-12 10:46:04Z on time future report... Program Start
2016-07-12 10:46:04Z on time future report... Program END 

Create log file
2016-07-12 10:51:01Z on time future report... Program Start
2016-07-12 10:51:01Z on time future report... Program END 

Create log file
2016-07-12 10:56:01Z on time future report... Program Start
2016-07-12 10:56:01Z on time future report... Program END 

Create log file
2016-07-12 11:01:02Z on time future report... Program Start
2016-07-12 11:01:02Z on time future report... Program END 

Create log file
2016-07-12 11:01:04Z Send 國際股市==>  Program Start
2016-07-12 11:01:04Z Send 國際股市==>  Program END 

Create log file
2016-07-12 11:06:01Z on time future report... Program Start
2016-07-12 11:06:01Z on time future report... Program END 

Create log file
2016-07-12 11:11:01Z on time future report... Program Start
2016-07-12 11:11:01Z on time future report... Program END 

Create log file
2016-07-12 11:16:02Z on time future report... Program Start
2016-07-12 11:16:02Z on time future report... Program END 

Create log file
2016-07-12 11:21:01Z on time future report... Program Start
2016-07-12 11:21:01Z on time future report... Program END 

Create log file
2016-07-12 11:26:01Z on time future report... Program Start
2016-07-12 11:26:01Z on time future report... Program END 

Create log file
2016-07-12 11:31:03Z on time future report... Program Start
2016-07-12 11:31:03Z on time future report... Program END 

Create log file
2016-07-12 11:36:02Z on time future report... Program Start
2016-07-12 11:36:02Z on time future report... Program END 

Create log file
2016-07-12 11:41:01Z on time future report... Program Start
2016-07-12 11:41:01Z on time future report... Program END 

Create log file
2016-07-12 11:46:02Z on time future report... Program Start
2016-07-12 11:46:02Z on time future report... Program END 

Create log file
2016-07-12 11:51:01Z on time future report... Program Start
2016-07-12 11:51:01Z on time future report... Program END 

Create log file
2016-07-12 11:56:01Z on time future report... Program Start
2016-07-12 11:56:01Z on time future report... Program END 

Create log file
2016-07-12 12:01:02Z on time future report... Program Start
2016-07-12 12:01:02Z on time future report... Program END 

Create log file
2016-07-12 12:01:05Z Send 國際股市==>  Program Start
2016-07-12 12:01:05Z Send 國際股市==>  Program END 

Create log file
2016-07-12 12:06:01Z on time future report... Program Start
2016-07-12 12:06:01Z on time future report... Program END 

Create log file
2016-07-12 12:11:02Z on time future report... Program Start
2016-07-12 12:11:02Z on time future report... Program END 

Create log file
2016-07-12 12:16:01Z on time future report... Program Start
2016-07-12 12:16:01Z on time future report... Program END 

Create log file
2016-07-12 12:21:01Z on time future report... Program Start
2016-07-12 12:21:01Z on time future report... Program END 

Create log file
2016-07-12 12:26:01Z on time future report... Program Start
2016-07-12 12:26:01Z on time future report... Program END 

Create log file
2016-07-12 12:31:04Z on time future report... Program Start
2016-07-12 12:31:04Z on time future report... Program END 

Create log file
2016-07-12 12:36:03Z on time future report... Program Start
2016-07-12 12:36:03Z on time future report... Program END 

Create log file
2016-07-12 12:41:01Z on time future report... Program Start
2016-07-12 12:41:01Z on time future report... Program END 

Create log file
2016-07-12 12:46:01Z on time future report... Program Start
2016-07-12 12:46:01Z on time future report... Program END 

Create log file
2016-07-12 12:51:03Z on time future report... Program Start
2016-07-12 12:51:03Z on time future report... Program END 

Create log file
2016-07-12 12:56:02Z on time future report... Program Start
2016-07-12 12:56:02Z on time future report... Program END 

Create log file
2016-07-12 13:01:02Z on time future report... Program Start
2016-07-12 13:01:02Z on time future report... Program END 

Create log file
2016-07-12 13:01:05Z Send 國際股市==>  Program Start
2016-07-12 13:01:05Z Send 國際股市==>  Program END 

Create log file
2016-07-12 13:06:01Z on time future report... Program Start
2016-07-12 13:06:01Z on time future report... Program END 

Create log file
2016-07-12 13:11:01Z on time future report... Program Start
2016-07-12 13:11:01Z on time future report... Program END 

Create log file
2016-07-12 13:16:01Z on time future report... Program Start
2016-07-12 13:16:01Z on time future report... Program END 

Create log file
2016-07-12 13:21:03Z on time future report... Program Start
2016-07-12 13:21:03Z on time future report... Program END 

Create log file
2016-07-12 13:26:01Z on time future report... Program Start
2016-07-12 13:26:01Z on time future report... Program END 

Create log file
2016-07-12 13:31:02Z on time future report... Program Start
2016-07-12 13:31:02Z on time future report... Program END 

Create log file
2016-07-12 13:36:01Z on time future report... Program Start
2016-07-12 13:36:01Z on time future report... Program END 

Create log file
2016-07-12 13:41:01Z on time future report... Program Start
2016-07-12 13:41:01Z on time future report... Program END 

Create log file
2016-07-12 13:46:01Z on time future report... Program Start
2016-07-12 13:46:01Z on time future report... Program END 

Create log file
2016-07-12 14:01:03Z Send 國際股市==>  Program Start
2016-07-12 14:01:03Z Send 國際股市==>  Program END 

Create log file
2016-07-12 15:01:02Z Send 國際股市==>  Program Start
2016-07-12 15:01:02Z Send 國際股市==>  Program END 

Create log file
2016-07-12 15:50:18Z option_insert_daily Program Start
2016-07-12 15:50:18Z option_insert_daily Program END 

Create log file
2016-07-12 15:56:20Z Send Option_OIV_daily Program Start
2016-07-12 15:56:20Z Send Option_OIV_daily Program END 

Create log file
2016-07-12 16:01:04Z Send 國際股市==>  Program Start
2016-07-12 16:01:04Z Send 國際股市==>  Program END 

Create log file
2016-07-12 17:01:03Z Send 國際股市==>  Program Start
2016-07-12 17:01:03Z Send 國際股市==>  Program END 

Create log file
2016-07-12 18:01:03Z Send 國際股市==>  Program Start
2016-07-12 18:01:03Z Send 國際股市==>  Program END 

Create log file
2016-07-12 18:01:30Z Send 國際股市==>  Program Start
2016-07-12 18:01:30Z Send 國際股市==>  Program END 

Create log file
2016-07-12 18:01:51Z Send 國際股市==>  Program Start
2016-07-12 18:01:51Z Send 國際股市==>  Program END 

Create log file
2016-07-12 18:02:13Z Send 國際股市==>  Program Start
2016-07-12 18:02:13Z Send 國際股市==>  Program END 

Create log file
2016-07-12 18:02:37Z Send 國際股市==>  Program Start
2016-07-12 18:02:37Z Send 國際股市==>  Program END 

Create log file
2016-07-12 19:01:03Z Send 國際股市==>  Program Start
2016-07-12 19:01:03Z Send 國際股市==>  Program END 

Create log file
2016-07-12 19:01:30Z Send 國際股市==>  Program Start
2016-07-12 19:01:30Z Send 國際股市==>  Program END 

Create log file
2016-07-12 19:01:54Z Send 國際股市==>  Program Start
2016-07-12 19:01:54Z Send 國際股市==>  Program END 

Create log file
2016-07-12 19:02:15Z Send 國際股市==>  Program Start
2016-07-12 19:02:15Z Send 國際股市==>  Program END 

Create log file
2016-07-12 19:02:36Z Send 國際股市==>  Program Start
2016-07-12 19:02:36Z Send 國際股市==>  Program END 

Create log file
2016-07-12 19:02:59Z Send 國際股市==>  Program Start
2016-07-12 19:02:59Z Send 國際股市==>  Program END 

Create log file
2016-07-12 20:01:02Z Send 國際股市==>  Program Start
2016-07-12 20:01:02Z Send 國際股市==>  Program END 

Create log file
2016-07-12 20:10:04Z stock_data_daily_create_file Program Start
2016-07-12 20:10:04Z stock_data_daily_create_file Program END 

Create log file
2016-07-12 20:20:07Z stock_data_insert_daily Program Start
2016-07-12 20:20:07Z stock_data_insert_daily Program END 

Create log file
2016-07-12 20:30:11Z Send 股市氣象台電子報-今日我最夯<==Strong_UP==>  Program Start
2016-07-12 20:30:11Z Send 股市氣象台電子報-今日我最夯<==Strong_UP==>  Program END 

Create log file
2016-07-12 21:01:03Z Send 國際股市==>  Program Start
2016-07-12 21:01:03Z Send 國際股市==>  Program END 

Create log file
2016-07-12 22:01:02Z Send 國際股市==>  Program Start
2016-07-12 22:01:02Z Send 國際股市==>  Program END 

Create log file
2016-07-12 22:01:30Z Send 國際股市==>  Program Start
2016-07-12 22:01:30Z Send 國際股市==>  Program END 

Create log file
2016-07-12 22:01:52Z Send 國際股市==>  Program Start
2016-07-12 22:01:52Z Send 國際股市==>  Program END 

Create log file
2016-07-12 23:01:01Z Send 國際股市==>  Program Start
2016-07-12 23:01:01Z Send 國際股市==>  Program END 

