Create log file
2016-02-23 00:00:41Z Query Stock_id is 2618 Program Start
2016-02-23 00:00:41Z Query Stock_id is 2618 Program END 

Create log file
2016-02-23 00:00:41Z Query Stock_id is 1460 Program Start
2016-02-23 00:00:41Z Query Stock_id is 1460 Program END 

Create log file
2016-02-23 00:00:41Z Query Stock_id is 2344 Program Start
2016-02-23 00:00:41Z Query Stock_id is 2344 Program END 

Create log file
2016-02-23 00:00:42Z Query Stock_id is 2610 Program Start
2016-02-23 00:00:42Z Query Stock_id is 2610 Program END 

Create log file
2016-02-23 00:00:42Z Query Stock_id is 3017 Program Start
2016-02-23 00:00:42Z Query Stock_id is 3017 Program END 

Create log file
2016-02-23 00:00:42Z Query Stock_id is 2355 Program Start
2016-02-23 00:00:42Z Query Stock_id is 2355 Program END 

Create log file
2016-02-23 00:00:42Z Query Stock_id is 2324 Program Start
2016-02-23 00:00:42Z Query Stock_id is 2324 Program END 

Create log file
2016-02-23 00:00:42Z Query Stock_id is 2356 Program Start
2016-02-23 00:00:42Z Query Stock_id is 2356 Program END 

Create log file
2016-02-23 00:00:42Z Query Stock_id is 2330 Program Start
2016-02-23 00:00:42Z Query Stock_id is 2330 Program END 

Create log file
2016-02-23 00:00:43Z Query Stock_id is 2449 Program Start
2016-02-23 00:00:43Z Query Stock_id is 2449 Program END 

Create log file
2016-02-23 00:00:43Z Query Stock_id is 3561 Program Start
2016-02-23 00:00:43Z Query Stock_id is 3561 Program END 

Create log file
2016-02-23 00:00:43Z Query Stock_id is 1789 Program Start
2016-02-23 00:00:43Z Query Stock_id is 1789 Program END 

Create log file
2016-02-23 00:00:43Z Query Stock_id is 9945 Program Start
2016-02-23 00:00:43Z Query Stock_id is 9945 Program END 

Create log file
2016-02-23 00:00:43Z Query Stock_id is 6244 Program Start
2016-02-23 00:00:43Z Query Stock_id is 6244 Program END 

Create log file
2016-02-23 00:00:44Z Query Stock_id is 3037 Program Start
2016-02-23 00:00:44Z Query Stock_id is 3037 Program END 

Create log file
2016-02-23 00:00:44Z Query Stock_id is 3576 Program Start
2016-02-23 00:00:44Z Query Stock_id is 3576 Program END 

Create log file
2016-02-23 00:00:44Z Query Stock_id is 3519 Program Start
2016-02-23 00:00:44Z Query Stock_id is 3519 Program END 

Create log file
2016-02-23 00:01:03Z Send 國際股市==>  Program Start
2016-02-23 00:01:03Z Send 國際股市==>  Program END 

Create log file
2016-02-23 01:01:03Z Send 國際股市==>  Program Start
2016-02-23 01:01:03Z Send 國際股市==>  Program END 

Create log file
2016-02-23 08:01:03Z Send 國際股市==>  Program Start
2016-02-23 08:01:03Z Send 國際股市==>  Program END 

Create log file
2016-02-23 08:01:29Z Send 國際股市==>  Program Start
2016-02-23 08:01:29Z Send 國際股市==>  Program END 

Create log file
2016-02-23 08:01:52Z Send 國際股市==>  Program Start
2016-02-23 08:01:52Z Send 國際股市==>  Program END 

Create log file
2016-02-23 08:46:03Z on time future report... Program Start
2016-02-23 08:46:03Z on time future report... Program END 

Create log file
2016-02-23 08:51:03Z on time future report... Program Start
2016-02-23 08:51:03Z on time future report... Program END 

Create log file
2016-02-23 08:56:03Z on time future report... Program Start
2016-02-23 08:56:03Z on time future report... Program END 

Create log file
2016-02-23 09:01:03Z Send 國際股市==>  Program Start
2016-02-23 09:01:03Z Send 國際股市==>  Program END 

Create log file
2016-02-23 09:01:04Z on time future report... Program Start
2016-02-23 09:01:04Z on time future report... Program END 

Create log file
2016-02-23 09:06:04Z on time future report... Program Start
2016-02-23 09:06:04Z on time future report... Program END 

Create log file
2016-02-23 09:11:03Z on time future report... Program Start
2016-02-23 09:11:03Z on time future report... Program END 

Create log file
2016-02-23 09:16:03Z on time future report... Program Start
2016-02-23 09:16:03Z on time future report... Program END 

Create log file
2016-02-23 09:21:03Z on time future report... Program Start
2016-02-23 09:21:03Z on time future report... Program END 

Create log file
2016-02-23 09:31:01Z on time future report... Program Start
2016-02-23 09:31:01Z on time future report... Program END 

Create log file
2016-02-23 09:36:01Z on time future report... Program Start
2016-02-23 09:36:01Z on time future report... Program END 

Create log file
2016-02-23 09:41:01Z on time future report... Program Start
2016-02-23 09:41:01Z on time future report... Program END 

Create log file
2016-02-23 09:46:01Z on time future report... Program Start
2016-02-23 09:46:01Z on time future report... Program END 

Create log file
2016-02-23 09:51:01Z on time future report... Program Start
2016-02-23 09:51:01Z on time future report... Program END 

Create log file
2016-02-23 09:56:01Z on time future report... Program Start
2016-02-23 09:56:01Z on time future report... Program END 

Create log file
2016-02-23 10:01:01Z on time future report... Program Start
2016-02-23 10:01:01Z on time future report... Program END 

Create log file
2016-02-23 10:01:02Z Send 國際股市==>  Program Start
2016-02-23 10:01:02Z Send 國際股市==>  Program END 

Create log file
2016-02-23 10:06:01Z on time future report... Program Start
2016-02-23 10:06:01Z on time future report... Program END 

Create log file
2016-02-23 10:11:01Z on time future report... Program Start
2016-02-23 10:11:01Z on time future report... Program END 

Create log file
2016-02-23 10:16:01Z on time future report... Program Start
2016-02-23 10:16:01Z on time future report... Program END 

Create log file
2016-02-23 10:21:02Z on time future report... Program Start
2016-02-23 10:21:02Z on time future report... Program END 

Create log file
2016-02-23 10:26:01Z on time future report... Program Start
2016-02-23 10:26:01Z on time future report... Program END 

Create log file
2016-02-23 10:31:01Z on time future report... Program Start
2016-02-23 10:31:01Z on time future report... Program END 

Create log file
2016-02-23 10:36:01Z on time future report... Program Start
2016-02-23 10:36:01Z on time future report... Program END 

Create log file
2016-02-23 10:41:04Z on time future report... Program Start
2016-02-23 10:41:04Z on time future report... Program END 

Create log file
2016-02-23 10:46:01Z on time future report... Program Start
2016-02-23 10:46:01Z on time future report... Program END 

Create log file
2016-02-23 10:51:01Z on time future report... Program Start
2016-02-23 10:51:01Z on time future report... Program END 

Create log file
2016-02-23 10:56:03Z on time future report... Program Start
2016-02-23 10:56:03Z on time future report... Program END 

Create log file
2016-02-23 11:01:01Z Send 國際股市==>  Program Start
2016-02-23 11:01:01Z Send 國際股市==>  Program END 

Create log file
2016-02-23 11:01:29Z on time future report... Program Start
2016-02-23 11:01:29Z on time future report... Program END 

Create log file
2016-02-23 11:06:03Z on time future report... Program Start
2016-02-23 11:06:03Z on time future report... Program END 

Create log file
2016-02-23 11:11:03Z on time future report... Program Start
2016-02-23 11:11:03Z on time future report... Program END 

Create log file
2016-02-23 11:16:01Z on time future report... Program Start
2016-02-23 11:16:01Z on time future report... Program END 

Create log file
2016-02-23 11:21:01Z on time future report... Program Start
2016-02-23 11:21:01Z on time future report... Program END 

Create log file
2016-02-23 11:26:01Z on time future report... Program Start
2016-02-23 11:26:01Z on time future report... Program END 

Create log file
2016-02-23 11:31:04Z on time future report... Program Start
2016-02-23 11:31:04Z on time future report... Program END 

Create log file
2016-02-23 11:36:05Z on time future report... Program Start
2016-02-23 11:36:05Z on time future report... Program END 

Create log file
2016-02-23 11:41:01Z on time future report... Program Start
2016-02-23 11:41:01Z on time future report... Program END 

Create log file
2016-02-23 11:46:04Z on time future report... Program Start
2016-02-23 11:46:04Z on time future report... Program END 

Create log file
2016-02-23 11:51:03Z on time future report... Program Start
2016-02-23 11:51:03Z on time future report... Program END 

Create log file
2016-02-23 11:56:03Z on time future report... Program Start
2016-02-23 11:56:03Z on time future report... Program END 

Create log file
2016-02-23 12:01:01Z Send 國際股市==>  Program Start
2016-02-23 12:01:01Z Send 國際股市==>  Program END 

Create log file
2016-02-23 12:01:03Z on time future report... Program Start
2016-02-23 12:01:03Z on time future report... Program END 

Create log file
2016-02-23 12:06:05Z on time future report... Program Start
2016-02-23 12:06:05Z on time future report... Program END 

Create log file
2016-02-23 12:11:08Z on time future report... Program Start
2016-02-23 12:11:08Z on time future report... Program END 

Create log file
2016-02-23 12:16:04Z on time future report... Program Start
2016-02-23 12:16:04Z on time future report... Program END 

Create log file
2016-02-23 12:21:04Z on time future report... Program Start
2016-02-23 12:21:04Z on time future report... Program END 

Create log file
2016-02-23 12:26:03Z on time future report... Program Start
2016-02-23 12:26:03Z on time future report... Program END 

Create log file
2016-02-23 12:31:05Z on time future report... Program Start
2016-02-23 12:31:05Z on time future report... Program END 

Create log file
2016-02-23 12:36:06Z on time future report... Program Start
2016-02-23 12:36:06Z on time future report... Program END 

Create log file
2016-02-23 12:41:03Z on time future report... Program Start
2016-02-23 12:41:03Z on time future report... Program END 

Create log file
2016-02-23 12:46:04Z on time future report... Program Start
2016-02-23 12:46:04Z on time future report... Program END 

Create log file
2016-02-23 12:51:04Z on time future report... Program Start
2016-02-23 12:51:04Z on time future report... Program END 

Create log file
2016-02-23 12:56:03Z on time future report... Program Start
2016-02-23 12:56:03Z on time future report... Program END 

Create log file
2016-02-23 12:57:12Z Query Stock_id is 2618 Program Start
2016-02-23 12:57:12Z Query Stock_id is 2618 Program END 

Create log file
2016-02-23 12:57:12Z Query Stock_id is 1460 Program Start
2016-02-23 12:57:12Z Query Stock_id is 1460 Program END 

Create log file
2016-02-23 12:57:13Z Query Stock_id is 2344 Program Start
2016-02-23 12:57:13Z Query Stock_id is 2344 Program END 

Create log file
2016-02-23 12:57:13Z Query Stock_id is 2610 Program Start
2016-02-23 12:57:13Z Query Stock_id is 2610 Program END 

Create log file
2016-02-23 12:57:13Z Query Stock_id is 3017 Program Start
2016-02-23 12:57:13Z Query Stock_id is 3017 Program END 

Create log file
2016-02-23 12:57:13Z Query Stock_id is 2355 Program Start
2016-02-23 12:57:13Z Query Stock_id is 2355 Program END 

Create log file
2016-02-23 12:57:14Z Query Stock_id is 2324 Program Start
2016-02-23 12:57:14Z Query Stock_id is 2324 Program END 

Create log file
2016-02-23 12:57:14Z Query Stock_id is 2356 Program Start
2016-02-23 12:57:14Z Query Stock_id is 2356 Program END 

Create log file
2016-02-23 12:57:14Z Query Stock_id is 2330 Program Start
2016-02-23 12:57:14Z Query Stock_id is 2330 Program END 

Create log file
2016-02-23 12:57:14Z Query Stock_id is 2449 Program Start
2016-02-23 12:57:14Z Query Stock_id is 2449 Program END 

Create log file
2016-02-23 12:57:14Z Query Stock_id is 3561 Program Start
2016-02-23 12:57:14Z Query Stock_id is 3561 Program END 

Create log file
2016-02-23 12:57:15Z Query Stock_id is 1789 Program Start
2016-02-23 12:57:15Z Query Stock_id is 1789 Program END 

Create log file
2016-02-23 12:57:15Z Query Stock_id is 9945 Program Start
2016-02-23 12:57:15Z Query Stock_id is 9945 Program END 

Create log file
2016-02-23 12:57:15Z Query Stock_id is 6244 Program Start
2016-02-23 12:57:15Z Query Stock_id is 6244 Program END 

Create log file
2016-02-23 12:57:15Z Query Stock_id is 3037 Program Start
2016-02-23 12:57:15Z Query Stock_id is 3037 Program END 

Create log file
2016-02-23 12:57:15Z Query Stock_id is 3576 Program Start
2016-02-23 12:57:15Z Query Stock_id is 3576 Program END 

Create log file
2016-02-23 12:57:15Z Query Stock_id is 3519 Program Start
2016-02-23 12:57:15Z Query Stock_id is 3519 Program END 

Create log file
2016-02-23 13:01:03Z Send 國際股市==>  Program Start
2016-02-23 13:01:03Z Send 國際股市==>  Program END 

Create log file
2016-02-23 13:01:05Z on time future report... Program Start
2016-02-23 13:01:05Z on time future report... Program END 

Create log file
2016-02-23 13:06:04Z on time future report... Program Start
2016-02-23 13:06:04Z on time future report... Program END 

Create log file
2016-02-23 13:11:07Z on time future report... Program Start
2016-02-23 13:11:07Z on time future report... Program END 

Create log file
2016-02-23 13:16:04Z on time future report... Program Start
2016-02-23 13:16:04Z on time future report... Program END 

Create log file
2016-02-23 13:21:03Z on time future report... Program Start
2016-02-23 13:21:03Z on time future report... Program END 

Create log file
2016-02-23 13:26:06Z on time future report... Program Start
2016-02-23 13:26:06Z on time future report... Program END 

Create log file
2016-02-23 13:31:04Z on time future report... Program Start
2016-02-23 13:31:04Z on time future report... Program END 

Create log file
2016-02-23 13:36:04Z on time future report... Program Start
2016-02-23 13:36:04Z on time future report... Program END 

Create log file
2016-02-23 13:41:05Z on time future report... Program Start
2016-02-23 13:41:05Z on time future report... Program END 

Create log file
2016-02-23 13:46:05Z on time future report... Program Start
2016-02-23 13:46:05Z on time future report... Program END 

Create log file
2016-02-23 14:01:03Z Send 國際股市==>  Program Start
2016-02-23 14:01:03Z Send 國際股市==>  Program END 

Create log file
2016-02-23 15:01:02Z Send 國際股市==>  Program Start
2016-02-23 15:01:02Z Send 國際股市==>  Program END 

Create log file
2016-02-23 15:50:20Z option_insert_daily Program Start
2016-02-23 15:50:20Z option_insert_daily Program END 

Create log file
2016-02-23 15:56:20Z Send Option_OIV_daily Program Start
2016-02-23 15:56:20Z Send Option_OIV_daily Program END 

Create log file
2016-02-23 16:01:03Z Send 國際股市==>  Program Start
2016-02-23 16:01:03Z Send 國際股市==>  Program END 

Create log file
2016-02-23 17:01:02Z Send 國際股市==>  Program Start
2016-02-23 17:01:02Z Send 國際股市==>  Program END 

Create log file
2016-02-23 18:01:02Z Send 國際股市==>  Program Start
2016-02-23 18:01:02Z Send 國際股市==>  Program END 

Create log file
2016-02-23 18:01:29Z Send 國際股市==>  Program Start
2016-02-23 18:01:29Z Send 國際股市==>  Program END 

Create log file
2016-02-23 18:01:50Z Send 國際股市==>  Program Start
2016-02-23 18:01:50Z Send 國際股市==>  Program END 

Create log file
2016-02-23 18:02:12Z Send 國際股市==>  Program Start
2016-02-23 18:02:12Z Send 國際股市==>  Program END 

Create log file
2016-02-23 19:01:03Z Send 國際股市==>  Program Start
2016-02-23 19:01:03Z Send 國際股市==>  Program END 

Create log file
2016-02-23 19:01:28Z Send 國際股市==>  Program Start
2016-02-23 19:01:28Z Send 國際股市==>  Program END 

Create log file
2016-02-23 19:01:49Z Send 國際股市==>  Program Start
2016-02-23 19:01:49Z Send 國際股市==>  Program END 

Create log file
2016-02-23 20:01:03Z Send 國際股市==>  Program Start
2016-02-23 20:01:03Z Send 國際股市==>  Program END 

Create log file
2016-02-23 20:10:09Z stock_data_daily_create_file Program Start
2016-02-23 20:10:09Z stock_data_daily_create_file Program END 

Create log file
2016-02-23 20:20:06Z stock_data_insert_daily Program Start
2016-02-23 20:20:06Z stock_data_insert_daily Program END 

Create log file
2016-02-23 20:30:12Z Send 股市氣象台電子報-今日我最夯<==Strong_UP==>  Program Start
2016-02-23 20:30:12Z Send 股市氣象台電子報-今日我最夯<==Strong_UP==>  Program END 

Create log file
2016-02-23 21:01:03Z Send 國際股市==>  Program Start
2016-02-23 21:01:03Z Send 國際股市==>  Program END 

Create log file
2016-02-23 22:01:03Z Send 國際股市==>  Program Start
2016-02-23 22:01:03Z Send 國際股市==>  Program END 

Create log file
2016-02-23 22:01:28Z Send 國際股市==>  Program Start
2016-02-23 22:01:28Z Send 國際股市==>  Program END 

Create log file
2016-02-23 23:01:03Z Send 國際股市==>  Program Start
2016-02-23 23:01:03Z Send 國際股市==>  Program END 

Create log file
2016-02-23 23:24:04Z Query Stock_id is 2485 Program Start
2016-02-23 23:24:04Z Query Stock_id is 2485 Program END 

Create log file
2016-02-23 23:24:04Z Query Stock_id is 2311 Program Start
2016-02-23 23:24:04Z Query Stock_id is 2311 Program END 

Create log file
2016-02-23 23:24:04Z Query Stock_id is 3514 Program Start
2016-02-23 23:24:04Z Query Stock_id is 3514 Program END 

Create log file
2016-02-23 23:24:05Z Query Stock_id is 3037 Program Start
2016-02-23 23:24:05Z Query Stock_id is 3037 Program END 

Create log file
2016-02-23 23:24:05Z Query Stock_id is 9945 Program Start
2016-02-23 23:24:05Z Query Stock_id is 9945 Program END 

Create log file
2016-02-23 23:24:05Z Query Stock_id is 2301 Program Start
2016-02-23 23:24:05Z Query Stock_id is 2301 Program END 

Create log file
2016-02-23 23:24:05Z Query Stock_id is 2449 Program Start
2016-02-23 23:24:05Z Query Stock_id is 2449 Program END 

Create log file
2016-02-23 23:24:05Z Query Stock_id is 2886 Program Start
2016-02-23 23:24:05Z Query Stock_id is 2886 Program END 

Create log file
2016-02-23 23:24:05Z Query Stock_id is 2892 Program Start
2016-02-23 23:24:05Z Query Stock_id is 2892 Program END 

Create log file
2016-02-23 23:24:06Z Query Stock_id is 2303 Program Start
2016-02-23 23:24:06Z Query Stock_id is 2303 Program END 

Create log file
2016-02-23 23:24:06Z Query Stock_id is 1216 Program Start
2016-02-23 23:24:06Z Query Stock_id is 1216 Program END 

Create log file
2016-02-23 23:24:06Z Query Stock_id is 2610 Program Start
2016-02-23 23:24:06Z Query Stock_id is 2610 Program END 

Create log file
2016-02-23 23:24:06Z Query Stock_id is 2344 Program Start
2016-02-23 23:24:06Z Query Stock_id is 2344 Program END 

Create log file
2016-02-23 23:24:06Z Query Stock_id is 5347 Program Start
2016-02-23 23:24:06Z Query Stock_id is 5347 Program END 

Create log file
2016-02-23 23:24:06Z Query Stock_id is 2618 Program Start
2016-02-23 23:24:06Z Query Stock_id is 2618 Program END 

Create log file
2016-02-23 23:24:06Z Query Stock_id is 1460 Program Start
2016-02-23 23:24:06Z Query Stock_id is 1460 Program END 

Create log file
2016-02-23 23:24:07Z Query Stock_id is 2344 Program Start
2016-02-23 23:24:07Z Query Stock_id is 2344 Program END 

Create log file
2016-02-23 23:24:07Z Query Stock_id is 2610 Program Start
2016-02-23 23:24:07Z Query Stock_id is 2610 Program END 

Create log file
2016-02-23 23:24:07Z Query Stock_id is 3017 Program Start
2016-02-23 23:24:07Z Query Stock_id is 3017 Program END 

Create log file
2016-02-23 23:24:07Z Query Stock_id is 2355 Program Start
2016-02-23 23:24:07Z Query Stock_id is 2355 Program END 

Create log file
2016-02-23 23:24:07Z Query Stock_id is 2324 Program Start
2016-02-23 23:24:07Z Query Stock_id is 2324 Program END 

Create log file
2016-02-23 23:24:07Z Query Stock_id is 2356 Program Start
2016-02-23 23:24:07Z Query Stock_id is 2356 Program END 

Create log file
2016-02-23 23:24:08Z Query Stock_id is 2330 Program Start
2016-02-23 23:24:08Z Query Stock_id is 2330 Program END 

Create log file
2016-02-23 23:24:08Z Query Stock_id is 2449 Program Start
2016-02-23 23:24:08Z Query Stock_id is 2449 Program END 

Create log file
2016-02-23 23:24:08Z Query Stock_id is 3561 Program Start
2016-02-23 23:24:08Z Query Stock_id is 3561 Program END 

Create log file
2016-02-23 23:24:08Z Query Stock_id is 1789 Program Start
2016-02-23 23:24:08Z Query Stock_id is 1789 Program END 

Create log file
2016-02-23 23:24:08Z Query Stock_id is 9945 Program Start
2016-02-23 23:24:08Z Query Stock_id is 9945 Program END 

Create log file
2016-02-23 23:24:08Z Query Stock_id is 6244 Program Start
2016-02-23 23:24:08Z Query Stock_id is 6244 Program END 

Create log file
2016-02-23 23:24:08Z Query Stock_id is 3037 Program Start
2016-02-23 23:24:08Z Query Stock_id is 3037 Program END 

Create log file
2016-02-23 23:24:09Z Query Stock_id is 3576 Program Start
2016-02-23 23:24:09Z Query Stock_id is 3576 Program END 

Create log file
2016-02-23 23:24:09Z Query Stock_id is 3519 Program Start
2016-02-23 23:24:09Z Query Stock_id is 3519 Program END 

