Create log file
2016-03-30 00:01:01Z Send 國際股市==>  Program Start
2016-03-30 00:01:01Z Send 國際股市==>  Program END 

Create log file
2016-03-30 00:51:50Z Query Stock_id is 2105 Program Start
2016-03-30 00:51:50Z Query Stock_id is 2105 Program END 

Create log file
2016-03-30 00:51:50Z Query Stock_id is 2311 Program Start
2016-03-30 00:51:50Z Query Stock_id is 2311 Program END 

Create log file
2016-03-30 00:51:50Z Query Stock_id is 2886 Program Start
2016-03-30 00:51:50Z Query Stock_id is 2886 Program END 

Create log file
2016-03-30 00:51:50Z Query Stock_id is 2542 Program Start
2016-03-30 00:51:50Z Query Stock_id is 2542 Program END 

Create log file
2016-03-30 00:51:50Z Query Stock_id is 2330 Program Start
2016-03-30 00:51:50Z Query Stock_id is 2330 Program END 

Create log file
2016-03-30 00:51:50Z Query Stock_id is 2890 Program Start
2016-03-30 00:51:50Z Query Stock_id is 2890 Program END 

Create log file
2016-03-30 01:01:04Z Send 國際股市==>  Program Start
2016-03-30 01:01:04Z Send 國際股市==>  Program END 

Create log file
2016-03-30 08:01:03Z Send 國際股市==>  Program Start
2016-03-30 08:01:03Z Send 國際股市==>  Program END 

Create log file
2016-03-30 08:01:29Z Send 國際股市==>  Program Start
2016-03-30 08:01:29Z Send 國際股市==>  Program END 

Create log file
2016-03-30 08:01:52Z Send 國際股市==>  Program Start
2016-03-30 08:01:52Z Send 國際股市==>  Program END 

Create log file
2016-03-30 08:46:03Z on time future report... Program Start
2016-03-30 08:46:03Z on time future report... Program END 

Create log file
2016-03-30 08:51:03Z on time future report... Program Start
2016-03-30 08:51:03Z on time future report... Program END 

Create log file
2016-03-30 08:56:05Z on time future report... Program Start
2016-03-30 08:56:05Z on time future report... Program END 

Create log file
2016-03-30 09:01:05Z Send 國際股市==>  Program Start
2016-03-30 09:01:05Z Send 國際股市==>  Program END 

Create log file
2016-03-30 09:01:05Z on time future report... Program Start
2016-03-30 09:01:05Z on time future report... Program END 

Create log file
2016-03-30 09:06:05Z on time future report... Program Start
2016-03-30 09:06:05Z on time future report... Program END 

Create log file
2016-03-30 09:11:03Z on time future report... Program Start
2016-03-30 09:11:03Z on time future report... Program END 

Create log file
2016-03-30 09:21:01Z on time future report... Program Start
2016-03-30 09:21:01Z on time future report... Program END 

Create log file
2016-03-30 09:26:01Z on time future report... Program Start
2016-03-30 09:26:01Z on time future report... Program END 

Create log file
2016-03-30 09:31:01Z on time future report... Program Start
2016-03-30 09:31:01Z on time future report... Program END 

Create log file
2016-03-30 09:36:04Z on time future report... Program Start
2016-03-30 09:36:04Z on time future report... Program END 

Create log file
2016-03-30 09:41:02Z on time future report... Program Start
2016-03-30 09:41:02Z on time future report... Program END 

Create log file
2016-03-30 09:46:03Z on time future report... Program Start
2016-03-30 09:46:03Z on time future report... Program END 

Create log file
2016-03-30 09:53:11Z Query Stock_id is 2105 Program Start
2016-03-30 09:53:11Z Query Stock_id is 2105 Program END 

Create log file
2016-03-30 09:53:11Z Query Stock_id is 2311 Program Start
2016-03-30 09:53:11Z Query Stock_id is 2311 Program END 

Create log file
2016-03-30 09:53:11Z Query Stock_id is 2886 Program Start
2016-03-30 09:53:11Z Query Stock_id is 2886 Program END 

Create log file
2016-03-30 09:53:11Z Query Stock_id is 2542 Program Start
2016-03-30 09:53:11Z Query Stock_id is 2542 Program END 

Create log file
2016-03-30 09:53:11Z Query Stock_id is 2330 Program Start
2016-03-30 09:53:11Z Query Stock_id is 2330 Program END 

Create log file
2016-03-30 09:53:11Z Query Stock_id is 2890 Program Start
2016-03-30 09:53:11Z Query Stock_id is 2890 Program END 

Create log file
2016-03-30 09:56:01Z on time future report... Program Start
2016-03-30 09:56:01Z on time future report... Program END 

Create log file
2016-03-30 10:01:02Z on time future report... Program Start
2016-03-30 10:01:02Z on time future report... Program END 

Create log file
2016-03-30 10:01:05Z Send 國際股市==>  Program Start
2016-03-30 10:01:05Z Send 國際股市==>  Program END 

Create log file
2016-03-30 10:06:02Z on time future report... Program Start
2016-03-30 10:06:02Z on time future report... Program END 

Create log file
2016-03-30 10:11:01Z on time future report... Program Start
2016-03-30 10:11:01Z on time future report... Program END 

Create log file
2016-03-30 10:16:04Z on time future report... Program Start
2016-03-30 10:16:04Z on time future report... Program END 

Create log file
2016-03-30 10:21:01Z on time future report... Program Start
2016-03-30 10:21:01Z on time future report... Program END 

Create log file
2016-03-30 10:26:01Z on time future report... Program Start
2016-03-30 10:26:01Z on time future report... Program END 

Create log file
2016-03-30 10:31:00Z on time future report... Program Start
2016-03-30 10:31:00Z on time future report... Program END 

Create log file
2016-03-30 10:36:01Z on time future report... Program Start
2016-03-30 10:36:01Z on time future report... Program END 

Create log file
2016-03-30 10:41:01Z on time future report... Program Start
2016-03-30 10:41:01Z on time future report... Program END 

Create log file
2016-03-30 10:46:01Z on time future report... Program Start
2016-03-30 10:46:01Z on time future report... Program END 

Create log file
2016-03-30 10:51:01Z on time future report... Program Start
2016-03-30 10:51:01Z on time future report... Program END 

Create log file
2016-03-30 10:56:01Z on time future report... Program Start
2016-03-30 10:56:01Z on time future report... Program END 

Create log file
2016-03-30 11:01:01Z on time future report... Program Start
2016-03-30 11:01:01Z on time future report... Program END 

Create log file
2016-03-30 11:01:05Z Send 國際股市==>  Program Start
2016-03-30 11:01:05Z Send 國際股市==>  Program END 

Create log file
2016-03-30 11:06:02Z on time future report... Program Start
2016-03-30 11:06:02Z on time future report... Program END 

Create log file
2016-03-30 11:11:01Z on time future report... Program Start
2016-03-30 11:11:01Z on time future report... Program END 

Create log file
2016-03-30 11:16:01Z on time future report... Program Start
2016-03-30 11:16:01Z on time future report... Program END 

Create log file
2016-03-30 11:21:01Z on time future report... Program Start
2016-03-30 11:21:01Z on time future report... Program END 

Create log file
2016-03-30 11:26:02Z on time future report... Program Start
2016-03-30 11:26:02Z on time future report... Program END 

Create log file
2016-03-30 11:31:02Z on time future report... Program Start
2016-03-30 11:31:02Z on time future report... Program END 

Create log file
2016-03-30 11:36:01Z on time future report... Program Start
2016-03-30 11:36:01Z on time future report... Program END 

Create log file
2016-03-30 11:41:01Z on time future report... Program Start
2016-03-30 11:41:01Z on time future report... Program END 

Create log file
2016-03-30 11:46:01Z on time future report... Program Start
2016-03-30 11:46:01Z on time future report... Program END 

Create log file
2016-03-30 11:51:01Z on time future report... Program Start
2016-03-30 11:51:01Z on time future report... Program END 

Create log file
2016-03-30 11:55:10Z Query Stock_id is 2105 Program Start
2016-03-30 11:55:10Z Query Stock_id is 2105 Program END 

Create log file
2016-03-30 11:55:11Z Query Stock_id is 2311 Program Start
2016-03-30 11:55:11Z Query Stock_id is 2311 Program END 

Create log file
2016-03-30 11:55:11Z Query Stock_id is 2886 Program Start
2016-03-30 11:55:11Z Query Stock_id is 2886 Program END 

Create log file
2016-03-30 11:55:11Z Query Stock_id is 2542 Program Start
2016-03-30 11:55:11Z Query Stock_id is 2542 Program END 

Create log file
2016-03-30 11:55:11Z Query Stock_id is 2330 Program Start
2016-03-30 11:55:11Z Query Stock_id is 2330 Program END 

Create log file
2016-03-30 11:55:11Z Query Stock_id is 2890 Program Start
2016-03-30 11:55:11Z Query Stock_id is 2890 Program END 

Create log file
2016-03-30 11:56:01Z on time future report... Program Start
2016-03-30 11:56:01Z on time future report... Program END 

Create log file
2016-03-30 12:01:02Z on time future report... Program Start
2016-03-30 12:01:02Z on time future report... Program END 

Create log file
2016-03-30 12:01:04Z Send 國際股市==>  Program Start
2016-03-30 12:01:04Z Send 國際股市==>  Program END 

Create log file
2016-03-30 12:06:01Z on time future report... Program Start
2016-03-30 12:06:01Z on time future report... Program END 

Create log file
2016-03-30 12:11:01Z on time future report... Program Start
2016-03-30 12:11:01Z on time future report... Program END 

Create log file
2016-03-30 12:16:01Z on time future report... Program Start
2016-03-30 12:16:01Z on time future report... Program END 

Create log file
2016-03-30 12:21:01Z on time future report... Program Start
2016-03-30 12:21:01Z on time future report... Program END 

Create log file
2016-03-30 12:26:02Z on time future report... Program Start
2016-03-30 12:26:02Z on time future report... Program END 

Create log file
2016-03-30 12:31:01Z on time future report... Program Start
2016-03-30 12:31:01Z on time future report... Program END 

Create log file
2016-03-30 12:36:01Z on time future report... Program Start
2016-03-30 12:36:01Z on time future report... Program END 

Create log file
2016-03-30 12:41:02Z on time future report... Program Start
2016-03-30 12:41:02Z on time future report... Program END 

Create log file
2016-03-30 12:46:01Z on time future report... Program Start
2016-03-30 12:46:01Z on time future report... Program END 

Create log file
2016-03-30 12:51:01Z on time future report... Program Start
2016-03-30 12:51:01Z on time future report... Program END 

Create log file
2016-03-30 12:56:01Z on time future report... Program Start
2016-03-30 12:56:01Z on time future report... Program END 

Create log file
2016-03-30 13:01:03Z on time future report... Program Start
2016-03-30 13:01:03Z on time future report... Program END 

Create log file
2016-03-30 13:01:04Z Send 國際股市==>  Program Start
2016-03-30 13:01:04Z Send 國際股市==>  Program END 

Create log file
2016-03-30 13:06:03Z on time future report... Program Start
2016-03-30 13:06:03Z on time future report... Program END 

Create log file
2016-03-30 13:11:01Z on time future report... Program Start
2016-03-30 13:11:01Z on time future report... Program END 

Create log file
2016-03-30 13:16:01Z on time future report... Program Start
2016-03-30 13:16:01Z on time future report... Program END 

Create log file
2016-03-30 13:21:01Z on time future report... Program Start
2016-03-30 13:21:01Z on time future report... Program END 

Create log file
2016-03-30 13:26:01Z on time future report... Program Start
2016-03-30 13:26:01Z on time future report... Program END 

Create log file
2016-03-30 13:31:04Z on time future report... Program Start
2016-03-30 13:31:04Z on time future report... Program END 

Create log file
2016-03-30 13:36:01Z on time future report... Program Start
2016-03-30 13:36:01Z on time future report... Program END 

Create log file
2016-03-30 13:41:01Z on time future report... Program Start
2016-03-30 13:41:01Z on time future report... Program END 

Create log file
2016-03-30 13:46:01Z on time future report... Program Start
2016-03-30 13:46:01Z on time future report... Program END 

Create log file
2016-03-30 14:01:04Z Send 國際股市==>  Program Start
2016-03-30 14:01:04Z Send 國際股市==>  Program END 

Create log file
2016-03-30 15:01:03Z Send 國際股市==>  Program Start
2016-03-30 15:01:03Z Send 國際股市==>  Program END 

Create log file
2016-03-30 15:50:20Z option_insert_daily Program Start
2016-03-30 15:50:20Z option_insert_daily Program END 

Create log file
2016-03-30 15:56:17Z Send Option_OIV_daily Program Start
2016-03-30 15:56:17Z Send Option_OIV_daily Program END 

Create log file
2016-03-30 16:01:03Z Send 國際股市==>  Program Start
2016-03-30 16:01:03Z Send 國際股市==>  Program END 

Create log file
2016-03-30 17:01:03Z Send 國際股市==>  Program Start
2016-03-30 17:01:03Z Send 國際股市==>  Program END 

Create log file
2016-03-30 17:25:25Z Query Stock_id is 2105 Program Start
2016-03-30 17:25:25Z Query Stock_id is 2105 Program END 

Create log file
2016-03-30 17:25:25Z Query Stock_id is 2311 Program Start
2016-03-30 17:25:25Z Query Stock_id is 2311 Program END 

Create log file
2016-03-30 17:25:26Z Query Stock_id is 2886 Program Start
2016-03-30 17:25:26Z Query Stock_id is 2886 Program END 

Create log file
2016-03-30 17:25:26Z Query Stock_id is 2542 Program Start
2016-03-30 17:25:26Z Query Stock_id is 2542 Program END 

Create log file
2016-03-30 17:25:26Z Query Stock_id is 2330 Program Start
2016-03-30 17:25:26Z Query Stock_id is 2330 Program END 

Create log file
2016-03-30 17:25:27Z Query Stock_id is 2890 Program Start
2016-03-30 17:25:27Z Query Stock_id is 2890 Program END 

Create log file
2016-03-30 17:25:49Z Query Stock_id is 2105 Program Start
2016-03-30 17:25:49Z Query Stock_id is 2105 Program END 

Create log file
2016-03-30 17:25:50Z Query Stock_id is 2311 Program Start
2016-03-30 17:25:50Z Query Stock_id is 2311 Program END 

Create log file
2016-03-30 17:25:50Z Query Stock_id is 2886 Program Start
2016-03-30 17:25:50Z Query Stock_id is 2886 Program END 

Create log file
2016-03-30 17:25:50Z Query Stock_id is 2542 Program Start
2016-03-30 17:25:50Z Query Stock_id is 2542 Program END 

Create log file
2016-03-30 17:25:51Z Query Stock_id is 2330 Program Start
2016-03-30 17:25:51Z Query Stock_id is 2330 Program END 

Create log file
2016-03-30 17:25:51Z Query Stock_id is 2890 Program Start
2016-03-30 17:25:51Z Query Stock_id is 2890 Program END 

Create log file
2016-03-30 17:41:48Z Query Stock_id is 2105 Program Start
2016-03-30 17:41:48Z Query Stock_id is 2105 Program END 

Create log file
2016-03-30 17:41:48Z Query Stock_id is 2311 Program Start
2016-03-30 17:41:48Z Query Stock_id is 2311 Program END 

Create log file
2016-03-30 17:41:48Z Query Stock_id is 2886 Program Start
2016-03-30 17:41:48Z Query Stock_id is 2886 Program END 

Create log file
2016-03-30 17:41:48Z Query Stock_id is 2542 Program Start
2016-03-30 17:41:48Z Query Stock_id is 2542 Program END 

Create log file
2016-03-30 17:41:48Z Query Stock_id is 2330 Program Start
2016-03-30 17:41:48Z Query Stock_id is 2330 Program END 

Create log file
2016-03-30 17:41:48Z Query Stock_id is 2890 Program Start
2016-03-30 17:41:48Z Query Stock_id is 2890 Program END 

Create log file
2016-03-30 17:41:56Z Query Stock_id is 2105 Program Start
2016-03-30 17:41:56Z Query Stock_id is 2105 Program END 

Create log file
2016-03-30 17:41:56Z Query Stock_id is 2311 Program Start
2016-03-30 17:41:56Z Query Stock_id is 2311 Program END 

Create log file
2016-03-30 17:41:56Z Query Stock_id is 2886 Program Start
2016-03-30 17:41:56Z Query Stock_id is 2886 Program END 

Create log file
2016-03-30 17:41:56Z Query Stock_id is 2542 Program Start
2016-03-30 17:41:56Z Query Stock_id is 2542 Program END 

Create log file
2016-03-30 17:41:57Z Query Stock_id is 2330 Program Start
2016-03-30 17:41:57Z Query Stock_id is 2330 Program END 

Create log file
2016-03-30 17:41:57Z Query Stock_id is 2890 Program Start
2016-03-30 17:41:57Z Query Stock_id is 2890 Program END 

Create log file
2016-03-30 18:01:03Z Send 國際股市==>  Program Start
2016-03-30 18:01:03Z Send 國際股市==>  Program END 

Create log file
2016-03-30 18:01:30Z Send 國際股市==>  Program Start
2016-03-30 18:01:30Z Send 國際股市==>  Program END 

Create log file
2016-03-30 18:01:52Z Send 國際股市==>  Program Start
2016-03-30 18:01:52Z Send 國際股市==>  Program END 

Create log file
2016-03-30 18:02:15Z Send 國際股市==>  Program Start
2016-03-30 18:02:15Z Send 國際股市==>  Program END 

Create log file
2016-03-30 18:02:38Z Send 國際股市==>  Program Start
2016-03-30 18:02:38Z Send 國際股市==>  Program END 

Create log file
2016-03-30 19:01:04Z Send 國際股市==>  Program Start
2016-03-30 19:01:04Z Send 國際股市==>  Program END 

Create log file
2016-03-30 19:01:31Z Send 國際股市==>  Program Start
2016-03-30 19:01:31Z Send 國際股市==>  Program END 

Create log file
2016-03-30 19:01:55Z Send 國際股市==>  Program Start
2016-03-30 19:01:55Z Send 國際股市==>  Program END 

Create log file
2016-03-30 20:01:02Z Send 國際股市==>  Program Start
2016-03-30 20:01:02Z Send 國際股市==>  Program END 

Create log file
2016-03-30 20:10:04Z stock_data_daily_create_file Program Start
2016-03-30 20:10:04Z stock_data_daily_create_file Program END 

Create log file
2016-03-30 20:20:05Z stock_data_insert_daily Program Start
2016-03-30 20:20:05Z stock_data_insert_daily Program END 

Create log file
2016-03-30 20:30:11Z Send 股市氣象台電子報-今日我最夯<==Strong_UP==>  Program Start
2016-03-30 20:30:11Z Send 股市氣象台電子報-今日我最夯<==Strong_UP==>  Program END 

Create log file
2016-03-30 21:01:03Z Send 國際股市==>  Program Start
2016-03-30 21:01:03Z Send 國際股市==>  Program END 

Create log file
2016-03-30 21:55:25Z Query Stock_id is 2377 Program Start
2016-03-30 21:55:25Z Query Stock_id is 2377 Program END 

Create log file
2016-03-30 21:55:25Z Query Stock_id is 2883 Program Start
2016-03-30 21:55:25Z Query Stock_id is 2883 Program END 

Create log file
2016-03-30 21:55:26Z Query Stock_id is 2303 Program Start
2016-03-30 21:55:26Z Query Stock_id is 2303 Program END 

Create log file
2016-03-30 21:55:26Z Query Stock_id is 2891 Program Start
2016-03-30 21:55:26Z Query Stock_id is 2891 Program END 

Create log file
2016-03-30 21:55:26Z Query Stock_id is 2409 Program Start
2016-03-30 21:55:26Z Query Stock_id is 2409 Program END 

Create log file
2016-03-30 21:55:26Z Query Stock_id is 2344 Program Start
2016-03-30 21:55:26Z Query Stock_id is 2344 Program END 

Create log file
2016-03-30 21:55:26Z Query Stock_id is 5347 Program Start
2016-03-30 21:55:26Z Query Stock_id is 5347 Program END 

Create log file
2016-03-30 21:55:26Z Query Stock_id is 1310 Program Start
2016-03-30 21:55:26Z Query Stock_id is 1310 Program END 

Create log file
2016-03-30 21:55:27Z Query Stock_id is 2887 Program Start
2016-03-30 21:55:27Z Query Stock_id is 2887 Program END 

Create log file
2016-03-30 21:55:27Z Query Stock_id is 5243 Program Start
2016-03-30 21:55:27Z Query Stock_id is 5243 Program END 

Create log file
2016-03-30 21:55:27Z Query Stock_id is 2885 Program Start
2016-03-30 21:55:27Z Query Stock_id is 2885 Program END 

Create log file
2016-03-30 21:55:27Z Query Stock_id is 1402 Program Start
2016-03-30 21:55:27Z Query Stock_id is 1402 Program END 

Create log file
2016-03-30 21:55:27Z Query Stock_id is 1301 Program Start
2016-03-30 21:55:27Z Query Stock_id is 1301 Program END 

Create log file
2016-03-30 21:55:27Z Query Stock_id is 1605 Program Start
2016-03-30 21:55:27Z Query Stock_id is 1605 Program END 

Create log file
2016-03-30 21:55:28Z Query Stock_id is 1303 Program Start
2016-03-30 21:55:28Z Query Stock_id is 1303 Program END 

Create log file
2016-03-30 21:55:28Z Query Stock_id is 1326 Program Start
2016-03-30 21:55:28Z Query Stock_id is 1326 Program END 

Create log file
2016-03-30 21:55:28Z Query Stock_id is 1101 Program Start
2016-03-30 21:55:28Z Query Stock_id is 1101 Program END 

Create log file
2016-03-30 21:55:28Z Query Stock_id is 2886 Program Start
2016-03-30 21:55:28Z Query Stock_id is 2886 Program END 

Create log file
2016-03-30 21:55:28Z Query Stock_id is 2105 Program Start
2016-03-30 21:55:28Z Query Stock_id is 2105 Program END 

Create log file
2016-03-30 21:55:28Z Query Stock_id is 2325 Program Start
2016-03-30 21:55:28Z Query Stock_id is 2325 Program END 

Create log file
2016-03-30 21:55:29Z Query Stock_id is 2105 Program Start
2016-03-30 21:55:29Z Query Stock_id is 2105 Program END 

Create log file
2016-03-30 21:55:29Z Query Stock_id is 2311 Program Start
2016-03-30 21:55:29Z Query Stock_id is 2311 Program END 

Create log file
2016-03-30 21:55:29Z Query Stock_id is 2886 Program Start
2016-03-30 21:55:29Z Query Stock_id is 2886 Program END 

Create log file
2016-03-30 21:55:29Z Query Stock_id is 2542 Program Start
2016-03-30 21:55:29Z Query Stock_id is 2542 Program END 

Create log file
2016-03-30 21:55:29Z Query Stock_id is 2330 Program Start
2016-03-30 21:55:29Z Query Stock_id is 2330 Program END 

Create log file
2016-03-30 21:55:30Z Query Stock_id is 2890 Program Start
2016-03-30 21:55:30Z Query Stock_id is 2890 Program END 

Create log file
2016-03-30 22:01:03Z Send 國際股市==>  Program Start
2016-03-30 22:01:03Z Send 國際股市==>  Program END 

Create log file
2016-03-30 22:01:30Z Send 國際股市==>  Program Start
2016-03-30 22:01:30Z Send 國際股市==>  Program END 

Create log file
2016-03-30 22:01:52Z Send 國際股市==>  Program Start
2016-03-30 22:01:52Z Send 國際股市==>  Program END 

Create log file
2016-03-30 23:01:03Z Send 國際股市==>  Program Start
2016-03-30 23:01:03Z Send 國際股市==>  Program END 

