Create log file
2016-03-15 00:01:04Z Send 國際股市==>  Program Start
2016-03-15 00:01:04Z Send 國際股市==>  Program END 

Create log file
2016-03-15 01:01:03Z Send 國際股市==>  Program Start
2016-03-15 01:01:03Z Send 國際股市==>  Program END 

Create log file
2016-03-15 08:01:03Z Send 國際股市==>  Program Start
2016-03-15 08:01:03Z Send 國際股市==>  Program END 

Create log file
2016-03-15 08:01:29Z Send 國際股市==>  Program Start
2016-03-15 08:01:29Z Send 國際股市==>  Program END 

Create log file
2016-03-15 08:01:51Z Send 國際股市==>  Program Start
2016-03-15 08:01:51Z Send 國際股市==>  Program END 

Create log file
2016-03-15 08:46:03Z on time future report... Program Start
2016-03-15 08:46:03Z on time future report... Program END 

Create log file
2016-03-15 08:51:03Z on time future report... Program Start
2016-03-15 08:51:03Z on time future report... Program END 

Create log file
2016-03-15 08:56:03Z on time future report... Program Start
2016-03-15 08:56:03Z on time future report... Program END 

Create log file
2016-03-15 09:01:03Z Send 國際股市==>  Program Start
2016-03-15 09:01:03Z Send 國際股市==>  Program END 

Create log file
2016-03-15 09:01:04Z on time future report... Program Start
2016-03-15 09:01:04Z on time future report... Program END 

Create log file
2016-03-15 09:06:03Z on time future report... Program Start
2016-03-15 09:06:03Z on time future report... Program END 

Create log file
2016-03-15 09:11:03Z on time future report... Program Start
2016-03-15 09:11:03Z on time future report... Program END 

Create log file
2016-03-15 09:16:04Z on time future report... Program Start
2016-03-15 09:16:04Z on time future report... Program END 

Create log file
2016-03-15 09:21:03Z on time future report... Program Start
2016-03-15 09:21:03Z on time future report... Program END 

Create log file
2016-03-15 09:31:01Z on time future report... Program Start
2016-03-15 09:31:01Z on time future report... Program END 

Create log file
2016-03-15 09:36:01Z on time future report... Program Start
2016-03-15 09:36:01Z on time future report... Program END 

Create log file
2016-03-15 09:41:01Z on time future report... Program Start
2016-03-15 09:41:01Z on time future report... Program END 

Create log file
2016-03-15 09:46:01Z on time future report... Program Start
2016-03-15 09:46:01Z on time future report... Program END 

Create log file
2016-03-15 09:51:03Z on time future report... Program Start
2016-03-15 09:51:03Z on time future report... Program END 

Create log file
2016-03-15 09:56:05Z on time future report... Program Start
2016-03-15 09:56:05Z on time future report... Program END 

Create log file
2016-03-15 10:01:01Z Send 國際股市==>  Program Start
2016-03-15 10:01:01Z Send 國際股市==>  Program END 

Create log file
2016-03-15 10:01:30Z on time future report... Program Start
2016-03-15 10:01:30Z on time future report... Program END 

Create log file
2016-03-15 10:06:01Z on time future report... Program Start
2016-03-15 10:06:01Z on time future report... Program END 

Create log file
2016-03-15 10:11:01Z on time future report... Program Start
2016-03-15 10:11:01Z on time future report... Program END 

Create log file
2016-03-15 10:16:01Z on time future report... Program Start
2016-03-15 10:16:01Z on time future report... Program END 

Create log file
2016-03-15 10:21:05Z on time future report... Program Start
2016-03-15 10:21:05Z on time future report... Program END 

Create log file
2016-03-15 10:26:02Z on time future report... Program Start
2016-03-15 10:26:02Z on time future report... Program END 

Create log file
2016-03-15 10:31:01Z on time future report... Program Start
2016-03-15 10:31:01Z on time future report... Program END 

Create log file
2016-03-15 10:36:01Z on time future report... Program Start
2016-03-15 10:36:01Z on time future report... Program END 

Create log file
2016-03-15 10:41:02Z on time future report... Program Start
2016-03-15 10:41:02Z on time future report... Program END 

Create log file
2016-03-15 10:46:02Z on time future report... Program Start
2016-03-15 10:46:02Z on time future report... Program END 

Create log file
2016-03-15 10:51:01Z on time future report... Program Start
2016-03-15 10:51:01Z on time future report... Program END 

Create log file
2016-03-15 10:56:01Z on time future report... Program Start
2016-03-15 10:56:01Z on time future report... Program END 

Create log file
2016-03-15 11:01:01Z on time future report... Program Start
2016-03-15 11:01:01Z on time future report... Program END 

Create log file
2016-03-15 11:01:02Z Send 國際股市==>  Program Start
2016-03-15 11:01:02Z Send 國際股市==>  Program END 

Create log file
2016-03-15 11:06:01Z on time future report... Program Start
2016-03-15 11:06:01Z on time future report... Program END 

Create log file
2016-03-15 11:11:01Z on time future report... Program Start
2016-03-15 11:11:01Z on time future report... Program END 

Create log file
2016-03-15 11:16:01Z on time future report... Program Start
2016-03-15 11:16:01Z on time future report... Program END 

Create log file
2016-03-15 11:21:01Z on time future report... Program Start
2016-03-15 11:21:01Z on time future report... Program END 

Create log file
2016-03-15 11:26:01Z on time future report... Program Start
2016-03-15 11:26:01Z on time future report... Program END 

Create log file
2016-03-15 11:31:01Z on time future report... Program Start
2016-03-15 11:31:01Z on time future report... Program END 

Create log file
2016-03-15 11:36:01Z on time future report... Program Start
2016-03-15 11:36:01Z on time future report... Program END 

Create log file
2016-03-15 11:41:01Z on time future report... Program Start
2016-03-15 11:41:01Z on time future report... Program END 

Create log file
2016-03-15 11:46:02Z on time future report... Program Start
2016-03-15 11:46:02Z on time future report... Program END 

Create log file
2016-03-15 11:51:01Z on time future report... Program Start
2016-03-15 11:51:01Z on time future report... Program END 

Create log file
2016-03-15 11:56:01Z on time future report... Program Start
2016-03-15 11:56:01Z on time future report... Program END 

Create log file
2016-03-15 12:01:01Z Send 國際股市==>  Program Start
2016-03-15 12:01:01Z Send 國際股市==>  Program END 

Create log file
2016-03-15 12:01:29Z on time future report... Program Start
2016-03-15 12:01:29Z on time future report... Program END 

Create log file
2016-03-15 12:06:01Z on time future report... Program Start
2016-03-15 12:06:01Z on time future report... Program END 

Create log file
2016-03-15 12:11:01Z on time future report... Program Start
2016-03-15 12:11:01Z on time future report... Program END 

Create log file
2016-03-15 12:16:01Z on time future report... Program Start
2016-03-15 12:16:01Z on time future report... Program END 

Create log file
2016-03-15 12:21:01Z on time future report... Program Start
2016-03-15 12:21:01Z on time future report... Program END 

Create log file
2016-03-15 12:26:05Z on time future report... Program Start
2016-03-15 12:26:05Z on time future report... Program END 

Create log file
2016-03-15 12:31:01Z on time future report... Program Start
2016-03-15 12:31:01Z on time future report... Program END 

Create log file
2016-03-15 12:36:01Z on time future report... Program Start
2016-03-15 12:36:01Z on time future report... Program END 

Create log file
2016-03-15 12:41:03Z on time future report... Program Start
2016-03-15 12:41:03Z on time future report... Program END 

Create log file
2016-03-15 12:46:01Z on time future report... Program Start
2016-03-15 12:46:01Z on time future report... Program END 

Create log file
2016-03-15 12:51:01Z on time future report... Program Start
2016-03-15 12:51:01Z on time future report... Program END 

Create log file
2016-03-15 12:56:01Z on time future report... Program Start
2016-03-15 12:56:01Z on time future report... Program END 

Create log file
2016-03-15 13:01:01Z Send 國際股市==>  Program Start
2016-03-15 13:01:01Z Send 國際股市==>  Program END 

Create log file
2016-03-15 13:01:28Z on time future report... Program Start
2016-03-15 13:01:28Z on time future report... Program END 

Create log file
2016-03-15 13:06:03Z on time future report... Program Start
2016-03-15 13:06:03Z on time future report... Program END 

Create log file
2016-03-15 13:11:01Z on time future report... Program Start
2016-03-15 13:11:01Z on time future report... Program END 

Create log file
2016-03-15 13:16:01Z on time future report... Program Start
2016-03-15 13:16:01Z on time future report... Program END 

Create log file
2016-03-15 13:21:01Z on time future report... Program Start
2016-03-15 13:21:01Z on time future report... Program END 

Create log file
2016-03-15 13:26:01Z on time future report... Program Start
2016-03-15 13:26:01Z on time future report... Program END 

Create log file
2016-03-15 13:31:01Z on time future report... Program Start
2016-03-15 13:31:01Z on time future report... Program END 

Create log file
2016-03-15 13:36:01Z on time future report... Program Start
2016-03-15 13:36:01Z on time future report... Program END 

Create log file
2016-03-15 13:41:01Z on time future report... Program Start
2016-03-15 13:41:01Z on time future report... Program END 

Create log file
2016-03-15 13:46:01Z on time future report... Program Start
2016-03-15 13:46:01Z on time future report... Program END 

Create log file
2016-03-15 14:01:00Z Send 國際股市==>  Program Start
2016-03-15 14:01:00Z Send 國際股市==>  Program END 

Create log file
2016-03-15 15:01:01Z Send 國際股市==>  Program Start
2016-03-15 15:01:01Z Send 國際股市==>  Program END 

Create log file
2016-03-15 15:50:18Z option_insert_daily Program Start
2016-03-15 15:50:18Z option_insert_daily Program END 

Create log file
2016-03-15 15:56:09Z Send Option_OIV_daily Program Start
2016-03-15 15:56:09Z Send Option_OIV_daily Program END 

Create log file
2016-03-15 16:01:00Z Send 國際股市==>  Program Start
2016-03-15 16:01:00Z Send 國際股市==>  Program END 

Create log file
2016-03-15 17:01:01Z Send 國際股市==>  Program Start
2016-03-15 17:01:01Z Send 國際股市==>  Program END 

Create log file
2016-03-15 18:01:01Z Send 國際股市==>  Program Start
2016-03-15 18:01:01Z Send 國際股市==>  Program END 

Create log file
2016-03-15 18:01:28Z Send 國際股市==>  Program Start
2016-03-15 18:01:28Z Send 國際股市==>  Program END 

Create log file
2016-03-15 18:01:49Z Send 國際股市==>  Program Start
2016-03-15 18:01:49Z Send 國際股市==>  Program END 

Create log file
2016-03-15 18:02:11Z Send 國際股市==>  Program Start
2016-03-15 18:02:11Z Send 國際股市==>  Program END 

Create log file
2016-03-15 19:01:01Z Send 國際股市==>  Program Start
2016-03-15 19:01:01Z Send 國際股市==>  Program END 

Create log file
2016-03-15 19:01:27Z Send 國際股市==>  Program Start
2016-03-15 19:01:27Z Send 國際股市==>  Program END 

Create log file
2016-03-15 19:01:51Z Send 國際股市==>  Program Start
2016-03-15 19:01:51Z Send 國際股市==>  Program END 

Create log file
2016-03-15 20:01:00Z Send 國際股市==>  Program Start
2016-03-15 20:01:00Z Send 國際股市==>  Program END 

Create log file
2016-03-15 20:10:04Z stock_data_daily_create_file Program Start
2016-03-15 20:10:04Z stock_data_daily_create_file Program END 

Create log file
2016-03-15 20:20:03Z stock_data_insert_daily Program Start
2016-03-15 20:20:03Z stock_data_insert_daily Program END 

Create log file
2016-03-15 20:30:11Z Send 股市氣象台電子報-今日我最夯<==Strong_UP==>  Program Start
2016-03-15 20:30:11Z Send 股市氣象台電子報-今日我最夯<==Strong_UP==>  Program END 

Create log file
2016-03-15 21:01:01Z Send 國際股市==>  Program Start
2016-03-15 21:01:01Z Send 國際股市==>  Program END 

Create log file
2016-03-15 22:01:01Z Send 國際股市==>  Program Start
2016-03-15 22:01:01Z Send 國際股市==>  Program END 

Create log file
2016-03-15 22:01:27Z Send 國際股市==>  Program Start
2016-03-15 22:01:27Z Send 國際股市==>  Program END 

Create log file
2016-03-15 23:01:01Z Send 國際股市==>  Program Start
2016-03-15 23:01:01Z Send 國際股市==>  Program END 

