Create log file
2016-04-11 00:44:24Z Send 國際股市==>  Program Start
2016-04-11 00:44:24Z Send 國際股市==>  Program END 

Create log file
2016-04-11 00:44:50Z Send 國際股市==>  Program Start
2016-04-11 00:44:50Z Send 國際股市==>  Program END 

Create log file
2016-04-11 08:01:05Z Send 國際股市==>  Program Start
2016-04-11 08:01:05Z Send 國際股市==>  Program END 

Create log file
2016-04-11 08:01:32Z Send 國際股市==>  Program Start
2016-04-11 08:01:32Z Send 國際股市==>  Program END 

Create log file
2016-04-11 08:01:57Z Send 國際股市==>  Program Start
2016-04-11 08:01:57Z Send 國際股市==>  Program END 

Create log file
2016-04-11 08:02:20Z Send 國際股市==>  Program Start
2016-04-11 08:02:20Z Send 國際股市==>  Program END 

Create log file
2016-04-11 08:46:04Z on time future report... Program Start
2016-04-11 08:46:04Z on time future report... Program END 

Create log file
2016-04-11 08:51:03Z on time future report... Program Start
2016-04-11 08:51:03Z on time future report... Program END 

Create log file
2016-04-11 08:56:03Z on time future report... Program Start
2016-04-11 08:56:03Z on time future report... Program END 

Create log file
2016-04-11 09:01:05Z Send 國際股市==>  Program Start
2016-04-11 09:01:05Z Send 國際股市==>  Program END 

Create log file
2016-04-11 09:01:06Z on time future report... Program Start
2016-04-11 09:01:06Z on time future report... Program END 

Create log file
2016-04-11 09:01:33Z Send 國際股市==>  Program Start
2016-04-11 09:01:33Z Send 國際股市==>  Program END 

Create log file
2016-04-11 09:06:04Z on time future report... Program Start
2016-04-11 09:06:04Z on time future report... Program END 

Create log file
2016-04-11 09:11:05Z on time future report... Program Start
2016-04-11 09:11:05Z on time future report... Program END 

Create log file
2016-04-11 09:16:05Z on time future report... Program Start
2016-04-11 09:16:05Z on time future report... Program END 

Create log file
2016-04-11 09:21:04Z on time future report... Program Start
2016-04-11 09:21:04Z on time future report... Program END 

Create log file
2016-04-11 09:26:03Z on time future report... Program Start
2016-04-11 09:26:03Z on time future report... Program END 

Create log file
2016-04-11 09:31:04Z on time future report... Program Start
2016-04-11 09:31:04Z on time future report... Program END 

Create log file
2016-04-11 09:36:06Z on time future report... Program Start
2016-04-11 09:36:06Z on time future report... Program END 

Create log file
2016-04-11 09:41:03Z on time future report... Program Start
2016-04-11 09:41:03Z on time future report... Program END 

Create log file
2016-04-11 09:46:05Z on time future report... Program Start
2016-04-11 09:46:05Z on time future report... Program END 

Create log file
2016-04-11 09:51:06Z on time future report... Program Start
2016-04-11 09:51:06Z on time future report... Program END 

Create log file
2016-04-11 09:56:04Z on time future report... Program Start
2016-04-11 09:56:04Z on time future report... Program END 

Create log file
2016-04-11 10:01:04Z Send 國際股市==>  Program Start
2016-04-11 10:01:04Z Send 國際股市==>  Program END 

Create log file
2016-04-11 10:01:05Z on time future report... Program Start
2016-04-11 10:01:05Z on time future report... Program END 

Create log file
2016-04-11 10:01:31Z Send 國際股市==>  Program Start
2016-04-11 10:01:31Z Send 國際股市==>  Program END 

Create log file
2016-04-11 10:06:04Z on time future report... Program Start
2016-04-11 10:06:04Z on time future report... Program END 

Create log file
2016-04-11 10:11:04Z on time future report... Program Start
2016-04-11 10:11:04Z on time future report... Program END 

Create log file
2016-04-11 10:16:06Z on time future report... Program Start
2016-04-11 10:16:06Z on time future report... Program END 

Create log file
2016-04-11 10:21:03Z on time future report... Program Start
2016-04-11 10:21:03Z on time future report... Program END 

Create log file
2016-04-11 10:26:04Z on time future report... Program Start
2016-04-11 10:26:04Z on time future report... Program END 

Create log file
2016-04-11 10:31:03Z on time future report... Program Start
2016-04-11 10:31:03Z on time future report... Program END 

Create log file
2016-04-11 10:36:05Z on time future report... Program Start
2016-04-11 10:36:05Z on time future report... Program END 

Create log file
2016-04-11 10:41:03Z on time future report... Program Start
2016-04-11 10:41:03Z on time future report... Program END 

Create log file
2016-04-11 10:46:03Z on time future report... Program Start
2016-04-11 10:46:03Z on time future report... Program END 

Create log file
2016-04-11 10:51:03Z on time future report... Program Start
2016-04-11 10:51:03Z on time future report... Program END 

Create log file
2016-04-11 10:56:04Z on time future report... Program Start
2016-04-11 10:56:04Z on time future report... Program END 

Create log file
2016-04-11 11:01:04Z Send 國際股市==>  Program Start
2016-04-11 11:01:04Z Send 國際股市==>  Program END 

Create log file
2016-04-11 11:01:05Z on time future report... Program Start
2016-04-11 11:01:05Z on time future report... Program END 

Create log file
2016-04-11 11:01:31Z Send 國際股市==>  Program Start
2016-04-11 11:01:31Z Send 國際股市==>  Program END 

Create log file
2016-04-11 11:06:05Z on time future report... Program Start
2016-04-11 11:06:05Z on time future report... Program END 

Create log file
2016-04-11 11:11:03Z on time future report... Program Start
2016-04-11 11:11:03Z on time future report... Program END 

Create log file
2016-04-11 11:16:05Z on time future report... Program Start
2016-04-11 11:16:05Z on time future report... Program END 

Create log file
2016-04-11 11:21:03Z on time future report... Program Start
2016-04-11 11:21:03Z on time future report... Program END 

Create log file
2016-04-11 11:26:05Z on time future report... Program Start
2016-04-11 11:26:05Z on time future report... Program END 

Create log file
2016-04-11 11:31:07Z on time future report... Program Start
2016-04-11 11:31:07Z on time future report... Program END 

Create log file
2016-04-11 11:36:04Z on time future report... Program Start
2016-04-11 11:36:04Z on time future report... Program END 

Create log file
2016-04-11 11:41:03Z on time future report... Program Start
2016-04-11 11:41:03Z on time future report... Program END 

Create log file
2016-04-11 11:46:03Z on time future report... Program Start
2016-04-11 11:46:03Z on time future report... Program END 

Create log file
2016-04-11 11:51:03Z on time future report... Program Start
2016-04-11 11:51:03Z on time future report... Program END 

Create log file
2016-04-11 11:56:03Z on time future report... Program Start
2016-04-11 11:56:03Z on time future report... Program END 

Create log file
2016-04-11 12:01:05Z Send 國際股市==>  Program Start
2016-04-11 12:01:05Z Send 國際股市==>  Program END 

Create log file
2016-04-11 12:01:05Z on time future report... Program Start
2016-04-11 12:01:05Z on time future report... Program END 

Create log file
2016-04-11 12:01:32Z Send 國際股市==>  Program Start
2016-04-11 12:01:32Z Send 國際股市==>  Program END 

Create log file
2016-04-11 12:11:02Z on time future report... Program Start
2016-04-11 12:11:02Z on time future report... Program END 

Create log file
2016-04-11 12:16:01Z on time future report... Program Start
2016-04-11 12:16:01Z on time future report... Program END 

Create log file
2016-04-11 12:21:01Z on time future report... Program Start
2016-04-11 12:21:01Z on time future report... Program END 

Create log file
2016-04-11 12:26:03Z on time future report... Program Start
2016-04-11 12:26:03Z on time future report... Program END 

Create log file
2016-04-11 12:31:01Z on time future report... Program Start
2016-04-11 12:31:01Z on time future report... Program END 

Create log file
2016-04-11 12:36:01Z on time future report... Program Start
2016-04-11 12:36:01Z on time future report... Program END 

Create log file
2016-04-11 12:41:01Z on time future report... Program Start
2016-04-11 12:41:01Z on time future report... Program END 

Create log file
2016-04-11 12:46:01Z on time future report... Program Start
2016-04-11 12:46:01Z on time future report... Program END 

Create log file
2016-04-11 12:51:01Z on time future report... Program Start
2016-04-11 12:51:01Z on time future report... Program END 

Create log file
2016-04-11 12:56:01Z on time future report... Program Start
2016-04-11 12:56:01Z on time future report... Program END 

Create log file
2016-04-11 13:01:03Z on time future report... Program Start
2016-04-11 13:01:03Z on time future report... Program END 

Create log file
2016-04-11 13:01:05Z Send 國際股市==>  Program Start
2016-04-11 13:01:05Z Send 國際股市==>  Program END 

Create log file
2016-04-11 13:01:32Z Send 國際股市==>  Program Start
2016-04-11 13:01:32Z Send 國際股市==>  Program END 

Create log file
2016-04-11 13:06:03Z on time future report... Program Start
2016-04-11 13:06:03Z on time future report... Program END 

Create log file
2016-04-11 13:11:01Z on time future report... Program Start
2016-04-11 13:11:01Z on time future report... Program END 

Create log file
2016-04-11 13:16:01Z on time future report... Program Start
2016-04-11 13:16:01Z on time future report... Program END 

Create log file
2016-04-11 13:26:02Z on time future report... Program Start
2016-04-11 13:26:02Z on time future report... Program END 

Create log file
2016-04-11 13:31:04Z on time future report... Program Start
2016-04-11 13:31:04Z on time future report... Program END 

Create log file
2016-04-11 13:36:01Z on time future report... Program Start
2016-04-11 13:36:01Z on time future report... Program END 

Create log file
2016-04-11 13:41:01Z on time future report... Program Start
2016-04-11 13:41:01Z on time future report... Program END 

Create log file
2016-04-11 13:46:01Z on time future report... Program Start
2016-04-11 13:46:01Z on time future report... Program END 

Create log file
2016-04-11 14:01:03Z Send 國際股市==>  Program Start
2016-04-11 14:01:03Z Send 國際股市==>  Program END 

Create log file
2016-04-11 14:01:30Z Send 國際股市==>  Program Start
2016-04-11 14:01:30Z Send 國際股市==>  Program END 

Create log file
2016-04-11 15:01:04Z Send 國際股市==>  Program Start
2016-04-11 15:01:04Z Send 國際股市==>  Program END 

Create log file
2016-04-11 15:01:31Z Send 國際股市==>  Program Start
2016-04-11 15:01:31Z Send 國際股市==>  Program END 

Create log file
2016-04-11 15:50:19Z option_insert_daily Program Start
2016-04-11 15:50:19Z option_insert_daily Program END 

Create log file
2016-04-11 15:55:44Z Send Option_OIV_daily Program Start
2016-04-11 15:55:44Z Send Option_OIV_daily Program END 

Create log file
2016-04-11 16:01:03Z Send 國際股市==>  Program Start
2016-04-11 16:01:03Z Send 國際股市==>  Program END 

Create log file
2016-04-11 16:01:31Z Send 國際股市==>  Program Start
2016-04-11 16:01:31Z Send 國際股市==>  Program END 

Create log file
2016-04-11 17:01:04Z Send 國際股市==>  Program Start
2016-04-11 17:01:04Z Send 國際股市==>  Program END 

Create log file
2016-04-11 17:01:31Z Send 國際股市==>  Program Start
2016-04-11 17:01:31Z Send 國際股市==>  Program END 

Create log file
2016-04-11 18:01:04Z Send 國際股市==>  Program Start
2016-04-11 18:01:04Z Send 國際股市==>  Program END 

Create log file
2016-04-11 18:01:31Z Send 國際股市==>  Program Start
2016-04-11 18:01:31Z Send 國際股市==>  Program END 

Create log file
2016-04-11 18:01:53Z Send 國際股市==>  Program Start
2016-04-11 18:01:53Z Send 國際股市==>  Program END 

Create log file
2016-04-11 18:02:15Z Send 國際股市==>  Program Start
2016-04-11 18:02:15Z Send 國際股市==>  Program END 

Create log file
2016-04-11 18:02:37Z Send 國際股市==>  Program Start
2016-04-11 18:02:37Z Send 國際股市==>  Program END 

Create log file
2016-04-11 18:03:01Z Send 國際股市==>  Program Start
2016-04-11 18:03:01Z Send 國際股市==>  Program END 

Create log file
2016-04-11 19:01:04Z Send 國際股市==>  Program Start
2016-04-11 19:01:04Z Send 國際股市==>  Program END 

Create log file
2016-04-11 19:01:31Z Send 國際股市==>  Program Start
2016-04-11 19:01:31Z Send 國際股市==>  Program END 

Create log file
2016-04-11 19:01:54Z Send 國際股市==>  Program Start
2016-04-11 19:01:54Z Send 國際股市==>  Program END 

Create log file
2016-04-11 20:01:04Z Send 國際股市==>  Program Start
2016-04-11 20:01:04Z Send 國際股市==>  Program END 

Create log file
2016-04-11 20:01:31Z Send 國際股市==>  Program Start
2016-04-11 20:01:31Z Send 國際股市==>  Program END 

Create log file
2016-04-11 20:10:12Z stock_data_daily_create_file Program Start
2016-04-11 20:10:12Z stock_data_daily_create_file Program END 

Create log file
2016-04-11 20:20:06Z stock_data_insert_daily Program Start
2016-04-11 20:20:06Z stock_data_insert_daily Program END 

Create log file
2016-04-11 20:30:10Z Send 股市氣象台電子報-今日我最夯<==Strong_UP==>  Program Start
2016-04-11 20:30:10Z Send 股市氣象台電子報-今日我最夯<==Strong_UP==>  Program END 

<<<<<<< HEAD
=======
Create log file
2016-04-11 21:01:05Z Send 國際股市==>  Program Start
2016-04-11 21:01:05Z Send 國際股市==>  Program END 

Create log file
2016-04-11 22:01:01Z Send 國際股市==>  Program Start
2016-04-11 22:01:01Z Send 國際股市==>  Program END 

Create log file
2016-04-11 22:01:28Z Send 國際股市==>  Program Start
2016-04-11 22:01:28Z Send 國際股市==>  Program END 

Create log file
2016-04-11 22:01:53Z Send 國際股市==>  Program Start
2016-04-11 22:01:53Z Send 國際股市==>  Program END 

Create log file
2016-04-11 23:01:02Z Send 國際股市==>  Program Start
2016-04-11 23:01:02Z Send 國際股市==>  Program END 

>>>>>>> develop
