Create log file
2016-06-17 01:01:18Z Send 國際股市==>  Program Start
2016-06-17 01:01:18Z Send 國際股市==>  Program END 

Create log file
2016-06-17 08:01:02Z Send 國際股市==>  Program Start
2016-06-17 08:01:02Z Send 國際股市==>  Program END 

Create log file
2016-06-17 08:01:29Z Send 國際股市==>  Program Start
2016-06-17 08:01:29Z Send 國際股市==>  Program END 

Create log file
2016-06-17 08:01:51Z Send 國際股市==>  Program Start
2016-06-17 08:01:51Z Send 國際股市==>  Program END 

Create log file
2016-06-17 08:02:14Z Send 國際股市==>  Program Start
2016-06-17 08:02:14Z Send 國際股市==>  Program END 

Create log file
2016-06-17 08:46:03Z on time future report... Program Start
2016-06-17 08:46:03Z on time future report... Program END 

Create log file
2016-06-17 08:51:03Z on time future report... Program Start
2016-06-17 08:51:03Z on time future report... Program END 

Create log file
2016-06-17 08:56:03Z on time future report... Program Start
2016-06-17 08:56:03Z on time future report... Program END 

Create log file
2016-06-17 09:01:03Z Send 國際股市==>  Program Start
2016-06-17 09:01:03Z Send 國際股市==>  Program END 

Create log file
2016-06-17 09:01:04Z on time future report... Program Start
2016-06-17 09:01:04Z on time future report... Program END 

Create log file
2016-06-17 09:06:03Z on time future report... Program Start
2016-06-17 09:06:03Z on time future report... Program END 

Create log file
2016-06-17 09:11:07Z on time future report... Program Start
2016-06-17 09:11:07Z on time future report... Program END 

Create log file
2016-06-17 09:16:04Z on time future report... Program Start
2016-06-17 09:16:04Z on time future report... Program END 

Create log file
2016-06-17 09:21:05Z on time future report... Program Start
2016-06-17 09:21:05Z on time future report... Program END 

Create log file
2016-06-17 09:26:03Z on time future report... Program Start
2016-06-17 09:26:03Z on time future report... Program END 

Create log file
2016-06-17 09:31:03Z on time future report... Program Start
2016-06-17 09:31:03Z on time future report... Program END 

Create log file
2016-06-17 09:36:04Z on time future report... Program Start
2016-06-17 09:36:04Z on time future report... Program END 

Create log file
2016-06-17 09:41:03Z on time future report... Program Start
2016-06-17 09:41:03Z on time future report... Program END 

Create log file
2016-06-17 09:46:06Z on time future report... Program Start
2016-06-17 09:46:06Z on time future report... Program END 

Create log file
2016-06-17 09:51:06Z on time future report... Program Start
2016-06-17 09:51:06Z on time future report... Program END 

Create log file
2016-06-17 09:56:03Z on time future report... Program Start
2016-06-17 09:56:03Z on time future report... Program END 

Create log file
2016-06-17 10:01:03Z Send 國際股市==>  Program Start
2016-06-17 10:01:03Z Send 國際股市==>  Program END 

Create log file
2016-06-17 10:01:04Z on time future report... Program Start
2016-06-17 10:01:04Z on time future report... Program END 

Create log file
2016-06-17 10:06:03Z on time future report... Program Start
2016-06-17 10:06:03Z on time future report... Program END 

Create log file
2016-06-17 10:11:03Z on time future report... Program Start
2016-06-17 10:11:03Z on time future report... Program END 

Create log file
2016-06-17 10:16:03Z on time future report... Program Start
2016-06-17 10:16:03Z on time future report... Program END 

Create log file
2016-06-17 10:21:03Z on time future report... Program Start
2016-06-17 10:21:03Z on time future report... Program END 

Create log file
2016-06-17 10:26:03Z on time future report... Program Start
2016-06-17 10:26:03Z on time future report... Program END 

Create log file
2016-06-17 10:31:07Z on time future report... Program Start
2016-06-17 10:31:07Z on time future report... Program END 

Create log file
2016-06-17 10:36:03Z on time future report... Program Start
2016-06-17 10:36:03Z on time future report... Program END 

Create log file
2016-06-17 10:41:03Z on time future report... Program Start
2016-06-17 10:41:03Z on time future report... Program END 

Create log file
2016-06-17 10:46:03Z on time future report... Program Start
2016-06-17 10:46:03Z on time future report... Program END 

Create log file
2016-06-17 10:51:03Z on time future report... Program Start
2016-06-17 10:51:03Z on time future report... Program END 

Create log file
2016-06-17 10:56:03Z on time future report... Program Start
2016-06-17 10:56:03Z on time future report... Program END 

Create log file
2016-06-17 11:01:03Z Send 國際股市==>  Program Start
2016-06-17 11:01:03Z Send 國際股市==>  Program END 

Create log file
2016-06-17 11:01:04Z on time future report... Program Start
2016-06-17 11:01:04Z on time future report... Program END 

Create log file
2016-06-17 11:06:03Z on time future report... Program Start
2016-06-17 11:06:03Z on time future report... Program END 

Create log file
2016-06-17 11:11:03Z on time future report... Program Start
2016-06-17 11:11:03Z on time future report... Program END 

Create log file
2016-06-17 11:16:03Z on time future report... Program Start
2016-06-17 11:16:03Z on time future report... Program END 

Create log file
2016-06-17 11:21:04Z on time future report... Program Start
2016-06-17 11:21:04Z on time future report... Program END 

Create log file
2016-06-17 11:26:03Z on time future report... Program Start
2016-06-17 11:26:03Z on time future report... Program END 

Create log file
2016-06-17 11:31:04Z on time future report... Program Start
2016-06-17 11:31:04Z on time future report... Program END 

Create log file
2016-06-17 11:36:03Z on time future report... Program Start
2016-06-17 11:36:03Z on time future report... Program END 

Create log file
2016-06-17 11:41:03Z on time future report... Program Start
2016-06-17 11:41:03Z on time future report... Program END 

Create log file
2016-06-17 11:46:03Z on time future report... Program Start
2016-06-17 11:46:03Z on time future report... Program END 

Create log file
2016-06-17 11:51:03Z on time future report... Program Start
2016-06-17 11:51:03Z on time future report... Program END 

Create log file
2016-06-17 11:56:03Z on time future report... Program Start
2016-06-17 11:56:03Z on time future report... Program END 

Create log file
2016-06-17 12:01:03Z Send 國際股市==>  Program Start
2016-06-17 12:01:03Z Send 國際股市==>  Program END 

Create log file
2016-06-17 12:01:05Z on time future report... Program Start
2016-06-17 12:01:05Z on time future report... Program END 

Create log file
2016-06-17 12:06:04Z on time future report... Program Start
2016-06-17 12:06:04Z on time future report... Program END 

Create log file
2016-06-17 12:11:03Z on time future report... Program Start
2016-06-17 12:11:03Z on time future report... Program END 

Create log file
2016-06-17 12:16:03Z on time future report... Program Start
2016-06-17 12:16:03Z on time future report... Program END 

Create log file
2016-06-17 12:21:06Z on time future report... Program Start
2016-06-17 12:21:06Z on time future report... Program END 

Create log file
2016-06-17 12:26:05Z on time future report... Program Start
2016-06-17 12:26:05Z on time future report... Program END 

Create log file
2016-06-17 12:31:03Z on time future report... Program Start
2016-06-17 12:31:03Z on time future report... Program END 

Create log file
2016-06-17 12:36:05Z on time future report... Program Start
2016-06-17 12:36:05Z on time future report... Program END 

Create log file
2016-06-17 12:41:03Z on time future report... Program Start
2016-06-17 12:41:03Z on time future report... Program END 

Create log file
2016-06-17 12:46:03Z on time future report... Program Start
2016-06-17 12:46:03Z on time future report... Program END 

Create log file
2016-06-17 12:51:03Z on time future report... Program Start
2016-06-17 12:51:03Z on time future report... Program END 

Create log file
2016-06-17 12:56:03Z on time future report... Program Start
2016-06-17 12:56:03Z on time future report... Program END 

Create log file
2016-06-17 13:01:03Z Send 國際股市==>  Program Start
2016-06-17 13:01:03Z Send 國際股市==>  Program END 

Create log file
2016-06-17 13:01:04Z on time future report... Program Start
2016-06-17 13:01:04Z on time future report... Program END 

Create log file
2016-06-17 13:06:03Z on time future report... Program Start
2016-06-17 13:06:03Z on time future report... Program END 

Create log file
2016-06-17 13:11:03Z on time future report... Program Start
2016-06-17 13:11:03Z on time future report... Program END 

Create log file
2016-06-17 13:16:03Z on time future report... Program Start
2016-06-17 13:16:03Z on time future report... Program END 

Create log file
2016-06-17 13:21:03Z on time future report... Program Start
2016-06-17 13:21:03Z on time future report... Program END 

Create log file
2016-06-17 13:26:03Z on time future report... Program Start
2016-06-17 13:26:03Z on time future report... Program END 

Create log file
2016-06-17 13:31:03Z on time future report... Program Start
2016-06-17 13:31:03Z on time future report... Program END 

Create log file
2016-06-17 13:36:03Z on time future report... Program Start
2016-06-17 13:36:03Z on time future report... Program END 

Create log file
2016-06-17 13:41:05Z on time future report... Program Start
2016-06-17 13:41:05Z on time future report... Program END 

Create log file
2016-06-17 13:46:03Z on time future report... Program Start
2016-06-17 13:46:03Z on time future report... Program END 

Create log file
2016-06-17 14:01:02Z Send 國際股市==>  Program Start
2016-06-17 14:01:02Z Send 國際股市==>  Program END 

Create log file
2016-06-17 15:01:03Z Send 國際股市==>  Program Start
2016-06-17 15:01:03Z Send 國際股市==>  Program END 

Create log file
2016-06-17 15:50:20Z option_insert_daily Program Start
2016-06-17 15:50:20Z option_insert_daily Program END 

Create log file
2016-06-17 15:56:28Z Send Option_OIV_daily Program Start
2016-06-17 15:56:28Z Send Option_OIV_daily Program END 

Create log file
2016-06-17 16:01:02Z Send 國際股市==>  Program Start
2016-06-17 16:01:02Z Send 國際股市==>  Program END 

Create log file
2016-06-17 17:01:02Z Send 國際股市==>  Program Start
2016-06-17 17:01:02Z Send 國際股市==>  Program END 

Create log file
2016-06-17 18:01:02Z Send 國際股市==>  Program Start
2016-06-17 18:01:02Z Send 國際股市==>  Program END 

Create log file
2016-06-17 18:01:28Z Send 國際股市==>  Program Start
2016-06-17 18:01:28Z Send 國際股市==>  Program END 

Create log file
2016-06-17 18:01:50Z Send 國際股市==>  Program Start
2016-06-17 18:01:50Z Send 國際股市==>  Program END 

Create log file
2016-06-17 18:02:13Z Send 國際股市==>  Program Start
2016-06-17 18:02:13Z Send 國際股市==>  Program END 

Create log file
2016-06-17 18:02:36Z Send 國際股市==>  Program Start
2016-06-17 18:02:36Z Send 國際股市==>  Program END 

Create log file
2016-06-17 19:01:02Z Send 國際股市==>  Program Start
2016-06-17 19:01:02Z Send 國際股市==>  Program END 

Create log file
2016-06-17 19:01:28Z Send 國際股市==>  Program Start
2016-06-17 19:01:28Z Send 國際股市==>  Program END 

Create log file
2016-06-17 19:01:52Z Send 國際股市==>  Program Start
2016-06-17 19:01:52Z Send 國際股市==>  Program END 

Create log file
2016-06-17 19:02:13Z Send 國際股市==>  Program Start
2016-06-17 19:02:13Z Send 國際股市==>  Program END 

Create log file
2016-06-17 19:02:34Z Send 國際股市==>  Program Start
2016-06-17 19:02:34Z Send 國際股市==>  Program END 

Create log file
2016-06-17 19:02:57Z Send 國際股市==>  Program Start
2016-06-17 19:02:57Z Send 國際股市==>  Program END 

Create log file
2016-06-17 20:01:02Z Send 國際股市==>  Program Start
2016-06-17 20:01:02Z Send 國際股市==>  Program END 

Create log file
2016-06-17 20:10:08Z stock_data_daily_create_file Program Start
2016-06-17 20:10:08Z stock_data_daily_create_file Program END 

Create log file
2016-06-17 20:20:05Z stock_data_insert_daily Program Start
2016-06-17 20:20:05Z stock_data_insert_daily Program END 

Create log file
2016-06-17 20:30:10Z Send 股市氣象台電子報-今日我最夯<==Strong_UP==>  Program Start
2016-06-17 20:30:10Z Send 股市氣象台電子報-今日我最夯<==Strong_UP==>  Program END 

Create log file
2016-06-17 21:01:35Z Send 國際股市==>  Program Start
2016-06-17 21:01:35Z Send 國際股市==>  Program END 

Create log file
2016-06-17 22:01:02Z Send 國際股市==>  Program Start
2016-06-17 22:01:02Z Send 國際股市==>  Program END 

Create log file
2016-06-17 22:01:27Z Send 國際股市==>  Program Start
2016-06-17 22:01:27Z Send 國際股市==>  Program END 

Create log file
2016-06-17 22:01:50Z Send 國際股市==>  Program Start
2016-06-17 22:01:50Z Send 國際股市==>  Program END 

Create log file
2016-06-17 23:01:02Z Send 國際股市==>  Program Start
2016-06-17 23:01:02Z Send 國際股市==>  Program END 

