Create log file
2016-07-21 00:01:01Z Send 國際股市==>  Program Start
2016-07-21 00:01:01Z Send 國際股市==>  Program END 

Create log file
2016-07-21 01:01:02Z Send 國際股市==>  Program Start
2016-07-21 01:01:02Z Send 國際股市==>  Program END 

Create log file
2016-07-21 08:01:07Z Send 國際股市==>  Program Start
2016-07-21 08:01:07Z Send 國際股市==>  Program END 

Create log file
2016-07-21 08:01:33Z Send 國際股市==>  Program Start
2016-07-21 08:01:33Z Send 國際股市==>  Program END 

Create log file
2016-07-21 08:01:55Z Send 國際股市==>  Program Start
2016-07-21 08:01:55Z Send 國際股市==>  Program END 

Create log file
2016-07-21 08:02:18Z Send 國際股市==>  Program Start
2016-07-21 08:02:18Z Send 國際股市==>  Program END 

Create log file
2016-07-21 08:46:05Z on time future report... Program Start
2016-07-21 08:46:05Z on time future report... Program END 

Create log file
2016-07-21 08:51:03Z on time future report... Program Start
2016-07-21 08:51:03Z on time future report... Program END 

Create log file
2016-07-21 08:56:05Z on time future report... Program Start
2016-07-21 08:56:05Z on time future report... Program END 

Create log file
2016-07-21 09:01:04Z Send 國際股市==>  Program Start
2016-07-21 09:01:04Z Send 國際股市==>  Program END 

Create log file
2016-07-21 09:01:06Z on time future report... Program Start
2016-07-21 09:01:06Z on time future report... Program END 

Create log file
2016-07-21 09:11:01Z on time future report... Program Start
2016-07-21 09:11:01Z on time future report... Program END 

Create log file
2016-07-21 09:16:02Z on time future report... Program Start
2016-07-21 09:16:02Z on time future report... Program END 

Create log file
2016-07-21 09:21:01Z on time future report... Program Start
2016-07-21 09:21:01Z on time future report... Program END 

Create log file
2016-07-21 09:26:03Z on time future report... Program Start
2016-07-21 09:26:03Z on time future report... Program END 

Create log file
2016-07-21 09:31:01Z on time future report... Program Start
2016-07-21 09:31:01Z on time future report... Program END 

Create log file
2016-07-21 09:36:01Z on time future report... Program Start
2016-07-21 09:36:01Z on time future report... Program END 

Create log file
2016-07-21 09:41:01Z on time future report... Program Start
2016-07-21 09:41:01Z on time future report... Program END 

Create log file
2016-07-21 09:46:03Z on time future report... Program Start
2016-07-21 09:46:03Z on time future report... Program END 

Create log file
2016-07-21 09:51:04Z on time future report... Program Start
2016-07-21 09:51:04Z on time future report... Program END 

Create log file
2016-07-21 09:56:02Z on time future report... Program Start
2016-07-21 09:56:02Z on time future report... Program END 

Create log file
2016-07-21 10:01:04Z on time future report... Program Start
2016-07-21 10:01:04Z on time future report... Program END 

Create log file
2016-07-21 10:01:05Z Send 國際股市==>  Program Start
2016-07-21 10:01:05Z Send 國際股市==>  Program END 

Create log file
2016-07-21 10:06:01Z on time future report... Program Start
2016-07-21 10:06:01Z on time future report... Program END 

Create log file
2016-07-21 10:11:01Z on time future report... Program Start
2016-07-21 10:11:01Z on time future report... Program END 

Create log file
2016-07-21 10:16:02Z on time future report... Program Start
2016-07-21 10:16:02Z on time future report... Program END 

Create log file
2016-07-21 10:21:01Z on time future report... Program Start
2016-07-21 10:21:01Z on time future report... Program END 

Create log file
2016-07-21 10:26:00Z on time future report... Program Start
2016-07-21 10:26:00Z on time future report... Program END 

Create log file
2016-07-21 10:31:01Z on time future report... Program Start
2016-07-21 10:31:01Z on time future report... Program END 

Create log file
2016-07-21 20:01:21Z Send 國際股市==>  Program Start
2016-07-21 20:01:21Z Send 國際股市==>  Program END 

Create log file
2016-07-21 20:10:15Z stock_data_daily_create_file Program Start
2016-07-21 20:10:15Z stock_data_daily_create_file Program END 

Create log file
2016-07-21 20:20:17Z stock_data_insert_daily Program Start
2016-07-21 20:20:17Z stock_data_insert_daily Program END 

Create log file
2016-07-21 20:30:16Z Send 股市氣象台電子報-今日我最夯<==Strong_UP==>  Program Start
2016-07-21 20:30:16Z Send 股市氣象台電子報-今日我最夯<==Strong_UP==>  Program END 

Create log file
2016-07-21 20:34:38Z Query Stock_id is 3481 Program Start
2016-07-21 20:34:38Z Query Stock_id is 3481 Program END 

Create log file
2016-07-21 20:34:39Z Query Stock_id is 2448 Program Start
2016-07-21 20:34:39Z Query Stock_id is 2448 Program END 

Create log file
2016-07-21 20:34:39Z Query Stock_id is 2002 Program Start
2016-07-21 20:34:39Z Query Stock_id is 2002 Program END 

Create log file
2016-07-21 20:34:39Z Query Stock_id is 2317 Program Start
2016-07-21 20:34:39Z Query Stock_id is 2317 Program END 

Create log file
2016-07-21 20:34:39Z Query Stock_id is 2408 Program Start
2016-07-21 20:34:39Z Query Stock_id is 2408 Program END 

Create log file
2016-07-21 20:34:39Z Query Stock_id is 2324 Program Start
2016-07-21 20:34:39Z Query Stock_id is 2324 Program END 

Create log file
2016-07-21 20:34:39Z Query Stock_id is 1319 Program Start
2016-07-21 20:34:39Z Query Stock_id is 1319 Program END 

Create log file
2016-07-21 20:34:39Z Query Stock_id is 2885 Program Start
2016-07-21 20:34:39Z Query Stock_id is 2885 Program END 

Create log file
2016-07-21 20:34:40Z Query Stock_id is 2823 Program Start
2016-07-21 20:34:40Z Query Stock_id is 2823 Program END 

Create log file
2016-07-21 20:34:40Z Query Stock_id is 2610 Program Start
2016-07-21 20:34:40Z Query Stock_id is 2610 Program END 

Create log file
2016-07-21 20:34:40Z Query Stock_id is 4938 Program Start
2016-07-21 20:34:40Z Query Stock_id is 4938 Program END 

Create log file
2016-07-21 20:34:40Z Query Stock_id is 2382 Program Start
2016-07-21 20:34:40Z Query Stock_id is 2382 Program END 

Create log file
2016-07-21 20:34:40Z Query Stock_id is 2352 Program Start
2016-07-21 20:34:40Z Query Stock_id is 2352 Program END 

Create log file
2016-07-21 20:34:40Z Query Stock_id is 2891 Program Start
2016-07-21 20:34:40Z Query Stock_id is 2891 Program END 

Create log file
2016-07-21 20:34:40Z Query Stock_id is 2888 Program Start
2016-07-21 20:34:40Z Query Stock_id is 2888 Program END 

Create log file
2016-07-21 20:34:41Z Query Stock_id is 2886 Program Start
2016-07-21 20:34:41Z Query Stock_id is 2886 Program END 

Create log file
2016-07-21 20:34:41Z Query Stock_id is 2882 Program Start
2016-07-21 20:34:41Z Query Stock_id is 2882 Program END 

Create log file
2016-07-21 20:34:41Z Query Stock_id is 2890 Program Start
2016-07-21 20:34:41Z Query Stock_id is 2890 Program END 

Create log file
2016-07-21 20:34:41Z Query Stock_id is 1101 Program Start
2016-07-21 20:34:41Z Query Stock_id is 1101 Program END 

Create log file
2016-07-21 20:34:41Z Query Stock_id is 3706 Program Start
2016-07-21 20:34:41Z Query Stock_id is 3706 Program END 

Create log file
2016-07-21 20:34:41Z Query Stock_id is 2356 Program Start
2016-07-21 20:34:41Z Query Stock_id is 2356 Program END 

Create log file
2016-07-21 20:34:42Z Query Stock_id is 1326 Program Start
2016-07-21 20:34:42Z Query Stock_id is 1326 Program END 

Create log file
2016-07-21 20:34:42Z Query Stock_id is 2884 Program Start
2016-07-21 20:34:42Z Query Stock_id is 2884 Program END 

Create log file
2016-07-21 20:34:42Z Query Stock_id is 5880 Program Start
2016-07-21 20:34:42Z Query Stock_id is 5880 Program END 

Create log file
2016-07-21 20:34:42Z Query Stock_id is 2448 Program Start
2016-07-21 20:34:42Z Query Stock_id is 2448 Program END 

Create log file
2016-07-21 20:34:42Z Query Stock_id is 4938 Program Start
2016-07-21 20:34:42Z Query Stock_id is 4938 Program END 

Create log file
2016-07-21 20:34:42Z Query Stock_id is 6505 Program Start
2016-07-21 20:34:42Z Query Stock_id is 6505 Program END 

Create log file
2016-07-21 20:34:43Z Query Stock_id is 2888 Program Start
2016-07-21 20:34:43Z Query Stock_id is 2888 Program END 

Create log file
2016-07-21 20:34:43Z Query Stock_id is 6274 Program Start
2016-07-21 20:34:43Z Query Stock_id is 6274 Program END 

Create log file
2016-07-21 20:34:43Z Query Stock_id is 3706 Program Start
2016-07-21 20:34:43Z Query Stock_id is 3706 Program END 

Create log file
2016-07-21 20:34:43Z Query Stock_id is 1326 Program Start
2016-07-21 20:34:43Z Query Stock_id is 1326 Program END 

Create log file
2016-07-21 20:34:43Z Query Stock_id is 2356 Program Start
2016-07-21 20:34:43Z Query Stock_id is 2356 Program END 

Create log file
2016-07-21 20:34:43Z Query Stock_id is 2409 Program Start
2016-07-21 20:34:43Z Query Stock_id is 2409 Program END 

Create log file
2016-07-21 20:34:43Z Query Stock_id is 2801 Program Start
2016-07-21 20:34:43Z Query Stock_id is 2801 Program END 

Create log file
2016-07-21 20:34:44Z Query Stock_id is 2308 Program Start
2016-07-21 20:34:44Z Query Stock_id is 2308 Program END 

Create log file
2016-07-21 20:34:44Z Query Stock_id is 2886 Program Start
2016-07-21 20:34:44Z Query Stock_id is 2886 Program END 

Create log file
2016-07-21 20:34:44Z Query Stock_id is 2892 Program Start
2016-07-21 20:34:44Z Query Stock_id is 2892 Program END 

Create log file
2016-07-21 20:34:44Z Query Stock_id is 2880 Program Start
2016-07-21 20:34:44Z Query Stock_id is 2880 Program END 

Create log file
2016-07-21 20:34:44Z Query Stock_id is 5880 Program Start
2016-07-21 20:34:44Z Query Stock_id is 5880 Program END 

Create log file
2016-07-21 20:34:44Z Query Stock_id is 1101 Program Start
2016-07-21 20:34:44Z Query Stock_id is 1101 Program END 

Create log file
2016-07-21 20:34:45Z Query Stock_id is 2330 Program Start
2016-07-21 20:34:45Z Query Stock_id is 2330 Program END 

Create log file
2016-07-21 20:34:45Z Query Stock_id is 2377 Program Start
2016-07-21 20:34:45Z Query Stock_id is 2377 Program END 

Create log file
2016-07-21 20:34:45Z Query Stock_id is 2324 Program Start
2016-07-21 20:34:45Z Query Stock_id is 2324 Program END 

Create log file
2016-07-21 20:34:45Z Query Stock_id is 2891 Program Start
2016-07-21 20:34:45Z Query Stock_id is 2891 Program END 

Create log file
2016-07-21 20:34:45Z Query Stock_id is 2885 Program Start
2016-07-21 20:34:45Z Query Stock_id is 2885 Program END 

Create log file
2016-07-21 20:34:45Z Query Stock_id is 2823 Program Start
2016-07-21 20:34:45Z Query Stock_id is 2823 Program END 

Create log file
2016-07-21 20:34:45Z Query Stock_id is 3481 Program Start
2016-07-21 20:34:45Z Query Stock_id is 3481 Program END 

Create log file
2016-07-21 20:54:08Z Query Stock_id is 3481 Program Start
2016-07-21 20:54:08Z Query Stock_id is 3481 Program END 

Create log file
2016-07-21 20:54:09Z Query Stock_id is 2448 Program Start
2016-07-21 20:54:09Z Query Stock_id is 2448 Program END 

Create log file
2016-07-21 20:54:09Z Query Stock_id is 2002 Program Start
2016-07-21 20:54:09Z Query Stock_id is 2002 Program END 

Create log file
2016-07-21 20:54:09Z Query Stock_id is 2317 Program Start
2016-07-21 20:54:09Z Query Stock_id is 2317 Program END 

Create log file
2016-07-21 20:54:09Z Query Stock_id is 2408 Program Start
2016-07-21 20:54:09Z Query Stock_id is 2408 Program END 

Create log file
2016-07-21 20:54:09Z Query Stock_id is 2324 Program Start
2016-07-21 20:54:09Z Query Stock_id is 2324 Program END 

Create log file
2016-07-21 20:54:09Z Query Stock_id is 1319 Program Start
2016-07-21 20:54:09Z Query Stock_id is 1319 Program END 

Create log file
2016-07-21 20:54:10Z Query Stock_id is 2885 Program Start
2016-07-21 20:54:10Z Query Stock_id is 2885 Program END 

Create log file
2016-07-21 20:54:10Z Query Stock_id is 2823 Program Start
2016-07-21 20:54:10Z Query Stock_id is 2823 Program END 

Create log file
2016-07-21 20:54:10Z Query Stock_id is 2610 Program Start
2016-07-21 20:54:10Z Query Stock_id is 2610 Program END 

Create log file
2016-07-21 20:54:10Z Query Stock_id is 4938 Program Start
2016-07-21 20:54:10Z Query Stock_id is 4938 Program END 

Create log file
2016-07-21 20:54:10Z Query Stock_id is 2382 Program Start
2016-07-21 20:54:10Z Query Stock_id is 2382 Program END 

Create log file
2016-07-21 20:54:10Z Query Stock_id is 2352 Program Start
2016-07-21 20:54:10Z Query Stock_id is 2352 Program END 

Create log file
2016-07-21 20:54:10Z Query Stock_id is 2891 Program Start
2016-07-21 20:54:10Z Query Stock_id is 2891 Program END 

Create log file
2016-07-21 20:54:11Z Query Stock_id is 2888 Program Start
2016-07-21 20:54:11Z Query Stock_id is 2888 Program END 

Create log file
2016-07-21 20:54:11Z Query Stock_id is 2886 Program Start
2016-07-21 20:54:11Z Query Stock_id is 2886 Program END 

Create log file
2016-07-21 20:54:11Z Query Stock_id is 2882 Program Start
2016-07-21 20:54:11Z Query Stock_id is 2882 Program END 

Create log file
2016-07-21 20:54:11Z Query Stock_id is 2890 Program Start
2016-07-21 20:54:11Z Query Stock_id is 2890 Program END 

Create log file
2016-07-21 20:54:11Z Query Stock_id is 1101 Program Start
2016-07-21 20:54:11Z Query Stock_id is 1101 Program END 

Create log file
2016-07-21 20:54:11Z Query Stock_id is 3706 Program Start
2016-07-21 20:54:11Z Query Stock_id is 3706 Program END 

Create log file
2016-07-21 20:54:11Z Query Stock_id is 2356 Program Start
2016-07-21 20:54:11Z Query Stock_id is 2356 Program END 

Create log file
2016-07-21 20:54:12Z Query Stock_id is 1326 Program Start
2016-07-21 20:54:12Z Query Stock_id is 1326 Program END 

Create log file
2016-07-21 20:54:12Z Query Stock_id is 2884 Program Start
2016-07-21 20:54:12Z Query Stock_id is 2884 Program END 

Create log file
2016-07-21 20:54:12Z Query Stock_id is 5880 Program Start
2016-07-21 20:54:12Z Query Stock_id is 5880 Program END 

Create log file
2016-07-21 20:54:12Z Query Stock_id is 2448 Program Start
2016-07-21 20:54:12Z Query Stock_id is 2448 Program END 

Create log file
2016-07-21 20:54:12Z Query Stock_id is 4938 Program Start
2016-07-21 20:54:12Z Query Stock_id is 4938 Program END 

Create log file
2016-07-21 20:54:12Z Query Stock_id is 6505 Program Start
2016-07-21 20:54:12Z Query Stock_id is 6505 Program END 

Create log file
2016-07-21 20:54:12Z Query Stock_id is 2888 Program Start
2016-07-21 20:54:12Z Query Stock_id is 2888 Program END 

Create log file
2016-07-21 20:54:13Z Query Stock_id is 6274 Program Start
2016-07-21 20:54:13Z Query Stock_id is 6274 Program END 

Create log file
2016-07-21 20:54:13Z Query Stock_id is 3706 Program Start
2016-07-21 20:54:13Z Query Stock_id is 3706 Program END 

Create log file
2016-07-21 20:54:13Z Query Stock_id is 1326 Program Start
2016-07-21 20:54:13Z Query Stock_id is 1326 Program END 

Create log file
2016-07-21 20:54:13Z Query Stock_id is 2356 Program Start
2016-07-21 20:54:13Z Query Stock_id is 2356 Program END 

Create log file
2016-07-21 20:54:13Z Query Stock_id is 2409 Program Start
2016-07-21 20:54:13Z Query Stock_id is 2409 Program END 

Create log file
2016-07-21 20:54:13Z Query Stock_id is 2801 Program Start
2016-07-21 20:54:13Z Query Stock_id is 2801 Program END 

Create log file
2016-07-21 20:54:14Z Query Stock_id is 2308 Program Start
2016-07-21 20:54:14Z Query Stock_id is 2308 Program END 

Create log file
2016-07-21 20:54:14Z Query Stock_id is 2886 Program Start
2016-07-21 20:54:14Z Query Stock_id is 2886 Program END 

Create log file
2016-07-21 20:54:14Z Query Stock_id is 2892 Program Start
2016-07-21 20:54:14Z Query Stock_id is 2892 Program END 

Create log file
2016-07-21 20:54:14Z Query Stock_id is 2880 Program Start
2016-07-21 20:54:14Z Query Stock_id is 2880 Program END 

Create log file
2016-07-21 20:54:14Z Query Stock_id is 5880 Program Start
2016-07-21 20:54:14Z Query Stock_id is 5880 Program END 

Create log file
2016-07-21 20:54:14Z Query Stock_id is 1101 Program Start
2016-07-21 20:54:14Z Query Stock_id is 1101 Program END 

Create log file
2016-07-21 20:54:14Z Query Stock_id is 2330 Program Start
2016-07-21 20:54:14Z Query Stock_id is 2330 Program END 

Create log file
2016-07-21 20:54:15Z Query Stock_id is 2377 Program Start
2016-07-21 20:54:15Z Query Stock_id is 2377 Program END 

Create log file
2016-07-21 20:54:15Z Query Stock_id is 2324 Program Start
2016-07-21 20:54:15Z Query Stock_id is 2324 Program END 

Create log file
2016-07-21 20:54:15Z Query Stock_id is 2891 Program Start
2016-07-21 20:54:15Z Query Stock_id is 2891 Program END 

Create log file
2016-07-21 20:54:15Z Query Stock_id is 2885 Program Start
2016-07-21 20:54:15Z Query Stock_id is 2885 Program END 

Create log file
2016-07-21 20:54:15Z Query Stock_id is 2823 Program Start
2016-07-21 20:54:15Z Query Stock_id is 2823 Program END 

Create log file
2016-07-21 20:54:15Z Query Stock_id is 3481 Program Start
2016-07-21 20:54:15Z Query Stock_id is 3481 Program END 

Create log file
2016-07-21 21:01:01Z Send 國際股市==>  Program Start
2016-07-21 21:01:01Z Send 國際股市==>  Program END 

Create log file
2016-07-21 21:24:39Z Query Stock_id is 3481 Program Start
2016-07-21 21:24:39Z Query Stock_id is 3481 Program END 

Create log file
2016-07-21 21:24:39Z Query Stock_id is 2448 Program Start
2016-07-21 21:24:39Z Query Stock_id is 2448 Program END 

Create log file
2016-07-21 21:24:39Z Query Stock_id is 2002 Program Start
2016-07-21 21:24:39Z Query Stock_id is 2002 Program END 

Create log file
2016-07-21 21:24:39Z Query Stock_id is 2317 Program Start
2016-07-21 21:24:39Z Query Stock_id is 2317 Program END 

Create log file
2016-07-21 21:24:40Z Query Stock_id is 2408 Program Start
2016-07-21 21:24:40Z Query Stock_id is 2408 Program END 

Create log file
2016-07-21 21:24:40Z Query Stock_id is 2324 Program Start
2016-07-21 21:24:40Z Query Stock_id is 2324 Program END 

Create log file
2016-07-21 21:24:40Z Query Stock_id is 1319 Program Start
2016-07-21 21:24:40Z Query Stock_id is 1319 Program END 

Create log file
2016-07-21 21:24:40Z Query Stock_id is 2885 Program Start
2016-07-21 21:24:40Z Query Stock_id is 2885 Program END 

Create log file
2016-07-21 21:24:40Z Query Stock_id is 2823 Program Start
2016-07-21 21:24:40Z Query Stock_id is 2823 Program END 

Create log file
2016-07-21 21:24:41Z Query Stock_id is 2610 Program Start
2016-07-21 21:24:41Z Query Stock_id is 2610 Program END 

Create log file
2016-07-21 21:24:41Z Query Stock_id is 4938 Program Start
2016-07-21 21:24:41Z Query Stock_id is 4938 Program END 

Create log file
2016-07-21 21:24:41Z Query Stock_id is 2382 Program Start
2016-07-21 21:24:41Z Query Stock_id is 2382 Program END 

Create log file
2016-07-21 21:24:41Z Query Stock_id is 2352 Program Start
2016-07-21 21:24:41Z Query Stock_id is 2352 Program END 

Create log file
2016-07-21 21:24:41Z Query Stock_id is 2891 Program Start
2016-07-21 21:24:41Z Query Stock_id is 2891 Program END 

Create log file
2016-07-21 21:24:42Z Query Stock_id is 2888 Program Start
2016-07-21 21:24:42Z Query Stock_id is 2888 Program END 

Create log file
2016-07-21 21:24:42Z Query Stock_id is 2886 Program Start
2016-07-21 21:24:42Z Query Stock_id is 2886 Program END 

Create log file
2016-07-21 21:24:42Z Query Stock_id is 2882 Program Start
2016-07-21 21:24:42Z Query Stock_id is 2882 Program END 

Create log file
2016-07-21 21:24:42Z Query Stock_id is 2890 Program Start
2016-07-21 21:24:42Z Query Stock_id is 2890 Program END 

Create log file
2016-07-21 21:24:42Z Query Stock_id is 1101 Program Start
2016-07-21 21:24:42Z Query Stock_id is 1101 Program END 

Create log file
2016-07-21 21:24:42Z Query Stock_id is 3706 Program Start
2016-07-21 21:24:42Z Query Stock_id is 3706 Program END 

Create log file
2016-07-21 21:24:43Z Query Stock_id is 2356 Program Start
2016-07-21 21:24:43Z Query Stock_id is 2356 Program END 

Create log file
2016-07-21 21:24:43Z Query Stock_id is 1326 Program Start
2016-07-21 21:24:43Z Query Stock_id is 1326 Program END 

Create log file
2016-07-21 21:24:43Z Query Stock_id is 2884 Program Start
2016-07-21 21:24:43Z Query Stock_id is 2884 Program END 

Create log file
2016-07-21 21:24:43Z Query Stock_id is 5880 Program Start
2016-07-21 21:24:43Z Query Stock_id is 5880 Program END 

Create log file
2016-07-21 21:24:43Z Query Stock_id is 2448 Program Start
2016-07-21 21:24:43Z Query Stock_id is 2448 Program END 

Create log file
2016-07-21 21:24:44Z Query Stock_id is 4938 Program Start
2016-07-21 21:24:44Z Query Stock_id is 4938 Program END 

Create log file
2016-07-21 21:24:44Z Query Stock_id is 6505 Program Start
2016-07-21 21:24:44Z Query Stock_id is 6505 Program END 

Create log file
2016-07-21 21:24:44Z Query Stock_id is 2888 Program Start
2016-07-21 21:24:44Z Query Stock_id is 2888 Program END 

Create log file
2016-07-21 21:24:44Z Query Stock_id is 6274 Program Start
2016-07-21 21:24:44Z Query Stock_id is 6274 Program END 

Create log file
2016-07-21 21:24:44Z Query Stock_id is 3706 Program Start
2016-07-21 21:24:44Z Query Stock_id is 3706 Program END 

Create log file
2016-07-21 21:24:44Z Query Stock_id is 1326 Program Start
2016-07-21 21:24:44Z Query Stock_id is 1326 Program END 

Create log file
2016-07-21 21:24:45Z Query Stock_id is 2356 Program Start
2016-07-21 21:24:45Z Query Stock_id is 2356 Program END 

Create log file
2016-07-21 21:24:45Z Query Stock_id is 2409 Program Start
2016-07-21 21:24:45Z Query Stock_id is 2409 Program END 

Create log file
2016-07-21 21:24:45Z Query Stock_id is 2801 Program Start
2016-07-21 21:24:45Z Query Stock_id is 2801 Program END 

Create log file
2016-07-21 21:24:45Z Query Stock_id is 2308 Program Start
2016-07-21 21:24:45Z Query Stock_id is 2308 Program END 

Create log file
2016-07-21 21:24:45Z Query Stock_id is 2886 Program Start
2016-07-21 21:24:45Z Query Stock_id is 2886 Program END 

Create log file
2016-07-21 21:24:46Z Query Stock_id is 2892 Program Start
2016-07-21 21:24:46Z Query Stock_id is 2892 Program END 

Create log file
2016-07-21 21:24:46Z Query Stock_id is 2880 Program Start
2016-07-21 21:24:46Z Query Stock_id is 2880 Program END 

Create log file
2016-07-21 21:24:46Z Query Stock_id is 5880 Program Start
2016-07-21 21:24:46Z Query Stock_id is 5880 Program END 

Create log file
2016-07-21 21:24:46Z Query Stock_id is 1101 Program Start
2016-07-21 21:24:46Z Query Stock_id is 1101 Program END 

Create log file
2016-07-21 21:24:47Z Query Stock_id is 2330 Program Start
2016-07-21 21:24:47Z Query Stock_id is 2330 Program END 

Create log file
2016-07-21 21:24:47Z Query Stock_id is 2377 Program Start
2016-07-21 21:24:47Z Query Stock_id is 2377 Program END 

Create log file
2016-07-21 21:24:47Z Query Stock_id is 2324 Program Start
2016-07-21 21:24:47Z Query Stock_id is 2324 Program END 

Create log file
2016-07-21 21:24:47Z Query Stock_id is 2891 Program Start
2016-07-21 21:24:47Z Query Stock_id is 2891 Program END 

Create log file
2016-07-21 21:24:47Z Query Stock_id is 2885 Program Start
2016-07-21 21:24:47Z Query Stock_id is 2885 Program END 

Create log file
2016-07-21 21:24:48Z Query Stock_id is 2823 Program Start
2016-07-21 21:24:48Z Query Stock_id is 2823 Program END 

Create log file
2016-07-21 21:24:48Z Query Stock_id is 3481 Program Start
2016-07-21 21:24:48Z Query Stock_id is 3481 Program END 

Create log file
2016-07-21 22:01:03Z Send 國際股市==>  Program Start
2016-07-21 22:01:03Z Send 國際股市==>  Program END 

Create log file
2016-07-21 22:01:30Z Send 國際股市==>  Program Start
2016-07-21 22:01:30Z Send 國際股市==>  Program END 

Create log file
2016-07-21 22:01:53Z Send 國際股市==>  Program Start
2016-07-21 22:01:53Z Send 國際股市==>  Program END 

Create log file
2016-07-21 23:01:01Z Send 國際股市==>  Program Start
2016-07-21 23:01:01Z Send 國際股市==>  Program END 

