Create log file
2016-06-24 00:01:01Z Send 國際股市==>  Program Start
2016-06-24 00:01:01Z Send 國際股市==>  Program END 

Create log file
2016-06-24 01:01:01Z Send 國際股市==>  Program Start
2016-06-24 01:01:01Z Send 國際股市==>  Program END 

Create log file
2016-06-24 08:01:01Z Send 國際股市==>  Program Start
2016-06-24 08:01:01Z Send 國際股市==>  Program END 

Create log file
2016-06-24 08:01:28Z Send 國際股市==>  Program Start
2016-06-24 08:01:28Z Send 國際股市==>  Program END 

Create log file
2016-06-24 08:01:50Z Send 國際股市==>  Program Start
2016-06-24 08:01:50Z Send 國際股市==>  Program END 

Create log file
2016-06-24 08:02:14Z Send 國際股市==>  Program Start
2016-06-24 08:02:14Z Send 國際股市==>  Program END 

Create log file
2016-06-24 08:46:02Z on time future report... Program Start
2016-06-24 08:46:02Z on time future report... Program END 

Create log file
2016-06-24 08:51:00Z on time future report... Program Start
2016-06-24 08:51:00Z on time future report... Program END 

Create log file
2016-06-24 08:56:00Z on time future report... Program Start
2016-06-24 08:56:00Z on time future report... Program END 

Create log file
2016-06-24 09:01:02Z on time future report... Program Start
2016-06-24 09:01:02Z on time future report... Program END 

Create log file
2016-06-24 09:01:02Z Send 國際股市==>  Program Start
2016-06-24 09:01:02Z Send 國際股市==>  Program END 

Create log file
2016-06-24 09:06:01Z on time future report... Program Start
2016-06-24 09:06:01Z on time future report... Program END 

Create log file
2016-06-24 09:16:02Z on time future report... Program Start
2016-06-24 09:16:02Z on time future report... Program END 

Create log file
2016-06-24 09:26:00Z on time future report... Program Start
2016-06-24 09:26:00Z on time future report... Program END 

Create log file
2016-06-24 09:31:03Z on time future report... Program Start
2016-06-24 09:31:03Z on time future report... Program END 

Create log file
2016-06-24 09:36:01Z on time future report... Program Start
2016-06-24 09:36:01Z on time future report... Program END 

Create log file
2016-06-24 09:41:00Z on time future report... Program Start
2016-06-24 09:41:00Z on time future report... Program END 

Create log file
2016-06-24 09:46:01Z on time future report... Program Start
2016-06-24 09:46:01Z on time future report... Program END 

Create log file
2016-06-24 09:51:01Z on time future report... Program Start
2016-06-24 09:51:01Z on time future report... Program END 

Create log file
2016-06-24 09:56:00Z on time future report... Program Start
2016-06-24 09:56:00Z on time future report... Program END 

Create log file
2016-06-24 10:01:02Z on time future report... Program Start
2016-06-24 10:01:02Z on time future report... Program END 

Create log file
2016-06-24 10:01:02Z Send 國際股市==>  Program Start
2016-06-24 10:01:02Z Send 國際股市==>  Program END 

Create log file
2016-06-24 10:06:01Z on time future report... Program Start
2016-06-24 10:06:01Z on time future report... Program END 

Create log file
2016-06-24 10:11:01Z on time future report... Program Start
2016-06-24 10:11:01Z on time future report... Program END 

Create log file
2016-06-24 10:16:01Z on time future report... Program Start
2016-06-24 10:16:01Z on time future report... Program END 

Create log file
2016-06-24 10:21:00Z on time future report... Program Start
2016-06-24 10:21:00Z on time future report... Program END 

Create log file
2016-06-24 10:26:00Z on time future report... Program Start
2016-06-24 10:26:00Z on time future report... Program END 

Create log file
2016-06-24 10:31:00Z on time future report... Program Start
2016-06-24 10:31:00Z on time future report... Program END 

Create log file
2016-06-24 10:36:00Z on time future report... Program Start
2016-06-24 10:36:00Z on time future report... Program END 

Create log file
2016-06-24 10:41:01Z on time future report... Program Start
2016-06-24 10:41:01Z on time future report... Program END 

Create log file
2016-06-24 10:46:04Z on time future report... Program Start
2016-06-24 10:46:04Z on time future report... Program END 

Create log file
2016-06-24 10:51:00Z on time future report... Program Start
2016-06-24 10:51:00Z on time future report... Program END 

Create log file
2016-06-24 10:56:03Z on time future report... Program Start
2016-06-24 10:56:03Z on time future report... Program END 

Create log file
2016-06-24 11:01:02Z Send 國際股市==>  Program Start
2016-06-24 11:01:02Z Send 國際股市==>  Program END 

Create log file
2016-06-24 11:01:05Z on time future report... Program Start
2016-06-24 11:01:05Z on time future report... Program END 

Create log file
2016-06-24 11:06:01Z on time future report... Program Start
2016-06-24 11:06:01Z on time future report... Program END 

Create log file
2016-06-24 11:11:00Z on time future report... Program Start
2016-06-24 11:11:00Z on time future report... Program END 

Create log file
2016-06-24 11:16:03Z on time future report... Program Start
2016-06-24 11:16:03Z on time future report... Program END 

Create log file
2016-06-24 11:21:01Z on time future report... Program Start
2016-06-24 11:21:01Z on time future report... Program END 

Create log file
2016-06-24 11:26:01Z on time future report... Program Start
2016-06-24 11:26:01Z on time future report... Program END 

Create log file
2016-06-24 11:31:01Z on time future report... Program Start
2016-06-24 11:31:01Z on time future report... Program END 

Create log file
2016-06-24 11:36:00Z on time future report... Program Start
2016-06-24 11:36:00Z on time future report... Program END 

Create log file
2016-06-24 11:41:00Z on time future report... Program Start
2016-06-24 11:41:00Z on time future report... Program END 

Create log file
2016-06-24 11:46:02Z on time future report... Program Start
2016-06-24 11:46:02Z on time future report... Program END 

Create log file
2016-06-24 11:47:08Z Query Stock_id is 2317 Program Start
2016-06-24 11:47:08Z Query Stock_id is 2317 Program END 

Create log file
2016-06-24 11:47:08Z Query Stock_id is 6271 Program Start
2016-06-24 11:47:08Z Query Stock_id is 6271 Program END 

Create log file
2016-06-24 11:47:09Z Query Stock_id is 1210 Program Start
2016-06-24 11:47:09Z Query Stock_id is 1210 Program END 

Create log file
2016-06-24 11:47:09Z Query Stock_id is 2352 Program Start
2016-06-24 11:47:09Z Query Stock_id is 2352 Program END 

Create log file
2016-06-24 11:47:09Z Query Stock_id is 1216 Program Start
2016-06-24 11:47:09Z Query Stock_id is 1216 Program END 

Create log file
2016-06-24 11:47:09Z Query Stock_id is 2892 Program Start
2016-06-24 11:47:09Z Query Stock_id is 2892 Program END 

Create log file
2016-06-24 11:47:10Z Query Stock_id is 2887 Program Start
2016-06-24 11:47:10Z Query Stock_id is 2887 Program END 

Create log file
2016-06-24 11:47:10Z Query Stock_id is 2881 Program Start
2016-06-24 11:47:10Z Query Stock_id is 2881 Program END 

Create log file
2016-06-24 11:47:11Z Query Stock_id is 2883 Program Start
2016-06-24 11:47:11Z Query Stock_id is 2883 Program END 

Create log file
2016-06-24 11:47:11Z Query Stock_id is 2312 Program Start
2016-06-24 11:47:11Z Query Stock_id is 2312 Program END 

Create log file
2016-06-24 11:47:11Z Query Stock_id is 2330 Program Start
2016-06-24 11:47:11Z Query Stock_id is 2330 Program END 

Create log file
2016-06-24 11:51:01Z on time future report... Program Start
2016-06-24 11:51:01Z on time future report... Program END 

Create log file
2016-06-24 11:56:00Z on time future report... Program Start
2016-06-24 11:56:00Z on time future report... Program END 

Create log file
2016-06-24 12:01:02Z on time future report... Program Start
2016-06-24 12:01:02Z on time future report... Program END 

Create log file
2016-06-24 12:01:02Z Send 國際股市==>  Program Start
2016-06-24 12:01:02Z Send 國際股市==>  Program END 

Create log file
2016-06-24 12:06:01Z on time future report... Program Start
2016-06-24 12:06:01Z on time future report... Program END 

Create log file
2016-06-24 12:11:01Z on time future report... Program Start
2016-06-24 12:11:01Z on time future report... Program END 

Create log file
2016-06-24 12:16:02Z on time future report... Program Start
2016-06-24 12:16:02Z on time future report... Program END 

Create log file
2016-06-24 12:21:02Z on time future report... Program Start
2016-06-24 12:21:02Z on time future report... Program END 

Create log file
2016-06-24 12:26:01Z on time future report... Program Start
2016-06-24 12:26:01Z on time future report... Program END 

Create log file
2016-06-24 12:31:01Z on time future report... Program Start
2016-06-24 12:31:01Z on time future report... Program END 

Create log file
2016-06-24 12:36:01Z on time future report... Program Start
2016-06-24 12:36:01Z on time future report... Program END 

Create log file
2016-06-24 12:41:01Z on time future report... Program Start
2016-06-24 12:41:01Z on time future report... Program END 

Create log file
2016-06-24 12:46:03Z on time future report... Program Start
2016-06-24 12:46:03Z on time future report... Program END 

Create log file
2016-06-24 12:51:04Z on time future report... Program Start
2016-06-24 12:51:04Z on time future report... Program END 

Create log file
2016-06-24 12:56:00Z on time future report... Program Start
2016-06-24 12:56:00Z on time future report... Program END 

Create log file
2016-06-24 13:01:02Z Send 國際股市==>  Program Start
2016-06-24 13:01:02Z Send 國際股市==>  Program END 

Create log file
2016-06-24 13:01:02Z on time future report... Program Start
2016-06-24 13:01:02Z on time future report... Program END 

Create log file
2016-06-24 13:06:02Z on time future report... Program Start
2016-06-24 13:06:02Z on time future report... Program END 

Create log file
2016-06-24 13:11:04Z on time future report... Program Start
2016-06-24 13:11:04Z on time future report... Program END 

Create log file
2016-06-24 13:16:04Z on time future report... Program Start
2016-06-24 13:16:04Z on time future report... Program END 

Create log file
2016-06-24 13:26:01Z on time future report... Program Start
2016-06-24 13:26:01Z on time future report... Program END 

Create log file
2016-06-24 13:31:01Z on time future report... Program Start
2016-06-24 13:31:01Z on time future report... Program END 

Create log file
2016-06-24 13:36:01Z on time future report... Program Start
2016-06-24 13:36:01Z on time future report... Program END 

Create log file
2016-06-24 13:41:03Z on time future report... Program Start
2016-06-24 13:41:03Z on time future report... Program END 

Create log file
2016-06-24 13:46:03Z on time future report... Program Start
2016-06-24 13:46:03Z on time future report... Program END 

Create log file
2016-06-24 14:01:01Z Send 國際股市==>  Program Start
2016-06-24 14:01:01Z Send 國際股市==>  Program END 

Create log file
2016-06-24 15:01:01Z Send 國際股市==>  Program Start
2016-06-24 15:01:01Z Send 國際股市==>  Program END 

Create log file
2016-06-24 16:01:01Z Send 國際股市==>  Program Start
2016-06-24 16:01:01Z Send 國際股市==>  Program END 

Create log file
2016-06-24 17:01:01Z Send 國際股市==>  Program Start
2016-06-24 17:01:01Z Send 國際股市==>  Program END 

Create log file
2016-06-24 18:01:01Z Send 國際股市==>  Program Start
2016-06-24 18:01:01Z Send 國際股市==>  Program END 

Create log file
2016-06-24 18:01:28Z Send 國際股市==>  Program Start
2016-06-24 18:01:28Z Send 國際股市==>  Program END 

Create log file
2016-06-24 18:01:50Z Send 國際股市==>  Program Start
2016-06-24 18:01:50Z Send 國際股市==>  Program END 

Create log file
2016-06-24 18:02:12Z Send 國際股市==>  Program Start
2016-06-24 18:02:12Z Send 國際股市==>  Program END 

Create log file
2016-06-24 18:02:35Z Send 國際股市==>  Program Start
2016-06-24 18:02:35Z Send 國際股市==>  Program END 

Create log file
2016-06-24 19:01:01Z Send 國際股市==>  Program Start
2016-06-24 19:01:01Z Send 國際股市==>  Program END 

Create log file
2016-06-24 19:01:27Z Send 國際股市==>  Program Start
2016-06-24 19:01:27Z Send 國際股市==>  Program END 

Create log file
2016-06-24 19:01:48Z Send 國際股市==>  Program Start
2016-06-24 19:01:48Z Send 國際股市==>  Program END 

Create log file
2016-06-24 19:02:09Z Send 國際股市==>  Program Start
2016-06-24 19:02:09Z Send 國際股市==>  Program END 

Create log file
2016-06-24 19:02:30Z Send 國際股市==>  Program Start
2016-06-24 19:02:30Z Send 國際股市==>  Program END 

Create log file
2016-06-24 19:02:53Z Send 國際股市==>  Program Start
2016-06-24 19:02:53Z Send 國際股市==>  Program END 

Create log file
2016-06-24 20:01:01Z Send 國際股市==>  Program Start
2016-06-24 20:01:01Z Send 國際股市==>  Program END 

Create log file
2016-06-24 20:10:02Z stock_data_daily_create_file Program Start
2016-06-24 20:10:02Z stock_data_daily_create_file Program END 

Create log file
2016-06-24 20:20:01Z stock_data_insert_daily Program Start
2016-06-24 20:20:01Z stock_data_insert_daily Program END 

Create log file
2016-06-24 20:30:08Z Send 股市氣象台電子報-今日我最夯<==Strong_UP==>  Program Start
2016-06-24 20:30:08Z Send 股市氣象台電子報-今日我最夯<==Strong_UP==>  Program END 

