Create log file
2016-02-17 00:01:03Z Send 國際股市==>  Program Start
2016-02-17 00:01:03Z Send 國際股市==>  Program END 

Create log file
2016-02-17 01:01:02Z Send 國際股市==>  Program Start
2016-02-17 01:01:02Z Send 國際股市==>  Program END 

Create log file
2016-02-17 08:01:03Z Send 國際股市==>  Program Start
2016-02-17 08:01:03Z Send 國際股市==>  Program END 

Create log file
2016-02-17 08:01:28Z Send 國際股市==>  Program Start
2016-02-17 08:01:28Z Send 國際股市==>  Program END 

Create log file
2016-02-17 08:01:50Z Send 國際股市==>  Program Start
2016-02-17 08:01:50Z Send 國際股市==>  Program END 

Create log file
2016-02-17 08:46:03Z on time future report... Program Start
2016-02-17 08:46:03Z on time future report... Program END 

Create log file
2016-02-17 08:51:03Z on time future report... Program Start
2016-02-17 08:51:03Z on time future report... Program END 

Create log file
2016-02-17 08:56:04Z on time future report... Program Start
2016-02-17 08:56:04Z on time future report... Program END 

Create log file
2016-02-17 09:01:03Z Send 國際股市==>  Program Start
2016-02-17 09:01:03Z Send 國際股市==>  Program END 

Create log file
2016-02-17 09:01:05Z on time future report... Program Start
2016-02-17 09:01:05Z on time future report... Program END 

Create log file
2016-02-17 09:06:03Z on time future report... Program Start
2016-02-17 09:06:03Z on time future report... Program END 

Create log file
2016-02-17 09:16:01Z on time future report... Program Start
2016-02-17 09:16:01Z on time future report... Program END 

Create log file
2016-02-17 09:21:03Z on time future report... Program Start
2016-02-17 09:21:03Z on time future report... Program END 

Create log file
2016-02-17 09:26:04Z on time future report... Program Start
2016-02-17 09:26:04Z on time future report... Program END 

Create log file
2016-02-17 09:31:01Z on time future report... Program Start
2016-02-17 09:31:01Z on time future report... Program END 

Create log file
2016-02-17 09:36:02Z on time future report... Program Start
2016-02-17 09:36:02Z on time future report... Program END 

Create log file
2016-02-17 09:41:01Z on time future report... Program Start
2016-02-17 09:41:01Z on time future report... Program END 

Create log file
2016-02-17 09:46:02Z on time future report... Program Start
2016-02-17 09:46:02Z on time future report... Program END 

Create log file
2016-02-17 09:51:01Z on time future report... Program Start
2016-02-17 09:51:01Z on time future report... Program END 

Create log file
2016-02-17 09:56:01Z on time future report... Program Start
2016-02-17 09:56:01Z on time future report... Program END 

Create log file
2016-02-17 10:01:01Z Send 國際股市==>  Program Start
2016-02-17 10:01:01Z Send 國際股市==>  Program END 

Create log file
2016-02-17 10:01:28Z on time future report... Program Start
2016-02-17 10:01:28Z on time future report... Program END 

Create log file
2016-02-17 10:06:01Z on time future report... Program Start
2016-02-17 10:06:01Z on time future report... Program END 

Create log file
2016-02-17 10:11:01Z on time future report... Program Start
2016-02-17 10:11:01Z on time future report... Program END 

Create log file
2016-02-17 10:16:01Z on time future report... Program Start
2016-02-17 10:16:01Z on time future report... Program END 

Create log file
2016-02-17 10:21:01Z on time future report... Program Start
2016-02-17 10:21:01Z on time future report... Program END 

Create log file
2016-02-17 10:26:01Z on time future report... Program Start
2016-02-17 10:26:01Z on time future report... Program END 

Create log file
2016-02-17 10:31:01Z on time future report... Program Start
2016-02-17 10:31:01Z on time future report... Program END 

Create log file
2016-02-17 10:36:01Z on time future report... Program Start
2016-02-17 10:36:01Z on time future report... Program END 

Create log file
2016-02-17 10:41:01Z on time future report... Program Start
2016-02-17 10:41:01Z on time future report... Program END 

Create log file
2016-02-17 10:46:01Z on time future report... Program Start
2016-02-17 10:46:01Z on time future report... Program END 

Create log file
2016-02-17 10:51:01Z on time future report... Program Start
2016-02-17 10:51:01Z on time future report... Program END 

Create log file
2016-02-17 10:56:01Z on time future report... Program Start
2016-02-17 10:56:01Z on time future report... Program END 

Create log file
2016-02-17 11:01:01Z on time future report... Program Start
2016-02-17 11:01:01Z on time future report... Program END 

Create log file
2016-02-17 11:01:02Z Send 國際股市==>  Program Start
2016-02-17 11:01:02Z Send 國際股市==>  Program END 

Create log file
2016-02-17 11:06:01Z on time future report... Program Start
2016-02-17 11:06:01Z on time future report... Program END 

Create log file
2016-02-17 11:11:01Z on time future report... Program Start
2016-02-17 11:11:01Z on time future report... Program END 

Create log file
2016-02-17 11:16:01Z on time future report... Program Start
2016-02-17 11:16:01Z on time future report... Program END 

Create log file
2016-02-17 11:21:01Z on time future report... Program Start
2016-02-17 11:21:01Z on time future report... Program END 

Create log file
2016-02-17 11:26:02Z on time future report... Program Start
2016-02-17 11:26:02Z on time future report... Program END 

Create log file
2016-02-17 11:31:01Z on time future report... Program Start
2016-02-17 11:31:01Z on time future report... Program END 

Create log file
2016-02-17 11:36:01Z on time future report... Program Start
2016-02-17 11:36:01Z on time future report... Program END 

Create log file
2016-02-17 11:41:01Z on time future report... Program Start
2016-02-17 11:41:01Z on time future report... Program END 

Create log file
2016-02-17 11:46:01Z on time future report... Program Start
2016-02-17 11:46:01Z on time future report... Program END 

Create log file
2016-02-17 11:51:01Z on time future report... Program Start
2016-02-17 11:51:01Z on time future report... Program END 

Create log file
2016-02-17 11:56:01Z on time future report... Program Start
2016-02-17 11:56:01Z on time future report... Program END 

Create log file
2016-02-17 12:01:01Z Send 國際股市==>  Program Start
2016-02-17 12:01:01Z Send 國際股市==>  Program END 

Create log file
2016-02-17 12:01:30Z on time future report... Program Start
2016-02-17 12:01:30Z on time future report... Program END 

Create log file
2016-02-17 12:06:02Z on time future report... Program Start
2016-02-17 12:06:02Z on time future report... Program END 

Create log file
2016-02-17 12:11:01Z on time future report... Program Start
2016-02-17 12:11:01Z on time future report... Program END 

Create log file
2016-02-17 12:16:00Z on time future report... Program Start
2016-02-17 12:16:00Z on time future report... Program END 

Create log file
2016-02-17 12:21:01Z on time future report... Program Start
2016-02-17 12:21:01Z on time future report... Program END 

Create log file
2016-02-17 12:26:01Z on time future report... Program Start
2016-02-17 12:26:01Z on time future report... Program END 

Create log file
2016-02-17 12:31:01Z on time future report... Program Start
2016-02-17 12:31:01Z on time future report... Program END 

Create log file
2016-02-17 12:36:05Z on time future report... Program Start
2016-02-17 12:36:05Z on time future report... Program END 

Create log file
2016-02-17 12:41:01Z on time future report... Program Start
2016-02-17 12:41:01Z on time future report... Program END 

Create log file
2016-02-17 12:46:03Z on time future report... Program Start
2016-02-17 12:46:03Z on time future report... Program END 

Create log file
2016-02-17 12:51:02Z on time future report... Program Start
2016-02-17 12:51:02Z on time future report... Program END 

Create log file
2016-02-17 12:56:01Z on time future report... Program Start
2016-02-17 12:56:01Z on time future report... Program END 

Create log file
2016-02-17 13:01:00Z Send 國際股市==>  Program Start
2016-02-17 13:01:00Z Send 國際股市==>  Program END 

Create log file
2016-02-17 13:01:21Z on time future report... Program Start
2016-02-17 13:01:21Z on time future report... Program END 

Create log file
2016-02-17 13:06:01Z on time future report... Program Start
2016-02-17 13:06:01Z on time future report... Program END 

Create log file
2016-02-17 13:11:01Z on time future report... Program Start
2016-02-17 13:11:01Z on time future report... Program END 

Create log file
2016-02-17 13:16:01Z on time future report... Program Start
2016-02-17 13:16:01Z on time future report... Program END 

Create log file
2016-02-17 13:21:03Z on time future report... Program Start
2016-02-17 13:21:03Z on time future report... Program END 

Create log file
2016-02-17 13:26:01Z on time future report... Program Start
2016-02-17 13:26:01Z on time future report... Program END 

Create log file
2016-02-17 13:31:03Z on time future report... Program Start
2016-02-17 13:31:03Z on time future report... Program END 

Create log file
2016-02-17 13:36:01Z on time future report... Program Start
2016-02-17 13:36:01Z on time future report... Program END 

Create log file
2016-02-17 13:41:01Z on time future report... Program Start
2016-02-17 13:41:01Z on time future report... Program END 

Create log file
2016-02-17 13:46:01Z on time future report... Program Start
2016-02-17 13:46:01Z on time future report... Program END 

Create log file
2016-02-17 14:01:00Z Send 國際股市==>  Program Start
2016-02-17 14:01:00Z Send 國際股市==>  Program END 

Create log file
2016-02-17 15:01:00Z Send 國際股市==>  Program Start
2016-02-17 15:01:00Z Send 國際股市==>  Program END 

Create log file
2016-02-17 15:50:19Z option_insert_daily Program Start
2016-02-17 15:50:19Z option_insert_daily Program END 

Create log file
2016-02-17 15:56:22Z Send Option_OIV_daily Program Start
2016-02-17 15:56:22Z Send Option_OIV_daily Program END 

Create log file
2016-02-17 16:01:00Z Send 國際股市==>  Program Start
2016-02-17 16:01:00Z Send 國際股市==>  Program END 

Create log file
2016-02-17 17:01:01Z Send 國際股市==>  Program Start
2016-02-17 17:01:01Z Send 國際股市==>  Program END 

Create log file
2016-02-17 18:01:01Z Send 國際股市==>  Program Start
2016-02-17 18:01:01Z Send 國際股市==>  Program END 

Create log file
2016-02-17 18:01:27Z Send 國際股市==>  Program Start
2016-02-17 18:01:27Z Send 國際股市==>  Program END 

Create log file
2016-02-17 18:01:48Z Send 國際股市==>  Program Start
2016-02-17 18:01:48Z Send 國際股市==>  Program END 

Create log file
2016-02-17 18:02:10Z Send 國際股市==>  Program Start
2016-02-17 18:02:10Z Send 國際股市==>  Program END 

Create log file
2016-02-17 19:01:01Z Send 國際股市==>  Program Start
2016-02-17 19:01:01Z Send 國際股市==>  Program END 

Create log file
2016-02-17 19:01:26Z Send 國際股市==>  Program Start
2016-02-17 19:01:26Z Send 國際股市==>  Program END 

Create log file
2016-02-17 19:01:50Z Send 國際股市==>  Program Start
2016-02-17 19:01:50Z Send 國際股市==>  Program END 

Create log file
2016-02-17 20:01:01Z Send 國際股市==>  Program Start
2016-02-17 20:01:01Z Send 國際股市==>  Program END 

Create log file
2016-02-17 20:10:03Z stock_data_daily_create_file Program Start
2016-02-17 20:10:03Z stock_data_daily_create_file Program END 

Create log file
2016-02-17 20:20:05Z stock_data_insert_daily Program Start
2016-02-17 20:20:05Z stock_data_insert_daily Program END 

Create log file
2016-02-17 20:30:11Z Send 股市氣象台電子報-今日我最夯<==Strong_UP==>  Program Start
2016-02-17 20:30:11Z Send 股市氣象台電子報-今日我最夯<==Strong_UP==>  Program END 

Create log file
2016-02-17 21:01:01Z Send 國際股市==>  Program Start
2016-02-17 21:01:01Z Send 國際股市==>  Program END 

Create log file
2016-02-17 22:01:03Z Send 國際股市==>  Program Start
2016-02-17 22:01:03Z Send 國際股市==>  Program END 

Create log file
2016-02-17 22:01:28Z Send 國際股市==>  Program Start
2016-02-17 22:01:28Z Send 國際股市==>  Program END 

Create log file
2016-02-17 23:01:03Z Send 國際股市==>  Program Start
2016-02-17 23:01:03Z Send 國際股市==>  Program END 

