Create log file
2016-04-01 00:01:04Z Send 國際股市==>  Program Start
2016-04-01 00:01:04Z Send 國際股市==>  Program END 

Create log file
2016-04-01 01:01:04Z Send 國際股市==>  Program Start
2016-04-01 01:01:04Z Send 國際股市==>  Program END 

Create log file
2016-04-01 08:01:04Z Send 國際股市==>  Program Start
2016-04-01 08:01:04Z Send 國際股市==>  Program END 

Create log file
2016-04-01 08:01:30Z Send 國際股市==>  Program Start
2016-04-01 08:01:30Z Send 國際股市==>  Program END 

Create log file
2016-04-01 08:01:53Z Send 國際股市==>  Program Start
2016-04-01 08:01:53Z Send 國際股市==>  Program END 

Create log file
2016-04-01 08:46:03Z on time future report... Program Start
2016-04-01 08:46:03Z on time future report... Program END 

Create log file
2016-04-01 08:51:03Z on time future report... Program Start
2016-04-01 08:51:03Z on time future report... Program END 

Create log file
2016-04-01 08:56:03Z on time future report... Program Start
2016-04-01 08:56:03Z on time future report... Program END 

Create log file
2016-04-01 09:01:06Z Send 國際股市==>  Program Start
2016-04-01 09:01:06Z Send 國際股市==>  Program END 

Create log file
2016-04-01 09:01:07Z on time future report... Program Start
2016-04-01 09:01:07Z on time future report... Program END 

Create log file
2016-04-01 09:06:03Z on time future report... Program Start
2016-04-01 09:06:03Z on time future report... Program END 

Create log file
2016-04-01 09:11:03Z on time future report... Program Start
2016-04-01 09:11:03Z on time future report... Program END 

Create log file
2016-04-01 09:16:06Z on time future report... Program Start
2016-04-01 09:16:06Z on time future report... Program END 

Create log file
2016-04-01 09:21:03Z on time future report... Program Start
2016-04-01 09:21:03Z on time future report... Program END 

Create log file
2016-04-01 09:26:03Z on time future report... Program Start
2016-04-01 09:26:03Z on time future report... Program END 

Create log file
2016-04-01 09:31:06Z on time future report... Program Start
2016-04-01 09:31:06Z on time future report... Program END 

Create log file
2016-04-01 09:36:03Z on time future report... Program Start
2016-04-01 09:36:03Z on time future report... Program END 

Create log file
2016-04-01 09:41:03Z on time future report... Program Start
2016-04-01 09:41:03Z on time future report... Program END 

Create log file
2016-04-01 09:46:03Z on time future report... Program Start
2016-04-01 09:46:03Z on time future report... Program END 

Create log file
2016-04-01 09:51:03Z on time future report... Program Start
2016-04-01 09:51:03Z on time future report... Program END 

Create log file
2016-04-01 09:56:03Z on time future report... Program Start
2016-04-01 09:56:03Z on time future report... Program END 

Create log file
2016-04-01 10:01:05Z Send 國際股市==>  Program Start
2016-04-01 10:01:05Z Send 國際股市==>  Program END 

Create log file
2016-04-01 10:01:08Z on time future report... Program Start
2016-04-01 10:01:08Z on time future report... Program END 

Create log file
2016-04-01 10:06:07Z on time future report... Program Start
2016-04-01 10:06:07Z on time future report... Program END 

Create log file
2016-04-01 10:11:03Z on time future report... Program Start
2016-04-01 10:11:03Z on time future report... Program END 

Create log file
2016-04-01 10:16:03Z on time future report... Program Start
2016-04-01 10:16:03Z on time future report... Program END 

Create log file
2016-04-01 10:21:09Z on time future report... Program Start
2016-04-01 10:21:09Z on time future report... Program END 

Create log file
2016-04-01 10:26:03Z on time future report... Program Start
2016-04-01 10:26:03Z on time future report... Program END 

Create log file
2016-04-01 10:31:03Z on time future report... Program Start
2016-04-01 10:31:03Z on time future report... Program END 

Create log file
2016-04-01 10:36:04Z on time future report... Program Start
2016-04-01 10:36:04Z on time future report... Program END 

Create log file
2016-04-01 10:41:03Z on time future report... Program Start
2016-04-01 10:41:03Z on time future report... Program END 

Create log file
2016-04-01 10:46:04Z on time future report... Program Start
2016-04-01 10:46:04Z on time future report... Program END 

Create log file
2016-04-01 10:51:04Z on time future report... Program Start
2016-04-01 10:51:04Z on time future report... Program END 

Create log file
2016-04-01 10:56:03Z on time future report... Program Start
2016-04-01 10:56:03Z on time future report... Program END 

Create log file
2016-04-01 11:01:05Z Send 國際股市==>  Program Start
2016-04-01 11:01:05Z Send 國際股市==>  Program END 

Create log file
2016-04-01 11:01:06Z on time future report... Program Start
2016-04-01 11:01:06Z on time future report... Program END 

Create log file
2016-04-01 11:06:03Z on time future report... Program Start
2016-04-01 11:06:03Z on time future report... Program END 

Create log file
2016-04-01 11:11:03Z on time future report... Program Start
2016-04-01 11:11:03Z on time future report... Program END 

Create log file
2016-04-01 11:16:03Z on time future report... Program Start
2016-04-01 11:16:03Z on time future report... Program END 

Create log file
2016-04-01 11:20:19Z Query Stock_id is 2881 Program Start
2016-04-01 11:20:19Z Query Stock_id is 2881 Program END 

Create log file
2016-04-01 11:20:19Z Query Stock_id is 2317 Program Start
2016-04-01 11:20:19Z Query Stock_id is 2317 Program END 

Create log file
2016-04-01 11:20:20Z Query Stock_id is 2377 Program Start
2016-04-01 11:20:20Z Query Stock_id is 2377 Program END 

Create log file
2016-04-01 11:20:20Z Query Stock_id is 2311 Program Start
2016-04-01 11:20:20Z Query Stock_id is 2311 Program END 

Create log file
2016-04-01 11:20:20Z Query Stock_id is 2002 Program Start
2016-04-01 11:20:20Z Query Stock_id is 2002 Program END 

Create log file
2016-04-01 11:20:20Z Query Stock_id is 2303 Program Start
2016-04-01 11:20:20Z Query Stock_id is 2303 Program END 

Create log file
2016-04-01 11:20:20Z Query Stock_id is 2330 Program Start
2016-04-01 11:20:20Z Query Stock_id is 2330 Program END 

Create log file
2016-04-01 11:20:21Z Query Stock_id is 2105 Program Start
2016-04-01 11:20:21Z Query Stock_id is 2105 Program END 

Create log file
2016-04-01 11:20:21Z Query Stock_id is 2325 Program Start
2016-04-01 11:20:21Z Query Stock_id is 2325 Program END 

Create log file
2016-04-01 11:20:21Z Query Stock_id is 2880 Program Start
2016-04-01 11:20:21Z Query Stock_id is 2880 Program END 

Create log file
2016-04-01 11:20:21Z Query Stock_id is 1101 Program Start
2016-04-01 11:20:21Z Query Stock_id is 1101 Program END 

Create log file
2016-04-01 11:20:21Z Query Stock_id is 2313 Program Start
2016-04-01 11:20:21Z Query Stock_id is 2313 Program END 

Create log file
2016-04-01 11:20:21Z Query Stock_id is 1326 Program Start
2016-04-01 11:20:21Z Query Stock_id is 1326 Program END 

Create log file
2016-04-01 11:20:22Z Query Stock_id is 1303 Program Start
2016-04-01 11:20:22Z Query Stock_id is 1303 Program END 

Create log file
2016-04-01 11:20:22Z Query Stock_id is 2454 Program Start
2016-04-01 11:20:22Z Query Stock_id is 2454 Program END 

Create log file
2016-04-01 11:20:22Z Query Stock_id is 3481 Program Start
2016-04-01 11:20:22Z Query Stock_id is 3481 Program END 

Create log file
2016-04-01 11:21:03Z on time future report... Program Start
2016-04-01 11:21:03Z on time future report... Program END 

Create log file
2016-04-01 11:26:03Z on time future report... Program Start
2016-04-01 11:26:03Z on time future report... Program END 

Create log file
2016-04-01 11:31:07Z on time future report... Program Start
2016-04-01 11:31:07Z on time future report... Program END 

Create log file
2016-04-01 11:36:03Z on time future report... Program Start
2016-04-01 11:36:03Z on time future report... Program END 

Create log file
2016-04-01 11:41:03Z on time future report... Program Start
2016-04-01 11:41:03Z on time future report... Program END 

Create log file
2016-04-01 11:46:05Z on time future report... Program Start
2016-04-01 11:46:05Z on time future report... Program END 

Create log file
2016-04-01 11:51:04Z on time future report... Program Start
2016-04-01 11:51:04Z on time future report... Program END 

Create log file
2016-04-01 11:56:05Z on time future report... Program Start
2016-04-01 11:56:05Z on time future report... Program END 

Create log file
2016-04-01 11:58:03Z Query Stock_id is 2881 Program Start
2016-04-01 11:58:03Z Query Stock_id is 2881 Program END 

Create log file
2016-04-01 11:58:03Z Query Stock_id is 2317 Program Start
2016-04-01 11:58:03Z Query Stock_id is 2317 Program END 

Create log file
2016-04-01 11:58:04Z Query Stock_id is 2377 Program Start
2016-04-01 11:58:04Z Query Stock_id is 2377 Program END 

Create log file
2016-04-01 11:58:04Z Query Stock_id is 2311 Program Start
2016-04-01 11:58:04Z Query Stock_id is 2311 Program END 

Create log file
2016-04-01 11:58:04Z Query Stock_id is 2002 Program Start
2016-04-01 11:58:04Z Query Stock_id is 2002 Program END 

Create log file
2016-04-01 11:58:04Z Query Stock_id is 2303 Program Start
2016-04-01 11:58:04Z Query Stock_id is 2303 Program END 

Create log file
2016-04-01 11:58:05Z Query Stock_id is 2330 Program Start
2016-04-01 11:58:05Z Query Stock_id is 2330 Program END 

Create log file
2016-04-01 11:58:05Z Query Stock_id is 2105 Program Start
2016-04-01 11:58:05Z Query Stock_id is 2105 Program END 

Create log file
2016-04-01 11:58:05Z Query Stock_id is 2325 Program Start
2016-04-01 11:58:05Z Query Stock_id is 2325 Program END 

Create log file
2016-04-01 11:58:05Z Query Stock_id is 2880 Program Start
2016-04-01 11:58:05Z Query Stock_id is 2880 Program END 

Create log file
2016-04-01 11:58:05Z Query Stock_id is 1101 Program Start
2016-04-01 11:58:05Z Query Stock_id is 1101 Program END 

Create log file
2016-04-01 11:58:05Z Query Stock_id is 2313 Program Start
2016-04-01 11:58:05Z Query Stock_id is 2313 Program END 

Create log file
2016-04-01 11:58:06Z Query Stock_id is 1326 Program Start
2016-04-01 11:58:06Z Query Stock_id is 1326 Program END 

Create log file
2016-04-01 11:58:06Z Query Stock_id is 1303 Program Start
2016-04-01 11:58:06Z Query Stock_id is 1303 Program END 

Create log file
2016-04-01 11:58:06Z Query Stock_id is 2454 Program Start
2016-04-01 11:58:06Z Query Stock_id is 2454 Program END 

Create log file
2016-04-01 11:58:06Z Query Stock_id is 3481 Program Start
2016-04-01 11:58:06Z Query Stock_id is 3481 Program END 

Create log file
2016-04-01 12:01:04Z Send 國際股市==>  Program Start
2016-04-01 12:01:04Z Send 國際股市==>  Program END 

Create log file
2016-04-01 12:01:05Z on time future report... Program Start
2016-04-01 12:01:05Z on time future report... Program END 

Create log file
2016-04-01 12:06:03Z on time future report... Program Start
2016-04-01 12:06:03Z on time future report... Program END 

Create log file
2016-04-01 12:11:06Z on time future report... Program Start
2016-04-01 12:11:06Z on time future report... Program END 

Create log file
2016-04-01 12:16:03Z on time future report... Program Start
2016-04-01 12:16:03Z on time future report... Program END 

Create log file
2016-04-01 12:21:03Z on time future report... Program Start
2016-04-01 12:21:03Z on time future report... Program END 

Create log file
2016-04-01 12:26:03Z on time future report... Program Start
2016-04-01 12:26:03Z on time future report... Program END 

Create log file
2016-04-01 12:31:07Z on time future report... Program Start
2016-04-01 12:31:07Z on time future report... Program END 

Create log file
2016-04-01 12:36:03Z on time future report... Program Start
2016-04-01 12:36:03Z on time future report... Program END 

Create log file
2016-04-01 12:41:06Z on time future report... Program Start
2016-04-01 12:41:06Z on time future report... Program END 

Create log file
2016-04-01 12:46:03Z on time future report... Program Start
2016-04-01 12:46:03Z on time future report... Program END 

Create log file
2016-04-01 12:51:03Z on time future report... Program Start
2016-04-01 12:51:03Z on time future report... Program END 

Create log file
2016-04-01 12:56:03Z on time future report... Program Start
2016-04-01 12:56:03Z on time future report... Program END 

Create log file
2016-04-01 13:01:04Z Send 國際股市==>  Program Start
2016-04-01 13:01:04Z Send 國際股市==>  Program END 

Create log file
2016-04-01 13:01:05Z on time future report... Program Start
2016-04-01 13:01:05Z on time future report... Program END 

Create log file
2016-04-01 13:06:03Z on time future report... Program Start
2016-04-01 13:06:03Z on time future report... Program END 

Create log file
2016-04-01 13:11:03Z on time future report... Program Start
2016-04-01 13:11:03Z on time future report... Program END 

Create log file
2016-04-01 13:16:03Z on time future report... Program Start
2016-04-01 13:16:03Z on time future report... Program END 

Create log file
2016-04-01 13:21:04Z on time future report... Program Start
2016-04-01 13:21:04Z on time future report... Program END 

Create log file
2016-04-01 13:26:03Z on time future report... Program Start
2016-04-01 13:26:03Z on time future report... Program END 

Create log file
2016-04-01 13:31:03Z on time future report... Program Start
2016-04-01 13:31:03Z on time future report... Program END 

Create log file
2016-04-01 13:36:03Z on time future report... Program Start
2016-04-01 13:36:03Z on time future report... Program END 

Create log file
2016-04-01 13:41:03Z on time future report... Program Start
2016-04-01 13:41:03Z on time future report... Program END 

Create log file
2016-04-01 13:46:03Z on time future report... Program Start
2016-04-01 13:46:03Z on time future report... Program END 

Create log file
2016-04-01 14:01:03Z Send 國際股市==>  Program Start
2016-04-01 14:01:03Z Send 國際股市==>  Program END 

Create log file
2016-04-01 15:01:03Z Send 國際股市==>  Program Start
2016-04-01 15:01:03Z Send 國際股市==>  Program END 

Create log file
2016-04-01 15:50:20Z option_insert_daily Program Start
2016-04-01 15:50:20Z option_insert_daily Program END 

Create log file
2016-04-01 15:56:21Z Send Option_OIV_daily Program Start
2016-04-01 15:56:21Z Send Option_OIV_daily Program END 

Create log file
2016-04-01 16:01:03Z Send 國際股市==>  Program Start
2016-04-01 16:01:03Z Send 國際股市==>  Program END 

Create log file
2016-04-01 17:01:03Z Send 國際股市==>  Program Start
2016-04-01 17:01:03Z Send 國際股市==>  Program END 

Create log file
2016-04-01 18:01:03Z Send 國際股市==>  Program Start
2016-04-01 18:01:03Z Send 國際股市==>  Program END 

Create log file
2016-04-01 18:01:29Z Send 國際股市==>  Program Start
2016-04-01 18:01:29Z Send 國際股市==>  Program END 

Create log file
2016-04-01 18:01:52Z Send 國際股市==>  Program Start
2016-04-01 18:01:52Z Send 國際股市==>  Program END 

Create log file
2016-04-01 18:02:14Z Send 國際股市==>  Program Start
2016-04-01 18:02:14Z Send 國際股市==>  Program END 

Create log file
2016-04-01 18:02:38Z Send 國際股市==>  Program Start
2016-04-01 18:02:38Z Send 國際股市==>  Program END 

Create log file
2016-04-01 18:44:16Z Query Stock_id is 2881 Program Start
2016-04-01 18:44:16Z Query Stock_id is 2881 Program END 

Create log file
2016-04-01 18:44:16Z Query Stock_id is 2317 Program Start
2016-04-01 18:44:16Z Query Stock_id is 2317 Program END 

Create log file
2016-04-01 18:44:16Z Query Stock_id is 2377 Program Start
2016-04-01 18:44:16Z Query Stock_id is 2377 Program END 

Create log file
2016-04-01 18:44:16Z Query Stock_id is 2311 Program Start
2016-04-01 18:44:16Z Query Stock_id is 2311 Program END 

Create log file
2016-04-01 18:44:16Z Query Stock_id is 2002 Program Start
2016-04-01 18:44:16Z Query Stock_id is 2002 Program END 

Create log file
2016-04-01 18:44:16Z Query Stock_id is 2303 Program Start
2016-04-01 18:44:16Z Query Stock_id is 2303 Program END 

Create log file
2016-04-01 18:44:17Z Query Stock_id is 2330 Program Start
2016-04-01 18:44:17Z Query Stock_id is 2330 Program END 

Create log file
2016-04-01 18:44:17Z Query Stock_id is 2105 Program Start
2016-04-01 18:44:17Z Query Stock_id is 2105 Program END 

Create log file
2016-04-01 18:44:17Z Query Stock_id is 2325 Program Start
2016-04-01 18:44:17Z Query Stock_id is 2325 Program END 

Create log file
2016-04-01 18:44:17Z Query Stock_id is 2880 Program Start
2016-04-01 18:44:17Z Query Stock_id is 2880 Program END 

Create log file
2016-04-01 18:44:17Z Query Stock_id is 1101 Program Start
2016-04-01 18:44:17Z Query Stock_id is 1101 Program END 

Create log file
2016-04-01 18:44:18Z Query Stock_id is 2313 Program Start
2016-04-01 18:44:18Z Query Stock_id is 2313 Program END 

Create log file
2016-04-01 18:44:18Z Query Stock_id is 1326 Program Start
2016-04-01 18:44:18Z Query Stock_id is 1326 Program END 

Create log file
2016-04-01 18:44:18Z Query Stock_id is 1303 Program Start
2016-04-01 18:44:18Z Query Stock_id is 1303 Program END 

Create log file
2016-04-01 18:44:18Z Query Stock_id is 2454 Program Start
2016-04-01 18:44:18Z Query Stock_id is 2454 Program END 

Create log file
2016-04-01 18:44:19Z Query Stock_id is 3481 Program Start
2016-04-01 18:44:19Z Query Stock_id is 3481 Program END 

Create log file
2016-04-01 19:01:02Z Send 國際股市==>  Program Start
2016-04-01 19:01:02Z Send 國際股市==>  Program END 

Create log file
2016-04-01 19:01:28Z Send 國際股市==>  Program Start
2016-04-01 19:01:28Z Send 國際股市==>  Program END 

Create log file
2016-04-01 19:01:52Z Send 國際股市==>  Program Start
2016-04-01 19:01:52Z Send 國際股市==>  Program END 

Create log file
2016-04-01 20:01:01Z Send 國際股市==>  Program Start
2016-04-01 20:01:01Z Send 國際股市==>  Program END 

Create log file
2016-04-01 20:10:05Z stock_data_daily_create_file Program Start
2016-04-01 20:10:05Z stock_data_daily_create_file Program END 

Create log file
2016-04-01 20:20:05Z stock_data_insert_daily Program Start
2016-04-01 20:20:05Z stock_data_insert_daily Program END 

Create log file
2016-04-01 20:30:11Z Send 股市氣象台電子報-今日我最夯<==Strong_UP==>  Program Start
2016-04-01 20:30:11Z Send 股市氣象台電子報-今日我最夯<==Strong_UP==>  Program END 

Create log file
2016-04-01 21:01:01Z Send 國際股市==>  Program Start
2016-04-01 21:01:01Z Send 國際股市==>  Program END 

Create log file
2016-04-01 22:01:01Z Send 國際股市==>  Program Start
2016-04-01 22:01:01Z Send 國際股市==>  Program END 

Create log file
2016-04-01 22:01:27Z Send 國際股市==>  Program Start
2016-04-01 22:01:27Z Send 國際股市==>  Program END 

Create log file
2016-04-01 22:01:50Z Send 國際股市==>  Program Start
2016-04-01 22:01:50Z Send 國際股市==>  Program END 

Create log file
2016-04-01 23:01:02Z Send 國際股市==>  Program Start
2016-04-01 23:01:02Z Send 國際股市==>  Program END 

