Create log file
2016-02-15 08:01:03Z Send 國際股市==>  Program Start
2016-02-15 08:01:03Z Send 國際股市==>  Program END 

Create log file
2016-02-15 08:01:29Z Send 國際股市==>  Program Start
2016-02-15 08:01:29Z Send 國際股市==>  Program END 

Create log file
2016-02-15 08:01:49Z Send 國際股市==>  Program Start
2016-02-15 08:01:49Z Send 國際股市==>  Program END 

Create log file
2016-02-15 08:46:03Z on time future report... Program Start
2016-02-15 08:46:03Z on time future report... Program END 

Create log file
2016-02-15 08:51:05Z on time future report... Program Start
2016-02-15 08:51:05Z on time future report... Program END 

Create log file
2016-02-15 08:56:03Z on time future report... Program Start
2016-02-15 08:56:03Z on time future report... Program END 

Create log file
2016-02-15 09:01:03Z Send 國際股市==>  Program Start
2016-02-15 09:01:03Z Send 國際股市==>  Program END 

Create log file
2016-02-15 09:01:04Z on time future report... Program Start
2016-02-15 09:01:04Z on time future report... Program END 

Create log file
2016-02-15 09:06:04Z on time future report... Program Start
2016-02-15 09:06:04Z on time future report... Program END 

Create log file
2016-02-15 09:16:03Z on time future report... Program Start
2016-02-15 09:16:03Z on time future report... Program END 

Create log file
2016-02-15 09:21:05Z on time future report... Program Start
2016-02-15 09:21:05Z on time future report... Program END 

Create log file
2016-02-15 09:26:01Z on time future report... Program Start
2016-02-15 09:26:01Z on time future report... Program END 

Create log file
2016-02-15 09:31:01Z on time future report... Program Start
2016-02-15 09:31:01Z on time future report... Program END 

Create log file
2016-02-15 09:36:02Z on time future report... Program Start
2016-02-15 09:36:02Z on time future report... Program END 

Create log file
2016-02-15 09:41:02Z on time future report... Program Start
2016-02-15 09:41:02Z on time future report... Program END 

Create log file
2016-02-15 09:46:01Z on time future report... Program Start
2016-02-15 09:46:01Z on time future report... Program END 

Create log file
2016-02-15 09:51:01Z on time future report... Program Start
2016-02-15 09:51:01Z on time future report... Program END 

Create log file
2016-02-15 09:56:05Z on time future report... Program Start
2016-02-15 09:56:05Z on time future report... Program END 

Create log file
2016-02-15 10:01:00Z Send 國際股市==>  Program Start
2016-02-15 10:01:00Z Send 國際股市==>  Program END 

Create log file
2016-02-15 10:01:29Z on time future report... Program Start
2016-02-15 10:01:29Z on time future report... Program END 

Create log file
2016-02-15 10:06:04Z on time future report... Program Start
2016-02-15 10:06:04Z on time future report... Program END 

Create log file
2016-02-15 10:11:01Z on time future report... Program Start
2016-02-15 10:11:01Z on time future report... Program END 

Create log file
2016-02-15 10:16:01Z on time future report... Program Start
2016-02-15 10:16:01Z on time future report... Program END 

Create log file
2016-02-15 10:21:01Z on time future report... Program Start
2016-02-15 10:21:01Z on time future report... Program END 

Create log file
2016-02-15 10:26:01Z on time future report... Program Start
2016-02-15 10:26:01Z on time future report... Program END 

Create log file
2016-02-15 10:31:01Z on time future report... Program Start
2016-02-15 10:31:01Z on time future report... Program END 

Create log file
2016-02-15 10:36:02Z on time future report... Program Start
2016-02-15 10:36:02Z on time future report... Program END 

Create log file
2016-02-15 10:41:01Z on time future report... Program Start
2016-02-15 10:41:01Z on time future report... Program END 

Create log file
2016-02-15 10:46:01Z on time future report... Program Start
2016-02-15 10:46:01Z on time future report... Program END 

Create log file
2016-02-15 10:51:01Z on time future report... Program Start
2016-02-15 10:51:01Z on time future report... Program END 

Create log file
2016-02-15 10:56:02Z on time future report... Program Start
2016-02-15 10:56:02Z on time future report... Program END 

Create log file
2016-02-15 11:01:01Z on time future report... Program Start
2016-02-15 11:01:01Z on time future report... Program END 

Create log file
2016-02-15 11:01:01Z Send 國際股市==>  Program Start
2016-02-15 11:01:01Z Send 國際股市==>  Program END 

Create log file
2016-02-15 11:06:03Z on time future report... Program Start
2016-02-15 11:06:03Z on time future report... Program END 

Create log file
2016-02-15 11:11:01Z on time future report... Program Start
2016-02-15 11:11:01Z on time future report... Program END 

Create log file
2016-02-15 11:16:01Z on time future report... Program Start
2016-02-15 11:16:01Z on time future report... Program END 

Create log file
2016-02-15 11:21:01Z on time future report... Program Start
2016-02-15 11:21:01Z on time future report... Program END 

Create log file
2016-02-15 11:26:01Z on time future report... Program Start
2016-02-15 11:26:01Z on time future report... Program END 

Create log file
2016-02-15 11:31:01Z on time future report... Program Start
2016-02-15 11:31:01Z on time future report... Program END 

Create log file
2016-02-15 11:36:02Z on time future report... Program Start
2016-02-15 11:36:02Z on time future report... Program END 

Create log file
2016-02-15 11:41:01Z on time future report... Program Start
2016-02-15 11:41:01Z on time future report... Program END 

Create log file
2016-02-15 11:51:01Z on time future report... Program Start
2016-02-15 11:51:01Z on time future report... Program END 

Create log file
2016-02-15 11:56:00Z on time future report... Program Start
2016-02-15 11:56:00Z on time future report... Program END 

Create log file
2016-02-15 12:01:01Z on time future report... Program Start
2016-02-15 12:01:01Z on time future report... Program END 

Create log file
2016-02-15 12:01:01Z Send 國際股市==>  Program Start
2016-02-15 12:01:01Z Send 國際股市==>  Program END 

Create log file
2016-02-15 12:06:01Z on time future report... Program Start
2016-02-15 12:06:01Z on time future report... Program END 

Create log file
2016-02-15 12:11:01Z on time future report... Program Start
2016-02-15 12:11:01Z on time future report... Program END 

Create log file
2016-02-15 12:16:01Z on time future report... Program Start
2016-02-15 12:16:01Z on time future report... Program END 

Create log file
2016-02-15 12:21:01Z on time future report... Program Start
2016-02-15 12:21:01Z on time future report... Program END 

Create log file
2016-02-15 12:26:02Z on time future report... Program Start
2016-02-15 12:26:02Z on time future report... Program END 

Create log file
2016-02-15 12:31:01Z on time future report... Program Start
2016-02-15 12:31:01Z on time future report... Program END 

Create log file
2016-02-15 12:36:01Z on time future report... Program Start
2016-02-15 12:36:01Z on time future report... Program END 

Create log file
2016-02-15 12:41:01Z on time future report... Program Start
2016-02-15 12:41:01Z on time future report... Program END 

Create log file
2016-02-15 12:46:02Z on time future report... Program Start
2016-02-15 12:46:02Z on time future report... Program END 

Create log file
2016-02-15 12:51:01Z on time future report... Program Start
2016-02-15 12:51:01Z on time future report... Program END 

Create log file
2016-02-15 12:56:01Z on time future report... Program Start
2016-02-15 12:56:01Z on time future report... Program END 

Create log file
2016-02-15 13:01:00Z Send 國際股市==>  Program Start
2016-02-15 13:01:00Z Send 國際股市==>  Program END 

Create log file
2016-02-15 13:01:28Z on time future report... Program Start
2016-02-15 13:01:28Z on time future report... Program END 

Create log file
2016-02-15 13:06:03Z on time future report... Program Start
2016-02-15 13:06:03Z on time future report... Program END 

Create log file
2016-02-15 13:11:02Z on time future report... Program Start
2016-02-15 13:11:02Z on time future report... Program END 

Create log file
2016-02-15 13:16:04Z on time future report... Program Start
2016-02-15 13:16:04Z on time future report... Program END 

Create log file
2016-02-15 13:21:01Z on time future report... Program Start
2016-02-15 13:21:01Z on time future report... Program END 

Create log file
2016-02-15 13:26:01Z on time future report... Program Start
2016-02-15 13:26:01Z on time future report... Program END 

Create log file
2016-02-15 13:31:02Z on time future report... Program Start
2016-02-15 13:31:02Z on time future report... Program END 

Create log file
2016-02-15 13:36:02Z on time future report... Program Start
2016-02-15 13:36:02Z on time future report... Program END 

Create log file
2016-02-15 13:41:01Z on time future report... Program Start
2016-02-15 13:41:01Z on time future report... Program END 

Create log file
2016-02-15 13:46:01Z on time future report... Program Start
2016-02-15 13:46:01Z on time future report... Program END 

Create log file
2016-02-15 14:01:00Z Send 國際股市==>  Program Start
2016-02-15 14:01:00Z Send 國際股市==>  Program END 

Create log file
2016-02-15 15:01:00Z Send 國際股市==>  Program Start
2016-02-15 15:01:00Z Send 國際股市==>  Program END 

Create log file
2016-02-15 15:50:19Z option_insert_daily Program Start
2016-02-15 15:50:19Z option_insert_daily Program END 

Create log file
2016-02-15 15:55:42Z Send Option_OIV_daily Program Start
2016-02-15 15:55:42Z Send Option_OIV_daily Program END 

Create log file
2016-02-15 16:01:00Z Send 國際股市==>  Program Start
2016-02-15 16:01:00Z Send 國際股市==>  Program END 

Create log file
2016-02-15 17:01:01Z Send 國際股市==>  Program Start
2016-02-15 17:01:01Z Send 國際股市==>  Program END 

Create log file
2016-02-15 18:01:01Z Send 國際股市==>  Program Start
2016-02-15 18:01:01Z Send 國際股市==>  Program END 

Create log file
2016-02-15 18:01:27Z Send 國際股市==>  Program Start
2016-02-15 18:01:27Z Send 國際股市==>  Program END 

Create log file
2016-02-15 18:01:48Z Send 國際股市==>  Program Start
2016-02-15 18:01:48Z Send 國際股市==>  Program END 

Create log file
2016-02-15 18:02:10Z Send 國際股市==>  Program Start
2016-02-15 18:02:10Z Send 國際股市==>  Program END 

Create log file
2016-02-15 19:01:09Z Send 國際股市==>  Program Start
2016-02-15 19:01:09Z Send 國際股市==>  Program END 

Create log file
2016-02-15 19:01:37Z Send 國際股市==>  Program Start
2016-02-15 19:01:37Z Send 國際股市==>  Program END 

Create log file
2016-02-15 19:02:01Z Send 國際股市==>  Program Start
2016-02-15 19:02:01Z Send 國際股市==>  Program END 

Create log file
2016-02-15 20:01:03Z Send 國際股市==>  Program Start
2016-02-15 20:01:03Z Send 國際股市==>  Program END 

Create log file
2016-02-15 20:10:04Z stock_data_daily_create_file Program Start
2016-02-15 20:10:04Z stock_data_daily_create_file Program END 

Create log file
2016-02-15 20:20:07Z stock_data_insert_daily Program Start
2016-02-15 20:20:07Z stock_data_insert_daily Program END 

Create log file
2016-02-15 20:30:19Z Send 股市氣象台電子報-今日我最夯<==Strong_UP==>  Program Start
2016-02-15 20:30:19Z Send 股市氣象台電子報-今日我最夯<==Strong_UP==>  Program END 

Create log file
2016-02-15 21:01:03Z Send 國際股市==>  Program Start
2016-02-15 21:01:03Z Send 國際股市==>  Program END 

Create log file
2016-02-15 22:01:03Z Send 國際股市==>  Program Start
2016-02-15 22:01:03Z Send 國際股市==>  Program END 

Create log file
2016-02-15 22:01:28Z Send 國際股市==>  Program Start
2016-02-15 22:01:28Z Send 國際股市==>  Program END 

Create log file
2016-02-15 23:01:03Z Send 國際股市==>  Program Start
2016-02-15 23:01:03Z Send 國際股市==>  Program END 

