Create log file
2016-02-10 00:01:02Z Send 國際股市==>  Program Start
2016-02-10 00:01:02Z Send 國際股市==>  Program END 

Create log file
2016-02-10 01:01:00Z Send 國際股市==>  Program Start
2016-02-10 01:01:00Z Send 國際股市==>  Program END 

Create log file
2016-02-10 08:01:01Z Send 國際股市==>  Program Start
2016-02-10 08:01:01Z Send 國際股市==>  Program END 

Create log file
2016-02-10 08:01:28Z Send 國際股市==>  Program Start
2016-02-10 08:01:28Z Send 國際股市==>  Program END 

Create log file
2016-02-10 08:01:50Z Send 國際股市==>  Program Start
2016-02-10 08:01:50Z Send 國際股市==>  Program END 

Create log file
2016-02-10 08:46:01Z on time future report... Program Start
2016-02-10 08:46:01Z on time future report... Program END 

Create log file
2016-02-10 08:51:01Z on time future report... Program Start
2016-02-10 08:51:01Z on time future report... Program END 

Create log file
2016-02-10 08:56:02Z on time future report... Program Start
2016-02-10 08:56:02Z on time future report... Program END 

Create log file
2016-02-10 09:01:01Z Send 國際股市==>  Program Start
2016-02-10 09:01:01Z Send 國際股市==>  Program END 

Create log file
2016-02-10 09:01:27Z on time future report... Program Start
2016-02-10 09:01:27Z on time future report... Program END 

Create log file
2016-02-10 09:06:01Z on time future report... Program Start
2016-02-10 09:06:01Z on time future report... Program END 

Create log file
2016-02-10 09:11:01Z on time future report... Program Start
2016-02-10 09:11:01Z on time future report... Program END 

Create log file
2016-02-10 09:16:01Z on time future report... Program Start
2016-02-10 09:16:01Z on time future report... Program END 

Create log file
2016-02-10 09:21:01Z on time future report... Program Start
2016-02-10 09:21:01Z on time future report... Program END 

Create log file
2016-02-10 09:26:01Z on time future report... Program Start
2016-02-10 09:26:01Z on time future report... Program END 

Create log file
2016-02-10 09:31:01Z on time future report... Program Start
2016-02-10 09:31:01Z on time future report... Program END 

Create log file
2016-02-10 09:36:01Z on time future report... Program Start
2016-02-10 09:36:01Z on time future report... Program END 

Create log file
2016-02-10 09:41:01Z on time future report... Program Start
2016-02-10 09:41:01Z on time future report... Program END 

Create log file
2016-02-10 09:46:01Z on time future report... Program Start
2016-02-10 09:46:01Z on time future report... Program END 

Create log file
2016-02-10 09:51:01Z on time future report... Program Start
2016-02-10 09:51:01Z on time future report... Program END 

Create log file
2016-02-10 09:56:01Z on time future report... Program Start
2016-02-10 09:56:01Z on time future report... Program END 

Create log file
2016-02-10 10:01:02Z on time future report... Program Start
2016-02-10 10:01:02Z on time future report... Program END 

Create log file
2016-02-10 10:01:02Z Send 國際股市==>  Program Start
2016-02-10 10:01:02Z Send 國際股市==>  Program END 

Create log file
2016-02-10 10:06:01Z on time future report... Program Start
2016-02-10 10:06:01Z on time future report... Program END 

Create log file
2016-02-10 10:11:01Z on time future report... Program Start
2016-02-10 10:11:01Z on time future report... Program END 

Create log file
2016-02-10 10:16:01Z on time future report... Program Start
2016-02-10 10:16:01Z on time future report... Program END 

Create log file
2016-02-10 10:21:01Z on time future report... Program Start
2016-02-10 10:21:01Z on time future report... Program END 

Create log file
2016-02-10 10:26:01Z on time future report... Program Start
2016-02-10 10:26:01Z on time future report... Program END 

Create log file
2016-02-10 10:31:01Z on time future report... Program Start
2016-02-10 10:31:01Z on time future report... Program END 

Create log file
2016-02-10 10:36:01Z on time future report... Program Start
2016-02-10 10:36:01Z on time future report... Program END 

Create log file
2016-02-10 10:41:01Z on time future report... Program Start
2016-02-10 10:41:01Z on time future report... Program END 

Create log file
2016-02-10 10:46:01Z on time future report... Program Start
2016-02-10 10:46:01Z on time future report... Program END 

Create log file
2016-02-10 10:51:01Z on time future report... Program Start
2016-02-10 10:51:01Z on time future report... Program END 

Create log file
2016-02-10 10:56:01Z on time future report... Program Start
2016-02-10 10:56:01Z on time future report... Program END 

Create log file
2016-02-10 11:01:01Z Send 國際股市==>  Program Start
2016-02-10 11:01:01Z Send 國際股市==>  Program END 

Create log file
2016-02-10 11:01:27Z on time future report... Program Start
2016-02-10 11:01:27Z on time future report... Program END 

Create log file
2016-02-10 11:06:01Z on time future report... Program Start
2016-02-10 11:06:01Z on time future report... Program END 

Create log file
2016-02-10 11:11:03Z on time future report... Program Start
2016-02-10 11:11:03Z on time future report... Program END 

Create log file
2016-02-10 11:16:01Z on time future report... Program Start
2016-02-10 11:16:01Z on time future report... Program END 

Create log file
2016-02-10 11:21:01Z on time future report... Program Start
2016-02-10 11:21:01Z on time future report... Program END 

Create log file
2016-02-10 11:26:01Z on time future report... Program Start
2016-02-10 11:26:01Z on time future report... Program END 

Create log file
2016-02-10 11:31:01Z on time future report... Program Start
2016-02-10 11:31:01Z on time future report... Program END 

Create log file
2016-02-10 11:36:01Z on time future report... Program Start
2016-02-10 11:36:01Z on time future report... Program END 

Create log file
2016-02-10 11:41:01Z on time future report... Program Start
2016-02-10 11:41:01Z on time future report... Program END 

Create log file
2016-02-10 11:46:01Z on time future report... Program Start
2016-02-10 11:46:01Z on time future report... Program END 

Create log file
2016-02-10 11:51:01Z on time future report... Program Start
2016-02-10 11:51:01Z on time future report... Program END 

Create log file
2016-02-10 11:56:01Z on time future report... Program Start
2016-02-10 11:56:01Z on time future report... Program END 

Create log file
2016-02-10 12:01:01Z on time future report... Program Start
2016-02-10 12:01:01Z on time future report... Program END 

Create log file
2016-02-10 12:01:02Z Send 國際股市==>  Program Start
2016-02-10 12:01:02Z Send 國際股市==>  Program END 

Create log file
2016-02-10 12:06:01Z on time future report... Program Start
2016-02-10 12:06:01Z on time future report... Program END 

Create log file
2016-02-10 12:11:01Z on time future report... Program Start
2016-02-10 12:11:01Z on time future report... Program END 

Create log file
2016-02-10 12:16:01Z on time future report... Program Start
2016-02-10 12:16:01Z on time future report... Program END 

Create log file
2016-02-10 12:21:01Z on time future report... Program Start
2016-02-10 12:21:01Z on time future report... Program END 

Create log file
2016-02-10 12:26:01Z on time future report... Program Start
2016-02-10 12:26:01Z on time future report... Program END 

Create log file
2016-02-10 12:31:01Z on time future report... Program Start
2016-02-10 12:31:01Z on time future report... Program END 

Create log file
2016-02-10 12:36:01Z on time future report... Program Start
2016-02-10 12:36:01Z on time future report... Program END 

Create log file
2016-02-10 12:41:01Z on time future report... Program Start
2016-02-10 12:41:01Z on time future report... Program END 

Create log file
2016-02-10 12:46:01Z on time future report... Program Start
2016-02-10 12:46:01Z on time future report... Program END 

Create log file
2016-02-10 12:51:01Z on time future report... Program Start
2016-02-10 12:51:01Z on time future report... Program END 

Create log file
2016-02-10 12:56:02Z on time future report... Program Start
2016-02-10 12:56:02Z on time future report... Program END 

Create log file
2016-02-10 13:01:01Z on time future report... Program Start
2016-02-10 13:01:01Z on time future report... Program END 

Create log file
2016-02-10 13:01:02Z Send 國際股市==>  Program Start
2016-02-10 13:01:02Z Send 國際股市==>  Program END 

Create log file
2016-02-10 13:06:01Z on time future report... Program Start
2016-02-10 13:06:01Z on time future report... Program END 

Create log file
2016-02-10 13:11:01Z on time future report... Program Start
2016-02-10 13:11:01Z on time future report... Program END 

Create log file
2016-02-10 13:16:01Z on time future report... Program Start
2016-02-10 13:16:01Z on time future report... Program END 

Create log file
2016-02-10 13:21:01Z on time future report... Program Start
2016-02-10 13:21:01Z on time future report... Program END 

Create log file
2016-02-10 13:26:01Z on time future report... Program Start
2016-02-10 13:26:01Z on time future report... Program END 

Create log file
2016-02-10 13:31:01Z on time future report... Program Start
2016-02-10 13:31:01Z on time future report... Program END 

Create log file
2016-02-10 13:36:01Z on time future report... Program Start
2016-02-10 13:36:01Z on time future report... Program END 

Create log file
2016-02-10 13:41:01Z on time future report... Program Start
2016-02-10 13:41:01Z on time future report... Program END 

Create log file
2016-02-10 13:46:01Z on time future report... Program Start
2016-02-10 13:46:01Z on time future report... Program END 

Create log file
2016-02-10 14:01:00Z Send 國際股市==>  Program Start
2016-02-10 14:01:00Z Send 國際股市==>  Program END 

Create log file
2016-02-10 15:01:00Z Send 國際股市==>  Program Start
2016-02-10 15:01:00Z Send 國際股市==>  Program END 

Create log file
2016-02-10 15:50:16Z option_insert_daily Program Start
2016-02-10 15:50:16Z option_insert_daily Program END 

Create log file
2016-02-10 16:01:00Z Send 國際股市==>  Program Start
2016-02-10 16:01:00Z Send 國際股市==>  Program END 

Create log file
2016-02-10 17:01:00Z Send 國際股市==>  Program Start
2016-02-10 17:01:00Z Send 國際股市==>  Program END 

Create log file
2016-02-10 18:01:00Z Send 國際股市==>  Program Start
2016-02-10 18:01:00Z Send 國際股市==>  Program END 

Create log file
2016-02-10 18:01:26Z Send 國際股市==>  Program Start
2016-02-10 18:01:26Z Send 國際股市==>  Program END 

Create log file
2016-02-10 18:01:47Z Send 國際股市==>  Program Start
2016-02-10 18:01:47Z Send 國際股市==>  Program END 

Create log file
2016-02-10 18:02:10Z Send 國際股市==>  Program Start
2016-02-10 18:02:10Z Send 國際股市==>  Program END 

Create log file
2016-02-10 19:01:00Z Send 國際股市==>  Program Start
2016-02-10 19:01:00Z Send 國際股市==>  Program END 

Create log file
2016-02-10 19:01:26Z Send 國際股市==>  Program Start
2016-02-10 19:01:26Z Send 國際股市==>  Program END 

Create log file
2016-02-10 19:01:50Z Send 國際股市==>  Program Start
2016-02-10 19:01:50Z Send 國際股市==>  Program END 

Create log file
2016-02-10 20:01:00Z Send 國際股市==>  Program Start
2016-02-10 20:01:00Z Send 國際股市==>  Program END 

Create log file
2016-02-10 20:10:02Z stock_data_daily_create_file Program Start
2016-02-10 20:10:02Z stock_data_daily_create_file Program END 

Create log file
2016-02-10 20:20:03Z stock_data_insert_daily Program Start
2016-02-10 20:20:03Z stock_data_insert_daily Program END 

Create log file
2016-02-10 20:30:09Z Send 股市氣象台電子報-今日我最夯<==Strong_UP==>  Program Start
2016-02-10 20:30:09Z Send 股市氣象台電子報-今日我最夯<==Strong_UP==>  Program END 

Create log file
2016-02-10 21:01:00Z Send 國際股市==>  Program Start
2016-02-10 21:01:00Z Send 國際股市==>  Program END 

Create log file
2016-02-10 22:01:00Z Send 國際股市==>  Program Start
2016-02-10 22:01:00Z Send 國際股市==>  Program END 

Create log file
2016-02-10 22:01:25Z Send 國際股市==>  Program Start
2016-02-10 22:01:25Z Send 國際股市==>  Program END 

Create log file
2016-02-10 23:01:00Z Send 國際股市==>  Program Start
2016-02-10 23:01:00Z Send 國際股市==>  Program END 

