Create log file
2016-05-17 00:01:01Z Send 國際股市==>  Program Start
2016-05-17 00:01:01Z Send 國際股市==>  Program END 

Create log file
2016-05-17 01:01:01Z Send 國際股市==>  Program Start
2016-05-17 01:01:01Z Send 國際股市==>  Program END 

Create log file
2016-05-17 08:01:01Z Send 國際股市==>  Program Start
2016-05-17 08:01:01Z Send 國際股市==>  Program END 

Create log file
2016-05-17 08:01:19Z Send 國際股市==>  Program Start
2016-05-17 08:01:19Z Send 國際股市==>  Program END 

Create log file
2016-05-17 08:01:44Z Send 國際股市==>  Program Start
2016-05-17 08:01:44Z Send 國際股市==>  Program END 

Create log file
2016-05-17 08:02:06Z Send 國際股市==>  Program Start
2016-05-17 08:02:06Z Send 國際股市==>  Program END 

Create log file
2016-05-17 08:46:03Z on time future report... Program Start
2016-05-17 08:46:03Z on time future report... Program END 

Create log file
2016-05-17 08:51:03Z on time future report... Program Start
2016-05-17 08:51:03Z on time future report... Program END 

Create log file
2016-05-17 08:56:05Z on time future report... Program Start
2016-05-17 08:56:05Z on time future report... Program END 

Create log file
2016-05-17 09:01:01Z Send 國際股市==>  Program Start
2016-05-17 09:01:01Z Send 國際股市==>  Program END 

Create log file
2016-05-17 09:00:55Z on time future report... Program Start
2016-05-17 09:00:55Z on time future report... Program END 

Create log file
2016-05-17 09:06:08Z on time future report... Program Start
2016-05-17 09:06:08Z on time future report... Program END 

Create log file
2016-05-17 09:11:03Z on time future report... Program Start
2016-05-17 09:11:03Z on time future report... Program END 

Create log file
2016-05-17 09:16:04Z on time future report... Program Start
2016-05-17 09:16:04Z on time future report... Program END 

Create log file
2016-05-17 09:21:03Z on time future report... Program Start
2016-05-17 09:21:03Z on time future report... Program END 

Create log file
2016-05-17 09:26:03Z on time future report... Program Start
2016-05-17 09:26:03Z on time future report... Program END 

Create log file
2016-05-17 09:28:44Z Query Stock_id is 2345 Program Start
2016-05-17 09:28:44Z Query Stock_id is 2345 Program END 

Create log file
2016-05-17 09:28:45Z Query Stock_id is 4147 Program Start
2016-05-17 09:28:45Z Query Stock_id is 4147 Program END 

Create log file
2016-05-17 09:28:45Z Query Stock_id is 9904 Program Start
2016-05-17 09:28:45Z Query Stock_id is 9904 Program END 

Create log file
2016-05-17 09:28:45Z Query Stock_id is 2408 Program Start
2016-05-17 09:28:45Z Query Stock_id is 2408 Program END 

Create log file
2016-05-17 09:31:03Z on time future report... Program Start
2016-05-17 09:31:03Z on time future report... Program END 

Create log file
2016-05-17 09:36:03Z on time future report... Program Start
2016-05-17 09:36:03Z on time future report... Program END 

Create log file
2016-05-17 09:41:03Z on time future report... Program Start
2016-05-17 09:41:03Z on time future report... Program END 

Create log file
2016-05-17 09:46:06Z on time future report... Program Start
2016-05-17 09:46:06Z on time future report... Program END 

Create log file
2016-05-17 09:51:03Z on time future report... Program Start
2016-05-17 09:51:03Z on time future report... Program END 

Create log file
2016-05-17 09:56:03Z on time future report... Program Start
2016-05-17 09:56:03Z on time future report... Program END 

Create log file
2016-05-17 10:01:03Z on time future report... Program Start
2016-05-17 10:01:03Z on time future report... Program END 

Create log file
2016-05-17 10:06:03Z on time future report... Program Start
2016-05-17 10:06:03Z on time future report... Program END 

Create log file
2016-05-17 10:11:03Z on time future report... Program Start
2016-05-17 10:11:03Z on time future report... Program END 

Create log file
2016-05-17 10:16:04Z on time future report... Program Start
2016-05-17 10:16:04Z on time future report... Program END 

Create log file
2016-05-17 10:21:05Z on time future report... Program Start
2016-05-17 10:21:05Z on time future report... Program END 

Create log file
2016-05-17 10:26:03Z on time future report... Program Start
2016-05-17 10:26:03Z on time future report... Program END 

Create log file
2016-05-17 10:31:05Z on time future report... Program Start
2016-05-17 10:31:05Z on time future report... Program END 

Create log file
2016-05-17 10:36:03Z on time future report... Program Start
2016-05-17 10:36:03Z on time future report... Program END 

Create log file
2016-05-17 10:41:03Z on time future report... Program Start
2016-05-17 10:41:03Z on time future report... Program END 

Create log file
2016-05-17 10:46:03Z on time future report... Program Start
2016-05-17 10:46:03Z on time future report... Program END 

Create log file
2016-05-17 10:51:03Z on time future report... Program Start
2016-05-17 10:51:03Z on time future report... Program END 

Create log file
2016-05-17 10:56:03Z on time future report... Program Start
2016-05-17 10:56:03Z on time future report... Program END 

Create log file
2016-05-17 11:01:02Z Send 國際股市==>  Program Start
2016-05-17 11:01:02Z Send 國際股市==>  Program END 

Create log file
2016-05-17 11:01:07Z on time future report... Program Start
2016-05-17 11:01:07Z on time future report... Program END 

Create log file
2016-05-17 11:06:03Z on time future report... Program Start
2016-05-17 11:06:03Z on time future report... Program END 

Create log file
2016-05-17 11:11:03Z on time future report... Program Start
2016-05-17 11:11:03Z on time future report... Program END 

Create log file
2016-05-17 11:16:03Z on time future report... Program Start
2016-05-17 11:16:03Z on time future report... Program END 

Create log file
2016-05-17 11:21:04Z on time future report... Program Start
2016-05-17 11:21:04Z on time future report... Program END 

Create log file
2016-05-17 11:26:03Z on time future report... Program Start
2016-05-17 11:26:03Z on time future report... Program END 

Create log file
2016-05-17 11:31:03Z on time future report... Program Start
2016-05-17 11:31:03Z on time future report... Program END 

Create log file
2016-05-17 11:36:04Z on time future report... Program Start
2016-05-17 11:36:04Z on time future report... Program END 

Create log file
2016-05-17 11:41:03Z on time future report... Program Start
2016-05-17 11:41:03Z on time future report... Program END 

Create log file
2016-05-17 11:46:03Z on time future report... Program Start
2016-05-17 11:46:03Z on time future report... Program END 

Create log file
2016-05-17 11:51:03Z on time future report... Program Start
2016-05-17 11:51:03Z on time future report... Program END 

Create log file
2016-05-17 11:56:04Z on time future report... Program Start
2016-05-17 11:56:04Z on time future report... Program END 

Create log file
2016-05-17 12:01:01Z Send 國際股市==>  Program Start
2016-05-17 12:01:01Z Send 國際股市==>  Program END 

Create log file
2016-05-17 12:01:04Z on time future report... Program Start
2016-05-17 12:01:04Z on time future report... Program END 

Create log file
2016-05-17 12:06:03Z on time future report... Program Start
2016-05-17 12:06:03Z on time future report... Program END 

Create log file
2016-05-17 12:11:03Z on time future report... Program Start
2016-05-17 12:11:03Z on time future report... Program END 

Create log file
2016-05-17 12:16:03Z on time future report... Program Start
2016-05-17 12:16:03Z on time future report... Program END 

Create log file
2016-05-17 12:21:03Z on time future report... Program Start
2016-05-17 12:21:03Z on time future report... Program END 

Create log file
2016-05-17 12:26:06Z on time future report... Program Start
2016-05-17 12:26:06Z on time future report... Program END 

Create log file
2016-05-17 12:31:03Z on time future report... Program Start
2016-05-17 12:31:03Z on time future report... Program END 

Create log file
2016-05-17 12:36:07Z on time future report... Program Start
2016-05-17 12:36:07Z on time future report... Program END 

Create log file
2016-05-17 12:41:03Z on time future report... Program Start
2016-05-17 12:41:03Z on time future report... Program END 

Create log file
2016-05-17 12:46:03Z on time future report... Program Start
2016-05-17 12:46:03Z on time future report... Program END 

Create log file
2016-05-17 12:51:04Z on time future report... Program Start
2016-05-17 12:51:04Z on time future report... Program END 

Create log file
2016-05-17 12:56:03Z on time future report... Program Start
2016-05-17 12:56:03Z on time future report... Program END 

Create log file
2016-05-17 13:01:02Z Send 國際股市==>  Program Start
2016-05-17 13:01:02Z Send 國際股市==>  Program END 

Create log file
2016-05-17 13:01:04Z on time future report... Program Start
2016-05-17 13:01:04Z on time future report... Program END 

Create log file
2016-05-17 13:06:03Z on time future report... Program Start
2016-05-17 13:06:03Z on time future report... Program END 

Create log file
2016-05-17 13:11:05Z on time future report... Program Start
2016-05-17 13:11:05Z on time future report... Program END 

Create log file
2016-05-17 13:16:04Z on time future report... Program Start
2016-05-17 13:16:04Z on time future report... Program END 

Create log file
2016-05-17 13:21:03Z on time future report... Program Start
2016-05-17 13:21:03Z on time future report... Program END 

Create log file
2016-05-17 13:26:03Z on time future report... Program Start
2016-05-17 13:26:03Z on time future report... Program END 

Create log file
2016-05-17 13:31:03Z on time future report... Program Start
2016-05-17 13:31:03Z on time future report... Program END 

Create log file
2016-05-17 13:36:03Z on time future report... Program Start
2016-05-17 13:36:03Z on time future report... Program END 

Create log file
2016-05-17 13:41:03Z on time future report... Program Start
2016-05-17 13:41:03Z on time future report... Program END 

Create log file
2016-05-17 13:46:03Z on time future report... Program Start
2016-05-17 13:46:03Z on time future report... Program END 

Create log file
2016-05-17 14:01:01Z Send 國際股市==>  Program Start
2016-05-17 14:01:01Z Send 國際股市==>  Program END 

Create log file
2016-05-17 15:01:01Z Send 國際股市==>  Program Start
2016-05-17 15:01:01Z Send 國際股市==>  Program END 

Create log file
2016-05-17 15:50:18Z option_insert_daily Program Start
2016-05-17 15:50:18Z option_insert_daily Program END 

Create log file
2016-05-17 15:56:11Z Send Option_OIV_daily Program Start
2016-05-17 15:56:11Z Send Option_OIV_daily Program END 

Create log file
2016-05-17 16:01:01Z Send 國際股市==>  Program Start
2016-05-17 16:01:01Z Send 國際股市==>  Program END 

Create log file
2016-05-17 17:01:01Z Send 國際股市==>  Program Start
2016-05-17 17:01:01Z Send 國際股市==>  Program END 

Create log file
2016-05-17 18:01:01Z Send 國際股市==>  Program Start
2016-05-17 18:01:01Z Send 國際股市==>  Program END 

Create log file
2016-05-17 18:01:26Z Send 國際股市==>  Program Start
2016-05-17 18:01:26Z Send 國際股市==>  Program END 

Create log file
2016-05-17 18:01:50Z Send 國際股市==>  Program Start
2016-05-17 18:01:50Z Send 國際股市==>  Program END 

Create log file
2016-05-17 18:02:13Z Send 國際股市==>  Program Start
2016-05-17 18:02:13Z Send 國際股市==>  Program END 

Create log file
2016-05-17 18:02:37Z Send 國際股市==>  Program Start
2016-05-17 18:02:37Z Send 國際股市==>  Program END 

Create log file
2016-05-17 19:01:01Z Send 國際股市==>  Program Start
2016-05-17 19:01:01Z Send 國際股市==>  Program END 

Create log file
2016-05-17 19:01:27Z Send 國際股市==>  Program Start
2016-05-17 19:01:27Z Send 國際股市==>  Program END 

Create log file
2016-05-17 19:01:50Z Send 國際股市==>  Program Start
2016-05-17 19:01:50Z Send 國際股市==>  Program END 

Create log file
2016-05-17 19:02:11Z Send 國際股市==>  Program Start
2016-05-17 19:02:11Z Send 國際股市==>  Program END 

Create log file
2016-05-17 19:02:32Z Send 國際股市==>  Program Start
2016-05-17 19:02:32Z Send 國際股市==>  Program END 

Create log file
2016-05-17 20:01:01Z Send 國際股市==>  Program Start
2016-05-17 20:01:01Z Send 國際股市==>  Program END 

Create log file
2016-05-17 20:10:07Z stock_data_daily_create_file Program Start
2016-05-17 20:10:07Z stock_data_daily_create_file Program END 

Create log file
2016-05-17 20:20:05Z stock_data_insert_daily Program Start
2016-05-17 20:20:05Z stock_data_insert_daily Program END 

Create log file
2016-05-17 20:30:11Z Send 股市氣象台電子報-今日我最夯<==Strong_UP==>  Program Start
2016-05-17 20:30:11Z Send 股市氣象台電子報-今日我最夯<==Strong_UP==>  Program END 

Create log file
2016-05-17 21:01:01Z Send 國際股市==>  Program Start
2016-05-17 21:01:01Z Send 國際股市==>  Program END 

Create log file
2016-05-17 22:01:01Z Send 國際股市==>  Program Start
2016-05-17 22:01:01Z Send 國際股市==>  Program END 

Create log file
2016-05-17 22:01:31Z Send 國際股市==>  Program Start
2016-05-17 22:01:31Z Send 國際股市==>  Program END 

Create log file
2016-05-17 22:01:52Z Send 國際股市==>  Program Start
2016-05-17 22:01:52Z Send 國際股市==>  Program END 

Create log file
2016-05-17 23:01:05Z Send 國際股市==>  Program Start
2016-05-17 23:01:05Z Send 國際股市==>  Program END 

