Create log file
2016-12-12 08:01:09Z Send 國際股市==>  Program Start
2016-12-12 08:01:09Z Send 國際股市==>  Program END 

Create log file
2016-12-12 08:01:34Z Send 國際股市==>  Program Start
2016-12-12 08:01:34Z Send 國際股市==>  Program END 

Create log file
2016-12-12 08:01:57Z Send 國際股市==>  Program Start
2016-12-12 08:01:57Z Send 國際股市==>  Program END 

Create log file
2016-12-12 08:02:20Z Send 國際股市==>  Program Start
2016-12-12 08:02:20Z Send 國際股市==>  Program END 

Create log file
2016-12-12 08:46:04Z on time future report... Program Start
2016-12-12 08:46:04Z on time future report... Program END 

Create log file
2016-12-12 08:51:04Z on time future report... Program Start
2016-12-12 08:51:04Z on time future report... Program END 

Create log file
2016-12-12 08:56:07Z on time future report... Program Start
2016-12-12 08:56:07Z on time future report... Program END 

Create log file
2016-12-12 09:01:04Z Send 國際股市==>  Program Start
2016-12-12 09:01:04Z Send 國際股市==>  Program END 

Create log file
2016-12-12 09:01:05Z on time future report... Program Start
2016-12-12 09:01:05Z on time future report... Program END 

Create log file
2016-12-12 09:06:03Z on time future report... Program Start
2016-12-12 09:06:03Z on time future report... Program END 

Create log file
2016-12-12 09:11:03Z on time future report... Program Start
2016-12-12 09:11:03Z on time future report... Program END 

Create log file
2016-12-12 09:16:03Z on time future report... Program Start
2016-12-12 09:16:03Z on time future report... Program END 

Create log file
2016-12-12 09:21:03Z on time future report... Program Start
2016-12-12 09:21:03Z on time future report... Program END 

Create log file
2016-12-12 09:26:06Z on time future report... Program Start
2016-12-12 09:26:06Z on time future report... Program END 

Create log file
2016-12-12 09:31:05Z on time future report... Program Start
2016-12-12 09:31:05Z on time future report... Program END 

Create log file
2016-12-12 09:36:03Z on time future report... Program Start
2016-12-12 09:36:03Z on time future report... Program END 

Create log file
2016-12-12 09:41:03Z on time future report... Program Start
2016-12-12 09:41:03Z on time future report... Program END 

Create log file
2016-12-12 09:46:06Z on time future report... Program Start
2016-12-12 09:46:06Z on time future report... Program END 

Create log file
2016-12-12 09:51:03Z on time future report... Program Start
2016-12-12 09:51:03Z on time future report... Program END 

Create log file
2016-12-12 09:56:03Z on time future report... Program Start
2016-12-12 09:56:03Z on time future report... Program END 

Create log file
2016-12-12 10:01:04Z Send 國際股市==>  Program Start
2016-12-12 10:01:04Z Send 國際股市==>  Program END 

Create log file
2016-12-12 10:01:04Z on time future report... Program Start
2016-12-12 10:01:04Z on time future report... Program END 

Create log file
2016-12-12 10:06:03Z on time future report... Program Start
2016-12-12 10:06:03Z on time future report... Program END 

Create log file
2016-12-12 10:11:03Z on time future report... Program Start
2016-12-12 10:11:03Z on time future report... Program END 

Create log file
2016-12-12 10:16:03Z on time future report... Program Start
2016-12-12 10:16:03Z on time future report... Program END 

Create log file
2016-12-12 10:21:08Z on time future report... Program Start
2016-12-12 10:21:08Z on time future report... Program END 

Create log file
2016-12-12 10:26:03Z on time future report... Program Start
2016-12-12 10:26:03Z on time future report... Program END 

Create log file
2016-12-12 10:31:03Z on time future report... Program Start
2016-12-12 10:31:03Z on time future report... Program END 

Create log file
2016-12-12 10:36:03Z on time future report... Program Start
2016-12-12 10:36:03Z on time future report... Program END 

Create log file
2016-12-12 10:41:03Z on time future report... Program Start
2016-12-12 10:41:03Z on time future report... Program END 

Create log file
2016-12-12 10:46:03Z on time future report... Program Start
2016-12-12 10:46:03Z on time future report... Program END 

Create log file
2016-12-12 10:51:03Z on time future report... Program Start
2016-12-12 10:51:03Z on time future report... Program END 

Create log file
2016-12-12 10:56:03Z on time future report... Program Start
2016-12-12 10:56:03Z on time future report... Program END 

Create log file
2016-12-12 11:01:03Z Send 國際股市==>  Program Start
2016-12-12 11:01:03Z Send 國際股市==>  Program END 

Create log file
2016-12-12 11:01:04Z on time future report... Program Start
2016-12-12 11:01:04Z on time future report... Program END 

Create log file
2016-12-12 11:06:03Z on time future report... Program Start
2016-12-12 11:06:03Z on time future report... Program END 

Create log file
2016-12-12 11:11:04Z on time future report... Program Start
2016-12-12 11:11:04Z on time future report... Program END 

Create log file
2016-12-12 11:16:03Z on time future report... Program Start
2016-12-12 11:16:03Z on time future report... Program END 

Create log file
2016-12-12 11:21:07Z on time future report... Program Start
2016-12-12 11:21:07Z on time future report... Program END 

Create log file
2016-12-12 11:26:03Z on time future report... Program Start
2016-12-12 11:26:03Z on time future report... Program END 

Create log file
2016-12-12 11:31:03Z on time future report... Program Start
2016-12-12 11:31:03Z on time future report... Program END 

Create log file
2016-12-12 11:36:03Z on time future report... Program Start
2016-12-12 11:36:03Z on time future report... Program END 

Create log file
2016-12-12 11:41:03Z on time future report... Program Start
2016-12-12 11:41:03Z on time future report... Program END 

Create log file
2016-12-12 11:51:04Z on time future report... Program Start
2016-12-12 11:51:04Z on time future report... Program END 

Create log file
2016-12-12 11:56:01Z on time future report... Program Start
2016-12-12 11:56:01Z on time future report... Program END 

Create log file
2016-12-12 12:01:02Z on time future report... Program Start
2016-12-12 12:01:02Z on time future report... Program END 

Create log file
2016-12-12 12:01:03Z Send 國際股市==>  Program Start
2016-12-12 12:01:03Z Send 國際股市==>  Program END 

Create log file
2016-12-12 12:06:01Z on time future report... Program Start
2016-12-12 12:06:01Z on time future report... Program END 

Create log file
2016-12-12 12:11:02Z on time future report... Program Start
2016-12-12 12:11:02Z on time future report... Program END 

Create log file
2016-12-12 12:16:04Z on time future report... Program Start
2016-12-12 12:16:04Z on time future report... Program END 

Create log file
2016-12-12 12:21:02Z on time future report... Program Start
2016-12-12 12:21:02Z on time future report... Program END 

Create log file
2016-12-12 12:26:01Z on time future report... Program Start
2016-12-12 12:26:01Z on time future report... Program END 

Create log file
2016-12-12 12:31:01Z on time future report... Program Start
2016-12-12 12:31:01Z on time future report... Program END 

Create log file
2016-12-12 12:36:01Z on time future report... Program Start
2016-12-12 12:36:01Z on time future report... Program END 

Create log file
2016-12-12 12:41:01Z on time future report... Program Start
2016-12-12 12:41:01Z on time future report... Program END 

Create log file
2016-12-12 12:46:01Z on time future report... Program Start
2016-12-12 12:46:01Z on time future report... Program END 

Create log file
2016-12-12 12:51:03Z on time future report... Program Start
2016-12-12 12:51:03Z on time future report... Program END 

Create log file
2016-12-12 12:56:01Z on time future report... Program Start
2016-12-12 12:56:01Z on time future report... Program END 

Create log file
2016-12-12 13:01:03Z on time future report... Program Start
2016-12-12 13:01:03Z on time future report... Program END 

Create log file
2016-12-12 13:01:04Z Send 國際股市==>  Program Start
2016-12-12 13:01:04Z Send 國際股市==>  Program END 

Create log file
2016-12-12 13:06:01Z on time future report... Program Start
2016-12-12 13:06:01Z on time future report... Program END 

Create log file
2016-12-12 13:11:01Z on time future report... Program Start
2016-12-12 13:11:01Z on time future report... Program END 

Create log file
2016-12-12 13:16:01Z on time future report... Program Start
2016-12-12 13:16:01Z on time future report... Program END 

Create log file
2016-12-12 13:21:02Z on time future report... Program Start
2016-12-12 13:21:02Z on time future report... Program END 

Create log file
2016-12-12 13:26:01Z on time future report... Program Start
2016-12-12 13:26:01Z on time future report... Program END 

Create log file
2016-12-12 13:31:01Z on time future report... Program Start
2016-12-12 13:31:01Z on time future report... Program END 

Create log file
2016-12-12 13:36:01Z on time future report... Program Start
2016-12-12 13:36:01Z on time future report... Program END 

Create log file
2016-12-12 13:41:01Z on time future report... Program Start
2016-12-12 13:41:01Z on time future report... Program END 

Create log file
2016-12-12 13:46:01Z on time future report... Program Start
2016-12-12 13:46:01Z on time future report... Program END 

Create log file
2016-12-12 14:01:03Z Send 國際股市==>  Program Start
2016-12-12 14:01:03Z Send 國際股市==>  Program END 

Create log file
2016-12-12 15:01:02Z Send 國際股市==>  Program Start
2016-12-12 15:01:02Z Send 國際股市==>  Program END 

Create log file
2016-12-12 15:50:18Z option_insert_daily Program Start
2016-12-12 15:50:18Z option_insert_daily Program END 

Create log file
2016-12-12 15:56:07Z Send Option_OIV_daily Program Start
2016-12-12 15:56:07Z Send Option_OIV_daily Program END 

Create log file
2016-12-12 16:01:02Z Send 國際股市==>  Program Start
2016-12-12 16:01:02Z Send 國際股市==>  Program END 

Create log file
2016-12-12 17:01:02Z Send 國際股市==>  Program Start
2016-12-12 17:01:02Z Send 國際股市==>  Program END 

Create log file
2016-12-12 18:01:02Z Send 國際股市==>  Program Start
2016-12-12 18:01:02Z Send 國際股市==>  Program END 

Create log file
2016-12-12 18:01:28Z Send 國際股市==>  Program Start
2016-12-12 18:01:28Z Send 國際股市==>  Program END 

Create log file
2016-12-12 18:01:49Z Send 國際股市==>  Program Start
2016-12-12 18:01:49Z Send 國際股市==>  Program END 

Create log file
2016-12-12 18:02:11Z Send 國際股市==>  Program Start
2016-12-12 18:02:11Z Send 國際股市==>  Program END 

Create log file
2016-12-12 18:02:35Z Send 國際股市==>  Program Start
2016-12-12 18:02:35Z Send 國際股市==>  Program END 

Create log file
2016-12-12 19:01:02Z Send 國際股市==>  Program Start
2016-12-12 19:01:02Z Send 國際股市==>  Program END 

Create log file
2016-12-12 19:01:28Z Send 國際股市==>  Program Start
2016-12-12 19:01:28Z Send 國際股市==>  Program END 

Create log file
2016-12-12 19:01:49Z Send 國際股市==>  Program Start
2016-12-12 19:01:49Z Send 國際股市==>  Program END 

Create log file
2016-12-12 19:02:10Z Send 國際股市==>  Program Start
2016-12-12 19:02:10Z Send 國際股市==>  Program END 

Create log file
2016-12-12 19:02:32Z Send 國際股市==>  Program Start
2016-12-12 19:02:32Z Send 國際股市==>  Program END 

Create log file
2016-12-12 19:02:53Z Send 國際股市==>  Program Start
2016-12-12 19:02:53Z Send 國際股市==>  Program END 

Create log file
2016-12-12 19:03:17Z Send 國際股市==>  Program Start
2016-12-12 19:03:17Z Send 國際股市==>  Program END 

Create log file
2016-12-12 20:01:02Z Send 國際股市==>  Program Start
2016-12-12 20:01:02Z Send 國際股市==>  Program END 

Create log file
2016-12-12 20:10:04Z stock_data_daily_create_file Program Start
2016-12-12 20:10:04Z stock_data_daily_create_file Program END 

Create log file
2016-12-12 20:20:05Z stock_data_insert_daily Program Start
2016-12-12 20:20:05Z stock_data_insert_daily Program END 

Create log file
2016-12-12 20:30:11Z Send 股市氣象台電子報-今日我最夯<==Strong_UP==>  Program Start
2016-12-12 20:30:11Z Send 股市氣象台電子報-今日我最夯<==Strong_UP==>  Program END 

Create log file
2016-12-12 21:01:03Z Send 國際股市==>  Program Start
2016-12-12 21:01:03Z Send 國際股市==>  Program END 

Create log file
2016-12-12 22:01:03Z Send 國際股市==>  Program Start
2016-12-12 22:01:03Z Send 國際股市==>  Program END 

Create log file
2016-12-12 22:01:28Z Send 國際股市==>  Program Start
2016-12-12 22:01:28Z Send 國際股市==>  Program END 

Create log file
2016-12-12 22:01:50Z Send 國際股市==>  Program Start
2016-12-12 22:01:50Z Send 國際股市==>  Program END 

Create log file
2016-12-12 23:01:03Z Send 國際股市==>  Program Start
2016-12-12 23:01:03Z Send 國際股市==>  Program END 

