Create log file
2016-07-18 19:01:08Z Send 國際股市==>  Program Start
2016-07-18 19:01:08Z Send 國際股市==>  Program END 

Create log file
2016-07-18 19:01:30Z Send 國際股市==>  Program Start
2016-07-18 19:01:30Z Send 國際股市==>  Program END 

Create log file
2016-07-18 19:01:50Z Send 國際股市==>  Program Start
2016-07-18 19:01:50Z Send 國際股市==>  Program END 

Create log file
2016-07-18 19:02:12Z Send 國際股市==>  Program Start
2016-07-18 19:02:12Z Send 國際股市==>  Program END 

Create log file
2016-07-18 19:02:33Z Send 國際股市==>  Program Start
2016-07-18 19:02:33Z Send 國際股市==>  Program END 

Create log file
2016-07-18 19:02:56Z Send 國際股市==>  Program Start
2016-07-18 19:02:56Z Send 國際股市==>  Program END 

Create log file
2016-07-18 20:01:01Z Send 國際股市==>  Program Start
2016-07-18 20:01:01Z Send 國際股市==>  Program END 

Create log file
2016-07-18 20:10:08Z stock_data_daily_create_file Program Start
2016-07-18 20:10:08Z stock_data_daily_create_file Program END 

Create log file
2016-07-18 20:20:11Z stock_data_insert_daily Program Start
2016-07-18 20:20:11Z stock_data_insert_daily Program END 

Create log file
2016-07-18 20:30:15Z Send 股市氣象台電子報-今日我最夯<==Strong_UP==>  Program Start
2016-07-18 20:30:15Z Send 股市氣象台電子報-今日我最夯<==Strong_UP==>  Program END 

Create log file
2016-07-18 21:01:02Z Send 國際股市==>  Program Start
2016-07-18 21:01:02Z Send 國際股市==>  Program END 

Create log file
2016-07-18 22:01:05Z Send 國際股市==>  Program Start
2016-07-18 22:01:05Z Send 國際股市==>  Program END 

Create log file
2016-07-18 22:01:30Z Send 國際股市==>  Program Start
2016-07-18 22:01:30Z Send 國際股市==>  Program END 

Create log file
2016-07-18 22:01:53Z Send 國際股市==>  Program Start
2016-07-18 22:01:53Z Send 國際股市==>  Program END 

Create log file
2016-07-18 23:01:02Z Send 國際股市==>  Program Start
2016-07-18 23:01:02Z Send 國際股市==>  Program END 

