Create log file
2016-03-19 00:01:05Z Send 國際股市==>  Program Start
2016-03-19 00:01:05Z Send 國際股市==>  Program END 

Create log file
2016-03-19 01:01:01Z Send 國際股市==>  Program Start
2016-03-19 01:01:01Z Send 國際股市==>  Program END 

Create log file
2016-03-19 12:00:24Z Query Stock_id is 3231 Program Start
2016-03-19 12:00:24Z Query Stock_id is 3231 Program END 

Create log file
2016-03-19 12:00:24Z Query Stock_id is 2317 Program Start
2016-03-19 12:00:24Z Query Stock_id is 2317 Program END 

Create log file
2016-03-19 12:00:24Z Query Stock_id is 2883 Program Start
2016-03-19 12:00:24Z Query Stock_id is 2883 Program END 

Create log file
2016-03-19 12:00:24Z Query Stock_id is 3481 Program Start
2016-03-19 12:00:24Z Query Stock_id is 3481 Program END 

Create log file
2016-03-19 12:00:25Z Query Stock_id is 1303 Program Start
2016-03-19 12:00:25Z Query Stock_id is 1303 Program END 

Create log file
2016-03-19 12:00:25Z Query Stock_id is 2330 Program Start
2016-03-19 12:00:25Z Query Stock_id is 2330 Program END 

Create log file
2016-03-19 12:00:25Z Query Stock_id is 1301 Program Start
2016-03-19 12:00:25Z Query Stock_id is 1301 Program END 

Create log file
2016-03-19 12:00:25Z Query Stock_id is 2002 Program Start
2016-03-19 12:00:25Z Query Stock_id is 2002 Program END 

Create log file
2016-03-19 12:00:25Z Query Stock_id is 2880 Program Start
2016-03-19 12:00:25Z Query Stock_id is 2880 Program END 

Create log file
2016-03-19 12:00:25Z Query Stock_id is 3682 Program Start
2016-03-19 12:00:25Z Query Stock_id is 3682 Program END 

Create log file
2016-03-19 12:00:25Z Query Stock_id is 3702 Program Start
2016-03-19 12:00:25Z Query Stock_id is 3702 Program END 

Create log file
2016-03-19 12:00:26Z Query Stock_id is 2379 Program Start
2016-03-19 12:00:26Z Query Stock_id is 2379 Program END 

Create log file
2016-03-19 12:00:26Z Query Stock_id is 2801 Program Start
2016-03-19 12:00:26Z Query Stock_id is 2801 Program END 

Create log file
2016-03-19 12:00:26Z Query Stock_id is 3474 Program Start
2016-03-19 12:00:26Z Query Stock_id is 3474 Program END 

Create log file
2016-03-19 12:00:26Z Query Stock_id is 2303 Program Start
2016-03-19 12:00:26Z Query Stock_id is 2303 Program END 

Create log file
2016-03-19 12:00:26Z Query Stock_id is 2301 Program Start
2016-03-19 12:00:26Z Query Stock_id is 2301 Program END 

Create log file
2016-03-19 12:00:26Z Query Stock_id is 9945 Program Start
2016-03-19 12:00:26Z Query Stock_id is 9945 Program END 

Create log file
2016-03-19 12:00:27Z Query Stock_id is 1504 Program Start
2016-03-19 12:00:27Z Query Stock_id is 1504 Program END 

Create log file
2016-03-19 12:00:27Z Query Stock_id is 2324 Program Start
2016-03-19 12:00:27Z Query Stock_id is 2324 Program END 

Create log file
2016-03-19 12:00:27Z Query Stock_id is 2356 Program Start
2016-03-19 12:00:27Z Query Stock_id is 2356 Program END 

Create log file
2016-03-19 17:06:05Z Query Stock_id is 3231 Program Start
2016-03-19 17:06:05Z Query Stock_id is 3231 Program END 

Create log file
2016-03-19 17:06:05Z Query Stock_id is 2317 Program Start
2016-03-19 17:06:05Z Query Stock_id is 2317 Program END 

Create log file
2016-03-19 17:06:05Z Query Stock_id is 2883 Program Start
2016-03-19 17:06:05Z Query Stock_id is 2883 Program END 

Create log file
2016-03-19 17:06:05Z Query Stock_id is 3481 Program Start
2016-03-19 17:06:05Z Query Stock_id is 3481 Program END 

Create log file
2016-03-19 17:06:05Z Query Stock_id is 1303 Program Start
2016-03-19 17:06:05Z Query Stock_id is 1303 Program END 

Create log file
2016-03-19 17:06:06Z Query Stock_id is 2330 Program Start
2016-03-19 17:06:06Z Query Stock_id is 2330 Program END 

Create log file
2016-03-19 17:06:06Z Query Stock_id is 1301 Program Start
2016-03-19 17:06:06Z Query Stock_id is 1301 Program END 

Create log file
2016-03-19 17:06:06Z Query Stock_id is 2002 Program Start
2016-03-19 17:06:06Z Query Stock_id is 2002 Program END 

Create log file
2016-03-19 17:06:06Z Query Stock_id is 2880 Program Start
2016-03-19 17:06:06Z Query Stock_id is 2880 Program END 

Create log file
2016-03-19 17:06:06Z Query Stock_id is 3682 Program Start
2016-03-19 17:06:06Z Query Stock_id is 3682 Program END 

Create log file
2016-03-19 17:06:06Z Query Stock_id is 3702 Program Start
2016-03-19 17:06:06Z Query Stock_id is 3702 Program END 

Create log file
2016-03-19 17:06:07Z Query Stock_id is 2379 Program Start
2016-03-19 17:06:07Z Query Stock_id is 2379 Program END 

Create log file
2016-03-19 17:06:07Z Query Stock_id is 2801 Program Start
2016-03-19 17:06:07Z Query Stock_id is 2801 Program END 

Create log file
2016-03-19 17:06:07Z Query Stock_id is 3474 Program Start
2016-03-19 17:06:07Z Query Stock_id is 3474 Program END 

Create log file
2016-03-19 17:06:07Z Query Stock_id is 2303 Program Start
2016-03-19 17:06:07Z Query Stock_id is 2303 Program END 

Create log file
2016-03-19 17:06:07Z Query Stock_id is 2301 Program Start
2016-03-19 17:06:07Z Query Stock_id is 2301 Program END 

Create log file
2016-03-19 17:06:07Z Query Stock_id is 9945 Program Start
2016-03-19 17:06:07Z Query Stock_id is 9945 Program END 

Create log file
2016-03-19 17:06:08Z Query Stock_id is 1504 Program Start
2016-03-19 17:06:08Z Query Stock_id is 1504 Program END 

Create log file
2016-03-19 17:06:08Z Query Stock_id is 2324 Program Start
2016-03-19 17:06:08Z Query Stock_id is 2324 Program END 

Create log file
2016-03-19 17:06:08Z Query Stock_id is 2356 Program Start
2016-03-19 17:06:08Z Query Stock_id is 2356 Program END 

Create log file
2016-03-19 17:06:17Z Query Stock_id is 3231 Program Start
2016-03-19 17:06:17Z Query Stock_id is 3231 Program END 

Create log file
2016-03-19 17:06:17Z Query Stock_id is 2317 Program Start
2016-03-19 17:06:17Z Query Stock_id is 2317 Program END 

Create log file
2016-03-19 17:06:17Z Query Stock_id is 2883 Program Start
2016-03-19 17:06:17Z Query Stock_id is 2883 Program END 

Create log file
2016-03-19 17:06:17Z Query Stock_id is 3481 Program Start
2016-03-19 17:06:17Z Query Stock_id is 3481 Program END 

Create log file
2016-03-19 17:06:17Z Query Stock_id is 1303 Program Start
2016-03-19 17:06:17Z Query Stock_id is 1303 Program END 

Create log file
2016-03-19 17:06:18Z Query Stock_id is 2330 Program Start
2016-03-19 17:06:18Z Query Stock_id is 2330 Program END 

Create log file
2016-03-19 17:06:18Z Query Stock_id is 1301 Program Start
2016-03-19 17:06:18Z Query Stock_id is 1301 Program END 

Create log file
2016-03-19 17:06:18Z Query Stock_id is 2002 Program Start
2016-03-19 17:06:18Z Query Stock_id is 2002 Program END 

Create log file
2016-03-19 17:06:18Z Query Stock_id is 2880 Program Start
2016-03-19 17:06:18Z Query Stock_id is 2880 Program END 

Create log file
2016-03-19 17:06:18Z Query Stock_id is 3682 Program Start
2016-03-19 17:06:18Z Query Stock_id is 3682 Program END 

Create log file
2016-03-19 17:06:18Z Query Stock_id is 3702 Program Start
2016-03-19 17:06:18Z Query Stock_id is 3702 Program END 

Create log file
2016-03-19 17:06:19Z Query Stock_id is 2379 Program Start
2016-03-19 17:06:19Z Query Stock_id is 2379 Program END 

Create log file
2016-03-19 17:06:19Z Query Stock_id is 2801 Program Start
2016-03-19 17:06:19Z Query Stock_id is 2801 Program END 

Create log file
2016-03-19 17:06:19Z Query Stock_id is 3474 Program Start
2016-03-19 17:06:19Z Query Stock_id is 3474 Program END 

Create log file
2016-03-19 17:06:19Z Query Stock_id is 2303 Program Start
2016-03-19 17:06:19Z Query Stock_id is 2303 Program END 

Create log file
2016-03-19 17:06:19Z Query Stock_id is 2301 Program Start
2016-03-19 17:06:19Z Query Stock_id is 2301 Program END 

Create log file
2016-03-19 17:06:19Z Query Stock_id is 9945 Program Start
2016-03-19 17:06:19Z Query Stock_id is 9945 Program END 

Create log file
2016-03-19 17:06:20Z Query Stock_id is 1504 Program Start
2016-03-19 17:06:20Z Query Stock_id is 1504 Program END 

Create log file
2016-03-19 17:06:20Z Query Stock_id is 2324 Program Start
2016-03-19 17:06:20Z Query Stock_id is 2324 Program END 

Create log file
2016-03-19 17:06:20Z Query Stock_id is 2356 Program Start
2016-03-19 17:06:20Z Query Stock_id is 2356 Program END 

Create log file
2016-03-19 20:12:12Z Query Stock_id is 3231 Program Start
2016-03-19 20:12:12Z Query Stock_id is 3231 Program END 

Create log file
2016-03-19 20:12:12Z Query Stock_id is 2317 Program Start
2016-03-19 20:12:12Z Query Stock_id is 2317 Program END 

Create log file
2016-03-19 20:12:13Z Query Stock_id is 2883 Program Start
2016-03-19 20:12:13Z Query Stock_id is 2883 Program END 

Create log file
2016-03-19 20:12:13Z Query Stock_id is 3481 Program Start
2016-03-19 20:12:13Z Query Stock_id is 3481 Program END 

Create log file
2016-03-19 20:12:13Z Query Stock_id is 1303 Program Start
2016-03-19 20:12:13Z Query Stock_id is 1303 Program END 

Create log file
2016-03-19 20:12:13Z Query Stock_id is 2330 Program Start
2016-03-19 20:12:13Z Query Stock_id is 2330 Program END 

Create log file
2016-03-19 20:12:13Z Query Stock_id is 1301 Program Start
2016-03-19 20:12:13Z Query Stock_id is 1301 Program END 

Create log file
2016-03-19 20:12:13Z Query Stock_id is 2002 Program Start
2016-03-19 20:12:13Z Query Stock_id is 2002 Program END 

Create log file
2016-03-19 20:12:14Z Query Stock_id is 2880 Program Start
2016-03-19 20:12:14Z Query Stock_id is 2880 Program END 

Create log file
2016-03-19 20:12:14Z Query Stock_id is 3682 Program Start
2016-03-19 20:12:14Z Query Stock_id is 3682 Program END 

Create log file
2016-03-19 20:12:14Z Query Stock_id is 3702 Program Start
2016-03-19 20:12:14Z Query Stock_id is 3702 Program END 

Create log file
2016-03-19 20:12:14Z Query Stock_id is 2379 Program Start
2016-03-19 20:12:14Z Query Stock_id is 2379 Program END 

Create log file
2016-03-19 20:12:14Z Query Stock_id is 2801 Program Start
2016-03-19 20:12:14Z Query Stock_id is 2801 Program END 

Create log file
2016-03-19 20:12:14Z Query Stock_id is 3474 Program Start
2016-03-19 20:12:14Z Query Stock_id is 3474 Program END 

Create log file
2016-03-19 20:12:15Z Query Stock_id is 2303 Program Start
2016-03-19 20:12:15Z Query Stock_id is 2303 Program END 

Create log file
2016-03-19 20:12:15Z Query Stock_id is 2301 Program Start
2016-03-19 20:12:15Z Query Stock_id is 2301 Program END 

Create log file
2016-03-19 20:12:15Z Query Stock_id is 9945 Program Start
2016-03-19 20:12:15Z Query Stock_id is 9945 Program END 

Create log file
2016-03-19 20:12:15Z Query Stock_id is 1504 Program Start
2016-03-19 20:12:15Z Query Stock_id is 1504 Program END 

Create log file
2016-03-19 20:12:15Z Query Stock_id is 2324 Program Start
2016-03-19 20:12:15Z Query Stock_id is 2324 Program END 

Create log file
2016-03-19 20:12:15Z Query Stock_id is 2356 Program Start
2016-03-19 20:12:15Z Query Stock_id is 2356 Program END 

