Create log file
2016-04-04 08:01:03Z Send 國際股市==>  Program Start
2016-04-04 08:01:03Z Send 國際股市==>  Program END 

Create log file
2016-04-04 08:01:30Z Send 國際股市==>  Program Start
2016-04-04 08:01:30Z Send 國際股市==>  Program END 

Create log file
2016-04-04 08:01:52Z Send 國際股市==>  Program Start
2016-04-04 08:01:52Z Send 國際股市==>  Program END 

Create log file
2016-04-04 08:46:04Z on time future report... Program Start
2016-04-04 08:46:04Z on time future report... Program END 

Create log file
2016-04-04 08:51:03Z on time future report... Program Start
2016-04-04 08:51:03Z on time future report... Program END 

Create log file
2016-04-04 08:56:03Z on time future report... Program Start
2016-04-04 08:56:03Z on time future report... Program END 

Create log file
2016-04-04 09:01:03Z Send 國際股市==>  Program Start
2016-04-04 09:01:03Z Send 國際股市==>  Program END 

Create log file
2016-04-04 09:01:05Z on time future report... Program Start
2016-04-04 09:01:05Z on time future report... Program END 

Create log file
2016-04-04 09:06:03Z on time future report... Program Start
2016-04-04 09:06:03Z on time future report... Program END 

Create log file
2016-04-04 09:11:03Z on time future report... Program Start
2016-04-04 09:11:03Z on time future report... Program END 

Create log file
2016-04-04 09:16:03Z on time future report... Program Start
2016-04-04 09:16:03Z on time future report... Program END 

Create log file
2016-04-04 09:21:03Z on time future report... Program Start
2016-04-04 09:21:03Z on time future report... Program END 

Create log file
2016-04-04 09:26:03Z on time future report... Program Start
2016-04-04 09:26:03Z on time future report... Program END 

Create log file
2016-04-04 09:31:03Z on time future report... Program Start
2016-04-04 09:31:03Z on time future report... Program END 

Create log file
2016-04-04 09:36:03Z on time future report... Program Start
2016-04-04 09:36:03Z on time future report... Program END 

Create log file
2016-04-04 09:41:03Z on time future report... Program Start
2016-04-04 09:41:03Z on time future report... Program END 

Create log file
2016-04-04 09:46:07Z on time future report... Program Start
2016-04-04 09:46:07Z on time future report... Program END 

Create log file
2016-04-04 09:51:03Z on time future report... Program Start
2016-04-04 09:51:03Z on time future report... Program END 

Create log file
2016-04-04 09:56:04Z on time future report... Program Start
2016-04-04 09:56:04Z on time future report... Program END 

Create log file
2016-04-04 10:01:03Z Send 國際股市==>  Program Start
2016-04-04 10:01:03Z Send 國際股市==>  Program END 

Create log file
2016-04-04 10:01:04Z on time future report... Program Start
2016-04-04 10:01:04Z on time future report... Program END 

Create log file
2016-04-04 10:06:03Z on time future report... Program Start
2016-04-04 10:06:03Z on time future report... Program END 

Create log file
2016-04-04 10:11:03Z on time future report... Program Start
2016-04-04 10:11:03Z on time future report... Program END 

Create log file
2016-04-04 10:16:03Z on time future report... Program Start
2016-04-04 10:16:03Z on time future report... Program END 

Create log file
2016-04-04 10:21:03Z on time future report... Program Start
2016-04-04 10:21:03Z on time future report... Program END 

Create log file
2016-04-04 10:26:03Z on time future report... Program Start
2016-04-04 10:26:03Z on time future report... Program END 

Create log file
2016-04-04 10:31:03Z on time future report... Program Start
2016-04-04 10:31:03Z on time future report... Program END 

Create log file
2016-04-04 10:36:03Z on time future report... Program Start
2016-04-04 10:36:03Z on time future report... Program END 

Create log file
2016-04-04 10:41:03Z on time future report... Program Start
2016-04-04 10:41:03Z on time future report... Program END 

Create log file
2016-04-04 10:46:03Z on time future report... Program Start
2016-04-04 10:46:03Z on time future report... Program END 

Create log file
2016-04-04 10:51:03Z on time future report... Program Start
2016-04-04 10:51:03Z on time future report... Program END 

Create log file
2016-04-04 10:56:03Z on time future report... Program Start
2016-04-04 10:56:03Z on time future report... Program END 

Create log file
2016-04-04 11:01:03Z Send 國際股市==>  Program Start
2016-04-04 11:01:03Z Send 國際股市==>  Program END 

Create log file
2016-04-04 11:01:04Z on time future report... Program Start
2016-04-04 11:01:04Z on time future report... Program END 

Create log file
2016-04-04 11:06:03Z on time future report... Program Start
2016-04-04 11:06:03Z on time future report... Program END 

Create log file
2016-04-04 11:11:05Z on time future report... Program Start
2016-04-04 11:11:05Z on time future report... Program END 

Create log file
2016-04-04 11:16:03Z on time future report... Program Start
2016-04-04 11:16:03Z on time future report... Program END 

Create log file
2016-04-04 11:21:07Z on time future report... Program Start
2016-04-04 11:21:07Z on time future report... Program END 

Create log file
2016-04-04 11:26:03Z on time future report... Program Start
2016-04-04 11:26:03Z on time future report... Program END 

Create log file
2016-04-04 11:31:04Z on time future report... Program Start
2016-04-04 11:31:04Z on time future report... Program END 

Create log file
2016-04-04 11:36:03Z on time future report... Program Start
2016-04-04 11:36:03Z on time future report... Program END 

Create log file
2016-04-04 11:41:05Z on time future report... Program Start
2016-04-04 11:41:05Z on time future report... Program END 

Create log file
2016-04-04 11:46:03Z on time future report... Program Start
2016-04-04 11:46:03Z on time future report... Program END 

Create log file
2016-04-04 11:51:05Z on time future report... Program Start
2016-04-04 11:51:05Z on time future report... Program END 

Create log file
2016-04-04 11:56:04Z on time future report... Program Start
2016-04-04 11:56:04Z on time future report... Program END 

Create log file
2016-04-04 12:01:03Z Send 國際股市==>  Program Start
2016-04-04 12:01:03Z Send 國際股市==>  Program END 

Create log file
2016-04-04 12:01:04Z on time future report... Program Start
2016-04-04 12:01:04Z on time future report... Program END 

Create log file
2016-04-04 12:06:03Z on time future report... Program Start
2016-04-04 12:06:03Z on time future report... Program END 

Create log file
2016-04-04 12:11:05Z on time future report... Program Start
2016-04-04 12:11:05Z on time future report... Program END 

Create log file
2016-04-04 12:16:03Z on time future report... Program Start
2016-04-04 12:16:03Z on time future report... Program END 

Create log file
2016-04-04 12:21:05Z on time future report... Program Start
2016-04-04 12:21:05Z on time future report... Program END 

Create log file
2016-04-04 12:26:03Z on time future report... Program Start
2016-04-04 12:26:03Z on time future report... Program END 

Create log file
2016-04-04 12:31:08Z on time future report... Program Start
2016-04-04 12:31:08Z on time future report... Program END 

Create log file
2016-04-04 12:36:03Z on time future report... Program Start
2016-04-04 12:36:03Z on time future report... Program END 

Create log file
2016-04-04 12:41:03Z on time future report... Program Start
2016-04-04 12:41:03Z on time future report... Program END 

Create log file
2016-04-04 12:46:04Z on time future report... Program Start
2016-04-04 12:46:04Z on time future report... Program END 

Create log file
2016-04-04 12:51:05Z on time future report... Program Start
2016-04-04 12:51:05Z on time future report... Program END 

Create log file
2016-04-04 12:56:03Z on time future report... Program Start
2016-04-04 12:56:03Z on time future report... Program END 

Create log file
2016-04-04 13:01:03Z Send 國際股市==>  Program Start
2016-04-04 13:01:03Z Send 國際股市==>  Program END 

Create log file
2016-04-04 13:01:06Z on time future report... Program Start
2016-04-04 13:01:06Z on time future report... Program END 

Create log file
2016-04-04 13:06:03Z on time future report... Program Start
2016-04-04 13:06:03Z on time future report... Program END 

Create log file
2016-04-04 13:11:03Z on time future report... Program Start
2016-04-04 13:11:03Z on time future report... Program END 

Create log file
2016-04-04 13:16:03Z on time future report... Program Start
2016-04-04 13:16:03Z on time future report... Program END 

Create log file
2016-04-04 13:21:03Z on time future report... Program Start
2016-04-04 13:21:03Z on time future report... Program END 

Create log file
2016-04-04 13:26:05Z on time future report... Program Start
2016-04-04 13:26:05Z on time future report... Program END 

Create log file
2016-04-04 13:31:03Z on time future report... Program Start
2016-04-04 13:31:03Z on time future report... Program END 

Create log file
2016-04-04 13:36:05Z on time future report... Program Start
2016-04-04 13:36:05Z on time future report... Program END 

Create log file
2016-04-04 13:41:04Z on time future report... Program Start
2016-04-04 13:41:04Z on time future report... Program END 

Create log file
2016-04-04 13:46:03Z on time future report... Program Start
2016-04-04 13:46:03Z on time future report... Program END 

Create log file
2016-04-04 15:50:26Z option_insert_daily Program Start
2016-04-04 15:50:26Z option_insert_daily Program END 

Create log file
2016-04-04 15:56:21Z Send Option_OIV_daily Program Start
2016-04-04 15:56:21Z Send Option_OIV_daily Program END 

