Create log file
2016-07-26 00:01:02Z Send 國際股市==>  Program Start
2016-07-26 00:01:02Z Send 國際股市==>  Program END 

Create log file
2016-07-26 01:01:01Z Send 國際股市==>  Program Start
2016-07-26 01:01:01Z Send 國際股市==>  Program END 

Create log file
2016-07-26 08:01:02Z Send 國際股市==>  Program Start
2016-07-26 08:01:02Z Send 國際股市==>  Program END 

Create log file
2016-07-26 08:01:32Z Send 國際股市==>  Program Start
2016-07-26 08:01:32Z Send 國際股市==>  Program END 

Create log file
2016-07-26 08:01:55Z Send 國際股市==>  Program Start
2016-07-26 08:01:55Z Send 國際股市==>  Program END 

Create log file
2016-07-26 08:02:17Z Send 國際股市==>  Program Start
2016-07-26 08:02:17Z Send 國際股市==>  Program END 

Create log file
2016-07-26 09:01:01Z Send 國際股市==>  Program Start
2016-07-26 09:01:01Z Send 國際股市==>  Program END 

Create log file
2016-07-26 10:01:01Z Send 國際股市==>  Program Start
2016-07-26 10:01:01Z Send 國際股市==>  Program END 

Create log file
2016-07-26 11:01:01Z Send 國際股市==>  Program Start
2016-07-26 11:01:01Z Send 國際股市==>  Program END 

Create log file
2016-07-26 12:01:01Z Send 國際股市==>  Program Start
2016-07-26 12:01:01Z Send 國際股市==>  Program END 

Create log file
2016-07-26 13:01:01Z Send 國際股市==>  Program Start
2016-07-26 13:01:01Z Send 國際股市==>  Program END 

Create log file
2016-07-26 14:01:01Z Send 國際股市==>  Program Start
2016-07-26 14:01:01Z Send 國際股市==>  Program END 

Create log file
2016-07-26 15:01:01Z Send 國際股市==>  Program Start
2016-07-26 15:01:01Z Send 國際股市==>  Program END 

Create log file
2016-07-26 15:50:20Z option_insert_daily Program Start
2016-07-26 15:50:20Z option_insert_daily Program END 

Create log file
2016-07-26 21:01:29Z Send 國際股市==>  Program Start
2016-07-26 21:01:29Z Send 國際股市==>  Program END 

Create log file
2016-07-26 21:12:27Z Send 國際股市==>  Program Start
2016-07-26 21:12:27Z Send 國際股市==>  Program END 

Create log file
2016-07-26 21:14:32Z Send 國際股市==>  Program Start
2016-07-26 21:14:32Z Send 國際股市==>  Program END 

Create log file
2016-07-26 21:27:47Z Send 國際股市==>  Program Start
2016-07-26 21:27:47Z Send 國際股市==>  Program END 

Create log file
2016-07-26 21:54:30Z Send 國際股市==>  Program Start
2016-07-26 21:54:30Z Send 國際股市==>  Program END 

Create log file
2016-07-26 22:01:06Z Send 國際股市==>  Program Start
2016-07-26 22:01:06Z Send 國際股市==>  Program END 

Create log file
2016-07-26 22:01:28Z Send 國際股市==>  Program Start
2016-07-26 22:01:28Z Send 國際股市==>  Program END 

Create log file
2016-07-26 22:01:51Z Send 國際股市==>  Program Start
2016-07-26 22:01:51Z Send 國際股市==>  Program END 

Create log file
2016-07-26 23:01:02Z Send 國際股市==>  Program Start
2016-07-26 23:01:02Z Send 國際股市==>  Program END 

