Create log file
2016-02-29 08:01:03Z Send 國際股市==>  Program Start
2016-02-29 08:01:03Z Send 國際股市==>  Program END 

Create log file
2016-02-29 08:01:32Z Send 國際股市==>  Program Start
2016-02-29 08:01:32Z Send 國際股市==>  Program END 

Create log file
2016-02-29 08:01:55Z Send 國際股市==>  Program Start
2016-02-29 08:01:55Z Send 國際股市==>  Program END 

Create log file
2016-02-29 08:46:03Z on time future report... Program Start
2016-02-29 08:46:03Z on time future report... Program END 

Create log file
2016-02-29 08:51:03Z on time future report... Program Start
2016-02-29 08:51:03Z on time future report... Program END 

Create log file
2016-02-29 08:56:03Z on time future report... Program Start
2016-02-29 08:56:03Z on time future report... Program END 

Create log file
2016-02-29 09:01:04Z Send 國際股市==>  Program Start
2016-02-29 09:01:04Z Send 國際股市==>  Program END 

Create log file
2016-02-29 09:01:04Z on time future report... Program Start
2016-02-29 09:01:04Z on time future report... Program END 

Create log file
2016-02-29 09:06:03Z on time future report... Program Start
2016-02-29 09:06:03Z on time future report... Program END 

Create log file
2016-02-29 09:11:03Z on time future report... Program Start
2016-02-29 09:11:03Z on time future report... Program END 

Create log file
2016-02-29 09:16:03Z on time future report... Program Start
2016-02-29 09:16:03Z on time future report... Program END 

Create log file
2016-02-29 09:21:03Z on time future report... Program Start
2016-02-29 09:21:03Z on time future report... Program END 

Create log file
2016-02-29 09:26:03Z on time future report... Program Start
2016-02-29 09:26:03Z on time future report... Program END 

Create log file
2016-02-29 09:31:03Z on time future report... Program Start
2016-02-29 09:31:03Z on time future report... Program END 

Create log file
2016-02-29 09:36:06Z on time future report... Program Start
2016-02-29 09:36:06Z on time future report... Program END 

Create log file
2016-02-29 09:41:03Z on time future report... Program Start
2016-02-29 09:41:03Z on time future report... Program END 

Create log file
2016-02-29 09:46:03Z on time future report... Program Start
2016-02-29 09:46:03Z on time future report... Program END 

Create log file
2016-02-29 09:51:03Z on time future report... Program Start
2016-02-29 09:51:03Z on time future report... Program END 

Create log file
2016-02-29 09:56:03Z on time future report... Program Start
2016-02-29 09:56:03Z on time future report... Program END 

Create log file
2016-02-29 10:01:03Z Send 國際股市==>  Program Start
2016-02-29 10:01:03Z Send 國際股市==>  Program END 

Create log file
2016-02-29 10:01:03Z on time future report... Program Start
2016-02-29 10:01:03Z on time future report... Program END 

Create log file
2016-02-29 10:06:03Z on time future report... Program Start
2016-02-29 10:06:03Z on time future report... Program END 

Create log file
2016-02-29 10:11:03Z on time future report... Program Start
2016-02-29 10:11:03Z on time future report... Program END 

Create log file
2016-02-29 10:16:03Z on time future report... Program Start
2016-02-29 10:16:03Z on time future report... Program END 

Create log file
2016-02-29 10:21:03Z on time future report... Program Start
2016-02-29 10:21:03Z on time future report... Program END 

Create log file
2016-02-29 10:26:03Z on time future report... Program Start
2016-02-29 10:26:03Z on time future report... Program END 

Create log file
2016-02-29 10:31:03Z on time future report... Program Start
2016-02-29 10:31:03Z on time future report... Program END 

Create log file
2016-02-29 10:36:03Z on time future report... Program Start
2016-02-29 10:36:03Z on time future report... Program END 

Create log file
2016-02-29 10:41:03Z on time future report... Program Start
2016-02-29 10:41:03Z on time future report... Program END 

Create log file
2016-02-29 10:46:03Z on time future report... Program Start
2016-02-29 10:46:03Z on time future report... Program END 

Create log file
2016-02-29 10:51:03Z on time future report... Program Start
2016-02-29 10:51:03Z on time future report... Program END 

Create log file
2016-02-29 10:56:01Z on time future report... Program Start
2016-02-29 10:56:01Z on time future report... Program END 

Create log file
2016-02-29 11:01:05Z on time future report... Program Start
2016-02-29 11:01:05Z on time future report... Program END 

Create log file
2016-02-29 11:01:05Z Send 國際股市==>  Program Start
2016-02-29 11:01:05Z Send 國際股市==>  Program END 

Create log file
2016-02-29 11:06:01Z on time future report... Program Start
2016-02-29 11:06:01Z on time future report... Program END 

Create log file
2016-02-29 11:11:01Z on time future report... Program Start
2016-02-29 11:11:01Z on time future report... Program END 

Create log file
2016-02-29 11:16:01Z on time future report... Program Start
2016-02-29 11:16:01Z on time future report... Program END 

Create log file
2016-02-29 11:21:01Z on time future report... Program Start
2016-02-29 11:21:01Z on time future report... Program END 

Create log file
2016-02-29 11:26:01Z on time future report... Program Start
2016-02-29 11:26:01Z on time future report... Program END 

Create log file
2016-02-29 11:31:01Z on time future report... Program Start
2016-02-29 11:31:01Z on time future report... Program END 

Create log file
2016-02-29 11:36:01Z on time future report... Program Start
2016-02-29 11:36:01Z on time future report... Program END 

Create log file
2016-02-29 11:41:01Z on time future report... Program Start
2016-02-29 11:41:01Z on time future report... Program END 

Create log file
2016-02-29 11:46:01Z on time future report... Program Start
2016-02-29 11:46:01Z on time future report... Program END 

Create log file
2016-02-29 11:51:00Z on time future report... Program Start
2016-02-29 11:51:00Z on time future report... Program END 

Create log file
2016-02-29 11:56:01Z on time future report... Program Start
2016-02-29 11:56:01Z on time future report... Program END 

Create log file
2016-02-29 12:01:03Z Send 國際股市==>  Program Start
2016-02-29 12:01:03Z Send 國際股市==>  Program END 

Create log file
2016-02-29 12:01:04Z on time future report... Program Start
2016-02-29 12:01:04Z on time future report... Program END 

Create log file
2016-02-29 12:06:03Z on time future report... Program Start
2016-02-29 12:06:03Z on time future report... Program END 

Create log file
2016-02-29 12:11:03Z on time future report... Program Start
2016-02-29 12:11:03Z on time future report... Program END 

Create log file
2016-02-29 12:16:03Z on time future report... Program Start
2016-02-29 12:16:03Z on time future report... Program END 

Create log file
2016-02-29 12:21:03Z on time future report... Program Start
2016-02-29 12:21:03Z on time future report... Program END 

Create log file
2016-02-29 12:26:03Z on time future report... Program Start
2016-02-29 12:26:03Z on time future report... Program END 

Create log file
2016-02-29 12:31:03Z on time future report... Program Start
2016-02-29 12:31:03Z on time future report... Program END 

Create log file
2016-02-29 12:36:03Z on time future report... Program Start
2016-02-29 12:36:03Z on time future report... Program END 

Create log file
2016-02-29 12:41:03Z on time future report... Program Start
2016-02-29 12:41:03Z on time future report... Program END 

Create log file
2016-02-29 12:46:03Z on time future report... Program Start
2016-02-29 12:46:03Z on time future report... Program END 

Create log file
2016-02-29 12:51:03Z on time future report... Program Start
2016-02-29 12:51:03Z on time future report... Program END 

Create log file
2016-02-29 12:56:03Z on time future report... Program Start
2016-02-29 12:56:03Z on time future report... Program END 

Create log file
2016-02-29 13:01:03Z Send 國際股市==>  Program Start
2016-02-29 13:01:03Z Send 國際股市==>  Program END 

Create log file
2016-02-29 13:01:04Z on time future report... Program Start
2016-02-29 13:01:04Z on time future report... Program END 

Create log file
2016-02-29 13:06:03Z on time future report... Program Start
2016-02-29 13:06:03Z on time future report... Program END 

Create log file
2016-02-29 13:11:03Z on time future report... Program Start
2016-02-29 13:11:03Z on time future report... Program END 

Create log file
2016-02-29 13:16:03Z on time future report... Program Start
2016-02-29 13:16:03Z on time future report... Program END 

Create log file
2016-02-29 13:21:03Z on time future report... Program Start
2016-02-29 13:21:03Z on time future report... Program END 

Create log file
2016-02-29 13:26:04Z on time future report... Program Start
2016-02-29 13:26:04Z on time future report... Program END 

Create log file
2016-02-29 13:31:03Z on time future report... Program Start
2016-02-29 13:31:03Z on time future report... Program END 

Create log file
2016-02-29 13:36:03Z on time future report... Program Start
2016-02-29 13:36:03Z on time future report... Program END 

Create log file
2016-02-29 13:41:04Z on time future report... Program Start
2016-02-29 13:41:04Z on time future report... Program END 

Create log file
2016-02-29 13:46:03Z on time future report... Program Start
2016-02-29 13:46:03Z on time future report... Program END 

Create log file
2016-02-29 14:01:02Z Send 國際股市==>  Program Start
2016-02-29 14:01:02Z Send 國際股市==>  Program END 

Create log file
2016-02-29 15:01:03Z Send 國際股市==>  Program Start
2016-02-29 15:01:03Z Send 國際股市==>  Program END 

Create log file
2016-02-29 15:50:21Z option_insert_daily Program Start
2016-02-29 15:50:21Z option_insert_daily Program END 

Create log file
2016-02-29 15:56:07Z Send Option_OIV_daily Program Start
2016-02-29 15:56:07Z Send Option_OIV_daily Program END 

Create log file
2016-02-29 16:01:03Z Send 國際股市==>  Program Start
2016-02-29 16:01:03Z Send 國際股市==>  Program END 

Create log file
2016-02-29 17:01:02Z Send 國際股市==>  Program Start
2016-02-29 17:01:02Z Send 國際股市==>  Program END 

Create log file
2016-02-29 18:01:03Z Send 國際股市==>  Program Start
2016-02-29 18:01:03Z Send 國際股市==>  Program END 

Create log file
2016-02-29 18:01:29Z Send 國際股市==>  Program Start
2016-02-29 18:01:29Z Send 國際股市==>  Program END 

Create log file
2016-02-29 18:01:24Z Send 國際股市==>  Program Start
2016-02-29 18:01:24Z Send 國際股市==>  Program END 

Create log file
2016-02-29 18:01:46Z Send 國際股市==>  Program Start
2016-02-29 18:01:46Z Send 國際股市==>  Program END 

Create log file
2016-02-29 19:01:03Z Send 國際股市==>  Program Start
2016-02-29 19:01:03Z Send 國際股市==>  Program END 

Create log file
2016-02-29 19:01:01Z Send 國際股市==>  Program Start
2016-02-29 19:01:01Z Send 國際股市==>  Program END 

Create log file
2016-02-29 19:01:25Z Send 國際股市==>  Program Start
2016-02-29 19:01:25Z Send 國際股市==>  Program END 

Create log file
2016-02-29 20:01:03Z Send 國際股市==>  Program Start
2016-02-29 20:01:03Z Send 國際股市==>  Program END 

Create log file
2016-02-29 20:10:04Z stock_data_daily_create_file Program Start
2016-02-29 20:10:04Z stock_data_daily_create_file Program END 

Create log file
2016-02-29 20:20:09Z stock_data_insert_daily Program Start
2016-02-29 20:20:09Z stock_data_insert_daily Program END 

Create log file
2016-02-29 20:30:12Z Send 股市氣象台電子報-今日我最夯<==Strong_UP==>  Program Start
2016-02-29 20:30:12Z Send 股市氣象台電子報-今日我最夯<==Strong_UP==>  Program END 

Create log file
2016-02-29 21:01:03Z Send 國際股市==>  Program Start
2016-02-29 21:01:03Z Send 國際股市==>  Program END 

Create log file
2016-02-29 22:01:03Z Send 國際股市==>  Program Start
2016-02-29 22:01:03Z Send 國際股市==>  Program END 

Create log file
2016-02-29 22:01:32Z Send 國際股市==>  Program Start
2016-02-29 22:01:32Z Send 國際股市==>  Program END 

Create log file
2016-02-29 23:01:03Z Send 國際股市==>  Program Start
2016-02-29 23:01:03Z Send 國際股市==>  Program END 

