Create log file
2016-06-20 08:01:28Z Send 國際股市==>  Program Start
2016-06-20 08:01:28Z Send 國際股市==>  Program END 

Create log file
2016-06-20 08:01:56Z Send 國際股市==>  Program Start
2016-06-20 08:01:56Z Send 國際股市==>  Program END 

Create log file
2016-06-20 08:02:18Z Send 國際股市==>  Program Start
2016-06-20 08:02:18Z Send 國際股市==>  Program END 

Create log file
2016-06-20 08:02:40Z Send 國際股市==>  Program Start
2016-06-20 08:02:40Z Send 國際股市==>  Program END 

Create log file
2016-06-20 08:46:05Z on time future report... Program Start
2016-06-20 08:46:05Z on time future report... Program END 

Create log file
2016-06-20 08:51:03Z on time future report... Program Start
2016-06-20 08:51:03Z on time future report... Program END 

Create log file
2016-06-20 08:56:03Z on time future report... Program Start
2016-06-20 08:56:03Z on time future report... Program END 

Create log file
2016-06-20 09:01:03Z Send 國際股市==>  Program Start
2016-06-20 09:01:03Z Send 國際股市==>  Program END 

Create log file
2016-06-20 09:01:04Z on time future report... Program Start
2016-06-20 09:01:04Z on time future report... Program END 

Create log file
2016-06-20 09:06:03Z on time future report... Program Start
2016-06-20 09:06:03Z on time future report... Program END 

Create log file
2016-06-20 09:11:03Z on time future report... Program Start
2016-06-20 09:11:03Z on time future report... Program END 

Create log file
2016-06-20 09:16:04Z on time future report... Program Start
2016-06-20 09:16:04Z on time future report... Program END 

Create log file
2016-06-20 09:21:04Z on time future report... Program Start
2016-06-20 09:21:04Z on time future report... Program END 

Create log file
2016-06-20 09:26:03Z on time future report... Program Start
2016-06-20 09:26:03Z on time future report... Program END 

Create log file
2016-06-20 09:31:03Z on time future report... Program Start
2016-06-20 09:31:03Z on time future report... Program END 

Create log file
2016-06-20 09:36:03Z on time future report... Program Start
2016-06-20 09:36:03Z on time future report... Program END 

Create log file
2016-06-20 09:41:03Z on time future report... Program Start
2016-06-20 09:41:03Z on time future report... Program END 

Create log file
2016-06-20 09:46:03Z on time future report... Program Start
2016-06-20 09:46:03Z on time future report... Program END 

Create log file
2016-06-20 09:51:03Z on time future report... Program Start
2016-06-20 09:51:03Z on time future report... Program END 

Create log file
2016-06-20 09:56:04Z on time future report... Program Start
2016-06-20 09:56:04Z on time future report... Program END 

Create log file
2016-06-20 10:01:04Z Send 國際股市==>  Program Start
2016-06-20 10:01:04Z Send 國際股市==>  Program END 

Create log file
2016-06-20 10:01:04Z on time future report... Program Start
2016-06-20 10:01:04Z on time future report... Program END 

Create log file
2016-06-20 10:06:03Z on time future report... Program Start
2016-06-20 10:06:03Z on time future report... Program END 

Create log file
2016-06-20 10:11:04Z on time future report... Program Start
2016-06-20 10:11:04Z on time future report... Program END 

Create log file
2016-06-20 10:16:05Z on time future report... Program Start
2016-06-20 10:16:05Z on time future report... Program END 

Create log file
2016-06-20 10:21:03Z on time future report... Program Start
2016-06-20 10:21:03Z on time future report... Program END 

Create log file
2016-06-20 10:26:03Z on time future report... Program Start
2016-06-20 10:26:03Z on time future report... Program END 

Create log file
2016-06-20 10:31:03Z on time future report... Program Start
2016-06-20 10:31:03Z on time future report... Program END 

Create log file
2016-06-20 10:36:03Z on time future report... Program Start
2016-06-20 10:36:03Z on time future report... Program END 

Create log file
2016-06-20 10:41:04Z on time future report... Program Start
2016-06-20 10:41:04Z on time future report... Program END 

Create log file
2016-06-20 10:46:03Z on time future report... Program Start
2016-06-20 10:46:03Z on time future report... Program END 

Create log file
2016-06-20 10:51:03Z on time future report... Program Start
2016-06-20 10:51:03Z on time future report... Program END 

Create log file
2016-06-20 10:56:03Z on time future report... Program Start
2016-06-20 10:56:03Z on time future report... Program END 

Create log file
2016-06-20 11:01:03Z Send 國際股市==>  Program Start
2016-06-20 11:01:03Z Send 國際股市==>  Program END 

Create log file
2016-06-20 11:01:04Z on time future report... Program Start
2016-06-20 11:01:04Z on time future report... Program END 

Create log file
2016-06-20 11:06:03Z on time future report... Program Start
2016-06-20 11:06:03Z on time future report... Program END 

Create log file
2016-06-20 11:11:03Z on time future report... Program Start
2016-06-20 11:11:03Z on time future report... Program END 

Create log file
2016-06-20 11:16:03Z on time future report... Program Start
2016-06-20 11:16:03Z on time future report... Program END 

Create log file
2016-06-20 11:21:03Z on time future report... Program Start
2016-06-20 11:21:03Z on time future report... Program END 

Create log file
2016-06-20 11:26:06Z on time future report... Program Start
2016-06-20 11:26:06Z on time future report... Program END 

Create log file
2016-06-20 11:31:03Z on time future report... Program Start
2016-06-20 11:31:03Z on time future report... Program END 

Create log file
2016-06-20 11:36:05Z on time future report... Program Start
2016-06-20 11:36:05Z on time future report... Program END 

Create log file
2016-06-20 11:41:04Z on time future report... Program Start
2016-06-20 11:41:04Z on time future report... Program END 

Create log file
2016-06-20 11:46:03Z on time future report... Program Start
2016-06-20 11:46:03Z on time future report... Program END 

Create log file
2016-06-20 11:51:05Z on time future report... Program Start
2016-06-20 11:51:05Z on time future report... Program END 

Create log file
2016-06-20 11:56:03Z on time future report... Program Start
2016-06-20 11:56:03Z on time future report... Program END 

Create log file
2016-06-20 12:01:04Z Send 國際股市==>  Program Start
2016-06-20 12:01:04Z Send 國際股市==>  Program END 

Create log file
2016-06-20 12:01:04Z on time future report... Program Start
2016-06-20 12:01:04Z on time future report... Program END 

Create log file
2016-06-20 12:06:04Z on time future report... Program Start
2016-06-20 12:06:04Z on time future report... Program END 

Create log file
2016-06-20 12:11:03Z on time future report... Program Start
2016-06-20 12:11:03Z on time future report... Program END 

Create log file
2016-06-20 12:16:04Z on time future report... Program Start
2016-06-20 12:16:04Z on time future report... Program END 

Create log file
2016-06-20 12:21:03Z on time future report... Program Start
2016-06-20 12:21:03Z on time future report... Program END 

Create log file
2016-06-20 12:26:03Z on time future report... Program Start
2016-06-20 12:26:03Z on time future report... Program END 

Create log file
2016-06-20 12:31:03Z on time future report... Program Start
2016-06-20 12:31:03Z on time future report... Program END 

Create log file
2016-06-20 12:36:03Z on time future report... Program Start
2016-06-20 12:36:03Z on time future report... Program END 

Create log file
2016-06-20 12:41:03Z on time future report... Program Start
2016-06-20 12:41:03Z on time future report... Program END 

Create log file
2016-06-20 12:46:03Z on time future report... Program Start
2016-06-20 12:46:03Z on time future report... Program END 

Create log file
2016-06-20 12:51:03Z on time future report... Program Start
2016-06-20 12:51:03Z on time future report... Program END 

Create log file
2016-06-20 12:56:03Z on time future report... Program Start
2016-06-20 12:56:03Z on time future report... Program END 

Create log file
2016-06-20 13:01:03Z Send 國際股市==>  Program Start
2016-06-20 13:01:03Z Send 國際股市==>  Program END 

Create log file
2016-06-20 13:01:04Z on time future report... Program Start
2016-06-20 13:01:04Z on time future report... Program END 

Create log file
2016-06-20 13:06:03Z on time future report... Program Start
2016-06-20 13:06:03Z on time future report... Program END 

Create log file
2016-06-20 13:11:03Z on time future report... Program Start
2016-06-20 13:11:03Z on time future report... Program END 

Create log file
2016-06-20 13:16:03Z on time future report... Program Start
2016-06-20 13:16:03Z on time future report... Program END 

Create log file
2016-06-20 13:21:05Z on time future report... Program Start
2016-06-20 13:21:05Z on time future report... Program END 

Create log file
2016-06-20 13:26:03Z on time future report... Program Start
2016-06-20 13:26:03Z on time future report... Program END 

Create log file
2016-06-20 13:31:03Z on time future report... Program Start
2016-06-20 13:31:03Z on time future report... Program END 

Create log file
2016-06-20 13:36:03Z on time future report... Program Start
2016-06-20 13:36:03Z on time future report... Program END 

Create log file
2016-06-20 13:41:03Z on time future report... Program Start
2016-06-20 13:41:03Z on time future report... Program END 

Create log file
2016-06-20 13:46:03Z on time future report... Program Start
2016-06-20 13:46:03Z on time future report... Program END 

Create log file
2016-06-20 14:01:02Z Send 國際股市==>  Program Start
2016-06-20 14:01:02Z Send 國際股市==>  Program END 

Create log file
2016-06-20 15:01:02Z Send 國際股市==>  Program Start
2016-06-20 15:01:02Z Send 國際股市==>  Program END 

Create log file
2016-06-20 15:55:54Z Send Option_OIV_daily Program Start
2016-06-20 15:55:54Z Send Option_OIV_daily Program END 

Create log file
2016-06-20 16:01:02Z Send 國際股市==>  Program Start
2016-06-20 16:01:02Z Send 國際股市==>  Program END 

Create log file
2016-06-20 17:01:02Z Send 國際股市==>  Program Start
2016-06-20 17:01:02Z Send 國際股市==>  Program END 

Create log file
2016-06-20 18:01:02Z Send 國際股市==>  Program Start
2016-06-20 18:01:02Z Send 國際股市==>  Program END 

Create log file
2016-06-20 18:01:29Z Send 國際股市==>  Program Start
2016-06-20 18:01:29Z Send 國際股市==>  Program END 

Create log file
2016-06-20 18:01:51Z Send 國際股市==>  Program Start
2016-06-20 18:01:51Z Send 國際股市==>  Program END 

Create log file
2016-06-20 18:02:14Z Send 國際股市==>  Program Start
2016-06-20 18:02:14Z Send 國際股市==>  Program END 

Create log file
2016-06-20 18:02:39Z Send 國際股市==>  Program Start
2016-06-20 18:02:39Z Send 國際股市==>  Program END 

Create log file
2016-06-20 19:01:02Z Send 國際股市==>  Program Start
2016-06-20 19:01:02Z Send 國際股市==>  Program END 

Create log file
2016-06-20 19:01:29Z Send 國際股市==>  Program Start
2016-06-20 19:01:29Z Send 國際股市==>  Program END 

Create log file
2016-06-20 19:01:52Z Send 國際股市==>  Program Start
2016-06-20 19:01:52Z Send 國際股市==>  Program END 

Create log file
2016-06-20 19:02:13Z Send 國際股市==>  Program Start
2016-06-20 19:02:13Z Send 國際股市==>  Program END 

Create log file
2016-06-20 19:02:34Z Send 國際股市==>  Program Start
2016-06-20 19:02:34Z Send 國際股市==>  Program END 

Create log file
2016-06-20 19:02:57Z Send 國際股市==>  Program Start
2016-06-20 19:02:57Z Send 國際股市==>  Program END 

Create log file
2016-06-20 20:01:02Z Send 國際股市==>  Program Start
2016-06-20 20:01:02Z Send 國際股市==>  Program END 

Create log file
2016-06-20 20:10:05Z stock_data_daily_create_file Program Start
2016-06-20 20:10:05Z stock_data_daily_create_file Program END 

Create log file
2016-06-20 20:20:03Z stock_data_insert_daily Program Start
2016-06-20 20:20:03Z stock_data_insert_daily Program END 

Create log file
2016-06-20 21:01:02Z Send 國際股市==>  Program Start
2016-06-20 21:01:02Z Send 國際股市==>  Program END 

Create log file
2016-06-20 22:01:02Z Send 國際股市==>  Program Start
2016-06-20 22:01:02Z Send 國際股市==>  Program END 

Create log file
2016-06-20 22:01:28Z Send 國際股市==>  Program Start
2016-06-20 22:01:28Z Send 國際股市==>  Program END 

Create log file
2016-06-20 22:01:51Z Send 國際股市==>  Program Start
2016-06-20 22:01:51Z Send 國際股市==>  Program END 

Create log file
2016-06-20 23:01:01Z Send 國際股市==>  Program Start
2016-06-20 23:01:01Z Send 國際股市==>  Program END 

