Create log file
2016-03-08 00:01:03Z Send 國際股市==>  Program Start
2016-03-08 00:01:03Z Send 國際股市==>  Program END 

Create log file
2016-03-08 01:01:03Z Send 國際股市==>  Program Start
2016-03-08 01:01:03Z Send 國際股市==>  Program END 

Create log file
2016-03-08 08:01:03Z Send 國際股市==>  Program Start
2016-03-08 08:01:03Z Send 國際股市==>  Program END 

Create log file
2016-03-08 08:01:29Z Send 國際股市==>  Program Start
2016-03-08 08:01:29Z Send 國際股市==>  Program END 

Create log file
2016-03-08 08:01:51Z Send 國際股市==>  Program Start
2016-03-08 08:01:51Z Send 國際股市==>  Program END 

Create log file
2016-03-08 08:46:03Z on time future report... Program Start
2016-03-08 08:46:03Z on time future report... Program END 

Create log file
2016-03-08 08:51:03Z on time future report... Program Start
2016-03-08 08:51:03Z on time future report... Program END 

Create log file
2016-03-08 08:56:03Z on time future report... Program Start
2016-03-08 08:56:03Z on time future report... Program END 

Create log file
2016-03-08 09:01:03Z Send 國際股市==>  Program Start
2016-03-08 09:01:03Z Send 國際股市==>  Program END 

Create log file
2016-03-08 09:01:04Z on time future report... Program Start
2016-03-08 09:01:04Z on time future report... Program END 

Create log file
2016-03-08 09:06:04Z on time future report... Program Start
2016-03-08 09:06:04Z on time future report... Program END 

Create log file
2016-03-08 09:11:04Z on time future report... Program Start
2016-03-08 09:11:04Z on time future report... Program END 

Create log file
2016-03-08 09:16:05Z on time future report... Program Start
2016-03-08 09:16:05Z on time future report... Program END 

Create log file
2016-03-08 09:21:06Z on time future report... Program Start
2016-03-08 09:21:06Z on time future report... Program END 

Create log file
2016-03-08 09:26:03Z on time future report... Program Start
2016-03-08 09:26:03Z on time future report... Program END 

Create log file
2016-03-08 09:31:04Z on time future report... Program Start
2016-03-08 09:31:04Z on time future report... Program END 

Create log file
2016-03-08 09:36:05Z on time future report... Program Start
2016-03-08 09:36:05Z on time future report... Program END 

Create log file
2016-03-08 09:41:03Z on time future report... Program Start
2016-03-08 09:41:03Z on time future report... Program END 

Create log file
2016-03-08 09:46:04Z on time future report... Program Start
2016-03-08 09:46:04Z on time future report... Program END 

Create log file
2016-03-08 09:51:04Z on time future report... Program Start
2016-03-08 09:51:04Z on time future report... Program END 

Create log file
2016-03-08 09:56:03Z on time future report... Program Start
2016-03-08 09:56:03Z on time future report... Program END 

Create log file
2016-03-08 10:01:03Z Send 國際股市==>  Program Start
2016-03-08 10:01:03Z Send 國際股市==>  Program END 

Create log file
2016-03-08 10:01:04Z on time future report... Program Start
2016-03-08 10:01:04Z on time future report... Program END 

Create log file
2016-03-08 10:06:03Z on time future report... Program Start
2016-03-08 10:06:03Z on time future report... Program END 

Create log file
2016-03-08 10:11:03Z on time future report... Program Start
2016-03-08 10:11:03Z on time future report... Program END 

Create log file
2016-03-08 10:16:04Z on time future report... Program Start
2016-03-08 10:16:04Z on time future report... Program END 

Create log file
2016-03-08 10:21:03Z on time future report... Program Start
2016-03-08 10:21:03Z on time future report... Program END 

Create log file
2016-03-08 10:26:05Z on time future report... Program Start
2016-03-08 10:26:05Z on time future report... Program END 

Create log file
2016-03-08 10:31:05Z on time future report... Program Start
2016-03-08 10:31:05Z on time future report... Program END 

Create log file
2016-03-08 10:36:03Z on time future report... Program Start
2016-03-08 10:36:03Z on time future report... Program END 

Create log file
2016-03-08 10:41:03Z on time future report... Program Start
2016-03-08 10:41:03Z on time future report... Program END 

Create log file
2016-03-08 10:46:03Z on time future report... Program Start
2016-03-08 10:46:03Z on time future report... Program END 

Create log file
2016-03-08 10:51:03Z on time future report... Program Start
2016-03-08 10:51:03Z on time future report... Program END 

Create log file
2016-03-08 10:56:05Z on time future report... Program Start
2016-03-08 10:56:05Z on time future report... Program END 

Create log file
2016-03-08 11:01:03Z Send 國際股市==>  Program Start
2016-03-08 11:01:03Z Send 國際股市==>  Program END 

Create log file
2016-03-08 11:01:04Z on time future report... Program Start
2016-03-08 11:01:04Z on time future report... Program END 

Create log file
2016-03-08 11:06:03Z on time future report... Program Start
2016-03-08 11:06:03Z on time future report... Program END 

Create log file
2016-03-08 11:11:03Z on time future report... Program Start
2016-03-08 11:11:03Z on time future report... Program END 

Create log file
2016-03-08 11:16:03Z on time future report... Program Start
2016-03-08 11:16:03Z on time future report... Program END 

Create log file
2016-03-08 11:21:07Z on time future report... Program Start
2016-03-08 11:21:07Z on time future report... Program END 

Create log file
2016-03-08 11:26:03Z on time future report... Program Start
2016-03-08 11:26:03Z on time future report... Program END 

Create log file
2016-03-08 11:31:03Z on time future report... Program Start
2016-03-08 11:31:03Z on time future report... Program END 

Create log file
2016-03-08 11:36:03Z on time future report... Program Start
2016-03-08 11:36:03Z on time future report... Program END 

Create log file
2016-03-08 11:41:05Z on time future report... Program Start
2016-03-08 11:41:05Z on time future report... Program END 

Create log file
2016-03-08 11:46:03Z on time future report... Program Start
2016-03-08 11:46:03Z on time future report... Program END 

Create log file
2016-03-08 11:51:03Z on time future report... Program Start
2016-03-08 11:51:03Z on time future report... Program END 

Create log file
2016-03-08 11:56:03Z on time future report... Program Start
2016-03-08 11:56:03Z on time future report... Program END 

Create log file
2016-03-08 12:01:03Z Send 國際股市==>  Program Start
2016-03-08 12:01:03Z Send 國際股市==>  Program END 

Create log file
2016-03-08 12:01:04Z on time future report... Program Start
2016-03-08 12:01:04Z on time future report... Program END 

Create log file
2016-03-08 12:06:03Z on time future report... Program Start
2016-03-08 12:06:03Z on time future report... Program END 

Create log file
2016-03-08 12:11:03Z on time future report... Program Start
2016-03-08 12:11:03Z on time future report... Program END 

Create log file
2016-03-08 12:16:03Z on time future report... Program Start
2016-03-08 12:16:03Z on time future report... Program END 

Create log file
2016-03-08 12:21:05Z on time future report... Program Start
2016-03-08 12:21:05Z on time future report... Program END 

Create log file
2016-03-08 12:26:05Z on time future report... Program Start
2016-03-08 12:26:05Z on time future report... Program END 

Create log file
2016-03-08 12:31:04Z on time future report... Program Start
2016-03-08 12:31:04Z on time future report... Program END 

Create log file
2016-03-08 12:36:03Z on time future report... Program Start
2016-03-08 12:36:03Z on time future report... Program END 

Create log file
2016-03-08 12:41:03Z on time future report... Program Start
2016-03-08 12:41:03Z on time future report... Program END 

Create log file
2016-03-08 12:46:03Z on time future report... Program Start
2016-03-08 12:46:03Z on time future report... Program END 

Create log file
2016-03-08 12:51:04Z on time future report... Program Start
2016-03-08 12:51:04Z on time future report... Program END 

Create log file
2016-03-08 12:56:03Z on time future report... Program Start
2016-03-08 12:56:03Z on time future report... Program END 

Create log file
2016-03-08 13:01:03Z Send 國際股市==>  Program Start
2016-03-08 13:01:03Z Send 國際股市==>  Program END 

Create log file
2016-03-08 13:01:06Z on time future report... Program Start
2016-03-08 13:01:06Z on time future report... Program END 

Create log file
2016-03-08 13:06:06Z on time future report... Program Start
2016-03-08 13:06:06Z on time future report... Program END 

Create log file
2016-03-08 13:11:03Z on time future report... Program Start
2016-03-08 13:11:03Z on time future report... Program END 

Create log file
2016-03-08 13:16:06Z on time future report... Program Start
2016-03-08 13:16:06Z on time future report... Program END 

Create log file
2016-03-08 13:21:03Z on time future report... Program Start
2016-03-08 13:21:03Z on time future report... Program END 

Create log file
2016-03-08 13:26:04Z on time future report... Program Start
2016-03-08 13:26:04Z on time future report... Program END 

Create log file
2016-03-08 13:31:03Z on time future report... Program Start
2016-03-08 13:31:03Z on time future report... Program END 

Create log file
2016-03-08 13:36:03Z on time future report... Program Start
2016-03-08 13:36:03Z on time future report... Program END 

Create log file
2016-03-08 13:41:04Z on time future report... Program Start
2016-03-08 13:41:04Z on time future report... Program END 

Create log file
2016-03-08 13:46:03Z on time future report... Program Start
2016-03-08 13:46:03Z on time future report... Program END 

Create log file
2016-03-08 14:01:03Z Send 國際股市==>  Program Start
2016-03-08 14:01:03Z Send 國際股市==>  Program END 

Create log file
2016-03-08 15:01:03Z Send 國際股市==>  Program Start
2016-03-08 15:01:03Z Send 國際股市==>  Program END 

Create log file
2016-03-08 15:50:21Z option_insert_daily Program Start
2016-03-08 15:50:21Z option_insert_daily Program END 

Create log file
2016-03-08 15:56:15Z Send Option_OIV_daily Program Start
2016-03-08 15:56:15Z Send Option_OIV_daily Program END 

Create log file
2016-03-08 16:28:38Z Query Stock_id is 2498 Program Start
2016-03-08 16:28:38Z Query Stock_id is 2498 Program END 

Create log file
2016-03-08 16:28:39Z Query Stock_id is 2002 Program Start
2016-03-08 16:28:39Z Query Stock_id is 2002 Program END 

Create log file
2016-03-08 16:28:39Z Query Stock_id is 3231 Program Start
2016-03-08 16:28:39Z Query Stock_id is 3231 Program END 

Create log file
2016-03-08 16:28:39Z Query Stock_id is 2408 Program Start
2016-03-08 16:28:39Z Query Stock_id is 2408 Program END 

Create log file
2016-03-08 16:28:39Z Query Stock_id is 2886 Program Start
2016-03-08 16:28:39Z Query Stock_id is 2886 Program END 

Create log file
2016-03-08 16:28:39Z Query Stock_id is 2887 Program Start
2016-03-08 16:28:39Z Query Stock_id is 2887 Program END 

Create log file
2016-03-08 16:28:39Z Query Stock_id is 6143 Program Start
2016-03-08 16:28:39Z Query Stock_id is 6143 Program END 

Create log file
2016-03-08 16:28:40Z Query Stock_id is 2883 Program Start
2016-03-08 16:28:40Z Query Stock_id is 2883 Program END 

Create log file
2016-03-08 16:28:40Z Query Stock_id is 1101 Program Start
2016-03-08 16:28:40Z Query Stock_id is 1101 Program END 

Create log file
2016-03-08 16:28:40Z Query Stock_id is 2891 Program Start
2016-03-08 16:28:40Z Query Stock_id is 2891 Program END 

Create log file
2016-03-08 16:28:40Z Query Stock_id is 2890 Program Start
2016-03-08 16:28:40Z Query Stock_id is 2890 Program END 

Create log file
2016-03-08 16:28:40Z Query Stock_id is 1314 Program Start
2016-03-08 16:28:40Z Query Stock_id is 1314 Program END 

Create log file
2016-03-08 16:28:40Z Query Stock_id is 2882 Program Start
2016-03-08 16:28:40Z Query Stock_id is 2882 Program END 

Create log file
2016-03-08 16:28:41Z Query Stock_id is 3474 Program Start
2016-03-08 16:28:41Z Query Stock_id is 3474 Program END 

Create log file
2016-03-08 16:28:41Z Query Stock_id is 5880 Program Start
2016-03-08 16:28:41Z Query Stock_id is 5880 Program END 

Create log file
2016-03-08 16:28:41Z Query Stock_id is 9904 Program Start
2016-03-08 16:28:41Z Query Stock_id is 9904 Program END 

Create log file
2016-03-08 16:28:41Z Query Stock_id is 2313 Program Start
2016-03-08 16:28:41Z Query Stock_id is 2313 Program END 

Create log file
2016-03-08 16:28:41Z Query Stock_id is 1312 Program Start
2016-03-08 16:28:41Z Query Stock_id is 1312 Program END 

Create log file
2016-03-08 16:28:41Z Query Stock_id is 2311 Program Start
2016-03-08 16:28:41Z Query Stock_id is 2311 Program END 

Create log file
2016-03-08 16:28:42Z Query Stock_id is 2330 Program Start
2016-03-08 16:28:42Z Query Stock_id is 2330 Program END 

Create log file
2016-03-08 16:28:42Z Query Stock_id is 9933 Program Start
2016-03-08 16:28:42Z Query Stock_id is 9933 Program END 

Create log file
2016-03-08 16:28:42Z Query Stock_id is 2317 Program Start
2016-03-08 16:28:42Z Query Stock_id is 2317 Program END 

Create log file
2016-03-08 16:29:01Z Query Stock_id is 2498 Program Start
2016-03-08 16:29:01Z Query Stock_id is 2498 Program END 

Create log file
2016-03-08 16:29:01Z Query Stock_id is 2002 Program Start
2016-03-08 16:29:01Z Query Stock_id is 2002 Program END 

Create log file
2016-03-08 16:29:02Z Query Stock_id is 3231 Program Start
2016-03-08 16:29:02Z Query Stock_id is 3231 Program END 

Create log file
2016-03-08 16:29:02Z Query Stock_id is 2408 Program Start
2016-03-08 16:29:02Z Query Stock_id is 2408 Program END 

Create log file
2016-03-08 16:29:02Z Query Stock_id is 2886 Program Start
2016-03-08 16:29:02Z Query Stock_id is 2886 Program END 

Create log file
2016-03-08 16:29:02Z Query Stock_id is 2887 Program Start
2016-03-08 16:29:02Z Query Stock_id is 2887 Program END 

Create log file
2016-03-08 16:29:02Z Query Stock_id is 6143 Program Start
2016-03-08 16:29:02Z Query Stock_id is 6143 Program END 

Create log file
2016-03-08 16:29:02Z Query Stock_id is 2883 Program Start
2016-03-08 16:29:02Z Query Stock_id is 2883 Program END 

Create log file
2016-03-08 16:29:02Z Query Stock_id is 1101 Program Start
2016-03-08 16:29:02Z Query Stock_id is 1101 Program END 

Create log file
2016-03-08 16:29:03Z Query Stock_id is 2891 Program Start
2016-03-08 16:29:03Z Query Stock_id is 2891 Program END 

Create log file
2016-03-08 16:29:03Z Query Stock_id is 2890 Program Start
2016-03-08 16:29:03Z Query Stock_id is 2890 Program END 

Create log file
2016-03-08 16:29:03Z Query Stock_id is 1314 Program Start
2016-03-08 16:29:03Z Query Stock_id is 1314 Program END 

Create log file
2016-03-08 16:29:03Z Query Stock_id is 2882 Program Start
2016-03-08 16:29:03Z Query Stock_id is 2882 Program END 

Create log file
2016-03-08 16:29:03Z Query Stock_id is 3474 Program Start
2016-03-08 16:29:03Z Query Stock_id is 3474 Program END 

Create log file
2016-03-08 16:29:04Z Query Stock_id is 5880 Program Start
2016-03-08 16:29:04Z Query Stock_id is 5880 Program END 

Create log file
2016-03-08 16:29:04Z Query Stock_id is 9904 Program Start
2016-03-08 16:29:04Z Query Stock_id is 9904 Program END 

Create log file
2016-03-08 16:29:04Z Query Stock_id is 2313 Program Start
2016-03-08 16:29:04Z Query Stock_id is 2313 Program END 

Create log file
2016-03-08 16:29:04Z Query Stock_id is 1312 Program Start
2016-03-08 16:29:04Z Query Stock_id is 1312 Program END 

Create log file
2016-03-08 16:29:04Z Query Stock_id is 2311 Program Start
2016-03-08 16:29:04Z Query Stock_id is 2311 Program END 

Create log file
2016-03-08 16:29:04Z Query Stock_id is 2330 Program Start
2016-03-08 16:29:04Z Query Stock_id is 2330 Program END 

Create log file
2016-03-08 16:29:04Z Query Stock_id is 9933 Program Start
2016-03-08 16:29:04Z Query Stock_id is 9933 Program END 

Create log file
2016-03-08 16:29:05Z Query Stock_id is 2317 Program Start
2016-03-08 16:29:05Z Query Stock_id is 2317 Program END 

Create log file
2016-03-08 20:01:03Z Send 國際股市==>  Program Start
2016-03-08 20:01:03Z Send 國際股市==>  Program END 

Create log file
2016-03-08 20:10:05Z stock_data_daily_create_file Program Start
2016-03-08 20:10:05Z stock_data_daily_create_file Program END 

Create log file
2016-03-08 20:20:07Z stock_data_insert_daily Program Start
2016-03-08 20:20:07Z stock_data_insert_daily Program END 

Create log file
2016-03-08 20:30:16Z Send 股市氣象台電子報-今日我最夯<==Strong_UP==>  Program Start
2016-03-08 20:30:16Z Send 股市氣象台電子報-今日我最夯<==Strong_UP==>  Program END 

Create log file
2016-03-08 21:01:03Z Send 國際股市==>  Program Start
2016-03-08 21:01:03Z Send 國際股市==>  Program END 

Create log file
2016-03-08 21:28:39Z Query Stock_id is 2409 Program Start
2016-03-08 21:28:39Z Query Stock_id is 2409 Program END 

Create log file
2016-03-08 21:28:39Z Query Stock_id is 2344 Program Start
2016-03-08 21:28:39Z Query Stock_id is 2344 Program END 

Create log file
2016-03-08 21:28:39Z Query Stock_id is 2421 Program Start
2016-03-08 21:28:39Z Query Stock_id is 2421 Program END 

Create log file
2016-03-08 21:28:40Z Query Stock_id is 2002 Program Start
2016-03-08 21:28:40Z Query Stock_id is 2002 Program END 

Create log file
2016-03-08 21:28:40Z Query Stock_id is 6271 Program Start
2016-03-08 21:28:40Z Query Stock_id is 6271 Program END 

Create log file
2016-03-08 21:28:40Z Query Stock_id is 1605 Program Start
2016-03-08 21:28:40Z Query Stock_id is 1605 Program END 

Create log file
2016-03-08 21:28:40Z Query Stock_id is 2354 Program Start
2016-03-08 21:28:40Z Query Stock_id is 2354 Program END 

Create log file
2016-03-08 21:28:40Z Query Stock_id is 2311 Program Start
2016-03-08 21:28:40Z Query Stock_id is 2311 Program END 

Create log file
2016-03-08 21:28:41Z Query Stock_id is 2885 Program Start
2016-03-08 21:28:41Z Query Stock_id is 2885 Program END 

Create log file
2016-03-08 21:28:41Z Query Stock_id is 1314 Program Start
2016-03-08 21:28:41Z Query Stock_id is 1314 Program END 

Create log file
2016-03-08 21:28:41Z Query Stock_id is 2034 Program Start
2016-03-08 21:28:41Z Query Stock_id is 2034 Program END 

Create log file
2016-03-08 21:28:41Z Query Stock_id is 2382 Program Start
2016-03-08 21:28:41Z Query Stock_id is 2382 Program END 

Create log file
2016-03-08 21:28:41Z Query Stock_id is 2882 Program Start
2016-03-08 21:28:41Z Query Stock_id is 2882 Program END 

Create log file
2016-03-08 21:28:41Z Query Stock_id is 6282 Program Start
2016-03-08 21:28:41Z Query Stock_id is 6282 Program END 

Create log file
2016-03-08 21:28:41Z Query Stock_id is 1301 Program Start
2016-03-08 21:28:41Z Query Stock_id is 1301 Program END 

Create log file
2016-03-08 21:28:42Z Query Stock_id is 2542 Program Start
2016-03-08 21:28:42Z Query Stock_id is 2542 Program END 

Create log file
2016-03-08 21:28:42Z Query Stock_id is 2892 Program Start
2016-03-08 21:28:42Z Query Stock_id is 2892 Program END 

Create log file
2016-03-08 21:28:42Z Query Stock_id is 3474 Program Start
2016-03-08 21:28:42Z Query Stock_id is 3474 Program END 

Create log file
2016-03-08 21:28:42Z Query Stock_id is 2498 Program Start
2016-03-08 21:28:42Z Query Stock_id is 2498 Program END 

Create log file
2016-03-08 21:28:42Z Query Stock_id is 2002 Program Start
2016-03-08 21:28:42Z Query Stock_id is 2002 Program END 

Create log file
2016-03-08 21:28:43Z Query Stock_id is 3231 Program Start
2016-03-08 21:28:43Z Query Stock_id is 3231 Program END 

Create log file
2016-03-08 21:28:43Z Query Stock_id is 2408 Program Start
2016-03-08 21:28:43Z Query Stock_id is 2408 Program END 

Create log file
2016-03-08 21:28:43Z Query Stock_id is 2886 Program Start
2016-03-08 21:28:43Z Query Stock_id is 2886 Program END 

Create log file
2016-03-08 21:28:43Z Query Stock_id is 2887 Program Start
2016-03-08 21:28:43Z Query Stock_id is 2887 Program END 

Create log file
2016-03-08 21:28:43Z Query Stock_id is 6143 Program Start
2016-03-08 21:28:43Z Query Stock_id is 6143 Program END 

Create log file
2016-03-08 21:28:43Z Query Stock_id is 2883 Program Start
2016-03-08 21:28:43Z Query Stock_id is 2883 Program END 

Create log file
2016-03-08 21:28:44Z Query Stock_id is 1101 Program Start
2016-03-08 21:28:44Z Query Stock_id is 1101 Program END 

Create log file
2016-03-08 21:28:44Z Query Stock_id is 2891 Program Start
2016-03-08 21:28:44Z Query Stock_id is 2891 Program END 

Create log file
2016-03-08 21:28:44Z Query Stock_id is 2890 Program Start
2016-03-08 21:28:44Z Query Stock_id is 2890 Program END 

Create log file
2016-03-08 21:28:44Z Query Stock_id is 1314 Program Start
2016-03-08 21:28:44Z Query Stock_id is 1314 Program END 

Create log file
2016-03-08 21:28:44Z Query Stock_id is 2882 Program Start
2016-03-08 21:28:44Z Query Stock_id is 2882 Program END 

Create log file
2016-03-08 21:28:44Z Query Stock_id is 3474 Program Start
2016-03-08 21:28:44Z Query Stock_id is 3474 Program END 

Create log file
2016-03-08 21:28:45Z Query Stock_id is 5880 Program Start
2016-03-08 21:28:45Z Query Stock_id is 5880 Program END 

Create log file
2016-03-08 21:28:45Z Query Stock_id is 9904 Program Start
2016-03-08 21:28:45Z Query Stock_id is 9904 Program END 

Create log file
2016-03-08 21:28:45Z Query Stock_id is 2313 Program Start
2016-03-08 21:28:45Z Query Stock_id is 2313 Program END 

Create log file
2016-03-08 21:28:45Z Query Stock_id is 1312 Program Start
2016-03-08 21:28:45Z Query Stock_id is 1312 Program END 

Create log file
2016-03-08 21:28:45Z Query Stock_id is 2311 Program Start
2016-03-08 21:28:45Z Query Stock_id is 2311 Program END 

Create log file
2016-03-08 21:28:45Z Query Stock_id is 2330 Program Start
2016-03-08 21:28:45Z Query Stock_id is 2330 Program END 

Create log file
2016-03-08 21:28:46Z Query Stock_id is 9933 Program Start
2016-03-08 21:28:46Z Query Stock_id is 9933 Program END 

Create log file
2016-03-08 21:28:46Z Query Stock_id is 2317 Program Start
2016-03-08 21:28:46Z Query Stock_id is 2317 Program END 

