Create log file
2016-04-12 00:01:02Z Send 國際股市==>  Program Start
2016-04-12 00:01:02Z Send 國際股市==>  Program END 

Create log file
2016-04-12 01:01:02Z Send 國際股市==>  Program Start
2016-04-12 01:01:02Z Send 國際股市==>  Program END 

Create log file
2016-04-12 08:01:03Z Send 國際股市==>  Program Start
2016-04-12 08:01:03Z Send 國際股市==>  Program END 

Create log file
2016-04-12 08:01:29Z Send 國際股市==>  Program Start
2016-04-12 08:01:29Z Send 國際股市==>  Program END 

Create log file
2016-04-12 08:01:52Z Send 國際股市==>  Program Start
2016-04-12 08:01:52Z Send 國際股市==>  Program END 

Create log file
2016-04-12 08:46:04Z on time future report... Program Start
2016-04-12 08:46:04Z on time future report... Program END 

Create log file
2016-04-12 08:51:03Z on time future report... Program Start
2016-04-12 08:51:03Z on time future report... Program END 

Create log file
2016-04-12 08:56:03Z on time future report... Program Start
2016-04-12 08:56:03Z on time future report... Program END 

Create log file
2016-04-12 09:01:03Z Send 國際股市==>  Program Start
2016-04-12 09:01:03Z Send 國際股市==>  Program END 

Create log file
2016-04-12 09:01:04Z on time future report... Program Start
2016-04-12 09:01:04Z on time future report... Program END 

Create log file
2016-04-12 09:06:03Z on time future report... Program Start
2016-04-12 09:06:03Z on time future report... Program END 

Create log file
2016-04-12 09:11:06Z on time future report... Program Start
2016-04-12 09:11:06Z on time future report... Program END 

Create log file
2016-04-12 09:16:04Z on time future report... Program Start
2016-04-12 09:16:04Z on time future report... Program END 

Create log file
2016-04-12 09:21:03Z on time future report... Program Start
2016-04-12 09:21:03Z on time future report... Program END 

Create log file
2016-04-12 09:26:03Z on time future report... Program Start
2016-04-12 09:26:03Z on time future report... Program END 

Create log file
2016-04-12 09:31:03Z on time future report... Program Start
2016-04-12 09:31:03Z on time future report... Program END 

Create log file
2016-04-12 09:36:04Z on time future report... Program Start
2016-04-12 09:36:04Z on time future report... Program END 

Create log file
2016-04-12 09:41:05Z on time future report... Program Start
2016-04-12 09:41:05Z on time future report... Program END 

Create log file
2016-04-12 09:46:03Z on time future report... Program Start
2016-04-12 09:46:03Z on time future report... Program END 

Create log file
2016-04-12 09:51:03Z on time future report... Program Start
2016-04-12 09:51:03Z on time future report... Program END 

Create log file
2016-04-12 09:56:03Z on time future report... Program Start
2016-04-12 09:56:03Z on time future report... Program END 

Create log file
2016-04-12 10:01:04Z Send 國際股市==>  Program Start
2016-04-12 10:01:04Z Send 國際股市==>  Program END 

Create log file
2016-04-12 10:01:05Z on time future report... Program Start
2016-04-12 10:01:05Z on time future report... Program END 

Create log file
2016-04-12 10:06:07Z on time future report... Program Start
2016-04-12 10:06:07Z on time future report... Program END 

Create log file
2016-04-12 10:11:03Z on time future report... Program Start
2016-04-12 10:11:03Z on time future report... Program END 

Create log file
2016-04-12 10:16:03Z on time future report... Program Start
2016-04-12 10:16:03Z on time future report... Program END 

Create log file
2016-04-12 10:26:01Z on time future report... Program Start
2016-04-12 10:26:01Z on time future report... Program END 

Create log file
2016-04-12 10:31:01Z on time future report... Program Start
2016-04-12 10:31:01Z on time future report... Program END 

Create log file
2016-04-12 10:36:01Z on time future report... Program Start
2016-04-12 10:36:01Z on time future report... Program END 

Create log file
2016-04-12 10:41:01Z on time future report... Program Start
2016-04-12 10:41:01Z on time future report... Program END 

Create log file
2016-04-12 10:46:02Z on time future report... Program Start
2016-04-12 10:46:02Z on time future report... Program END 

Create log file
2016-04-12 10:51:01Z on time future report... Program Start
2016-04-12 10:51:01Z on time future report... Program END 

Create log file
2016-04-12 11:01:02Z on time future report... Program Start
2016-04-12 11:01:02Z on time future report... Program END 

Create log file
2016-04-12 11:01:03Z Send 國際股市==>  Program Start
2016-04-12 11:01:03Z Send 國際股市==>  Program END 

Create log file
2016-04-12 11:06:04Z on time future report... Program Start
2016-04-12 11:06:04Z on time future report... Program END 

Create log file
2016-04-12 11:11:01Z on time future report... Program Start
2016-04-12 11:11:01Z on time future report... Program END 

Create log file
2016-04-12 11:16:00Z on time future report... Program Start
2016-04-12 11:16:00Z on time future report... Program END 

Create log file
2016-04-12 11:21:04Z on time future report... Program Start
2016-04-12 11:21:04Z on time future report... Program END 

Create log file
2016-04-12 11:26:01Z on time future report... Program Start
2016-04-12 11:26:01Z on time future report... Program END 

Create log file
2016-04-12 11:31:01Z on time future report... Program Start
2016-04-12 11:31:01Z on time future report... Program END 

Create log file
2016-04-12 11:36:01Z on time future report... Program Start
2016-04-12 11:36:01Z on time future report... Program END 

Create log file
2016-04-12 11:41:01Z on time future report... Program Start
2016-04-12 11:41:01Z on time future report... Program END 

Create log file
2016-04-12 11:46:02Z on time future report... Program Start
2016-04-12 11:46:02Z on time future report... Program END 

Create log file
2016-04-12 11:51:02Z on time future report... Program Start
2016-04-12 11:51:02Z on time future report... Program END 

Create log file
2016-04-12 11:56:01Z on time future report... Program Start
2016-04-12 11:56:01Z on time future report... Program END 

Create log file
2016-04-12 12:01:02Z on time future report... Program Start
2016-04-12 12:01:02Z on time future report... Program END 

Create log file
2016-04-12 12:01:04Z Send 國際股市==>  Program Start
2016-04-12 12:01:04Z Send 國際股市==>  Program END 

Create log file
2016-04-12 12:06:02Z on time future report... Program Start
2016-04-12 12:06:02Z on time future report... Program END 

Create log file
2016-04-12 12:16:01Z on time future report... Program Start
2016-04-12 12:16:01Z on time future report... Program END 

Create log file
2016-04-12 12:21:02Z on time future report... Program Start
2016-04-12 12:21:02Z on time future report... Program END 

Create log file
2016-04-12 12:26:01Z on time future report... Program Start
2016-04-12 12:26:01Z on time future report... Program END 

Create log file
2016-04-12 12:31:01Z on time future report... Program Start
2016-04-12 12:31:01Z on time future report... Program END 

Create log file
2016-04-12 12:36:01Z on time future report... Program Start
2016-04-12 12:36:01Z on time future report... Program END 

Create log file
2016-04-12 12:41:01Z on time future report... Program Start
2016-04-12 12:41:01Z on time future report... Program END 

Create log file
2016-04-12 12:46:01Z on time future report... Program Start
2016-04-12 12:46:01Z on time future report... Program END 

Create log file
2016-04-12 12:51:01Z on time future report... Program Start
2016-04-12 12:51:01Z on time future report... Program END 

Create log file
2016-04-12 12:56:01Z on time future report... Program Start
2016-04-12 12:56:01Z on time future report... Program END 

Create log file
2016-04-12 13:01:03Z Send 國際股市==>  Program Start
2016-04-12 13:01:03Z Send 國際股市==>  Program END 

Create log file
2016-04-12 13:01:05Z on time future report... Program Start
2016-04-12 13:01:05Z on time future report... Program END 

Create log file
2016-04-12 13:06:01Z on time future report... Program Start
2016-04-12 13:06:01Z on time future report... Program END 

Create log file
2016-04-12 13:11:03Z on time future report... Program Start
2016-04-12 13:11:03Z on time future report... Program END 

Create log file
2016-04-12 13:21:01Z on time future report... Program Start
2016-04-12 13:21:01Z on time future report... Program END 

Create log file
2016-04-12 13:26:01Z on time future report... Program Start
2016-04-12 13:26:01Z on time future report... Program END 

Create log file
2016-04-12 13:31:02Z on time future report... Program Start
2016-04-12 13:31:02Z on time future report... Program END 

Create log file
2016-04-12 13:36:01Z on time future report... Program Start
2016-04-12 13:36:01Z on time future report... Program END 

Create log file
2016-04-12 13:41:01Z on time future report... Program Start
2016-04-12 13:41:01Z on time future report... Program END 

Create log file
2016-04-12 13:46:00Z on time future report... Program Start
2016-04-12 13:46:00Z on time future report... Program END 

Create log file
2016-04-12 14:01:01Z Send 國際股市==>  Program Start
2016-04-12 14:01:01Z Send 國際股市==>  Program END 

Create log file
2016-04-12 15:01:01Z Send 國際股市==>  Program Start
2016-04-12 15:01:01Z Send 國際股市==>  Program END 

Create log file
2016-04-12 15:50:18Z option_insert_daily Program Start
2016-04-12 15:50:18Z option_insert_daily Program END 

Create log file
2016-04-12 15:56:18Z Send Option_OIV_daily Program Start
2016-04-12 15:56:18Z Send Option_OIV_daily Program END 

Create log file
2016-04-12 16:01:01Z Send 國際股市==>  Program Start
2016-04-12 16:01:01Z Send 國際股市==>  Program END 

Create log file
2016-04-12 17:01:01Z Send 國際股市==>  Program Start
2016-04-12 17:01:01Z Send 國際股市==>  Program END 

Create log file
2016-04-12 18:01:01Z Send 國際股市==>  Program Start
2016-04-12 18:01:01Z Send 國際股市==>  Program END 

Create log file
2016-04-12 18:01:28Z Send 國際股市==>  Program Start
2016-04-12 18:01:28Z Send 國際股市==>  Program END 

Create log file
2016-04-12 18:01:50Z Send 國際股市==>  Program Start
2016-04-12 18:01:50Z Send 國際股市==>  Program END 

Create log file
2016-04-12 18:02:12Z Send 國際股市==>  Program Start
2016-04-12 18:02:12Z Send 國際股市==>  Program END 

Create log file
2016-04-12 18:02:35Z Send 國際股市==>  Program Start
2016-04-12 18:02:35Z Send 國際股市==>  Program END 

Create log file
2016-04-12 19:01:01Z Send 國際股市==>  Program Start
2016-04-12 19:01:01Z Send 國際股市==>  Program END 

Create log file
2016-04-12 19:01:27Z Send 國際股市==>  Program Start
2016-04-12 19:01:27Z Send 國際股市==>  Program END 

Create log file
2016-04-12 19:01:50Z Send 國際股市==>  Program Start
2016-04-12 19:01:50Z Send 國際股市==>  Program END 

Create log file
2016-04-12 19:02:12Z Send 國際股市==>  Program Start
2016-04-12 19:02:12Z Send 國際股市==>  Program END 

Create log file
2016-04-12 20:01:02Z Send 國際股市==>  Program Start
2016-04-12 20:01:02Z Send 國際股市==>  Program END 

Create log file
2016-04-12 20:10:03Z stock_data_daily_create_file Program Start
2016-04-12 20:10:03Z stock_data_daily_create_file Program END 

Create log file
2016-04-12 20:20:01Z stock_data_insert_daily Program Start
2016-04-12 20:20:01Z stock_data_insert_daily Program END 

Create log file
2016-04-12 20:30:06Z Send 股市氣象台電子報-今日我最夯<==Strong_UP==>  Program Start
2016-04-12 20:30:06Z Send 股市氣象台電子報-今日我最夯<==Strong_UP==>  Program END 

Create log file
2016-04-12 21:01:01Z Send 國際股市==>  Program Start
2016-04-12 21:01:01Z Send 國際股市==>  Program END 

Create log file
2016-04-12 22:01:02Z Send 國際股市==>  Program Start
2016-04-12 22:01:02Z Send 國際股市==>  Program END 

Create log file
2016-04-12 22:01:28Z Send 國際股市==>  Program Start
2016-04-12 22:01:28Z Send 國際股市==>  Program END 

Create log file
2016-04-12 22:01:50Z Send 國際股市==>  Program Start
2016-04-12 22:01:50Z Send 國際股市==>  Program END 

Create log file
2016-04-12 23:01:01Z Send 國際股市==>  Program Start
2016-04-12 23:01:01Z Send 國際股市==>  Program END 

