Create log file
2016-03-09 00:01:03Z Send 國際股市==>  Program Start
2016-03-09 00:01:03Z Send 國際股市==>  Program END 

Create log file
2016-03-09 01:01:03Z Send 國際股市==>  Program Start
2016-03-09 01:01:03Z Send 國際股市==>  Program END 

Create log file
2016-03-09 08:01:03Z Send 國際股市==>  Program Start
2016-03-09 08:01:03Z Send 國際股市==>  Program END 

Create log file
2016-03-09 08:01:29Z Send 國際股市==>  Program Start
2016-03-09 08:01:29Z Send 國際股市==>  Program END 

Create log file
2016-03-09 08:01:51Z Send 國際股市==>  Program Start
2016-03-09 08:01:51Z Send 國際股市==>  Program END 

Create log file
2016-03-09 08:46:03Z on time future report... Program Start
2016-03-09 08:46:03Z on time future report... Program END 

Create log file
2016-03-09 08:51:03Z on time future report... Program Start
2016-03-09 08:51:03Z on time future report... Program END 

Create log file
2016-03-09 08:56:04Z on time future report... Program Start
2016-03-09 08:56:04Z on time future report... Program END 

Create log file
2016-03-09 09:01:03Z Send 國際股市==>  Program Start
2016-03-09 09:01:03Z Send 國際股市==>  Program END 

Create log file
2016-03-09 09:01:08Z on time future report... Program Start
2016-03-09 09:01:08Z on time future report... Program END 

Create log file
2016-03-09 09:06:03Z on time future report... Program Start
2016-03-09 09:06:03Z on time future report... Program END 

Create log file
2016-03-09 09:11:03Z on time future report... Program Start
2016-03-09 09:11:03Z on time future report... Program END 

Create log file
2016-03-09 09:16:03Z on time future report... Program Start
2016-03-09 09:16:03Z on time future report... Program END 

Create log file
2016-03-09 09:21:03Z on time future report... Program Start
2016-03-09 09:21:03Z on time future report... Program END 

Create log file
2016-03-09 09:26:05Z on time future report... Program Start
2016-03-09 09:26:05Z on time future report... Program END 

Create log file
2016-03-09 09:31:03Z on time future report... Program Start
2016-03-09 09:31:03Z on time future report... Program END 

Create log file
2016-03-09 09:36:07Z on time future report... Program Start
2016-03-09 09:36:07Z on time future report... Program END 

Create log file
2016-03-09 09:41:04Z on time future report... Program Start
2016-03-09 09:41:04Z on time future report... Program END 

Create log file
2016-03-09 09:46:08Z on time future report... Program Start
2016-03-09 09:46:08Z on time future report... Program END 

Create log file
2016-03-09 09:51:03Z on time future report... Program Start
2016-03-09 09:51:03Z on time future report... Program END 

Create log file
2016-03-09 09:56:03Z on time future report... Program Start
2016-03-09 09:56:03Z on time future report... Program END 

Create log file
2016-03-09 10:01:03Z Send 國際股市==>  Program Start
2016-03-09 10:01:03Z Send 國際股市==>  Program END 

Create log file
2016-03-09 10:01:08Z on time future report... Program Start
2016-03-09 10:01:08Z on time future report... Program END 

Create log file
2016-03-09 10:06:03Z on time future report... Program Start
2016-03-09 10:06:03Z on time future report... Program END 

Create log file
2016-03-09 10:11:03Z on time future report... Program Start
2016-03-09 10:11:03Z on time future report... Program END 

Create log file
2016-03-09 10:16:04Z on time future report... Program Start
2016-03-09 10:16:04Z on time future report... Program END 

Create log file
2016-03-09 10:21:06Z on time future report... Program Start
2016-03-09 10:21:06Z on time future report... Program END 

Create log file
2016-03-09 10:26:06Z on time future report... Program Start
2016-03-09 10:26:06Z on time future report... Program END 

Create log file
2016-03-09 10:31:04Z on time future report... Program Start
2016-03-09 10:31:04Z on time future report... Program END 

Create log file
2016-03-09 10:36:03Z on time future report... Program Start
2016-03-09 10:36:03Z on time future report... Program END 

Create log file
2016-03-09 10:41:03Z on time future report... Program Start
2016-03-09 10:41:03Z on time future report... Program END 

Create log file
2016-03-09 10:46:04Z on time future report... Program Start
2016-03-09 10:46:04Z on time future report... Program END 

Create log file
2016-03-09 10:51:05Z on time future report... Program Start
2016-03-09 10:51:05Z on time future report... Program END 

Create log file
2016-03-09 10:56:03Z on time future report... Program Start
2016-03-09 10:56:03Z on time future report... Program END 

Create log file
2016-03-09 11:01:03Z Send 國際股市==>  Program Start
2016-03-09 11:01:03Z Send 國際股市==>  Program END 

Create log file
2016-03-09 11:01:04Z on time future report... Program Start
2016-03-09 11:01:04Z on time future report... Program END 

Create log file
2016-03-09 11:06:04Z on time future report... Program Start
2016-03-09 11:06:04Z on time future report... Program END 

Create log file
2016-03-09 11:11:07Z on time future report... Program Start
2016-03-09 11:11:07Z on time future report... Program END 

Create log file
2016-03-09 11:16:03Z on time future report... Program Start
2016-03-09 11:16:03Z on time future report... Program END 

Create log file
2016-03-09 11:21:03Z on time future report... Program Start
2016-03-09 11:21:03Z on time future report... Program END 

Create log file
2016-03-09 11:26:09Z on time future report... Program Start
2016-03-09 11:26:09Z on time future report... Program END 

Create log file
2016-03-09 11:31:03Z on time future report... Program Start
2016-03-09 11:31:03Z on time future report... Program END 

Create log file
2016-03-09 11:36:03Z on time future report... Program Start
2016-03-09 11:36:03Z on time future report... Program END 

Create log file
2016-03-09 11:46:01Z on time future report... Program Start
2016-03-09 11:46:01Z on time future report... Program END 

Create log file
2016-03-09 11:51:01Z on time future report... Program Start
2016-03-09 11:51:01Z on time future report... Program END 

Create log file
2016-03-09 11:56:03Z on time future report... Program Start
2016-03-09 11:56:03Z on time future report... Program END 

Create log file
2016-03-09 12:01:01Z Send 國際股市==>  Program Start
2016-03-09 12:01:01Z Send 國際股市==>  Program END 

Create log file
2016-03-09 12:01:29Z on time future report... Program Start
2016-03-09 12:01:29Z on time future report... Program END 

Create log file
2016-03-09 12:06:02Z on time future report... Program Start
2016-03-09 12:06:02Z on time future report... Program END 

Create log file
2016-03-09 12:11:01Z on time future report... Program Start
2016-03-09 12:11:01Z on time future report... Program END 

Create log file
2016-03-09 12:16:01Z on time future report... Program Start
2016-03-09 12:16:01Z on time future report... Program END 

Create log file
2016-03-09 12:21:02Z on time future report... Program Start
2016-03-09 12:21:02Z on time future report... Program END 

Create log file
2016-03-09 12:26:01Z on time future report... Program Start
2016-03-09 12:26:01Z on time future report... Program END 

Create log file
2016-03-09 12:31:01Z on time future report... Program Start
2016-03-09 12:31:01Z on time future report... Program END 

Create log file
2016-03-09 12:36:01Z on time future report... Program Start
2016-03-09 12:36:01Z on time future report... Program END 

Create log file
2016-03-09 12:41:05Z on time future report... Program Start
2016-03-09 12:41:05Z on time future report... Program END 

Create log file
2016-03-09 12:46:01Z on time future report... Program Start
2016-03-09 12:46:01Z on time future report... Program END 

Create log file
2016-03-09 12:51:01Z on time future report... Program Start
2016-03-09 12:51:01Z on time future report... Program END 

Create log file
2016-03-09 12:56:01Z on time future report... Program Start
2016-03-09 12:56:01Z on time future report... Program END 

Create log file
2016-03-09 13:01:01Z Send 國際股市==>  Program Start
2016-03-09 13:01:01Z Send 國際股市==>  Program END 

Create log file
2016-03-09 13:01:28Z on time future report... Program Start
2016-03-09 13:01:28Z on time future report... Program END 

Create log file
2016-03-09 13:06:01Z on time future report... Program Start
2016-03-09 13:06:01Z on time future report... Program END 

Create log file
2016-03-09 13:11:06Z on time future report... Program Start
2016-03-09 13:11:06Z on time future report... Program END 

Create log file
2016-03-09 13:16:01Z on time future report... Program Start
2016-03-09 13:16:01Z on time future report... Program END 

Create log file
2016-03-09 13:21:02Z on time future report... Program Start
2016-03-09 13:21:02Z on time future report... Program END 

Create log file
2016-03-09 13:26:01Z on time future report... Program Start
2016-03-09 13:26:01Z on time future report... Program END 

Create log file
2016-03-09 13:31:01Z on time future report... Program Start
2016-03-09 13:31:01Z on time future report... Program END 

Create log file
2016-03-09 13:36:01Z on time future report... Program Start
2016-03-09 13:36:01Z on time future report... Program END 

Create log file
2016-03-09 13:41:01Z on time future report... Program Start
2016-03-09 13:41:01Z on time future report... Program END 

Create log file
2016-03-09 13:46:01Z on time future report... Program Start
2016-03-09 13:46:01Z on time future report... Program END 

Create log file
2016-03-09 14:01:00Z Send 國際股市==>  Program Start
2016-03-09 14:01:00Z Send 國際股市==>  Program END 

Create log file
2016-03-09 15:01:00Z Send 國際股市==>  Program Start
2016-03-09 15:01:00Z Send 國際股市==>  Program END 

Create log file
2016-03-09 15:50:19Z option_insert_daily Program Start
2016-03-09 15:50:19Z option_insert_daily Program END 

Create log file
2016-03-09 15:56:12Z Send Option_OIV_daily Program Start
2016-03-09 15:56:12Z Send Option_OIV_daily Program END 

Create log file
2016-03-09 16:01:00Z Send 國際股市==>  Program Start
2016-03-09 16:01:00Z Send 國際股市==>  Program END 

Create log file
2016-03-09 17:01:01Z Send 國際股市==>  Program Start
2016-03-09 17:01:01Z Send 國際股市==>  Program END 

Create log file
2016-03-09 18:01:01Z Send 國際股市==>  Program Start
2016-03-09 18:01:01Z Send 國際股市==>  Program END 

Create log file
2016-03-09 18:01:29Z Send 國際股市==>  Program Start
2016-03-09 18:01:29Z Send 國際股市==>  Program END 

Create log file
2016-03-09 18:01:51Z Send 國際股市==>  Program Start
2016-03-09 18:01:51Z Send 國際股市==>  Program END 

Create log file
2016-03-09 18:02:13Z Send 國際股市==>  Program Start
2016-03-09 18:02:13Z Send 國際股市==>  Program END 

Create log file
2016-03-09 19:01:03Z Send 國際股市==>  Program Start
2016-03-09 19:01:03Z Send 國際股市==>  Program END 

Create log file
2016-03-09 19:01:29Z Send 國際股市==>  Program Start
2016-03-09 19:01:29Z Send 國際股市==>  Program END 

Create log file
2016-03-09 19:01:50Z Send 國際股市==>  Program Start
2016-03-09 19:01:50Z Send 國際股市==>  Program END 

Create log file
2016-03-09 20:01:03Z Send 國際股市==>  Program Start
2016-03-09 20:01:03Z Send 國際股市==>  Program END 

Create log file
2016-03-09 20:10:08Z stock_data_daily_create_file Program Start
2016-03-09 20:10:08Z stock_data_daily_create_file Program END 

Create log file
2016-03-09 20:20:07Z stock_data_insert_daily Program Start
2016-03-09 20:20:07Z stock_data_insert_daily Program END 

Create log file
2016-03-09 20:30:15Z Send 股市氣象台電子報-今日我最夯<==Strong_UP==>  Program Start
2016-03-09 20:30:15Z Send 股市氣象台電子報-今日我最夯<==Strong_UP==>  Program END 

Create log file
2016-03-09 21:01:03Z Send 國際股市==>  Program Start
2016-03-09 21:01:03Z Send 國際股市==>  Program END 

Create log file
2016-03-09 21:26:10Z Query Stock_id is 2498 Program Start
2016-03-09 21:26:10Z Query Stock_id is 2498 Program END 

Create log file
2016-03-09 21:26:10Z Query Stock_id is 2455 Program Start
2016-03-09 21:26:10Z Query Stock_id is 2455 Program END 

Create log file
2016-03-09 21:26:10Z Query Stock_id is 3105 Program Start
2016-03-09 21:26:10Z Query Stock_id is 3105 Program END 

Create log file
2016-03-09 21:26:11Z Query Stock_id is 3231 Program Start
2016-03-09 21:26:11Z Query Stock_id is 3231 Program END 

Create log file
2016-03-09 21:26:11Z Query Stock_id is 2330 Program Start
2016-03-09 21:26:11Z Query Stock_id is 2330 Program END 

Create log file
2016-03-09 21:26:11Z Query Stock_id is 2542 Program Start
2016-03-09 21:26:11Z Query Stock_id is 2542 Program END 

Create log file
2016-03-09 21:26:11Z Query Stock_id is 3474 Program Start
2016-03-09 21:26:11Z Query Stock_id is 3474 Program END 

Create log file
2016-03-09 21:26:11Z Query Stock_id is 2892 Program Start
2016-03-09 21:26:11Z Query Stock_id is 2892 Program END 

Create log file
2016-03-09 21:26:11Z Query Stock_id is 2891 Program Start
2016-03-09 21:26:11Z Query Stock_id is 2891 Program END 

Create log file
2016-03-09 21:26:12Z Query Stock_id is 2886 Program Start
2016-03-09 21:26:12Z Query Stock_id is 2886 Program END 

Create log file
2016-03-09 21:26:12Z Query Stock_id is 2409 Program Start
2016-03-09 21:26:12Z Query Stock_id is 2409 Program END 

Create log file
2016-03-09 21:26:12Z Query Stock_id is 2449 Program Start
2016-03-09 21:26:12Z Query Stock_id is 2449 Program END 

Create log file
2016-03-09 21:26:12Z Query Stock_id is 2354 Program Start
2016-03-09 21:26:12Z Query Stock_id is 2354 Program END 

Create log file
2016-03-09 21:26:12Z Query Stock_id is 2317 Program Start
2016-03-09 21:26:12Z Query Stock_id is 2317 Program END 

Create log file
2016-03-09 21:26:12Z Query Stock_id is 2610 Program Start
2016-03-09 21:26:12Z Query Stock_id is 2610 Program END 

Create log file
2016-03-09 21:26:12Z Query Stock_id is 2882 Program Start
2016-03-09 21:26:12Z Query Stock_id is 2882 Program END 

Create log file
2016-03-09 21:26:13Z Query Stock_id is 2890 Program Start
2016-03-09 21:26:13Z Query Stock_id is 2890 Program END 

Create log file
2016-03-09 21:26:13Z Query Stock_id is 1312 Program Start
2016-03-09 21:26:13Z Query Stock_id is 1312 Program END 

Create log file
2016-03-09 21:26:13Z Query Stock_id is 2888 Program Start
2016-03-09 21:26:13Z Query Stock_id is 2888 Program END 

Create log file
2016-03-09 21:26:13Z Query Stock_id is 1605 Program Start
2016-03-09 21:26:13Z Query Stock_id is 1605 Program END 

Create log file
2016-03-09 21:26:13Z Query Stock_id is 2409 Program Start
2016-03-09 21:26:13Z Query Stock_id is 2409 Program END 

Create log file
2016-03-09 21:26:13Z Query Stock_id is 2344 Program Start
2016-03-09 21:26:13Z Query Stock_id is 2344 Program END 

Create log file
2016-03-09 21:26:14Z Query Stock_id is 2421 Program Start
2016-03-09 21:26:14Z Query Stock_id is 2421 Program END 

Create log file
2016-03-09 21:26:14Z Query Stock_id is 2002 Program Start
2016-03-09 21:26:14Z Query Stock_id is 2002 Program END 

Create log file
2016-03-09 21:26:14Z Query Stock_id is 6271 Program Start
2016-03-09 21:26:14Z Query Stock_id is 6271 Program END 

Create log file
2016-03-09 21:26:14Z Query Stock_id is 1605 Program Start
2016-03-09 21:26:14Z Query Stock_id is 1605 Program END 

Create log file
2016-03-09 21:26:14Z Query Stock_id is 2354 Program Start
2016-03-09 21:26:14Z Query Stock_id is 2354 Program END 

Create log file
2016-03-09 21:26:14Z Query Stock_id is 2311 Program Start
2016-03-09 21:26:14Z Query Stock_id is 2311 Program END 

Create log file
2016-03-09 21:26:14Z Query Stock_id is 2885 Program Start
2016-03-09 21:26:14Z Query Stock_id is 2885 Program END 

Create log file
2016-03-09 21:26:15Z Query Stock_id is 1314 Program Start
2016-03-09 21:26:15Z Query Stock_id is 1314 Program END 

Create log file
2016-03-09 21:26:15Z Query Stock_id is 2034 Program Start
2016-03-09 21:26:15Z Query Stock_id is 2034 Program END 

Create log file
2016-03-09 21:26:15Z Query Stock_id is 2382 Program Start
2016-03-09 21:26:15Z Query Stock_id is 2382 Program END 

Create log file
2016-03-09 21:26:15Z Query Stock_id is 2882 Program Start
2016-03-09 21:26:15Z Query Stock_id is 2882 Program END 

Create log file
2016-03-09 21:26:15Z Query Stock_id is 6282 Program Start
2016-03-09 21:26:15Z Query Stock_id is 6282 Program END 

Create log file
2016-03-09 21:26:15Z Query Stock_id is 1301 Program Start
2016-03-09 21:26:15Z Query Stock_id is 1301 Program END 

Create log file
2016-03-09 21:26:15Z Query Stock_id is 2542 Program Start
2016-03-09 21:26:15Z Query Stock_id is 2542 Program END 

Create log file
2016-03-09 21:26:16Z Query Stock_id is 2892 Program Start
2016-03-09 21:26:16Z Query Stock_id is 2892 Program END 

Create log file
2016-03-09 21:26:16Z Query Stock_id is 3474 Program Start
2016-03-09 21:26:16Z Query Stock_id is 3474 Program END 

Create log file
2016-03-09 22:01:03Z Send 國際股市==>  Program Start
2016-03-09 22:01:03Z Send 國際股市==>  Program END 

Create log file
2016-03-09 22:01:29Z Send 國際股市==>  Program Start
2016-03-09 22:01:29Z Send 國際股市==>  Program END 

Create log file
2016-03-09 22:24:15Z Query Stock_id is 2498 Program Start
2016-03-09 22:24:15Z Query Stock_id is 2498 Program END 

Create log file
2016-03-09 22:24:16Z Query Stock_id is 2455 Program Start
2016-03-09 22:24:16Z Query Stock_id is 2455 Program END 

Create log file
2016-03-09 22:24:16Z Query Stock_id is 3105 Program Start
2016-03-09 22:24:16Z Query Stock_id is 3105 Program END 

Create log file
2016-03-09 22:24:16Z Query Stock_id is 3231 Program Start
2016-03-09 22:24:16Z Query Stock_id is 3231 Program END 

Create log file
2016-03-09 22:24:16Z Query Stock_id is 2330 Program Start
2016-03-09 22:24:16Z Query Stock_id is 2330 Program END 

Create log file
2016-03-09 22:24:16Z Query Stock_id is 2542 Program Start
2016-03-09 22:24:16Z Query Stock_id is 2542 Program END 

Create log file
2016-03-09 22:24:16Z Query Stock_id is 3474 Program Start
2016-03-09 22:24:16Z Query Stock_id is 3474 Program END 

Create log file
2016-03-09 22:24:17Z Query Stock_id is 2892 Program Start
2016-03-09 22:24:17Z Query Stock_id is 2892 Program END 

Create log file
2016-03-09 22:24:17Z Query Stock_id is 2891 Program Start
2016-03-09 22:24:17Z Query Stock_id is 2891 Program END 

Create log file
2016-03-09 22:24:17Z Query Stock_id is 2886 Program Start
2016-03-09 22:24:17Z Query Stock_id is 2886 Program END 

Create log file
2016-03-09 22:24:17Z Query Stock_id is 2409 Program Start
2016-03-09 22:24:17Z Query Stock_id is 2409 Program END 

Create log file
2016-03-09 22:24:17Z Query Stock_id is 2449 Program Start
2016-03-09 22:24:17Z Query Stock_id is 2449 Program END 

Create log file
2016-03-09 22:24:17Z Query Stock_id is 2354 Program Start
2016-03-09 22:24:17Z Query Stock_id is 2354 Program END 

Create log file
2016-03-09 22:24:17Z Query Stock_id is 2317 Program Start
2016-03-09 22:24:17Z Query Stock_id is 2317 Program END 

Create log file
2016-03-09 22:24:18Z Query Stock_id is 2610 Program Start
2016-03-09 22:24:18Z Query Stock_id is 2610 Program END 

Create log file
2016-03-09 22:24:18Z Query Stock_id is 2882 Program Start
2016-03-09 22:24:18Z Query Stock_id is 2882 Program END 

Create log file
2016-03-09 22:24:18Z Query Stock_id is 2890 Program Start
2016-03-09 22:24:18Z Query Stock_id is 2890 Program END 

Create log file
2016-03-09 22:24:18Z Query Stock_id is 1312 Program Start
2016-03-09 22:24:18Z Query Stock_id is 1312 Program END 

Create log file
2016-03-09 22:24:18Z Query Stock_id is 2888 Program Start
2016-03-09 22:24:18Z Query Stock_id is 2888 Program END 

Create log file
2016-03-09 22:24:18Z Query Stock_id is 1605 Program Start
2016-03-09 22:24:18Z Query Stock_id is 1605 Program END 

Create log file
2016-03-09 22:24:19Z Query Stock_id is 2409 Program Start
2016-03-09 22:24:19Z Query Stock_id is 2409 Program END 

Create log file
2016-03-09 22:24:19Z Query Stock_id is 2344 Program Start
2016-03-09 22:24:19Z Query Stock_id is 2344 Program END 

Create log file
2016-03-09 22:24:19Z Query Stock_id is 2421 Program Start
2016-03-09 22:24:19Z Query Stock_id is 2421 Program END 

Create log file
2016-03-09 22:24:19Z Query Stock_id is 2002 Program Start
2016-03-09 22:24:19Z Query Stock_id is 2002 Program END 

Create log file
2016-03-09 22:24:19Z Query Stock_id is 6271 Program Start
2016-03-09 22:24:19Z Query Stock_id is 6271 Program END 

Create log file
2016-03-09 22:24:20Z Query Stock_id is 1605 Program Start
2016-03-09 22:24:20Z Query Stock_id is 1605 Program END 

Create log file
2016-03-09 22:24:20Z Query Stock_id is 2354 Program Start
2016-03-09 22:24:20Z Query Stock_id is 2354 Program END 

Create log file
2016-03-09 22:24:20Z Query Stock_id is 2311 Program Start
2016-03-09 22:24:20Z Query Stock_id is 2311 Program END 

Create log file
2016-03-09 22:24:20Z Query Stock_id is 2885 Program Start
2016-03-09 22:24:20Z Query Stock_id is 2885 Program END 

Create log file
2016-03-09 22:24:20Z Query Stock_id is 1314 Program Start
2016-03-09 22:24:20Z Query Stock_id is 1314 Program END 

Create log file
2016-03-09 22:24:20Z Query Stock_id is 2034 Program Start
2016-03-09 22:24:20Z Query Stock_id is 2034 Program END 

Create log file
2016-03-09 22:24:20Z Query Stock_id is 2382 Program Start
2016-03-09 22:24:20Z Query Stock_id is 2382 Program END 

Create log file
2016-03-09 22:24:21Z Query Stock_id is 2882 Program Start
2016-03-09 22:24:21Z Query Stock_id is 2882 Program END 

Create log file
2016-03-09 22:24:21Z Query Stock_id is 6282 Program Start
2016-03-09 22:24:21Z Query Stock_id is 6282 Program END 

Create log file
2016-03-09 22:24:21Z Query Stock_id is 1301 Program Start
2016-03-09 22:24:21Z Query Stock_id is 1301 Program END 

Create log file
2016-03-09 22:24:21Z Query Stock_id is 2542 Program Start
2016-03-09 22:24:21Z Query Stock_id is 2542 Program END 

Create log file
2016-03-09 22:24:21Z Query Stock_id is 2892 Program Start
2016-03-09 22:24:21Z Query Stock_id is 2892 Program END 

Create log file
2016-03-09 22:24:21Z Query Stock_id is 3474 Program Start
2016-03-09 22:24:21Z Query Stock_id is 3474 Program END 

Create log file
2016-03-09 23:01:03Z Send 國際股市==>  Program Start
2016-03-09 23:01:03Z Send 國際股市==>  Program END 

Create log file
2016-03-09 23:01:30Z Query Stock_id is 2498 Program Start
2016-03-09 23:01:30Z Query Stock_id is 2498 Program END 

Create log file
2016-03-09 23:01:30Z Query Stock_id is 2455 Program Start
2016-03-09 23:01:30Z Query Stock_id is 2455 Program END 

Create log file
2016-03-09 23:01:31Z Query Stock_id is 3105 Program Start
2016-03-09 23:01:31Z Query Stock_id is 3105 Program END 

Create log file
2016-03-09 23:01:31Z Query Stock_id is 3231 Program Start
2016-03-09 23:01:31Z Query Stock_id is 3231 Program END 

Create log file
2016-03-09 23:01:31Z Query Stock_id is 2330 Program Start
2016-03-09 23:01:31Z Query Stock_id is 2330 Program END 

Create log file
2016-03-09 23:01:32Z Query Stock_id is 2542 Program Start
2016-03-09 23:01:32Z Query Stock_id is 2542 Program END 

Create log file
2016-03-09 23:01:32Z Query Stock_id is 3474 Program Start
2016-03-09 23:01:32Z Query Stock_id is 3474 Program END 

Create log file
2016-03-09 23:01:32Z Query Stock_id is 2892 Program Start
2016-03-09 23:01:32Z Query Stock_id is 2892 Program END 

Create log file
2016-03-09 23:01:32Z Query Stock_id is 2891 Program Start
2016-03-09 23:01:32Z Query Stock_id is 2891 Program END 

Create log file
2016-03-09 23:01:32Z Query Stock_id is 2886 Program Start
2016-03-09 23:01:32Z Query Stock_id is 2886 Program END 

Create log file
2016-03-09 23:01:32Z Query Stock_id is 2409 Program Start
2016-03-09 23:01:32Z Query Stock_id is 2409 Program END 

Create log file
2016-03-09 23:01:33Z Query Stock_id is 2449 Program Start
2016-03-09 23:01:33Z Query Stock_id is 2449 Program END 

Create log file
2016-03-09 23:01:33Z Query Stock_id is 2354 Program Start
2016-03-09 23:01:33Z Query Stock_id is 2354 Program END 

Create log file
2016-03-09 23:01:33Z Query Stock_id is 2317 Program Start
2016-03-09 23:01:33Z Query Stock_id is 2317 Program END 

Create log file
2016-03-09 23:01:33Z Query Stock_id is 2610 Program Start
2016-03-09 23:01:33Z Query Stock_id is 2610 Program END 

Create log file
2016-03-09 23:01:33Z Query Stock_id is 2882 Program Start
2016-03-09 23:01:33Z Query Stock_id is 2882 Program END 

Create log file
2016-03-09 23:01:33Z Query Stock_id is 2890 Program Start
2016-03-09 23:01:33Z Query Stock_id is 2890 Program END 

Create log file
2016-03-09 23:01:34Z Query Stock_id is 1312 Program Start
2016-03-09 23:01:34Z Query Stock_id is 1312 Program END 

Create log file
2016-03-09 23:01:34Z Query Stock_id is 2888 Program Start
2016-03-09 23:01:34Z Query Stock_id is 2888 Program END 

Create log file
2016-03-09 23:01:34Z Query Stock_id is 1605 Program Start
2016-03-09 23:01:34Z Query Stock_id is 1605 Program END 

Create log file
2016-03-09 23:01:34Z Query Stock_id is 2409 Program Start
2016-03-09 23:01:34Z Query Stock_id is 2409 Program END 

Create log file
2016-03-09 23:01:34Z Query Stock_id is 2344 Program Start
2016-03-09 23:01:34Z Query Stock_id is 2344 Program END 

Create log file
2016-03-09 23:01:34Z Query Stock_id is 2421 Program Start
2016-03-09 23:01:34Z Query Stock_id is 2421 Program END 

Create log file
2016-03-09 23:01:35Z Query Stock_id is 2002 Program Start
2016-03-09 23:01:35Z Query Stock_id is 2002 Program END 

Create log file
2016-03-09 23:01:35Z Query Stock_id is 6271 Program Start
2016-03-09 23:01:35Z Query Stock_id is 6271 Program END 

Create log file
2016-03-09 23:01:35Z Query Stock_id is 1605 Program Start
2016-03-09 23:01:35Z Query Stock_id is 1605 Program END 

Create log file
2016-03-09 23:01:35Z Query Stock_id is 2354 Program Start
2016-03-09 23:01:35Z Query Stock_id is 2354 Program END 

Create log file
2016-03-09 23:01:35Z Query Stock_id is 2311 Program Start
2016-03-09 23:01:35Z Query Stock_id is 2311 Program END 

Create log file
2016-03-09 23:01:35Z Query Stock_id is 2885 Program Start
2016-03-09 23:01:35Z Query Stock_id is 2885 Program END 

Create log file
2016-03-09 23:01:35Z Query Stock_id is 1314 Program Start
2016-03-09 23:01:35Z Query Stock_id is 1314 Program END 

Create log file
2016-03-09 23:01:36Z Query Stock_id is 2034 Program Start
2016-03-09 23:01:36Z Query Stock_id is 2034 Program END 

Create log file
2016-03-09 23:01:36Z Query Stock_id is 2382 Program Start
2016-03-09 23:01:36Z Query Stock_id is 2382 Program END 

Create log file
2016-03-09 23:01:36Z Query Stock_id is 2882 Program Start
2016-03-09 23:01:36Z Query Stock_id is 2882 Program END 

Create log file
2016-03-09 23:01:36Z Query Stock_id is 6282 Program Start
2016-03-09 23:01:36Z Query Stock_id is 6282 Program END 

Create log file
2016-03-09 23:01:36Z Query Stock_id is 1301 Program Start
2016-03-09 23:01:36Z Query Stock_id is 1301 Program END 

Create log file
2016-03-09 23:01:36Z Query Stock_id is 2542 Program Start
2016-03-09 23:01:36Z Query Stock_id is 2542 Program END 

Create log file
2016-03-09 23:01:37Z Query Stock_id is 2892 Program Start
2016-03-09 23:01:37Z Query Stock_id is 2892 Program END 

Create log file
2016-03-09 23:01:37Z Query Stock_id is 3474 Program Start
2016-03-09 23:01:37Z Query Stock_id is 3474 Program END 

