Create log file
2016-03-23 00:01:03Z Send 國際股市==>  Program Start
2016-03-23 00:01:03Z Send 國際股市==>  Program END 

Create log file
2016-03-23 01:01:03Z Send 國際股市==>  Program Start
2016-03-23 01:01:03Z Send 國際股市==>  Program END 

Create log file
2016-03-23 08:01:03Z Send 國際股市==>  Program Start
2016-03-23 08:01:03Z Send 國際股市==>  Program END 

Create log file
2016-03-23 08:01:29Z Send 國際股市==>  Program Start
2016-03-23 08:01:29Z Send 國際股市==>  Program END 

Create log file
2016-03-23 08:01:52Z Send 國際股市==>  Program Start
2016-03-23 08:01:52Z Send 國際股市==>  Program END 

Create log file
2016-03-23 08:46:03Z on time future report... Program Start
2016-03-23 08:46:03Z on time future report... Program END 

Create log file
2016-03-23 08:51:03Z on time future report... Program Start
2016-03-23 08:51:03Z on time future report... Program END 

Create log file
2016-03-23 08:56:03Z on time future report... Program Start
2016-03-23 08:56:03Z on time future report... Program END 

Create log file
2016-03-23 09:01:03Z Send 國際股市==>  Program Start
2016-03-23 09:01:03Z Send 國際股市==>  Program END 

Create log file
2016-03-23 09:01:05Z on time future report... Program Start
2016-03-23 09:01:05Z on time future report... Program END 

Create log file
2016-03-23 09:06:04Z on time future report... Program Start
2016-03-23 09:06:04Z on time future report... Program END 

Create log file
2016-03-23 09:11:05Z on time future report... Program Start
2016-03-23 09:11:05Z on time future report... Program END 

Create log file
2016-03-23 09:16:03Z on time future report... Program Start
2016-03-23 09:16:03Z on time future report... Program END 

Create log file
2016-03-23 09:26:01Z on time future report... Program Start
2016-03-23 09:26:01Z on time future report... Program END 

Create log file
2016-03-23 09:31:02Z on time future report... Program Start
2016-03-23 09:31:02Z on time future report... Program END 

Create log file
2016-03-23 09:36:02Z on time future report... Program Start
2016-03-23 09:36:02Z on time future report... Program END 

Create log file
2016-03-23 09:41:01Z on time future report... Program Start
2016-03-23 09:41:01Z on time future report... Program END 

Create log file
2016-03-23 09:46:02Z on time future report... Program Start
2016-03-23 09:46:02Z on time future report... Program END 

Create log file
2016-03-23 09:51:02Z on time future report... Program Start
2016-03-23 09:51:02Z on time future report... Program END 

Create log file
2016-03-23 09:56:01Z on time future report... Program Start
2016-03-23 09:56:01Z on time future report... Program END 

Create log file
2016-03-23 10:01:05Z Send 國際股市==>  Program Start
2016-03-23 10:01:05Z Send 國際股市==>  Program END 

Create log file
2016-03-23 10:01:05Z on time future report... Program Start
2016-03-23 10:01:05Z on time future report... Program END 

Create log file
2016-03-23 10:06:01Z on time future report... Program Start
2016-03-23 10:06:01Z on time future report... Program END 

Create log file
2016-03-23 10:11:02Z on time future report... Program Start
2016-03-23 10:11:02Z on time future report... Program END 

Create log file
2016-03-23 10:16:01Z on time future report... Program Start
2016-03-23 10:16:01Z on time future report... Program END 

Create log file
2016-03-23 10:21:01Z on time future report... Program Start
2016-03-23 10:21:01Z on time future report... Program END 

Create log file
2016-03-23 10:26:01Z on time future report... Program Start
2016-03-23 10:26:01Z on time future report... Program END 

Create log file
2016-03-23 10:31:01Z on time future report... Program Start
2016-03-23 10:31:01Z on time future report... Program END 

Create log file
2016-03-23 10:36:01Z on time future report... Program Start
2016-03-23 10:36:01Z on time future report... Program END 

Create log file
2016-03-23 10:41:01Z on time future report... Program Start
2016-03-23 10:41:01Z on time future report... Program END 

Create log file
2016-03-23 10:46:01Z on time future report... Program Start
2016-03-23 10:46:01Z on time future report... Program END 

Create log file
2016-03-23 10:51:01Z on time future report... Program Start
2016-03-23 10:51:01Z on time future report... Program END 

Create log file
2016-03-23 10:56:01Z on time future report... Program Start
2016-03-23 10:56:01Z on time future report... Program END 

Create log file
2016-03-23 11:01:02Z on time future report... Program Start
2016-03-23 11:01:02Z on time future report... Program END 

Create log file
2016-03-23 11:01:05Z Send 國際股市==>  Program Start
2016-03-23 11:01:05Z Send 國際股市==>  Program END 

Create log file
2016-03-23 11:06:01Z on time future report... Program Start
2016-03-23 11:06:01Z on time future report... Program END 

Create log file
2016-03-23 11:11:03Z on time future report... Program Start
2016-03-23 11:11:03Z on time future report... Program END 

Create log file
2016-03-23 11:16:01Z on time future report... Program Start
2016-03-23 11:16:01Z on time future report... Program END 

Create log file
2016-03-23 11:21:01Z on time future report... Program Start
2016-03-23 11:21:01Z on time future report... Program END 

Create log file
2016-03-23 11:26:01Z on time future report... Program Start
2016-03-23 11:26:01Z on time future report... Program END 

Create log file
2016-03-23 11:31:01Z on time future report... Program Start
2016-03-23 11:31:01Z on time future report... Program END 

Create log file
2016-03-23 11:36:01Z on time future report... Program Start
2016-03-23 11:36:01Z on time future report... Program END 

Create log file
2016-03-23 11:41:01Z on time future report... Program Start
2016-03-23 11:41:01Z on time future report... Program END 

Create log file
2016-03-23 11:46:01Z on time future report... Program Start
2016-03-23 11:46:01Z on time future report... Program END 

Create log file
2016-03-23 11:51:04Z on time future report... Program Start
2016-03-23 11:51:04Z on time future report... Program END 

Create log file
2016-03-23 11:56:02Z on time future report... Program Start
2016-03-23 11:56:02Z on time future report... Program END 

Create log file
2016-03-23 12:01:02Z on time future report... Program Start
2016-03-23 12:01:02Z on time future report... Program END 

Create log file
2016-03-23 12:01:04Z Send 國際股市==>  Program Start
2016-03-23 12:01:04Z Send 國際股市==>  Program END 

Create log file
2016-03-23 12:06:03Z on time future report... Program Start
2016-03-23 12:06:03Z on time future report... Program END 

Create log file
2016-03-23 12:11:01Z on time future report... Program Start
2016-03-23 12:11:01Z on time future report... Program END 

Create log file
2016-03-23 12:16:01Z on time future report... Program Start
2016-03-23 12:16:01Z on time future report... Program END 

Create log file
2016-03-23 12:21:03Z on time future report... Program Start
2016-03-23 12:21:03Z on time future report... Program END 

Create log file
2016-03-23 12:26:01Z on time future report... Program Start
2016-03-23 12:26:01Z on time future report... Program END 

Create log file
2016-03-23 12:31:01Z on time future report... Program Start
2016-03-23 12:31:01Z on time future report... Program END 

Create log file
2016-03-23 12:36:03Z on time future report... Program Start
2016-03-23 12:36:03Z on time future report... Program END 

Create log file
2016-03-23 12:41:01Z on time future report... Program Start
2016-03-23 12:41:01Z on time future report... Program END 

Create log file
2016-03-23 12:46:01Z on time future report... Program Start
2016-03-23 12:46:01Z on time future report... Program END 

Create log file
2016-03-23 12:51:04Z on time future report... Program Start
2016-03-23 12:51:04Z on time future report... Program END 

Create log file
2016-03-23 12:56:01Z on time future report... Program Start
2016-03-23 12:56:01Z on time future report... Program END 

Create log file
2016-03-23 13:01:02Z on time future report... Program Start
2016-03-23 13:01:02Z on time future report... Program END 

Create log file
2016-03-23 13:01:05Z Send 國際股市==>  Program Start
2016-03-23 13:01:05Z Send 國際股市==>  Program END 

Create log file
2016-03-23 13:06:01Z on time future report... Program Start
2016-03-23 13:06:01Z on time future report... Program END 

Create log file
2016-03-23 13:11:01Z on time future report... Program Start
2016-03-23 13:11:01Z on time future report... Program END 

Create log file
2016-03-23 13:16:01Z on time future report... Program Start
2016-03-23 13:16:01Z on time future report... Program END 

Create log file
2016-03-23 13:21:05Z on time future report... Program Start
2016-03-23 13:21:05Z on time future report... Program END 

Create log file
2016-03-23 13:26:03Z on time future report... Program Start
2016-03-23 13:26:03Z on time future report... Program END 

Create log file
2016-03-23 13:31:01Z on time future report... Program Start
2016-03-23 13:31:01Z on time future report... Program END 

Create log file
2016-03-23 13:36:01Z on time future report... Program Start
2016-03-23 13:36:01Z on time future report... Program END 

Create log file
2016-03-23 13:41:01Z on time future report... Program Start
2016-03-23 13:41:01Z on time future report... Program END 

Create log file
2016-03-23 13:46:01Z on time future report... Program Start
2016-03-23 13:46:01Z on time future report... Program END 

Create log file
2016-03-23 14:01:04Z Send 國際股市==>  Program Start
2016-03-23 14:01:04Z Send 國際股市==>  Program END 

Create log file
2016-03-23 15:01:02Z Send 國際股市==>  Program Start
2016-03-23 15:01:02Z Send 國際股市==>  Program END 

Create log file
2016-03-23 15:50:20Z option_insert_daily Program Start
2016-03-23 15:50:20Z option_insert_daily Program END 

Create log file
2016-03-23 15:56:04Z Send Option_OIV_daily Program Start
2016-03-23 15:56:04Z Send Option_OIV_daily Program END 

Create log file
2016-03-23 16:01:03Z Send 國際股市==>  Program Start
2016-03-23 16:01:03Z Send 國際股市==>  Program END 

Create log file
2016-03-23 17:01:03Z Send 國際股市==>  Program Start
2016-03-23 17:01:03Z Send 國際股市==>  Program END 

Create log file
2016-03-23 17:05:29Z Query Stock_id is 2489 Program Start
2016-03-23 17:05:29Z Query Stock_id is 2489 Program END 

Create log file
2016-03-23 17:05:29Z Query Stock_id is 2489 Program Start
2016-03-23 17:05:29Z Query Stock_id is 2489 Program END 

Create log file
2016-03-23 17:05:29Z Query Stock_id is 2002 Program Start
2016-03-23 17:05:29Z Query Stock_id is 2002 Program END 

Create log file
2016-03-23 17:05:30Z Query Stock_id is 2002 Program Start
2016-03-23 17:05:30Z Query Stock_id is 2002 Program END 

Create log file
2016-03-23 17:05:30Z Query Stock_id is 2412 Program Start
2016-03-23 17:05:30Z Query Stock_id is 2412 Program END 

Create log file
2016-03-23 17:05:30Z Query Stock_id is 2412 Program Start
2016-03-23 17:05:30Z Query Stock_id is 2412 Program END 

Create log file
2016-03-23 17:05:30Z Query Stock_id is 2105 Program Start
2016-03-23 17:05:30Z Query Stock_id is 2105 Program END 

Create log file
2016-03-23 17:05:30Z Query Stock_id is 2105 Program Start
2016-03-23 17:05:30Z Query Stock_id is 2105 Program END 

Create log file
2016-03-23 17:05:30Z Query Stock_id is 1101 Program Start
2016-03-23 17:05:30Z Query Stock_id is 1101 Program END 

Create log file
2016-03-23 17:05:31Z Query Stock_id is 1101 Program Start
2016-03-23 17:05:31Z Query Stock_id is 1101 Program END 

Create log file
2016-03-23 17:05:31Z Query Stock_id is 1402 Program Start
2016-03-23 17:05:31Z Query Stock_id is 1402 Program END 

Create log file
2016-03-23 17:05:31Z Query Stock_id is 2402 Program Start
2016-03-23 17:05:31Z Query Stock_id is 2402 Program END 

Create log file
2016-03-23 17:05:31Z Query Stock_id is 1402 Program Start
2016-03-23 17:05:31Z Query Stock_id is 1402 Program END 

Create log file
2016-03-23 17:05:31Z Query Stock_id is 2402 Program Start
2016-03-23 17:05:31Z Query Stock_id is 2402 Program END 

Create log file
2016-03-23 17:05:31Z Query Stock_id is 3234 Program Start
2016-03-23 17:05:31Z Query Stock_id is 3234 Program END 

Create log file
2016-03-23 17:05:32Z Query Stock_id is 3234 Program Start
2016-03-23 17:05:32Z Query Stock_id is 3234 Program END 

Create log file
2016-03-23 17:05:32Z Query Stock_id is 3042 Program Start
2016-03-23 17:05:32Z Query Stock_id is 3042 Program END 

Create log file
2016-03-23 17:05:32Z Query Stock_id is 3042 Program Start
2016-03-23 17:05:32Z Query Stock_id is 3042 Program END 

Create log file
2016-03-23 17:05:32Z Query Stock_id is 2890 Program Start
2016-03-23 17:05:32Z Query Stock_id is 2890 Program END 

Create log file
2016-03-23 17:05:32Z Query Stock_id is 2890 Program Start
2016-03-23 17:05:32Z Query Stock_id is 2890 Program END 

Create log file
2016-03-23 17:05:32Z Query Stock_id is 1326 Program Start
2016-03-23 17:05:32Z Query Stock_id is 1326 Program END 

Create log file
2016-03-23 17:05:33Z Query Stock_id is 1326 Program Start
2016-03-23 17:05:33Z Query Stock_id is 1326 Program END 

Create log file
2016-03-23 17:05:33Z Query Stock_id is 2892 Program Start
2016-03-23 17:05:33Z Query Stock_id is 2892 Program END 

Create log file
2016-03-23 17:05:33Z Query Stock_id is 2892 Program Start
2016-03-23 17:05:33Z Query Stock_id is 2892 Program END 

Create log file
2016-03-23 17:05:33Z Query Stock_id is 9938 Program Start
2016-03-23 17:05:33Z Query Stock_id is 9938 Program END 

Create log file
2016-03-23 17:05:33Z Query Stock_id is 9938 Program Start
2016-03-23 17:05:33Z Query Stock_id is 9938 Program END 

Create log file
2016-03-23 17:05:34Z Query Stock_id is 1303 Program Start
2016-03-23 17:05:34Z Query Stock_id is 1303 Program END 

Create log file
2016-03-23 17:05:34Z Query Stock_id is 1303 Program Start
2016-03-23 17:05:34Z Query Stock_id is 1303 Program END 

Create log file
2016-03-23 17:05:34Z Query Stock_id is 1301 Program Start
2016-03-23 17:05:34Z Query Stock_id is 1301 Program END 

Create log file
2016-03-23 17:05:34Z Query Stock_id is 1301 Program Start
2016-03-23 17:05:34Z Query Stock_id is 1301 Program END 

Create log file
2016-03-23 17:05:34Z Query Stock_id is 2883 Program Start
2016-03-23 17:05:34Z Query Stock_id is 2883 Program END 

Create log file
2016-03-23 17:05:34Z Query Stock_id is 2883 Program Start
2016-03-23 17:05:34Z Query Stock_id is 2883 Program END 

Create log file
2016-03-23 17:05:35Z Query Stock_id is 4904 Program Start
2016-03-23 17:05:35Z Query Stock_id is 4904 Program END 

Create log file
2016-03-23 17:05:35Z Query Stock_id is 4904 Program Start
2016-03-23 17:05:35Z Query Stock_id is 4904 Program END 

Create log file
2016-03-23 17:05:35Z Query Stock_id is 2317 Program Start
2016-03-23 17:05:35Z Query Stock_id is 2317 Program END 

Create log file
2016-03-23 17:05:35Z Query Stock_id is 2317 Program Start
2016-03-23 17:05:35Z Query Stock_id is 2317 Program END 

Create log file
2016-03-23 17:05:35Z Query Stock_id is 2409 Program Start
2016-03-23 17:05:35Z Query Stock_id is 2409 Program END 

Create log file
2016-03-23 17:05:35Z Query Stock_id is 2409 Program Start
2016-03-23 17:05:35Z Query Stock_id is 2409 Program END 

Create log file
2016-03-23 17:05:44Z Query Stock_id is 2489 Program Start
2016-03-23 17:05:44Z Query Stock_id is 2489 Program END 

Create log file
2016-03-23 17:05:44Z Query Stock_id is 2489 Program Start
2016-03-23 17:05:44Z Query Stock_id is 2489 Program END 

Create log file
2016-03-23 17:05:45Z Query Stock_id is 2002 Program Start
2016-03-23 17:05:45Z Query Stock_id is 2002 Program END 

Create log file
2016-03-23 17:05:45Z Query Stock_id is 2002 Program Start
2016-03-23 17:05:45Z Query Stock_id is 2002 Program END 

Create log file
2016-03-23 17:05:45Z Query Stock_id is 2412 Program Start
2016-03-23 17:05:45Z Query Stock_id is 2412 Program END 

Create log file
2016-03-23 17:05:45Z Query Stock_id is 2412 Program Start
2016-03-23 17:05:45Z Query Stock_id is 2412 Program END 

Create log file
2016-03-23 17:05:45Z Query Stock_id is 2105 Program Start
2016-03-23 17:05:45Z Query Stock_id is 2105 Program END 

Create log file
2016-03-23 17:05:46Z Query Stock_id is 2105 Program Start
2016-03-23 17:05:46Z Query Stock_id is 2105 Program END 

Create log file
2016-03-23 17:05:46Z Query Stock_id is 1101 Program Start
2016-03-23 17:05:46Z Query Stock_id is 1101 Program END 

Create log file
2016-03-23 17:05:46Z Query Stock_id is 1101 Program Start
2016-03-23 17:05:46Z Query Stock_id is 1101 Program END 

Create log file
2016-03-23 17:05:46Z Query Stock_id is 1402 Program Start
2016-03-23 17:05:46Z Query Stock_id is 1402 Program END 

Create log file
2016-03-23 17:05:46Z Query Stock_id is 2402 Program Start
2016-03-23 17:05:46Z Query Stock_id is 2402 Program END 

Create log file
2016-03-23 17:05:46Z Query Stock_id is 1402 Program Start
2016-03-23 17:05:46Z Query Stock_id is 1402 Program END 

Create log file
2016-03-23 17:05:47Z Query Stock_id is 2402 Program Start
2016-03-23 17:05:47Z Query Stock_id is 2402 Program END 

Create log file
2016-03-23 17:05:47Z Query Stock_id is 3234 Program Start
2016-03-23 17:05:47Z Query Stock_id is 3234 Program END 

Create log file
2016-03-23 17:05:47Z Query Stock_id is 3234 Program Start
2016-03-23 17:05:47Z Query Stock_id is 3234 Program END 

Create log file
2016-03-23 17:05:47Z Query Stock_id is 3042 Program Start
2016-03-23 17:05:47Z Query Stock_id is 3042 Program END 

Create log file
2016-03-23 17:05:47Z Query Stock_id is 3042 Program Start
2016-03-23 17:05:47Z Query Stock_id is 3042 Program END 

Create log file
2016-03-23 17:05:47Z Query Stock_id is 2890 Program Start
2016-03-23 17:05:47Z Query Stock_id is 2890 Program END 

Create log file
2016-03-23 17:05:48Z Query Stock_id is 2890 Program Start
2016-03-23 17:05:48Z Query Stock_id is 2890 Program END 

Create log file
2016-03-23 17:05:48Z Query Stock_id is 1326 Program Start
2016-03-23 17:05:48Z Query Stock_id is 1326 Program END 

Create log file
2016-03-23 17:05:48Z Query Stock_id is 1326 Program Start
2016-03-23 17:05:48Z Query Stock_id is 1326 Program END 

Create log file
2016-03-23 17:05:48Z Query Stock_id is 2892 Program Start
2016-03-23 17:05:48Z Query Stock_id is 2892 Program END 

Create log file
2016-03-23 17:05:48Z Query Stock_id is 2892 Program Start
2016-03-23 17:05:48Z Query Stock_id is 2892 Program END 

Create log file
2016-03-23 17:05:48Z Query Stock_id is 9938 Program Start
2016-03-23 17:05:48Z Query Stock_id is 9938 Program END 

Create log file
2016-03-23 17:05:49Z Query Stock_id is 9938 Program Start
2016-03-23 17:05:49Z Query Stock_id is 9938 Program END 

Create log file
2016-03-23 17:05:49Z Query Stock_id is 1303 Program Start
2016-03-23 17:05:49Z Query Stock_id is 1303 Program END 

Create log file
2016-03-23 17:05:49Z Query Stock_id is 1303 Program Start
2016-03-23 17:05:49Z Query Stock_id is 1303 Program END 

Create log file
2016-03-23 17:05:49Z Query Stock_id is 1301 Program Start
2016-03-23 17:05:49Z Query Stock_id is 1301 Program END 

Create log file
2016-03-23 17:05:49Z Query Stock_id is 1301 Program Start
2016-03-23 17:05:49Z Query Stock_id is 1301 Program END 

Create log file
2016-03-23 17:05:49Z Query Stock_id is 2883 Program Start
2016-03-23 17:05:49Z Query Stock_id is 2883 Program END 

Create log file
2016-03-23 17:05:50Z Query Stock_id is 2883 Program Start
2016-03-23 17:05:50Z Query Stock_id is 2883 Program END 

Create log file
2016-03-23 17:05:50Z Query Stock_id is 4904 Program Start
2016-03-23 17:05:50Z Query Stock_id is 4904 Program END 

Create log file
2016-03-23 17:05:50Z Query Stock_id is 4904 Program Start
2016-03-23 17:05:50Z Query Stock_id is 4904 Program END 

Create log file
2016-03-23 17:05:50Z Query Stock_id is 2317 Program Start
2016-03-23 17:05:50Z Query Stock_id is 2317 Program END 

Create log file
2016-03-23 17:05:50Z Query Stock_id is 2317 Program Start
2016-03-23 17:05:50Z Query Stock_id is 2317 Program END 

Create log file
2016-03-23 17:05:50Z Query Stock_id is 2409 Program Start
2016-03-23 17:05:50Z Query Stock_id is 2409 Program END 

Create log file
2016-03-23 17:05:51Z Query Stock_id is 2409 Program Start
2016-03-23 17:05:51Z Query Stock_id is 2409 Program END 

Create log file
2016-03-23 18:01:05Z Send 國際股市==>  Program Start
2016-03-23 18:01:05Z Send 國際股市==>  Program END 

Create log file
2016-03-23 18:01:32Z Send 國際股市==>  Program Start
2016-03-23 18:01:32Z Send 國際股市==>  Program END 

Create log file
2016-03-23 18:01:54Z Send 國際股市==>  Program Start
2016-03-23 18:01:54Z Send 國際股市==>  Program END 

Create log file
2016-03-23 18:02:17Z Send 國際股市==>  Program Start
2016-03-23 18:02:17Z Send 國際股市==>  Program END 

Create log file
2016-03-23 18:02:37Z Send 國際股市==>  Program Start
2016-03-23 18:02:37Z Send 國際股市==>  Program END 

Create log file
2016-03-23 19:01:04Z Send 國際股市==>  Program Start
2016-03-23 19:01:04Z Send 國際股市==>  Program END 

Create log file
2016-03-23 19:01:30Z Send 國際股市==>  Program Start
2016-03-23 19:01:30Z Send 國際股市==>  Program END 

Create log file
2016-03-23 19:01:54Z Send 國際股市==>  Program Start
2016-03-23 19:01:54Z Send 國際股市==>  Program END 

Create log file
2016-03-23 20:01:02Z Send 國際股市==>  Program Start
2016-03-23 20:01:02Z Send 國際股市==>  Program END 

Create log file
2016-03-23 20:10:05Z stock_data_daily_create_file Program Start
2016-03-23 20:10:05Z stock_data_daily_create_file Program END 

Create log file
2016-03-23 20:20:03Z stock_data_insert_daily Program Start
2016-03-23 20:20:03Z stock_data_insert_daily Program END 

Create log file
2016-03-23 20:28:51Z Query Stock_id is 3450 Program Start
2016-03-23 20:28:51Z Query Stock_id is 3450 Program END 

Create log file
2016-03-23 20:28:52Z Query Stock_id is 2330 Program Start
2016-03-23 20:28:52Z Query Stock_id is 2330 Program END 

Create log file
2016-03-23 20:28:52Z Query Stock_id is 3042 Program Start
2016-03-23 20:28:52Z Query Stock_id is 3042 Program END 

Create log file
2016-03-23 20:28:52Z Query Stock_id is 2353 Program Start
2016-03-23 20:28:52Z Query Stock_id is 2353 Program END 

Create log file
2016-03-23 20:28:52Z Query Stock_id is 2489 Program Start
2016-03-23 20:28:52Z Query Stock_id is 2489 Program END 

Create log file
2016-03-23 20:28:52Z Query Stock_id is 2891 Program Start
2016-03-23 20:28:52Z Query Stock_id is 2891 Program END 

Create log file
2016-03-23 20:28:52Z Query Stock_id is 2892 Program Start
2016-03-23 20:28:52Z Query Stock_id is 2892 Program END 

Create log file
2016-03-23 20:28:53Z Query Stock_id is 2317 Program Start
2016-03-23 20:28:53Z Query Stock_id is 2317 Program END 

Create log file
2016-03-23 20:28:53Z Query Stock_id is 2449 Program Start
2016-03-23 20:28:53Z Query Stock_id is 2449 Program END 

Create log file
2016-03-23 20:28:53Z Query Stock_id is 9904 Program Start
2016-03-23 20:28:53Z Query Stock_id is 9904 Program END 

Create log file
2016-03-23 20:28:53Z Query Stock_id is 2401 Program Start
2016-03-23 20:28:53Z Query Stock_id is 2401 Program END 

Create log file
2016-03-23 20:28:53Z Query Stock_id is 2489 Program Start
2016-03-23 20:28:53Z Query Stock_id is 2489 Program END 

Create log file
2016-03-23 20:28:53Z Query Stock_id is 2489 Program Start
2016-03-23 20:28:53Z Query Stock_id is 2489 Program END 

Create log file
2016-03-23 20:28:54Z Query Stock_id is 2002 Program Start
2016-03-23 20:28:54Z Query Stock_id is 2002 Program END 

Create log file
2016-03-23 20:28:54Z Query Stock_id is 2002 Program Start
2016-03-23 20:28:54Z Query Stock_id is 2002 Program END 

Create log file
2016-03-23 20:28:54Z Query Stock_id is 2412 Program Start
2016-03-23 20:28:54Z Query Stock_id is 2412 Program END 

Create log file
2016-03-23 20:28:54Z Query Stock_id is 2412 Program Start
2016-03-23 20:28:54Z Query Stock_id is 2412 Program END 

Create log file
2016-03-23 20:28:54Z Query Stock_id is 2105 Program Start
2016-03-23 20:28:54Z Query Stock_id is 2105 Program END 

Create log file
2016-03-23 20:28:54Z Query Stock_id is 2105 Program Start
2016-03-23 20:28:54Z Query Stock_id is 2105 Program END 

Create log file
2016-03-23 20:28:55Z Query Stock_id is 1101 Program Start
2016-03-23 20:28:55Z Query Stock_id is 1101 Program END 

Create log file
2016-03-23 20:28:55Z Query Stock_id is 1101 Program Start
2016-03-23 20:28:55Z Query Stock_id is 1101 Program END 

Create log file
2016-03-23 20:28:55Z Query Stock_id is 1402 Program Start
2016-03-23 20:28:55Z Query Stock_id is 1402 Program END 

Create log file
2016-03-23 20:28:55Z Query Stock_id is 2402 Program Start
2016-03-23 20:28:55Z Query Stock_id is 2402 Program END 

Create log file
2016-03-23 20:28:55Z Query Stock_id is 2402 Program Start
2016-03-23 20:28:55Z Query Stock_id is 2402 Program END 

Create log file
2016-03-23 20:28:55Z Query Stock_id is 1402 Program Start
2016-03-23 20:28:55Z Query Stock_id is 1402 Program END 

Create log file
2016-03-23 20:28:56Z Query Stock_id is 3234 Program Start
2016-03-23 20:28:56Z Query Stock_id is 3234 Program END 

Create log file
2016-03-23 20:28:56Z Query Stock_id is 3234 Program Start
2016-03-23 20:28:56Z Query Stock_id is 3234 Program END 

Create log file
2016-03-23 20:28:56Z Query Stock_id is 3042 Program Start
2016-03-23 20:28:56Z Query Stock_id is 3042 Program END 

Create log file
2016-03-23 20:28:56Z Query Stock_id is 3042 Program Start
2016-03-23 20:28:56Z Query Stock_id is 3042 Program END 

Create log file
2016-03-23 20:28:56Z Query Stock_id is 2890 Program Start
2016-03-23 20:28:56Z Query Stock_id is 2890 Program END 

Create log file
2016-03-23 20:28:56Z Query Stock_id is 2890 Program Start
2016-03-23 20:28:56Z Query Stock_id is 2890 Program END 

Create log file
2016-03-23 20:28:57Z Query Stock_id is 1326 Program Start
2016-03-23 20:28:57Z Query Stock_id is 1326 Program END 

Create log file
2016-03-23 20:28:57Z Query Stock_id is 1326 Program Start
2016-03-23 20:28:57Z Query Stock_id is 1326 Program END 

Create log file
2016-03-23 20:28:57Z Query Stock_id is 2892 Program Start
2016-03-23 20:28:57Z Query Stock_id is 2892 Program END 

Create log file
2016-03-23 20:28:57Z Query Stock_id is 2892 Program Start
2016-03-23 20:28:57Z Query Stock_id is 2892 Program END 

Create log file
2016-03-23 20:28:57Z Query Stock_id is 9938 Program Start
2016-03-23 20:28:57Z Query Stock_id is 9938 Program END 

Create log file
2016-03-23 20:28:57Z Query Stock_id is 9938 Program Start
2016-03-23 20:28:57Z Query Stock_id is 9938 Program END 

Create log file
2016-03-23 20:28:58Z Query Stock_id is 1303 Program Start
2016-03-23 20:28:58Z Query Stock_id is 1303 Program END 

Create log file
2016-03-23 20:28:58Z Query Stock_id is 1303 Program Start
2016-03-23 20:28:58Z Query Stock_id is 1303 Program END 

Create log file
2016-03-23 20:28:58Z Query Stock_id is 1301 Program Start
2016-03-23 20:28:58Z Query Stock_id is 1301 Program END 

Create log file
2016-03-23 20:28:58Z Query Stock_id is 1301 Program Start
2016-03-23 20:28:58Z Query Stock_id is 1301 Program END 

Create log file
2016-03-23 20:28:58Z Query Stock_id is 2883 Program Start
2016-03-23 20:28:58Z Query Stock_id is 2883 Program END 

Create log file
2016-03-23 20:28:58Z Query Stock_id is 2883 Program Start
2016-03-23 20:28:58Z Query Stock_id is 2883 Program END 

Create log file
2016-03-23 20:28:59Z Query Stock_id is 4904 Program Start
2016-03-23 20:28:59Z Query Stock_id is 4904 Program END 

Create log file
2016-03-23 20:28:59Z Query Stock_id is 4904 Program Start
2016-03-23 20:28:59Z Query Stock_id is 4904 Program END 

Create log file
2016-03-23 20:28:59Z Query Stock_id is 2317 Program Start
2016-03-23 20:28:59Z Query Stock_id is 2317 Program END 

Create log file
2016-03-23 20:28:59Z Query Stock_id is 2317 Program Start
2016-03-23 20:28:59Z Query Stock_id is 2317 Program END 

Create log file
2016-03-23 20:28:59Z Query Stock_id is 2409 Program Start
2016-03-23 20:28:59Z Query Stock_id is 2409 Program END 

Create log file
2016-03-23 20:28:59Z Query Stock_id is 2409 Program Start
2016-03-23 20:28:59Z Query Stock_id is 2409 Program END 

Create log file
2016-03-23 20:30:15Z Send 股市氣象台電子報-今日我最夯<==Strong_UP==>  Program Start
2016-03-23 20:30:15Z Send 股市氣象台電子報-今日我最夯<==Strong_UP==>  Program END 

Create log file
2016-03-23 21:01:03Z Send 國際股市==>  Program Start
2016-03-23 21:01:03Z Send 國際股市==>  Program END 

Create log file
2016-03-23 22:01:03Z Send 國際股市==>  Program Start
2016-03-23 22:01:03Z Send 國際股市==>  Program END 

Create log file
2016-03-23 22:01:29Z Send 國際股市==>  Program Start
2016-03-23 22:01:29Z Send 國際股市==>  Program END 

Create log file
2016-03-23 22:01:51Z Send 國際股市==>  Program Start
2016-03-23 22:01:51Z Send 國際股市==>  Program END 

Create log file
2016-03-23 22:25:13Z Query Stock_id is 3450 Program Start
2016-03-23 22:25:13Z Query Stock_id is 3450 Program END 

Create log file
2016-03-23 22:25:13Z Query Stock_id is 2330 Program Start
2016-03-23 22:25:13Z Query Stock_id is 2330 Program END 

Create log file
2016-03-23 22:25:13Z Query Stock_id is 3042 Program Start
2016-03-23 22:25:13Z Query Stock_id is 3042 Program END 

Create log file
2016-03-23 22:25:13Z Query Stock_id is 2353 Program Start
2016-03-23 22:25:13Z Query Stock_id is 2353 Program END 

Create log file
2016-03-23 22:25:13Z Query Stock_id is 2489 Program Start
2016-03-23 22:25:13Z Query Stock_id is 2489 Program END 

Create log file
2016-03-23 22:25:14Z Query Stock_id is 2891 Program Start
2016-03-23 22:25:14Z Query Stock_id is 2891 Program END 

Create log file
2016-03-23 22:25:14Z Query Stock_id is 2892 Program Start
2016-03-23 22:25:14Z Query Stock_id is 2892 Program END 

Create log file
2016-03-23 22:25:14Z Query Stock_id is 2317 Program Start
2016-03-23 22:25:14Z Query Stock_id is 2317 Program END 

Create log file
2016-03-23 22:25:14Z Query Stock_id is 2449 Program Start
2016-03-23 22:25:14Z Query Stock_id is 2449 Program END 

Create log file
2016-03-23 22:25:14Z Query Stock_id is 9904 Program Start
2016-03-23 22:25:14Z Query Stock_id is 9904 Program END 

Create log file
2016-03-23 22:25:14Z Query Stock_id is 2401 Program Start
2016-03-23 22:25:14Z Query Stock_id is 2401 Program END 

Create log file
2016-03-23 22:25:15Z Query Stock_id is 2489 Program Start
2016-03-23 22:25:15Z Query Stock_id is 2489 Program END 

Create log file
2016-03-23 22:25:15Z Query Stock_id is 2489 Program Start
2016-03-23 22:25:15Z Query Stock_id is 2489 Program END 

Create log file
2016-03-23 22:25:15Z Query Stock_id is 2002 Program Start
2016-03-23 22:25:15Z Query Stock_id is 2002 Program END 

Create log file
2016-03-23 22:25:15Z Query Stock_id is 2002 Program Start
2016-03-23 22:25:15Z Query Stock_id is 2002 Program END 

Create log file
2016-03-23 22:25:15Z Query Stock_id is 2412 Program Start
2016-03-23 22:25:15Z Query Stock_id is 2412 Program END 

Create log file
2016-03-23 22:25:15Z Query Stock_id is 2412 Program Start
2016-03-23 22:25:15Z Query Stock_id is 2412 Program END 

Create log file
2016-03-23 22:25:16Z Query Stock_id is 2105 Program Start
2016-03-23 22:25:16Z Query Stock_id is 2105 Program END 

Create log file
2016-03-23 22:25:16Z Query Stock_id is 2105 Program Start
2016-03-23 22:25:16Z Query Stock_id is 2105 Program END 

Create log file
2016-03-23 22:25:16Z Query Stock_id is 1101 Program Start
2016-03-23 22:25:16Z Query Stock_id is 1101 Program END 

Create log file
2016-03-23 22:25:16Z Query Stock_id is 1101 Program Start
2016-03-23 22:25:16Z Query Stock_id is 1101 Program END 

Create log file
2016-03-23 22:25:16Z Query Stock_id is 1402 Program Start
2016-03-23 22:25:16Z Query Stock_id is 1402 Program END 

Create log file
2016-03-23 22:25:17Z Query Stock_id is 2402 Program Start
2016-03-23 22:25:17Z Query Stock_id is 2402 Program END 

Create log file
2016-03-23 22:25:17Z Query Stock_id is 2402 Program Start
2016-03-23 22:25:17Z Query Stock_id is 2402 Program END 

Create log file
2016-03-23 22:25:17Z Query Stock_id is 1402 Program Start
2016-03-23 22:25:17Z Query Stock_id is 1402 Program END 

Create log file
2016-03-23 22:25:17Z Query Stock_id is 3234 Program Start
2016-03-23 22:25:17Z Query Stock_id is 3234 Program END 

Create log file
2016-03-23 22:25:17Z Query Stock_id is 3234 Program Start
2016-03-23 22:25:17Z Query Stock_id is 3234 Program END 

Create log file
2016-03-23 22:25:17Z Query Stock_id is 3042 Program Start
2016-03-23 22:25:17Z Query Stock_id is 3042 Program END 

Create log file
2016-03-23 22:25:18Z Query Stock_id is 3042 Program Start
2016-03-23 22:25:18Z Query Stock_id is 3042 Program END 

Create log file
2016-03-23 22:25:18Z Query Stock_id is 2890 Program Start
2016-03-23 22:25:18Z Query Stock_id is 2890 Program END 

Create log file
2016-03-23 22:25:18Z Query Stock_id is 2890 Program Start
2016-03-23 22:25:18Z Query Stock_id is 2890 Program END 

Create log file
2016-03-23 22:25:18Z Query Stock_id is 1326 Program Start
2016-03-23 22:25:18Z Query Stock_id is 1326 Program END 

Create log file
2016-03-23 22:25:18Z Query Stock_id is 1326 Program Start
2016-03-23 22:25:18Z Query Stock_id is 1326 Program END 

Create log file
2016-03-23 22:25:18Z Query Stock_id is 2892 Program Start
2016-03-23 22:25:18Z Query Stock_id is 2892 Program END 

Create log file
2016-03-23 22:25:19Z Query Stock_id is 2892 Program Start
2016-03-23 22:25:19Z Query Stock_id is 2892 Program END 

Create log file
2016-03-23 22:25:19Z Query Stock_id is 9938 Program Start
2016-03-23 22:25:19Z Query Stock_id is 9938 Program END 

Create log file
2016-03-23 22:25:19Z Query Stock_id is 9938 Program Start
2016-03-23 22:25:19Z Query Stock_id is 9938 Program END 

Create log file
2016-03-23 22:25:19Z Query Stock_id is 1303 Program Start
2016-03-23 22:25:19Z Query Stock_id is 1303 Program END 

Create log file
2016-03-23 22:25:19Z Query Stock_id is 1303 Program Start
2016-03-23 22:25:19Z Query Stock_id is 1303 Program END 

Create log file
2016-03-23 22:25:19Z Query Stock_id is 1301 Program Start
2016-03-23 22:25:19Z Query Stock_id is 1301 Program END 

Create log file
2016-03-23 22:25:20Z Query Stock_id is 1301 Program Start
2016-03-23 22:25:20Z Query Stock_id is 1301 Program END 

Create log file
2016-03-23 22:25:20Z Query Stock_id is 2883 Program Start
2016-03-23 22:25:20Z Query Stock_id is 2883 Program END 

Create log file
2016-03-23 22:25:20Z Query Stock_id is 2883 Program Start
2016-03-23 22:25:20Z Query Stock_id is 2883 Program END 

Create log file
2016-03-23 22:25:20Z Query Stock_id is 4904 Program Start
2016-03-23 22:25:20Z Query Stock_id is 4904 Program END 

Create log file
2016-03-23 22:25:20Z Query Stock_id is 4904 Program Start
2016-03-23 22:25:20Z Query Stock_id is 4904 Program END 

Create log file
2016-03-23 22:25:20Z Query Stock_id is 2317 Program Start
2016-03-23 22:25:20Z Query Stock_id is 2317 Program END 

Create log file
2016-03-23 22:25:21Z Query Stock_id is 2317 Program Start
2016-03-23 22:25:21Z Query Stock_id is 2317 Program END 

Create log file
2016-03-23 22:25:21Z Query Stock_id is 2409 Program Start
2016-03-23 22:25:21Z Query Stock_id is 2409 Program END 

Create log file
2016-03-23 22:25:21Z Query Stock_id is 2409 Program Start
2016-03-23 22:25:21Z Query Stock_id is 2409 Program END 

Create log file
2016-03-23 23:01:02Z Send 國際股市==>  Program Start
2016-03-23 23:01:02Z Send 國際股市==>  Program END 

