Create log file
2016-03-07 08:01:04Z Send 國際股市==>  Program Start
2016-03-07 08:01:04Z Send 國際股市==>  Program END 

Create log file
2016-03-07 08:01:31Z Send 國際股市==>  Program Start
2016-03-07 08:01:31Z Send 國際股市==>  Program END 

Create log file
2016-03-07 08:01:53Z Send 國際股市==>  Program Start
2016-03-07 08:01:53Z Send 國際股市==>  Program END 

Create log file
2016-03-07 08:46:07Z on time future report... Program Start
2016-03-07 08:46:07Z on time future report... Program END 

Create log file
2016-03-07 08:51:03Z on time future report... Program Start
2016-03-07 08:51:03Z on time future report... Program END 

Create log file
2016-03-07 08:56:04Z on time future report... Program Start
2016-03-07 08:56:04Z on time future report... Program END 

Create log file
2016-03-07 09:01:04Z Send 國際股市==>  Program Start
2016-03-07 09:01:04Z Send 國際股市==>  Program END 

Create log file
2016-03-07 09:01:04Z on time future report... Program Start
2016-03-07 09:01:04Z on time future report... Program END 

Create log file
2016-03-07 09:06:04Z on time future report... Program Start
2016-03-07 09:06:04Z on time future report... Program END 

Create log file
2016-03-07 09:11:03Z on time future report... Program Start
2016-03-07 09:11:03Z on time future report... Program END 

Create log file
2016-03-07 09:16:03Z on time future report... Program Start
2016-03-07 09:16:03Z on time future report... Program END 

Create log file
2016-03-07 09:21:04Z on time future report... Program Start
2016-03-07 09:21:04Z on time future report... Program END 

Create log file
2016-03-07 09:26:03Z on time future report... Program Start
2016-03-07 09:26:03Z on time future report... Program END 

Create log file
2016-03-07 09:31:04Z on time future report... Program Start
2016-03-07 09:31:04Z on time future report... Program END 

Create log file
2016-03-07 09:36:03Z on time future report... Program Start
2016-03-07 09:36:03Z on time future report... Program END 

Create log file
2016-03-07 09:41:04Z on time future report... Program Start
2016-03-07 09:41:04Z on time future report... Program END 

Create log file
2016-03-07 09:46:03Z on time future report... Program Start
2016-03-07 09:46:03Z on time future report... Program END 

Create log file
2016-03-07 09:51:03Z on time future report... Program Start
2016-03-07 09:51:03Z on time future report... Program END 

Create log file
2016-03-07 09:56:03Z on time future report... Program Start
2016-03-07 09:56:03Z on time future report... Program END 

Create log file
2016-03-07 10:01:03Z Send 國際股市==>  Program Start
2016-03-07 10:01:03Z Send 國際股市==>  Program END 

Create log file
2016-03-07 10:01:04Z on time future report... Program Start
2016-03-07 10:01:04Z on time future report... Program END 

Create log file
2016-03-07 10:06:03Z on time future report... Program Start
2016-03-07 10:06:03Z on time future report... Program END 

Create log file
2016-03-07 10:11:03Z on time future report... Program Start
2016-03-07 10:11:03Z on time future report... Program END 

Create log file
2016-03-07 10:16:03Z on time future report... Program Start
2016-03-07 10:16:03Z on time future report... Program END 

Create log file
2016-03-07 10:21:03Z on time future report... Program Start
2016-03-07 10:21:03Z on time future report... Program END 

Create log file
2016-03-07 10:26:03Z on time future report... Program Start
2016-03-07 10:26:03Z on time future report... Program END 

Create log file
2016-03-07 10:31:03Z on time future report... Program Start
2016-03-07 10:31:03Z on time future report... Program END 

Create log file
2016-03-07 10:36:03Z on time future report... Program Start
2016-03-07 10:36:03Z on time future report... Program END 

Create log file
2016-03-07 10:41:03Z on time future report... Program Start
2016-03-07 10:41:03Z on time future report... Program END 

Create log file
2016-03-07 10:46:03Z on time future report... Program Start
2016-03-07 10:46:03Z on time future report... Program END 

Create log file
2016-03-07 10:51:06Z on time future report... Program Start
2016-03-07 10:51:06Z on time future report... Program END 

Create log file
2016-03-07 10:56:03Z on time future report... Program Start
2016-03-07 10:56:03Z on time future report... Program END 

Create log file
2016-03-07 11:01:03Z Send 國際股市==>  Program Start
2016-03-07 11:01:03Z Send 國際股市==>  Program END 

Create log file
2016-03-07 11:01:03Z on time future report... Program Start
2016-03-07 11:01:03Z on time future report... Program END 

Create log file
2016-03-07 11:06:03Z on time future report... Program Start
2016-03-07 11:06:03Z on time future report... Program END 

Create log file
2016-03-07 11:11:03Z on time future report... Program Start
2016-03-07 11:11:03Z on time future report... Program END 

Create log file
2016-03-07 11:16:05Z on time future report... Program Start
2016-03-07 11:16:05Z on time future report... Program END 

Create log file
2016-03-07 11:21:03Z on time future report... Program Start
2016-03-07 11:21:03Z on time future report... Program END 

Create log file
2016-03-07 11:26:08Z on time future report... Program Start
2016-03-07 11:26:08Z on time future report... Program END 

Create log file
2016-03-07 11:31:03Z on time future report... Program Start
2016-03-07 11:31:03Z on time future report... Program END 

Create log file
2016-03-07 11:36:05Z on time future report... Program Start
2016-03-07 11:36:05Z on time future report... Program END 

Create log file
2016-03-07 11:41:03Z on time future report... Program Start
2016-03-07 11:41:03Z on time future report... Program END 

Create log file
2016-03-07 11:46:03Z on time future report... Program Start
2016-03-07 11:46:03Z on time future report... Program END 

Create log file
2016-03-07 11:51:04Z on time future report... Program Start
2016-03-07 11:51:04Z on time future report... Program END 

Create log file
2016-03-07 11:56:04Z on time future report... Program Start
2016-03-07 11:56:04Z on time future report... Program END 

Create log file
2016-03-07 12:01:03Z Send 國際股市==>  Program Start
2016-03-07 12:01:03Z Send 國際股市==>  Program END 

Create log file
2016-03-07 12:01:04Z on time future report... Program Start
2016-03-07 12:01:04Z on time future report... Program END 

Create log file
2016-03-07 12:06:03Z on time future report... Program Start
2016-03-07 12:06:03Z on time future report... Program END 

Create log file
2016-03-07 12:11:03Z on time future report... Program Start
2016-03-07 12:11:03Z on time future report... Program END 

Create log file
2016-03-07 12:16:03Z on time future report... Program Start
2016-03-07 12:16:03Z on time future report... Program END 

Create log file
2016-03-07 12:21:03Z on time future report... Program Start
2016-03-07 12:21:03Z on time future report... Program END 

Create log file
2016-03-07 12:26:03Z on time future report... Program Start
2016-03-07 12:26:03Z on time future report... Program END 

Create log file
2016-03-07 12:31:03Z on time future report... Program Start
2016-03-07 12:31:03Z on time future report... Program END 

Create log file
2016-03-07 12:36:06Z on time future report... Program Start
2016-03-07 12:36:06Z on time future report... Program END 

Create log file
2016-03-07 12:41:05Z on time future report... Program Start
2016-03-07 12:41:05Z on time future report... Program END 

Create log file
2016-03-07 12:46:03Z on time future report... Program Start
2016-03-07 12:46:03Z on time future report... Program END 

Create log file
2016-03-07 12:51:03Z on time future report... Program Start
2016-03-07 12:51:03Z on time future report... Program END 

Create log file
2016-03-07 12:56:03Z on time future report... Program Start
2016-03-07 12:56:03Z on time future report... Program END 

Create log file
2016-03-07 13:01:03Z Send 國際股市==>  Program Start
2016-03-07 13:01:03Z Send 國際股市==>  Program END 

Create log file
2016-03-07 13:01:04Z on time future report... Program Start
2016-03-07 13:01:04Z on time future report... Program END 

Create log file
2016-03-07 13:06:04Z on time future report... Program Start
2016-03-07 13:06:04Z on time future report... Program END 

Create log file
2016-03-07 13:11:07Z on time future report... Program Start
2016-03-07 13:11:07Z on time future report... Program END 

Create log file
2016-03-07 13:16:03Z on time future report... Program Start
2016-03-07 13:16:03Z on time future report... Program END 

Create log file
2016-03-07 13:21:04Z on time future report... Program Start
2016-03-07 13:21:04Z on time future report... Program END 

Create log file
2016-03-07 13:36:01Z on time future report... Program Start
2016-03-07 13:36:01Z on time future report... Program END 

Create log file
2016-03-07 13:41:01Z on time future report... Program Start
2016-03-07 13:41:01Z on time future report... Program END 

Create log file
2016-03-07 13:46:01Z on time future report... Program Start
2016-03-07 13:46:01Z on time future report... Program END 

Create log file
2016-03-07 14:01:01Z Send 國際股市==>  Program Start
2016-03-07 14:01:01Z Send 國際股市==>  Program END 

Create log file
2016-03-07 15:01:01Z Send 國際股市==>  Program Start
2016-03-07 15:01:01Z Send 國際股市==>  Program END 

Create log file
2016-03-07 15:55:19Z Send Option_OIV_daily Program Start
2016-03-07 15:55:19Z Send Option_OIV_daily Program END 

Create log file
2016-03-07 16:01:00Z Send 國際股市==>  Program Start
2016-03-07 16:01:00Z Send 國際股市==>  Program END 

Create log file
2016-03-07 17:01:01Z Send 國際股市==>  Program Start
2016-03-07 17:01:01Z Send 國際股市==>  Program END 

Create log file
2016-03-07 18:01:01Z Send 國際股市==>  Program Start
2016-03-07 18:01:01Z Send 國際股市==>  Program END 

Create log file
2016-03-07 18:01:27Z Send 國際股市==>  Program Start
2016-03-07 18:01:27Z Send 國際股市==>  Program END 

Create log file
2016-03-07 18:01:49Z Send 國際股市==>  Program Start
2016-03-07 18:01:49Z Send 國際股市==>  Program END 

Create log file
2016-03-07 18:02:11Z Send 國際股市==>  Program Start
2016-03-07 18:02:11Z Send 國際股市==>  Program END 

Create log file
2016-03-07 19:01:01Z Send 國際股市==>  Program Start
2016-03-07 19:01:01Z Send 國際股市==>  Program END 

Create log file
2016-03-07 19:01:27Z Send 國際股市==>  Program Start
2016-03-07 19:01:27Z Send 國際股市==>  Program END 

Create log file
2016-03-07 19:01:50Z Send 國際股市==>  Program Start
2016-03-07 19:01:50Z Send 國際股市==>  Program END 

Create log file
2016-03-07 19:58:00Z option_insert_daily Program Start
2016-03-07 19:58:00Z option_insert_daily Program END 

Create log file
2016-03-07 19:58:57Z Send Option_OIV_daily Program Start
2016-03-07 19:58:57Z Send Option_OIV_daily Program END 

Create log file
2016-03-07 20:01:03Z Send 國際股市==>  Program Start
2016-03-07 20:01:03Z Send 國際股市==>  Program END 

Create log file
2016-03-07 20:10:08Z stock_data_daily_create_file Program Start
2016-03-07 20:10:08Z stock_data_daily_create_file Program END 

Create log file
2016-03-07 20:20:08Z stock_data_insert_daily Program Start
2016-03-07 20:20:08Z stock_data_insert_daily Program END 

Create log file
2016-03-07 20:30:19Z Send 股市氣象台電子報-今日我最夯<==Strong_UP==>  Program Start
2016-03-07 20:30:19Z Send 股市氣象台電子報-今日我最夯<==Strong_UP==>  Program END 

Create log file
2016-03-07 21:01:03Z Send 國際股市==>  Program Start
2016-03-07 21:01:03Z Send 國際股市==>  Program END 

Create log file
2016-03-07 22:01:03Z Send 國際股市==>  Program Start
2016-03-07 22:01:03Z Send 國際股市==>  Program END 

Create log file
2016-03-07 22:01:29Z Send 國際股市==>  Program Start
2016-03-07 22:01:29Z Send 國際股市==>  Program END 

Create log file
2016-03-07 23:01:03Z Send 國際股市==>  Program Start
2016-03-07 23:01:03Z Send 國際股市==>  Program END 

Create log file
2016-03-07 23:03:45Z Query Stock_id is 2498 Program Start
2016-03-07 23:03:45Z Query Stock_id is 2498 Program END 

Create log file
2016-03-07 23:03:45Z Query Stock_id is 2002 Program Start
2016-03-07 23:03:45Z Query Stock_id is 2002 Program END 

Create log file
2016-03-07 23:03:46Z Query Stock_id is 3231 Program Start
2016-03-07 23:03:46Z Query Stock_id is 3231 Program END 

Create log file
2016-03-07 23:03:46Z Query Stock_id is 2408 Program Start
2016-03-07 23:03:46Z Query Stock_id is 2408 Program END 

Create log file
2016-03-07 23:03:46Z Query Stock_id is 2886 Program Start
2016-03-07 23:03:46Z Query Stock_id is 2886 Program END 

Create log file
2016-03-07 23:03:46Z Query Stock_id is 2887 Program Start
2016-03-07 23:03:46Z Query Stock_id is 2887 Program END 

Create log file
2016-03-07 23:03:46Z Query Stock_id is 6143 Program Start
2016-03-07 23:03:46Z Query Stock_id is 6143 Program END 

Create log file
2016-03-07 23:03:46Z Query Stock_id is 2883 Program Start
2016-03-07 23:03:46Z Query Stock_id is 2883 Program END 

Create log file
2016-03-07 23:03:46Z Query Stock_id is 1101 Program Start
2016-03-07 23:03:46Z Query Stock_id is 1101 Program END 

Create log file
2016-03-07 23:03:47Z Query Stock_id is 2891 Program Start
2016-03-07 23:03:47Z Query Stock_id is 2891 Program END 

Create log file
2016-03-07 23:03:47Z Query Stock_id is 2890 Program Start
2016-03-07 23:03:47Z Query Stock_id is 2890 Program END 

Create log file
2016-03-07 23:03:47Z Query Stock_id is 1314 Program Start
2016-03-07 23:03:47Z Query Stock_id is 1314 Program END 

Create log file
2016-03-07 23:03:47Z Query Stock_id is 2882 Program Start
2016-03-07 23:03:47Z Query Stock_id is 2882 Program END 

Create log file
2016-03-07 23:03:47Z Query Stock_id is 3474 Program Start
2016-03-07 23:03:47Z Query Stock_id is 3474 Program END 

Create log file
2016-03-07 23:03:47Z Query Stock_id is 5880 Program Start
2016-03-07 23:03:47Z Query Stock_id is 5880 Program END 

Create log file
2016-03-07 23:03:48Z Query Stock_id is 9904 Program Start
2016-03-07 23:03:48Z Query Stock_id is 9904 Program END 

Create log file
2016-03-07 23:03:48Z Query Stock_id is 2313 Program Start
2016-03-07 23:03:48Z Query Stock_id is 2313 Program END 

Create log file
2016-03-07 23:03:48Z Query Stock_id is 1312 Program Start
2016-03-07 23:03:48Z Query Stock_id is 1312 Program END 

Create log file
2016-03-07 23:03:48Z Query Stock_id is 2311 Program Start
2016-03-07 23:03:48Z Query Stock_id is 2311 Program END 

Create log file
2016-03-07 23:03:48Z Query Stock_id is 2330 Program Start
2016-03-07 23:03:48Z Query Stock_id is 2330 Program END 

Create log file
2016-03-07 23:03:49Z Query Stock_id is 9933 Program Start
2016-03-07 23:03:49Z Query Stock_id is 9933 Program END 

Create log file
2016-03-07 23:03:49Z Query Stock_id is 2317 Program Start
2016-03-07 23:03:49Z Query Stock_id is 2317 Program END 

