Create log file
2016-06-22 00:01:01Z Send 國際股市==>  Program Start
2016-06-22 00:01:01Z Send 國際股市==>  Program END 

Create log file
2016-06-22 01:01:03Z Send 國際股市==>  Program Start
2016-06-22 01:01:03Z Send 國際股市==>  Program END 

Create log file
2016-06-22 08:01:03Z Send 國際股市==>  Program Start
2016-06-22 08:01:03Z Send 國際股市==>  Program END 

Create log file
2016-06-22 08:01:29Z Send 國際股市==>  Program Start
2016-06-22 08:01:29Z Send 國際股市==>  Program END 

Create log file
2016-06-22 08:01:51Z Send 國際股市==>  Program Start
2016-06-22 08:01:51Z Send 國際股市==>  Program END 

Create log file
2016-06-22 08:02:14Z Send 國際股市==>  Program Start
2016-06-22 08:02:14Z Send 國際股市==>  Program END 

Create log file
2016-06-22 08:46:05Z on time future report... Program Start
2016-06-22 08:46:05Z on time future report... Program END 

Create log file
2016-06-22 08:51:03Z on time future report... Program Start
2016-06-22 08:51:03Z on time future report... Program END 

Create log file
2016-06-22 08:56:03Z on time future report... Program Start
2016-06-22 08:56:03Z on time future report... Program END 

Create log file
2016-06-22 09:01:03Z Send 國際股市==>  Program Start
2016-06-22 09:01:03Z Send 國際股市==>  Program END 

Create log file
2016-06-22 09:01:04Z on time future report... Program Start
2016-06-22 09:01:04Z on time future report... Program END 

Create log file
2016-06-22 09:06:03Z on time future report... Program Start
2016-06-22 09:06:03Z on time future report... Program END 

Create log file
2016-06-22 09:11:03Z on time future report... Program Start
2016-06-22 09:11:03Z on time future report... Program END 

Create log file
2016-06-22 09:16:03Z on time future report... Program Start
2016-06-22 09:16:03Z on time future report... Program END 

Create log file
2016-06-22 09:21:03Z on time future report... Program Start
2016-06-22 09:21:03Z on time future report... Program END 

Create log file
2016-06-22 09:26:03Z on time future report... Program Start
2016-06-22 09:26:03Z on time future report... Program END 

Create log file
2016-06-22 09:31:03Z on time future report... Program Start
2016-06-22 09:31:03Z on time future report... Program END 

Create log file
2016-06-22 09:36:03Z on time future report... Program Start
2016-06-22 09:36:03Z on time future report... Program END 

Create log file
2016-06-22 09:41:03Z on time future report... Program Start
2016-06-22 09:41:03Z on time future report... Program END 

Create log file
2016-06-22 09:46:04Z on time future report... Program Start
2016-06-22 09:46:04Z on time future report... Program END 

Create log file
2016-06-22 09:51:03Z on time future report... Program Start
2016-06-22 09:51:03Z on time future report... Program END 

Create log file
2016-06-22 09:56:07Z on time future report... Program Start
2016-06-22 09:56:07Z on time future report... Program END 

Create log file
2016-06-22 10:01:03Z Send 國際股市==>  Program Start
2016-06-22 10:01:03Z Send 國際股市==>  Program END 

Create log file
2016-06-22 10:01:04Z on time future report... Program Start
2016-06-22 10:01:04Z on time future report... Program END 

Create log file
2016-06-22 10:06:04Z on time future report... Program Start
2016-06-22 10:06:04Z on time future report... Program END 

Create log file
2016-06-22 10:11:03Z on time future report... Program Start
2016-06-22 10:11:03Z on time future report... Program END 

Create log file
2016-06-22 10:16:03Z on time future report... Program Start
2016-06-22 10:16:03Z on time future report... Program END 

Create log file
2016-06-22 10:21:03Z on time future report... Program Start
2016-06-22 10:21:03Z on time future report... Program END 

Create log file
2016-06-22 10:26:03Z on time future report... Program Start
2016-06-22 10:26:03Z on time future report... Program END 

Create log file
2016-06-22 10:31:03Z on time future report... Program Start
2016-06-22 10:31:03Z on time future report... Program END 

Create log file
2016-06-22 10:36:03Z on time future report... Program Start
2016-06-22 10:36:03Z on time future report... Program END 

Create log file
2016-06-22 10:41:03Z on time future report... Program Start
2016-06-22 10:41:03Z on time future report... Program END 

Create log file
2016-06-22 10:46:03Z on time future report... Program Start
2016-06-22 10:46:03Z on time future report... Program END 

Create log file
2016-06-22 10:51:03Z on time future report... Program Start
2016-06-22 10:51:03Z on time future report... Program END 

Create log file
2016-06-22 10:56:03Z on time future report... Program Start
2016-06-22 10:56:03Z on time future report... Program END 

Create log file
2016-06-22 11:01:04Z Send 國際股市==>  Program Start
2016-06-22 11:01:04Z Send 國際股市==>  Program END 

Create log file
2016-06-22 11:01:04Z on time future report... Program Start
2016-06-22 11:01:04Z on time future report... Program END 

Create log file
2016-06-22 11:06:03Z on time future report... Program Start
2016-06-22 11:06:03Z on time future report... Program END 

Create log file
2016-06-22 11:11:03Z on time future report... Program Start
2016-06-22 11:11:03Z on time future report... Program END 

Create log file
2016-06-22 11:16:03Z on time future report... Program Start
2016-06-22 11:16:03Z on time future report... Program END 

Create log file
2016-06-22 11:21:03Z on time future report... Program Start
2016-06-22 11:21:03Z on time future report... Program END 

Create log file
2016-06-22 11:26:03Z on time future report... Program Start
2016-06-22 11:26:03Z on time future report... Program END 

Create log file
2016-06-22 11:31:03Z on time future report... Program Start
2016-06-22 11:31:03Z on time future report... Program END 

Create log file
2016-06-22 11:36:03Z on time future report... Program Start
2016-06-22 11:36:03Z on time future report... Program END 

Create log file
2016-06-22 11:41:05Z on time future report... Program Start
2016-06-22 11:41:05Z on time future report... Program END 

Create log file
2016-06-22 11:46:03Z on time future report... Program Start
2016-06-22 11:46:03Z on time future report... Program END 

Create log file
2016-06-22 11:51:03Z on time future report... Program Start
2016-06-22 11:51:03Z on time future report... Program END 

Create log file
2016-06-22 11:56:03Z on time future report... Program Start
2016-06-22 11:56:03Z on time future report... Program END 

Create log file
2016-06-22 12:01:03Z Send 國際股市==>  Program Start
2016-06-22 12:01:03Z Send 國際股市==>  Program END 

Create log file
2016-06-22 12:01:04Z on time future report... Program Start
2016-06-22 12:01:04Z on time future report... Program END 

Create log file
2016-06-22 12:06:03Z on time future report... Program Start
2016-06-22 12:06:03Z on time future report... Program END 

Create log file
2016-06-22 12:11:03Z on time future report... Program Start
2016-06-22 12:11:03Z on time future report... Program END 

Create log file
2016-06-22 12:16:03Z on time future report... Program Start
2016-06-22 12:16:03Z on time future report... Program END 

Create log file
2016-06-22 12:21:06Z on time future report... Program Start
2016-06-22 12:21:06Z on time future report... Program END 

Create log file
2016-06-22 12:26:03Z on time future report... Program Start
2016-06-22 12:26:03Z on time future report... Program END 

Create log file
2016-06-22 12:36:00Z on time future report... Program Start
2016-06-22 12:36:00Z on time future report... Program END 

Create log file
2016-06-22 12:41:01Z on time future report... Program Start
2016-06-22 12:41:01Z on time future report... Program END 

Create log file
2016-06-22 12:46:01Z on time future report... Program Start
2016-06-22 12:46:01Z on time future report... Program END 

Create log file
2016-06-22 12:51:01Z on time future report... Program Start
2016-06-22 12:51:01Z on time future report... Program END 

Create log file
2016-06-22 12:56:04Z on time future report... Program Start
2016-06-22 12:56:04Z on time future report... Program END 

Create log file
2016-06-22 13:01:05Z Send 國際股市==>  Program Start
2016-06-22 13:01:05Z Send 國際股市==>  Program END 

Create log file
2016-06-22 13:01:07Z on time future report... Program Start
2016-06-22 13:01:07Z on time future report... Program END 

Create log file
2016-06-22 13:06:01Z on time future report... Program Start
2016-06-22 13:06:01Z on time future report... Program END 

Create log file
2016-06-22 13:11:01Z on time future report... Program Start
2016-06-22 13:11:01Z on time future report... Program END 

Create log file
2016-06-22 13:16:01Z on time future report... Program Start
2016-06-22 13:16:01Z on time future report... Program END 

Create log file
2016-06-22 13:21:03Z on time future report... Program Start
2016-06-22 13:21:03Z on time future report... Program END 

Create log file
2016-06-22 13:26:00Z on time future report... Program Start
2016-06-22 13:26:00Z on time future report... Program END 

Create log file
2016-06-22 13:31:00Z on time future report... Program Start
2016-06-22 13:31:00Z on time future report... Program END 

Create log file
2016-06-22 13:36:02Z on time future report... Program Start
2016-06-22 13:36:02Z on time future report... Program END 

Create log file
2016-06-22 13:41:01Z on time future report... Program Start
2016-06-22 13:41:01Z on time future report... Program END 

Create log file
2016-06-22 13:46:03Z on time future report... Program Start
2016-06-22 13:46:03Z on time future report... Program END 

Create log file
2016-06-22 14:01:02Z Send 國際股市==>  Program Start
2016-06-22 14:01:02Z Send 國際股市==>  Program END 

Create log file
2016-06-22 15:01:02Z Send 國際股市==>  Program Start
2016-06-22 15:01:02Z Send 國際股市==>  Program END 

Create log file
2016-06-22 15:55:16Z Send Option_OIV_daily Program Start
2016-06-22 15:55:16Z Send Option_OIV_daily Program END 

Create log file
2016-06-22 16:01:02Z Send 國際股市==>  Program Start
2016-06-22 16:01:02Z Send 國際股市==>  Program END 

Create log file
2016-06-22 17:01:02Z Send 國際股市==>  Program Start
2016-06-22 17:01:02Z Send 國際股市==>  Program END 

Create log file
2016-06-22 18:01:02Z Send 國際股市==>  Program Start
2016-06-22 18:01:02Z Send 國際股市==>  Program END 

Create log file
2016-06-22 18:01:29Z Send 國際股市==>  Program Start
2016-06-22 18:01:29Z Send 國際股市==>  Program END 

Create log file
2016-06-22 18:01:50Z Send 國際股市==>  Program Start
2016-06-22 18:01:50Z Send 國際股市==>  Program END 

Create log file
2016-06-22 18:02:14Z Send 國際股市==>  Program Start
2016-06-22 18:02:14Z Send 國際股市==>  Program END 

Create log file
2016-06-22 18:02:40Z Send 國際股市==>  Program Start
2016-06-22 18:02:40Z Send 國際股市==>  Program END 

Create log file
2016-06-22 19:01:03Z Send 國際股市==>  Program Start
2016-06-22 19:01:03Z Send 國際股市==>  Program END 

Create log file
2016-06-22 19:01:30Z Send 國際股市==>  Program Start
2016-06-22 19:01:30Z Send 國際股市==>  Program END 

Create log file
2016-06-22 19:01:53Z Send 國際股市==>  Program Start
2016-06-22 19:01:53Z Send 國際股市==>  Program END 

Create log file
2016-06-22 19:02:15Z Send 國際股市==>  Program Start
2016-06-22 19:02:15Z Send 國際股市==>  Program END 

Create log file
2016-06-22 19:02:36Z Send 國際股市==>  Program Start
2016-06-22 19:02:36Z Send 國際股市==>  Program END 

Create log file
2016-06-22 19:02:59Z Send 國際股市==>  Program Start
2016-06-22 19:02:59Z Send 國際股市==>  Program END 

Create log file
2016-06-22 20:01:03Z Send 國際股市==>  Program Start
2016-06-22 20:01:03Z Send 國際股市==>  Program END 

Create log file
2016-06-22 20:10:10Z stock_data_daily_create_file Program Start
2016-06-22 20:10:10Z stock_data_daily_create_file Program END 

Create log file
2016-06-22 20:20:05Z stock_data_insert_daily Program Start
2016-06-22 20:20:05Z stock_data_insert_daily Program END 

Create log file
2016-06-22 20:30:10Z Send 股市氣象台電子報-今日我最夯<==Strong_UP==>  Program Start
2016-06-22 20:30:10Z Send 股市氣象台電子報-今日我最夯<==Strong_UP==>  Program END 

Create log file
2016-06-22 21:01:02Z Send 國際股市==>  Program Start
2016-06-22 21:01:02Z Send 國際股市==>  Program END 

Create log file
2016-06-22 22:01:02Z Send 國際股市==>  Program Start
2016-06-22 22:01:02Z Send 國際股市==>  Program END 

Create log file
2016-06-22 22:01:29Z Send 國際股市==>  Program Start
2016-06-22 22:01:29Z Send 國際股市==>  Program END 

Create log file
2016-06-22 22:01:51Z Send 國際股市==>  Program Start
2016-06-22 22:01:51Z Send 國際股市==>  Program END 

Create log file
2016-06-22 23:01:04Z Send 國際股市==>  Program Start
2016-06-22 23:01:04Z Send 國際股市==>  Program END 

