Create log file
2016-03-29 00:01:01Z Send 國際股市==>  Program Start
2016-03-29 00:01:01Z Send 國際股市==>  Program END 

Create log file
2016-03-29 01:01:06Z Send 國際股市==>  Program Start
2016-03-29 01:01:06Z Send 國際股市==>  Program END 

Create log file
2016-03-29 08:01:09Z Send 國際股市==>  Program Start
2016-03-29 08:01:09Z Send 國際股市==>  Program END 

Create log file
2016-03-29 08:01:36Z Send 國際股市==>  Program Start
2016-03-29 08:01:36Z Send 國際股市==>  Program END 

Create log file
2016-03-29 08:01:58Z Send 國際股市==>  Program Start
2016-03-29 08:01:58Z Send 國際股市==>  Program END 

Create log file
2016-03-29 08:46:05Z on time future report... Program Start
2016-03-29 08:46:05Z on time future report... Program END 

Create log file
2016-03-29 08:51:03Z on time future report... Program Start
2016-03-29 08:51:03Z on time future report... Program END 

Create log file
2016-03-29 08:56:03Z on time future report... Program Start
2016-03-29 08:56:03Z on time future report... Program END 

Create log file
2016-03-29 09:01:04Z Send 國際股市==>  Program Start
2016-03-29 09:01:04Z Send 國際股市==>  Program END 

Create log file
2016-03-29 09:06:01Z on time future report... Program Start
2016-03-29 09:06:01Z on time future report... Program END 

Create log file
2016-03-29 09:11:01Z on time future report... Program Start
2016-03-29 09:11:01Z on time future report... Program END 

Create log file
2016-03-29 09:16:01Z on time future report... Program Start
2016-03-29 09:16:01Z on time future report... Program END 

Create log file
2016-03-29 09:21:02Z on time future report... Program Start
2016-03-29 09:21:02Z on time future report... Program END 

Create log file
2016-03-29 09:26:01Z on time future report... Program Start
2016-03-29 09:26:01Z on time future report... Program END 

Create log file
2016-03-29 09:31:01Z on time future report... Program Start
2016-03-29 09:31:01Z on time future report... Program END 

Create log file
2016-03-29 09:36:01Z on time future report... Program Start
2016-03-29 09:36:01Z on time future report... Program END 

Create log file
2016-03-29 09:41:01Z on time future report... Program Start
2016-03-29 09:41:01Z on time future report... Program END 

Create log file
2016-03-29 09:46:01Z on time future report... Program Start
2016-03-29 09:46:01Z on time future report... Program END 

Create log file
2016-03-29 09:51:01Z on time future report... Program Start
2016-03-29 09:51:01Z on time future report... Program END 

Create log file
2016-03-29 09:56:01Z on time future report... Program Start
2016-03-29 09:56:01Z on time future report... Program END 

Create log file
2016-03-29 10:01:01Z on time future report... Program Start
2016-03-29 10:01:01Z on time future report... Program END 

Create log file
2016-03-29 10:01:05Z Send 國際股市==>  Program Start
2016-03-29 10:01:05Z Send 國際股市==>  Program END 

Create log file
2016-03-29 10:06:01Z on time future report... Program Start
2016-03-29 10:06:01Z on time future report... Program END 

Create log file
2016-03-29 10:11:01Z on time future report... Program Start
2016-03-29 10:11:01Z on time future report... Program END 

Create log file
2016-03-29 10:16:01Z on time future report... Program Start
2016-03-29 10:16:01Z on time future report... Program END 

Create log file
2016-03-29 10:21:01Z on time future report... Program Start
2016-03-29 10:21:01Z on time future report... Program END 

Create log file
2016-03-29 10:26:01Z on time future report... Program Start
2016-03-29 10:26:01Z on time future report... Program END 

Create log file
2016-03-29 10:31:01Z on time future report... Program Start
2016-03-29 10:31:01Z on time future report... Program END 

Create log file
2016-03-29 10:36:02Z on time future report... Program Start
2016-03-29 10:36:02Z on time future report... Program END 

Create log file
2016-03-29 10:41:01Z on time future report... Program Start
2016-03-29 10:41:01Z on time future report... Program END 

Create log file
2016-03-29 10:51:01Z on time future report... Program Start
2016-03-29 10:51:01Z on time future report... Program END 

Create log file
2016-03-29 10:56:01Z on time future report... Program Start
2016-03-29 10:56:01Z on time future report... Program END 

Create log file
2016-03-29 11:01:02Z on time future report... Program Start
2016-03-29 11:01:02Z on time future report... Program END 

Create log file
2016-03-29 11:01:05Z Send 國際股市==>  Program Start
2016-03-29 11:01:05Z Send 國際股市==>  Program END 

Create log file
2016-03-29 11:06:01Z on time future report... Program Start
2016-03-29 11:06:01Z on time future report... Program END 

Create log file
2016-03-29 11:11:02Z on time future report... Program Start
2016-03-29 11:11:02Z on time future report... Program END 

Create log file
2016-03-29 11:16:02Z on time future report... Program Start
2016-03-29 11:16:02Z on time future report... Program END 

Create log file
2016-03-29 11:21:01Z on time future report... Program Start
2016-03-29 11:21:01Z on time future report... Program END 

Create log file
2016-03-29 11:26:01Z on time future report... Program Start
2016-03-29 11:26:01Z on time future report... Program END 

Create log file
2016-03-29 11:31:01Z on time future report... Program Start
2016-03-29 11:31:01Z on time future report... Program END 

Create log file
2016-03-29 11:36:01Z on time future report... Program Start
2016-03-29 11:36:01Z on time future report... Program END 

Create log file
2016-03-29 11:41:01Z on time future report... Program Start
2016-03-29 11:41:01Z on time future report... Program END 

Create log file
2016-03-29 11:46:01Z on time future report... Program Start
2016-03-29 11:46:01Z on time future report... Program END 

Create log file
2016-03-29 11:51:01Z on time future report... Program Start
2016-03-29 11:51:01Z on time future report... Program END 

Create log file
2016-03-29 11:56:01Z on time future report... Program Start
2016-03-29 11:56:01Z on time future report... Program END 

Create log file
2016-03-29 12:01:02Z on time future report... Program Start
2016-03-29 12:01:02Z on time future report... Program END 

Create log file
2016-03-29 12:01:05Z Send 國際股市==>  Program Start
2016-03-29 12:01:05Z Send 國際股市==>  Program END 

Create log file
2016-03-29 12:06:01Z on time future report... Program Start
2016-03-29 12:06:01Z on time future report... Program END 

Create log file
2016-03-29 12:11:01Z on time future report... Program Start
2016-03-29 12:11:01Z on time future report... Program END 

Create log file
2016-03-29 12:16:02Z on time future report... Program Start
2016-03-29 12:16:02Z on time future report... Program END 

Create log file
2016-03-29 12:21:04Z on time future report... Program Start
2016-03-29 12:21:04Z on time future report... Program END 

Create log file
2016-03-29 12:26:01Z on time future report... Program Start
2016-03-29 12:26:01Z on time future report... Program END 

Create log file
2016-03-29 12:31:01Z on time future report... Program Start
2016-03-29 12:31:01Z on time future report... Program END 

Create log file
2016-03-29 12:36:02Z on time future report... Program Start
2016-03-29 12:36:02Z on time future report... Program END 

Create log file
2016-03-29 12:41:01Z on time future report... Program Start
2016-03-29 12:41:01Z on time future report... Program END 

Create log file
2016-03-29 12:46:01Z on time future report... Program Start
2016-03-29 12:46:01Z on time future report... Program END 

Create log file
2016-03-29 12:51:01Z on time future report... Program Start
2016-03-29 12:51:01Z on time future report... Program END 

Create log file
2016-03-29 12:56:04Z on time future report... Program Start
2016-03-29 12:56:04Z on time future report... Program END 

Create log file
2016-03-29 13:01:02Z on time future report... Program Start
2016-03-29 13:01:02Z on time future report... Program END 

Create log file
2016-03-29 13:01:04Z Send 國際股市==>  Program Start
2016-03-29 13:01:04Z Send 國際股市==>  Program END 

Create log file
2016-03-29 13:06:03Z on time future report... Program Start
2016-03-29 13:06:03Z on time future report... Program END 

Create log file
2016-03-29 13:11:01Z on time future report... Program Start
2016-03-29 13:11:01Z on time future report... Program END 

Create log file
2016-03-29 13:16:02Z on time future report... Program Start
2016-03-29 13:16:02Z on time future report... Program END 

Create log file
2016-03-29 13:21:01Z on time future report... Program Start
2016-03-29 13:21:01Z on time future report... Program END 

Create log file
2016-03-29 13:26:01Z on time future report... Program Start
2016-03-29 13:26:01Z on time future report... Program END 

Create log file
2016-03-29 13:31:01Z on time future report... Program Start
2016-03-29 13:31:01Z on time future report... Program END 

Create log file
2016-03-29 13:36:01Z on time future report... Program Start
2016-03-29 13:36:01Z on time future report... Program END 

Create log file
2016-03-29 13:41:01Z on time future report... Program Start
2016-03-29 13:41:01Z on time future report... Program END 

Create log file
2016-03-29 13:43:17Z Query Stock_id is 2105 Program Start
2016-03-29 13:43:17Z Query Stock_id is 2105 Program END 

Create log file
2016-03-29 13:43:17Z Query Stock_id is 2317 Program Start
2016-03-29 13:43:17Z Query Stock_id is 2317 Program END 

Create log file
2016-03-29 13:43:18Z Query Stock_id is 2330 Program Start
2016-03-29 13:43:18Z Query Stock_id is 2330 Program END 

Create log file
2016-03-29 13:43:18Z Query Stock_id is 3474 Program Start
2016-03-29 13:43:18Z Query Stock_id is 3474 Program END 

Create log file
2016-03-29 13:43:18Z Query Stock_id is 2886 Program Start
2016-03-29 13:43:18Z Query Stock_id is 2886 Program END 

Create log file
2016-03-29 13:43:18Z Query Stock_id is 3706 Program Start
2016-03-29 13:43:18Z Query Stock_id is 3706 Program END 

Create log file
2016-03-29 13:43:18Z Query Stock_id is 1310 Program Start
2016-03-29 13:43:18Z Query Stock_id is 1310 Program END 

Create log file
2016-03-29 13:46:00Z on time future report... Program Start
2016-03-29 13:46:00Z on time future report... Program END 

Create log file
2016-03-29 14:01:03Z Send 國際股市==>  Program Start
2016-03-29 14:01:03Z Send 國際股市==>  Program END 

Create log file
2016-03-29 15:01:03Z Send 國際股市==>  Program Start
2016-03-29 15:01:03Z Send 國際股市==>  Program END 

Create log file
2016-03-29 15:38:17Z Query Stock_id is 2105 Program Start
2016-03-29 15:38:17Z Query Stock_id is 2105 Program END 

Create log file
2016-03-29 15:38:18Z Query Stock_id is 2317 Program Start
2016-03-29 15:38:18Z Query Stock_id is 2317 Program END 

Create log file
2016-03-29 15:38:18Z Query Stock_id is 2330 Program Start
2016-03-29 15:38:18Z Query Stock_id is 2330 Program END 

Create log file
2016-03-29 15:38:18Z Query Stock_id is 3474 Program Start
2016-03-29 15:38:18Z Query Stock_id is 3474 Program END 

Create log file
2016-03-29 15:38:18Z Query Stock_id is 2886 Program Start
2016-03-29 15:38:18Z Query Stock_id is 2886 Program END 

Create log file
2016-03-29 15:38:18Z Query Stock_id is 3706 Program Start
2016-03-29 15:38:18Z Query Stock_id is 3706 Program END 

Create log file
2016-03-29 15:38:19Z Query Stock_id is 1310 Program Start
2016-03-29 15:38:19Z Query Stock_id is 1310 Program END 

Create log file
2016-03-29 15:50:14Z option_insert_daily Program Start
2016-03-29 15:50:14Z option_insert_daily Program END 

Create log file
2016-03-29 15:56:17Z Send Option_OIV_daily Program Start
2016-03-29 15:56:17Z Send Option_OIV_daily Program END 

Create log file
2016-03-29 16:01:02Z Send 國際股市==>  Program Start
2016-03-29 16:01:02Z Send 國際股市==>  Program END 

Create log file
2016-03-29 16:10:42Z Query Stock_id is 2105 Program Start
2016-03-29 16:10:42Z Query Stock_id is 2105 Program END 

Create log file
2016-03-29 16:10:42Z Query Stock_id is 2317 Program Start
2016-03-29 16:10:42Z Query Stock_id is 2317 Program END 

Create log file
2016-03-29 16:10:43Z Query Stock_id is 2330 Program Start
2016-03-29 16:10:43Z Query Stock_id is 2330 Program END 

Create log file
2016-03-29 16:10:43Z Query Stock_id is 3474 Program Start
2016-03-29 16:10:43Z Query Stock_id is 3474 Program END 

Create log file
2016-03-29 16:10:43Z Query Stock_id is 2886 Program Start
2016-03-29 16:10:43Z Query Stock_id is 2886 Program END 

Create log file
2016-03-29 16:10:43Z Query Stock_id is 3706 Program Start
2016-03-29 16:10:43Z Query Stock_id is 3706 Program END 

Create log file
2016-03-29 16:10:43Z Query Stock_id is 1310 Program Start
2016-03-29 16:10:43Z Query Stock_id is 1310 Program END 

Create log file
2016-03-29 17:01:01Z Send 國際股市==>  Program Start
2016-03-29 17:01:01Z Send 國際股市==>  Program END 

Create log file
2016-03-29 18:01:01Z Send 國際股市==>  Program Start
2016-03-29 18:01:01Z Send 國際股市==>  Program END 

Create log file
2016-03-29 18:01:28Z Send 國際股市==>  Program Start
2016-03-29 18:01:28Z Send 國際股市==>  Program END 

Create log file
2016-03-29 18:01:51Z Send 國際股市==>  Program Start
2016-03-29 18:01:51Z Send 國際股市==>  Program END 

Create log file
2016-03-29 18:02:13Z Send 國際股市==>  Program Start
2016-03-29 18:02:13Z Send 國際股市==>  Program END 

Create log file
2016-03-29 18:02:37Z Send 國際股市==>  Program Start
2016-03-29 18:02:37Z Send 國際股市==>  Program END 

Create log file
2016-03-29 19:01:01Z Send 國際股市==>  Program Start
2016-03-29 19:01:01Z Send 國際股市==>  Program END 

Create log file
2016-03-29 19:01:28Z Send 國際股市==>  Program Start
2016-03-29 19:01:28Z Send 國際股市==>  Program END 

Create log file
2016-03-29 19:01:51Z Send 國際股市==>  Program Start
2016-03-29 19:01:51Z Send 國際股市==>  Program END 

Create log file
2016-03-29 20:01:01Z Send 國際股市==>  Program Start
2016-03-29 20:01:01Z Send 國際股市==>  Program END 

Create log file
2016-03-29 20:10:04Z stock_data_daily_create_file Program Start
2016-03-29 20:10:04Z stock_data_daily_create_file Program END 

Create log file
2016-03-29 20:20:02Z stock_data_insert_daily Program Start
2016-03-29 20:20:02Z stock_data_insert_daily Program END 

Create log file
2016-03-29 20:30:09Z Send 股市氣象台電子報-今日我最夯<==Strong_UP==>  Program Start
2016-03-29 20:30:09Z Send 股市氣象台電子報-今日我最夯<==Strong_UP==>  Program END 

Create log file
2016-03-29 21:01:02Z Send 國際股市==>  Program Start
2016-03-29 21:01:02Z Send 國際股市==>  Program END 

Create log file
2016-03-29 22:01:01Z Send 國際股市==>  Program Start
2016-03-29 22:01:01Z Send 國際股市==>  Program END 

Create log file
2016-03-29 22:01:27Z Send 國際股市==>  Program Start
2016-03-29 22:01:27Z Send 國際股市==>  Program END 

Create log file
2016-03-29 22:01:50Z Send 國際股市==>  Program Start
2016-03-29 22:01:50Z Send 國際股市==>  Program END 

Create log file
2016-03-29 23:01:01Z Send 國際股市==>  Program Start
2016-03-29 23:01:01Z Send 國際股市==>  Program END 

