Create log file
2016-07-13 00:01:02Z Send 國際股市==>  Program Start
2016-07-13 00:01:02Z Send 國際股市==>  Program END 

Create log file
2016-07-13 01:01:01Z Send 國際股市==>  Program Start
2016-07-13 01:01:01Z Send 國際股市==>  Program END 

Create log file
2016-07-13 08:01:02Z Send 國際股市==>  Program Start
2016-07-13 08:01:02Z Send 國際股市==>  Program END 

Create log file
2016-07-13 08:01:28Z Send 國際股市==>  Program Start
2016-07-13 08:01:28Z Send 國際股市==>  Program END 

Create log file
2016-07-13 08:01:51Z Send 國際股市==>  Program Start
2016-07-13 08:01:51Z Send 國際股市==>  Program END 

Create log file
2016-07-13 08:46:04Z on time future report... Program Start
2016-07-13 08:46:04Z on time future report... Program END 

Create log file
2016-07-13 08:51:03Z on time future report... Program Start
2016-07-13 08:51:03Z on time future report... Program END 

Create log file
2016-07-13 08:56:03Z on time future report... Program Start
2016-07-13 08:56:03Z on time future report... Program END 

Create log file
2016-07-13 09:01:02Z Send 國際股市==>  Program Start
2016-07-13 09:01:02Z Send 國際股市==>  Program END 

Create log file
2016-07-13 09:01:11Z on time future report... Program Start
2016-07-13 09:01:11Z on time future report... Program END 

Create log file
2016-07-13 09:06:07Z on time future report... Program Start
2016-07-13 09:06:07Z on time future report... Program END 

Create log file
2016-07-13 09:11:04Z on time future report... Program Start
2016-07-13 09:11:04Z on time future report... Program END 

Create log file
2016-07-13 09:16:03Z on time future report... Program Start
2016-07-13 09:16:03Z on time future report... Program END 

Create log file
2016-07-13 09:21:03Z on time future report... Program Start
2016-07-13 09:21:03Z on time future report... Program END 

Create log file
2016-07-13 09:26:04Z on time future report... Program Start
2016-07-13 09:26:04Z on time future report... Program END 

Create log file
2016-07-13 09:31:03Z on time future report... Program Start
2016-07-13 09:31:03Z on time future report... Program END 

Create log file
2016-07-13 09:36:06Z on time future report... Program Start
2016-07-13 09:36:06Z on time future report... Program END 

Create log file
2016-07-13 09:41:03Z on time future report... Program Start
2016-07-13 09:41:03Z on time future report... Program END 

Create log file
2016-07-13 09:46:03Z on time future report... Program Start
2016-07-13 09:46:03Z on time future report... Program END 

Create log file
2016-07-13 09:51:03Z on time future report... Program Start
2016-07-13 09:51:03Z on time future report... Program END 

Create log file
2016-07-13 09:56:03Z on time future report... Program Start
2016-07-13 09:56:03Z on time future report... Program END 

Create log file
2016-07-13 10:01:03Z Send 國際股市==>  Program Start
2016-07-13 10:01:03Z Send 國際股市==>  Program END 

Create log file
2016-07-13 10:01:05Z on time future report... Program Start
2016-07-13 10:01:05Z on time future report... Program END 

Create log file
2016-07-13 10:06:03Z on time future report... Program Start
2016-07-13 10:06:03Z on time future report... Program END 

Create log file
2016-07-13 10:11:03Z on time future report... Program Start
2016-07-13 10:11:03Z on time future report... Program END 

Create log file
2016-07-13 10:16:03Z on time future report... Program Start
2016-07-13 10:16:03Z on time future report... Program END 

Create log file
2016-07-13 10:21:03Z on time future report... Program Start
2016-07-13 10:21:03Z on time future report... Program END 

Create log file
2016-07-13 10:26:03Z on time future report... Program Start
2016-07-13 10:26:03Z on time future report... Program END 

Create log file
2016-07-13 10:31:03Z on time future report... Program Start
2016-07-13 10:31:03Z on time future report... Program END 

Create log file
2016-07-13 10:36:03Z on time future report... Program Start
2016-07-13 10:36:03Z on time future report... Program END 

Create log file
2016-07-13 10:41:03Z on time future report... Program Start
2016-07-13 10:41:03Z on time future report... Program END 

Create log file
2016-07-13 10:46:03Z on time future report... Program Start
2016-07-13 10:46:03Z on time future report... Program END 

Create log file
2016-07-13 10:51:03Z on time future report... Program Start
2016-07-13 10:51:03Z on time future report... Program END 

Create log file
2016-07-13 10:56:03Z on time future report... Program Start
2016-07-13 10:56:03Z on time future report... Program END 

Create log file
2016-07-13 11:01:02Z Send 國際股市==>  Program Start
2016-07-13 11:01:02Z Send 國際股市==>  Program END 

Create log file
2016-07-13 11:01:04Z on time future report... Program Start
2016-07-13 11:01:04Z on time future report... Program END 

Create log file
2016-07-13 11:06:03Z on time future report... Program Start
2016-07-13 11:06:03Z on time future report... Program END 

Create log file
2016-07-13 11:11:04Z on time future report... Program Start
2016-07-13 11:11:04Z on time future report... Program END 

Create log file
2016-07-13 11:16:03Z on time future report... Program Start
2016-07-13 11:16:03Z on time future report... Program END 

Create log file
2016-07-13 11:21:03Z on time future report... Program Start
2016-07-13 11:21:03Z on time future report... Program END 

Create log file
2016-07-13 11:26:03Z on time future report... Program Start
2016-07-13 11:26:03Z on time future report... Program END 

Create log file
2016-07-13 11:31:03Z on time future report... Program Start
2016-07-13 11:31:03Z on time future report... Program END 

Create log file
2016-07-13 11:36:03Z on time future report... Program Start
2016-07-13 11:36:03Z on time future report... Program END 

Create log file
2016-07-13 11:41:07Z on time future report... Program Start
2016-07-13 11:41:07Z on time future report... Program END 

Create log file
2016-07-13 11:46:03Z on time future report... Program Start
2016-07-13 11:46:03Z on time future report... Program END 

Create log file
2016-07-13 11:51:03Z on time future report... Program Start
2016-07-13 11:51:03Z on time future report... Program END 

Create log file
2016-07-13 11:56:04Z on time future report... Program Start
2016-07-13 11:56:04Z on time future report... Program END 

Create log file
2016-07-13 12:01:04Z Send 國際股市==>  Program Start
2016-07-13 12:01:04Z Send 國際股市==>  Program END 

Create log file
2016-07-13 12:01:04Z on time future report... Program Start
2016-07-13 12:01:04Z on time future report... Program END 

Create log file
2016-07-13 12:06:03Z on time future report... Program Start
2016-07-13 12:06:03Z on time future report... Program END 

Create log file
2016-07-13 12:11:03Z on time future report... Program Start
2016-07-13 12:11:03Z on time future report... Program END 

Create log file
2016-07-13 12:16:08Z on time future report... Program Start
2016-07-13 12:16:08Z on time future report... Program END 

Create log file
2016-07-13 12:21:03Z on time future report... Program Start
2016-07-13 12:21:03Z on time future report... Program END 

Create log file
2016-07-13 12:26:04Z on time future report... Program Start
2016-07-13 12:26:04Z on time future report... Program END 

Create log file
2016-07-13 12:31:04Z on time future report... Program Start
2016-07-13 12:31:04Z on time future report... Program END 

Create log file
2016-07-13 12:36:03Z on time future report... Program Start
2016-07-13 12:36:03Z on time future report... Program END 

Create log file
2016-07-13 12:41:03Z on time future report... Program Start
2016-07-13 12:41:03Z on time future report... Program END 

Create log file
2016-07-13 12:46:03Z on time future report... Program Start
2016-07-13 12:46:03Z on time future report... Program END 

Create log file
2016-07-13 12:51:03Z on time future report... Program Start
2016-07-13 12:51:03Z on time future report... Program END 

Create log file
2016-07-13 12:56:03Z on time future report... Program Start
2016-07-13 12:56:03Z on time future report... Program END 

Create log file
2016-07-13 13:01:02Z Send 國際股市==>  Program Start
2016-07-13 13:01:02Z Send 國際股市==>  Program END 

Create log file
2016-07-13 13:01:04Z on time future report... Program Start
2016-07-13 13:01:04Z on time future report... Program END 

Create log file
2016-07-13 13:06:03Z on time future report... Program Start
2016-07-13 13:06:03Z on time future report... Program END 

Create log file
2016-07-13 13:11:07Z on time future report... Program Start
2016-07-13 13:11:07Z on time future report... Program END 

Create log file
2016-07-13 13:16:03Z on time future report... Program Start
2016-07-13 13:16:03Z on time future report... Program END 

Create log file
2016-07-13 13:21:03Z on time future report... Program Start
2016-07-13 13:21:03Z on time future report... Program END 

Create log file
2016-07-13 13:26:03Z on time future report... Program Start
2016-07-13 13:26:03Z on time future report... Program END 

Create log file
2016-07-13 13:31:03Z on time future report... Program Start
2016-07-13 13:31:03Z on time future report... Program END 

Create log file
2016-07-13 13:36:04Z on time future report... Program Start
2016-07-13 13:36:04Z on time future report... Program END 

Create log file
2016-07-13 13:41:04Z on time future report... Program Start
2016-07-13 13:41:04Z on time future report... Program END 

Create log file
2016-07-13 13:46:04Z on time future report... Program Start
2016-07-13 13:46:04Z on time future report... Program END 

Create log file
2016-07-13 14:01:01Z Send 國際股市==>  Program Start
2016-07-13 14:01:01Z Send 國際股市==>  Program END 

Create log file
2016-07-13 14:37:44Z Query Stock_id is 2891 Program Start
2016-07-13 14:37:44Z Query Stock_id is 2891 Program END 

Create log file
2016-07-13 14:37:44Z Query Stock_id is 4938 Program Start
2016-07-13 14:37:44Z Query Stock_id is 4938 Program END 

Create log file
2016-07-13 14:37:44Z Query Stock_id is 1326 Program Start
2016-07-13 14:37:44Z Query Stock_id is 1326 Program END 

Create log file
2016-07-13 14:37:44Z Query Stock_id is 2881 Program Start
2016-07-13 14:37:44Z Query Stock_id is 2881 Program END 

Create log file
2016-07-13 14:37:45Z Query Stock_id is 6274 Program Start
2016-07-13 14:37:45Z Query Stock_id is 6274 Program END 

Create log file
2016-07-13 14:37:45Z Query Stock_id is 2317 Program Start
2016-07-13 14:37:45Z Query Stock_id is 2317 Program END 

Create log file
2016-07-13 14:37:45Z Query Stock_id is 2377 Program Start
2016-07-13 14:37:45Z Query Stock_id is 2377 Program END 

Create log file
2016-07-13 14:37:45Z Query Stock_id is 2330 Program Start
2016-07-13 14:37:45Z Query Stock_id is 2330 Program END 

Create log file
2016-07-13 14:37:45Z Query Stock_id is 2823 Program Start
2016-07-13 14:37:45Z Query Stock_id is 2823 Program END 

Create log file
2016-07-13 14:37:46Z Query Stock_id is 1303 Program Start
2016-07-13 14:37:46Z Query Stock_id is 1303 Program END 

Create log file
2016-07-13 14:37:46Z Query Stock_id is 2412 Program Start
2016-07-13 14:37:46Z Query Stock_id is 2412 Program END 

Create log file
2016-07-13 14:37:46Z Query Stock_id is 6116 Program Start
2016-07-13 14:37:46Z Query Stock_id is 6116 Program END 

Create log file
2016-07-13 14:37:46Z Query Stock_id is 2890 Program Start
2016-07-13 14:37:46Z Query Stock_id is 2890 Program END 

Create log file
2016-07-13 14:37:47Z Query Stock_id is 2883 Program Start
2016-07-13 14:37:47Z Query Stock_id is 2883 Program END 

Create log file
2016-07-13 14:37:47Z Query Stock_id is 2454 Program Start
2016-07-13 14:37:47Z Query Stock_id is 2454 Program END 

Create log file
2016-07-13 14:37:47Z Query Stock_id is 2448 Program Start
2016-07-13 14:37:47Z Query Stock_id is 2448 Program END 

Create log file
2016-07-13 14:37:47Z Query Stock_id is 2834 Program Start
2016-07-13 14:37:47Z Query Stock_id is 2834 Program END 

Create log file
2016-07-13 14:37:48Z Query Stock_id is 2885 Program Start
2016-07-13 14:37:48Z Query Stock_id is 2885 Program END 

Create log file
2016-07-13 14:37:48Z Query Stock_id is 2892 Program Start
2016-07-13 14:37:48Z Query Stock_id is 2892 Program END 

Create log file
2016-07-13 14:37:48Z Query Stock_id is 3045 Program Start
2016-07-13 14:37:48Z Query Stock_id is 3045 Program END 

Create log file
2016-07-13 14:37:48Z Query Stock_id is 1101 Program Start
2016-07-13 14:37:48Z Query Stock_id is 1101 Program END 

Create log file
2016-07-13 14:37:48Z Query Stock_id is 8069 Program Start
2016-07-13 14:37:48Z Query Stock_id is 8069 Program END 

Create log file
2016-07-13 14:37:49Z Query Stock_id is 3481 Program Start
2016-07-13 14:37:49Z Query Stock_id is 3481 Program END 

Create log file
2016-07-13 14:37:49Z Query Stock_id is 2409 Program Start
2016-07-13 14:37:49Z Query Stock_id is 2409 Program END 

Create log file
2016-07-13 15:01:02Z Send 國際股市==>  Program Start
2016-07-13 15:01:02Z Send 國際股市==>  Program END 

Create log file
2016-07-13 15:50:21Z option_insert_daily Program Start
2016-07-13 15:50:21Z option_insert_daily Program END 

Create log file
2016-07-13 15:56:22Z Send Option_OIV_daily Program Start
2016-07-13 15:56:22Z Send Option_OIV_daily Program END 

Create log file
2016-07-13 16:01:01Z Send 國際股市==>  Program Start
2016-07-13 16:01:01Z Send 國際股市==>  Program END 

Create log file
2016-07-13 17:01:02Z Send 國際股市==>  Program Start
2016-07-13 17:01:02Z Send 國際股市==>  Program END 

Create log file
2016-07-13 18:01:01Z Send 國際股市==>  Program Start
2016-07-13 18:01:01Z Send 國際股市==>  Program END 

Create log file
2016-07-13 18:01:29Z Send 國際股市==>  Program Start
2016-07-13 18:01:29Z Send 國際股市==>  Program END 

Create log file
2016-07-13 18:01:51Z Send 國際股市==>  Program Start
2016-07-13 18:01:51Z Send 國際股市==>  Program END 

Create log file
2016-07-13 18:02:13Z Send 國際股市==>  Program Start
2016-07-13 18:02:13Z Send 國際股市==>  Program END 

Create log file
2016-07-13 18:02:37Z Send 國際股市==>  Program Start
2016-07-13 18:02:37Z Send 國際股市==>  Program END 

Create log file
2016-07-13 19:01:01Z Send 國際股市==>  Program Start
2016-07-13 19:01:01Z Send 國際股市==>  Program END 

Create log file
2016-07-13 19:01:27Z Send 國際股市==>  Program Start
2016-07-13 19:01:27Z Send 國際股市==>  Program END 

Create log file
2016-07-13 19:01:52Z Send 國際股市==>  Program Start
2016-07-13 19:01:52Z Send 國際股市==>  Program END 

Create log file
2016-07-13 19:02:13Z Send 國際股市==>  Program Start
2016-07-13 19:02:13Z Send 國際股市==>  Program END 

Create log file
2016-07-13 19:02:35Z Send 國際股市==>  Program Start
2016-07-13 19:02:35Z Send 國際股市==>  Program END 

Create log file
2016-07-13 19:02:58Z Send 國際股市==>  Program Start
2016-07-13 19:02:58Z Send 國際股市==>  Program END 

Create log file
2016-07-13 20:01:01Z Send 國際股市==>  Program Start
2016-07-13 20:01:01Z Send 國際股市==>  Program END 

Create log file
2016-07-13 20:10:11Z stock_data_daily_create_file Program Start
2016-07-13 20:10:11Z stock_data_daily_create_file Program END 

Create log file
2016-07-13 20:20:09Z stock_data_insert_daily Program Start
2016-07-13 20:20:09Z stock_data_insert_daily Program END 

Create log file
2016-07-13 20:30:13Z Send 股市氣象台電子報-今日我最夯<==Strong_UP==>  Program Start
2016-07-13 20:30:13Z Send 股市氣象台電子報-今日我最夯<==Strong_UP==>  Program END 

Create log file
2016-07-13 21:01:02Z Send 國際股市==>  Program Start
2016-07-13 21:01:02Z Send 國際股市==>  Program END 

Create log file
2016-07-13 22:01:01Z Send 國際股市==>  Program Start
2016-07-13 22:01:01Z Send 國際股市==>  Program END 

Create log file
2016-07-13 22:01:28Z Send 國際股市==>  Program Start
2016-07-13 22:01:28Z Send 國際股市==>  Program END 

Create log file
2016-07-13 22:01:50Z Send 國際股市==>  Program Start
2016-07-13 22:01:50Z Send 國際股市==>  Program END 

Create log file
2016-07-13 23:01:01Z Send 國際股市==>  Program Start
2016-07-13 23:01:01Z Send 國際股市==>  Program END 

