Create log file
2016-03-25 00:01:01Z Send 國際股市==>  Program Start
2016-03-25 00:01:01Z Send 國際股市==>  Program END 

Create log file
2016-03-25 01:01:05Z Send 國際股市==>  Program Start
2016-03-25 01:01:05Z Send 國際股市==>  Program END 

Create log file
2016-03-25 08:01:10Z Send 國際股市==>  Program Start
2016-03-25 08:01:10Z Send 國際股市==>  Program END 

Create log file
2016-03-25 08:46:06Z on time future report... Program Start
2016-03-25 08:46:06Z on time future report... Program END 

Create log file
2016-03-25 08:51:03Z on time future report... Program Start
2016-03-25 08:51:03Z on time future report... Program END 

Create log file
2016-03-25 08:56:04Z on time future report... Program Start
2016-03-25 08:56:04Z on time future report... Program END 

Create log file
2016-03-25 09:01:03Z Send 國際股市==>  Program Start
2016-03-25 09:01:03Z Send 國際股市==>  Program END 

Create log file
2016-03-25 09:01:04Z on time future report... Program Start
2016-03-25 09:01:04Z on time future report... Program END 

Create log file
2016-03-25 09:06:03Z on time future report... Program Start
2016-03-25 09:06:03Z on time future report... Program END 

Create log file
2016-03-25 09:11:03Z on time future report... Program Start
2016-03-25 09:11:03Z on time future report... Program END 

Create log file
2016-03-25 09:16:03Z on time future report... Program Start
2016-03-25 09:16:03Z on time future report... Program END 

Create log file
2016-03-25 09:21:04Z on time future report... Program Start
2016-03-25 09:21:04Z on time future report... Program END 

Create log file
2016-03-25 09:26:06Z on time future report... Program Start
2016-03-25 09:26:06Z on time future report... Program END 

Create log file
2016-03-25 09:31:03Z on time future report... Program Start
2016-03-25 09:31:03Z on time future report... Program END 

Create log file
2016-03-25 09:36:05Z on time future report... Program Start
2016-03-25 09:36:05Z on time future report... Program END 

Create log file
2016-03-25 09:41:03Z on time future report... Program Start
2016-03-25 09:41:03Z on time future report... Program END 

Create log file
2016-03-25 09:46:03Z on time future report... Program Start
2016-03-25 09:46:03Z on time future report... Program END 

Create log file
2016-03-25 09:51:06Z on time future report... Program Start
2016-03-25 09:51:06Z on time future report... Program END 

Create log file
2016-03-25 09:56:08Z on time future report... Program Start
2016-03-25 09:56:08Z on time future report... Program END 

Create log file
2016-03-25 10:01:02Z Send 國際股市==>  Program Start
2016-03-25 10:01:02Z Send 國際股市==>  Program END 

Create log file
2016-03-25 10:01:04Z on time future report... Program Start
2016-03-25 10:01:04Z on time future report... Program END 

Create log file
2016-03-25 10:06:03Z on time future report... Program Start
2016-03-25 10:06:03Z on time future report... Program END 

Create log file
2016-03-25 10:11:03Z on time future report... Program Start
2016-03-25 10:11:03Z on time future report... Program END 

Create log file
2016-03-25 10:16:03Z on time future report... Program Start
2016-03-25 10:16:03Z on time future report... Program END 

Create log file
2016-03-25 10:21:05Z on time future report... Program Start
2016-03-25 10:21:05Z on time future report... Program END 

Create log file
2016-03-25 10:26:03Z on time future report... Program Start
2016-03-25 10:26:03Z on time future report... Program END 

Create log file
2016-03-25 10:31:03Z on time future report... Program Start
2016-03-25 10:31:03Z on time future report... Program END 

Create log file
2016-03-25 10:36:03Z on time future report... Program Start
2016-03-25 10:36:03Z on time future report... Program END 

Create log file
2016-03-25 10:41:03Z on time future report... Program Start
2016-03-25 10:41:03Z on time future report... Program END 

Create log file
2016-03-25 10:46:03Z on time future report... Program Start
2016-03-25 10:46:03Z on time future report... Program END 

Create log file
2016-03-25 10:51:04Z on time future report... Program Start
2016-03-25 10:51:04Z on time future report... Program END 

Create log file
2016-03-25 10:56:03Z on time future report... Program Start
2016-03-25 10:56:03Z on time future report... Program END 

Create log file
2016-03-25 11:01:03Z Send 國際股市==>  Program Start
2016-03-25 11:01:03Z Send 國際股市==>  Program END 

Create log file
2016-03-25 11:01:04Z on time future report... Program Start
2016-03-25 11:01:04Z on time future report... Program END 

Create log file
2016-03-25 11:06:03Z on time future report... Program Start
2016-03-25 11:06:03Z on time future report... Program END 

Create log file
2016-03-25 11:11:04Z on time future report... Program Start
2016-03-25 11:11:04Z on time future report... Program END 

Create log file
2016-03-25 11:16:03Z on time future report... Program Start
2016-03-25 11:16:03Z on time future report... Program END 

Create log file
2016-03-25 11:21:03Z on time future report... Program Start
2016-03-25 11:21:03Z on time future report... Program END 

Create log file
2016-03-25 11:26:03Z on time future report... Program Start
2016-03-25 11:26:03Z on time future report... Program END 

Create log file
2016-03-25 11:31:03Z on time future report... Program Start
2016-03-25 11:31:03Z on time future report... Program END 

Create log file
2016-03-25 11:36:03Z on time future report... Program Start
2016-03-25 11:36:03Z on time future report... Program END 

Create log file
2016-03-25 11:41:03Z on time future report... Program Start
2016-03-25 11:41:03Z on time future report... Program END 

Create log file
2016-03-25 11:46:03Z on time future report... Program Start
2016-03-25 11:46:03Z on time future report... Program END 

Create log file
2016-03-25 11:51:03Z on time future report... Program Start
2016-03-25 11:51:03Z on time future report... Program END 

Create log file
2016-03-25 11:56:04Z on time future report... Program Start
2016-03-25 11:56:04Z on time future report... Program END 

Create log file
2016-03-25 12:01:03Z Send 國際股市==>  Program Start
2016-03-25 12:01:03Z Send 國際股市==>  Program END 

Create log file
2016-03-25 12:01:04Z on time future report... Program Start
2016-03-25 12:01:04Z on time future report... Program END 

Create log file
2016-03-25 12:06:03Z on time future report... Program Start
2016-03-25 12:06:03Z on time future report... Program END 

Create log file
2016-03-25 12:11:03Z on time future report... Program Start
2016-03-25 12:11:03Z on time future report... Program END 

Create log file
2016-03-25 12:16:03Z on time future report... Program Start
2016-03-25 12:16:03Z on time future report... Program END 

Create log file
2016-03-25 12:21:03Z on time future report... Program Start
2016-03-25 12:21:03Z on time future report... Program END 

Create log file
2016-03-25 12:26:03Z on time future report... Program Start
2016-03-25 12:26:03Z on time future report... Program END 

Create log file
2016-03-25 12:31:04Z on time future report... Program Start
2016-03-25 12:31:04Z on time future report... Program END 

Create log file
2016-03-25 12:36:03Z on time future report... Program Start
2016-03-25 12:36:03Z on time future report... Program END 

Create log file
2016-03-25 12:41:03Z on time future report... Program Start
2016-03-25 12:41:03Z on time future report... Program END 

Create log file
2016-03-25 12:46:03Z on time future report... Program Start
2016-03-25 12:46:03Z on time future report... Program END 

Create log file
2016-03-25 12:51:03Z on time future report... Program Start
2016-03-25 12:51:03Z on time future report... Program END 

Create log file
2016-03-25 12:56:08Z on time future report... Program Start
2016-03-25 12:56:08Z on time future report... Program END 

Create log file
2016-03-25 13:01:03Z Send 國際股市==>  Program Start
2016-03-25 13:01:03Z Send 國際股市==>  Program END 

Create log file
2016-03-25 13:01:05Z on time future report... Program Start
2016-03-25 13:01:05Z on time future report... Program END 

Create log file
2016-03-25 13:06:03Z on time future report... Program Start
2016-03-25 13:06:03Z on time future report... Program END 

Create log file
2016-03-25 13:11:03Z on time future report... Program Start
2016-03-25 13:11:03Z on time future report... Program END 

Create log file
2016-03-25 13:16:03Z on time future report... Program Start
2016-03-25 13:16:03Z on time future report... Program END 

Create log file
2016-03-25 13:21:03Z on time future report... Program Start
2016-03-25 13:21:03Z on time future report... Program END 

Create log file
2016-03-25 13:26:05Z on time future report... Program Start
2016-03-25 13:26:05Z on time future report... Program END 

Create log file
2016-03-25 13:31:03Z on time future report... Program Start
2016-03-25 13:31:03Z on time future report... Program END 

Create log file
2016-03-25 13:34:35Z Query Stock_id is 1310 Program Start
2016-03-25 13:34:35Z Query Stock_id is 1310 Program END 

Create log file
2016-03-25 13:34:35Z Query Stock_id is 2890 Program Start
2016-03-25 13:34:35Z Query Stock_id is 2890 Program END 

Create log file
2016-03-25 13:34:35Z Query Stock_id is 2884 Program Start
2016-03-25 13:34:35Z Query Stock_id is 2884 Program END 

Create log file
2016-03-25 13:34:35Z Query Stock_id is 2891 Program Start
2016-03-25 13:34:35Z Query Stock_id is 2891 Program END 

Create log file
2016-03-25 13:34:35Z Query Stock_id is 2353 Program Start
2016-03-25 13:34:35Z Query Stock_id is 2353 Program END 

Create log file
2016-03-25 13:34:36Z Query Stock_id is 3474 Program Start
2016-03-25 13:34:36Z Query Stock_id is 3474 Program END 

Create log file
2016-03-25 13:34:36Z Query Stock_id is 2324 Program Start
2016-03-25 13:34:36Z Query Stock_id is 2324 Program END 

Create log file
2016-03-25 13:34:36Z Query Stock_id is 2002 Program Start
2016-03-25 13:34:36Z Query Stock_id is 2002 Program END 

Create log file
2016-03-25 13:34:36Z Query Stock_id is 5880 Program Start
2016-03-25 13:34:36Z Query Stock_id is 5880 Program END 

Create log file
2016-03-25 13:34:36Z Query Stock_id is 2892 Program Start
2016-03-25 13:34:36Z Query Stock_id is 2892 Program END 

Create log file
2016-03-25 13:34:36Z Query Stock_id is 2330 Program Start
2016-03-25 13:34:36Z Query Stock_id is 2330 Program END 

Create log file
2016-03-25 13:36:03Z on time future report... Program Start
2016-03-25 13:36:03Z on time future report... Program END 

Create log file
2016-03-25 13:41:03Z on time future report... Program Start
2016-03-25 13:41:03Z on time future report... Program END 

Create log file
2016-03-25 13:46:03Z on time future report... Program Start
2016-03-25 13:46:03Z on time future report... Program END 

Create log file
2016-03-25 14:01:01Z Send 國際股市==>  Program Start
2016-03-25 14:01:01Z Send 國際股市==>  Program END 

Create log file
2016-03-25 15:01:01Z Send 國際股市==>  Program Start
2016-03-25 15:01:01Z Send 國際股市==>  Program END 

Create log file
2016-03-25 15:50:20Z option_insert_daily Program Start
2016-03-25 15:50:20Z option_insert_daily Program END 

Create log file
2016-03-25 15:56:19Z Send Option_OIV_daily Program Start
2016-03-25 15:56:19Z Send Option_OIV_daily Program END 

Create log file
2016-03-25 16:01:01Z Send 國際股市==>  Program Start
2016-03-25 16:01:01Z Send 國際股市==>  Program END 

Create log file
2016-03-25 17:01:02Z Send 國際股市==>  Program Start
2016-03-25 17:01:02Z Send 國際股市==>  Program END 

Create log file
2016-03-25 18:01:01Z Send 國際股市==>  Program Start
2016-03-25 18:01:01Z Send 國際股市==>  Program END 

Create log file
2016-03-25 18:01:28Z Send 國際股市==>  Program Start
2016-03-25 18:01:28Z Send 國際股市==>  Program END 

Create log file
2016-03-25 18:01:50Z Send 國際股市==>  Program Start
2016-03-25 18:01:50Z Send 國際股市==>  Program END 

Create log file
2016-03-25 18:02:11Z Send 國際股市==>  Program Start
2016-03-25 18:02:11Z Send 國際股市==>  Program END 

Create log file
2016-03-25 18:02:34Z Send 國際股市==>  Program Start
2016-03-25 18:02:34Z Send 國際股市==>  Program END 

Create log file
2016-03-25 19:01:03Z Send 國際股市==>  Program Start
2016-03-25 19:01:03Z Send 國際股市==>  Program END 

Create log file
2016-03-25 19:01:30Z Send 國際股市==>  Program Start
2016-03-25 19:01:30Z Send 國際股市==>  Program END 

Create log file
2016-03-25 19:01:54Z Send 國際股市==>  Program Start
2016-03-25 19:01:54Z Send 國際股市==>  Program END 

Create log file
2016-03-25 20:01:03Z Send 國際股市==>  Program Start
2016-03-25 20:01:03Z Send 國際股市==>  Program END 

Create log file
2016-03-25 20:10:05Z stock_data_daily_create_file Program Start
2016-03-25 20:10:05Z stock_data_daily_create_file Program END 

Create log file
2016-03-25 20:20:04Z stock_data_insert_daily Program Start
2016-03-25 20:20:04Z stock_data_insert_daily Program END 

Create log file
2016-03-25 20:30:13Z Send 股市氣象台電子報-今日我最夯<==Strong_UP==>  Program Start
2016-03-25 20:30:13Z Send 股市氣象台電子報-今日我最夯<==Strong_UP==>  Program END 

Create log file
2016-03-25 21:01:03Z Send 國際股市==>  Program Start
2016-03-25 21:01:03Z Send 國際股市==>  Program END 

Create log file
2016-03-25 22:01:03Z Send 國際股市==>  Program Start
2016-03-25 22:01:03Z Send 國際股市==>  Program END 

Create log file
2016-03-25 22:01:30Z Send 國際股市==>  Program Start
2016-03-25 22:01:30Z Send 國際股市==>  Program END 

Create log file
2016-03-25 22:01:52Z Send 國際股市==>  Program Start
2016-03-25 22:01:52Z Send 國際股市==>  Program END 

Create log file
2016-03-25 23:01:03Z Send 國際股市==>  Program Start
2016-03-25 23:01:03Z Send 國際股市==>  Program END 

