Create log file
2016-03-14 08:01:04Z Send 國際股市==>  Program Start
2016-03-14 08:01:04Z Send 國際股市==>  Program END 

Create log file
2016-03-14 08:01:26Z Send 國際股市==>  Program Start
2016-03-14 08:01:26Z Send 國際股市==>  Program END 

Create log file
2016-03-14 08:01:49Z Send 國際股市==>  Program Start
2016-03-14 08:01:49Z Send 國際股市==>  Program END 

Create log file
2016-03-14 08:46:03Z on time future report... Program Start
2016-03-14 08:46:03Z on time future report... Program END 

Create log file
2016-03-14 08:51:07Z on time future report... Program Start
2016-03-14 08:51:07Z on time future report... Program END 

Create log file
2016-03-14 08:56:03Z on time future report... Program Start
2016-03-14 08:56:03Z on time future report... Program END 

Create log file
2016-03-14 09:01:03Z Send 國際股市==>  Program Start
2016-03-14 09:01:03Z Send 國際股市==>  Program END 

Create log file
2016-03-14 09:01:03Z on time future report... Program Start
2016-03-14 09:01:03Z on time future report... Program END 

Create log file
2016-03-14 09:06:06Z on time future report... Program Start
2016-03-14 09:06:06Z on time future report... Program END 

Create log file
2016-03-14 09:11:05Z on time future report... Program Start
2016-03-14 09:11:05Z on time future report... Program END 

Create log file
2016-03-14 09:16:07Z on time future report... Program Start
2016-03-14 09:16:07Z on time future report... Program END 

Create log file
2016-03-14 09:21:06Z on time future report... Program Start
2016-03-14 09:21:06Z on time future report... Program END 

Create log file
2016-03-14 09:31:01Z on time future report... Program Start
2016-03-14 09:31:01Z on time future report... Program END 

Create log file
2016-03-14 09:36:01Z on time future report... Program Start
2016-03-14 09:36:01Z on time future report... Program END 

Create log file
2016-03-14 09:41:06Z on time future report... Program Start
2016-03-14 09:41:06Z on time future report... Program END 

Create log file
2016-03-14 09:46:01Z on time future report... Program Start
2016-03-14 09:46:01Z on time future report... Program END 

Create log file
2016-03-14 09:51:01Z on time future report... Program Start
2016-03-14 09:51:01Z on time future report... Program END 

Create log file
2016-03-14 10:01:01Z Send 國際股市==>  Program Start
2016-03-14 10:01:01Z Send 國際股市==>  Program END 

Create log file
2016-03-14 10:01:31Z on time future report... Program Start
2016-03-14 10:01:31Z on time future report... Program END 

Create log file
2016-03-14 10:06:02Z on time future report... Program Start
2016-03-14 10:06:02Z on time future report... Program END 

Create log file
2016-03-14 10:11:04Z on time future report... Program Start
2016-03-14 10:11:04Z on time future report... Program END 

Create log file
2016-03-14 10:16:01Z on time future report... Program Start
2016-03-14 10:16:01Z on time future report... Program END 

Create log file
2016-03-14 10:21:04Z on time future report... Program Start
2016-03-14 10:21:04Z on time future report... Program END 

Create log file
2016-03-14 10:26:02Z on time future report... Program Start
2016-03-14 10:26:02Z on time future report... Program END 

Create log file
2016-03-14 10:31:01Z on time future report... Program Start
2016-03-14 10:31:01Z on time future report... Program END 

Create log file
2016-03-14 10:36:01Z on time future report... Program Start
2016-03-14 10:36:01Z on time future report... Program END 

Create log file
2016-03-14 10:41:01Z on time future report... Program Start
2016-03-14 10:41:01Z on time future report... Program END 

Create log file
2016-03-14 10:46:01Z on time future report... Program Start
2016-03-14 10:46:01Z on time future report... Program END 

Create log file
2016-03-14 10:51:01Z on time future report... Program Start
2016-03-14 10:51:01Z on time future report... Program END 

Create log file
2016-03-14 10:56:01Z on time future report... Program Start
2016-03-14 10:56:01Z on time future report... Program END 

Create log file
2016-03-14 11:01:01Z Send 國際股市==>  Program Start
2016-03-14 11:01:01Z Send 國際股市==>  Program END 

Create log file
2016-03-14 11:01:28Z on time future report... Program Start
2016-03-14 11:01:28Z on time future report... Program END 

Create log file
2016-03-14 11:06:06Z on time future report... Program Start
2016-03-14 11:06:06Z on time future report... Program END 

Create log file
2016-03-14 11:11:02Z on time future report... Program Start
2016-03-14 11:11:02Z on time future report... Program END 

Create log file
2016-03-14 11:16:03Z on time future report... Program Start
2016-03-14 11:16:03Z on time future report... Program END 

Create log file
2016-03-14 11:21:01Z on time future report... Program Start
2016-03-14 11:21:01Z on time future report... Program END 

Create log file
2016-03-14 11:26:01Z on time future report... Program Start
2016-03-14 11:26:01Z on time future report... Program END 

Create log file
2016-03-14 11:41:01Z on time future report... Program Start
2016-03-14 11:41:01Z on time future report... Program END 

Create log file
2016-03-14 11:46:01Z on time future report... Program Start
2016-03-14 11:46:01Z on time future report... Program END 

Create log file
2016-03-14 11:51:01Z on time future report... Program Start
2016-03-14 11:51:01Z on time future report... Program END 

Create log file
2016-03-14 11:56:01Z on time future report... Program Start
2016-03-14 11:56:01Z on time future report... Program END 

Create log file
2016-03-14 12:01:01Z Send 國際股市==>  Program Start
2016-03-14 12:01:01Z Send 國際股市==>  Program END 

Create log file
2016-03-14 12:01:29Z on time future report... Program Start
2016-03-14 12:01:29Z on time future report... Program END 

Create log file
2016-03-14 12:06:01Z on time future report... Program Start
2016-03-14 12:06:01Z on time future report... Program END 

Create log file
2016-03-14 12:11:01Z on time future report... Program Start
2016-03-14 12:11:01Z on time future report... Program END 

Create log file
2016-03-14 12:16:01Z on time future report... Program Start
2016-03-14 12:16:01Z on time future report... Program END 

Create log file
2016-03-14 12:21:01Z on time future report... Program Start
2016-03-14 12:21:01Z on time future report... Program END 

Create log file
2016-03-14 12:26:04Z on time future report... Program Start
2016-03-14 12:26:04Z on time future report... Program END 

Create log file
2016-03-14 12:31:01Z on time future report... Program Start
2016-03-14 12:31:01Z on time future report... Program END 

Create log file
2016-03-14 12:36:01Z on time future report... Program Start
2016-03-14 12:36:01Z on time future report... Program END 

Create log file
2016-03-14 12:41:01Z on time future report... Program Start
2016-03-14 12:41:01Z on time future report... Program END 

Create log file
2016-03-14 12:46:01Z on time future report... Program Start
2016-03-14 12:46:01Z on time future report... Program END 

Create log file
2016-03-14 12:51:01Z on time future report... Program Start
2016-03-14 12:51:01Z on time future report... Program END 

Create log file
2016-03-14 12:56:01Z on time future report... Program Start
2016-03-14 12:56:01Z on time future report... Program END 

Create log file
2016-03-14 13:01:01Z on time future report... Program Start
2016-03-14 13:01:01Z on time future report... Program END 

Create log file
2016-03-14 13:01:02Z Send 國際股市==>  Program Start
2016-03-14 13:01:02Z Send 國際股市==>  Program END 

Create log file
2016-03-14 13:06:02Z on time future report... Program Start
2016-03-14 13:06:02Z on time future report... Program END 

Create log file
2016-03-14 13:11:01Z on time future report... Program Start
2016-03-14 13:11:01Z on time future report... Program END 

Create log file
2016-03-14 13:16:04Z on time future report... Program Start
2016-03-14 13:16:04Z on time future report... Program END 

Create log file
2016-03-14 13:21:01Z on time future report... Program Start
2016-03-14 13:21:01Z on time future report... Program END 

Create log file
2016-03-14 13:26:01Z on time future report... Program Start
2016-03-14 13:26:01Z on time future report... Program END 

Create log file
2016-03-14 13:31:02Z on time future report... Program Start
2016-03-14 13:31:02Z on time future report... Program END 

Create log file
2016-03-14 13:36:01Z on time future report... Program Start
2016-03-14 13:36:01Z on time future report... Program END 

Create log file
2016-03-14 13:41:01Z on time future report... Program Start
2016-03-14 13:41:01Z on time future report... Program END 

Create log file
2016-03-14 13:46:01Z on time future report... Program Start
2016-03-14 13:46:01Z on time future report... Program END 

Create log file
2016-03-14 14:01:00Z Send 國際股市==>  Program Start
2016-03-14 14:01:00Z Send 國際股市==>  Program END 

Create log file
2016-03-14 15:01:00Z Send 國際股市==>  Program Start
2016-03-14 15:01:00Z Send 國際股市==>  Program END 

Create log file
2016-03-14 15:50:18Z option_insert_daily Program Start
2016-03-14 15:50:18Z option_insert_daily Program END 

Create log file
2016-03-14 15:55:51Z Send Option_OIV_daily Program Start
2016-03-14 15:55:51Z Send Option_OIV_daily Program END 

Create log file
2016-03-14 16:01:00Z Send 國際股市==>  Program Start
2016-03-14 16:01:00Z Send 國際股市==>  Program END 

Create log file
2016-03-14 17:01:01Z Send 國際股市==>  Program Start
2016-03-14 17:01:01Z Send 國際股市==>  Program END 

Create log file
2016-03-14 18:01:01Z Send 國際股市==>  Program Start
2016-03-14 18:01:01Z Send 國際股市==>  Program END 

Create log file
2016-03-14 18:01:28Z Send 國際股市==>  Program Start
2016-03-14 18:01:28Z Send 國際股市==>  Program END 

Create log file
2016-03-14 18:01:50Z Send 國際股市==>  Program Start
2016-03-14 18:01:50Z Send 國際股市==>  Program END 

Create log file
2016-03-14 18:02:12Z Send 國際股市==>  Program Start
2016-03-14 18:02:12Z Send 國際股市==>  Program END 

Create log file
2016-03-14 19:01:01Z Send 國際股市==>  Program Start
2016-03-14 19:01:01Z Send 國際股市==>  Program END 

Create log file
2016-03-14 19:01:27Z Send 國際股市==>  Program Start
2016-03-14 19:01:27Z Send 國際股市==>  Program END 

Create log file
2016-03-14 19:01:51Z Send 國際股市==>  Program Start
2016-03-14 19:01:51Z Send 國際股市==>  Program END 

Create log file
2016-03-14 20:01:00Z Send 國際股市==>  Program Start
2016-03-14 20:01:00Z Send 國際股市==>  Program END 

Create log file
2016-03-14 20:10:03Z stock_data_daily_create_file Program Start
2016-03-14 20:10:03Z stock_data_daily_create_file Program END 

Create log file
2016-03-14 20:20:06Z stock_data_insert_daily Program Start
2016-03-14 20:20:06Z stock_data_insert_daily Program END 

Create log file
2016-03-14 20:30:13Z Send 股市氣象台電子報-今日我最夯<==Strong_UP==>  Program Start
2016-03-14 20:30:13Z Send 股市氣象台電子報-今日我最夯<==Strong_UP==>  Program END 

Create log file
2016-03-14 20:53:00Z Query Stock_id is 2409 Program Start
2016-03-14 20:53:00Z Query Stock_id is 2409 Program END 

Create log file
2016-03-14 20:53:01Z Query Stock_id is 3514 Program Start
2016-03-14 20:53:01Z Query Stock_id is 3514 Program END 

Create log file
2016-03-14 20:53:01Z Query Stock_id is 3481 Program Start
2016-03-14 20:53:01Z Query Stock_id is 3481 Program END 

Create log file
2016-03-14 20:53:01Z Query Stock_id is 3231 Program Start
2016-03-14 20:53:01Z Query Stock_id is 3231 Program END 

Create log file
2016-03-14 20:53:01Z Query Stock_id is 2303 Program Start
2016-03-14 20:53:01Z Query Stock_id is 2303 Program END 

Create log file
2016-03-14 20:53:01Z Query Stock_id is 2317 Program Start
2016-03-14 20:53:01Z Query Stock_id is 2317 Program END 

Create log file
2016-03-14 20:53:01Z Query Stock_id is 2330 Program Start
2016-03-14 20:53:01Z Query Stock_id is 2330 Program END 

Create log file
2016-03-14 20:53:01Z Query Stock_id is 2313 Program Start
2016-03-14 20:53:01Z Query Stock_id is 2313 Program END 

Create log file
2016-03-14 20:53:02Z Query Stock_id is 3561 Program Start
2016-03-14 20:53:02Z Query Stock_id is 3561 Program END 

Create log file
2016-03-14 20:53:02Z Query Stock_id is 2344 Program Start
2016-03-14 20:53:02Z Query Stock_id is 2344 Program END 

Create log file
2016-03-14 20:53:02Z Query Stock_id is 2883 Program Start
2016-03-14 20:53:02Z Query Stock_id is 2883 Program END 

Create log file
2016-03-14 20:53:02Z Query Stock_id is 2324 Program Start
2016-03-14 20:53:02Z Query Stock_id is 2324 Program END 

Create log file
2016-03-14 20:53:02Z Query Stock_id is 2884 Program Start
2016-03-14 20:53:02Z Query Stock_id is 2884 Program END 

Create log file
2016-03-14 20:53:02Z Query Stock_id is 2882 Program Start
2016-03-14 20:53:02Z Query Stock_id is 2882 Program END 

Create log file
2016-03-14 20:53:02Z Query Stock_id is 2892 Program Start
2016-03-14 20:53:02Z Query Stock_id is 2892 Program END 

Create log file
2016-03-14 20:53:03Z Query Stock_id is 1101 Program Start
2016-03-14 20:53:03Z Query Stock_id is 1101 Program END 

Create log file
2016-03-14 20:53:03Z Query Stock_id is 2834 Program Start
2016-03-14 20:53:03Z Query Stock_id is 2834 Program END 

Create log file
2016-03-14 20:53:03Z Query Stock_id is 2455 Program Start
2016-03-14 20:53:03Z Query Stock_id is 2455 Program END 

Create log file
2016-03-14 20:53:03Z Query Stock_id is 3474 Program Start
2016-03-14 20:53:03Z Query Stock_id is 3474 Program END 

Create log file
2016-03-14 20:53:03Z Query Stock_id is 5880 Program Start
2016-03-14 20:53:03Z Query Stock_id is 5880 Program END 

Create log file
2016-03-14 20:53:03Z Query Stock_id is 2542 Program Start
2016-03-14 20:53:03Z Query Stock_id is 2542 Program END 

Create log file
2016-03-14 20:53:03Z Query Stock_id is 2886 Program Start
2016-03-14 20:53:03Z Query Stock_id is 2886 Program END 

Create log file
2016-03-14 20:53:03Z Query Stock_id is 2002 Program Start
2016-03-14 20:53:03Z Query Stock_id is 2002 Program END 

Create log file
2016-03-14 20:53:04Z Query Stock_id is 1312 Program Start
2016-03-14 20:53:04Z Query Stock_id is 1312 Program END 

Create log file
2016-03-14 20:53:04Z Query Stock_id is 6282 Program Start
2016-03-14 20:53:04Z Query Stock_id is 6282 Program END 

Create log file
2016-03-14 20:53:04Z Query Stock_id is 2615 Program Start
2016-03-14 20:53:04Z Query Stock_id is 2615 Program END 

Create log file
2016-03-14 21:01:00Z Send 國際股市==>  Program Start
2016-03-14 21:01:00Z Send 國際股市==>  Program END 

Create log file
2016-03-14 22:01:01Z Send 國際股市==>  Program Start
2016-03-14 22:01:01Z Send 國際股市==>  Program END 

Create log file
2016-03-14 22:01:33Z Send 國際股市==>  Program Start
2016-03-14 22:01:33Z Send 國際股市==>  Program END 

Create log file
2016-03-14 23:01:03Z Send 國際股市==>  Program Start
2016-03-14 23:01:03Z Send 國際股市==>  Program END 

