Create log file
2016-12-28 00:01:03Z Send 國際股市==>  Program Start
2016-12-28 00:01:03Z Send 國際股市==>  Program END 

Create log file
2016-12-28 01:01:03Z Send 國際股市==>  Program Start
2016-12-28 01:01:03Z Send 國際股市==>  Program END 

Create log file
2016-12-28 08:01:02Z Send 國際股市==>  Program Start
2016-12-28 08:01:02Z Send 國際股市==>  Program END 

Create log file
2016-12-28 08:01:23Z Send 國際股市==>  Program Start
2016-12-28 08:01:23Z Send 國際股市==>  Program END 

Create log file
2016-12-28 08:01:46Z Send 國際股市==>  Program Start
2016-12-28 08:01:46Z Send 國際股市==>  Program END 

Create log file
2016-12-28 08:46:04Z on time future report... Program Start
2016-12-28 08:46:04Z on time future report... Program END 

Create log file
2016-12-28 08:51:04Z on time future report... Program Start
2016-12-28 08:51:04Z on time future report... Program END 

Create log file
2016-12-28 08:56:03Z on time future report... Program Start
2016-12-28 08:56:03Z on time future report... Program END 

Create log file
2016-12-28 09:01:02Z Send 國際股市==>  Program Start
2016-12-28 09:01:02Z Send 國際股市==>  Program END 

Create log file
2016-12-28 09:01:05Z on time future report... Program Start
2016-12-28 09:01:05Z on time future report... Program END 

Create log file
2016-12-28 09:06:03Z on time future report... Program Start
2016-12-28 09:06:03Z on time future report... Program END 

Create log file
2016-12-28 09:11:03Z on time future report... Program Start
2016-12-28 09:11:03Z on time future report... Program END 

Create log file
2016-12-28 09:16:06Z on time future report... Program Start
2016-12-28 09:16:06Z on time future report... Program END 

Create log file
2016-12-28 09:21:03Z on time future report... Program Start
2016-12-28 09:21:03Z on time future report... Program END 

Create log file
2016-12-28 09:26:03Z on time future report... Program Start
2016-12-28 09:26:03Z on time future report... Program END 

Create log file
2016-12-28 09:31:03Z on time future report... Program Start
2016-12-28 09:31:03Z on time future report... Program END 

Create log file
2016-12-28 09:36:03Z on time future report... Program Start
2016-12-28 09:36:03Z on time future report... Program END 

Create log file
2016-12-28 09:41:03Z on time future report... Program Start
2016-12-28 09:41:03Z on time future report... Program END 

Create log file
2016-12-28 09:46:03Z on time future report... Program Start
2016-12-28 09:46:03Z on time future report... Program END 

Create log file
2016-12-28 09:51:04Z on time future report... Program Start
2016-12-28 09:51:04Z on time future report... Program END 

Create log file
2016-12-28 09:56:03Z on time future report... Program Start
2016-12-28 09:56:03Z on time future report... Program END 

Create log file
2016-12-28 10:01:02Z Send 國際股市==>  Program Start
2016-12-28 10:01:02Z Send 國際股市==>  Program END 

Create log file
2016-12-28 10:01:04Z on time future report... Program Start
2016-12-28 10:01:04Z on time future report... Program END 

Create log file
2016-12-28 10:06:03Z on time future report... Program Start
2016-12-28 10:06:03Z on time future report... Program END 

Create log file
2016-12-28 10:11:06Z on time future report... Program Start
2016-12-28 10:11:06Z on time future report... Program END 

Create log file
2016-12-28 10:16:03Z on time future report... Program Start
2016-12-28 10:16:03Z on time future report... Program END 

Create log file
2016-12-28 10:21:05Z on time future report... Program Start
2016-12-28 10:21:05Z on time future report... Program END 

Create log file
2016-12-28 10:26:03Z on time future report... Program Start
2016-12-28 10:26:03Z on time future report... Program END 

Create log file
2016-12-28 10:31:03Z on time future report... Program Start
2016-12-28 10:31:03Z on time future report... Program END 

Create log file
2016-12-28 10:36:06Z on time future report... Program Start
2016-12-28 10:36:06Z on time future report... Program END 

Create log file
2016-12-28 10:41:03Z on time future report... Program Start
2016-12-28 10:41:03Z on time future report... Program END 

Create log file
2016-12-28 10:46:03Z on time future report... Program Start
2016-12-28 10:46:03Z on time future report... Program END 

Create log file
2016-12-28 10:51:03Z on time future report... Program Start
2016-12-28 10:51:03Z on time future report... Program END 

Create log file
2016-12-28 10:56:03Z on time future report... Program Start
2016-12-28 10:56:03Z on time future report... Program END 

Create log file
2016-12-28 11:01:02Z Send 國際股市==>  Program Start
2016-12-28 11:01:02Z Send 國際股市==>  Program END 

Create log file
2016-12-28 11:01:05Z on time future report... Program Start
2016-12-28 11:01:05Z on time future report... Program END 

Create log file
2016-12-28 11:06:03Z on time future report... Program Start
2016-12-28 11:06:03Z on time future report... Program END 

Create log file
2016-12-28 11:11:03Z on time future report... Program Start
2016-12-28 11:11:03Z on time future report... Program END 

Create log file
2016-12-28 11:16:05Z on time future report... Program Start
2016-12-28 11:16:05Z on time future report... Program END 

Create log file
2016-12-28 11:21:03Z on time future report... Program Start
2016-12-28 11:21:03Z on time future report... Program END 

Create log file
2016-12-28 11:26:03Z on time future report... Program Start
2016-12-28 11:26:03Z on time future report... Program END 

Create log file
2016-12-28 11:31:03Z on time future report... Program Start
2016-12-28 11:31:03Z on time future report... Program END 

Create log file
2016-12-28 11:36:06Z on time future report... Program Start
2016-12-28 11:36:06Z on time future report... Program END 

Create log file
2016-12-28 11:38:35Z Query Stock_id is 2317 Program Start
2016-12-28 11:38:35Z Query Stock_id is 2317 Program END 

Create log file
2016-12-28 11:41:03Z on time future report... Program Start
2016-12-28 11:41:03Z on time future report... Program END 

Create log file
2016-12-28 11:46:03Z on time future report... Program Start
2016-12-28 11:46:03Z on time future report... Program END 

Create log file
2016-12-28 11:51:03Z on time future report... Program Start
2016-12-28 11:51:03Z on time future report... Program END 

Create log file
2016-12-28 11:56:04Z on time future report... Program Start
2016-12-28 11:56:04Z on time future report... Program END 

Create log file
2016-12-28 12:01:02Z Send 國際股市==>  Program Start
2016-12-28 12:01:02Z Send 國際股市==>  Program END 

Create log file
2016-12-28 12:01:04Z on time future report... Program Start
2016-12-28 12:01:04Z on time future report... Program END 

Create log file
2016-12-28 12:06:03Z on time future report... Program Start
2016-12-28 12:06:03Z on time future report... Program END 

Create log file
2016-12-28 12:11:03Z on time future report... Program Start
2016-12-28 12:11:03Z on time future report... Program END 

Create log file
2016-12-28 12:16:03Z on time future report... Program Start
2016-12-28 12:16:03Z on time future report... Program END 

Create log file
2016-12-28 12:21:04Z on time future report... Program Start
2016-12-28 12:21:04Z on time future report... Program END 

Create log file
2016-12-28 12:26:03Z on time future report... Program Start
2016-12-28 12:26:03Z on time future report... Program END 

Create log file
2016-12-28 12:31:03Z on time future report... Program Start
2016-12-28 12:31:03Z on time future report... Program END 

Create log file
2016-12-28 12:36:06Z on time future report... Program Start
2016-12-28 12:36:06Z on time future report... Program END 

Create log file
2016-12-28 12:41:06Z on time future report... Program Start
2016-12-28 12:41:06Z on time future report... Program END 

Create log file
2016-12-28 12:46:03Z on time future report... Program Start
2016-12-28 12:46:03Z on time future report... Program END 

Create log file
2016-12-28 12:51:04Z on time future report... Program Start
2016-12-28 12:51:04Z on time future report... Program END 

Create log file
2016-12-28 12:56:03Z on time future report... Program Start
2016-12-28 12:56:03Z on time future report... Program END 

Create log file
2016-12-28 13:01:02Z Send 國際股市==>  Program Start
2016-12-28 13:01:02Z Send 國際股市==>  Program END 

Create log file
2016-12-28 13:01:04Z on time future report... Program Start
2016-12-28 13:01:04Z on time future report... Program END 

Create log file
2016-12-28 13:06:04Z on time future report... Program Start
2016-12-28 13:06:04Z on time future report... Program END 

Create log file
2016-12-28 13:11:03Z on time future report... Program Start
2016-12-28 13:11:03Z on time future report... Program END 

Create log file
2016-12-28 13:16:06Z on time future report... Program Start
2016-12-28 13:16:06Z on time future report... Program END 

Create log file
2016-12-28 13:21:03Z on time future report... Program Start
2016-12-28 13:21:03Z on time future report... Program END 

Create log file
2016-12-28 13:26:03Z on time future report... Program Start
2016-12-28 13:26:03Z on time future report... Program END 

Create log file
2016-12-28 13:31:03Z on time future report... Program Start
2016-12-28 13:31:03Z on time future report... Program END 

Create log file
2016-12-28 13:36:05Z on time future report... Program Start
2016-12-28 13:36:05Z on time future report... Program END 

Create log file
2016-12-28 13:41:03Z on time future report... Program Start
2016-12-28 13:41:03Z on time future report... Program END 

Create log file
2016-12-28 13:46:03Z on time future report... Program Start
2016-12-28 13:46:03Z on time future report... Program END 

Create log file
2016-12-28 14:01:01Z Send 國際股市==>  Program Start
2016-12-28 14:01:01Z Send 國際股市==>  Program END 

Create log file
2016-12-28 15:01:01Z Send 國際股市==>  Program Start
2016-12-28 15:01:01Z Send 國際股市==>  Program END 

Create log file
2016-12-28 15:50:17Z option_insert_daily Program Start
2016-12-28 15:50:17Z option_insert_daily Program END 

Create log file
2016-12-28 16:01:01Z Send 國際股市==>  Program Start
2016-12-28 16:01:01Z Send 國際股市==>  Program END 

Create log file
2016-12-28 17:01:01Z Send 國際股市==>  Program Start
2016-12-28 17:01:01Z Send 國際股市==>  Program END 

Create log file
2016-12-28 17:49:19Z Query Stock_id is 2317 Program Start
2016-12-28 17:49:19Z Query Stock_id is 2317 Program END 

Create log file
2016-12-28 18:01:01Z Send 國際股市==>  Program Start
2016-12-28 18:01:01Z Send 國際股市==>  Program END 

Create log file
2016-12-28 18:01:27Z Send 國際股市==>  Program Start
2016-12-28 18:01:27Z Send 國際股市==>  Program END 

Create log file
2016-12-28 18:01:49Z Send 國際股市==>  Program Start
2016-12-28 18:01:49Z Send 國際股市==>  Program END 

Create log file
2016-12-28 18:02:11Z Send 國際股市==>  Program Start
2016-12-28 18:02:11Z Send 國際股市==>  Program END 

Create log file
2016-12-28 18:02:34Z Send 國際股市==>  Program Start
2016-12-28 18:02:34Z Send 國際股市==>  Program END 

Create log file
2016-12-28 19:01:01Z Send 國際股市==>  Program Start
2016-12-28 19:01:01Z Send 國際股市==>  Program END 

Create log file
2016-12-28 19:01:26Z Send 國際股市==>  Program Start
2016-12-28 19:01:26Z Send 國際股市==>  Program END 

Create log file
2016-12-28 19:01:50Z Send 國際股市==>  Program Start
2016-12-28 19:01:50Z Send 國際股市==>  Program END 

Create log file
2016-12-28 19:02:10Z Send 國際股市==>  Program Start
2016-12-28 19:02:10Z Send 國際股市==>  Program END 

Create log file
2016-12-28 19:02:32Z Send 國際股市==>  Program Start
2016-12-28 19:02:32Z Send 國際股市==>  Program END 

Create log file
2016-12-28 19:02:53Z Send 國際股市==>  Program Start
2016-12-28 19:02:53Z Send 國際股市==>  Program END 

Create log file
2016-12-28 19:03:16Z Send 國際股市==>  Program Start
2016-12-28 19:03:16Z Send 國際股市==>  Program END 

Create log file
2016-12-28 20:01:01Z Send 國際股市==>  Program Start
2016-12-28 20:01:01Z Send 國際股市==>  Program END 

Create log file
2016-12-28 20:10:03Z stock_data_daily_create_file Program Start
2016-12-28 20:10:03Z stock_data_daily_create_file Program END 

Create log file
2016-12-28 20:20:03Z stock_data_insert_daily Program Start
2016-12-28 20:20:03Z stock_data_insert_daily Program END 

Create log file
2016-12-28 20:30:07Z Send 股市氣象台電子報-今日我最夯<==Strong_UP==>  Program Start
2016-12-28 20:30:07Z Send 股市氣象台電子報-今日我最夯<==Strong_UP==>  Program END 

Create log file
2016-12-28 21:01:02Z Send 國際股市==>  Program Start
2016-12-28 21:01:02Z Send 國際股市==>  Program END 

Create log file
2016-12-28 22:00:26Z Query Stock_id is 2328 Program Start
2016-12-28 22:00:26Z Query Stock_id is 2328 Program END 

Create log file
2016-12-28 22:00:26Z Query Stock_id is 3481 Program Start
2016-12-28 22:00:26Z Query Stock_id is 3481 Program END 

Create log file
2016-12-28 22:00:26Z Query Stock_id is 2408 Program Start
2016-12-28 22:00:26Z Query Stock_id is 2408 Program END 

Create log file
2016-12-28 22:00:26Z Query Stock_id is 5880 Program Start
2016-12-28 22:00:26Z Query Stock_id is 5880 Program END 

Create log file
2016-12-28 22:00:26Z Query Stock_id is 1303 Program Start
2016-12-28 22:00:26Z Query Stock_id is 1303 Program END 

Create log file
2016-12-28 22:00:26Z Query Stock_id is 3673 Program Start
2016-12-28 22:00:26Z Query Stock_id is 3673 Program END 

Create log file
2016-12-28 22:00:27Z Query Stock_id is 2371 Program Start
2016-12-28 22:00:27Z Query Stock_id is 2371 Program END 

Create log file
2016-12-28 22:00:27Z Query Stock_id is 2317 Program Start
2016-12-28 22:00:27Z Query Stock_id is 2317 Program END 

Create log file
2016-12-28 22:01:02Z Send 國際股市==>  Program Start
2016-12-28 22:01:02Z Send 國際股市==>  Program END 

Create log file
2016-12-28 22:01:27Z Send 國際股市==>  Program Start
2016-12-28 22:01:27Z Send 國際股市==>  Program END 

Create log file
2016-12-28 22:01:50Z Send 國際股市==>  Program Start
2016-12-28 22:01:50Z Send 國際股市==>  Program END 

Create log file
2016-12-28 23:01:03Z Send 國際股市==>  Program Start
2016-12-28 23:01:03Z Send 國際股市==>  Program END 

Create log file
2016-12-28 23:01:28Z Send 國際股市==>  Program Start
2016-12-28 23:01:28Z Send 國際股市==>  Program END 

