Create log file
2016-05-19 00:01:01Z Send 國際股市==>  Program Start
2016-05-19 00:01:01Z Send 國際股市==>  Program END 

Create log file
2016-05-19 01:01:01Z Send 國際股市==>  Program Start
2016-05-19 01:01:01Z Send 國際股市==>  Program END 

Create log file
2016-05-19 08:01:02Z Send 國際股市==>  Program Start
2016-05-19 08:01:02Z Send 國際股市==>  Program END 

Create log file
2016-05-19 08:01:28Z Send 國際股市==>  Program Start
2016-05-19 08:01:28Z Send 國際股市==>  Program END 

Create log file
2016-05-19 08:01:51Z Send 國際股市==>  Program Start
2016-05-19 08:01:51Z Send 國際股市==>  Program END 

Create log file
2016-05-19 08:02:14Z Send 國際股市==>  Program Start
2016-05-19 08:02:14Z Send 國際股市==>  Program END 

Create log file
2016-05-19 08:46:03Z on time future report... Program Start
2016-05-19 08:46:03Z on time future report... Program END 

Create log file
2016-05-19 08:51:03Z on time future report... Program Start
2016-05-19 08:51:03Z on time future report... Program END 

Create log file
2016-05-19 08:56:03Z on time future report... Program Start
2016-05-19 08:56:03Z on time future report... Program END 

Create log file
2016-05-19 09:01:03Z Send 國際股市==>  Program Start
2016-05-19 09:01:03Z Send 國際股市==>  Program END 

Create log file
2016-05-19 09:01:04Z on time future report... Program Start
2016-05-19 09:01:04Z on time future report... Program END 

Create log file
2016-05-19 09:06:03Z on time future report... Program Start
2016-05-19 09:06:03Z on time future report... Program END 

Create log file
2016-05-19 09:11:03Z on time future report... Program Start
2016-05-19 09:11:03Z on time future report... Program END 

Create log file
2016-05-19 09:16:07Z on time future report... Program Start
2016-05-19 09:16:07Z on time future report... Program END 

Create log file
2016-05-19 09:26:01Z on time future report... Program Start
2016-05-19 09:26:01Z on time future report... Program END 

Create log file
2016-05-19 09:31:01Z on time future report... Program Start
2016-05-19 09:31:01Z on time future report... Program END 

Create log file
2016-05-19 09:36:00Z on time future report... Program Start
2016-05-19 09:36:00Z on time future report... Program END 

Create log file
2016-05-19 09:41:02Z on time future report... Program Start
2016-05-19 09:41:02Z on time future report... Program END 

Create log file
2016-05-19 09:46:00Z on time future report... Program Start
2016-05-19 09:46:00Z on time future report... Program END 

Create log file
2016-05-19 09:51:00Z on time future report... Program Start
2016-05-19 09:51:00Z on time future report... Program END 

Create log file
2016-05-19 09:56:00Z on time future report... Program Start
2016-05-19 09:56:00Z on time future report... Program END 

Create log file
2016-05-19 10:01:01Z on time future report... Program Start
2016-05-19 10:01:01Z on time future report... Program END 

Create log file
2016-05-19 10:01:03Z Send 國際股市==>  Program Start
2016-05-19 10:01:03Z Send 國際股市==>  Program END 

Create log file
2016-05-19 10:06:01Z on time future report... Program Start
2016-05-19 10:06:01Z on time future report... Program END 

Create log file
2016-05-19 10:11:00Z on time future report... Program Start
2016-05-19 10:11:00Z on time future report... Program END 

Create log file
2016-05-19 10:16:00Z on time future report... Program Start
2016-05-19 10:16:00Z on time future report... Program END 

Create log file
2016-05-19 10:21:00Z on time future report... Program Start
2016-05-19 10:21:00Z on time future report... Program END 

Create log file
2016-05-19 10:26:01Z on time future report... Program Start
2016-05-19 10:26:01Z on time future report... Program END 

Create log file
2016-05-19 10:31:04Z on time future report... Program Start
2016-05-19 10:31:04Z on time future report... Program END 

Create log file
2016-05-19 10:36:03Z on time future report... Program Start
2016-05-19 10:36:03Z on time future report... Program END 

Create log file
2016-05-19 10:41:00Z on time future report... Program Start
2016-05-19 10:41:00Z on time future report... Program END 

Create log file
2016-05-19 10:46:02Z on time future report... Program Start
2016-05-19 10:46:02Z on time future report... Program END 

Create log file
2016-05-19 10:51:01Z on time future report... Program Start
2016-05-19 10:51:01Z on time future report... Program END 

Create log file
2016-05-19 10:56:01Z on time future report... Program Start
2016-05-19 10:56:01Z on time future report... Program END 

Create log file
2016-05-19 11:01:04Z on time future report... Program Start
2016-05-19 11:01:04Z on time future report... Program END 

Create log file
2016-05-19 11:01:04Z Send 國際股市==>  Program Start
2016-05-19 11:01:04Z Send 國際股市==>  Program END 

Create log file
2016-05-19 11:06:02Z on time future report... Program Start
2016-05-19 11:06:02Z on time future report... Program END 

Create log file
2016-05-19 11:11:01Z on time future report... Program Start
2016-05-19 11:11:01Z on time future report... Program END 

Create log file
2016-05-19 11:16:01Z on time future report... Program Start
2016-05-19 11:16:01Z on time future report... Program END 

Create log file
2016-05-19 11:21:03Z on time future report... Program Start
2016-05-19 11:21:03Z on time future report... Program END 

Create log file
2016-05-19 11:31:00Z on time future report... Program Start
2016-05-19 11:31:00Z on time future report... Program END 

Create log file
2016-05-19 11:36:01Z on time future report... Program Start
2016-05-19 11:36:01Z on time future report... Program END 

Create log file
2016-05-19 11:41:03Z on time future report... Program Start
2016-05-19 11:41:03Z on time future report... Program END 

Create log file
2016-05-19 11:46:01Z on time future report... Program Start
2016-05-19 11:46:01Z on time future report... Program END 

Create log file
2016-05-19 11:51:00Z on time future report... Program Start
2016-05-19 11:51:00Z on time future report... Program END 

Create log file
2016-05-19 11:56:01Z on time future report... Program Start
2016-05-19 11:56:01Z on time future report... Program END 

Create log file
2016-05-19 12:01:02Z on time future report... Program Start
2016-05-19 12:01:02Z on time future report... Program END 

Create log file
2016-05-19 12:01:04Z Send 國際股市==>  Program Start
2016-05-19 12:01:04Z Send 國際股市==>  Program END 

Create log file
2016-05-19 12:06:00Z on time future report... Program Start
2016-05-19 12:06:00Z on time future report... Program END 

Create log file
2016-05-19 12:11:00Z on time future report... Program Start
2016-05-19 12:11:00Z on time future report... Program END 

Create log file
2016-05-19 12:16:00Z on time future report... Program Start
2016-05-19 12:16:00Z on time future report... Program END 

Create log file
2016-05-19 12:21:03Z on time future report... Program Start
2016-05-19 12:21:03Z on time future report... Program END 

Create log file
2016-05-19 12:26:02Z on time future report... Program Start
2016-05-19 12:26:02Z on time future report... Program END 

Create log file
2016-05-19 12:31:00Z on time future report... Program Start
2016-05-19 12:31:00Z on time future report... Program END 

Create log file
2016-05-19 12:36:04Z on time future report... Program Start
2016-05-19 12:36:04Z on time future report... Program END 

Create log file
2016-05-19 12:41:01Z on time future report... Program Start
2016-05-19 12:41:01Z on time future report... Program END 

Create log file
2016-05-19 12:46:01Z on time future report... Program Start
2016-05-19 12:46:01Z on time future report... Program END 

Create log file
2016-05-19 12:51:03Z on time future report... Program Start
2016-05-19 12:51:03Z on time future report... Program END 

Create log file
2016-05-19 12:56:01Z on time future report... Program Start
2016-05-19 12:56:01Z on time future report... Program END 

Create log file
2016-05-19 13:01:02Z on time future report... Program Start
2016-05-19 13:01:02Z on time future report... Program END 

Create log file
2016-05-19 13:01:04Z Send 國際股市==>  Program Start
2016-05-19 13:01:04Z Send 國際股市==>  Program END 

Create log file
2016-05-19 13:06:00Z on time future report... Program Start
2016-05-19 13:06:00Z on time future report... Program END 

Create log file
2016-05-19 13:11:01Z on time future report... Program Start
2016-05-19 13:11:01Z on time future report... Program END 

Create log file
2016-05-19 13:16:00Z on time future report... Program Start
2016-05-19 13:16:00Z on time future report... Program END 

Create log file
2016-05-19 13:21:00Z on time future report... Program Start
2016-05-19 13:21:00Z on time future report... Program END 

Create log file
2016-05-19 13:26:00Z on time future report... Program Start
2016-05-19 13:26:00Z on time future report... Program END 

Create log file
2016-05-19 13:31:04Z on time future report... Program Start
2016-05-19 13:31:04Z on time future report... Program END 

Create log file
2016-05-19 13:36:01Z on time future report... Program Start
2016-05-19 13:36:01Z on time future report... Program END 

Create log file
2016-05-19 13:41:00Z on time future report... Program Start
2016-05-19 13:41:00Z on time future report... Program END 

Create log file
2016-05-19 13:46:00Z on time future report... Program Start
2016-05-19 13:46:00Z on time future report... Program END 

Create log file
2016-05-19 14:01:02Z Send 國際股市==>  Program Start
2016-05-19 14:01:02Z Send 國際股市==>  Program END 

Create log file
2016-05-19 15:01:02Z Send 國際股市==>  Program Start
2016-05-19 15:01:02Z Send 國際股市==>  Program END 

Create log file
2016-05-19 15:50:17Z option_insert_daily Program Start
2016-05-19 15:50:17Z option_insert_daily Program END 

Create log file
2016-05-19 15:56:11Z Send Option_OIV_daily Program Start
2016-05-19 15:56:11Z Send Option_OIV_daily Program END 

Create log file
2016-05-19 16:01:02Z Send 國際股市==>  Program Start
2016-05-19 16:01:02Z Send 國際股市==>  Program END 

Create log file
2016-05-19 17:01:02Z Send 國際股市==>  Program Start
2016-05-19 17:01:02Z Send 國際股市==>  Program END 

Create log file
2016-05-19 18:01:02Z Send 國際股市==>  Program Start
2016-05-19 18:01:02Z Send 國際股市==>  Program END 

Create log file
2016-05-19 18:01:27Z Send 國際股市==>  Program Start
2016-05-19 18:01:27Z Send 國際股市==>  Program END 

Create log file
2016-05-19 18:01:49Z Send 國際股市==>  Program Start
2016-05-19 18:01:49Z Send 國際股市==>  Program END 

Create log file
2016-05-19 18:02:11Z Send 國際股市==>  Program Start
2016-05-19 18:02:11Z Send 國際股市==>  Program END 

Create log file
2016-05-19 18:02:34Z Send 國際股市==>  Program Start
2016-05-19 18:02:34Z Send 國際股市==>  Program END 

Create log file
2016-05-19 19:01:02Z Send 國際股市==>  Program Start
2016-05-19 19:01:02Z Send 國際股市==>  Program END 

Create log file
2016-05-19 19:01:28Z Send 國際股市==>  Program Start
2016-05-19 19:01:28Z Send 國際股市==>  Program END 

Create log file
2016-05-19 19:01:52Z Send 國際股市==>  Program Start
2016-05-19 19:01:52Z Send 國際股市==>  Program END 

Create log file
2016-05-19 19:02:13Z Send 國際股市==>  Program Start
2016-05-19 19:02:13Z Send 國際股市==>  Program END 

Create log file
2016-05-19 19:02:34Z Send 國際股市==>  Program Start
2016-05-19 19:02:34Z Send 國際股市==>  Program END 

Create log file
2016-05-19 20:01:01Z Send 國際股市==>  Program Start
2016-05-19 20:01:01Z Send 國際股市==>  Program END 

Create log file
2016-05-19 20:10:11Z stock_data_daily_create_file Program Start
2016-05-19 20:10:11Z stock_data_daily_create_file Program END 

Create log file
2016-05-19 20:20:03Z stock_data_insert_daily Program Start
2016-05-19 20:20:03Z stock_data_insert_daily Program END 

Create log file
2016-05-19 20:30:07Z Send 股市氣象台電子報-今日我最夯<==Strong_UP==>  Program Start
2016-05-19 20:30:07Z Send 股市氣象台電子報-今日我最夯<==Strong_UP==>  Program END 

Create log file
2016-05-19 21:01:00Z Send 國際股市==>  Program Start
2016-05-19 21:01:00Z Send 國際股市==>  Program END 

Create log file
2016-05-19 22:01:01Z Send 國際股市==>  Program Start
2016-05-19 22:01:01Z Send 國際股市==>  Program END 

Create log file
2016-05-19 22:01:28Z Send 國際股市==>  Program Start
2016-05-19 22:01:28Z Send 國際股市==>  Program END 

Create log file
2016-05-19 22:01:51Z Send 國際股市==>  Program Start
2016-05-19 22:01:51Z Send 國際股市==>  Program END 

Create log file
2016-05-19 22:28:05Z Query Stock_id is 2301 Program Start
2016-05-19 22:28:05Z Query Stock_id is 2301 Program END 

Create log file
2016-05-19 22:28:05Z Query Stock_id is 1605 Program Start
2016-05-19 22:28:05Z Query Stock_id is 1605 Program END 

Create log file
2016-05-19 22:28:05Z Query Stock_id is 2345 Program Start
2016-05-19 22:28:05Z Query Stock_id is 2345 Program END 

Create log file
2016-05-19 22:28:05Z Query Stock_id is 2105 Program Start
2016-05-19 22:28:05Z Query Stock_id is 2105 Program END 

Create log file
2016-05-19 22:28:05Z Query Stock_id is 2301 Program Start
2016-05-19 22:28:05Z Query Stock_id is 2301 Program END 

Create log file
2016-05-19 22:28:05Z Query Stock_id is 2886 Program Start
2016-05-19 22:28:05Z Query Stock_id is 2886 Program END 

Create log file
2016-05-19 22:28:05Z Query Stock_id is 1326 Program Start
2016-05-19 22:28:05Z Query Stock_id is 1326 Program END 

Create log file
2016-05-19 22:28:06Z Query Stock_id is 3105 Program Start
2016-05-19 22:28:06Z Query Stock_id is 3105 Program END 

Create log file
2016-05-19 22:28:06Z Query Stock_id is 6269 Program Start
2016-05-19 22:28:06Z Query Stock_id is 6269 Program END 

Create log file
2016-05-19 22:28:06Z Query Stock_id is 3045 Program Start
2016-05-19 22:28:06Z Query Stock_id is 3045 Program END 

Create log file
2016-05-19 22:28:06Z Query Stock_id is 2345 Program Start
2016-05-19 22:28:06Z Query Stock_id is 2345 Program END 

Create log file
2016-05-19 23:01:01Z Send 國際股市==>  Program Start
2016-05-19 23:01:01Z Send 國際股市==>  Program END 

