Create log file
2016-12-16 00:01:03Z Send 國際股市==>  Program Start
2016-12-16 00:01:03Z Send 國際股市==>  Program END 

Create log file
2016-12-16 01:01:02Z Send 國際股市==>  Program Start
2016-12-16 01:01:02Z Send 國際股市==>  Program END 

Create log file
2016-12-16 08:01:02Z Send 國際股市==>  Program Start
2016-12-16 08:01:02Z Send 國際股市==>  Program END 

Create log file
2016-12-16 08:01:27Z Send 國際股市==>  Program Start
2016-12-16 08:01:27Z Send 國際股市==>  Program END 

Create log file
2016-12-16 08:01:50Z Send 國際股市==>  Program Start
2016-12-16 08:01:50Z Send 國際股市==>  Program END 

Create log file
2016-12-16 08:02:13Z Send 國際股市==>  Program Start
2016-12-16 08:02:13Z Send 國際股市==>  Program END 

Create log file
2016-12-16 08:46:03Z on time future report... Program Start
2016-12-16 08:46:03Z on time future report... Program END 

Create log file
2016-12-16 08:51:03Z on time future report... Program Start
2016-12-16 08:51:03Z on time future report... Program END 

Create log file
2016-12-16 08:56:04Z on time future report... Program Start
2016-12-16 08:56:04Z on time future report... Program END 

Create log file
2016-12-16 09:01:03Z Send 國際股市==>  Program Start
2016-12-16 09:01:03Z Send 國際股市==>  Program END 

Create log file
2016-12-16 09:01:04Z on time future report... Program Start
2016-12-16 09:01:04Z on time future report... Program END 

Create log file
2016-12-16 09:06:04Z on time future report... Program Start
2016-12-16 09:06:04Z on time future report... Program END 

Create log file
2016-12-16 09:11:04Z on time future report... Program Start
2016-12-16 09:11:04Z on time future report... Program END 

Create log file
2016-12-16 09:16:07Z on time future report... Program Start
2016-12-16 09:16:07Z on time future report... Program END 

Create log file
2016-12-16 09:21:03Z on time future report... Program Start
2016-12-16 09:21:03Z on time future report... Program END 

Create log file
2016-12-16 09:26:03Z on time future report... Program Start
2016-12-16 09:26:03Z on time future report... Program END 

Create log file
2016-12-16 09:31:03Z on time future report... Program Start
2016-12-16 09:31:03Z on time future report... Program END 

Create log file
2016-12-16 09:36:03Z on time future report... Program Start
2016-12-16 09:36:03Z on time future report... Program END 

Create log file
2016-12-16 09:41:03Z on time future report... Program Start
2016-12-16 09:41:03Z on time future report... Program END 

Create log file
2016-12-16 09:46:03Z on time future report... Program Start
2016-12-16 09:46:03Z on time future report... Program END 

Create log file
2016-12-16 09:51:03Z on time future report... Program Start
2016-12-16 09:51:03Z on time future report... Program END 

Create log file
2016-12-16 09:56:03Z on time future report... Program Start
2016-12-16 09:56:03Z on time future report... Program END 

Create log file
2016-12-16 10:01:04Z Send 國際股市==>  Program Start
2016-12-16 10:01:04Z Send 國際股市==>  Program END 

Create log file
2016-12-16 10:01:04Z on time future report... Program Start
2016-12-16 10:01:04Z on time future report... Program END 

Create log file
2016-12-16 10:06:03Z on time future report... Program Start
2016-12-16 10:06:03Z on time future report... Program END 

Create log file
2016-12-16 10:11:03Z on time future report... Program Start
2016-12-16 10:11:03Z on time future report... Program END 

Create log file
2016-12-16 10:16:04Z on time future report... Program Start
2016-12-16 10:16:04Z on time future report... Program END 

Create log file
2016-12-16 10:21:03Z on time future report... Program Start
2016-12-16 10:21:03Z on time future report... Program END 

Create log file
2016-12-16 10:26:03Z on time future report... Program Start
2016-12-16 10:26:03Z on time future report... Program END 

Create log file
2016-12-16 10:31:03Z on time future report... Program Start
2016-12-16 10:31:03Z on time future report... Program END 

Create log file
2016-12-16 10:36:05Z on time future report... Program Start
2016-12-16 10:36:05Z on time future report... Program END 

Create log file
2016-12-16 10:41:04Z on time future report... Program Start
2016-12-16 10:41:04Z on time future report... Program END 

Create log file
2016-12-16 10:46:03Z on time future report... Program Start
2016-12-16 10:46:03Z on time future report... Program END 

Create log file
2016-12-16 10:51:03Z on time future report... Program Start
2016-12-16 10:51:03Z on time future report... Program END 

Create log file
2016-12-16 10:56:04Z on time future report... Program Start
2016-12-16 10:56:04Z on time future report... Program END 

Create log file
2016-12-16 11:01:05Z Send 國際股市==>  Program Start
2016-12-16 11:01:05Z Send 國際股市==>  Program END 

Create log file
2016-12-16 11:01:05Z on time future report... Program Start
2016-12-16 11:01:05Z on time future report... Program END 

Create log file
2016-12-16 11:06:11Z on time future report... Program Start
2016-12-16 11:06:11Z on time future report... Program END 

Create log file
2016-12-16 11:11:03Z on time future report... Program Start
2016-12-16 11:11:03Z on time future report... Program END 

Create log file
2016-12-16 11:16:04Z on time future report... Program Start
2016-12-16 11:16:04Z on time future report... Program END 

Create log file
2016-12-16 11:21:03Z on time future report... Program Start
2016-12-16 11:21:03Z on time future report... Program END 

Create log file
2016-12-16 11:26:04Z on time future report... Program Start
2016-12-16 11:26:04Z on time future report... Program END 

Create log file
2016-12-16 11:31:04Z on time future report... Program Start
2016-12-16 11:31:04Z on time future report... Program END 

Create log file
2016-12-16 11:36:03Z on time future report... Program Start
2016-12-16 11:36:03Z on time future report... Program END 

Create log file
2016-12-16 11:41:03Z on time future report... Program Start
2016-12-16 11:41:03Z on time future report... Program END 

Create log file
2016-12-16 11:46:03Z on time future report... Program Start
2016-12-16 11:46:03Z on time future report... Program END 

Create log file
2016-12-16 11:51:03Z on time future report... Program Start
2016-12-16 11:51:03Z on time future report... Program END 

Create log file
2016-12-16 11:56:03Z on time future report... Program Start
2016-12-16 11:56:03Z on time future report... Program END 

Create log file
2016-12-16 12:01:03Z Send 國際股市==>  Program Start
2016-12-16 12:01:03Z Send 國際股市==>  Program END 

Create log file
2016-12-16 12:01:04Z on time future report... Program Start
2016-12-16 12:01:04Z on time future report... Program END 

Create log file
2016-12-16 12:06:03Z on time future report... Program Start
2016-12-16 12:06:03Z on time future report... Program END 

Create log file
2016-12-16 12:11:03Z on time future report... Program Start
2016-12-16 12:11:03Z on time future report... Program END 

Create log file
2016-12-16 12:16:03Z on time future report... Program Start
2016-12-16 12:16:03Z on time future report... Program END 

Create log file
2016-12-16 12:21:03Z on time future report... Program Start
2016-12-16 12:21:03Z on time future report... Program END 

Create log file
2016-12-16 12:26:03Z on time future report... Program Start
2016-12-16 12:26:03Z on time future report... Program END 

Create log file
2016-12-16 12:31:03Z on time future report... Program Start
2016-12-16 12:31:03Z on time future report... Program END 

Create log file
2016-12-16 12:36:03Z on time future report... Program Start
2016-12-16 12:36:03Z on time future report... Program END 

Create log file
2016-12-16 12:41:03Z on time future report... Program Start
2016-12-16 12:41:03Z on time future report... Program END 

Create log file
2016-12-16 12:46:03Z on time future report... Program Start
2016-12-16 12:46:03Z on time future report... Program END 

Create log file
2016-12-16 12:51:03Z on time future report... Program Start
2016-12-16 12:51:03Z on time future report... Program END 

Create log file
2016-12-16 12:56:03Z on time future report... Program Start
2016-12-16 12:56:03Z on time future report... Program END 

Create log file
2016-12-16 13:01:03Z Send 國際股市==>  Program Start
2016-12-16 13:01:03Z Send 國際股市==>  Program END 

Create log file
2016-12-16 13:01:04Z on time future report... Program Start
2016-12-16 13:01:04Z on time future report... Program END 

Create log file
2016-12-16 13:06:03Z on time future report... Program Start
2016-12-16 13:06:03Z on time future report... Program END 

Create log file
2016-12-16 13:11:03Z on time future report... Program Start
2016-12-16 13:11:03Z on time future report... Program END 

Create log file
2016-12-16 13:16:05Z on time future report... Program Start
2016-12-16 13:16:05Z on time future report... Program END 

Create log file
2016-12-16 13:21:03Z on time future report... Program Start
2016-12-16 13:21:03Z on time future report... Program END 

Create log file
2016-12-16 13:26:03Z on time future report... Program Start
2016-12-16 13:26:03Z on time future report... Program END 

Create log file
2016-12-16 13:31:05Z on time future report... Program Start
2016-12-16 13:31:05Z on time future report... Program END 

Create log file
2016-12-16 13:36:03Z on time future report... Program Start
2016-12-16 13:36:03Z on time future report... Program END 

Create log file
2016-12-16 13:41:03Z on time future report... Program Start
2016-12-16 13:41:03Z on time future report... Program END 

Create log file
2016-12-16 13:46:03Z on time future report... Program Start
2016-12-16 13:46:03Z on time future report... Program END 

Create log file
2016-12-16 14:01:03Z Send 國際股市==>  Program Start
2016-12-16 14:01:03Z Send 國際股市==>  Program END 

Create log file
2016-12-16 15:01:03Z Send 國際股市==>  Program Start
2016-12-16 15:01:03Z Send 國際股市==>  Program END 

Create log file
2016-12-16 15:50:14Z option_insert_daily Program Start
2016-12-16 15:50:14Z option_insert_daily Program END 

Create log file
2016-12-16 15:56:19Z Send Option_OIV_daily Program Start
2016-12-16 15:56:19Z Send Option_OIV_daily Program END 

Create log file
2016-12-16 16:01:03Z Send 國際股市==>  Program Start
2016-12-16 16:01:03Z Send 國際股市==>  Program END 

Create log file
2016-12-16 17:01:02Z Send 國際股市==>  Program Start
2016-12-16 17:01:02Z Send 國際股市==>  Program END 

Create log file
2016-12-16 18:01:02Z Send 國際股市==>  Program Start
2016-12-16 18:01:02Z Send 國際股市==>  Program END 

Create log file
2016-12-16 18:01:29Z Send 國際股市==>  Program Start
2016-12-16 18:01:29Z Send 國際股市==>  Program END 

Create log file
2016-12-16 18:01:52Z Send 國際股市==>  Program Start
2016-12-16 18:01:52Z Send 國際股市==>  Program END 

Create log file
2016-12-16 18:02:14Z Send 國際股市==>  Program Start
2016-12-16 18:02:14Z Send 國際股市==>  Program END 

Create log file
2016-12-16 18:02:37Z Send 國際股市==>  Program Start
2016-12-16 18:02:37Z Send 國際股市==>  Program END 

Create log file
2016-12-16 19:01:02Z Send 國際股市==>  Program Start
2016-12-16 19:01:02Z Send 國際股市==>  Program END 

Create log file
2016-12-16 19:01:29Z Send 國際股市==>  Program Start
2016-12-16 19:01:29Z Send 國際股市==>  Program END 

Create log file
2016-12-16 19:01:50Z Send 國際股市==>  Program Start
2016-12-16 19:01:50Z Send 國際股市==>  Program END 

Create log file
2016-12-16 19:02:10Z Send 國際股市==>  Program Start
2016-12-16 19:02:10Z Send 國際股市==>  Program END 

Create log file
2016-12-16 19:02:33Z Send 國際股市==>  Program Start
2016-12-16 19:02:33Z Send 國際股市==>  Program END 

Create log file
2016-12-16 19:02:54Z Send 國際股市==>  Program Start
2016-12-16 19:02:54Z Send 國際股市==>  Program END 

Create log file
2016-12-16 19:03:17Z Send 國際股市==>  Program Start
2016-12-16 19:03:17Z Send 國際股市==>  Program END 

Create log file
2016-12-16 20:01:01Z Send 國際股市==>  Program Start
2016-12-16 20:01:01Z Send 國際股市==>  Program END 

Create log file
2016-12-16 20:10:05Z stock_data_daily_create_file Program Start
2016-12-16 20:10:05Z stock_data_daily_create_file Program END 

Create log file
2016-12-16 20:20:05Z stock_data_insert_daily Program Start
2016-12-16 20:20:05Z stock_data_insert_daily Program END 

Create log file
2016-12-16 20:30:12Z Send 股市氣象台電子報-今日我最夯<==Strong_UP==>  Program Start
2016-12-16 20:30:12Z Send 股市氣象台電子報-今日我最夯<==Strong_UP==>  Program END 

Create log file
2016-12-16 21:01:02Z Send 國際股市==>  Program Start
2016-12-16 21:01:02Z Send 國際股市==>  Program END 

