Create log file
2016-02-09 00:01:01Z Send 國際股市==>  Program Start
2016-02-09 00:01:01Z Send 國際股市==>  Program END 

Create log file
2016-02-09 01:01:00Z Send 國際股市==>  Program Start
2016-02-09 01:01:00Z Send 國際股市==>  Program END 

Create log file
2016-02-09 08:46:01Z on time future report... Program Start
2016-02-09 08:46:01Z on time future report... Program END 

Create log file
2016-02-09 08:51:01Z on time future report... Program Start
2016-02-09 08:51:01Z on time future report... Program END 

Create log file
2016-02-09 08:56:01Z on time future report... Program Start
2016-02-09 08:56:01Z on time future report... Program END 

Create log file
2016-02-09 09:01:01Z Send 國際股市==>  Program Start
2016-02-09 09:01:01Z Send 國際股市==>  Program END 

Create log file
2016-02-09 09:01:23Z on time future report... Program Start
2016-02-09 09:01:23Z on time future report... Program END 

Create log file
2016-02-09 09:06:01Z on time future report... Program Start
2016-02-09 09:06:01Z on time future report... Program END 

Create log file
2016-02-09 09:11:01Z on time future report... Program Start
2016-02-09 09:11:01Z on time future report... Program END 

Create log file
2016-02-09 09:16:01Z on time future report... Program Start
2016-02-09 09:16:01Z on time future report... Program END 

Create log file
2016-02-09 09:21:01Z on time future report... Program Start
2016-02-09 09:21:01Z on time future report... Program END 

Create log file
2016-02-09 09:26:04Z on time future report... Program Start
2016-02-09 09:26:04Z on time future report... Program END 

Create log file
2016-02-09 09:31:01Z on time future report... Program Start
2016-02-09 09:31:01Z on time future report... Program END 

Create log file
2016-02-09 09:36:01Z on time future report... Program Start
2016-02-09 09:36:01Z on time future report... Program END 

Create log file
2016-02-09 09:41:01Z on time future report... Program Start
2016-02-09 09:41:01Z on time future report... Program END 

Create log file
2016-02-09 09:46:01Z on time future report... Program Start
2016-02-09 09:46:01Z on time future report... Program END 

Create log file
2016-02-09 09:51:01Z on time future report... Program Start
2016-02-09 09:51:01Z on time future report... Program END 

Create log file
2016-02-09 09:56:01Z on time future report... Program Start
2016-02-09 09:56:01Z on time future report... Program END 

Create log file
2016-02-09 10:01:01Z Send 國際股市==>  Program Start
2016-02-09 10:01:01Z Send 國際股市==>  Program END 

Create log file
2016-02-09 10:01:25Z on time future report... Program Start
2016-02-09 10:01:25Z on time future report... Program END 

Create log file
2016-02-09 10:06:01Z on time future report... Program Start
2016-02-09 10:06:01Z on time future report... Program END 

Create log file
2016-02-09 10:11:01Z on time future report... Program Start
2016-02-09 10:11:01Z on time future report... Program END 

Create log file
2016-02-09 10:16:01Z on time future report... Program Start
2016-02-09 10:16:01Z on time future report... Program END 

Create log file
2016-02-09 10:21:01Z on time future report... Program Start
2016-02-09 10:21:01Z on time future report... Program END 

Create log file
2016-02-09 10:26:01Z on time future report... Program Start
2016-02-09 10:26:01Z on time future report... Program END 

Create log file
2016-02-09 10:31:02Z on time future report... Program Start
2016-02-09 10:31:02Z on time future report... Program END 

Create log file
2016-02-09 10:36:01Z on time future report... Program Start
2016-02-09 10:36:01Z on time future report... Program END 

Create log file
2016-02-09 10:41:01Z on time future report... Program Start
2016-02-09 10:41:01Z on time future report... Program END 

Create log file
2016-02-09 10:46:01Z on time future report... Program Start
2016-02-09 10:46:01Z on time future report... Program END 

Create log file
2016-02-09 10:51:01Z on time future report... Program Start
2016-02-09 10:51:01Z on time future report... Program END 

Create log file
2016-02-09 10:56:01Z on time future report... Program Start
2016-02-09 10:56:01Z on time future report... Program END 

Create log file
2016-02-09 11:01:01Z on time future report... Program Start
2016-02-09 11:01:01Z on time future report... Program END 

Create log file
2016-02-09 11:01:02Z Send 國際股市==>  Program Start
2016-02-09 11:01:02Z Send 國際股市==>  Program END 

Create log file
2016-02-09 11:06:01Z on time future report... Program Start
2016-02-09 11:06:01Z on time future report... Program END 

Create log file
2016-02-09 11:11:01Z on time future report... Program Start
2016-02-09 11:11:01Z on time future report... Program END 

Create log file
2016-02-09 11:16:01Z on time future report... Program Start
2016-02-09 11:16:01Z on time future report... Program END 

Create log file
2016-02-09 11:21:01Z on time future report... Program Start
2016-02-09 11:21:01Z on time future report... Program END 

Create log file
2016-02-09 11:26:01Z on time future report... Program Start
2016-02-09 11:26:01Z on time future report... Program END 

Create log file
2016-02-09 11:31:01Z on time future report... Program Start
2016-02-09 11:31:01Z on time future report... Program END 

Create log file
2016-02-09 11:36:03Z on time future report... Program Start
2016-02-09 11:36:03Z on time future report... Program END 

Create log file
2016-02-09 11:41:01Z on time future report... Program Start
2016-02-09 11:41:01Z on time future report... Program END 

Create log file
2016-02-09 11:46:01Z on time future report... Program Start
2016-02-09 11:46:01Z on time future report... Program END 

Create log file
2016-02-09 11:51:01Z on time future report... Program Start
2016-02-09 11:51:01Z on time future report... Program END 

Create log file
2016-02-09 11:56:01Z on time future report... Program Start
2016-02-09 11:56:01Z on time future report... Program END 

Create log file
2016-02-09 12:01:01Z on time future report... Program Start
2016-02-09 12:01:01Z on time future report... Program END 

Create log file
2016-02-09 12:01:02Z Send 國際股市==>  Program Start
2016-02-09 12:01:02Z Send 國際股市==>  Program END 

Create log file
2016-02-09 12:06:02Z on time future report... Program Start
2016-02-09 12:06:02Z on time future report... Program END 

Create log file
2016-02-09 12:11:01Z on time future report... Program Start
2016-02-09 12:11:01Z on time future report... Program END 

Create log file
2016-02-09 12:16:01Z on time future report... Program Start
2016-02-09 12:16:01Z on time future report... Program END 

Create log file
2016-02-09 12:21:01Z on time future report... Program Start
2016-02-09 12:21:01Z on time future report... Program END 

Create log file
2016-02-09 12:26:01Z on time future report... Program Start
2016-02-09 12:26:01Z on time future report... Program END 

Create log file
2016-02-09 12:31:01Z on time future report... Program Start
2016-02-09 12:31:01Z on time future report... Program END 

Create log file
2016-02-09 12:36:01Z on time future report... Program Start
2016-02-09 12:36:01Z on time future report... Program END 

Create log file
2016-02-09 12:41:01Z on time future report... Program Start
2016-02-09 12:41:01Z on time future report... Program END 

Create log file
2016-02-09 12:46:01Z on time future report... Program Start
2016-02-09 12:46:01Z on time future report... Program END 

Create log file
2016-02-09 12:51:01Z on time future report... Program Start
2016-02-09 12:51:01Z on time future report... Program END 

Create log file
2016-02-09 12:56:01Z on time future report... Program Start
2016-02-09 12:56:01Z on time future report... Program END 

Create log file
2016-02-09 13:01:01Z Send 國際股市==>  Program Start
2016-02-09 13:01:01Z Send 國際股市==>  Program END 

Create log file
2016-02-09 13:01:27Z on time future report... Program Start
2016-02-09 13:01:27Z on time future report... Program END 

Create log file
2016-02-09 13:06:01Z on time future report... Program Start
2016-02-09 13:06:01Z on time future report... Program END 

Create log file
2016-02-09 13:11:01Z on time future report... Program Start
2016-02-09 13:11:01Z on time future report... Program END 

Create log file
2016-02-09 13:16:01Z on time future report... Program Start
2016-02-09 13:16:01Z on time future report... Program END 

Create log file
2016-02-09 13:21:00Z on time future report... Program Start
2016-02-09 13:21:00Z on time future report... Program END 

Create log file
2016-02-09 13:26:01Z on time future report... Program Start
2016-02-09 13:26:01Z on time future report... Program END 

Create log file
2016-02-09 13:31:01Z on time future report... Program Start
2016-02-09 13:31:01Z on time future report... Program END 

Create log file
2016-02-09 13:36:01Z on time future report... Program Start
2016-02-09 13:36:01Z on time future report... Program END 

Create log file
2016-02-09 13:41:01Z on time future report... Program Start
2016-02-09 13:41:01Z on time future report... Program END 

Create log file
2016-02-09 13:46:01Z on time future report... Program Start
2016-02-09 13:46:01Z on time future report... Program END 

Create log file
2016-02-09 14:01:00Z Send 國際股市==>  Program Start
2016-02-09 14:01:00Z Send 國際股市==>  Program END 

Create log file
2016-02-09 15:01:00Z Send 國際股市==>  Program Start
2016-02-09 15:01:00Z Send 國際股市==>  Program END 

Create log file
2016-02-09 15:50:17Z option_insert_daily Program Start
2016-02-09 15:50:17Z option_insert_daily Program END 

Create log file
2016-02-09 16:01:00Z Send 國際股市==>  Program Start
2016-02-09 16:01:00Z Send 國際股市==>  Program END 

Create log file
2016-02-09 17:01:00Z Send 國際股市==>  Program Start
2016-02-09 17:01:00Z Send 國際股市==>  Program END 

Create log file
2016-02-09 18:01:00Z Send 國際股市==>  Program Start
2016-02-09 18:01:00Z Send 國際股市==>  Program END 

Create log file
2016-02-09 18:01:26Z Send 國際股市==>  Program Start
2016-02-09 18:01:26Z Send 國際股市==>  Program END 

Create log file
2016-02-09 18:01:47Z Send 國際股市==>  Program Start
2016-02-09 18:01:47Z Send 國際股市==>  Program END 

Create log file
2016-02-09 18:02:09Z Send 國際股市==>  Program Start
2016-02-09 18:02:09Z Send 國際股市==>  Program END 

Create log file
2016-02-09 19:01:00Z Send 國際股市==>  Program Start
2016-02-09 19:01:00Z Send 國際股市==>  Program END 

Create log file
2016-02-09 19:01:26Z Send 國際股市==>  Program Start
2016-02-09 19:01:26Z Send 國際股市==>  Program END 

Create log file
2016-02-09 19:01:47Z Send 國際股市==>  Program Start
2016-02-09 19:01:47Z Send 國際股市==>  Program END 

Create log file
2016-02-09 20:01:00Z Send 國際股市==>  Program Start
2016-02-09 20:01:00Z Send 國際股市==>  Program END 

Create log file
2016-02-09 20:10:02Z stock_data_daily_create_file Program Start
2016-02-09 20:10:02Z stock_data_daily_create_file Program END 

Create log file
2016-02-09 20:20:03Z stock_data_insert_daily Program Start
2016-02-09 20:20:03Z stock_data_insert_daily Program END 

Create log file
2016-02-09 20:30:09Z Send 股市氣象台電子報-今日我最夯<==Strong_UP==>  Program Start
2016-02-09 20:30:09Z Send 股市氣象台電子報-今日我最夯<==Strong_UP==>  Program END 

Create log file
2016-02-09 21:01:00Z Send 國際股市==>  Program Start
2016-02-09 21:01:00Z Send 國際股市==>  Program END 

Create log file
2016-02-09 22:01:01Z Send 國際股市==>  Program Start
2016-02-09 22:01:01Z Send 國際股市==>  Program END 

Create log file
2016-02-09 22:01:27Z Send 國際股市==>  Program Start
2016-02-09 22:01:27Z Send 國際股市==>  Program END 

Create log file
2016-02-09 23:01:01Z Send 國際股市==>  Program Start
2016-02-09 23:01:01Z Send 國際股市==>  Program END 

