Create log file
2016-03-28 08:01:04Z Send 國際股市==>  Program Start
2016-03-28 08:01:04Z Send 國際股市==>  Program END 

Create log file
2016-03-28 08:01:30Z Send 國際股市==>  Program Start
2016-03-28 08:01:30Z Send 國際股市==>  Program END 

Create log file
2016-03-28 08:01:53Z Send 國際股市==>  Program Start
2016-03-28 08:01:53Z Send 國際股市==>  Program END 

Create log file
2016-03-28 08:46:04Z on time future report... Program Start
2016-03-28 08:46:04Z on time future report... Program END 

Create log file
2016-03-28 08:51:03Z on time future report... Program Start
2016-03-28 08:51:03Z on time future report... Program END 

Create log file
2016-03-28 08:56:03Z on time future report... Program Start
2016-03-28 08:56:03Z on time future report... Program END 

Create log file
2016-03-28 09:01:04Z Send 國際股市==>  Program Start
2016-03-28 09:01:04Z Send 國際股市==>  Program END 

Create log file
2016-03-28 09:01:04Z on time future report... Program Start
2016-03-28 09:01:04Z on time future report... Program END 

Create log file
2016-03-28 09:06:03Z on time future report... Program Start
2016-03-28 09:06:03Z on time future report... Program END 

Create log file
2016-03-28 09:11:07Z on time future report... Program Start
2016-03-28 09:11:07Z on time future report... Program END 

Create log file
2016-03-28 09:21:01Z on time future report... Program Start
2016-03-28 09:21:01Z on time future report... Program END 

Create log file
2016-03-28 09:26:01Z on time future report... Program Start
2016-03-28 09:26:01Z on time future report... Program END 

Create log file
2016-03-28 09:31:01Z on time future report... Program Start
2016-03-28 09:31:01Z on time future report... Program END 

Create log file
2016-03-28 09:36:01Z on time future report... Program Start
2016-03-28 09:36:01Z on time future report... Program END 

Create log file
2016-03-28 09:41:01Z on time future report... Program Start
2016-03-28 09:41:01Z on time future report... Program END 

Create log file
2016-03-28 09:46:00Z on time future report... Program Start
2016-03-28 09:46:00Z on time future report... Program END 

Create log file
2016-03-28 09:51:01Z on time future report... Program Start
2016-03-28 09:51:01Z on time future report... Program END 

Create log file
2016-03-28 09:56:02Z on time future report... Program Start
2016-03-28 09:56:02Z on time future report... Program END 

Create log file
2016-03-28 10:01:03Z on time future report... Program Start
2016-03-28 10:01:03Z on time future report... Program END 

Create log file
2016-03-28 10:01:05Z Send 國際股市==>  Program Start
2016-03-28 10:01:05Z Send 國際股市==>  Program END 

Create log file
2016-03-28 10:06:03Z on time future report... Program Start
2016-03-28 10:06:03Z on time future report... Program END 

Create log file
2016-03-28 10:11:01Z on time future report... Program Start
2016-03-28 10:11:01Z on time future report... Program END 

Create log file
2016-03-28 10:16:01Z on time future report... Program Start
2016-03-28 10:16:01Z on time future report... Program END 

Create log file
2016-03-28 10:26:01Z on time future report... Program Start
2016-03-28 10:26:01Z on time future report... Program END 

Create log file
2016-03-28 10:31:02Z on time future report... Program Start
2016-03-28 10:31:02Z on time future report... Program END 

Create log file
2016-03-28 10:36:05Z on time future report... Program Start
2016-03-28 10:36:05Z on time future report... Program END 

Create log file
2016-03-28 10:41:03Z on time future report... Program Start
2016-03-28 10:41:03Z on time future report... Program END 

Create log file
2016-03-28 10:46:00Z on time future report... Program Start
2016-03-28 10:46:00Z on time future report... Program END 

Create log file
2016-03-28 10:51:01Z on time future report... Program Start
2016-03-28 10:51:01Z on time future report... Program END 

Create log file
2016-03-28 10:56:00Z on time future report... Program Start
2016-03-28 10:56:00Z on time future report... Program END 

Create log file
2016-03-28 11:01:05Z on time future report... Program Start
2016-03-28 11:01:05Z on time future report... Program END 

Create log file
2016-03-28 11:01:05Z Send 國際股市==>  Program Start
2016-03-28 11:01:05Z Send 國際股市==>  Program END 

Create log file
2016-03-28 11:06:01Z on time future report... Program Start
2016-03-28 11:06:01Z on time future report... Program END 

Create log file
2016-03-28 11:11:01Z on time future report... Program Start
2016-03-28 11:11:01Z on time future report... Program END 

Create log file
2016-03-28 11:16:01Z on time future report... Program Start
2016-03-28 11:16:01Z on time future report... Program END 

Create log file
2016-03-28 11:21:02Z on time future report... Program Start
2016-03-28 11:21:02Z on time future report... Program END 

Create log file
2016-03-28 11:26:01Z on time future report... Program Start
2016-03-28 11:26:01Z on time future report... Program END 

Create log file
2016-03-28 11:31:00Z on time future report... Program Start
2016-03-28 11:31:00Z on time future report... Program END 

Create log file
2016-03-28 11:36:01Z on time future report... Program Start
2016-03-28 11:36:01Z on time future report... Program END 

Create log file
2016-03-28 11:41:02Z on time future report... Program Start
2016-03-28 11:41:02Z on time future report... Program END 

Create log file
2016-03-28 11:46:01Z on time future report... Program Start
2016-03-28 11:46:01Z on time future report... Program END 

Create log file
2016-03-28 11:51:01Z on time future report... Program Start
2016-03-28 11:51:01Z on time future report... Program END 

Create log file
2016-03-28 11:56:02Z on time future report... Program Start
2016-03-28 11:56:02Z on time future report... Program END 

Create log file
2016-03-28 12:01:03Z on time future report... Program Start
2016-03-28 12:01:03Z on time future report... Program END 

Create log file
2016-03-28 12:01:05Z Send 國際股市==>  Program Start
2016-03-28 12:01:05Z Send 國際股市==>  Program END 

Create log file
2016-03-28 12:06:01Z on time future report... Program Start
2016-03-28 12:06:01Z on time future report... Program END 

Create log file
2016-03-28 12:11:01Z on time future report... Program Start
2016-03-28 12:11:01Z on time future report... Program END 

Create log file
2016-03-28 12:16:01Z on time future report... Program Start
2016-03-28 12:16:01Z on time future report... Program END 

Create log file
2016-03-28 12:21:01Z on time future report... Program Start
2016-03-28 12:21:01Z on time future report... Program END 

Create log file
2016-03-28 12:26:01Z on time future report... Program Start
2016-03-28 12:26:01Z on time future report... Program END 

Create log file
2016-03-28 12:31:02Z on time future report... Program Start
2016-03-28 12:31:02Z on time future report... Program END 

Create log file
2016-03-28 12:36:01Z on time future report... Program Start
2016-03-28 12:36:01Z on time future report... Program END 

Create log file
2016-03-28 12:41:01Z on time future report... Program Start
2016-03-28 12:41:01Z on time future report... Program END 

Create log file
2016-03-28 12:46:01Z on time future report... Program Start
2016-03-28 12:46:01Z on time future report... Program END 

Create log file
2016-03-28 12:51:01Z on time future report... Program Start
2016-03-28 12:51:01Z on time future report... Program END 

Create log file
2016-03-28 12:56:04Z on time future report... Program Start
2016-03-28 12:56:04Z on time future report... Program END 

Create log file
2016-03-28 13:01:02Z on time future report... Program Start
2016-03-28 13:01:02Z on time future report... Program END 

Create log file
2016-03-28 13:01:04Z Send 國際股市==>  Program Start
2016-03-28 13:01:04Z Send 國際股市==>  Program END 

Create log file
2016-03-28 13:06:01Z on time future report... Program Start
2016-03-28 13:06:01Z on time future report... Program END 

Create log file
2016-03-28 13:11:00Z on time future report... Program Start
2016-03-28 13:11:00Z on time future report... Program END 

Create log file
2016-03-28 13:16:02Z on time future report... Program Start
2016-03-28 13:16:02Z on time future report... Program END 

Create log file
2016-03-28 13:21:03Z on time future report... Program Start
2016-03-28 13:21:03Z on time future report... Program END 

Create log file
2016-03-28 13:31:00Z on time future report... Program Start
2016-03-28 13:31:00Z on time future report... Program END 

Create log file
2016-03-28 13:36:01Z on time future report... Program Start
2016-03-28 13:36:01Z on time future report... Program END 

Create log file
2016-03-28 13:41:01Z on time future report... Program Start
2016-03-28 13:41:01Z on time future report... Program END 

Create log file
2016-03-28 13:46:01Z on time future report... Program Start
2016-03-28 13:46:01Z on time future report... Program END 

Create log file
2016-03-28 14:01:03Z Send 國際股市==>  Program Start
2016-03-28 14:01:03Z Send 國際股市==>  Program END 

Create log file
2016-03-28 15:01:04Z Send 國際股市==>  Program Start
2016-03-28 15:01:04Z Send 國際股市==>  Program END 

Create log file
2016-03-28 15:50:18Z option_insert_daily Program Start
2016-03-28 15:50:18Z option_insert_daily Program END 

Create log file
2016-03-28 15:55:49Z Send Option_OIV_daily Program Start
2016-03-28 15:55:49Z Send Option_OIV_daily Program END 

Create log file
2016-03-28 16:01:03Z Send 國際股市==>  Program Start
2016-03-28 16:01:03Z Send 國際股市==>  Program END 

Create log file
2016-03-28 17:01:04Z Send 國際股市==>  Program Start
2016-03-28 17:01:04Z Send 國際股市==>  Program END 

Create log file
2016-03-28 18:01:03Z Send 國際股市==>  Program Start
2016-03-28 18:01:03Z Send 國際股市==>  Program END 

Create log file
2016-03-28 18:01:30Z Send 國際股市==>  Program Start
2016-03-28 18:01:30Z Send 國際股市==>  Program END 

Create log file
2016-03-28 18:01:51Z Send 國際股市==>  Program Start
2016-03-28 18:01:51Z Send 國際股市==>  Program END 

Create log file
2016-03-28 18:02:14Z Send 國際股市==>  Program Start
2016-03-28 18:02:14Z Send 國際股市==>  Program END 

Create log file
2016-03-28 19:01:01Z Send 國際股市==>  Program Start
2016-03-28 19:01:01Z Send 國際股市==>  Program END 

Create log file
2016-03-28 19:01:28Z Send 國際股市==>  Program Start
2016-03-28 19:01:28Z Send 國際股市==>  Program END 

Create log file
2016-03-28 19:01:51Z Send 國際股市==>  Program Start
2016-03-28 19:01:51Z Send 國際股市==>  Program END 

Create log file
2016-03-28 20:01:01Z Send 國際股市==>  Program Start
2016-03-28 20:01:01Z Send 國際股市==>  Program END 

Create log file
2016-03-28 20:10:07Z stock_data_daily_create_file Program Start
2016-03-28 20:10:07Z stock_data_daily_create_file Program END 

Create log file
2016-03-28 20:20:04Z stock_data_insert_daily Program Start
2016-03-28 20:20:04Z stock_data_insert_daily Program END 

Create log file
2016-03-28 20:30:13Z Send 股市氣象台電子報-今日我最夯<==Strong_UP==>  Program Start
2016-03-28 20:30:13Z Send 股市氣象台電子報-今日我最夯<==Strong_UP==>  Program END 

Create log file
2016-03-28 21:01:04Z Send 國際股市==>  Program Start
2016-03-28 21:01:04Z Send 國際股市==>  Program END 

Create log file
2016-03-28 21:34:26Z Query Stock_id is 2105 Program Start
2016-03-28 21:34:26Z Query Stock_id is 2105 Program END 

Create log file
2016-03-28 21:34:26Z Query Stock_id is 2317 Program Start
2016-03-28 21:34:26Z Query Stock_id is 2317 Program END 

Create log file
2016-03-28 21:34:26Z Query Stock_id is 2330 Program Start
2016-03-28 21:34:26Z Query Stock_id is 2330 Program END 

Create log file
2016-03-28 21:34:26Z Query Stock_id is 3474 Program Start
2016-03-28 21:34:26Z Query Stock_id is 3474 Program END 

Create log file
2016-03-28 21:34:27Z Query Stock_id is 2886 Program Start
2016-03-28 21:34:27Z Query Stock_id is 2886 Program END 

Create log file
2016-03-28 21:34:27Z Query Stock_id is 3706 Program Start
2016-03-28 21:34:27Z Query Stock_id is 3706 Program END 

Create log file
2016-03-28 21:34:27Z Query Stock_id is 1310 Program Start
2016-03-28 21:34:27Z Query Stock_id is 1310 Program END 

Create log file
2016-03-28 22:01:01Z Send 國際股市==>  Program Start
2016-03-28 22:01:01Z Send 國際股市==>  Program END 

Create log file
2016-03-28 22:01:28Z Send 國際股市==>  Program Start
2016-03-28 22:01:28Z Send 國際股市==>  Program END 

Create log file
2016-03-28 22:01:50Z Send 國際股市==>  Program Start
2016-03-28 22:01:50Z Send 國際股市==>  Program END 

Create log file
2016-03-28 23:01:01Z Send 國際股市==>  Program Start
2016-03-28 23:01:01Z Send 國際股市==>  Program END 

