Create log file
2016-05-24 00:01:01Z Send 國際股市==>  Program Start
2016-05-24 00:01:01Z Send 國際股市==>  Program END 

Create log file
2016-05-24 01:01:04Z Send 國際股市==>  Program Start
2016-05-24 01:01:04Z Send 國際股市==>  Program END 

Create log file
2016-05-24 08:01:04Z Send 國際股市==>  Program Start
2016-05-24 08:01:04Z Send 國際股市==>  Program END 

Create log file
2016-05-24 08:01:29Z Send 國際股市==>  Program Start
2016-05-24 08:01:29Z Send 國際股市==>  Program END 

Create log file
2016-05-24 08:01:51Z Send 國際股市==>  Program Start
2016-05-24 08:01:51Z Send 國際股市==>  Program END 

Create log file
2016-05-24 08:02:15Z Send 國際股市==>  Program Start
2016-05-24 08:02:15Z Send 國際股市==>  Program END 

Create log file
2016-05-24 08:46:03Z on time future report... Program Start
2016-05-24 08:46:03Z on time future report... Program END 

Create log file
2016-05-24 08:51:03Z on time future report... Program Start
2016-05-24 08:51:03Z on time future report... Program END 

Create log file
2016-05-24 08:56:03Z on time future report... Program Start
2016-05-24 08:56:03Z on time future report... Program END 

Create log file
2016-05-24 09:01:03Z Send 國際股市==>  Program Start
2016-05-24 09:01:03Z Send 國際股市==>  Program END 

Create log file
2016-05-24 09:01:05Z on time future report... Program Start
2016-05-24 09:01:05Z on time future report... Program END 

Create log file
2016-05-24 09:06:04Z on time future report... Program Start
2016-05-24 09:06:04Z on time future report... Program END 

Create log file
2016-05-24 09:11:03Z on time future report... Program Start
2016-05-24 09:11:03Z on time future report... Program END 

Create log file
2016-05-24 09:16:03Z on time future report... Program Start
2016-05-24 09:16:03Z on time future report... Program END 

Create log file
2016-05-24 09:21:03Z on time future report... Program Start
2016-05-24 09:21:03Z on time future report... Program END 

Create log file
2016-05-24 09:26:04Z on time future report... Program Start
2016-05-24 09:26:04Z on time future report... Program END 

Create log file
2016-05-24 09:31:03Z on time future report... Program Start
2016-05-24 09:31:03Z on time future report... Program END 

Create log file
2016-05-24 09:36:03Z on time future report... Program Start
2016-05-24 09:36:03Z on time future report... Program END 

Create log file
2016-05-24 09:41:03Z on time future report... Program Start
2016-05-24 09:41:03Z on time future report... Program END 

Create log file
2016-05-24 09:46:03Z on time future report... Program Start
2016-05-24 09:46:03Z on time future report... Program END 

Create log file
2016-05-24 09:51:05Z on time future report... Program Start
2016-05-24 09:51:05Z on time future report... Program END 

Create log file
2016-05-24 09:56:03Z on time future report... Program Start
2016-05-24 09:56:03Z on time future report... Program END 

Create log file
2016-05-24 10:01:03Z Send 國際股市==>  Program Start
2016-05-24 10:01:03Z Send 國際股市==>  Program END 

Create log file
2016-05-24 10:01:04Z on time future report... Program Start
2016-05-24 10:01:04Z on time future report... Program END 

Create log file
2016-05-24 10:06:03Z on time future report... Program Start
2016-05-24 10:06:03Z on time future report... Program END 

Create log file
2016-05-24 10:11:03Z on time future report... Program Start
2016-05-24 10:11:03Z on time future report... Program END 

Create log file
2016-05-24 10:16:03Z on time future report... Program Start
2016-05-24 10:16:03Z on time future report... Program END 

Create log file
2016-05-24 10:21:03Z on time future report... Program Start
2016-05-24 10:21:03Z on time future report... Program END 

Create log file
2016-05-24 10:26:03Z on time future report... Program Start
2016-05-24 10:26:03Z on time future report... Program END 

Create log file
2016-05-24 10:31:03Z on time future report... Program Start
2016-05-24 10:31:03Z on time future report... Program END 

Create log file
2016-05-24 10:36:03Z on time future report... Program Start
2016-05-24 10:36:03Z on time future report... Program END 

Create log file
2016-05-24 10:41:07Z on time future report... Program Start
2016-05-24 10:41:07Z on time future report... Program END 

Create log file
2016-05-24 10:46:04Z on time future report... Program Start
2016-05-24 10:46:04Z on time future report... Program END 

Create log file
2016-05-24 10:51:03Z on time future report... Program Start
2016-05-24 10:51:03Z on time future report... Program END 

Create log file
2016-05-24 10:56:05Z on time future report... Program Start
2016-05-24 10:56:05Z on time future report... Program END 

Create log file
2016-05-24 11:01:03Z Send 國際股市==>  Program Start
2016-05-24 11:01:03Z Send 國際股市==>  Program END 

Create log file
2016-05-24 11:01:06Z on time future report... Program Start
2016-05-24 11:01:06Z on time future report... Program END 

Create log file
2016-05-24 11:06:03Z on time future report... Program Start
2016-05-24 11:06:03Z on time future report... Program END 

Create log file
2016-05-24 11:11:03Z on time future report... Program Start
2016-05-24 11:11:03Z on time future report... Program END 

Create log file
2016-05-24 11:16:03Z on time future report... Program Start
2016-05-24 11:16:03Z on time future report... Program END 

Create log file
2016-05-24 11:21:03Z on time future report... Program Start
2016-05-24 11:21:03Z on time future report... Program END 

Create log file
2016-05-24 11:26:04Z on time future report... Program Start
2016-05-24 11:26:04Z on time future report... Program END 

Create log file
2016-05-24 11:31:03Z on time future report... Program Start
2016-05-24 11:31:03Z on time future report... Program END 

Create log file
2016-05-24 11:36:03Z on time future report... Program Start
2016-05-24 11:36:03Z on time future report... Program END 

Create log file
2016-05-24 11:41:04Z on time future report... Program Start
2016-05-24 11:41:04Z on time future report... Program END 

Create log file
2016-05-24 11:46:03Z on time future report... Program Start
2016-05-24 11:46:03Z on time future report... Program END 

Create log file
2016-05-24 11:51:03Z on time future report... Program Start
2016-05-24 11:51:03Z on time future report... Program END 

Create log file
2016-05-24 11:56:03Z on time future report... Program Start
2016-05-24 11:56:03Z on time future report... Program END 

Create log file
2016-05-24 12:01:03Z Send 國際股市==>  Program Start
2016-05-24 12:01:03Z Send 國際股市==>  Program END 

Create log file
2016-05-24 12:01:04Z on time future report... Program Start
2016-05-24 12:01:04Z on time future report... Program END 

Create log file
2016-05-24 12:06:03Z on time future report... Program Start
2016-05-24 12:06:03Z on time future report... Program END 

Create log file
2016-05-24 12:11:04Z on time future report... Program Start
2016-05-24 12:11:04Z on time future report... Program END 

Create log file
2016-05-24 12:16:03Z on time future report... Program Start
2016-05-24 12:16:03Z on time future report... Program END 

Create log file
2016-05-24 12:21:03Z on time future report... Program Start
2016-05-24 12:21:03Z on time future report... Program END 

Create log file
2016-05-24 12:26:03Z on time future report... Program Start
2016-05-24 12:26:03Z on time future report... Program END 

Create log file
2016-05-24 12:31:03Z on time future report... Program Start
2016-05-24 12:31:03Z on time future report... Program END 

Create log file
2016-05-24 12:36:05Z on time future report... Program Start
2016-05-24 12:36:05Z on time future report... Program END 

Create log file
2016-05-24 12:46:01Z on time future report... Program Start
2016-05-24 12:46:01Z on time future report... Program END 

Create log file
2016-05-24 12:51:02Z on time future report... Program Start
2016-05-24 12:51:02Z on time future report... Program END 

Create log file
2016-05-24 12:56:01Z on time future report... Program Start
2016-05-24 12:56:01Z on time future report... Program END 

Create log file
2016-05-24 13:01:01Z on time future report... Program Start
2016-05-24 13:01:01Z on time future report... Program END 

Create log file
2016-05-24 13:01:04Z Send 國際股市==>  Program Start
2016-05-24 13:01:04Z Send 國際股市==>  Program END 

Create log file
2016-05-24 13:06:00Z on time future report... Program Start
2016-05-24 13:06:00Z on time future report... Program END 

Create log file
2016-05-24 13:11:02Z on time future report... Program Start
2016-05-24 13:11:02Z on time future report... Program END 

Create log file
2016-05-24 13:16:01Z on time future report... Program Start
2016-05-24 13:16:01Z on time future report... Program END 

Create log file
2016-05-24 13:21:01Z on time future report... Program Start
2016-05-24 13:21:01Z on time future report... Program END 

Create log file
2016-05-24 13:26:01Z on time future report... Program Start
2016-05-24 13:26:01Z on time future report... Program END 

Create log file
2016-05-24 13:31:01Z on time future report... Program Start
2016-05-24 13:31:01Z on time future report... Program END 

Create log file
2016-05-24 13:36:01Z on time future report... Program Start
2016-05-24 13:36:01Z on time future report... Program END 

Create log file
2016-05-24 13:41:01Z on time future report... Program Start
2016-05-24 13:41:01Z on time future report... Program END 

Create log file
2016-05-24 13:46:01Z on time future report... Program Start
2016-05-24 13:46:01Z on time future report... Program END 

Create log file
2016-05-24 14:01:01Z Send 國際股市==>  Program Start
2016-05-24 14:01:01Z Send 國際股市==>  Program END 

Create log file
2016-05-24 15:01:00Z Send 國際股市==>  Program Start
2016-05-24 15:01:00Z Send 國際股市==>  Program END 

Create log file
2016-05-24 15:50:19Z option_insert_daily Program Start
2016-05-24 15:50:19Z option_insert_daily Program END 

Create log file
2016-05-24 15:56:38Z Send Option_OIV_daily Program Start
2016-05-24 15:56:38Z Send Option_OIV_daily Program END 

Create log file
2016-05-24 16:01:01Z Send 國際股市==>  Program Start
2016-05-24 16:01:01Z Send 國際股市==>  Program END 

Create log file
2016-05-24 17:01:01Z Send 國際股市==>  Program Start
2016-05-24 17:01:01Z Send 國際股市==>  Program END 

Create log file
2016-05-24 18:01:01Z Send 國際股市==>  Program Start
2016-05-24 18:01:01Z Send 國際股市==>  Program END 

Create log file
2016-05-24 18:01:27Z Send 國際股市==>  Program Start
2016-05-24 18:01:27Z Send 國際股市==>  Program END 

Create log file
2016-05-24 18:01:38Z Send 國際股市==>  Program Start
2016-05-24 18:01:38Z Send 國際股市==>  Program END 

Create log file
2016-05-24 18:02:00Z Send 國際股市==>  Program Start
2016-05-24 18:02:00Z Send 國際股市==>  Program END 

Create log file
2016-05-24 18:02:25Z Send 國際股市==>  Program Start
2016-05-24 18:02:25Z Send 國際股市==>  Program END 

Create log file
2016-05-24 19:01:01Z Send 國際股市==>  Program Start
2016-05-24 19:01:01Z Send 國際股市==>  Program END 

Create log file
2016-05-24 19:01:26Z Send 國際股市==>  Program Start
2016-05-24 19:01:26Z Send 國際股市==>  Program END 

Create log file
2016-05-24 19:01:25Z Send 國際股市==>  Program Start
2016-05-24 19:01:25Z Send 國際股市==>  Program END 

Create log file
2016-05-24 19:01:47Z Send 國際股市==>  Program Start
2016-05-24 19:01:47Z Send 國際股市==>  Program END 

Create log file
2016-05-24 19:02:08Z Send 國際股市==>  Program Start
2016-05-24 19:02:08Z Send 國際股市==>  Program END 

Create log file
2016-05-24 20:01:01Z Send 國際股市==>  Program Start
2016-05-24 20:01:01Z Send 國際股市==>  Program END 

Create log file
2016-05-24 20:10:04Z stock_data_daily_create_file Program Start
2016-05-24 20:10:04Z stock_data_daily_create_file Program END 

Create log file
2016-05-24 20:20:06Z stock_data_insert_daily Program Start
2016-05-24 20:20:06Z stock_data_insert_daily Program END 

Create log file
2016-05-24 20:30:07Z Send 股市氣象台電子報-今日我最夯<==Strong_UP==>  Program Start
2016-05-24 20:30:07Z Send 股市氣象台電子報-今日我最夯<==Strong_UP==>  Program END 

Create log file
2016-05-24 22:22:54Z Send 國際股市==>  Program Start
2016-05-24 22:22:54Z Send 國際股市==>  Program END 

Create log file
2016-05-24 22:23:21Z Send 國際股市==>  Program Start
2016-05-24 22:23:21Z Send 國際股市==>  Program END 

Create log file
2016-05-24 22:23:43Z Send 國際股市==>  Program Start
2016-05-24 22:23:43Z Send 國際股市==>  Program END 

Create log file
2016-05-24 23:01:01Z Send 國際股市==>  Program Start
2016-05-24 23:01:01Z Send 國際股市==>  Program END 

