Create log file
2016-12-13 00:01:03Z Send 國際股市==>  Program Start
2016-12-13 00:01:03Z Send 國際股市==>  Program END 

Create log file
2016-12-13 01:01:02Z Send 國際股市==>  Program Start
2016-12-13 01:01:02Z Send 國際股市==>  Program END 

Create log file
2016-12-13 08:01:03Z Send 國際股市==>  Program Start
2016-12-13 08:01:03Z Send 國際股市==>  Program END 

Create log file
2016-12-13 08:01:28Z Send 國際股市==>  Program Start
2016-12-13 08:01:28Z Send 國際股市==>  Program END 

Create log file
2016-12-13 08:01:51Z Send 國際股市==>  Program Start
2016-12-13 08:01:51Z Send 國際股市==>  Program END 

Create log file
2016-12-13 08:02:13Z Send 國際股市==>  Program Start
2016-12-13 08:02:13Z Send 國際股市==>  Program END 

Create log file
2016-12-13 08:46:03Z on time future report... Program Start
2016-12-13 08:46:03Z on time future report... Program END 

Create log file
2016-12-13 08:51:03Z on time future report... Program Start
2016-12-13 08:51:03Z on time future report... Program END 

Create log file
2016-12-13 08:56:03Z on time future report... Program Start
2016-12-13 08:56:03Z on time future report... Program END 

Create log file
2016-12-13 09:01:04Z Send 國際股市==>  Program Start
2016-12-13 09:01:04Z Send 國際股市==>  Program END 

Create log file
2016-12-13 09:01:07Z on time future report... Program Start
2016-12-13 09:01:07Z on time future report... Program END 

Create log file
2016-12-13 09:06:03Z on time future report... Program Start
2016-12-13 09:06:03Z on time future report... Program END 

Create log file
2016-12-13 09:16:01Z on time future report... Program Start
2016-12-13 09:16:01Z on time future report... Program END 

Create log file
2016-12-13 09:21:01Z on time future report... Program Start
2016-12-13 09:21:01Z on time future report... Program END 

Create log file
2016-12-13 09:26:01Z on time future report... Program Start
2016-12-13 09:26:01Z on time future report... Program END 

Create log file
2016-12-13 09:31:01Z on time future report... Program Start
2016-12-13 09:31:01Z on time future report... Program END 

Create log file
2016-12-13 09:36:01Z on time future report... Program Start
2016-12-13 09:36:01Z on time future report... Program END 

Create log file
2016-12-13 09:41:01Z on time future report... Program Start
2016-12-13 09:41:01Z on time future report... Program END 

Create log file
2016-12-13 09:46:02Z on time future report... Program Start
2016-12-13 09:46:02Z on time future report... Program END 

Create log file
2016-12-13 09:51:01Z on time future report... Program Start
2016-12-13 09:51:01Z on time future report... Program END 

Create log file
2016-12-13 09:56:01Z on time future report... Program Start
2016-12-13 09:56:01Z on time future report... Program END 

Create log file
2016-12-13 10:01:03Z on time future report... Program Start
2016-12-13 10:01:03Z on time future report... Program END 

Create log file
2016-12-13 10:01:04Z Send 國際股市==>  Program Start
2016-12-13 10:01:04Z Send 國際股市==>  Program END 

Create log file
2016-12-13 10:06:01Z on time future report... Program Start
2016-12-13 10:06:01Z on time future report... Program END 

Create log file
2016-12-13 10:11:01Z on time future report... Program Start
2016-12-13 10:11:01Z on time future report... Program END 

Create log file
2016-12-13 10:16:01Z on time future report... Program Start
2016-12-13 10:16:01Z on time future report... Program END 

Create log file
2016-12-13 10:21:01Z on time future report... Program Start
2016-12-13 10:21:01Z on time future report... Program END 

Create log file
2016-12-13 10:26:01Z on time future report... Program Start
2016-12-13 10:26:01Z on time future report... Program END 

Create log file
2016-12-13 10:31:01Z on time future report... Program Start
2016-12-13 10:31:01Z on time future report... Program END 

Create log file
2016-12-13 10:36:01Z on time future report... Program Start
2016-12-13 10:36:01Z on time future report... Program END 

Create log file
2016-12-13 10:41:01Z on time future report... Program Start
2016-12-13 10:41:01Z on time future report... Program END 

Create log file
2016-12-13 10:46:01Z on time future report... Program Start
2016-12-13 10:46:01Z on time future report... Program END 

Create log file
2016-12-13 10:51:01Z on time future report... Program Start
2016-12-13 10:51:01Z on time future report... Program END 

Create log file
2016-12-13 10:56:00Z on time future report... Program Start
2016-12-13 10:56:00Z on time future report... Program END 

Create log file
2016-12-13 11:01:01Z on time future report... Program Start
2016-12-13 11:01:01Z on time future report... Program END 

Create log file
2016-12-13 11:01:03Z Send 國際股市==>  Program Start
2016-12-13 11:01:03Z Send 國際股市==>  Program END 

Create log file
2016-12-13 11:06:01Z on time future report... Program Start
2016-12-13 11:06:01Z on time future report... Program END 

Create log file
2016-12-13 11:11:01Z on time future report... Program Start
2016-12-13 11:11:01Z on time future report... Program END 

Create log file
2016-12-13 11:16:01Z on time future report... Program Start
2016-12-13 11:16:01Z on time future report... Program END 

Create log file
2016-12-13 11:21:01Z on time future report... Program Start
2016-12-13 11:21:01Z on time future report... Program END 

Create log file
2016-12-13 11:26:01Z on time future report... Program Start
2016-12-13 11:26:01Z on time future report... Program END 

Create log file
2016-12-13 11:31:01Z on time future report... Program Start
2016-12-13 11:31:01Z on time future report... Program END 

Create log file
2016-12-13 11:36:01Z on time future report... Program Start
2016-12-13 11:36:01Z on time future report... Program END 

Create log file
2016-12-13 11:41:01Z on time future report... Program Start
2016-12-13 11:41:01Z on time future report... Program END 

Create log file
2016-12-13 11:46:02Z on time future report... Program Start
2016-12-13 11:46:02Z on time future report... Program END 

Create log file
2016-12-13 11:51:01Z on time future report... Program Start
2016-12-13 11:51:01Z on time future report... Program END 

Create log file
2016-12-13 11:56:01Z on time future report... Program Start
2016-12-13 11:56:01Z on time future report... Program END 

Create log file
2016-12-13 12:01:02Z on time future report... Program Start
2016-12-13 12:01:02Z on time future report... Program END 

Create log file
2016-12-13 12:01:04Z Send 國際股市==>  Program Start
2016-12-13 12:01:04Z Send 國際股市==>  Program END 

Create log file
2016-12-13 12:06:05Z on time future report... Program Start
2016-12-13 12:06:05Z on time future report... Program END 

Create log file
2016-12-13 12:11:02Z on time future report... Program Start
2016-12-13 12:11:02Z on time future report... Program END 

Create log file
2016-12-13 12:16:02Z on time future report... Program Start
2016-12-13 12:16:02Z on time future report... Program END 

Create log file
2016-12-13 12:21:00Z on time future report... Program Start
2016-12-13 12:21:00Z on time future report... Program END 

Create log file
2016-12-13 12:26:01Z on time future report... Program Start
2016-12-13 12:26:01Z on time future report... Program END 

Create log file
2016-12-13 12:31:01Z on time future report... Program Start
2016-12-13 12:31:01Z on time future report... Program END 

Create log file
2016-12-13 12:36:01Z on time future report... Program Start
2016-12-13 12:36:01Z on time future report... Program END 

Create log file
2016-12-13 12:41:02Z on time future report... Program Start
2016-12-13 12:41:02Z on time future report... Program END 

Create log file
2016-12-13 12:46:01Z on time future report... Program Start
2016-12-13 12:46:01Z on time future report... Program END 

Create log file
2016-12-13 12:51:00Z on time future report... Program Start
2016-12-13 12:51:00Z on time future report... Program END 

Create log file
2016-12-13 12:56:01Z on time future report... Program Start
2016-12-13 12:56:01Z on time future report... Program END 

Create log file
2016-12-13 13:01:02Z on time future report... Program Start
2016-12-13 13:01:02Z on time future report... Program END 

Create log file
2016-12-13 13:01:05Z Send 國際股市==>  Program Start
2016-12-13 13:01:05Z Send 國際股市==>  Program END 

Create log file
2016-12-13 13:06:01Z on time future report... Program Start
2016-12-13 13:06:01Z on time future report... Program END 

Create log file
2016-12-13 13:11:01Z on time future report... Program Start
2016-12-13 13:11:01Z on time future report... Program END 

Create log file
2016-12-13 13:16:01Z on time future report... Program Start
2016-12-13 13:16:01Z on time future report... Program END 

Create log file
2016-12-13 13:21:01Z on time future report... Program Start
2016-12-13 13:21:01Z on time future report... Program END 

Create log file
2016-12-13 13:26:02Z on time future report... Program Start
2016-12-13 13:26:02Z on time future report... Program END 

Create log file
2016-12-13 13:31:06Z on time future report... Program Start
2016-12-13 13:31:06Z on time future report... Program END 

Create log file
2016-12-13 13:36:02Z on time future report... Program Start
2016-12-13 13:36:02Z on time future report... Program END 

Create log file
2016-12-13 13:41:01Z on time future report... Program Start
2016-12-13 13:41:01Z on time future report... Program END 

Create log file
2016-12-13 13:46:01Z on time future report... Program Start
2016-12-13 13:46:01Z on time future report... Program END 

Create log file
2016-12-13 14:01:02Z Send 國際股市==>  Program Start
2016-12-13 14:01:02Z Send 國際股市==>  Program END 

Create log file
2016-12-13 15:01:03Z Send 國際股市==>  Program Start
2016-12-13 15:01:03Z Send 國際股市==>  Program END 

Create log file
2016-12-13 15:50:14Z option_insert_daily Program Start
2016-12-13 15:50:14Z option_insert_daily Program END 

Create log file
2016-12-13 16:01:03Z Send 國際股市==>  Program Start
2016-12-13 16:01:03Z Send 國際股市==>  Program END 

Create log file
2016-12-13 17:01:03Z Send 國際股市==>  Program Start
2016-12-13 17:01:03Z Send 國際股市==>  Program END 

Create log file
2016-12-13 18:01:02Z Send 國際股市==>  Program Start
2016-12-13 18:01:02Z Send 國際股市==>  Program END 

Create log file
2016-12-13 18:01:28Z Send 國際股市==>  Program Start
2016-12-13 18:01:28Z Send 國際股市==>  Program END 

Create log file
2016-12-13 18:01:50Z Send 國際股市==>  Program Start
2016-12-13 18:01:50Z Send 國際股市==>  Program END 

Create log file
2016-12-13 18:02:12Z Send 國際股市==>  Program Start
2016-12-13 18:02:12Z Send 國際股市==>  Program END 

Create log file
2016-12-13 18:02:35Z Send 國際股市==>  Program Start
2016-12-13 18:02:35Z Send 國際股市==>  Program END 

Create log file
2016-12-13 19:01:02Z Send 國際股市==>  Program Start
2016-12-13 19:01:02Z Send 國際股市==>  Program END 

Create log file
2016-12-13 19:01:28Z Send 國際股市==>  Program Start
2016-12-13 19:01:28Z Send 國際股市==>  Program END 

Create log file
2016-12-13 19:01:52Z Send 國際股市==>  Program Start
2016-12-13 19:01:52Z Send 國際股市==>  Program END 

Create log file
2016-12-13 19:02:13Z Send 國際股市==>  Program Start
2016-12-13 19:02:13Z Send 國際股市==>  Program END 

Create log file
2016-12-13 19:02:35Z Send 國際股市==>  Program Start
2016-12-13 19:02:35Z Send 國際股市==>  Program END 

Create log file
2016-12-13 19:02:56Z Send 國際股市==>  Program Start
2016-12-13 19:02:56Z Send 國際股市==>  Program END 

Create log file
2016-12-13 19:03:18Z Send 國際股市==>  Program Start
2016-12-13 19:03:18Z Send 國際股市==>  Program END 

Create log file
2016-12-13 20:01:01Z Send 國際股市==>  Program Start
2016-12-13 20:01:01Z Send 國際股市==>  Program END 

Create log file
2016-12-13 20:10:05Z stock_data_daily_create_file Program Start
2016-12-13 20:10:05Z stock_data_daily_create_file Program END 

Create log file
2016-12-13 20:20:05Z stock_data_insert_daily Program Start
2016-12-13 20:20:05Z stock_data_insert_daily Program END 

Create log file
2016-12-13 20:30:11Z Send 股市氣象台電子報-今日我最夯<==Strong_UP==>  Program Start
2016-12-13 20:30:11Z Send 股市氣象台電子報-今日我最夯<==Strong_UP==>  Program END 

Create log file
2016-12-13 21:01:02Z Send 國際股市==>  Program Start
2016-12-13 21:01:02Z Send 國際股市==>  Program END 

Create log file
2016-12-13 22:01:03Z Send 國際股市==>  Program Start
2016-12-13 22:01:03Z Send 國際股市==>  Program END 

Create log file
2016-12-13 22:01:28Z Send 國際股市==>  Program Start
2016-12-13 22:01:28Z Send 國際股市==>  Program END 

Create log file
2016-12-13 22:01:50Z Send 國際股市==>  Program Start
2016-12-13 22:01:50Z Send 國際股市==>  Program END 

Create log file
2016-12-13 23:01:03Z Send 國際股市==>  Program Start
2016-12-13 23:01:03Z Send 國際股市==>  Program END 

