Create log file
2016-12-14 00:01:03Z Send 國際股市==>  Program Start
2016-12-14 00:01:03Z Send 國際股市==>  Program END 

Create log file
2016-12-14 01:01:02Z Send 國際股市==>  Program Start
2016-12-14 01:01:02Z Send 國際股市==>  Program END 

Create log file
2016-12-14 08:01:04Z Send 國際股市==>  Program Start
2016-12-14 08:01:04Z Send 國際股市==>  Program END 

Create log file
2016-12-14 08:01:29Z Send 國際股市==>  Program Start
2016-12-14 08:01:29Z Send 國際股市==>  Program END 

Create log file
2016-12-14 08:01:51Z Send 國際股市==>  Program Start
2016-12-14 08:01:51Z Send 國際股市==>  Program END 

Create log file
2016-12-14 08:02:14Z Send 國際股市==>  Program Start
2016-12-14 08:02:14Z Send 國際股市==>  Program END 

Create log file
2016-12-14 08:46:03Z on time future report... Program Start
2016-12-14 08:46:03Z on time future report... Program END 

Create log file
2016-12-14 08:51:03Z on time future report... Program Start
2016-12-14 08:51:03Z on time future report... Program END 

Create log file
2016-12-14 08:56:03Z on time future report... Program Start
2016-12-14 08:56:03Z on time future report... Program END 

Create log file
2016-12-14 09:01:03Z Send 國際股市==>  Program Start
2016-12-14 09:01:03Z Send 國際股市==>  Program END 

Create log file
2016-12-14 09:01:05Z on time future report... Program Start
2016-12-14 09:01:05Z on time future report... Program END 

Create log file
2016-12-14 09:06:03Z on time future report... Program Start
2016-12-14 09:06:03Z on time future report... Program END 

Create log file
2016-12-14 09:11:03Z on time future report... Program Start
2016-12-14 09:11:03Z on time future report... Program END 

Create log file
2016-12-14 09:16:03Z on time future report... Program Start
2016-12-14 09:16:03Z on time future report... Program END 

Create log file
2016-12-14 09:21:03Z on time future report... Program Start
2016-12-14 09:21:03Z on time future report... Program END 

Create log file
2016-12-14 09:26:03Z on time future report... Program Start
2016-12-14 09:26:03Z on time future report... Program END 

Create log file
2016-12-14 09:31:06Z on time future report... Program Start
2016-12-14 09:31:06Z on time future report... Program END 

Create log file
2016-12-14 09:36:04Z on time future report... Program Start
2016-12-14 09:36:04Z on time future report... Program END 

Create log file
2016-12-14 09:41:03Z on time future report... Program Start
2016-12-14 09:41:03Z on time future report... Program END 

Create log file
2016-12-14 09:46:07Z on time future report... Program Start
2016-12-14 09:46:07Z on time future report... Program END 

Create log file
2016-12-14 09:51:06Z on time future report... Program Start
2016-12-14 09:51:06Z on time future report... Program END 

Create log file
2016-12-14 09:56:04Z on time future report... Program Start
2016-12-14 09:56:04Z on time future report... Program END 

Create log file
2016-12-14 10:01:04Z Send 國際股市==>  Program Start
2016-12-14 10:01:04Z Send 國際股市==>  Program END 

Create log file
2016-12-14 10:01:04Z on time future report... Program Start
2016-12-14 10:01:04Z on time future report... Program END 

Create log file
2016-12-14 10:06:05Z on time future report... Program Start
2016-12-14 10:06:05Z on time future report... Program END 

Create log file
2016-12-14 10:11:05Z on time future report... Program Start
2016-12-14 10:11:05Z on time future report... Program END 

Create log file
2016-12-14 10:16:03Z on time future report... Program Start
2016-12-14 10:16:03Z on time future report... Program END 

Create log file
2016-12-14 10:21:03Z on time future report... Program Start
2016-12-14 10:21:03Z on time future report... Program END 

Create log file
2016-12-14 10:26:03Z on time future report... Program Start
2016-12-14 10:26:03Z on time future report... Program END 

Create log file
2016-12-14 10:31:03Z on time future report... Program Start
2016-12-14 10:31:03Z on time future report... Program END 

Create log file
2016-12-14 10:36:03Z on time future report... Program Start
2016-12-14 10:36:03Z on time future report... Program END 

Create log file
2016-12-14 10:41:03Z on time future report... Program Start
2016-12-14 10:41:03Z on time future report... Program END 

Create log file
2016-12-14 10:46:03Z on time future report... Program Start
2016-12-14 10:46:03Z on time future report... Program END 

Create log file
2016-12-14 10:51:03Z on time future report... Program Start
2016-12-14 10:51:03Z on time future report... Program END 

Create log file
2016-12-14 10:56:03Z on time future report... Program Start
2016-12-14 10:56:03Z on time future report... Program END 

Create log file
2016-12-14 11:01:04Z Send 國際股市==>  Program Start
2016-12-14 11:01:04Z Send 國際股市==>  Program END 

Create log file
2016-12-14 11:01:04Z on time future report... Program Start
2016-12-14 11:01:04Z on time future report... Program END 

Create log file
2016-12-14 11:06:04Z on time future report... Program Start
2016-12-14 11:06:04Z on time future report... Program END 

Create log file
2016-12-14 11:11:03Z on time future report... Program Start
2016-12-14 11:11:03Z on time future report... Program END 

Create log file
2016-12-14 11:16:03Z on time future report... Program Start
2016-12-14 11:16:03Z on time future report... Program END 

Create log file
2016-12-14 11:21:03Z on time future report... Program Start
2016-12-14 11:21:03Z on time future report... Program END 

Create log file
2016-12-14 11:26:03Z on time future report... Program Start
2016-12-14 11:26:03Z on time future report... Program END 

Create log file
2016-12-14 11:31:03Z on time future report... Program Start
2016-12-14 11:31:03Z on time future report... Program END 

Create log file
2016-12-14 11:36:03Z on time future report... Program Start
2016-12-14 11:36:03Z on time future report... Program END 

Create log file
2016-12-14 11:41:07Z on time future report... Program Start
2016-12-14 11:41:07Z on time future report... Program END 

Create log file
2016-12-14 11:46:03Z on time future report... Program Start
2016-12-14 11:46:03Z on time future report... Program END 

Create log file
2016-12-14 11:51:03Z on time future report... Program Start
2016-12-14 11:51:03Z on time future report... Program END 

Create log file
2016-12-14 11:56:03Z on time future report... Program Start
2016-12-14 11:56:03Z on time future report... Program END 

Create log file
2016-12-14 12:01:03Z Send 國際股市==>  Program Start
2016-12-14 12:01:03Z Send 國際股市==>  Program END 

Create log file
2016-12-14 12:01:06Z on time future report... Program Start
2016-12-14 12:01:06Z on time future report... Program END 

Create log file
2016-12-14 12:06:05Z on time future report... Program Start
2016-12-14 12:06:05Z on time future report... Program END 

Create log file
2016-12-14 12:11:04Z on time future report... Program Start
2016-12-14 12:11:04Z on time future report... Program END 

Create log file
2016-12-14 12:16:03Z on time future report... Program Start
2016-12-14 12:16:03Z on time future report... Program END 

Create log file
2016-12-14 12:21:03Z on time future report... Program Start
2016-12-14 12:21:03Z on time future report... Program END 

Create log file
2016-12-14 12:26:03Z on time future report... Program Start
2016-12-14 12:26:03Z on time future report... Program END 

Create log file
2016-12-14 12:31:03Z on time future report... Program Start
2016-12-14 12:31:03Z on time future report... Program END 

Create log file
2016-12-14 12:36:03Z on time future report... Program Start
2016-12-14 12:36:03Z on time future report... Program END 

Create log file
2016-12-14 12:41:03Z on time future report... Program Start
2016-12-14 12:41:03Z on time future report... Program END 

Create log file
2016-12-14 12:46:03Z on time future report... Program Start
2016-12-14 12:46:03Z on time future report... Program END 

Create log file
2016-12-14 12:51:03Z on time future report... Program Start
2016-12-14 12:51:03Z on time future report... Program END 

Create log file
2016-12-14 12:56:03Z on time future report... Program Start
2016-12-14 12:56:03Z on time future report... Program END 

Create log file
2016-12-14 13:01:03Z Send 國際股市==>  Program Start
2016-12-14 13:01:03Z Send 國際股市==>  Program END 

Create log file
2016-12-14 13:01:04Z on time future report... Program Start
2016-12-14 13:01:04Z on time future report... Program END 

Create log file
2016-12-14 13:06:05Z on time future report... Program Start
2016-12-14 13:06:05Z on time future report... Program END 

Create log file
2016-12-14 13:11:03Z on time future report... Program Start
2016-12-14 13:11:03Z on time future report... Program END 

Create log file
2016-12-14 13:16:03Z on time future report... Program Start
2016-12-14 13:16:03Z on time future report... Program END 

Create log file
2016-12-14 13:21:03Z on time future report... Program Start
2016-12-14 13:21:03Z on time future report... Program END 

Create log file
2016-12-14 13:26:03Z on time future report... Program Start
2016-12-14 13:26:03Z on time future report... Program END 

Create log file
2016-12-14 13:31:07Z on time future report... Program Start
2016-12-14 13:31:07Z on time future report... Program END 

Create log file
2016-12-14 13:41:01Z on time future report... Program Start
2016-12-14 13:41:01Z on time future report... Program END 

Create log file
2016-12-14 13:46:01Z on time future report... Program Start
2016-12-14 13:46:01Z on time future report... Program END 

Create log file
2016-12-14 14:01:03Z Send 國際股市==>  Program Start
2016-12-14 14:01:03Z Send 國際股市==>  Program END 

Create log file
2016-12-14 15:01:03Z Send 國際股市==>  Program Start
2016-12-14 15:01:03Z Send 國際股市==>  Program END 

Create log file
2016-12-14 15:50:14Z option_insert_daily Program Start
2016-12-14 15:50:14Z option_insert_daily Program END 

Create log file
2016-12-14 16:01:03Z Send 國際股市==>  Program Start
2016-12-14 16:01:03Z Send 國際股市==>  Program END 

Create log file
2016-12-14 17:01:02Z Send 國際股市==>  Program Start
2016-12-14 17:01:02Z Send 國際股市==>  Program END 

Create log file
2016-12-14 18:01:02Z Send 國際股市==>  Program Start
2016-12-14 18:01:02Z Send 國際股市==>  Program END 

Create log file
2016-12-14 18:01:28Z Send 國際股市==>  Program Start
2016-12-14 18:01:28Z Send 國際股市==>  Program END 

Create log file
2016-12-14 18:01:50Z Send 國際股市==>  Program Start
2016-12-14 18:01:50Z Send 國際股市==>  Program END 

Create log file
2016-12-14 18:02:13Z Send 國際股市==>  Program Start
2016-12-14 18:02:13Z Send 國際股市==>  Program END 

Create log file
2016-12-14 18:02:37Z Send 國際股市==>  Program Start
2016-12-14 18:02:37Z Send 國際股市==>  Program END 

Create log file
2016-12-14 19:01:02Z Send 國際股市==>  Program Start
2016-12-14 19:01:02Z Send 國際股市==>  Program END 

Create log file
2016-12-14 19:01:28Z Send 國際股市==>  Program Start
2016-12-14 19:01:28Z Send 國際股市==>  Program END 

Create log file
2016-12-14 19:01:52Z Send 國際股市==>  Program Start
2016-12-14 19:01:52Z Send 國際股市==>  Program END 

Create log file
2016-12-14 19:02:13Z Send 國際股市==>  Program Start
2016-12-14 19:02:13Z Send 國際股市==>  Program END 

Create log file
2016-12-14 19:02:35Z Send 國際股市==>  Program Start
2016-12-14 19:02:35Z Send 國際股市==>  Program END 

Create log file
2016-12-14 19:02:56Z Send 國際股市==>  Program Start
2016-12-14 19:02:56Z Send 國際股市==>  Program END 

Create log file
2016-12-14 19:03:19Z Send 國際股市==>  Program Start
2016-12-14 19:03:19Z Send 國際股市==>  Program END 

Create log file
2016-12-14 20:01:03Z Send 國際股市==>  Program Start
2016-12-14 20:01:03Z Send 國際股市==>  Program END 

Create log file
2016-12-14 21:01:03Z Send 國際股市==>  Program Start
2016-12-14 21:01:03Z Send 國際股市==>  Program END 

Create log file
2016-12-14 22:01:22Z Send 國際股市==>  Program Start
2016-12-14 22:01:22Z Send 國際股市==>  Program END 

Create log file
2016-12-14 22:01:43Z Send 國際股市==>  Program Start
2016-12-14 22:01:43Z Send 國際股市==>  Program END 

Create log file
2016-12-14 22:02:06Z Send 國際股市==>  Program Start
2016-12-14 22:02:06Z Send 國際股市==>  Program END 

Create log file
2016-12-14 23:01:03Z Send 國際股市==>  Program Start
2016-12-14 23:01:03Z Send 國際股市==>  Program END 

