Create log file
2016-04-13 00:01:01Z Send 國際股市==>  Program Start
2016-04-13 00:01:01Z Send 國際股市==>  Program END 

Create log file
2016-04-13 01:01:01Z Send 國際股市==>  Program Start
2016-04-13 01:01:01Z Send 國際股市==>  Program END 

Create log file
2016-04-13 08:01:04Z Send 國際股市==>  Program Start
2016-04-13 08:01:04Z Send 國際股市==>  Program END 

Create log file
2016-04-13 08:01:32Z Send 國際股市==>  Program Start
2016-04-13 08:01:32Z Send 國際股市==>  Program END 

Create log file
2016-04-13 08:01:54Z Send 國際股市==>  Program Start
2016-04-13 08:01:54Z Send 國際股市==>  Program END 

Create log file
2016-04-13 08:02:16Z Send 國際股市==>  Program Start
2016-04-13 08:02:16Z Send 國際股市==>  Program END 

Create log file
2016-04-13 08:46:03Z on time future report... Program Start
2016-04-13 08:46:03Z on time future report... Program END 

Create log file
2016-04-13 08:51:07Z on time future report... Program Start
2016-04-13 08:51:07Z on time future report... Program END 

Create log file
2016-04-13 08:56:03Z on time future report... Program Start
2016-04-13 08:56:03Z on time future report... Program END 

Create log file
2016-04-13 09:01:03Z Send 國際股市==>  Program Start
2016-04-13 09:01:03Z Send 國際股市==>  Program END 

Create log file
2016-04-13 09:06:01Z on time future report... Program Start
2016-04-13 09:06:01Z on time future report... Program END 

Create log file
2016-04-13 09:11:01Z on time future report... Program Start
2016-04-13 09:11:01Z on time future report... Program END 

Create log file
2016-04-13 09:16:01Z on time future report... Program Start
2016-04-13 09:16:01Z on time future report... Program END 

Create log file
2016-04-13 09:21:01Z on time future report... Program Start
2016-04-13 09:21:01Z on time future report... Program END 

Create log file
2016-04-13 09:26:04Z on time future report... Program Start
2016-04-13 09:26:04Z on time future report... Program END 

Create log file
2016-04-13 09:31:03Z on time future report... Program Start
2016-04-13 09:31:03Z on time future report... Program END 

Create log file
2016-04-13 09:36:04Z on time future report... Program Start
2016-04-13 09:36:04Z on time future report... Program END 

Create log file
2016-04-13 09:41:05Z on time future report... Program Start
2016-04-13 09:41:05Z on time future report... Program END 

Create log file
2016-04-13 09:46:02Z on time future report... Program Start
2016-04-13 09:46:02Z on time future report... Program END 

Create log file
2016-04-13 09:51:01Z on time future report... Program Start
2016-04-13 09:51:01Z on time future report... Program END 

Create log file
2016-04-13 09:56:01Z on time future report... Program Start
2016-04-13 09:56:01Z on time future report... Program END 

Create log file
2016-04-13 10:01:02Z on time future report... Program Start
2016-04-13 10:01:02Z on time future report... Program END 

Create log file
2016-04-13 10:01:05Z Send 國際股市==>  Program Start
2016-04-13 10:01:05Z Send 國際股市==>  Program END 

Create log file
2016-04-13 10:06:02Z on time future report... Program Start
2016-04-13 10:06:02Z on time future report... Program END 

Create log file
2016-04-13 10:11:01Z on time future report... Program Start
2016-04-13 10:11:01Z on time future report... Program END 

Create log file
2016-04-13 10:16:01Z on time future report... Program Start
2016-04-13 10:16:01Z on time future report... Program END 

Create log file
2016-04-13 10:21:01Z on time future report... Program Start
2016-04-13 10:21:01Z on time future report... Program END 

Create log file
2016-04-13 10:26:01Z on time future report... Program Start
2016-04-13 10:26:01Z on time future report... Program END 

Create log file
2016-04-13 10:31:01Z on time future report... Program Start
2016-04-13 10:31:01Z on time future report... Program END 

Create log file
2016-04-13 10:36:01Z on time future report... Program Start
2016-04-13 10:36:01Z on time future report... Program END 

Create log file
2016-04-13 10:41:02Z on time future report... Program Start
2016-04-13 10:41:02Z on time future report... Program END 

Create log file
2016-04-13 10:46:02Z on time future report... Program Start
2016-04-13 10:46:02Z on time future report... Program END 

Create log file
2016-04-13 10:51:01Z on time future report... Program Start
2016-04-13 10:51:01Z on time future report... Program END 

Create log file
2016-04-13 10:56:01Z on time future report... Program Start
2016-04-13 10:56:01Z on time future report... Program END 

Create log file
2016-04-13 11:01:02Z on time future report... Program Start
2016-04-13 11:01:02Z on time future report... Program END 

Create log file
2016-04-13 11:01:05Z Send 國際股市==>  Program Start
2016-04-13 11:01:05Z Send 國際股市==>  Program END 

Create log file
2016-04-13 11:06:01Z on time future report... Program Start
2016-04-13 11:06:01Z on time future report... Program END 

Create log file
2016-04-13 11:11:01Z on time future report... Program Start
2016-04-13 11:11:01Z on time future report... Program END 

Create log file
2016-04-13 11:16:02Z on time future report... Program Start
2016-04-13 11:16:02Z on time future report... Program END 

Create log file
2016-04-13 11:21:01Z on time future report... Program Start
2016-04-13 11:21:01Z on time future report... Program END 

Create log file
2016-04-13 11:26:01Z on time future report... Program Start
2016-04-13 11:26:01Z on time future report... Program END 

Create log file
2016-04-13 11:31:01Z on time future report... Program Start
2016-04-13 11:31:01Z on time future report... Program END 

Create log file
2016-04-13 11:36:01Z on time future report... Program Start
2016-04-13 11:36:01Z on time future report... Program END 

Create log file
2016-04-13 11:41:01Z on time future report... Program Start
2016-04-13 11:41:01Z on time future report... Program END 

Create log file
2016-04-13 11:46:01Z on time future report... Program Start
2016-04-13 11:46:01Z on time future report... Program END 

Create log file
2016-04-13 11:51:01Z on time future report... Program Start
2016-04-13 11:51:01Z on time future report... Program END 

Create log file
2016-04-13 11:56:02Z on time future report... Program Start
2016-04-13 11:56:02Z on time future report... Program END 

Create log file
2016-04-13 12:01:02Z on time future report... Program Start
2016-04-13 12:01:02Z on time future report... Program END 

Create log file
2016-04-13 12:01:05Z Send 國際股市==>  Program Start
2016-04-13 12:01:05Z Send 國際股市==>  Program END 

Create log file
2016-04-13 12:06:01Z on time future report... Program Start
2016-04-13 12:06:01Z on time future report... Program END 

Create log file
2016-04-13 12:11:00Z on time future report... Program Start
2016-04-13 12:11:00Z on time future report... Program END 

Create log file
2016-04-13 12:16:01Z on time future report... Program Start
2016-04-13 12:16:01Z on time future report... Program END 

Create log file
2016-04-13 12:21:01Z on time future report... Program Start
2016-04-13 12:21:01Z on time future report... Program END 

Create log file
2016-04-13 12:26:01Z on time future report... Program Start
2016-04-13 12:26:01Z on time future report... Program END 

Create log file
2016-04-13 12:31:01Z on time future report... Program Start
2016-04-13 12:31:01Z on time future report... Program END 

Create log file
2016-04-13 12:36:01Z on time future report... Program Start
2016-04-13 12:36:01Z on time future report... Program END 

Create log file
2016-04-13 12:41:01Z on time future report... Program Start
2016-04-13 12:41:01Z on time future report... Program END 

Create log file
2016-04-13 12:46:01Z on time future report... Program Start
2016-04-13 12:46:01Z on time future report... Program END 

Create log file
2016-04-13 12:56:00Z on time future report... Program Start
2016-04-13 12:56:00Z on time future report... Program END 

Create log file
2016-04-13 13:01:02Z on time future report... Program Start
2016-04-13 13:01:02Z on time future report... Program END 

Create log file
2016-04-13 13:01:04Z Send 國際股市==>  Program Start
2016-04-13 13:01:04Z Send 國際股市==>  Program END 

Create log file
2016-04-13 13:06:01Z on time future report... Program Start
2016-04-13 13:06:01Z on time future report... Program END 

Create log file
2016-04-13 13:11:01Z on time future report... Program Start
2016-04-13 13:11:01Z on time future report... Program END 

Create log file
2016-04-13 13:16:03Z on time future report... Program Start
2016-04-13 13:16:03Z on time future report... Program END 

Create log file
2016-04-13 13:21:00Z on time future report... Program Start
2016-04-13 13:21:00Z on time future report... Program END 

Create log file
2016-04-13 13:26:05Z on time future report... Program Start
2016-04-13 13:26:05Z on time future report... Program END 

Create log file
2016-04-13 13:31:01Z on time future report... Program Start
2016-04-13 13:31:01Z on time future report... Program END 

Create log file
2016-04-13 13:36:01Z on time future report... Program Start
2016-04-13 13:36:01Z on time future report... Program END 

Create log file
2016-04-13 13:41:03Z on time future report... Program Start
2016-04-13 13:41:03Z on time future report... Program END 

Create log file
2016-04-13 13:46:01Z on time future report... Program Start
2016-04-13 13:46:01Z on time future report... Program END 

Create log file
2016-04-13 14:01:03Z Send 國際股市==>  Program Start
2016-04-13 14:01:03Z Send 國際股市==>  Program END 

Create log file
2016-04-13 15:01:04Z Send 國際股市==>  Program Start
2016-04-13 15:01:04Z Send 國際股市==>  Program END 

Create log file
2016-04-13 15:50:19Z option_insert_daily Program Start
2016-04-13 15:50:19Z option_insert_daily Program END 

Create log file
2016-04-13 15:56:26Z Send Option_OIV_daily Program Start
2016-04-13 15:56:26Z Send Option_OIV_daily Program END 

Create log file
2016-04-13 16:01:03Z Send 國際股市==>  Program Start
2016-04-13 16:01:03Z Send 國際股市==>  Program END 

Create log file
2016-04-13 17:01:04Z Send 國際股市==>  Program Start
2016-04-13 17:01:04Z Send 國際股市==>  Program END 

Create log file
2016-04-13 18:01:03Z Send 國際股市==>  Program Start
2016-04-13 18:01:03Z Send 國際股市==>  Program END 

Create log file
2016-04-13 18:01:30Z Send 國際股市==>  Program Start
2016-04-13 18:01:30Z Send 國際股市==>  Program END 

Create log file
2016-04-13 18:01:52Z Send 國際股市==>  Program Start
2016-04-13 18:01:52Z Send 國際股市==>  Program END 

Create log file
2016-04-13 18:02:14Z Send 國際股市==>  Program Start
2016-04-13 18:02:14Z Send 國際股市==>  Program END 

Create log file
2016-04-13 18:02:38Z Send 國際股市==>  Program Start
2016-04-13 18:02:38Z Send 國際股市==>  Program END 

Create log file
2016-04-13 19:01:04Z Send 國際股市==>  Program Start
2016-04-13 19:01:04Z Send 國際股市==>  Program END 

Create log file
2016-04-13 19:01:30Z Send 國際股市==>  Program Start
2016-04-13 19:01:30Z Send 國際股市==>  Program END 

Create log file
2016-04-13 19:01:53Z Send 國際股市==>  Program Start
2016-04-13 19:01:53Z Send 國際股市==>  Program END 

Create log file
2016-04-13 19:02:15Z Send 國際股市==>  Program Start
2016-04-13 19:02:15Z Send 國際股市==>  Program END 

Create log file
2016-04-13 19:04:41Z Send 國際股市==>  Program Start
2016-04-13 19:04:41Z Send 國際股市==>  Program END 

Create log file
2016-04-13 19:05:08Z Send 國際股市==>  Program Start
2016-04-13 19:05:08Z Send 國際股市==>  Program END 

Create log file
2016-04-13 19:05:31Z Send 國際股市==>  Program Start
2016-04-13 19:05:31Z Send 國際股市==>  Program END 

Create log file
2016-04-13 20:01:04Z Send 國際股市==>  Program Start
2016-04-13 20:01:04Z Send 國際股市==>  Program END 

Create log file
2016-04-13 20:10:04Z stock_data_daily_create_file Program Start
2016-04-13 20:10:04Z stock_data_daily_create_file Program END 

Create log file
2016-04-13 20:20:12Z stock_data_insert_daily Program Start
2016-04-13 20:20:12Z stock_data_insert_daily Program END 

Create log file
2016-04-13 20:30:13Z Send 股市氣象台電子報-今日我最夯<==Strong_UP==>  Program Start
2016-04-13 20:30:13Z Send 股市氣象台電子報-今日我最夯<==Strong_UP==>  Program END 

Create log file
2016-04-13 21:01:03Z Send 國際股市==>  Program Start
2016-04-13 21:01:03Z Send 國際股市==>  Program END 

Create log file
2016-04-13 22:01:05Z Send 國際股市==>  Program Start
2016-04-13 22:01:05Z Send 國際股市==>  Program END 

Create log file
2016-04-13 22:01:32Z Send 國際股市==>  Program Start
2016-04-13 22:01:32Z Send 國際股市==>  Program END 

Create log file
2016-04-13 22:01:55Z Send 國際股市==>  Program Start
2016-04-13 22:01:55Z Send 國際股市==>  Program END 

Create log file
2016-04-13 23:01:01Z Send 國際股市==>  Program Start
2016-04-13 23:01:01Z Send 國際股市==>  Program END 

Create log file
2016-04-13 23:57:11Z Query Stock_id is 2002 Program Start
2016-04-13 23:57:11Z Query Stock_id is 2002 Program END 

Create log file
2016-04-13 23:57:11Z Query Stock_id is 2409 Program Start
2016-04-13 23:57:11Z Query Stock_id is 2409 Program END 

Create log file
2016-04-13 23:57:11Z Query Stock_id is 2330 Program Start
2016-04-13 23:57:11Z Query Stock_id is 2330 Program END 

Create log file
2016-04-13 23:57:12Z Query Stock_id is 2883 Program Start
2016-04-13 23:57:12Z Query Stock_id is 2883 Program END 

Create log file
2016-04-13 23:57:12Z Query Stock_id is 2317 Program Start
2016-04-13 23:57:12Z Query Stock_id is 2317 Program END 

Create log file
2016-04-13 23:57:12Z Query Stock_id is 3481 Program Start
2016-04-13 23:57:12Z Query Stock_id is 3481 Program END 

Create log file
2016-04-13 23:57:12Z Query Stock_id is 1101 Program Start
2016-04-13 23:57:12Z Query Stock_id is 1101 Program END 

Create log file
2016-04-13 23:57:12Z Query Stock_id is 2474 Program Start
2016-04-13 23:57:12Z Query Stock_id is 2474 Program END 

Create log file
2016-04-13 23:57:12Z Query Stock_id is 9907 Program Start
2016-04-13 23:57:12Z Query Stock_id is 9907 Program END 

Create log file
2016-04-13 23:57:13Z Query Stock_id is 2880 Program Start
2016-04-13 23:57:13Z Query Stock_id is 2880 Program END 

Create log file
2016-04-13 23:57:13Z Query Stock_id is 2886 Program Start
2016-04-13 23:57:13Z Query Stock_id is 2886 Program END 

Create log file
2016-04-13 23:57:13Z Query Stock_id is 2324 Program Start
2016-04-13 23:57:13Z Query Stock_id is 2324 Program END 

Create log file
2016-04-13 23:57:13Z Query Stock_id is 1326 Program Start
2016-04-13 23:57:13Z Query Stock_id is 1326 Program END 

Create log file
2016-04-13 23:57:13Z Query Stock_id is 1301 Program Start
2016-04-13 23:57:13Z Query Stock_id is 1301 Program END 

Create log file
2016-04-13 23:57:13Z Query Stock_id is 2890 Program Start
2016-04-13 23:57:13Z Query Stock_id is 2890 Program END 

Create log file
2016-04-13 23:57:14Z Query Stock_id is 2105 Program Start
2016-04-13 23:57:14Z Query Stock_id is 2105 Program END 

Create log file
2016-04-13 23:57:14Z Query Stock_id is 2542 Program Start
2016-04-13 23:57:14Z Query Stock_id is 2542 Program END 

Create log file
2016-04-13 23:57:14Z Query Stock_id is 2489 Program Start
2016-04-13 23:57:14Z Query Stock_id is 2489 Program END 

Create log file
2016-04-13 23:57:14Z Query Stock_id is 6274 Program Start
2016-04-13 23:57:14Z Query Stock_id is 6274 Program END 

Create log file
2016-04-13 23:57:14Z Query Stock_id is 2324 Program Start
2016-04-13 23:57:14Z Query Stock_id is 2324 Program END 

Create log file
2016-04-13 23:57:14Z Query Stock_id is 2409 Program Start
2016-04-13 23:57:14Z Query Stock_id is 2409 Program END 

