Create log file
2016-02-24 00:01:03Z Send 國際股市==>  Program Start
2016-02-24 00:01:03Z Send 國際股市==>  Program END 

Create log file
2016-02-24 00:39:33Z Query Stock_id is 2485 Program Start
2016-02-24 00:39:33Z Query Stock_id is 2485 Program END 

Create log file
2016-02-24 00:39:33Z Query Stock_id is 2311 Program Start
2016-02-24 00:39:33Z Query Stock_id is 2311 Program END 

Create log file
2016-02-24 00:39:33Z Query Stock_id is 3514 Program Start
2016-02-24 00:39:33Z Query Stock_id is 3514 Program END 

Create log file
2016-02-24 00:39:33Z Query Stock_id is 3037 Program Start
2016-02-24 00:39:33Z Query Stock_id is 3037 Program END 

Create log file
2016-02-24 00:39:33Z Query Stock_id is 9945 Program Start
2016-02-24 00:39:33Z Query Stock_id is 9945 Program END 

Create log file
2016-02-24 00:39:33Z Query Stock_id is 2301 Program Start
2016-02-24 00:39:33Z Query Stock_id is 2301 Program END 

Create log file
2016-02-24 00:39:34Z Query Stock_id is 2449 Program Start
2016-02-24 00:39:34Z Query Stock_id is 2449 Program END 

Create log file
2016-02-24 00:39:34Z Query Stock_id is 2892 Program Start
2016-02-24 00:39:34Z Query Stock_id is 2892 Program END 

Create log file
2016-02-24 00:39:34Z Query Stock_id is 2886 Program Start
2016-02-24 00:39:34Z Query Stock_id is 2886 Program END 

Create log file
2016-02-24 00:39:34Z Query Stock_id is 2303 Program Start
2016-02-24 00:39:34Z Query Stock_id is 2303 Program END 

Create log file
2016-02-24 00:39:34Z Query Stock_id is 1216 Program Start
2016-02-24 00:39:34Z Query Stock_id is 1216 Program END 

Create log file
2016-02-24 00:39:35Z Query Stock_id is 2610 Program Start
2016-02-24 00:39:35Z Query Stock_id is 2610 Program END 

Create log file
2016-02-24 00:39:35Z Query Stock_id is 2344 Program Start
2016-02-24 00:39:35Z Query Stock_id is 2344 Program END 

Create log file
2016-02-24 00:39:35Z Query Stock_id is 5347 Program Start
2016-02-24 00:39:35Z Query Stock_id is 5347 Program END 

Create log file
2016-02-24 01:01:04Z Send 國際股市==>  Program Start
2016-02-24 01:01:04Z Send 國際股市==>  Program END 

Create log file
2016-02-24 08:01:03Z Send 國際股市==>  Program Start
2016-02-24 08:01:03Z Send 國際股市==>  Program END 

Create log file
2016-02-24 08:01:29Z Send 國際股市==>  Program Start
2016-02-24 08:01:29Z Send 國際股市==>  Program END 

Create log file
2016-02-24 08:01:52Z Send 國際股市==>  Program Start
2016-02-24 08:01:52Z Send 國際股市==>  Program END 

Create log file
2016-02-24 08:46:04Z on time future report... Program Start
2016-02-24 08:46:04Z on time future report... Program END 

Create log file
2016-02-24 08:51:03Z on time future report... Program Start
2016-02-24 08:51:03Z on time future report... Program END 

Create log file
2016-02-24 08:56:06Z on time future report... Program Start
2016-02-24 08:56:06Z on time future report... Program END 

Create log file
2016-02-24 09:01:03Z Send 國際股市==>  Program Start
2016-02-24 09:01:03Z Send 國際股市==>  Program END 

Create log file
2016-02-24 09:01:05Z on time future report... Program Start
2016-02-24 09:01:05Z on time future report... Program END 

Create log file
2016-02-24 09:06:04Z on time future report... Program Start
2016-02-24 09:06:04Z on time future report... Program END 

Create log file
2016-02-24 09:16:01Z on time future report... Program Start
2016-02-24 09:16:01Z on time future report... Program END 

Create log file
2016-02-24 09:21:01Z on time future report... Program Start
2016-02-24 09:21:01Z on time future report... Program END 

Create log file
2016-02-24 09:31:03Z on time future report... Program Start
2016-02-24 09:31:03Z on time future report... Program END 

Create log file
2016-02-24 09:36:01Z on time future report... Program Start
2016-02-24 09:36:01Z on time future report... Program END 

Create log file
2016-02-24 09:41:02Z on time future report... Program Start
2016-02-24 09:41:02Z on time future report... Program END 

Create log file
2016-02-24 09:46:02Z on time future report... Program Start
2016-02-24 09:46:02Z on time future report... Program END 

Create log file
2016-02-24 09:51:02Z on time future report... Program Start
2016-02-24 09:51:02Z on time future report... Program END 

Create log file
2016-02-24 09:56:02Z on time future report... Program Start
2016-02-24 09:56:02Z on time future report... Program END 

Create log file
2016-02-24 10:01:01Z Send 國際股市==>  Program Start
2016-02-24 10:01:01Z Send 國際股市==>  Program END 

Create log file
2016-02-24 10:01:31Z on time future report... Program Start
2016-02-24 10:01:31Z on time future report... Program END 

Create log file
2016-02-24 10:06:01Z on time future report... Program Start
2016-02-24 10:06:01Z on time future report... Program END 

Create log file
2016-02-24 10:11:01Z on time future report... Program Start
2016-02-24 10:11:01Z on time future report... Program END 

Create log file
2016-02-24 10:16:04Z on time future report... Program Start
2016-02-24 10:16:04Z on time future report... Program END 

Create log file
2016-02-24 10:21:04Z on time future report... Program Start
2016-02-24 10:21:04Z on time future report... Program END 

Create log file
2016-02-24 10:26:01Z on time future report... Program Start
2016-02-24 10:26:01Z on time future report... Program END 

Create log file
2016-02-24 10:31:01Z on time future report... Program Start
2016-02-24 10:31:01Z on time future report... Program END 

Create log file
2016-02-24 10:36:01Z on time future report... Program Start
2016-02-24 10:36:01Z on time future report... Program END 

Create log file
2016-02-24 10:41:01Z on time future report... Program Start
2016-02-24 10:41:01Z on time future report... Program END 

Create log file
2016-02-24 10:46:01Z on time future report... Program Start
2016-02-24 10:46:01Z on time future report... Program END 

Create log file
2016-02-24 10:51:01Z on time future report... Program Start
2016-02-24 10:51:01Z on time future report... Program END 

Create log file
2016-02-24 10:56:01Z on time future report... Program Start
2016-02-24 10:56:01Z on time future report... Program END 

Create log file
2016-02-24 11:01:01Z Send 國際股市==>  Program Start
2016-02-24 11:01:01Z Send 國際股市==>  Program END 

Create log file
2016-02-24 11:01:21Z on time future report... Program Start
2016-02-24 11:01:21Z on time future report... Program END 

Create log file
2016-02-24 11:06:01Z on time future report... Program Start
2016-02-24 11:06:01Z on time future report... Program END 

Create log file
2016-02-24 11:11:03Z on time future report... Program Start
2016-02-24 11:11:03Z on time future report... Program END 

Create log file
2016-02-24 11:16:04Z on time future report... Program Start
2016-02-24 11:16:04Z on time future report... Program END 

Create log file
2016-02-24 11:21:06Z on time future report... Program Start
2016-02-24 11:21:06Z on time future report... Program END 

Create log file
2016-02-24 11:26:03Z on time future report... Program Start
2016-02-24 11:26:03Z on time future report... Program END 

Create log file
2016-02-24 11:31:04Z on time future report... Program Start
2016-02-24 11:31:04Z on time future report... Program END 

Create log file
2016-02-24 11:36:03Z on time future report... Program Start
2016-02-24 11:36:03Z on time future report... Program END 

Create log file
2016-02-24 11:41:03Z on time future report... Program Start
2016-02-24 11:41:03Z on time future report... Program END 

Create log file
2016-02-24 11:46:03Z on time future report... Program Start
2016-02-24 11:46:03Z on time future report... Program END 

Create log file
2016-02-24 11:51:07Z on time future report... Program Start
2016-02-24 11:51:07Z on time future report... Program END 

Create log file
2016-02-24 11:56:04Z on time future report... Program Start
2016-02-24 11:56:04Z on time future report... Program END 

Create log file
2016-02-24 12:01:03Z Send 國際股市==>  Program Start
2016-02-24 12:01:03Z Send 國際股市==>  Program END 

Create log file
2016-02-24 12:01:04Z on time future report... Program Start
2016-02-24 12:01:04Z on time future report... Program END 

Create log file
2016-02-24 12:06:01Z on time future report... Program Start
2016-02-24 12:06:01Z on time future report... Program END 

Create log file
2016-02-24 12:11:01Z on time future report... Program Start
2016-02-24 12:11:01Z on time future report... Program END 

Create log file
2016-02-24 12:16:01Z on time future report... Program Start
2016-02-24 12:16:01Z on time future report... Program END 

Create log file
2016-02-24 12:21:01Z on time future report... Program Start
2016-02-24 12:21:01Z on time future report... Program END 

Create log file
2016-02-24 12:26:01Z on time future report... Program Start
2016-02-24 12:26:01Z on time future report... Program END 

Create log file
2016-02-24 12:31:01Z on time future report... Program Start
2016-02-24 12:31:01Z on time future report... Program END 

Create log file
2016-02-24 12:36:01Z on time future report... Program Start
2016-02-24 12:36:01Z on time future report... Program END 

Create log file
2016-02-24 12:41:01Z on time future report... Program Start
2016-02-24 12:41:01Z on time future report... Program END 

Create log file
2016-02-24 12:46:01Z on time future report... Program Start
2016-02-24 12:46:01Z on time future report... Program END 

Create log file
2016-02-24 12:51:01Z on time future report... Program Start
2016-02-24 12:51:01Z on time future report... Program END 

Create log file
2016-02-24 12:56:01Z on time future report... Program Start
2016-02-24 12:56:01Z on time future report... Program END 

Create log file
2016-02-24 13:01:01Z on time future report... Program Start
2016-02-24 13:01:01Z on time future report... Program END 

Create log file
2016-02-24 13:01:02Z Send 國際股市==>  Program Start
2016-02-24 13:01:02Z Send 國際股市==>  Program END 

Create log file
2016-02-24 13:06:02Z on time future report... Program Start
2016-02-24 13:06:02Z on time future report... Program END 

Create log file
2016-02-24 13:11:01Z on time future report... Program Start
2016-02-24 13:11:01Z on time future report... Program END 

Create log file
2016-02-24 13:16:04Z on time future report... Program Start
2016-02-24 13:16:04Z on time future report... Program END 

Create log file
2016-02-24 13:21:01Z on time future report... Program Start
2016-02-24 13:21:01Z on time future report... Program END 

Create log file
2016-02-24 13:26:01Z on time future report... Program Start
2016-02-24 13:26:01Z on time future report... Program END 

Create log file
2016-02-24 13:31:05Z on time future report... Program Start
2016-02-24 13:31:05Z on time future report... Program END 

Create log file
2016-02-24 13:36:03Z on time future report... Program Start
2016-02-24 13:36:03Z on time future report... Program END 

Create log file
2016-02-24 13:41:03Z on time future report... Program Start
2016-02-24 13:41:03Z on time future report... Program END 

Create log file
2016-02-24 13:46:03Z on time future report... Program Start
2016-02-24 13:46:03Z on time future report... Program END 

Create log file
2016-02-24 14:01:03Z Send 國際股市==>  Program Start
2016-02-24 14:01:03Z Send 國際股市==>  Program END 

Create log file
2016-02-24 15:01:03Z Send 國際股市==>  Program Start
2016-02-24 15:01:03Z Send 國際股市==>  Program END 

Create log file
2016-02-24 15:50:24Z option_insert_daily Program Start
2016-02-24 15:50:24Z option_insert_daily Program END 

Create log file
2016-02-24 15:56:20Z Send Option_OIV_daily Program Start
2016-02-24 15:56:20Z Send Option_OIV_daily Program END 

Create log file
2016-02-24 16:01:03Z Send 國際股市==>  Program Start
2016-02-24 16:01:03Z Send 國際股市==>  Program END 

Create log file
2016-02-24 17:01:03Z Send 國際股市==>  Program Start
2016-02-24 17:01:03Z Send 國際股市==>  Program END 

Create log file
2016-02-24 18:01:03Z Send 國際股市==>  Program Start
2016-02-24 18:01:03Z Send 國際股市==>  Program END 

Create log file
2016-02-24 18:01:29Z Send 國際股市==>  Program Start
2016-02-24 18:01:29Z Send 國際股市==>  Program END 

Create log file
2016-02-24 18:01:51Z Send 國際股市==>  Program Start
2016-02-24 18:01:51Z Send 國際股市==>  Program END 

Create log file
2016-02-24 18:02:13Z Send 國際股市==>  Program Start
2016-02-24 18:02:13Z Send 國際股市==>  Program END 

Create log file
2016-02-24 19:01:03Z Send 國際股市==>  Program Start
2016-02-24 19:01:03Z Send 國際股市==>  Program END 

Create log file
2016-02-24 19:01:29Z Send 國際股市==>  Program Start
2016-02-24 19:01:29Z Send 國際股市==>  Program END 

Create log file
2016-02-24 19:01:53Z Send 國際股市==>  Program Start
2016-02-24 19:01:53Z Send 國際股市==>  Program END 

Create log file
2016-02-24 20:01:03Z Send 國際股市==>  Program Start
2016-02-24 20:01:03Z Send 國際股市==>  Program END 

Create log file
2016-02-24 20:10:04Z stock_data_daily_create_file Program Start
2016-02-24 20:10:04Z stock_data_daily_create_file Program END 

Create log file
2016-02-24 20:20:06Z stock_data_insert_daily Program Start
2016-02-24 20:20:06Z stock_data_insert_daily Program END 

Create log file
2016-02-24 20:30:13Z Send 股市氣象台電子報-今日我最夯<==Strong_UP==>  Program Start
2016-02-24 20:30:13Z Send 股市氣象台電子報-今日我最夯<==Strong_UP==>  Program END 

Create log file
2016-02-24 21:01:03Z Send 國際股市==>  Program Start
2016-02-24 21:01:03Z Send 國際股市==>  Program END 

Create log file
2016-02-24 21:33:55Z Query Stock_id is 2409 Program Start
2016-02-24 21:33:55Z Query Stock_id is 2409 Program END 

Create log file
2016-02-24 21:33:55Z Query Stock_id is 3231 Program Start
2016-02-24 21:33:55Z Query Stock_id is 3231 Program END 

Create log file
2016-02-24 21:33:56Z Query Stock_id is 2355 Program Start
2016-02-24 21:33:56Z Query Stock_id is 2355 Program END 

Create log file
2016-02-24 21:33:56Z Query Stock_id is 2344 Program Start
2016-02-24 21:33:56Z Query Stock_id is 2344 Program END 

Create log file
2016-02-24 21:33:56Z Query Stock_id is 2449 Program Start
2016-02-24 21:33:56Z Query Stock_id is 2449 Program END 

Create log file
2016-02-24 21:33:56Z Query Stock_id is 3037 Program Start
2016-02-24 21:33:56Z Query Stock_id is 3037 Program END 

Create log file
2016-02-24 21:33:56Z Query Stock_id is 2303 Program Start
2016-02-24 21:33:56Z Query Stock_id is 2303 Program END 

Create log file
2016-02-24 21:33:57Z Query Stock_id is 3682 Program Start
2016-02-24 21:33:57Z Query Stock_id is 3682 Program END 

Create log file
2016-02-24 21:33:57Z Query Stock_id is 1101 Program Start
2016-02-24 21:33:57Z Query Stock_id is 1101 Program END 

Create log file
2016-02-24 21:33:57Z Query Stock_id is 2886 Program Start
2016-02-24 21:33:57Z Query Stock_id is 2886 Program END 

Create log file
2016-02-24 21:33:57Z Query Stock_id is 2324 Program Start
2016-02-24 21:33:57Z Query Stock_id is 2324 Program END 

Create log file
2016-02-24 21:33:57Z Query Stock_id is 3576 Program Start
2016-02-24 21:33:57Z Query Stock_id is 3576 Program END 

Create log file
2016-02-24 21:33:57Z Query Stock_id is 2485 Program Start
2016-02-24 21:33:57Z Query Stock_id is 2485 Program END 

Create log file
2016-02-24 21:33:57Z Query Stock_id is 2311 Program Start
2016-02-24 21:33:57Z Query Stock_id is 2311 Program END 

Create log file
2016-02-24 21:33:58Z Query Stock_id is 3514 Program Start
2016-02-24 21:33:58Z Query Stock_id is 3514 Program END 

Create log file
2016-02-24 21:33:58Z Query Stock_id is 3037 Program Start
2016-02-24 21:33:58Z Query Stock_id is 3037 Program END 

Create log file
2016-02-24 21:33:58Z Query Stock_id is 9945 Program Start
2016-02-24 21:33:58Z Query Stock_id is 9945 Program END 

Create log file
2016-02-24 21:33:58Z Query Stock_id is 2301 Program Start
2016-02-24 21:33:58Z Query Stock_id is 2301 Program END 

Create log file
2016-02-24 21:33:58Z Query Stock_id is 2449 Program Start
2016-02-24 21:33:58Z Query Stock_id is 2449 Program END 

Create log file
2016-02-24 21:33:59Z Query Stock_id is 2892 Program Start
2016-02-24 21:33:59Z Query Stock_id is 2892 Program END 

Create log file
2016-02-24 21:33:59Z Query Stock_id is 2886 Program Start
2016-02-24 21:33:59Z Query Stock_id is 2886 Program END 

Create log file
2016-02-24 21:33:59Z Query Stock_id is 2303 Program Start
2016-02-24 21:33:59Z Query Stock_id is 2303 Program END 

Create log file
2016-02-24 21:33:59Z Query Stock_id is 1216 Program Start
2016-02-24 21:33:59Z Query Stock_id is 1216 Program END 

Create log file
2016-02-24 21:33:59Z Query Stock_id is 2610 Program Start
2016-02-24 21:33:59Z Query Stock_id is 2610 Program END 

Create log file
2016-02-24 21:33:59Z Query Stock_id is 2344 Program Start
2016-02-24 21:33:59Z Query Stock_id is 2344 Program END 

Create log file
2016-02-24 21:34:00Z Query Stock_id is 5347 Program Start
2016-02-24 21:34:00Z Query Stock_id is 5347 Program END 

Create log file
2016-02-24 22:01:01Z Send 國際股市==>  Program Start
2016-02-24 22:01:01Z Send 國際股市==>  Program END 

Create log file
2016-02-24 23:01:01Z Send 國際股市==>  Program Start
2016-02-24 23:01:01Z Send 國際股市==>  Program END 

