Create log file
2016-05-14 00:01:03Z Send 國際股市==>  Program Start
2016-05-14 00:01:03Z Send 國際股市==>  Program END 

Create log file
2016-05-14 01:01:04Z Send 國際股市==>  Program Start
2016-05-14 01:01:04Z Send 國際股市==>  Program END 

Create log file
2016-05-14 19:19:01Z Query Stock_id is 2408 Program Start
2016-05-14 19:19:01Z Query Stock_id is 2408 Program END 

Create log file
2016-05-14 19:19:01Z Query Stock_id is 1216 Program Start
2016-05-14 19:19:01Z Query Stock_id is 1216 Program END 

Create log file
2016-05-14 19:19:01Z Query Stock_id is 2105 Program Start
2016-05-14 19:19:01Z Query Stock_id is 2105 Program END 

Create log file
2016-05-14 19:19:01Z Query Stock_id is 2301 Program Start
2016-05-14 19:19:01Z Query Stock_id is 2301 Program END 

Create log file
2016-05-14 19:19:02Z Query Stock_id is 2880 Program Start
2016-05-14 19:19:02Z Query Stock_id is 2880 Program END 

Create log file
2016-05-14 19:19:02Z Query Stock_id is 3474 Program Start
2016-05-14 19:19:02Z Query Stock_id is 3474 Program END 

Create log file
2016-05-14 19:19:02Z Query Stock_id is 1605 Program Start
2016-05-14 19:19:02Z Query Stock_id is 1605 Program END 

Create log file
2016-05-14 19:19:02Z Query Stock_id is 2345 Program Start
2016-05-14 19:19:02Z Query Stock_id is 2345 Program END 

