Create log file
2016-06-23 00:01:01Z Send 國際股市==>  Program Start
2016-06-23 00:01:01Z Send 國際股市==>  Program END 

Create log file
2016-06-23 01:01:01Z Send 國際股市==>  Program Start
2016-06-23 01:01:01Z Send 國際股市==>  Program END 

Create log file
2016-06-23 08:01:01Z Send 國際股市==>  Program Start
2016-06-23 08:01:01Z Send 國際股市==>  Program END 

Create log file
2016-06-23 08:01:26Z Send 國際股市==>  Program Start
2016-06-23 08:01:26Z Send 國際股市==>  Program END 

Create log file
2016-06-23 08:01:48Z Send 國際股市==>  Program Start
2016-06-23 08:01:48Z Send 國際股市==>  Program END 

Create log file
2016-06-23 08:02:11Z Send 國際股市==>  Program Start
2016-06-23 08:02:11Z Send 國際股市==>  Program END 

Create log file
2016-06-23 08:46:04Z on time future report... Program Start
2016-06-23 08:46:04Z on time future report... Program END 

Create log file
2016-06-23 08:51:03Z on time future report... Program Start
2016-06-23 08:51:03Z on time future report... Program END 

Create log file
2016-06-23 08:56:05Z on time future report... Program Start
2016-06-23 08:56:05Z on time future report... Program END 

Create log file
2016-06-23 09:01:02Z Send 國際股市==>  Program Start
2016-06-23 09:01:02Z Send 國際股市==>  Program END 

Create log file
2016-06-23 09:01:04Z on time future report... Program Start
2016-06-23 09:01:04Z on time future report... Program END 

Create log file
2016-06-23 09:06:07Z on time future report... Program Start
2016-06-23 09:06:07Z on time future report... Program END 

Create log file
2016-06-23 09:11:03Z on time future report... Program Start
2016-06-23 09:11:03Z on time future report... Program END 

Create log file
2016-06-23 09:16:03Z on time future report... Program Start
2016-06-23 09:16:03Z on time future report... Program END 

Create log file
2016-06-23 09:21:03Z on time future report... Program Start
2016-06-23 09:21:03Z on time future report... Program END 

Create log file
2016-06-23 09:26:03Z on time future report... Program Start
2016-06-23 09:26:03Z on time future report... Program END 

Create log file
2016-06-23 09:31:03Z on time future report... Program Start
2016-06-23 09:31:03Z on time future report... Program END 

Create log file
2016-06-23 09:36:04Z on time future report... Program Start
2016-06-23 09:36:04Z on time future report... Program END 

Create log file
2016-06-23 09:41:03Z on time future report... Program Start
2016-06-23 09:41:03Z on time future report... Program END 

Create log file
2016-06-23 09:46:03Z on time future report... Program Start
2016-06-23 09:46:03Z on time future report... Program END 

Create log file
2016-06-23 09:51:05Z on time future report... Program Start
2016-06-23 09:51:05Z on time future report... Program END 

Create log file
2016-06-23 09:56:03Z on time future report... Program Start
2016-06-23 09:56:03Z on time future report... Program END 

Create log file
2016-06-23 10:01:01Z Send 國際股市==>  Program Start
2016-06-23 10:01:01Z Send 國際股市==>  Program END 

Create log file
2016-06-23 10:01:04Z on time future report... Program Start
2016-06-23 10:01:04Z on time future report... Program END 

Create log file
2016-06-23 10:06:03Z on time future report... Program Start
2016-06-23 10:06:03Z on time future report... Program END 

Create log file
2016-06-23 10:11:03Z on time future report... Program Start
2016-06-23 10:11:03Z on time future report... Program END 

Create log file
2016-06-23 10:16:05Z on time future report... Program Start
2016-06-23 10:16:05Z on time future report... Program END 

Create log file
2016-06-23 10:26:01Z on time future report... Program Start
2016-06-23 10:26:01Z on time future report... Program END 

Create log file
2016-06-23 10:31:02Z on time future report... Program Start
2016-06-23 10:31:02Z on time future report... Program END 

Create log file
2016-06-23 10:36:00Z on time future report... Program Start
2016-06-23 10:36:00Z on time future report... Program END 

Create log file
2016-06-23 10:41:01Z on time future report... Program Start
2016-06-23 10:41:01Z on time future report... Program END 

Create log file
2016-06-23 10:46:01Z on time future report... Program Start
2016-06-23 10:46:01Z on time future report... Program END 

Create log file
2016-06-23 10:51:01Z on time future report... Program Start
2016-06-23 10:51:01Z on time future report... Program END 

Create log file
2016-06-23 10:56:01Z on time future report... Program Start
2016-06-23 10:56:01Z on time future report... Program END 

Create log file
2016-06-23 11:01:02Z Send 國際股市==>  Program Start
2016-06-23 11:01:02Z Send 國際股市==>  Program END 

Create log file
2016-06-23 11:01:03Z on time future report... Program Start
2016-06-23 11:01:03Z on time future report... Program END 

Create log file
2016-06-23 11:06:04Z on time future report... Program Start
2016-06-23 11:06:04Z on time future report... Program END 

Create log file
2016-06-23 11:11:00Z on time future report... Program Start
2016-06-23 11:11:00Z on time future report... Program END 

Create log file
2016-06-23 11:16:00Z on time future report... Program Start
2016-06-23 11:16:01Z on time future report... Program END 

Create log file
2016-06-23 11:21:00Z on time future report... Program Start
2016-06-23 11:21:00Z on time future report... Program END 

Create log file
2016-06-23 11:26:01Z on time future report... Program Start
2016-06-23 11:26:01Z on time future report... Program END 

Create log file
2016-06-23 11:31:01Z on time future report... Program Start
2016-06-23 11:31:01Z on time future report... Program END 

Create log file
2016-06-23 11:36:00Z on time future report... Program Start
2016-06-23 11:36:00Z on time future report... Program END 

Create log file
2016-06-23 11:46:00Z on time future report... Program Start
2016-06-23 11:46:00Z on time future report... Program END 

Create log file
2016-06-23 11:51:00Z on time future report... Program Start
2016-06-23 11:51:00Z on time future report... Program END 

Create log file
2016-06-23 11:56:00Z on time future report... Program Start
2016-06-23 11:56:00Z on time future report... Program END 

Create log file
2016-06-23 12:01:02Z on time future report... Program Start
2016-06-23 12:01:02Z on time future report... Program END 

Create log file
2016-06-23 12:01:02Z Send 國際股市==>  Program Start
2016-06-23 12:01:02Z Send 國際股市==>  Program END 

Create log file
2016-06-23 12:06:06Z on time future report... Program Start
2016-06-23 12:06:06Z on time future report... Program END 

Create log file
2016-06-23 12:11:02Z on time future report... Program Start
2016-06-23 12:11:02Z on time future report... Program END 

Create log file
2016-06-23 12:16:02Z on time future report... Program Start
2016-06-23 12:16:02Z on time future report... Program END 

Create log file
2016-06-23 12:16:16Z Query Stock_id is 1704 Program Start
2016-06-23 12:16:16Z Query Stock_id is 1704 Program END 

Create log file
2016-06-23 12:16:16Z Query Stock_id is 2317 Program Start
2016-06-23 12:16:16Z Query Stock_id is 2317 Program END 

Create log file
2016-06-23 12:16:16Z Query Stock_id is 2498 Program Start
2016-06-23 12:16:16Z Query Stock_id is 2498 Program END 

Create log file
2016-06-23 12:16:16Z Query Stock_id is 1102 Program Start
2016-06-23 12:16:16Z Query Stock_id is 1102 Program END 

Create log file
2016-06-23 12:16:16Z Query Stock_id is 2881 Program Start
2016-06-23 12:16:16Z Query Stock_id is 2881 Program END 

Create log file
2016-06-23 12:16:17Z Query Stock_id is 2353 Program Start
2016-06-23 12:16:17Z Query Stock_id is 2353 Program END 

Create log file
2016-06-23 12:16:17Z Query Stock_id is 2352 Program Start
2016-06-23 12:16:17Z Query Stock_id is 2352 Program END 

Create log file
2016-06-23 12:16:17Z Query Stock_id is 2887 Program Start
2016-06-23 12:16:17Z Query Stock_id is 2887 Program END 

Create log file
2016-06-23 12:16:17Z Query Stock_id is 2356 Program Start
2016-06-23 12:16:17Z Query Stock_id is 2356 Program END 

Create log file
2016-06-23 12:16:18Z Query Stock_id is 4904 Program Start
2016-06-23 12:16:18Z Query Stock_id is 4904 Program END 

Create log file
2016-06-23 12:16:18Z Query Stock_id is 1101 Program Start
2016-06-23 12:16:18Z Query Stock_id is 1101 Program END 

Create log file
2016-06-23 12:16:18Z Query Stock_id is 2884 Program Start
2016-06-23 12:16:18Z Query Stock_id is 2884 Program END 

Create log file
2016-06-23 12:16:18Z Query Stock_id is 3231 Program Start
2016-06-23 12:16:18Z Query Stock_id is 3231 Program END 

Create log file
2016-06-23 12:16:18Z Query Stock_id is 2890 Program Start
2016-06-23 12:16:18Z Query Stock_id is 2890 Program END 

Create log file
2016-06-23 12:16:19Z Query Stock_id is 2324 Program Start
2016-06-23 12:16:19Z Query Stock_id is 2324 Program END 

Create log file
2016-06-23 12:16:19Z Query Stock_id is 2892 Program Start
2016-06-23 12:16:19Z Query Stock_id is 2892 Program END 

Create log file
2016-06-23 12:16:19Z Query Stock_id is 2312 Program Start
2016-06-23 12:16:19Z Query Stock_id is 2312 Program END 

Create log file
2016-06-23 12:21:01Z on time future report... Program Start
2016-06-23 12:21:01Z on time future report... Program END 

Create log file
2016-06-23 12:26:03Z on time future report... Program Start
2016-06-23 12:26:03Z on time future report... Program END 

Create log file
2016-06-23 12:31:00Z on time future report... Program Start
2016-06-23 12:31:00Z on time future report... Program END 

Create log file
2016-06-23 12:36:01Z on time future report... Program Start
2016-06-23 12:36:01Z on time future report... Program END 

Create log file
2016-06-23 12:41:00Z on time future report... Program Start
2016-06-23 12:41:00Z on time future report... Program END 

Create log file
2016-06-23 12:46:01Z on time future report... Program Start
2016-06-23 12:46:01Z on time future report... Program END 

Create log file
2016-06-23 12:51:00Z on time future report... Program Start
2016-06-23 12:51:00Z on time future report... Program END 

Create log file
2016-06-23 12:56:01Z on time future report... Program Start
2016-06-23 12:56:01Z on time future report... Program END 

Create log file
2016-06-23 13:01:01Z on time future report... Program Start
2016-06-23 13:01:01Z on time future report... Program END 

Create log file
2016-06-23 13:01:02Z Send 國際股市==>  Program Start
2016-06-23 13:01:02Z Send 國際股市==>  Program END 

Create log file
2016-06-23 13:06:00Z on time future report... Program Start
2016-06-23 13:06:00Z on time future report... Program END 

Create log file
2016-06-23 13:11:01Z on time future report... Program Start
2016-06-23 13:11:01Z on time future report... Program END 

Create log file
2016-06-23 13:16:00Z on time future report... Program Start
2016-06-23 13:16:00Z on time future report... Program END 

Create log file
2016-06-23 13:21:00Z on time future report... Program Start
2016-06-23 13:21:00Z on time future report... Program END 

Create log file
2016-06-23 13:26:01Z on time future report... Program Start
2016-06-23 13:26:01Z on time future report... Program END 

Create log file
2016-06-23 13:31:00Z on time future report... Program Start
2016-06-23 13:31:00Z on time future report... Program END 

Create log file
2016-06-23 13:36:01Z on time future report... Program Start
2016-06-23 13:36:01Z on time future report... Program END 

Create log file
2016-06-23 13:41:00Z on time future report... Program Start
2016-06-23 13:41:00Z on time future report... Program END 

Create log file
2016-06-23 13:46:00Z on time future report... Program Start
2016-06-23 13:46:00Z on time future report... Program END 

Create log file
2016-06-23 14:01:01Z Send 國際股市==>  Program Start
2016-06-23 14:01:01Z Send 國際股市==>  Program END 

Create log file
2016-06-23 15:01:01Z Send 國際股市==>  Program Start
2016-06-23 15:01:01Z Send 國際股市==>  Program END 

Create log file
2016-06-23 15:55:47Z Send Option_OIV_daily Program Start
2016-06-23 15:55:47Z Send Option_OIV_daily Program END 

Create log file
2016-06-23 16:01:01Z Send 國際股市==>  Program Start
2016-06-23 16:01:01Z Send 國際股市==>  Program END 

Create log file
2016-06-23 17:01:01Z Send 國際股市==>  Program Start
2016-06-23 17:01:01Z Send 國際股市==>  Program END 

Create log file
2016-06-23 18:01:01Z Send 國際股市==>  Program Start
2016-06-23 18:01:01Z Send 國際股市==>  Program END 

Create log file
2016-06-23 18:01:19Z Send 國際股市==>  Program Start
2016-06-23 18:01:19Z Send 國際股市==>  Program END 

Create log file
2016-06-23 18:01:41Z Send 國際股市==>  Program Start
2016-06-23 18:01:41Z Send 國際股市==>  Program END 

Create log file
2016-06-23 18:02:03Z Send 國際股市==>  Program Start
2016-06-23 18:02:03Z Send 國際股市==>  Program END 

Create log file
2016-06-23 18:02:24Z Send 國際股市==>  Program Start
2016-06-23 18:02:24Z Send 國際股市==>  Program END 

Create log file
2016-06-23 19:01:01Z Send 國際股市==>  Program Start
2016-06-23 19:01:01Z Send 國際股市==>  Program END 

Create log file
2016-06-23 19:01:27Z Send 國際股市==>  Program Start
2016-06-23 19:01:27Z Send 國際股市==>  Program END 

Create log file
2016-06-23 19:01:51Z Send 國際股市==>  Program Start
2016-06-23 19:01:51Z Send 國際股市==>  Program END 

Create log file
2016-06-23 19:02:12Z Send 國際股市==>  Program Start
2016-06-23 19:02:12Z Send 國際股市==>  Program END 

Create log file
2016-06-23 19:02:33Z Send 國際股市==>  Program Start
2016-06-23 19:02:33Z Send 國際股市==>  Program END 

Create log file
2016-06-23 19:02:56Z Send 國際股市==>  Program Start
2016-06-23 19:02:56Z Send 國際股市==>  Program END 

Create log file
2016-06-23 20:01:01Z Send 國際股市==>  Program Start
2016-06-23 20:01:01Z Send 國際股市==>  Program END 

Create log file
2016-06-23 20:10:03Z stock_data_daily_create_file Program Start
2016-06-23 20:10:03Z stock_data_daily_create_file Program END 

Create log file
2016-06-23 20:20:03Z stock_data_insert_daily Program Start
2016-06-23 20:20:03Z stock_data_insert_daily Program END 

Create log file
2016-06-23 21:01:01Z Send 國際股市==>  Program Start
2016-06-23 21:01:01Z Send 國際股市==>  Program END 

Create log file
2016-06-23 22:01:01Z Send 國際股市==>  Program Start
2016-06-23 22:01:01Z Send 國際股市==>  Program END 

Create log file
2016-06-23 22:01:27Z Send 國際股市==>  Program Start
2016-06-23 22:01:27Z Send 國際股市==>  Program END 

Create log file
2016-06-23 22:01:49Z Send 國際股市==>  Program Start
2016-06-23 22:01:49Z Send 國際股市==>  Program END 

Create log file
2016-06-23 23:01:01Z Send 國際股市==>  Program Start
2016-06-23 23:01:01Z Send 國際股市==>  Program END 

