Create log file
2016-05-13 00:01:04Z Send 國際股市==>  Program Start
2016-05-13 00:01:04Z Send 國際股市==>  Program END 

Create log file
2016-05-13 01:01:03Z Send 國際股市==>  Program Start
2016-05-13 01:01:03Z Send 國際股市==>  Program END 

Create log file
2016-05-13 08:01:02Z Send 國際股市==>  Program Start
2016-05-13 08:01:02Z Send 國際股市==>  Program END 

Create log file
2016-05-13 08:01:28Z Send 國際股市==>  Program Start
2016-05-13 08:01:28Z Send 國際股市==>  Program END 

Create log file
2016-05-13 08:01:50Z Send 國際股市==>  Program Start
2016-05-13 08:01:50Z Send 國際股市==>  Program END 

Create log file
2016-05-13 08:02:18Z Send 國際股市==>  Program Start
2016-05-13 08:02:18Z Send 國際股市==>  Program END 

Create log file
2016-05-13 08:46:03Z on time future report... Program Start
2016-05-13 08:46:03Z on time future report... Program END 

Create log file
2016-05-13 08:51:03Z on time future report... Program Start
2016-05-13 08:51:03Z on time future report... Program END 

Create log file
2016-05-13 08:56:03Z on time future report... Program Start
2016-05-13 08:56:03Z on time future report... Program END 

Create log file
2016-05-13 09:01:03Z Send 國際股市==>  Program Start
2016-05-13 09:01:03Z Send 國際股市==>  Program END 

Create log file
2016-05-13 09:01:05Z on time future report... Program Start
2016-05-13 09:01:05Z on time future report... Program END 

Create log file
2016-05-13 09:11:02Z on time future report... Program Start
2016-05-13 09:11:02Z on time future report... Program END 

Create log file
2016-05-13 09:16:01Z on time future report... Program Start
2016-05-13 09:16:01Z on time future report... Program END 

Create log file
2016-05-13 09:21:00Z on time future report... Program Start
2016-05-13 09:21:00Z on time future report... Program END 

Create log file
2016-05-13 09:26:02Z on time future report... Program Start
2016-05-13 09:26:02Z on time future report... Program END 

Create log file
2016-05-13 09:31:01Z on time future report... Program Start
2016-05-13 09:31:01Z on time future report... Program END 

Create log file
2016-05-13 09:36:02Z on time future report... Program Start
2016-05-13 09:36:02Z on time future report... Program END 

Create log file
2016-05-13 09:41:01Z on time future report... Program Start
2016-05-13 09:41:01Z on time future report... Program END 

Create log file
2016-05-13 09:46:01Z on time future report... Program Start
2016-05-13 09:46:01Z on time future report... Program END 

Create log file
2016-05-13 09:51:00Z on time future report... Program Start
2016-05-13 09:51:00Z on time future report... Program END 

Create log file
2016-05-13 09:56:02Z on time future report... Program Start
2016-05-13 09:56:02Z on time future report... Program END 

Create log file
2016-05-13 10:01:02Z on time future report... Program Start
2016-05-13 10:01:02Z on time future report... Program END 

Create log file
2016-05-13 10:01:04Z Send 國際股市==>  Program Start
2016-05-13 10:01:04Z Send 國際股市==>  Program END 

Create log file
2016-05-13 10:06:00Z on time future report... Program Start
2016-05-13 10:06:00Z on time future report... Program END 

Create log file
2016-05-13 10:11:01Z on time future report... Program Start
2016-05-13 10:11:01Z on time future report... Program END 

Create log file
2016-05-13 10:16:04Z on time future report... Program Start
2016-05-13 10:16:04Z on time future report... Program END 

Create log file
2016-05-13 10:21:01Z on time future report... Program Start
2016-05-13 10:21:01Z on time future report... Program END 

Create log file
2016-05-13 10:26:01Z on time future report... Program Start
2016-05-13 10:26:01Z on time future report... Program END 

Create log file
2016-05-13 10:31:04Z on time future report... Program Start
2016-05-13 10:31:04Z on time future report... Program END 

Create log file
2016-05-13 10:36:01Z on time future report... Program Start
2016-05-13 10:36:01Z on time future report... Program END 

Create log file
2016-05-13 10:41:00Z on time future report... Program Start
2016-05-13 10:41:00Z on time future report... Program END 

Create log file
2016-05-13 10:46:00Z on time future report... Program Start
2016-05-13 10:46:00Z on time future report... Program END 

Create log file
2016-05-13 10:51:02Z on time future report... Program Start
2016-05-13 10:51:02Z on time future report... Program END 

Create log file
2016-05-13 10:56:00Z on time future report... Program Start
2016-05-13 10:56:00Z on time future report... Program END 

Create log file
2016-05-13 11:01:02Z on time future report... Program Start
2016-05-13 11:01:02Z on time future report... Program END 

Create log file
2016-05-13 11:01:04Z Send 國際股市==>  Program Start
2016-05-13 11:01:04Z Send 國際股市==>  Program END 

Create log file
2016-05-13 11:06:01Z on time future report... Program Start
2016-05-13 11:06:01Z on time future report... Program END 

Create log file
2016-05-13 11:11:02Z on time future report... Program Start
2016-05-13 11:11:02Z on time future report... Program END 

Create log file
2016-05-13 11:16:01Z on time future report... Program Start
2016-05-13 11:16:01Z on time future report... Program END 

Create log file
2016-05-13 11:21:02Z on time future report... Program Start
2016-05-13 11:21:02Z on time future report... Program END 

Create log file
2016-05-13 11:26:00Z on time future report... Program Start
2016-05-13 11:26:00Z on time future report... Program END 

Create log file
2016-05-13 11:31:01Z on time future report... Program Start
2016-05-13 11:31:01Z on time future report... Program END 

Create log file
2016-05-13 11:36:00Z on time future report... Program Start
2016-05-13 11:36:00Z on time future report... Program END 

Create log file
2016-05-13 11:41:01Z on time future report... Program Start
2016-05-13 11:41:01Z on time future report... Program END 

Create log file
2016-05-13 11:46:02Z on time future report... Program Start
2016-05-13 11:46:02Z on time future report... Program END 

Create log file
2016-05-13 11:51:01Z on time future report... Program Start
2016-05-13 11:51:01Z on time future report... Program END 

Create log file
2016-05-13 11:56:01Z on time future report... Program Start
2016-05-13 11:56:01Z on time future report... Program END 

Create log file
2016-05-13 12:01:03Z on time future report... Program Start
2016-05-13 12:01:03Z on time future report... Program END 

Create log file
2016-05-13 12:01:03Z Send 國際股市==>  Program Start
2016-05-13 12:01:03Z Send 國際股市==>  Program END 

Create log file
2016-05-13 12:06:00Z on time future report... Program Start
2016-05-13 12:06:00Z on time future report... Program END 

Create log file
2016-05-13 12:11:01Z on time future report... Program Start
2016-05-13 12:11:01Z on time future report... Program END 

Create log file
2016-05-13 12:16:02Z on time future report... Program Start
2016-05-13 12:16:02Z on time future report... Program END 

Create log file
2016-05-13 12:21:00Z on time future report... Program Start
2016-05-13 12:21:00Z on time future report... Program END 

Create log file
2016-05-13 12:26:01Z on time future report... Program Start
2016-05-13 12:26:01Z on time future report... Program END 

Create log file
2016-05-13 12:31:00Z on time future report... Program Start
2016-05-13 12:31:00Z on time future report... Program END 

Create log file
2016-05-13 12:36:01Z on time future report... Program Start
2016-05-13 12:36:01Z on time future report... Program END 

Create log file
2016-05-13 12:41:00Z on time future report... Program Start
2016-05-13 12:41:00Z on time future report... Program END 

Create log file
2016-05-13 12:46:01Z on time future report... Program Start
2016-05-13 12:46:01Z on time future report... Program END 

Create log file
2016-05-13 12:51:01Z on time future report... Program Start
2016-05-13 12:51:01Z on time future report... Program END 

Create log file
2016-05-13 12:56:01Z on time future report... Program Start
2016-05-13 12:56:01Z on time future report... Program END 

Create log file
2016-05-13 13:01:01Z on time future report... Program Start
2016-05-13 13:01:01Z on time future report... Program END 

Create log file
2016-05-13 13:01:04Z Send 國際股市==>  Program Start
2016-05-13 13:01:04Z Send 國際股市==>  Program END 

Create log file
2016-05-13 13:06:00Z on time future report... Program Start
2016-05-13 13:06:00Z on time future report... Program END 

Create log file
2016-05-13 13:11:01Z on time future report... Program Start
2016-05-13 13:11:01Z on time future report... Program END 

Create log file
2016-05-13 13:21:01Z on time future report... Program Start
2016-05-13 13:21:01Z on time future report... Program END 

Create log file
2016-05-13 13:26:05Z on time future report... Program Start
2016-05-13 13:26:05Z on time future report... Program END 

Create log file
2016-05-13 13:36:00Z on time future report... Program Start
2016-05-13 13:36:00Z on time future report... Program END 

Create log file
2016-05-13 13:41:00Z on time future report... Program Start
2016-05-13 13:41:00Z on time future report... Program END 

Create log file
2016-05-13 13:46:01Z on time future report... Program Start
2016-05-13 13:46:01Z on time future report... Program END 

Create log file
2016-05-13 14:01:02Z Send 國際股市==>  Program Start
2016-05-13 14:01:02Z Send 國際股市==>  Program END 

Create log file
2016-05-13 15:01:02Z Send 國際股市==>  Program Start
2016-05-13 15:01:02Z Send 國際股市==>  Program END 

Create log file
2016-05-13 15:50:17Z option_insert_daily Program Start
2016-05-13 15:50:17Z option_insert_daily Program END 

Create log file
2016-05-13 15:56:32Z Send Option_OIV_daily Program Start
2016-05-13 15:56:32Z Send Option_OIV_daily Program END 

Create log file
2016-05-13 16:01:02Z Send 國際股市==>  Program Start
2016-05-13 16:01:02Z Send 國際股市==>  Program END 

Create log file
2016-05-13 17:01:02Z Send 國際股市==>  Program Start
2016-05-13 17:01:02Z Send 國際股市==>  Program END 

Create log file
2016-05-13 18:01:03Z Send 國際股市==>  Program Start
2016-05-13 18:01:03Z Send 國際股市==>  Program END 

Create log file
2016-05-13 18:01:31Z Send 國際股市==>  Program Start
2016-05-13 18:01:31Z Send 國際股市==>  Program END 

Create log file
2016-05-13 18:01:53Z Send 國際股市==>  Program Start
2016-05-13 18:01:53Z Send 國際股市==>  Program END 

Create log file
2016-05-13 18:02:15Z Send 國際股市==>  Program Start
2016-05-13 18:02:15Z Send 國際股市==>  Program END 

Create log file
2016-05-13 18:02:41Z Send 國際股市==>  Program Start
2016-05-13 18:02:41Z Send 國際股市==>  Program END 

Create log file
2016-05-13 19:01:02Z Send 國際股市==>  Program Start
2016-05-13 19:01:02Z Send 國際股市==>  Program END 

Create log file
2016-05-13 19:01:28Z Send 國際股市==>  Program Start
2016-05-13 19:01:28Z Send 國際股市==>  Program END 

Create log file
2016-05-13 19:01:52Z Send 國際股市==>  Program Start
2016-05-13 19:01:52Z Send 國際股市==>  Program END 

Create log file
2016-05-13 19:02:13Z Send 國際股市==>  Program Start
2016-05-13 19:02:13Z Send 國際股市==>  Program END 

Create log file
2016-05-13 19:02:34Z Send 國際股市==>  Program Start
2016-05-13 19:02:34Z Send 國際股市==>  Program END 

Create log file
2016-05-13 20:01:02Z Send 國際股市==>  Program Start
2016-05-13 20:01:02Z Send 國際股市==>  Program END 

Create log file
2016-05-13 20:10:03Z stock_data_daily_create_file Program Start
2016-05-13 20:10:03Z stock_data_daily_create_file Program END 

Create log file
2016-05-13 20:20:02Z stock_data_insert_daily Program Start
2016-05-13 20:20:02Z stock_data_insert_daily Program END 

Create log file
2016-05-13 20:30:07Z Send 股市氣象台電子報-今日我最夯<==Strong_UP==>  Program Start
2016-05-13 20:30:07Z Send 股市氣象台電子報-今日我最夯<==Strong_UP==>  Program END 

Create log file
2016-05-13 21:01:02Z Send 國際股市==>  Program Start
2016-05-13 21:01:02Z Send 國際股市==>  Program END 

Create log file
2016-05-13 22:01:02Z Send 國際股市==>  Program Start
2016-05-13 22:01:02Z Send 國際股市==>  Program END 

Create log file
2016-05-13 22:01:32Z Send 國際股市==>  Program Start
2016-05-13 22:01:32Z Send 國際股市==>  Program END 

Create log file
2016-05-13 22:01:54Z Send 國際股市==>  Program Start
2016-05-13 22:01:54Z Send 國際股市==>  Program END 

Create log file
2016-05-13 23:01:02Z Send 國際股市==>  Program Start
2016-05-13 23:01:02Z Send 國際股市==>  Program END 

