Create log file
2016-07-27 00:01:02Z Send 國際股市==>  Program Start
2016-07-27 00:01:02Z Send 國際股市==>  Program END 

Create log file
2016-07-27 01:01:06Z Send 國際股市==>  Program Start
2016-07-27 01:01:06Z Send 國際股市==>  Program END 

Create log file
2016-07-27 08:01:04Z Send 國際股市==>  Program Start
2016-07-27 08:01:04Z Send 國際股市==>  Program END 

Create log file
2016-07-27 08:01:29Z Send 國際股市==>  Program Start
2016-07-27 08:01:29Z Send 國際股市==>  Program END 

Create log file
2016-07-27 08:01:52Z Send 國際股市==>  Program Start
2016-07-27 08:01:52Z Send 國際股市==>  Program END 

Create log file
2016-07-27 08:02:14Z Send 國際股市==>  Program Start
2016-07-27 08:02:14Z Send 國際股市==>  Program END 

Create log file
2016-07-27 09:01:08Z Send 國際股市==>  Program Start
2016-07-27 09:01:08Z Send 國際股市==>  Program END 

Create log file
2016-07-27 09:01:08Z on time future report... Program Start
2016-07-27 09:01:08Z on time future report... Program END 

Create log file
2016-07-27 09:06:03Z on time future report... Program Start
2016-07-27 09:06:03Z on time future report... Program END 

Create log file
2016-07-27 09:11:02Z on time future report... Program Start
2016-07-27 09:11:02Z on time future report... Program END 

Create log file
2016-07-27 09:16:05Z on time future report... Program Start
2016-07-27 09:16:05Z on time future report... Program END 

Create log file
2016-07-27 09:21:05Z on time future report... Program Start
2016-07-27 09:21:05Z on time future report... Program END 

Create log file
2016-07-27 09:26:01Z on time future report... Program Start
2016-07-27 09:26:01Z on time future report... Program END 

Create log file
2016-07-27 09:31:01Z on time future report... Program Start
2016-07-27 09:31:01Z on time future report... Program END 

Create log file
2016-07-27 09:36:06Z on time future report... Program Start
2016-07-27 09:36:06Z on time future report... Program END 

Create log file
2016-07-27 09:41:04Z on time future report... Program Start
2016-07-27 09:41:04Z on time future report... Program END 

Create log file
2016-07-27 09:46:01Z on time future report... Program Start
2016-07-27 09:46:01Z on time future report... Program END 

Create log file
2016-07-27 09:51:03Z on time future report... Program Start
2016-07-27 09:51:03Z on time future report... Program END 

Create log file
2016-07-27 09:56:01Z on time future report... Program Start
2016-07-27 09:56:01Z on time future report... Program END 

Create log file
2016-07-27 10:01:02Z on time future report... Program Start
2016-07-27 10:01:02Z on time future report... Program END 

Create log file
2016-07-27 10:01:04Z Send 國際股市==>  Program Start
2016-07-27 10:01:04Z Send 國際股市==>  Program END 

Create log file
2016-07-27 10:06:01Z on time future report... Program Start
2016-07-27 10:06:01Z on time future report... Program END 

Create log file
2016-07-27 10:11:01Z on time future report... Program Start
2016-07-27 10:11:01Z on time future report... Program END 

Create log file
2016-07-27 10:16:03Z on time future report... Program Start
2016-07-27 10:16:03Z on time future report... Program END 

Create log file
2016-07-27 10:21:02Z on time future report... Program Start
2016-07-27 10:21:02Z on time future report... Program END 

Create log file
2016-07-27 10:26:01Z on time future report... Program Start
2016-07-27 10:26:01Z on time future report... Program END 

Create log file
2016-07-27 10:31:01Z on time future report... Program Start
2016-07-27 10:31:01Z on time future report... Program END 

Create log file
2016-07-27 10:36:01Z on time future report... Program Start
2016-07-27 10:36:01Z on time future report... Program END 

Create log file
2016-07-27 10:41:01Z on time future report... Program Start
2016-07-27 10:41:01Z on time future report... Program END 

Create log file
2016-07-27 10:46:04Z on time future report... Program Start
2016-07-27 10:46:04Z on time future report... Program END 

Create log file
2016-07-27 10:51:03Z on time future report... Program Start
2016-07-27 10:51:03Z on time future report... Program END 

Create log file
2016-07-27 10:56:01Z on time future report... Program Start
2016-07-27 10:56:01Z on time future report... Program END 

Create log file
2016-07-27 11:01:02Z on time future report... Program Start
2016-07-27 11:01:02Z on time future report... Program END 

Create log file
2016-07-27 11:01:06Z Send 國際股市==>  Program Start
2016-07-27 11:01:06Z Send 國際股市==>  Program END 

Create log file
2016-07-27 11:06:01Z on time future report... Program Start
2016-07-27 11:06:01Z on time future report... Program END 

Create log file
2016-07-27 11:11:06Z on time future report... Program Start
2016-07-27 11:11:06Z on time future report... Program END 

Create log file
2016-07-27 11:16:01Z on time future report... Program Start
2016-07-27 11:16:01Z on time future report... Program END 

Create log file
2016-07-27 11:21:01Z on time future report... Program Start
2016-07-27 11:21:01Z on time future report... Program END 

Create log file
2016-07-27 11:26:01Z on time future report... Program Start
2016-07-27 11:26:01Z on time future report... Program END 

Create log file
2016-07-27 11:31:02Z on time future report... Program Start
2016-07-27 11:31:02Z on time future report... Program END 

Create log file
2016-07-27 11:36:07Z on time future report... Program Start
2016-07-27 11:36:07Z on time future report... Program END 

Create log file
2016-07-27 11:41:01Z on time future report... Program Start
2016-07-27 11:41:01Z on time future report... Program END 

Create log file
2016-07-27 11:46:01Z on time future report... Program Start
2016-07-27 11:46:01Z on time future report... Program END 

Create log file
2016-07-27 11:51:08Z on time future report... Program Start
2016-07-27 11:51:08Z on time future report... Program END 

Create log file
2016-07-27 11:56:01Z on time future report... Program Start
2016-07-27 11:56:01Z on time future report... Program END 

Create log file
2016-07-27 12:01:02Z on time future report... Program Start
2016-07-27 12:01:02Z on time future report... Program END 

Create log file
2016-07-27 12:01:04Z Send 國際股市==>  Program Start
2016-07-27 12:01:04Z Send 國際股市==>  Program END 

Create log file
2016-07-27 12:06:01Z on time future report... Program Start
2016-07-27 12:06:01Z on time future report... Program END 

Create log file
2016-07-27 12:11:01Z on time future report... Program Start
2016-07-27 12:11:01Z on time future report... Program END 

Create log file
2016-07-27 12:16:01Z on time future report... Program Start
2016-07-27 12:16:01Z on time future report... Program END 

Create log file
2016-07-27 12:21:01Z on time future report... Program Start
2016-07-27 12:21:01Z on time future report... Program END 

Create log file
2016-07-27 12:26:01Z on time future report... Program Start
2016-07-27 12:26:01Z on time future report... Program END 

Create log file
2016-07-27 12:31:00Z on time future report... Program Start
2016-07-27 12:31:00Z on time future report... Program END 

Create log file
2016-07-27 12:36:03Z on time future report... Program Start
2016-07-27 12:36:03Z on time future report... Program END 

Create log file
2016-07-27 12:41:01Z on time future report... Program Start
2016-07-27 12:41:01Z on time future report... Program END 

Create log file
2016-07-27 12:46:01Z on time future report... Program Start
2016-07-27 12:46:01Z on time future report... Program END 

Create log file
2016-07-27 12:51:01Z on time future report... Program Start
2016-07-27 12:51:01Z on time future report... Program END 

Create log file
2016-07-27 12:56:03Z on time future report... Program Start
2016-07-27 12:56:03Z on time future report... Program END 

Create log file
2016-07-27 13:01:02Z on time future report... Program Start
2016-07-27 13:01:02Z on time future report... Program END 

Create log file
2016-07-27 13:01:04Z Send 國際股市==>  Program Start
2016-07-27 13:01:04Z Send 國際股市==>  Program END 

Create log file
2016-07-27 13:06:01Z on time future report... Program Start
2016-07-27 13:06:01Z on time future report... Program END 

Create log file
2016-07-27 13:11:04Z on time future report... Program Start
2016-07-27 13:11:04Z on time future report... Program END 

Create log file
2016-07-27 13:16:01Z on time future report... Program Start
2016-07-27 13:16:01Z on time future report... Program END 

Create log file
2016-07-27 13:21:01Z on time future report... Program Start
2016-07-27 13:21:01Z on time future report... Program END 

Create log file
2016-07-27 13:26:01Z on time future report... Program Start
2016-07-27 13:26:01Z on time future report... Program END 

Create log file
2016-07-27 13:31:01Z on time future report... Program Start
2016-07-27 13:31:01Z on time future report... Program END 

Create log file
2016-07-27 13:36:01Z on time future report... Program Start
2016-07-27 13:36:01Z on time future report... Program END 

Create log file
2016-07-27 13:41:02Z on time future report... Program Start
2016-07-27 13:41:02Z on time future report... Program END 

Create log file
2016-07-27 13:46:01Z on time future report... Program Start
2016-07-27 13:46:01Z on time future report... Program END 

Create log file
2016-07-27 14:01:03Z Send 國際股市==>  Program Start
2016-07-27 14:01:03Z Send 國際股市==>  Program END 

Create log file
2016-07-27 15:01:03Z Send 國際股市==>  Program Start
2016-07-27 15:01:03Z Send 國際股市==>  Program END 

Create log file
2016-07-27 15:50:23Z option_insert_daily Program Start
2016-07-27 15:50:23Z option_insert_daily Program END 

Create log file
2016-07-27 16:01:04Z Send 國際股市==>  Program Start
2016-07-27 16:01:04Z Send 國際股市==>  Program END 

Create log file
2016-07-27 16:44:19Z Send Option_OIV_daily Program Start
2016-07-27 16:44:19Z Send Option_OIV_daily Program END 

Create log file
2016-07-27 17:01:02Z Send 國際股市==>  Program Start
2016-07-27 17:01:02Z Send 國際股市==>  Program END 

Create log file
2016-07-27 18:01:03Z Send 國際股市==>  Program Start
2016-07-27 18:01:03Z Send 國際股市==>  Program END 

Create log file
2016-07-27 18:01:29Z Send 國際股市==>  Program Start
2016-07-27 18:01:29Z Send 國際股市==>  Program END 

Create log file
2016-07-27 18:01:51Z Send 國際股市==>  Program Start
2016-07-27 18:01:51Z Send 國際股市==>  Program END 

Create log file
2016-07-27 18:02:16Z Send 國際股市==>  Program Start
2016-07-27 18:02:16Z Send 國際股市==>  Program END 

Create log file
2016-07-27 18:02:39Z Send 國際股市==>  Program Start
2016-07-27 18:02:39Z Send 國際股市==>  Program END 

Create log file
2016-07-27 19:01:03Z Send 國際股市==>  Program Start
2016-07-27 19:01:03Z Send 國際股市==>  Program END 

Create log file
2016-07-27 19:01:30Z Send 國際股市==>  Program Start
2016-07-27 19:01:30Z Send 國際股市==>  Program END 

Create log file
2016-07-27 19:01:50Z Send 國際股市==>  Program Start
2016-07-27 19:01:50Z Send 國際股市==>  Program END 

Create log file
2016-07-27 19:02:12Z Send 國際股市==>  Program Start
2016-07-27 19:02:12Z Send 國際股市==>  Program END 

Create log file
2016-07-27 19:02:32Z Send 國際股市==>  Program Start
2016-07-27 19:02:32Z Send 國際股市==>  Program END 

Create log file
2016-07-27 19:02:55Z Send 國際股市==>  Program Start
2016-07-27 19:02:55Z Send 國際股市==>  Program END 

Create log file
2016-07-27 20:01:03Z Send 國際股市==>  Program Start
2016-07-27 20:01:03Z Send 國際股市==>  Program END 

Create log file
2016-07-27 20:10:05Z stock_data_daily_create_file Program Start
2016-07-27 20:10:05Z stock_data_daily_create_file Program END 

Create log file
2016-07-27 20:20:07Z stock_data_insert_daily Program Start
2016-07-27 20:20:07Z stock_data_insert_daily Program END 

Create log file
2016-07-27 20:30:34Z Send 股市氣象台電子報-今日我最夯<==Strong_UP==>  Program Start
2016-07-27 20:30:34Z Send 股市氣象台電子報-今日我最夯<==Strong_UP==>  Program END 

