Create log file
2016-06-30 00:01:02Z Send 國際股市==>  Program Start
2016-06-30 00:01:02Z Send 國際股市==>  Program END 

Create log file
2016-06-30 01:01:03Z Send 國際股市==>  Program Start
2016-06-30 01:01:03Z Send 國際股市==>  Program END 

Create log file
2016-06-30 08:01:02Z Send 國際股市==>  Program Start
2016-06-30 08:01:02Z Send 國際股市==>  Program END 

Create log file
2016-06-30 08:01:29Z Send 國際股市==>  Program Start
2016-06-30 08:01:29Z Send 國際股市==>  Program END 

Create log file
2016-06-30 08:01:51Z Send 國際股市==>  Program Start
2016-06-30 08:01:51Z Send 國際股市==>  Program END 

Create log file
2016-06-30 08:02:14Z Send 國際股市==>  Program Start
2016-06-30 08:02:14Z Send 國際股市==>  Program END 

Create log file
2016-06-30 08:46:03Z on time future report... Program Start
2016-06-30 08:46:03Z on time future report... Program END 

Create log file
2016-06-30 08:51:04Z on time future report... Program Start
2016-06-30 08:51:04Z on time future report... Program END 

Create log file
2016-06-30 08:56:03Z on time future report... Program Start
2016-06-30 08:56:03Z on time future report... Program END 

Create log file
2016-06-30 09:01:03Z Send 國際股市==>  Program Start
2016-06-30 09:01:03Z Send 國際股市==>  Program END 

Create log file
2016-06-30 09:01:05Z on time future report... Program Start
2016-06-30 09:01:05Z on time future report... Program END 

Create log file
2016-06-30 09:06:08Z on time future report... Program Start
2016-06-30 09:06:08Z on time future report... Program END 

Create log file
2016-06-30 09:11:06Z on time future report... Program Start
2016-06-30 09:11:06Z on time future report... Program END 

Create log file
2016-06-30 09:16:06Z on time future report... Program Start
2016-06-30 09:16:06Z on time future report... Program END 

Create log file
2016-06-30 09:21:03Z on time future report... Program Start
2016-06-30 09:21:03Z on time future report... Program END 

Create log file
2016-06-30 09:26:06Z on time future report... Program Start
2016-06-30 09:26:06Z on time future report... Program END 

Create log file
2016-06-30 09:31:06Z on time future report... Program Start
2016-06-30 09:31:06Z on time future report... Program END 

Create log file
2016-06-30 09:36:03Z on time future report... Program Start
2016-06-30 09:36:03Z on time future report... Program END 

Create log file
2016-06-30 09:41:03Z on time future report... Program Start
2016-06-30 09:41:03Z on time future report... Program END 

Create log file
2016-06-30 09:46:07Z on time future report... Program Start
2016-06-30 09:46:07Z on time future report... Program END 

Create log file
2016-06-30 09:51:03Z on time future report... Program Start
2016-06-30 09:51:03Z on time future report... Program END 

Create log file
2016-06-30 09:56:03Z on time future report... Program Start
2016-06-30 09:56:03Z on time future report... Program END 

Create log file
2016-06-30 10:01:03Z Send 國際股市==>  Program Start
2016-06-30 10:01:03Z Send 國際股市==>  Program END 

Create log file
2016-06-30 10:01:05Z on time future report... Program Start
2016-06-30 10:01:05Z on time future report... Program END 

Create log file
2016-06-30 10:06:03Z on time future report... Program Start
2016-06-30 10:06:03Z on time future report... Program END 

Create log file
2016-06-30 10:11:03Z on time future report... Program Start
2016-06-30 10:11:03Z on time future report... Program END 

Create log file
2016-06-30 10:16:03Z on time future report... Program Start
2016-06-30 10:16:03Z on time future report... Program END 

Create log file
2016-06-30 10:21:03Z on time future report... Program Start
2016-06-30 10:21:03Z on time future report... Program END 

Create log file
2016-06-30 10:26:04Z on time future report... Program Start
2016-06-30 10:26:04Z on time future report... Program END 

Create log file
2016-06-30 10:31:03Z on time future report... Program Start
2016-06-30 10:31:03Z on time future report... Program END 

Create log file
2016-06-30 10:36:03Z on time future report... Program Start
2016-06-30 10:36:03Z on time future report... Program END 

Create log file
2016-06-30 10:41:03Z on time future report... Program Start
2016-06-30 10:41:03Z on time future report... Program END 

Create log file
2016-06-30 10:46:03Z on time future report... Program Start
2016-06-30 10:46:03Z on time future report... Program END 

Create log file
2016-06-30 10:51:03Z on time future report... Program Start
2016-06-30 10:51:03Z on time future report... Program END 

Create log file
2016-06-30 10:56:03Z on time future report... Program Start
2016-06-30 10:56:03Z on time future report... Program END 

Create log file
2016-06-30 11:01:03Z Send 國際股市==>  Program Start
2016-06-30 11:01:03Z Send 國際股市==>  Program END 

Create log file
2016-06-30 11:01:04Z on time future report... Program Start
2016-06-30 11:01:04Z on time future report... Program END 

Create log file
2016-06-30 11:06:04Z on time future report... Program Start
2016-06-30 11:06:04Z on time future report... Program END 

Create log file
2016-06-30 11:11:04Z on time future report... Program Start
2016-06-30 11:11:04Z on time future report... Program END 

Create log file
2016-06-30 11:16:04Z on time future report... Program Start
2016-06-30 11:16:04Z on time future report... Program END 

Create log file
2016-06-30 11:21:03Z on time future report... Program Start
2016-06-30 11:21:03Z on time future report... Program END 

Create log file
2016-06-30 11:26:03Z on time future report... Program Start
2016-06-30 11:26:03Z on time future report... Program END 

Create log file
2016-06-30 11:31:03Z on time future report... Program Start
2016-06-30 11:31:03Z on time future report... Program END 

Create log file
2016-06-30 11:36:03Z on time future report... Program Start
2016-06-30 11:36:03Z on time future report... Program END 

Create log file
2016-06-30 11:41:05Z on time future report... Program Start
2016-06-30 11:41:05Z on time future report... Program END 

Create log file
2016-06-30 11:46:03Z on time future report... Program Start
2016-06-30 11:46:03Z on time future report... Program END 

Create log file
2016-06-30 11:51:03Z on time future report... Program Start
2016-06-30 11:51:03Z on time future report... Program END 

Create log file
2016-06-30 11:56:07Z on time future report... Program Start
2016-06-30 11:56:07Z on time future report... Program END 

Create log file
2016-06-30 12:01:03Z Send 國際股市==>  Program Start
2016-06-30 12:01:03Z Send 國際股市==>  Program END 

Create log file
2016-06-30 13:01:02Z Send 國際股市==>  Program Start
2016-06-30 13:01:02Z Send 國際股市==>  Program END 

Create log file
2016-06-30 14:01:02Z Send 國際股市==>  Program Start
2016-06-30 14:01:02Z Send 國際股市==>  Program END 

Create log file
2016-06-30 15:01:02Z Send 國際股市==>  Program Start
2016-06-30 15:01:02Z Send 國際股市==>  Program END 

Create log file
2016-06-30 15:50:20Z option_insert_daily Program Start
2016-06-30 15:50:20Z option_insert_daily Program END 

Create log file
2016-06-30 15:56:37Z Send Option_OIV_daily Program Start
2016-06-30 15:56:37Z Send Option_OIV_daily Program END 

Create log file
2016-06-30 16:01:02Z Send 國際股市==>  Program Start
2016-06-30 16:01:02Z Send 國際股市==>  Program END 

Create log file
2016-06-30 17:01:02Z Send 國際股市==>  Program Start
2016-06-30 17:01:02Z Send 國際股市==>  Program END 

Create log file
2016-06-30 18:01:03Z Send 國際股市==>  Program Start
2016-06-30 18:01:03Z Send 國際股市==>  Program END 

Create log file
2016-06-30 18:01:30Z Send 國際股市==>  Program Start
2016-06-30 18:01:30Z Send 國際股市==>  Program END 

Create log file
2016-06-30 18:01:51Z Send 國際股市==>  Program Start
2016-06-30 18:01:51Z Send 國際股市==>  Program END 

Create log file
2016-06-30 18:02:14Z Send 國際股市==>  Program Start
2016-06-30 18:02:14Z Send 國際股市==>  Program END 

Create log file
2016-06-30 18:02:38Z Send 國際股市==>  Program Start
2016-06-30 18:02:38Z Send 國際股市==>  Program END 

Create log file
2016-06-30 19:01:01Z Send 國際股市==>  Program Start
2016-06-30 19:01:01Z Send 國際股市==>  Program END 

Create log file
2016-06-30 19:01:31Z Send 國際股市==>  Program Start
2016-06-30 19:01:31Z Send 國際股市==>  Program END 

Create log file
2016-06-30 19:01:59Z Send 國際股市==>  Program Start
2016-06-30 19:01:59Z Send 國際股市==>  Program END 

Create log file
2016-06-30 19:02:21Z Send 國際股市==>  Program Start
2016-06-30 19:02:21Z Send 國際股市==>  Program END 

Create log file
2016-06-30 19:02:43Z Send 國際股市==>  Program Start
2016-06-30 19:02:43Z Send 國際股市==>  Program END 

Create log file
2016-06-30 19:03:07Z Send 國際股市==>  Program Start
2016-06-30 19:03:07Z Send 國際股市==>  Program END 

Create log file
2016-06-30 20:01:01Z Send 國際股市==>  Program Start
2016-06-30 20:01:01Z Send 國際股市==>  Program END 

Create log file
2016-06-30 20:10:08Z stock_data_daily_create_file Program Start
2016-06-30 20:10:08Z stock_data_daily_create_file Program END 

Create log file
2016-06-30 20:20:08Z stock_data_insert_daily Program Start
2016-06-30 20:20:08Z stock_data_insert_daily Program END 

Create log file
2016-06-30 20:30:12Z Send 股市氣象台電子報-今日我最夯<==Strong_UP==>  Program Start
2016-06-30 20:30:12Z Send 股市氣象台電子報-今日我最夯<==Strong_UP==>  Program END 

Create log file
2016-06-30 21:01:01Z Send 國際股市==>  Program Start
2016-06-30 21:01:01Z Send 國際股市==>  Program END 

Create log file
2016-06-30 22:01:01Z Send 國際股市==>  Program Start
2016-06-30 22:01:01Z Send 國際股市==>  Program END 

Create log file
2016-06-30 22:01:28Z Send 國際股市==>  Program Start
2016-06-30 22:01:28Z Send 國際股市==>  Program END 

Create log file
2016-06-30 22:01:50Z Send 國際股市==>  Program Start
2016-06-30 22:01:50Z Send 國際股市==>  Program END 

Create log file
2016-06-30 23:01:01Z Send 國際股市==>  Program Start
2016-06-30 23:01:01Z Send 國際股市==>  Program END 

