Create log file
2016-05-20 00:01:01Z Send 國際股市==>  Program Start
2016-05-20 00:01:01Z Send 國際股市==>  Program END 

Create log file
2016-05-20 01:01:01Z Send 國際股市==>  Program Start
2016-05-20 01:01:01Z Send 國際股市==>  Program END 

Create log file
2016-05-20 08:01:01Z Send 國際股市==>  Program Start
2016-05-20 08:01:01Z Send 國際股市==>  Program END 

Create log file
2016-05-20 08:01:26Z Send 國際股市==>  Program Start
2016-05-20 08:01:26Z Send 國際股市==>  Program END 

Create log file
2016-05-20 08:01:48Z Send 國際股市==>  Program Start
2016-05-20 08:01:48Z Send 國際股市==>  Program END 

Create log file
2016-05-20 08:02:11Z Send 國際股市==>  Program Start
2016-05-20 08:02:11Z Send 國際股市==>  Program END 

Create log file
2016-05-20 08:46:03Z on time future report... Program Start
2016-05-20 08:46:03Z on time future report... Program END 

Create log file
2016-05-20 08:51:03Z on time future report... Program Start
2016-05-20 08:51:03Z on time future report... Program END 

Create log file
2016-05-20 08:56:03Z on time future report... Program Start
2016-05-20 08:56:03Z on time future report... Program END 

Create log file
2016-05-20 09:01:01Z Send 國際股市==>  Program Start
2016-05-20 09:01:01Z Send 國際股市==>  Program END 

Create log file
2016-05-20 09:01:04Z on time future report... Program Start
2016-05-20 09:01:04Z on time future report... Program END 

Create log file
2016-05-20 09:06:03Z on time future report... Program Start
2016-05-20 09:06:03Z on time future report... Program END 

Create log file
2016-05-20 09:11:03Z on time future report... Program Start
2016-05-20 09:11:03Z on time future report... Program END 

Create log file
2016-05-20 09:16:03Z on time future report... Program Start
2016-05-20 09:16:03Z on time future report... Program END 

Create log file
2016-05-20 09:21:03Z on time future report... Program Start
2016-05-20 09:21:03Z on time future report... Program END 

Create log file
2016-05-20 09:26:05Z on time future report... Program Start
2016-05-20 09:26:05Z on time future report... Program END 

Create log file
2016-05-20 09:31:03Z on time future report... Program Start
2016-05-20 09:31:03Z on time future report... Program END 

Create log file
2016-05-20 09:36:04Z on time future report... Program Start
2016-05-20 09:36:04Z on time future report... Program END 

Create log file
2016-05-20 09:41:03Z on time future report... Program Start
2016-05-20 09:41:03Z on time future report... Program END 

Create log file
2016-05-20 09:46:03Z on time future report... Program Start
2016-05-20 09:46:03Z on time future report... Program END 

Create log file
2016-05-20 09:51:03Z on time future report... Program Start
2016-05-20 09:51:03Z on time future report... Program END 

Create log file
2016-05-20 09:56:03Z on time future report... Program Start
2016-05-20 09:56:03Z on time future report... Program END 

Create log file
2016-05-20 10:01:02Z Send 國際股市==>  Program Start
2016-05-20 10:01:02Z Send 國際股市==>  Program END 

Create log file
2016-05-20 10:01:04Z on time future report... Program Start
2016-05-20 10:01:04Z on time future report... Program END 

Create log file
2016-05-20 10:06:03Z on time future report... Program Start
2016-05-20 10:06:03Z on time future report... Program END 

Create log file
2016-05-20 10:11:03Z on time future report... Program Start
2016-05-20 10:11:03Z on time future report... Program END 

Create log file
2016-05-20 10:16:03Z on time future report... Program Start
2016-05-20 10:16:03Z on time future report... Program END 

Create log file
2016-05-20 10:21:03Z on time future report... Program Start
2016-05-20 10:21:03Z on time future report... Program END 

Create log file
2016-05-20 10:26:03Z on time future report... Program Start
2016-05-20 10:26:03Z on time future report... Program END 

Create log file
2016-05-20 10:31:03Z on time future report... Program Start
2016-05-20 10:31:03Z on time future report... Program END 

Create log file
2016-05-20 10:36:07Z on time future report... Program Start
2016-05-20 10:36:07Z on time future report... Program END 

Create log file
2016-05-20 10:41:03Z on time future report... Program Start
2016-05-20 10:41:03Z on time future report... Program END 

Create log file
2016-05-20 10:46:03Z on time future report... Program Start
2016-05-20 10:46:03Z on time future report... Program END 

Create log file
2016-05-20 10:51:03Z on time future report... Program Start
2016-05-20 10:51:03Z on time future report... Program END 

Create log file
2016-05-20 10:56:03Z on time future report... Program Start
2016-05-20 10:56:03Z on time future report... Program END 

Create log file
2016-05-20 11:01:01Z Send 國際股市==>  Program Start
2016-05-20 11:01:01Z Send 國際股市==>  Program END 

Create log file
2016-05-20 11:01:04Z on time future report... Program Start
2016-05-20 11:01:04Z on time future report... Program END 

Create log file
2016-05-20 11:06:03Z on time future report... Program Start
2016-05-20 11:06:03Z on time future report... Program END 

Create log file
2016-05-20 11:11:03Z on time future report... Program Start
2016-05-20 11:11:03Z on time future report... Program END 

Create log file
2016-05-20 11:16:05Z on time future report... Program Start
2016-05-20 11:16:05Z on time future report... Program END 

Create log file
2016-05-20 11:21:03Z on time future report... Program Start
2016-05-20 11:21:03Z on time future report... Program END 

Create log file
2016-05-20 11:26:03Z on time future report... Program Start
2016-05-20 11:26:03Z on time future report... Program END 

Create log file
2016-05-20 11:31:04Z on time future report... Program Start
2016-05-20 11:31:04Z on time future report... Program END 

Create log file
2016-05-20 11:36:03Z on time future report... Program Start
2016-05-20 11:36:03Z on time future report... Program END 

Create log file
2016-05-20 11:41:07Z on time future report... Program Start
2016-05-20 11:41:07Z on time future report... Program END 

Create log file
2016-05-20 11:46:03Z on time future report... Program Start
2016-05-20 11:46:03Z on time future report... Program END 

Create log file
2016-05-20 11:51:05Z on time future report... Program Start
2016-05-20 11:51:05Z on time future report... Program END 

Create log file
2016-05-20 11:56:03Z on time future report... Program Start
2016-05-20 11:56:03Z on time future report... Program END 

Create log file
2016-05-20 12:01:02Z Send 國際股市==>  Program Start
2016-05-20 12:01:02Z Send 國際股市==>  Program END 

Create log file
2016-05-20 12:01:04Z on time future report... Program Start
2016-05-20 12:01:04Z on time future report... Program END 

Create log file
2016-05-20 12:06:03Z on time future report... Program Start
2016-05-20 12:06:03Z on time future report... Program END 

Create log file
2016-05-20 12:11:03Z on time future report... Program Start
2016-05-20 12:11:03Z on time future report... Program END 

Create log file
2016-05-20 12:16:03Z on time future report... Program Start
2016-05-20 12:16:03Z on time future report... Program END 

Create log file
2016-05-20 12:21:03Z on time future report... Program Start
2016-05-20 12:21:03Z on time future report... Program END 

Create log file
2016-05-20 12:26:03Z on time future report... Program Start
2016-05-20 12:26:03Z on time future report... Program END 

Create log file
2016-05-20 12:31:03Z on time future report... Program Start
2016-05-20 12:31:03Z on time future report... Program END 

Create log file
2016-05-20 12:36:05Z on time future report... Program Start
2016-05-20 12:36:05Z on time future report... Program END 

Create log file
2016-05-20 12:41:03Z on time future report... Program Start
2016-05-20 12:41:03Z on time future report... Program END 

Create log file
2016-05-20 12:46:03Z on time future report... Program Start
2016-05-20 12:46:03Z on time future report... Program END 

Create log file
2016-05-20 12:51:03Z on time future report... Program Start
2016-05-20 12:51:03Z on time future report... Program END 

Create log file
2016-05-20 12:56:03Z on time future report... Program Start
2016-05-20 12:56:03Z on time future report... Program END 

Create log file
2016-05-20 13:01:01Z Send 國際股市==>  Program Start
2016-05-20 13:01:01Z Send 國際股市==>  Program END 

Create log file
2016-05-20 13:01:04Z on time future report... Program Start
2016-05-20 13:01:04Z on time future report... Program END 

Create log file
2016-05-20 13:06:03Z on time future report... Program Start
2016-05-20 13:06:03Z on time future report... Program END 

Create log file
2016-05-20 13:11:06Z on time future report... Program Start
2016-05-20 13:11:06Z on time future report... Program END 

Create log file
2016-05-20 13:16:03Z on time future report... Program Start
2016-05-20 13:16:03Z on time future report... Program END 

Create log file
2016-05-20 13:26:02Z on time future report... Program Start
2016-05-20 13:26:02Z on time future report... Program END 

Create log file
2016-05-20 13:31:02Z on time future report... Program Start
2016-05-20 13:31:02Z on time future report... Program END 

Create log file
2016-05-20 13:36:00Z on time future report... Program Start
2016-05-20 13:36:00Z on time future report... Program END 

Create log file
2016-05-20 13:41:01Z on time future report... Program Start
2016-05-20 13:41:01Z on time future report... Program END 

Create log file
2016-05-20 13:46:00Z on time future report... Program Start
2016-05-20 13:46:00Z on time future report... Program END 

Create log file
2016-05-20 14:01:00Z Send 國際股市==>  Program Start
2016-05-20 14:01:00Z Send 國際股市==>  Program END 

Create log file
2016-05-20 14:51:31Z Query Stock_id is 2301 Program Start
2016-05-20 14:51:31Z Query Stock_id is 2301 Program END 

Create log file
2016-05-20 14:51:31Z Query Stock_id is 1605 Program Start
2016-05-20 14:51:31Z Query Stock_id is 1605 Program END 

Create log file
2016-05-20 14:51:31Z Query Stock_id is 2345 Program Start
2016-05-20 14:51:31Z Query Stock_id is 2345 Program END 

Create log file
2016-05-20 15:01:01Z Send 國際股市==>  Program Start
2016-05-20 15:01:01Z Send 國際股市==>  Program END 

Create log file
2016-05-20 15:50:17Z option_insert_daily Program Start
2016-05-20 15:50:17Z option_insert_daily Program END 

Create log file
2016-05-20 15:56:16Z Send Option_OIV_daily Program Start
2016-05-20 15:56:16Z Send Option_OIV_daily Program END 

Create log file
2016-05-20 16:01:01Z Send 國際股市==>  Program Start
2016-05-20 16:01:01Z Send 國際股市==>  Program END 

Create log file
2016-05-20 17:01:01Z Send 國際股市==>  Program Start
2016-05-20 17:01:01Z Send 國際股市==>  Program END 

Create log file
2016-05-20 18:01:01Z Send 國際股市==>  Program Start
2016-05-20 18:01:01Z Send 國際股市==>  Program END 

Create log file
2016-05-20 18:01:26Z Send 國際股市==>  Program Start
2016-05-20 18:01:26Z Send 國際股市==>  Program END 

Create log file
2016-05-20 18:01:48Z Send 國際股市==>  Program Start
2016-05-20 18:01:48Z Send 國際股市==>  Program END 

Create log file
2016-05-20 18:02:10Z Send 國際股市==>  Program Start
2016-05-20 18:02:10Z Send 國際股市==>  Program END 

Create log file
2016-05-20 18:02:34Z Send 國際股市==>  Program Start
2016-05-20 18:02:34Z Send 國際股市==>  Program END 

Create log file
2016-05-20 19:01:01Z Send 國際股市==>  Program Start
2016-05-20 19:01:01Z Send 國際股市==>  Program END 

Create log file
2016-05-20 19:01:27Z Send 國際股市==>  Program Start
2016-05-20 19:01:27Z Send 國際股市==>  Program END 

Create log file
2016-05-20 19:01:51Z Send 國際股市==>  Program Start
2016-05-20 19:01:51Z Send 國際股市==>  Program END 

Create log file
2016-05-20 19:02:12Z Send 國際股市==>  Program Start
2016-05-20 19:02:12Z Send 國際股市==>  Program END 

Create log file
2016-05-20 19:02:33Z Send 國際股市==>  Program Start
2016-05-20 19:02:33Z Send 國際股市==>  Program END 

Create log file
2016-05-20 20:01:01Z Send 國際股市==>  Program Start
2016-05-20 20:01:01Z Send 國際股市==>  Program END 

Create log file
2016-05-20 20:10:02Z stock_data_daily_create_file Program Start
2016-05-20 20:10:02Z stock_data_daily_create_file Program END 

Create log file
2016-05-20 20:20:02Z stock_data_insert_daily Program Start
2016-05-20 20:20:02Z stock_data_insert_daily Program END 

Create log file
2016-05-20 20:30:05Z Send 股市氣象台電子報-今日我最夯<==Strong_UP==>  Program Start
2016-05-20 20:30:05Z Send 股市氣象台電子報-今日我最夯<==Strong_UP==>  Program END 

Create log file
2016-05-20 21:01:03Z Send 國際股市==>  Program Start
2016-05-20 21:01:03Z Send 國際股市==>  Program END 

Create log file
2016-05-20 22:01:01Z Send 國際股市==>  Program Start
2016-05-20 22:01:01Z Send 國際股市==>  Program END 

Create log file
2016-05-20 22:01:27Z Send 國際股市==>  Program Start
2016-05-20 22:01:27Z Send 國際股市==>  Program END 

Create log file
2016-05-20 22:01:50Z Send 國際股市==>  Program Start
2016-05-20 22:01:50Z Send 國際股市==>  Program END 

Create log file
2016-05-20 23:01:01Z Send 國際股市==>  Program Start
2016-05-20 23:01:01Z Send 國際股市==>  Program END 

