Create log file
2016-02-19 00:01:03Z Send 國際股市==>  Program Start
2016-02-19 00:01:03Z Send 國際股市==>  Program END 

Create log file
2016-02-19 01:01:03Z Send 國際股市==>  Program Start
2016-02-19 01:01:03Z Send 國際股市==>  Program END 

Create log file
2016-02-19 08:01:03Z Send 國際股市==>  Program Start
2016-02-19 08:01:03Z Send 國際股市==>  Program END 

Create log file
2016-02-19 08:01:29Z Send 國際股市==>  Program Start
2016-02-19 08:01:29Z Send 國際股市==>  Program END 

Create log file
2016-02-19 08:01:51Z Send 國際股市==>  Program Start
2016-02-19 08:01:51Z Send 國際股市==>  Program END 

Create log file
2016-02-19 08:46:04Z on time future report... Program Start
2016-02-19 08:46:04Z on time future report... Program END 

Create log file
2016-02-19 08:51:06Z on time future report... Program Start
2016-02-19 08:51:06Z on time future report... Program END 

Create log file
2016-02-19 08:56:05Z on time future report... Program Start
2016-02-19 08:56:05Z on time future report... Program END 

Create log file
2016-02-19 09:01:03Z Send 國際股市==>  Program Start
2016-02-19 09:01:03Z Send 國際股市==>  Program END 

Create log file
2016-02-19 09:01:04Z on time future report... Program Start
2016-02-19 09:01:04Z on time future report... Program END 

Create log file
2016-02-19 09:06:03Z on time future report... Program Start
2016-02-19 09:06:03Z on time future report... Program END 

Create log file
2016-02-19 09:16:01Z on time future report... Program Start
2016-02-19 09:16:01Z on time future report... Program END 

Create log file
2016-02-19 09:21:03Z on time future report... Program Start
2016-02-19 09:21:03Z on time future report... Program END 

Create log file
2016-02-19 09:26:01Z on time future report... Program Start
2016-02-19 09:26:01Z on time future report... Program END 

Create log file
2016-02-19 09:31:01Z on time future report... Program Start
2016-02-19 09:31:01Z on time future report... Program END 

Create log file
2016-02-19 09:36:01Z on time future report... Program Start
2016-02-19 09:36:01Z on time future report... Program END 

Create log file
2016-02-19 09:41:01Z on time future report... Program Start
2016-02-19 09:41:01Z on time future report... Program END 

Create log file
2016-02-19 09:46:01Z on time future report... Program Start
2016-02-19 09:46:01Z on time future report... Program END 

Create log file
2016-02-19 09:51:01Z on time future report... Program Start
2016-02-19 09:51:01Z on time future report... Program END 

Create log file
2016-02-19 09:56:01Z on time future report... Program Start
2016-02-19 09:56:01Z on time future report... Program END 

Create log file
2016-02-19 10:01:01Z on time future report... Program Start
2016-02-19 10:01:01Z on time future report... Program END 

Create log file
2016-02-19 10:01:02Z Send 國際股市==>  Program Start
2016-02-19 10:01:02Z Send 國際股市==>  Program END 

Create log file
2016-02-19 10:06:01Z on time future report... Program Start
2016-02-19 10:06:01Z on time future report... Program END 

Create log file
2016-02-19 10:11:01Z on time future report... Program Start
2016-02-19 10:11:01Z on time future report... Program END 

Create log file
2016-02-19 10:16:01Z on time future report... Program Start
2016-02-19 10:16:01Z on time future report... Program END 

Create log file
2016-02-19 10:21:02Z on time future report... Program Start
2016-02-19 10:21:02Z on time future report... Program END 

Create log file
2016-02-19 10:26:01Z on time future report... Program Start
2016-02-19 10:26:01Z on time future report... Program END 

Create log file
2016-02-19 10:31:01Z on time future report... Program Start
2016-02-19 10:31:01Z on time future report... Program END 

Create log file
2016-02-19 10:36:01Z on time future report... Program Start
2016-02-19 10:36:01Z on time future report... Program END 

Create log file
2016-02-19 10:41:01Z on time future report... Program Start
2016-02-19 10:41:01Z on time future report... Program END 

Create log file
2016-02-19 10:46:01Z on time future report... Program Start
2016-02-19 10:46:01Z on time future report... Program END 

Create log file
2016-02-19 10:51:01Z on time future report... Program Start
2016-02-19 10:51:01Z on time future report... Program END 

Create log file
2016-02-19 10:56:01Z on time future report... Program Start
2016-02-19 10:56:01Z on time future report... Program END 

Create log file
2016-02-19 11:01:01Z Send 國際股市==>  Program Start
2016-02-19 11:01:01Z Send 國際股市==>  Program END 

Create log file
2016-02-19 11:01:34Z on time future report... Program Start
2016-02-19 11:01:34Z on time future report... Program END 

Create log file
2016-02-19 11:06:01Z on time future report... Program Start
2016-02-19 11:06:01Z on time future report... Program END 

Create log file
2016-02-19 11:11:01Z on time future report... Program Start
2016-02-19 11:11:01Z on time future report... Program END 

Create log file
2016-02-19 11:16:02Z on time future report... Program Start
2016-02-19 11:16:02Z on time future report... Program END 

Create log file
2016-02-19 11:21:03Z on time future report... Program Start
2016-02-19 11:21:03Z on time future report... Program END 

Create log file
2016-02-19 11:26:01Z on time future report... Program Start
2016-02-19 11:26:01Z on time future report... Program END 

Create log file
2016-02-19 11:31:01Z on time future report... Program Start
2016-02-19 11:31:01Z on time future report... Program END 

Create log file
2016-02-19 11:36:02Z on time future report... Program Start
2016-02-19 11:36:02Z on time future report... Program END 

Create log file
2016-02-19 11:41:01Z on time future report... Program Start
2016-02-19 11:41:01Z on time future report... Program END 

Create log file
2016-02-19 11:46:01Z on time future report... Program Start
2016-02-19 11:46:01Z on time future report... Program END 

Create log file
2016-02-19 11:51:01Z on time future report... Program Start
2016-02-19 11:51:01Z on time future report... Program END 

Create log file
2016-02-19 11:56:02Z on time future report... Program Start
2016-02-19 11:56:02Z on time future report... Program END 

Create log file
2016-02-19 12:01:01Z Send 國際股市==>  Program Start
2016-02-19 12:01:01Z Send 國際股市==>  Program END 

Create log file
2016-02-19 12:01:32Z on time future report... Program Start
2016-02-19 12:01:32Z on time future report... Program END 

Create log file
2016-02-19 12:06:02Z on time future report... Program Start
2016-02-19 12:06:02Z on time future report... Program END 

Create log file
2016-02-19 12:11:01Z on time future report... Program Start
2016-02-19 12:11:01Z on time future report... Program END 

Create log file
2016-02-19 12:16:01Z on time future report... Program Start
2016-02-19 12:16:01Z on time future report... Program END 

Create log file
2016-02-19 12:21:00Z on time future report... Program Start
2016-02-19 12:21:00Z on time future report... Program END 

Create log file
2016-02-19 12:26:02Z on time future report... Program Start
2016-02-19 12:26:02Z on time future report... Program END 

Create log file
2016-02-19 12:31:01Z on time future report... Program Start
2016-02-19 12:31:01Z on time future report... Program END 

Create log file
2016-02-19 12:36:02Z on time future report... Program Start
2016-02-19 12:36:02Z on time future report... Program END 

Create log file
2016-02-19 12:41:01Z on time future report... Program Start
2016-02-19 12:41:01Z on time future report... Program END 

Create log file
2016-02-19 12:46:01Z on time future report... Program Start
2016-02-19 12:46:01Z on time future report... Program END 

Create log file
2016-02-19 12:51:01Z on time future report... Program Start
2016-02-19 12:51:01Z on time future report... Program END 

Create log file
2016-02-19 12:56:03Z on time future report... Program Start
2016-02-19 12:56:03Z on time future report... Program END 

Create log file
2016-02-19 13:01:01Z Send 國際股市==>  Program Start
2016-02-19 13:01:01Z Send 國際股市==>  Program END 

Create log file
2016-02-19 13:01:31Z on time future report... Program Start
2016-02-19 13:01:31Z on time future report... Program END 

Create log file
2016-02-19 13:06:01Z on time future report... Program Start
2016-02-19 13:06:01Z on time future report... Program END 

Create log file
2016-02-19 13:11:01Z on time future report... Program Start
2016-02-19 13:11:01Z on time future report... Program END 

Create log file
2016-02-19 13:16:01Z on time future report... Program Start
2016-02-19 13:16:01Z on time future report... Program END 

Create log file
2016-02-19 13:21:05Z on time future report... Program Start
2016-02-19 13:21:05Z on time future report... Program END 

Create log file
2016-02-19 13:26:01Z on time future report... Program Start
2016-02-19 13:26:01Z on time future report... Program END 

Create log file
2016-02-19 13:31:01Z on time future report... Program Start
2016-02-19 13:31:01Z on time future report... Program END 

Create log file
2016-02-19 13:36:01Z on time future report... Program Start
2016-02-19 13:36:01Z on time future report... Program END 

Create log file
2016-02-19 13:41:01Z on time future report... Program Start
2016-02-19 13:41:01Z on time future report... Program END 

Create log file
2016-02-19 13:46:01Z on time future report... Program Start
2016-02-19 13:46:01Z on time future report... Program END 

Create log file
2016-02-19 14:01:00Z Send 國際股市==>  Program Start
2016-02-19 14:01:00Z Send 國際股市==>  Program END 

Create log file
2016-02-19 15:01:00Z Send 國際股市==>  Program Start
2016-02-19 15:01:00Z Send 國際股市==>  Program END 

Create log file
2016-02-19 15:50:14Z option_insert_daily Program Start
2016-02-19 15:50:14Z option_insert_daily Program END 

Create log file
2016-02-19 15:56:05Z Send Option_OIV_daily Program Start
2016-02-19 15:56:05Z Send Option_OIV_daily Program END 

Create log file
2016-02-19 16:01:00Z Send 國際股市==>  Program Start
2016-02-19 16:01:00Z Send 國際股市==>  Program END 

Create log file
2016-02-19 17:01:01Z Send 國際股市==>  Program Start
2016-02-19 17:01:01Z Send 國際股市==>  Program END 

Create log file
2016-02-19 18:01:01Z Send 國際股市==>  Program Start
2016-02-19 18:01:01Z Send 國際股市==>  Program END 

Create log file
2016-02-19 18:01:29Z Send 國際股市==>  Program Start
2016-02-19 18:01:29Z Send 國際股市==>  Program END 

Create log file
2016-02-19 18:01:55Z Send 國際股市==>  Program Start
2016-02-19 18:01:55Z Send 國際股市==>  Program END 

Create log file
2016-02-19 18:02:18Z Send 國際股市==>  Program Start
2016-02-19 18:02:18Z Send 國際股市==>  Program END 

Create log file
2016-02-19 19:01:19Z Send 國際股市==>  Program Start
2016-02-19 19:01:19Z Send 國際股市==>  Program END 

Create log file
2016-02-19 19:01:45Z Send 國際股市==>  Program Start
2016-02-19 19:01:45Z Send 國際股市==>  Program END 

Create log file
2016-02-19 19:02:08Z Send 國際股市==>  Program Start
2016-02-19 19:02:08Z Send 國際股市==>  Program END 

Create log file
2016-02-19 20:01:03Z Send 國際股市==>  Program Start
2016-02-19 20:01:03Z Send 國際股市==>  Program END 

Create log file
2016-02-19 20:10:05Z stock_data_daily_create_file Program Start
2016-02-19 20:10:05Z stock_data_daily_create_file Program END 

Create log file
2016-02-19 20:20:06Z stock_data_insert_daily Program Start
2016-02-19 20:20:06Z stock_data_insert_daily Program END 

Create log file
2016-02-19 20:30:18Z Send 股市氣象台電子報-今日我最夯<==Strong_UP==>  Program Start
2016-02-19 20:30:18Z Send 股市氣象台電子報-今日我最夯<==Strong_UP==>  Program END 

Create log file
2016-02-19 20:49:18Z Query Stock_id is 3514 Program Start
2016-02-19 20:49:18Z Query Stock_id is 3514 Program END 

Create log file
2016-02-19 20:49:19Z Query Stock_id is 2449 Program Start
2016-02-19 20:49:19Z Query Stock_id is 2449 Program END 

Create log file
2016-02-19 20:49:19Z Query Stock_id is 2356 Program Start
2016-02-19 20:49:19Z Query Stock_id is 2356 Program END 

Create log file
2016-02-19 20:49:19Z Query Stock_id is 2312 Program Start
2016-02-19 20:49:19Z Query Stock_id is 2312 Program END 

Create log file
2016-02-19 20:49:19Z Query Stock_id is 2892 Program Start
2016-02-19 20:49:19Z Query Stock_id is 2892 Program END 

Create log file
2016-02-19 20:49:19Z Query Stock_id is 2325 Program Start
2016-02-19 20:49:19Z Query Stock_id is 2325 Program END 

Create log file
2016-02-19 20:49:20Z Query Stock_id is 1303 Program Start
2016-02-19 20:49:20Z Query Stock_id is 1303 Program END 

Create log file
2016-02-19 20:49:20Z Query Stock_id is 5347 Program Start
2016-02-19 20:49:20Z Query Stock_id is 5347 Program END 

Create log file
2016-02-19 20:49:20Z Query Stock_id is 2324 Program Start
2016-02-19 20:49:20Z Query Stock_id is 2324 Program END 

Create log file
2016-02-19 20:49:20Z Query Stock_id is 2330 Program Start
2016-02-19 20:49:20Z Query Stock_id is 2330 Program END 

Create log file
2016-02-19 20:49:20Z Query Stock_id is 3231 Program Start
2016-02-19 20:49:20Z Query Stock_id is 3231 Program END 

Create log file
2016-02-19 20:49:20Z Query Stock_id is 2886 Program Start
2016-02-19 20:49:20Z Query Stock_id is 2886 Program END 

Create log file
2016-02-19 20:49:21Z Query Stock_id is 2356 Program Start
2016-02-19 20:49:21Z Query Stock_id is 2356 Program END 

Create log file
2016-02-19 20:49:21Z Query Stock_id is 3037 Program Start
2016-02-19 20:49:21Z Query Stock_id is 3037 Program END 

Create log file
2016-02-19 20:49:21Z Query Stock_id is 2330 Program Start
2016-02-19 20:49:21Z Query Stock_id is 2330 Program END 

Create log file
2016-02-19 20:49:21Z Query Stock_id is 3576 Program Start
2016-02-19 20:49:21Z Query Stock_id is 3576 Program END 

Create log file
2016-02-19 20:49:21Z Query Stock_id is 2303 Program Start
2016-02-19 20:49:21Z Query Stock_id is 2303 Program END 

Create log file
2016-02-19 20:49:21Z Query Stock_id is 1789 Program Start
2016-02-19 20:49:21Z Query Stock_id is 1789 Program END 

Create log file
2016-02-19 20:49:22Z Query Stock_id is 9904 Program Start
2016-02-19 20:49:22Z Query Stock_id is 9904 Program END 

Create log file
2016-02-19 20:49:22Z Query Stock_id is 1101 Program Start
2016-02-19 20:49:22Z Query Stock_id is 1101 Program END 

Create log file
2016-02-19 20:49:22Z Query Stock_id is 2379 Program Start
2016-02-19 20:49:22Z Query Stock_id is 2379 Program END 

Create log file
2016-02-19 20:49:22Z Query Stock_id is 2421 Program Start
2016-02-19 20:49:22Z Query Stock_id is 2421 Program END 

Create log file
2016-02-19 20:49:22Z Query Stock_id is 3514 Program Start
2016-02-19 20:49:22Z Query Stock_id is 3514 Program END 

Create log file
2016-02-19 20:49:23Z Query Stock_id is 1216 Program Start
2016-02-19 20:49:23Z Query Stock_id is 1216 Program END 

Create log file
2016-02-19 20:49:23Z Query Stock_id is 2002 Program Start
2016-02-19 20:49:23Z Query Stock_id is 2002 Program END 

Create log file
2016-02-19 20:49:23Z Query Stock_id is 2344 Program Start
2016-02-19 20:49:23Z Query Stock_id is 2344 Program END 

Create log file
2016-02-19 20:49:23Z Query Stock_id is 5347 Program Start
2016-02-19 20:49:23Z Query Stock_id is 5347 Program END 

Create log file
2016-02-19 20:49:23Z Query Stock_id is 3231 Program Start
2016-02-19 20:49:23Z Query Stock_id is 3231 Program END 

Create log file
2016-02-19 21:01:03Z Send 國際股市==>  Program Start
2016-02-19 21:01:03Z Send 國際股市==>  Program END 

Create log file
2016-02-19 22:01:03Z Send 國際股市==>  Program Start
2016-02-19 22:01:03Z Send 國際股市==>  Program END 

Create log file
2016-02-19 22:01:30Z Send 國際股市==>  Program Start
2016-02-19 22:01:30Z Send 國際股市==>  Program END 

Create log file
2016-02-19 22:02:55Z Query Stock_id is 3514 Program Start
2016-02-19 22:02:55Z Query Stock_id is 3514 Program END 

Create log file
2016-02-19 22:02:55Z Query Stock_id is 2449 Program Start
2016-02-19 22:02:55Z Query Stock_id is 2449 Program END 

Create log file
2016-02-19 22:02:55Z Query Stock_id is 2356 Program Start
2016-02-19 22:02:55Z Query Stock_id is 2356 Program END 

Create log file
2016-02-19 22:02:56Z Query Stock_id is 2312 Program Start
2016-02-19 22:02:56Z Query Stock_id is 2312 Program END 

Create log file
2016-02-19 22:02:56Z Query Stock_id is 2892 Program Start
2016-02-19 22:02:56Z Query Stock_id is 2892 Program END 

Create log file
2016-02-19 22:02:56Z Query Stock_id is 2325 Program Start
2016-02-19 22:02:56Z Query Stock_id is 2325 Program END 

Create log file
2016-02-19 22:02:56Z Query Stock_id is 1303 Program Start
2016-02-19 22:02:56Z Query Stock_id is 1303 Program END 

Create log file
2016-02-19 22:02:56Z Query Stock_id is 5347 Program Start
2016-02-19 22:02:56Z Query Stock_id is 5347 Program END 

Create log file
2016-02-19 22:02:57Z Query Stock_id is 2324 Program Start
2016-02-19 22:02:57Z Query Stock_id is 2324 Program END 

Create log file
2016-02-19 22:02:57Z Query Stock_id is 2330 Program Start
2016-02-19 22:02:57Z Query Stock_id is 2330 Program END 

Create log file
2016-02-19 22:02:57Z Query Stock_id is 3231 Program Start
2016-02-19 22:02:57Z Query Stock_id is 3231 Program END 

Create log file
2016-02-19 22:02:57Z Query Stock_id is 2886 Program Start
2016-02-19 22:02:57Z Query Stock_id is 2886 Program END 

Create log file
2016-02-19 22:02:58Z Query Stock_id is 2356 Program Start
2016-02-19 22:02:58Z Query Stock_id is 2356 Program END 

Create log file
2016-02-19 22:02:58Z Query Stock_id is 3037 Program Start
2016-02-19 22:02:58Z Query Stock_id is 3037 Program END 

Create log file
2016-02-19 22:02:58Z Query Stock_id is 2330 Program Start
2016-02-19 22:02:58Z Query Stock_id is 2330 Program END 

Create log file
2016-02-19 22:02:58Z Query Stock_id is 3576 Program Start
2016-02-19 22:02:58Z Query Stock_id is 3576 Program END 

Create log file
2016-02-19 22:02:58Z Query Stock_id is 2303 Program Start
2016-02-19 22:02:58Z Query Stock_id is 2303 Program END 

Create log file
2016-02-19 22:02:58Z Query Stock_id is 1789 Program Start
2016-02-19 22:02:58Z Query Stock_id is 1789 Program END 

Create log file
2016-02-19 22:02:59Z Query Stock_id is 9904 Program Start
2016-02-19 22:02:59Z Query Stock_id is 9904 Program END 

Create log file
2016-02-19 22:02:59Z Query Stock_id is 1101 Program Start
2016-02-19 22:02:59Z Query Stock_id is 1101 Program END 

Create log file
2016-02-19 22:02:59Z Query Stock_id is 2379 Program Start
2016-02-19 22:02:59Z Query Stock_id is 2379 Program END 

Create log file
2016-02-19 22:02:59Z Query Stock_id is 2421 Program Start
2016-02-19 22:02:59Z Query Stock_id is 2421 Program END 

Create log file
2016-02-19 22:02:59Z Query Stock_id is 3514 Program Start
2016-02-19 22:02:59Z Query Stock_id is 3514 Program END 

Create log file
2016-02-19 22:03:00Z Query Stock_id is 1216 Program Start
2016-02-19 22:03:00Z Query Stock_id is 1216 Program END 

Create log file
2016-02-19 22:03:00Z Query Stock_id is 2002 Program Start
2016-02-19 22:03:00Z Query Stock_id is 2002 Program END 

Create log file
2016-02-19 22:03:00Z Query Stock_id is 2344 Program Start
2016-02-19 22:03:00Z Query Stock_id is 2344 Program END 

Create log file
2016-02-19 22:03:00Z Query Stock_id is 5347 Program Start
2016-02-19 22:03:00Z Query Stock_id is 5347 Program END 

Create log file
2016-02-19 22:03:00Z Query Stock_id is 3231 Program Start
2016-02-19 22:03:00Z Query Stock_id is 3231 Program END 

Create log file
2016-02-19 23:01:03Z Send 國際股市==>  Program Start
2016-02-19 23:01:03Z Send 國際股市==>  Program END 

Create log file
2016-02-19 23:01:05Z Query Stock_id is 3514 Program Start
2016-02-19 23:01:05Z Query Stock_id is 3514 Program END 

Create log file
2016-02-19 23:01:05Z Query Stock_id is 2449 Program Start
2016-02-19 23:01:05Z Query Stock_id is 2449 Program END 

Create log file
2016-02-19 23:01:05Z Query Stock_id is 2356 Program Start
2016-02-19 23:01:05Z Query Stock_id is 2356 Program END 

Create log file
2016-02-19 23:01:05Z Query Stock_id is 2312 Program Start
2016-02-19 23:01:05Z Query Stock_id is 2312 Program END 

Create log file
2016-02-19 23:01:05Z Query Stock_id is 2892 Program Start
2016-02-19 23:01:05Z Query Stock_id is 2892 Program END 

Create log file
2016-02-19 23:01:06Z Query Stock_id is 2325 Program Start
2016-02-19 23:01:06Z Query Stock_id is 2325 Program END 

Create log file
2016-02-19 23:01:06Z Query Stock_id is 1303 Program Start
2016-02-19 23:01:06Z Query Stock_id is 1303 Program END 

Create log file
2016-02-19 23:01:06Z Query Stock_id is 5347 Program Start
2016-02-19 23:01:06Z Query Stock_id is 5347 Program END 

Create log file
2016-02-19 23:01:07Z Query Stock_id is 2324 Program Start
2016-02-19 23:01:07Z Query Stock_id is 2324 Program END 

Create log file
2016-02-19 23:01:07Z Query Stock_id is 2330 Program Start
2016-02-19 23:01:07Z Query Stock_id is 2330 Program END 

Create log file
2016-02-19 23:01:07Z Query Stock_id is 3231 Program Start
2016-02-19 23:01:07Z Query Stock_id is 3231 Program END 

Create log file
2016-02-19 23:01:07Z Query Stock_id is 2886 Program Start
2016-02-19 23:01:07Z Query Stock_id is 2886 Program END 

Create log file
2016-02-19 23:01:08Z Query Stock_id is 2356 Program Start
2016-02-19 23:01:08Z Query Stock_id is 2356 Program END 

Create log file
2016-02-19 23:01:08Z Query Stock_id is 3037 Program Start
2016-02-19 23:01:08Z Query Stock_id is 3037 Program END 

Create log file
2016-02-19 23:01:08Z Query Stock_id is 2330 Program Start
2016-02-19 23:01:08Z Query Stock_id is 2330 Program END 

Create log file
2016-02-19 23:01:08Z Query Stock_id is 3576 Program Start
2016-02-19 23:01:08Z Query Stock_id is 3576 Program END 

Create log file
2016-02-19 23:01:08Z Query Stock_id is 2303 Program Start
2016-02-19 23:01:08Z Query Stock_id is 2303 Program END 

Create log file
2016-02-19 23:01:09Z Query Stock_id is 1789 Program Start
2016-02-19 23:01:09Z Query Stock_id is 1789 Program END 

Create log file
2016-02-19 23:01:09Z Query Stock_id is 9904 Program Start
2016-02-19 23:01:09Z Query Stock_id is 9904 Program END 

Create log file
2016-02-19 23:01:09Z Query Stock_id is 1101 Program Start
2016-02-19 23:01:09Z Query Stock_id is 1101 Program END 

Create log file
2016-02-19 23:01:09Z Query Stock_id is 2379 Program Start
2016-02-19 23:01:09Z Query Stock_id is 2379 Program END 

Create log file
2016-02-19 23:01:09Z Query Stock_id is 2421 Program Start
2016-02-19 23:01:09Z Query Stock_id is 2421 Program END 

Create log file
2016-02-19 23:01:10Z Query Stock_id is 3514 Program Start
2016-02-19 23:01:10Z Query Stock_id is 3514 Program END 

Create log file
2016-02-19 23:01:10Z Query Stock_id is 1216 Program Start
2016-02-19 23:01:10Z Query Stock_id is 1216 Program END 

Create log file
2016-02-19 23:01:10Z Query Stock_id is 2002 Program Start
2016-02-19 23:01:10Z Query Stock_id is 2002 Program END 

Create log file
2016-02-19 23:01:10Z Query Stock_id is 2344 Program Start
2016-02-19 23:01:10Z Query Stock_id is 2344 Program END 

Create log file
2016-02-19 23:01:10Z Query Stock_id is 5347 Program Start
2016-02-19 23:01:10Z Query Stock_id is 5347 Program END 

Create log file
2016-02-19 23:01:10Z Query Stock_id is 3231 Program Start
2016-02-19 23:01:10Z Query Stock_id is 3231 Program END 

Create log file
2016-02-19 23:09:38Z Query Stock_id is 3514 Program Start
2016-02-19 23:09:38Z Query Stock_id is 3514 Program END 

Create log file
2016-02-19 23:09:38Z Query Stock_id is 2449 Program Start
2016-02-19 23:09:38Z Query Stock_id is 2449 Program END 

Create log file
2016-02-19 23:09:38Z Query Stock_id is 2356 Program Start
2016-02-19 23:09:38Z Query Stock_id is 2356 Program END 

Create log file
2016-02-19 23:09:38Z Query Stock_id is 2312 Program Start
2016-02-19 23:09:38Z Query Stock_id is 2312 Program END 

Create log file
2016-02-19 23:09:38Z Query Stock_id is 2892 Program Start
2016-02-19 23:09:38Z Query Stock_id is 2892 Program END 

Create log file
2016-02-19 23:09:38Z Query Stock_id is 2325 Program Start
2016-02-19 23:09:38Z Query Stock_id is 2325 Program END 

Create log file
2016-02-19 23:09:39Z Query Stock_id is 1303 Program Start
2016-02-19 23:09:39Z Query Stock_id is 1303 Program END 

Create log file
2016-02-19 23:09:39Z Query Stock_id is 5347 Program Start
2016-02-19 23:09:39Z Query Stock_id is 5347 Program END 

Create log file
2016-02-19 23:09:39Z Query Stock_id is 2324 Program Start
2016-02-19 23:09:39Z Query Stock_id is 2324 Program END 

Create log file
2016-02-19 23:09:39Z Query Stock_id is 2330 Program Start
2016-02-19 23:09:39Z Query Stock_id is 2330 Program END 

Create log file
2016-02-19 23:09:39Z Query Stock_id is 3231 Program Start
2016-02-19 23:09:39Z Query Stock_id is 3231 Program END 

Create log file
2016-02-19 23:09:39Z Query Stock_id is 2886 Program Start
2016-02-19 23:09:39Z Query Stock_id is 2886 Program END 

Create log file
2016-02-19 23:09:40Z Query Stock_id is 2356 Program Start
2016-02-19 23:09:40Z Query Stock_id is 2356 Program END 

Create log file
2016-02-19 23:09:40Z Query Stock_id is 3037 Program Start
2016-02-19 23:09:40Z Query Stock_id is 3037 Program END 

Create log file
2016-02-19 23:09:40Z Query Stock_id is 2330 Program Start
2016-02-19 23:09:40Z Query Stock_id is 2330 Program END 

Create log file
2016-02-19 23:09:40Z Query Stock_id is 3576 Program Start
2016-02-19 23:09:40Z Query Stock_id is 3576 Program END 

Create log file
2016-02-19 23:09:40Z Query Stock_id is 2303 Program Start
2016-02-19 23:09:40Z Query Stock_id is 2303 Program END 

Create log file
2016-02-19 23:09:40Z Query Stock_id is 1789 Program Start
2016-02-19 23:09:40Z Query Stock_id is 1789 Program END 

Create log file
2016-02-19 23:09:41Z Query Stock_id is 9904 Program Start
2016-02-19 23:09:41Z Query Stock_id is 9904 Program END 

Create log file
2016-02-19 23:09:41Z Query Stock_id is 1101 Program Start
2016-02-19 23:09:41Z Query Stock_id is 1101 Program END 

Create log file
2016-02-19 23:09:41Z Query Stock_id is 2379 Program Start
2016-02-19 23:09:41Z Query Stock_id is 2379 Program END 

Create log file
2016-02-19 23:09:41Z Query Stock_id is 2421 Program Start
2016-02-19 23:09:41Z Query Stock_id is 2421 Program END 

Create log file
2016-02-19 23:09:41Z Query Stock_id is 3514 Program Start
2016-02-19 23:09:41Z Query Stock_id is 3514 Program END 

Create log file
2016-02-19 23:09:41Z Query Stock_id is 1216 Program Start
2016-02-19 23:09:41Z Query Stock_id is 1216 Program END 

Create log file
2016-02-19 23:09:42Z Query Stock_id is 2002 Program Start
2016-02-19 23:09:42Z Query Stock_id is 2002 Program END 

Create log file
2016-02-19 23:09:42Z Query Stock_id is 2344 Program Start
2016-02-19 23:09:42Z Query Stock_id is 2344 Program END 

Create log file
2016-02-19 23:09:42Z Query Stock_id is 5347 Program Start
2016-02-19 23:09:42Z Query Stock_id is 5347 Program END 

Create log file
2016-02-19 23:09:42Z Query Stock_id is 3231 Program Start
2016-02-19 23:09:42Z Query Stock_id is 3231 Program END 

