Create log file
2016-03-04 00:01:03Z Send 國際股市==>  Program Start
2016-03-04 00:01:03Z Send 國際股市==>  Program END 

Create log file
2016-03-04 01:01:03Z Send 國際股市==>  Program Start
2016-03-04 01:01:03Z Send 國際股市==>  Program END 

Create log file
2016-03-04 08:01:03Z Send 國際股市==>  Program Start
2016-03-04 08:01:03Z Send 國際股市==>  Program END 

Create log file
2016-03-04 08:01:29Z Send 國際股市==>  Program Start
2016-03-04 08:01:29Z Send 國際股市==>  Program END 

Create log file
2016-03-04 08:01:51Z Send 國際股市==>  Program Start
2016-03-04 08:01:51Z Send 國際股市==>  Program END 

Create log file
2016-03-04 08:46:06Z on time future report... Program Start
2016-03-04 08:46:06Z on time future report... Program END 

Create log file
2016-03-04 08:51:03Z on time future report... Program Start
2016-03-04 08:51:03Z on time future report... Program END 

Create log file
2016-03-04 08:56:03Z on time future report... Program Start
2016-03-04 08:56:03Z on time future report... Program END 

Create log file
2016-03-04 09:01:03Z Send 國際股市==>  Program Start
2016-03-04 09:01:03Z Send 國際股市==>  Program END 

Create log file
2016-03-04 09:01:04Z on time future report... Program Start
2016-03-04 09:01:04Z on time future report... Program END 

Create log file
2016-03-04 09:06:04Z on time future report... Program Start
2016-03-04 09:06:04Z on time future report... Program END 

Create log file
2016-03-04 09:11:03Z on time future report... Program Start
2016-03-04 09:11:03Z on time future report... Program END 

Create log file
2016-03-04 09:16:03Z on time future report... Program Start
2016-03-04 09:16:03Z on time future report... Program END 

Create log file
2016-03-04 09:18:23Z Query Stock_id is 3481 Program Start
2016-03-04 09:18:23Z Query Stock_id is 3481 Program END 

Create log file
2016-03-04 09:18:24Z Query Stock_id is 2002 Program Start
2016-03-04 09:18:24Z Query Stock_id is 2002 Program END 

Create log file
2016-03-04 09:18:24Z Query Stock_id is 2885 Program Start
2016-03-04 09:18:24Z Query Stock_id is 2885 Program END 

Create log file
2016-03-04 09:18:24Z Query Stock_id is 2882 Program Start
2016-03-04 09:18:24Z Query Stock_id is 2882 Program END 

Create log file
2016-03-04 09:18:24Z Query Stock_id is 2823 Program Start
2016-03-04 09:18:24Z Query Stock_id is 2823 Program END 

Create log file
2016-03-04 09:18:24Z Query Stock_id is 2883 Program Start
2016-03-04 09:18:24Z Query Stock_id is 2883 Program END 

Create log file
2016-03-04 09:18:25Z Query Stock_id is 2520 Program Start
2016-03-04 09:18:25Z Query Stock_id is 2520 Program END 

Create log file
2016-03-04 09:18:25Z Query Stock_id is 2892 Program Start
2016-03-04 09:18:25Z Query Stock_id is 2892 Program END 

Create log file
2016-03-04 09:18:25Z Query Stock_id is 2303 Program Start
2016-03-04 09:18:25Z Query Stock_id is 2303 Program END 

Create log file
2016-03-04 09:18:25Z Query Stock_id is 2330 Program Start
2016-03-04 09:18:25Z Query Stock_id is 2330 Program END 

Create log file
2016-03-04 09:18:25Z Query Stock_id is 3682 Program Start
2016-03-04 09:18:25Z Query Stock_id is 3682 Program END 

Create log file
2016-03-04 09:18:25Z Query Stock_id is 2324 Program Start
2016-03-04 09:18:25Z Query Stock_id is 2324 Program END 

Create log file
2016-03-04 09:18:26Z Query Stock_id is 2801 Program Start
2016-03-04 09:18:26Z Query Stock_id is 2801 Program END 

Create log file
2016-03-04 09:18:26Z Query Stock_id is 5880 Program Start
2016-03-04 09:18:26Z Query Stock_id is 5880 Program END 

Create log file
2016-03-04 09:18:26Z Query Stock_id is 2880 Program Start
2016-03-04 09:18:26Z Query Stock_id is 2880 Program END 

Create log file
2016-03-04 09:18:26Z Query Stock_id is 2382 Program Start
2016-03-04 09:18:26Z Query Stock_id is 2382 Program END 

Create log file
2016-03-04 09:18:27Z Query Stock_id is 2409 Program Start
2016-03-04 09:18:27Z Query Stock_id is 2409 Program END 

Create log file
2016-03-04 09:18:27Z Query Stock_id is 3474 Program Start
2016-03-04 09:18:27Z Query Stock_id is 3474 Program END 

Create log file
2016-03-04 09:18:27Z Query Stock_id is 3231 Program Start
2016-03-04 09:18:27Z Query Stock_id is 3231 Program END 

Create log file
2016-03-04 09:18:27Z Query Stock_id is 2301 Program Start
2016-03-04 09:18:27Z Query Stock_id is 2301 Program END 

Create log file
2016-03-04 09:18:27Z Query Stock_id is 1312 Program Start
2016-03-04 09:18:27Z Query Stock_id is 1312 Program END 

Create log file
2016-03-04 09:18:28Z Query Stock_id is 2464 Program Start
2016-03-04 09:18:28Z Query Stock_id is 2464 Program END 

Create log file
2016-03-04 09:18:28Z Query Stock_id is 2344 Program Start
2016-03-04 09:18:28Z Query Stock_id is 2344 Program END 

Create log file
2016-03-04 09:18:28Z Query Stock_id is 2449 Program Start
2016-03-04 09:18:28Z Query Stock_id is 2449 Program END 

Create log file
2016-03-04 09:21:04Z on time future report... Program Start
2016-03-04 09:21:04Z on time future report... Program END 

Create log file
2016-03-04 09:26:04Z on time future report... Program Start
2016-03-04 09:26:04Z on time future report... Program END 

Create log file
2016-03-04 09:36:01Z on time future report... Program Start
2016-03-04 09:36:01Z on time future report... Program END 

Create log file
2016-03-04 09:41:04Z on time future report... Program Start
2016-03-04 09:41:04Z on time future report... Program END 

Create log file
2016-03-04 09:46:01Z on time future report... Program Start
2016-03-04 09:46:01Z on time future report... Program END 

Create log file
2016-03-04 09:51:01Z on time future report... Program Start
2016-03-04 09:51:01Z on time future report... Program END 

Create log file
2016-03-04 09:56:02Z on time future report... Program Start
2016-03-04 09:56:02Z on time future report... Program END 

Create log file
2016-03-04 10:01:01Z on time future report... Program Start
2016-03-04 10:01:01Z on time future report... Program END 

Create log file
2016-03-04 10:01:02Z Send 國際股市==>  Program Start
2016-03-04 10:01:02Z Send 國際股市==>  Program END 

Create log file
2016-03-04 10:06:01Z on time future report... Program Start
2016-03-04 10:06:01Z on time future report... Program END 

Create log file
2016-03-04 10:11:01Z on time future report... Program Start
2016-03-04 10:11:01Z on time future report... Program END 

Create log file
2016-03-04 10:16:01Z on time future report... Program Start
2016-03-04 10:16:01Z on time future report... Program END 

Create log file
2016-03-04 10:21:03Z on time future report... Program Start
2016-03-04 10:21:03Z on time future report... Program END 

Create log file
2016-03-04 10:26:02Z on time future report... Program Start
2016-03-04 10:26:02Z on time future report... Program END 

Create log file
2016-03-04 10:31:01Z on time future report... Program Start
2016-03-04 10:31:01Z on time future report... Program END 

Create log file
2016-03-04 10:36:02Z on time future report... Program Start
2016-03-04 10:36:02Z on time future report... Program END 

Create log file
2016-03-04 10:41:01Z on time future report... Program Start
2016-03-04 10:41:01Z on time future report... Program END 

Create log file
2016-03-04 10:51:01Z on time future report... Program Start
2016-03-04 10:51:01Z on time future report... Program END 

Create log file
2016-03-04 10:56:01Z on time future report... Program Start
2016-03-04 10:56:01Z on time future report... Program END 

Create log file
2016-03-04 11:01:01Z Send 國際股市==>  Program Start
2016-03-04 11:01:01Z Send 國際股市==>  Program END 

Create log file
2016-03-04 11:01:28Z on time future report... Program Start
2016-03-04 11:01:28Z on time future report... Program END 

Create log file
2016-03-04 11:06:05Z on time future report... Program Start
2016-03-04 11:06:05Z on time future report... Program END 

Create log file
2016-03-04 11:11:02Z on time future report... Program Start
2016-03-04 11:11:02Z on time future report... Program END 

Create log file
2016-03-04 11:16:01Z on time future report... Program Start
2016-03-04 11:16:01Z on time future report... Program END 

Create log file
2016-03-04 11:21:02Z on time future report... Program Start
2016-03-04 11:21:02Z on time future report... Program END 

Create log file
2016-03-04 11:26:02Z on time future report... Program Start
2016-03-04 11:26:02Z on time future report... Program END 

Create log file
2016-03-04 11:31:02Z on time future report... Program Start
2016-03-04 11:31:02Z on time future report... Program END 

Create log file
2016-03-04 11:36:01Z on time future report... Program Start
2016-03-04 11:36:01Z on time future report... Program END 

Create log file
2016-03-04 11:41:01Z on time future report... Program Start
2016-03-04 11:41:01Z on time future report... Program END 

Create log file
2016-03-04 11:46:01Z on time future report... Program Start
2016-03-04 11:46:01Z on time future report... Program END 

Create log file
2016-03-04 11:51:01Z on time future report... Program Start
2016-03-04 11:51:01Z on time future report... Program END 

Create log file
2016-03-04 11:56:01Z on time future report... Program Start
2016-03-04 11:56:01Z on time future report... Program END 

Create log file
2016-03-04 12:01:01Z Send 國際股市==>  Program Start
2016-03-04 12:01:01Z Send 國際股市==>  Program END 

Create log file
2016-03-04 12:01:23Z on time future report... Program Start
2016-03-04 12:01:23Z on time future report... Program END 

Create log file
2016-03-04 12:06:01Z on time future report... Program Start
2016-03-04 12:06:01Z on time future report... Program END 

Create log file
2016-03-04 12:11:01Z on time future report... Program Start
2016-03-04 12:11:01Z on time future report... Program END 

Create log file
2016-03-04 12:16:01Z on time future report... Program Start
2016-03-04 12:16:01Z on time future report... Program END 

Create log file
2016-03-04 12:21:01Z on time future report... Program Start
2016-03-04 12:21:01Z on time future report... Program END 

Create log file
2016-03-04 12:31:03Z on time future report... Program Start
2016-03-04 12:31:03Z on time future report... Program END 

Create log file
2016-03-04 12:36:01Z on time future report... Program Start
2016-03-04 12:36:01Z on time future report... Program END 

Create log file
2016-03-04 12:41:01Z on time future report... Program Start
2016-03-04 12:41:01Z on time future report... Program END 

Create log file
2016-03-04 12:46:03Z on time future report... Program Start
2016-03-04 12:46:03Z on time future report... Program END 

Create log file
2016-03-04 12:51:01Z on time future report... Program Start
2016-03-04 12:51:01Z on time future report... Program END 

Create log file
2016-03-04 12:56:01Z on time future report... Program Start
2016-03-04 12:56:01Z on time future report... Program END 

Create log file
2016-03-04 13:01:01Z Send 國際股市==>  Program Start
2016-03-04 13:01:01Z Send 國際股市==>  Program END 

Create log file
2016-03-04 13:01:28Z on time future report... Program Start
2016-03-04 13:01:28Z on time future report... Program END 

Create log file
2016-03-04 13:06:05Z on time future report... Program Start
2016-03-04 13:06:05Z on time future report... Program END 

Create log file
2016-03-04 13:11:01Z on time future report... Program Start
2016-03-04 13:11:01Z on time future report... Program END 

Create log file
2016-03-04 13:16:04Z on time future report... Program Start
2016-03-04 13:16:04Z on time future report... Program END 

Create log file
2016-03-04 13:21:01Z on time future report... Program Start
2016-03-04 13:21:01Z on time future report... Program END 

Create log file
2016-03-04 13:26:01Z on time future report... Program Start
2016-03-04 13:26:01Z on time future report... Program END 

Create log file
2016-03-04 13:31:01Z on time future report... Program Start
2016-03-04 13:31:01Z on time future report... Program END 

Create log file
2016-03-04 13:36:01Z on time future report... Program Start
2016-03-04 13:36:01Z on time future report... Program END 

Create log file
2016-03-04 13:41:01Z on time future report... Program Start
2016-03-04 13:41:01Z on time future report... Program END 

Create log file
2016-03-04 13:46:01Z on time future report... Program Start
2016-03-04 13:46:01Z on time future report... Program END 

Create log file
2016-03-04 14:01:00Z Send 國際股市==>  Program Start
2016-03-04 14:01:00Z Send 國際股市==>  Program END 

Create log file
2016-03-04 15:01:02Z Send 國際股市==>  Program Start
2016-03-04 15:01:02Z Send 國際股市==>  Program END 

Create log file
2016-03-04 15:50:19Z option_insert_daily Program Start
2016-03-04 15:50:19Z option_insert_daily Program END 

Create log file
2016-03-04 15:56:15Z Send Option_OIV_daily Program Start
2016-03-04 15:56:15Z Send Option_OIV_daily Program END 

Create log file
2016-03-04 16:01:00Z Send 國際股市==>  Program Start
2016-03-04 16:01:00Z Send 國際股市==>  Program END 

Create log file
2016-03-04 17:01:04Z Send 國際股市==>  Program Start
2016-03-04 17:01:04Z Send 國際股市==>  Program END 

Create log file
2016-03-04 17:46:30Z Query Stock_id is 3481 Program Start
2016-03-04 17:46:30Z Query Stock_id is 3481 Program END 

Create log file
2016-03-04 17:46:30Z Query Stock_id is 2002 Program Start
2016-03-04 17:46:30Z Query Stock_id is 2002 Program END 

Create log file
2016-03-04 17:46:30Z Query Stock_id is 2885 Program Start
2016-03-04 17:46:30Z Query Stock_id is 2885 Program END 

Create log file
2016-03-04 17:46:31Z Query Stock_id is 2882 Program Start
2016-03-04 17:46:31Z Query Stock_id is 2882 Program END 

Create log file
2016-03-04 17:46:31Z Query Stock_id is 2823 Program Start
2016-03-04 17:46:31Z Query Stock_id is 2823 Program END 

Create log file
2016-03-04 17:46:31Z Query Stock_id is 2883 Program Start
2016-03-04 17:46:31Z Query Stock_id is 2883 Program END 

Create log file
2016-03-04 17:46:31Z Query Stock_id is 2520 Program Start
2016-03-04 17:46:31Z Query Stock_id is 2520 Program END 

Create log file
2016-03-04 17:46:31Z Query Stock_id is 2892 Program Start
2016-03-04 17:46:31Z Query Stock_id is 2892 Program END 

Create log file
2016-03-04 17:46:32Z Query Stock_id is 2303 Program Start
2016-03-04 17:46:32Z Query Stock_id is 2303 Program END 

Create log file
2016-03-04 17:46:32Z Query Stock_id is 2330 Program Start
2016-03-04 17:46:32Z Query Stock_id is 2330 Program END 

Create log file
2016-03-04 17:46:32Z Query Stock_id is 3682 Program Start
2016-03-04 17:46:32Z Query Stock_id is 3682 Program END 

Create log file
2016-03-04 17:46:32Z Query Stock_id is 2324 Program Start
2016-03-04 17:46:32Z Query Stock_id is 2324 Program END 

Create log file
2016-03-04 17:46:32Z Query Stock_id is 2801 Program Start
2016-03-04 17:46:32Z Query Stock_id is 2801 Program END 

Create log file
2016-03-04 17:46:32Z Query Stock_id is 5880 Program Start
2016-03-04 17:46:32Z Query Stock_id is 5880 Program END 

Create log file
2016-03-04 17:46:33Z Query Stock_id is 2880 Program Start
2016-03-04 17:46:33Z Query Stock_id is 2880 Program END 

Create log file
2016-03-04 17:46:33Z Query Stock_id is 2382 Program Start
2016-03-04 17:46:33Z Query Stock_id is 2382 Program END 

Create log file
2016-03-04 17:46:33Z Query Stock_id is 2409 Program Start
2016-03-04 17:46:33Z Query Stock_id is 2409 Program END 

Create log file
2016-03-04 17:46:33Z Query Stock_id is 3474 Program Start
2016-03-04 17:46:33Z Query Stock_id is 3474 Program END 

Create log file
2016-03-04 17:46:33Z Query Stock_id is 3231 Program Start
2016-03-04 17:46:33Z Query Stock_id is 3231 Program END 

Create log file
2016-03-04 17:46:33Z Query Stock_id is 2301 Program Start
2016-03-04 17:46:33Z Query Stock_id is 2301 Program END 

Create log file
2016-03-04 17:46:34Z Query Stock_id is 1312 Program Start
2016-03-04 17:46:34Z Query Stock_id is 1312 Program END 

Create log file
2016-03-04 17:46:34Z Query Stock_id is 2464 Program Start
2016-03-04 17:46:34Z Query Stock_id is 2464 Program END 

Create log file
2016-03-04 17:46:34Z Query Stock_id is 2344 Program Start
2016-03-04 17:46:34Z Query Stock_id is 2344 Program END 

Create log file
2016-03-04 17:46:34Z Query Stock_id is 2449 Program Start
2016-03-04 17:46:34Z Query Stock_id is 2449 Program END 

Create log file
2016-03-04 18:01:03Z Send 國際股市==>  Program Start
2016-03-04 18:01:03Z Send 國際股市==>  Program END 

Create log file
2016-03-04 18:01:30Z Send 國際股市==>  Program Start
2016-03-04 18:01:30Z Send 國際股市==>  Program END 

Create log file
2016-03-04 18:01:52Z Send 國際股市==>  Program Start
2016-03-04 18:01:52Z Send 國際股市==>  Program END 

Create log file
2016-03-04 18:02:14Z Send 國際股市==>  Program Start
2016-03-04 18:02:14Z Send 國際股市==>  Program END 

Create log file
2016-03-04 19:01:03Z Send 國際股市==>  Program Start
2016-03-04 19:01:03Z Send 國際股市==>  Program END 

Create log file
2016-03-04 20:01:00Z Send 國際股市==>  Program Start
2016-03-04 20:01:00Z Send 國際股市==>  Program END 

Create log file
2016-03-04 20:10:05Z stock_data_daily_create_file Program Start
2016-03-04 20:10:05Z stock_data_daily_create_file Program END 

Create log file
2016-03-04 20:20:09Z stock_data_insert_daily Program Start
2016-03-04 20:20:09Z stock_data_insert_daily Program END 

Create log file
2016-03-04 20:30:16Z Send 股市氣象台電子報-今日我最夯<==Strong_UP==>  Program Start
2016-03-04 20:30:16Z Send 股市氣象台電子報-今日我最夯<==Strong_UP==>  Program END 

Create log file
2016-03-04 20:38:48Z Query Stock_id is 2498 Program Start
2016-03-04 20:38:48Z Query Stock_id is 2498 Program END 

Create log file
2016-03-04 20:38:48Z Query Stock_id is 2014 Program Start
2016-03-04 20:38:48Z Query Stock_id is 2014 Program END 

Create log file
2016-03-04 20:38:48Z Query Stock_id is 2542 Program Start
2016-03-04 20:38:48Z Query Stock_id is 2542 Program END 

Create log file
2016-03-04 20:38:48Z Query Stock_id is 2345 Program Start
2016-03-04 20:38:48Z Query Stock_id is 2345 Program END 

Create log file
2016-03-04 20:38:48Z Query Stock_id is 2886 Program Start
2016-03-04 20:38:48Z Query Stock_id is 2886 Program END 

Create log file
2016-03-04 20:38:49Z Query Stock_id is 2883 Program Start
2016-03-04 20:38:49Z Query Stock_id is 2883 Program END 

Create log file
2016-03-04 20:38:49Z Query Stock_id is 2408 Program Start
2016-03-04 20:38:49Z Query Stock_id is 2408 Program END 

Create log file
2016-03-04 20:38:49Z Query Stock_id is 2449 Program Start
2016-03-04 20:38:49Z Query Stock_id is 2449 Program END 

Create log file
2016-03-04 20:38:49Z Query Stock_id is 2887 Program Start
2016-03-04 20:38:49Z Query Stock_id is 2887 Program END 

Create log file
2016-03-04 20:38:49Z Query Stock_id is 2891 Program Start
2016-03-04 20:38:49Z Query Stock_id is 2891 Program END 

Create log file
2016-03-04 20:38:50Z Query Stock_id is 3682 Program Start
2016-03-04 20:38:50Z Query Stock_id is 3682 Program END 

Create log file
2016-03-04 20:38:50Z Query Stock_id is 2354 Program Start
2016-03-04 20:38:50Z Query Stock_id is 2354 Program END 

Create log file
2016-03-04 20:38:50Z Query Stock_id is 1402 Program Start
2016-03-04 20:38:50Z Query Stock_id is 1402 Program END 

Create log file
2016-03-04 20:38:50Z Query Stock_id is 2324 Program Start
2016-03-04 20:38:50Z Query Stock_id is 2324 Program END 

Create log file
2016-03-04 20:38:50Z Query Stock_id is 3474 Program Start
2016-03-04 20:38:50Z Query Stock_id is 3474 Program END 

Create log file
2016-03-04 20:38:50Z Query Stock_id is 3231 Program Start
2016-03-04 20:38:50Z Query Stock_id is 3231 Program END 

Create log file
2016-03-04 20:38:51Z Query Stock_id is 2492 Program Start
2016-03-04 20:38:51Z Query Stock_id is 2492 Program END 

Create log file
2016-03-04 20:38:51Z Query Stock_id is 2311 Program Start
2016-03-04 20:38:51Z Query Stock_id is 2311 Program END 

Create log file
2016-03-04 20:38:51Z Query Stock_id is 2618 Program Start
2016-03-04 20:38:51Z Query Stock_id is 2618 Program END 

Create log file
2016-03-04 20:38:51Z Query Stock_id is 2882 Program Start
2016-03-04 20:38:51Z Query Stock_id is 2882 Program END 

Create log file
2016-03-04 20:38:51Z Query Stock_id is 2303 Program Start
2016-03-04 20:38:51Z Query Stock_id is 2303 Program END 

Create log file
2016-03-04 20:38:52Z Query Stock_id is 2330 Program Start
2016-03-04 20:38:52Z Query Stock_id is 2330 Program END 

Create log file
2016-03-04 20:38:52Z Query Stock_id is 3481 Program Start
2016-03-04 20:38:52Z Query Stock_id is 3481 Program END 

Create log file
2016-03-04 20:38:52Z Query Stock_id is 2002 Program Start
2016-03-04 20:38:52Z Query Stock_id is 2002 Program END 

Create log file
2016-03-04 20:38:52Z Query Stock_id is 2885 Program Start
2016-03-04 20:38:52Z Query Stock_id is 2885 Program END 

Create log file
2016-03-04 20:38:52Z Query Stock_id is 2882 Program Start
2016-03-04 20:38:52Z Query Stock_id is 2882 Program END 

Create log file
2016-03-04 20:38:53Z Query Stock_id is 2823 Program Start
2016-03-04 20:38:53Z Query Stock_id is 2823 Program END 

Create log file
2016-03-04 20:38:53Z Query Stock_id is 2883 Program Start
2016-03-04 20:38:53Z Query Stock_id is 2883 Program END 

Create log file
2016-03-04 20:38:53Z Query Stock_id is 2520 Program Start
2016-03-04 20:38:53Z Query Stock_id is 2520 Program END 

Create log file
2016-03-04 20:38:53Z Query Stock_id is 2892 Program Start
2016-03-04 20:38:53Z Query Stock_id is 2892 Program END 

Create log file
2016-03-04 20:38:53Z Query Stock_id is 2303 Program Start
2016-03-04 20:38:53Z Query Stock_id is 2303 Program END 

Create log file
2016-03-04 20:38:54Z Query Stock_id is 2330 Program Start
2016-03-04 20:38:54Z Query Stock_id is 2330 Program END 

Create log file
2016-03-04 20:38:54Z Query Stock_id is 3682 Program Start
2016-03-04 20:38:54Z Query Stock_id is 3682 Program END 

Create log file
2016-03-04 20:38:54Z Query Stock_id is 2324 Program Start
2016-03-04 20:38:54Z Query Stock_id is 2324 Program END 

Create log file
2016-03-04 20:38:54Z Query Stock_id is 2801 Program Start
2016-03-04 20:38:54Z Query Stock_id is 2801 Program END 

Create log file
2016-03-04 20:38:54Z Query Stock_id is 5880 Program Start
2016-03-04 20:38:54Z Query Stock_id is 5880 Program END 

Create log file
2016-03-04 20:38:55Z Query Stock_id is 2880 Program Start
2016-03-04 20:38:55Z Query Stock_id is 2880 Program END 

Create log file
2016-03-04 20:38:55Z Query Stock_id is 2382 Program Start
2016-03-04 20:38:55Z Query Stock_id is 2382 Program END 

Create log file
2016-03-04 20:38:55Z Query Stock_id is 2409 Program Start
2016-03-04 20:38:55Z Query Stock_id is 2409 Program END 

Create log file
2016-03-04 20:38:55Z Query Stock_id is 3474 Program Start
2016-03-04 20:38:55Z Query Stock_id is 3474 Program END 

Create log file
2016-03-04 20:38:55Z Query Stock_id is 3231 Program Start
2016-03-04 20:38:55Z Query Stock_id is 3231 Program END 

Create log file
2016-03-04 20:38:56Z Query Stock_id is 2301 Program Start
2016-03-04 20:38:56Z Query Stock_id is 2301 Program END 

Create log file
2016-03-04 20:38:56Z Query Stock_id is 1312 Program Start
2016-03-04 20:38:56Z Query Stock_id is 1312 Program END 

Create log file
2016-03-04 20:38:56Z Query Stock_id is 2464 Program Start
2016-03-04 20:38:56Z Query Stock_id is 2464 Program END 

Create log file
2016-03-04 20:38:56Z Query Stock_id is 2344 Program Start
2016-03-04 20:38:56Z Query Stock_id is 2344 Program END 

Create log file
2016-03-04 20:38:56Z Query Stock_id is 2449 Program Start
2016-03-04 20:38:56Z Query Stock_id is 2449 Program END 

Create log file
2016-03-04 21:01:05Z Send 國際股市==>  Program Start
2016-03-04 21:01:05Z Send 國際股市==>  Program END 

Create log file
2016-03-04 21:06:06Z Query Stock_id is 2498 Program Start
2016-03-04 21:06:06Z Query Stock_id is 2498 Program END 

Create log file
2016-03-04 21:06:06Z Query Stock_id is 2014 Program Start
2016-03-04 21:06:06Z Query Stock_id is 2014 Program END 

Create log file
2016-03-04 21:06:06Z Query Stock_id is 2542 Program Start
2016-03-04 21:06:06Z Query Stock_id is 2542 Program END 

Create log file
2016-03-04 21:06:06Z Query Stock_id is 2345 Program Start
2016-03-04 21:06:06Z Query Stock_id is 2345 Program END 

Create log file
2016-03-04 21:06:07Z Query Stock_id is 2886 Program Start
2016-03-04 21:06:07Z Query Stock_id is 2886 Program END 

Create log file
2016-03-04 21:06:07Z Query Stock_id is 2883 Program Start
2016-03-04 21:06:07Z Query Stock_id is 2883 Program END 

Create log file
2016-03-04 21:06:07Z Query Stock_id is 2408 Program Start
2016-03-04 21:06:07Z Query Stock_id is 2408 Program END 

Create log file
2016-03-04 21:06:07Z Query Stock_id is 2449 Program Start
2016-03-04 21:06:07Z Query Stock_id is 2449 Program END 

Create log file
2016-03-04 21:06:07Z Query Stock_id is 2887 Program Start
2016-03-04 21:06:07Z Query Stock_id is 2887 Program END 

Create log file
2016-03-04 21:06:08Z Query Stock_id is 2891 Program Start
2016-03-04 21:06:08Z Query Stock_id is 2891 Program END 

Create log file
2016-03-04 21:06:08Z Query Stock_id is 3682 Program Start
2016-03-04 21:06:08Z Query Stock_id is 3682 Program END 

Create log file
2016-03-04 21:06:08Z Query Stock_id is 2354 Program Start
2016-03-04 21:06:08Z Query Stock_id is 2354 Program END 

Create log file
2016-03-04 21:06:08Z Query Stock_id is 1402 Program Start
2016-03-04 21:06:08Z Query Stock_id is 1402 Program END 

Create log file
2016-03-04 21:06:08Z Query Stock_id is 2324 Program Start
2016-03-04 21:06:08Z Query Stock_id is 2324 Program END 

Create log file
2016-03-04 21:06:08Z Query Stock_id is 3474 Program Start
2016-03-04 21:06:08Z Query Stock_id is 3474 Program END 

Create log file
2016-03-04 21:06:09Z Query Stock_id is 3231 Program Start
2016-03-04 21:06:09Z Query Stock_id is 3231 Program END 

Create log file
2016-03-04 21:06:09Z Query Stock_id is 2492 Program Start
2016-03-04 21:06:09Z Query Stock_id is 2492 Program END 

Create log file
2016-03-04 21:06:09Z Query Stock_id is 2311 Program Start
2016-03-04 21:06:09Z Query Stock_id is 2311 Program END 

Create log file
2016-03-04 21:06:09Z Query Stock_id is 2618 Program Start
2016-03-04 21:06:09Z Query Stock_id is 2618 Program END 

Create log file
2016-03-04 21:06:09Z Query Stock_id is 2882 Program Start
2016-03-04 21:06:09Z Query Stock_id is 2882 Program END 

Create log file
2016-03-04 21:06:10Z Query Stock_id is 2303 Program Start
2016-03-04 21:06:10Z Query Stock_id is 2303 Program END 

Create log file
2016-03-04 21:06:10Z Query Stock_id is 2330 Program Start
2016-03-04 21:06:10Z Query Stock_id is 2330 Program END 

Create log file
2016-03-04 21:06:10Z Query Stock_id is 3481 Program Start
2016-03-04 21:06:10Z Query Stock_id is 3481 Program END 

Create log file
2016-03-04 21:06:11Z Query Stock_id is 2002 Program Start
2016-03-04 21:06:11Z Query Stock_id is 2002 Program END 

Create log file
2016-03-04 21:06:11Z Query Stock_id is 2885 Program Start
2016-03-04 21:06:11Z Query Stock_id is 2885 Program END 

Create log file
2016-03-04 21:06:11Z Query Stock_id is 2882 Program Start
2016-03-04 21:06:11Z Query Stock_id is 2882 Program END 

Create log file
2016-03-04 21:06:11Z Query Stock_id is 2823 Program Start
2016-03-04 21:06:11Z Query Stock_id is 2823 Program END 

Create log file
2016-03-04 21:06:12Z Query Stock_id is 2883 Program Start
2016-03-04 21:06:12Z Query Stock_id is 2883 Program END 

Create log file
2016-03-04 21:06:12Z Query Stock_id is 2520 Program Start
2016-03-04 21:06:12Z Query Stock_id is 2520 Program END 

Create log file
2016-03-04 21:06:12Z Query Stock_id is 2892 Program Start
2016-03-04 21:06:12Z Query Stock_id is 2892 Program END 

Create log file
2016-03-04 21:06:12Z Query Stock_id is 2303 Program Start
2016-03-04 21:06:12Z Query Stock_id is 2303 Program END 

Create log file
2016-03-04 21:06:12Z Query Stock_id is 2330 Program Start
2016-03-04 21:06:12Z Query Stock_id is 2330 Program END 

Create log file
2016-03-04 21:06:13Z Query Stock_id is 3682 Program Start
2016-03-04 21:06:13Z Query Stock_id is 3682 Program END 

Create log file
2016-03-04 21:06:13Z Query Stock_id is 2324 Program Start
2016-03-04 21:06:13Z Query Stock_id is 2324 Program END 

Create log file
2016-03-04 21:06:13Z Query Stock_id is 2801 Program Start
2016-03-04 21:06:13Z Query Stock_id is 2801 Program END 

Create log file
2016-03-04 21:06:13Z Query Stock_id is 5880 Program Start
2016-03-04 21:06:13Z Query Stock_id is 5880 Program END 

Create log file
2016-03-04 21:06:13Z Query Stock_id is 2880 Program Start
2016-03-04 21:06:13Z Query Stock_id is 2880 Program END 

Create log file
2016-03-04 21:06:13Z Query Stock_id is 2382 Program Start
2016-03-04 21:06:13Z Query Stock_id is 2382 Program END 

Create log file
2016-03-04 21:06:14Z Query Stock_id is 2409 Program Start
2016-03-04 21:06:14Z Query Stock_id is 2409 Program END 

Create log file
2016-03-04 21:06:14Z Query Stock_id is 3474 Program Start
2016-03-04 21:06:14Z Query Stock_id is 3474 Program END 

Create log file
2016-03-04 21:06:14Z Query Stock_id is 3231 Program Start
2016-03-04 21:06:14Z Query Stock_id is 3231 Program END 

Create log file
2016-03-04 21:06:14Z Query Stock_id is 2301 Program Start
2016-03-04 21:06:14Z Query Stock_id is 2301 Program END 

Create log file
2016-03-04 21:06:14Z Query Stock_id is 1312 Program Start
2016-03-04 21:06:14Z Query Stock_id is 1312 Program END 

Create log file
2016-03-04 21:06:14Z Query Stock_id is 2464 Program Start
2016-03-04 21:06:14Z Query Stock_id is 2464 Program END 

Create log file
2016-03-04 21:06:15Z Query Stock_id is 2344 Program Start
2016-03-04 21:06:15Z Query Stock_id is 2344 Program END 

Create log file
2016-03-04 21:06:15Z Query Stock_id is 2449 Program Start
2016-03-04 21:06:15Z Query Stock_id is 2449 Program END 

Create log file
2016-03-04 21:08:40Z Query Stock_id is 2498 Program Start
2016-03-04 21:08:40Z Query Stock_id is 2498 Program END 

Create log file
2016-03-04 21:08:40Z Query Stock_id is 2014 Program Start
2016-03-04 21:08:40Z Query Stock_id is 2014 Program END 

Create log file
2016-03-04 21:08:40Z Query Stock_id is 2542 Program Start
2016-03-04 21:08:40Z Query Stock_id is 2542 Program END 

Create log file
2016-03-04 21:08:40Z Query Stock_id is 2345 Program Start
2016-03-04 21:08:40Z Query Stock_id is 2345 Program END 

Create log file
2016-03-04 21:08:40Z Query Stock_id is 2886 Program Start
2016-03-04 21:08:40Z Query Stock_id is 2886 Program END 

Create log file
2016-03-04 21:08:41Z Query Stock_id is 2883 Program Start
2016-03-04 21:08:41Z Query Stock_id is 2883 Program END 

Create log file
2016-03-04 21:08:41Z Query Stock_id is 2408 Program Start
2016-03-04 21:08:41Z Query Stock_id is 2408 Program END 

Create log file
2016-03-04 21:08:41Z Query Stock_id is 2449 Program Start
2016-03-04 21:08:41Z Query Stock_id is 2449 Program END 

Create log file
2016-03-04 21:08:41Z Query Stock_id is 2887 Program Start
2016-03-04 21:08:41Z Query Stock_id is 2887 Program END 

Create log file
2016-03-04 21:08:41Z Query Stock_id is 2891 Program Start
2016-03-04 21:08:41Z Query Stock_id is 2891 Program END 

Create log file
2016-03-04 21:08:41Z Query Stock_id is 3682 Program Start
2016-03-04 21:08:41Z Query Stock_id is 3682 Program END 

Create log file
2016-03-04 21:08:42Z Query Stock_id is 2354 Program Start
2016-03-04 21:08:42Z Query Stock_id is 2354 Program END 

Create log file
2016-03-04 21:08:42Z Query Stock_id is 1402 Program Start
2016-03-04 21:08:42Z Query Stock_id is 1402 Program END 

Create log file
2016-03-04 21:08:42Z Query Stock_id is 2324 Program Start
2016-03-04 21:08:42Z Query Stock_id is 2324 Program END 

Create log file
2016-03-04 21:08:42Z Query Stock_id is 3474 Program Start
2016-03-04 21:08:42Z Query Stock_id is 3474 Program END 

Create log file
2016-03-04 21:08:42Z Query Stock_id is 3231 Program Start
2016-03-04 21:08:42Z Query Stock_id is 3231 Program END 

Create log file
2016-03-04 21:08:43Z Query Stock_id is 2492 Program Start
2016-03-04 21:08:43Z Query Stock_id is 2492 Program END 

Create log file
2016-03-04 21:08:43Z Query Stock_id is 2311 Program Start
2016-03-04 21:08:43Z Query Stock_id is 2311 Program END 

Create log file
2016-03-04 21:08:43Z Query Stock_id is 2618 Program Start
2016-03-04 21:08:43Z Query Stock_id is 2618 Program END 

Create log file
2016-03-04 21:08:43Z Query Stock_id is 2882 Program Start
2016-03-04 21:08:43Z Query Stock_id is 2882 Program END 

Create log file
2016-03-04 21:08:43Z Query Stock_id is 2303 Program Start
2016-03-04 21:08:43Z Query Stock_id is 2303 Program END 

Create log file
2016-03-04 21:08:43Z Query Stock_id is 2330 Program Start
2016-03-04 21:08:43Z Query Stock_id is 2330 Program END 

Create log file
2016-03-04 21:08:44Z Query Stock_id is 3481 Program Start
2016-03-04 21:08:44Z Query Stock_id is 3481 Program END 

Create log file
2016-03-04 21:08:44Z Query Stock_id is 2002 Program Start
2016-03-04 21:08:44Z Query Stock_id is 2002 Program END 

Create log file
2016-03-04 21:08:44Z Query Stock_id is 2885 Program Start
2016-03-04 21:08:44Z Query Stock_id is 2885 Program END 

Create log file
2016-03-04 21:08:44Z Query Stock_id is 2882 Program Start
2016-03-04 21:08:44Z Query Stock_id is 2882 Program END 

Create log file
2016-03-04 21:08:44Z Query Stock_id is 2823 Program Start
2016-03-04 21:08:44Z Query Stock_id is 2823 Program END 

Create log file
2016-03-04 21:08:45Z Query Stock_id is 2883 Program Start
2016-03-04 21:08:45Z Query Stock_id is 2883 Program END 

Create log file
2016-03-04 21:08:45Z Query Stock_id is 2520 Program Start
2016-03-04 21:08:45Z Query Stock_id is 2520 Program END 

Create log file
2016-03-04 21:08:45Z Query Stock_id is 2892 Program Start
2016-03-04 21:08:45Z Query Stock_id is 2892 Program END 

Create log file
2016-03-04 21:08:45Z Query Stock_id is 2303 Program Start
2016-03-04 21:08:45Z Query Stock_id is 2303 Program END 

Create log file
2016-03-04 21:08:45Z Query Stock_id is 2330 Program Start
2016-03-04 21:08:45Z Query Stock_id is 2330 Program END 

Create log file
2016-03-04 21:08:45Z Query Stock_id is 3682 Program Start
2016-03-04 21:08:45Z Query Stock_id is 3682 Program END 

Create log file
2016-03-04 21:08:46Z Query Stock_id is 2324 Program Start
2016-03-04 21:08:46Z Query Stock_id is 2324 Program END 

Create log file
2016-03-04 21:08:46Z Query Stock_id is 2801 Program Start
2016-03-04 21:08:46Z Query Stock_id is 2801 Program END 

Create log file
2016-03-04 21:08:46Z Query Stock_id is 5880 Program Start
2016-03-04 21:08:46Z Query Stock_id is 5880 Program END 

Create log file
2016-03-04 21:08:46Z Query Stock_id is 2880 Program Start
2016-03-04 21:08:46Z Query Stock_id is 2880 Program END 

Create log file
2016-03-04 21:08:46Z Query Stock_id is 2382 Program Start
2016-03-04 21:08:46Z Query Stock_id is 2382 Program END 

Create log file
2016-03-04 21:08:46Z Query Stock_id is 2409 Program Start
2016-03-04 21:08:46Z Query Stock_id is 2409 Program END 

Create log file
2016-03-04 21:08:47Z Query Stock_id is 3474 Program Start
2016-03-04 21:08:47Z Query Stock_id is 3474 Program END 

Create log file
2016-03-04 21:08:47Z Query Stock_id is 3231 Program Start
2016-03-04 21:08:47Z Query Stock_id is 3231 Program END 

Create log file
2016-03-04 21:08:47Z Query Stock_id is 2301 Program Start
2016-03-04 21:08:47Z Query Stock_id is 2301 Program END 

Create log file
2016-03-04 21:08:47Z Query Stock_id is 1312 Program Start
2016-03-04 21:08:47Z Query Stock_id is 1312 Program END 

Create log file
2016-03-04 21:08:47Z Query Stock_id is 2464 Program Start
2016-03-04 21:08:47Z Query Stock_id is 2464 Program END 

Create log file
2016-03-04 21:08:47Z Query Stock_id is 2344 Program Start
2016-03-04 21:08:47Z Query Stock_id is 2344 Program END 

Create log file
2016-03-04 21:08:48Z Query Stock_id is 2449 Program Start
2016-03-04 21:08:48Z Query Stock_id is 2449 Program END 

Create log file
2016-03-04 22:01:03Z Send 國際股市==>  Program Start
2016-03-04 22:01:03Z Send 國際股市==>  Program END 

Create log file
2016-03-04 22:01:31Z Send 國際股市==>  Program Start
2016-03-04 22:01:31Z Send 國際股市==>  Program END 

