Create log file
2016-12-27 00:01:01Z Send 國際股市==>  Program Start
2016-12-27 00:01:01Z Send 國際股市==>  Program END 

Create log file
2016-12-27 01:01:07Z Send 國際股市==>  Program Start
2016-12-27 01:01:07Z Send 國際股市==>  Program END 

Create log file
2016-12-27 08:01:02Z Send 國際股市==>  Program Start
2016-12-27 08:01:02Z Send 國際股市==>  Program END 

Create log file
2016-12-27 08:46:03Z on time future report... Program Start
2016-12-27 08:46:03Z on time future report... Program END 

Create log file
2016-12-27 08:51:03Z on time future report... Program Start
2016-12-27 08:51:03Z on time future report... Program END 

Create log file
2016-12-27 08:56:03Z on time future report... Program Start
2016-12-27 08:56:03Z on time future report... Program END 

Create log file
2016-12-27 09:01:02Z Send 國際股市==>  Program Start
2016-12-27 09:01:02Z Send 國際股市==>  Program END 

Create log file
2016-12-27 09:01:06Z on time future report... Program Start
2016-12-27 09:01:06Z on time future report... Program END 

Create log file
2016-12-27 09:06:03Z on time future report... Program Start
2016-12-27 09:06:03Z on time future report... Program END 

Create log file
2016-12-27 09:11:04Z on time future report... Program Start
2016-12-27 09:11:04Z on time future report... Program END 

Create log file
2016-12-27 09:16:03Z on time future report... Program Start
2016-12-27 09:16:03Z on time future report... Program END 

Create log file
2016-12-27 09:21:03Z on time future report... Program Start
2016-12-27 09:21:03Z on time future report... Program END 

Create log file
2016-12-27 09:26:04Z on time future report... Program Start
2016-12-27 09:26:04Z on time future report... Program END 

Create log file
2016-12-27 09:31:03Z on time future report... Program Start
2016-12-27 09:31:03Z on time future report... Program END 

Create log file
2016-12-27 09:36:03Z on time future report... Program Start
2016-12-27 09:36:03Z on time future report... Program END 

Create log file
2016-12-27 09:41:03Z on time future report... Program Start
2016-12-27 09:41:03Z on time future report... Program END 

Create log file
2016-12-27 09:46:03Z on time future report... Program Start
2016-12-27 09:46:03Z on time future report... Program END 

Create log file
2016-12-27 09:51:04Z on time future report... Program Start
2016-12-27 09:51:04Z on time future report... Program END 

Create log file
2016-12-27 09:56:03Z on time future report... Program Start
2016-12-27 09:56:03Z on time future report... Program END 

Create log file
2016-12-27 10:01:02Z Send 國際股市==>  Program Start
2016-12-27 10:01:02Z Send 國際股市==>  Program END 

Create log file
2016-12-27 10:01:05Z on time future report... Program Start
2016-12-27 10:01:05Z on time future report... Program END 

Create log file
2016-12-27 10:06:03Z on time future report... Program Start
2016-12-27 10:06:03Z on time future report... Program END 

Create log file
2016-12-27 10:11:03Z on time future report... Program Start
2016-12-27 10:11:03Z on time future report... Program END 

Create log file
2016-12-27 10:16:03Z on time future report... Program Start
2016-12-27 10:16:03Z on time future report... Program END 

Create log file
2016-12-27 10:21:03Z on time future report... Program Start
2016-12-27 10:21:03Z on time future report... Program END 

Create log file
2016-12-27 10:26:03Z on time future report... Program Start
2016-12-27 10:26:03Z on time future report... Program END 

Create log file
2016-12-27 10:31:03Z on time future report... Program Start
2016-12-27 10:31:03Z on time future report... Program END 

Create log file
2016-12-27 10:36:03Z on time future report... Program Start
2016-12-27 10:36:03Z on time future report... Program END 

Create log file
2016-12-27 10:41:03Z on time future report... Program Start
2016-12-27 10:41:03Z on time future report... Program END 

Create log file
2016-12-27 10:46:03Z on time future report... Program Start
2016-12-27 10:46:03Z on time future report... Program END 

Create log file
2016-12-27 10:51:03Z on time future report... Program Start
2016-12-27 10:51:03Z on time future report... Program END 

Create log file
2016-12-27 10:56:05Z on time future report... Program Start
2016-12-27 10:56:05Z on time future report... Program END 

Create log file
2016-12-27 11:01:01Z Send 國際股市==>  Program Start
2016-12-27 11:01:01Z Send 國際股市==>  Program END 

Create log file
2016-12-27 11:01:08Z on time future report... Program Start
2016-12-27 11:01:08Z on time future report... Program END 

Create log file
2016-12-27 11:06:03Z on time future report... Program Start
2016-12-27 11:06:03Z on time future report... Program END 

Create log file
2016-12-27 11:11:03Z on time future report... Program Start
2016-12-27 11:11:03Z on time future report... Program END 

Create log file
2016-12-27 11:16:03Z on time future report... Program Start
2016-12-27 11:16:03Z on time future report... Program END 

Create log file
2016-12-27 11:26:01Z on time future report... Program Start
2016-12-27 11:26:01Z on time future report... Program END 

Create log file
2016-12-27 11:31:03Z on time future report... Program Start
2016-12-27 11:31:03Z on time future report... Program END 

Create log file
2016-12-27 11:36:03Z on time future report... Program Start
2016-12-27 11:36:03Z on time future report... Program END 

Create log file
2016-12-27 11:41:01Z on time future report... Program Start
2016-12-27 11:41:01Z on time future report... Program END 

Create log file
2016-12-27 11:46:01Z on time future report... Program Start
2016-12-27 11:46:01Z on time future report... Program END 

Create log file
2016-12-27 11:51:05Z on time future report... Program Start
2016-12-27 11:51:05Z on time future report... Program END 

Create log file
2016-12-27 11:56:01Z on time future report... Program Start
2016-12-27 11:56:01Z on time future report... Program END 

Create log file
2016-12-27 12:01:02Z Send 國際股市==>  Program Start
2016-12-27 12:01:02Z Send 國際股市==>  Program END 

Create log file
2016-12-27 12:01:03Z on time future report... Program Start
2016-12-27 12:01:03Z on time future report... Program END 

Create log file
2016-12-27 12:06:02Z on time future report... Program Start
2016-12-27 12:06:02Z on time future report... Program END 

Create log file
2016-12-27 12:11:01Z on time future report... Program Start
2016-12-27 12:11:01Z on time future report... Program END 

Create log file
2016-12-27 12:16:01Z on time future report... Program Start
2016-12-27 12:16:01Z on time future report... Program END 

Create log file
2016-12-27 12:21:03Z on time future report... Program Start
2016-12-27 12:21:03Z on time future report... Program END 

Create log file
2016-12-27 12:26:01Z on time future report... Program Start
2016-12-27 12:26:01Z on time future report... Program END 

Create log file
2016-12-27 12:31:01Z on time future report... Program Start
2016-12-27 12:31:01Z on time future report... Program END 

Create log file
2016-12-27 12:36:01Z on time future report... Program Start
2016-12-27 12:36:01Z on time future report... Program END 

Create log file
2016-12-27 12:41:03Z on time future report... Program Start
2016-12-27 12:41:03Z on time future report... Program END 

Create log file
2016-12-27 12:46:01Z on time future report... Program Start
2016-12-27 12:46:01Z on time future report... Program END 

Create log file
2016-12-27 12:51:01Z on time future report... Program Start
2016-12-27 12:51:01Z on time future report... Program END 

Create log file
2016-12-27 12:56:02Z on time future report... Program Start
2016-12-27 12:56:02Z on time future report... Program END 

Create log file
2016-12-27 13:01:02Z on time future report... Program Start
2016-12-27 13:01:02Z on time future report... Program END 

Create log file
2016-12-27 13:01:02Z Send 國際股市==>  Program Start
2016-12-27 13:01:02Z Send 國際股市==>  Program END 

Create log file
2016-12-27 13:06:01Z on time future report... Program Start
2016-12-27 13:06:01Z on time future report... Program END 

Create log file
2016-12-27 13:11:02Z on time future report... Program Start
2016-12-27 13:11:02Z on time future report... Program END 

Create log file
2016-12-27 13:16:01Z on time future report... Program Start
2016-12-27 13:16:01Z on time future report... Program END 

Create log file
2016-12-27 13:21:01Z on time future report... Program Start
2016-12-27 13:21:01Z on time future report... Program END 

Create log file
2016-12-27 13:26:01Z on time future report... Program Start
2016-12-27 13:26:01Z on time future report... Program END 

Create log file
2016-12-27 13:31:02Z on time future report... Program Start
2016-12-27 13:31:02Z on time future report... Program END 

Create log file
2016-12-27 13:36:01Z on time future report... Program Start
2016-12-27 13:36:01Z on time future report... Program END 

Create log file
2016-12-27 13:41:01Z on time future report... Program Start
2016-12-27 13:41:01Z on time future report... Program END 

Create log file
2016-12-27 13:46:01Z on time future report... Program Start
2016-12-27 13:46:01Z on time future report... Program END 

Create log file
2016-12-27 14:01:01Z Send 國際股市==>  Program Start
2016-12-27 14:01:01Z Send 國際股市==>  Program END 

Create log file
2016-12-27 15:01:01Z Send 國際股市==>  Program Start
2016-12-27 15:01:01Z Send 國際股市==>  Program END 

Create log file
2016-12-27 15:50:14Z option_insert_daily Program Start
2016-12-27 15:50:14Z option_insert_daily Program END 

Create log file
2016-12-27 16:01:01Z Send 國際股市==>  Program Start
2016-12-27 16:01:01Z Send 國際股市==>  Program END 

Create log file
2016-12-27 17:01:01Z Send 國際股市==>  Program Start
2016-12-27 17:01:01Z Send 國際股市==>  Program END 

Create log file
2016-12-27 17:11:07Z Query Stock_id is 2406 Program Start
2016-12-27 17:11:07Z Query Stock_id is 2406 Program END 

Create log file
2016-12-27 17:11:08Z Query Stock_id is 6220 Program Start
2016-12-27 17:11:08Z Query Stock_id is 6220 Program END 

Create log file
2016-12-27 17:11:08Z Query Stock_id is 2312 Program Start
2016-12-27 17:11:08Z Query Stock_id is 2312 Program END 

Create log file
2016-12-27 17:11:08Z Query Stock_id is 2371 Program Start
2016-12-27 17:11:08Z Query Stock_id is 2371 Program END 

Create log file
2016-12-27 17:11:08Z Query Stock_id is 3481 Program Start
2016-12-27 17:11:08Z Query Stock_id is 3481 Program END 

Create log file
2016-12-27 17:11:08Z Query Stock_id is 2408 Program Start
2016-12-27 17:11:08Z Query Stock_id is 2408 Program END 

Create log file
2016-12-27 18:01:01Z Send 國際股市==>  Program Start
2016-12-27 18:01:01Z Send 國際股市==>  Program END 

Create log file
2016-12-27 18:01:27Z Send 國際股市==>  Program Start
2016-12-27 18:01:27Z Send 國際股市==>  Program END 

Create log file
2016-12-27 18:01:49Z Send 國際股市==>  Program Start
2016-12-27 18:01:49Z Send 國際股市==>  Program END 

Create log file
2016-12-27 18:02:11Z Send 國際股市==>  Program Start
2016-12-27 18:02:11Z Send 國際股市==>  Program END 

Create log file
2016-12-27 18:02:34Z Send 國際股市==>  Program Start
2016-12-27 18:02:34Z Send 國際股市==>  Program END 

Create log file
2016-12-27 19:01:01Z Send 國際股市==>  Program Start
2016-12-27 19:01:01Z Send 國際股市==>  Program END 

Create log file
2016-12-27 19:50:46Z Send 國際股市==>  Program Start
2016-12-27 19:50:46Z Send 國際股市==>  Program END 

Create log file
2016-12-27 20:10:05Z stock_data_daily_create_file Program Start
2016-12-27 20:10:05Z stock_data_daily_create_file Program END 

Create log file
2016-12-27 20:20:03Z stock_data_insert_daily Program Start
2016-12-27 20:20:03Z stock_data_insert_daily Program END 

Create log file
2016-12-27 20:30:08Z Send 股市氣象台電子報-今日我最夯<==Strong_UP==>  Program Start
2016-12-27 20:30:08Z Send 股市氣象台電子報-今日我最夯<==Strong_UP==>  Program END 

Create log file
2016-12-27 21:01:01Z Send 國際股市==>  Program Start
2016-12-27 21:01:01Z Send 國際股市==>  Program END 

Create log file
2016-12-27 22:01:03Z Send 國際股市==>  Program Start
2016-12-27 22:01:03Z Send 國際股市==>  Program END 

Create log file
2016-12-27 22:01:28Z Send 國際股市==>  Program Start
2016-12-27 22:01:28Z Send 國際股市==>  Program END 

Create log file
2016-12-27 22:01:50Z Send 國際股市==>  Program Start
2016-12-27 22:01:50Z Send 國際股市==>  Program END 

Create log file
2016-12-27 23:01:03Z Send 國際股市==>  Program Start
2016-12-27 23:01:03Z Send 國際股市==>  Program END 

Create log file
2016-12-27 23:01:28Z Send 國際股市==>  Program Start
2016-12-27 23:01:28Z Send 國際股市==>  Program END 

Create log file
2016-12-27 23:20:38Z Query Stock_id is 2317 Program Start
2016-12-27 23:20:38Z Query Stock_id is 2317 Program END 

Create log file
2016-12-27 23:20:38Z Query Stock_id is 2406 Program Start
2016-12-27 23:20:38Z Query Stock_id is 2406 Program END 

Create log file
2016-12-27 23:20:39Z Query Stock_id is 6220 Program Start
2016-12-27 23:20:39Z Query Stock_id is 6220 Program END 

Create log file
2016-12-27 23:20:39Z Query Stock_id is 2312 Program Start
2016-12-27 23:20:39Z Query Stock_id is 2312 Program END 

Create log file
2016-12-27 23:20:39Z Query Stock_id is 2371 Program Start
2016-12-27 23:20:39Z Query Stock_id is 2371 Program END 

Create log file
2016-12-27 23:20:39Z Query Stock_id is 3481 Program Start
2016-12-27 23:20:39Z Query Stock_id is 3481 Program END 

Create log file
2016-12-27 23:20:39Z Query Stock_id is 2408 Program Start
2016-12-27 23:20:39Z Query Stock_id is 2408 Program END 

