Create log file
2016-03-01 00:01:03Z Send 國際股市==>  Program Start
2016-03-01 00:01:03Z Send 國際股市==>  Program END 

Create log file
2016-03-01 01:01:03Z Send 國際股市==>  Program Start
2016-03-01 01:01:03Z Send 國際股市==>  Program END 

Create log file
2016-03-01 08:01:01Z Send 國際股市==>  Program Start
2016-03-01 08:01:01Z Send 國際股市==>  Program END 

Create log file
2016-03-01 08:01:30Z Send 國際股市==>  Program Start
2016-03-01 08:01:30Z Send 國際股市==>  Program END 

Create log file
2016-03-01 08:01:52Z Send 國際股市==>  Program Start
2016-03-01 08:01:52Z Send 國際股市==>  Program END 

Create log file
2016-03-01 08:46:03Z on time future report... Program Start
2016-03-01 08:46:03Z on time future report... Program END 

Create log file
2016-03-01 08:51:01Z on time future report... Program Start
2016-03-01 08:51:01Z on time future report... Program END 

Create log file
2016-03-01 08:56:01Z on time future report... Program Start
2016-03-01 08:56:01Z on time future report... Program END 

Create log file
2016-03-01 09:01:02Z on time future report... Program Start
2016-03-01 09:01:02Z on time future report... Program END 

Create log file
2016-03-01 09:01:02Z Send 國際股市==>  Program Start
2016-03-01 09:01:02Z Send 國際股市==>  Program END 

Create log file
2016-03-01 09:06:02Z on time future report... Program Start
2016-03-01 09:06:02Z on time future report... Program END 

Create log file
2016-03-01 09:11:03Z on time future report... Program Start
2016-03-01 09:11:03Z on time future report... Program END 

Create log file
2016-03-01 09:16:04Z on time future report... Program Start
2016-03-01 09:16:04Z on time future report... Program END 

Create log file
2016-03-01 09:21:06Z on time future report... Program Start
2016-03-01 09:21:06Z on time future report... Program END 

Create log file
2016-03-01 09:26:01Z on time future report... Program Start
2016-03-01 09:26:01Z on time future report... Program END 

Create log file
2016-03-01 09:31:01Z on time future report... Program Start
2016-03-01 09:31:01Z on time future report... Program END 

Create log file
2016-03-01 09:36:01Z on time future report... Program Start
2016-03-01 09:36:01Z on time future report... Program END 

Create log file
2016-03-01 09:41:01Z on time future report... Program Start
2016-03-01 09:41:01Z on time future report... Program END 

Create log file
2016-03-01 09:46:01Z on time future report... Program Start
2016-03-01 09:46:01Z on time future report... Program END 

Create log file
2016-03-01 09:51:04Z on time future report... Program Start
2016-03-01 09:51:04Z on time future report... Program END 

Create log file
2016-03-01 09:56:01Z on time future report... Program Start
2016-03-01 09:56:01Z on time future report... Program END 

Create log file
2016-03-01 10:01:02Z on time future report... Program Start
2016-03-01 10:01:02Z on time future report... Program END 

Create log file
2016-03-01 10:01:02Z Send 國際股市==>  Program Start
2016-03-01 10:01:02Z Send 國際股市==>  Program END 

Create log file
2016-03-01 10:06:01Z on time future report... Program Start
2016-03-01 10:06:01Z on time future report... Program END 

Create log file
2016-03-01 10:11:01Z on time future report... Program Start
2016-03-01 10:11:01Z on time future report... Program END 

Create log file
2016-03-01 10:16:01Z on time future report... Program Start
2016-03-01 10:16:01Z on time future report... Program END 

Create log file
2016-03-01 10:21:01Z on time future report... Program Start
2016-03-01 10:21:01Z on time future report... Program END 

Create log file
2016-03-01 10:26:01Z on time future report... Program Start
2016-03-01 10:26:01Z on time future report... Program END 

Create log file
2016-03-01 10:31:02Z on time future report... Program Start
2016-03-01 10:31:02Z on time future report... Program END 

Create log file
2016-03-01 10:36:03Z on time future report... Program Start
2016-03-01 10:36:03Z on time future report... Program END 

Create log file
2016-03-01 10:41:01Z on time future report... Program Start
2016-03-01 10:41:01Z on time future report... Program END 

Create log file
2016-03-01 10:46:01Z on time future report... Program Start
2016-03-01 10:46:01Z on time future report... Program END 

Create log file
2016-03-01 10:51:01Z on time future report... Program Start
2016-03-01 10:51:01Z on time future report... Program END 

Create log file
2016-03-01 10:56:02Z on time future report... Program Start
2016-03-01 10:56:02Z on time future report... Program END 

Create log file
2016-03-01 11:01:01Z on time future report... Program Start
2016-03-01 11:01:01Z on time future report... Program END 

Create log file
2016-03-01 11:01:02Z Send 國際股市==>  Program Start
2016-03-01 11:01:02Z Send 國際股市==>  Program END 

Create log file
2016-03-01 11:06:01Z on time future report... Program Start
2016-03-01 11:06:01Z on time future report... Program END 

Create log file
2016-03-01 11:11:01Z on time future report... Program Start
2016-03-01 11:11:01Z on time future report... Program END 

Create log file
2016-03-01 11:16:02Z on time future report... Program Start
2016-03-01 11:16:02Z on time future report... Program END 

Create log file
2016-03-01 11:21:01Z on time future report... Program Start
2016-03-01 11:21:01Z on time future report... Program END 

Create log file
2016-03-01 11:26:01Z on time future report... Program Start
2016-03-01 11:26:01Z on time future report... Program END 

Create log file
2016-03-01 11:31:01Z on time future report... Program Start
2016-03-01 11:31:01Z on time future report... Program END 

Create log file
2016-03-01 11:36:03Z on time future report... Program Start
2016-03-01 11:36:03Z on time future report... Program END 

Create log file
2016-03-01 11:41:01Z on time future report... Program Start
2016-03-01 11:41:01Z on time future report... Program END 

Create log file
2016-03-01 11:46:01Z on time future report... Program Start
2016-03-01 11:46:01Z on time future report... Program END 

Create log file
2016-03-01 11:51:01Z on time future report... Program Start
2016-03-01 11:51:01Z on time future report... Program END 

Create log file
2016-03-01 11:56:01Z on time future report... Program Start
2016-03-01 11:56:01Z on time future report... Program END 

Create log file
2016-03-01 12:01:04Z on time future report... Program Start
2016-03-01 12:01:04Z on time future report... Program END 

Create log file
2016-03-01 12:01:05Z Send 國際股市==>  Program Start
2016-03-01 12:01:05Z Send 國際股市==>  Program END 

Create log file
2016-03-01 12:06:01Z on time future report... Program Start
2016-03-01 12:06:01Z on time future report... Program END 

Create log file
2016-03-01 12:16:01Z on time future report... Program Start
2016-03-01 12:16:01Z on time future report... Program END 

Create log file
2016-03-01 12:21:02Z on time future report... Program Start
2016-03-01 12:21:02Z on time future report... Program END 

Create log file
2016-03-01 12:26:01Z on time future report... Program Start
2016-03-01 12:26:01Z on time future report... Program END 

Create log file
2016-03-01 12:31:01Z on time future report... Program Start
2016-03-01 12:31:01Z on time future report... Program END 

Create log file
2016-03-01 12:36:01Z on time future report... Program Start
2016-03-01 12:36:01Z on time future report... Program END 

Create log file
2016-03-01 12:41:01Z on time future report... Program Start
2016-03-01 12:41:01Z on time future report... Program END 

Create log file
2016-03-01 12:46:04Z on time future report... Program Start
2016-03-01 12:46:04Z on time future report... Program END 

Create log file
2016-03-01 12:51:02Z on time future report... Program Start
2016-03-01 12:51:02Z on time future report... Program END 

Create log file
2016-03-01 12:56:01Z on time future report... Program Start
2016-03-01 12:56:01Z on time future report... Program END 

Create log file
2016-03-01 13:01:01Z Send 國際股市==>  Program Start
2016-03-01 13:01:01Z Send 國際股市==>  Program END 

Create log file
2016-03-01 13:01:28Z on time future report... Program Start
2016-03-01 13:01:28Z on time future report... Program END 

Create log file
2016-03-01 13:06:02Z on time future report... Program Start
2016-03-01 13:06:02Z on time future report... Program END 

Create log file
2016-03-01 13:11:01Z on time future report... Program Start
2016-03-01 13:11:01Z on time future report... Program END 

Create log file
2016-03-01 13:16:02Z on time future report... Program Start
2016-03-01 13:16:02Z on time future report... Program END 

Create log file
2016-03-01 13:21:03Z on time future report... Program Start
2016-03-01 13:21:03Z on time future report... Program END 

Create log file
2016-03-01 13:26:01Z on time future report... Program Start
2016-03-01 13:26:01Z on time future report... Program END 

Create log file
2016-03-01 13:31:01Z on time future report... Program Start
2016-03-01 13:31:01Z on time future report... Program END 

Create log file
2016-03-01 13:36:01Z on time future report... Program Start
2016-03-01 13:36:01Z on time future report... Program END 

Create log file
2016-03-01 13:41:02Z on time future report... Program Start
2016-03-01 13:41:02Z on time future report... Program END 

Create log file
2016-03-01 13:46:01Z on time future report... Program Start
2016-03-01 13:46:01Z on time future report... Program END 

Create log file
2016-03-01 14:01:01Z Send 國際股市==>  Program Start
2016-03-01 14:01:01Z Send 國際股市==>  Program END 

Create log file
2016-03-01 14:20:26Z Query Stock_id is 3596 Program Start
2016-03-01 14:20:26Z Query Stock_id is 3596 Program END 

Create log file
2016-03-01 14:20:26Z Query Stock_id is 2002 Program Start
2016-03-01 14:20:26Z Query Stock_id is 2002 Program END 

Create log file
2016-03-01 14:20:26Z Query Stock_id is 2891 Program Start
2016-03-01 14:20:26Z Query Stock_id is 2891 Program END 

Create log file
2016-03-01 14:20:26Z Query Stock_id is 2449 Program Start
2016-03-01 14:20:26Z Query Stock_id is 2449 Program END 

Create log file
2016-03-01 14:20:26Z Query Stock_id is 3037 Program Start
2016-03-01 14:20:26Z Query Stock_id is 3037 Program END 

Create log file
2016-03-01 14:20:27Z Query Stock_id is 2421 Program Start
2016-03-01 14:20:27Z Query Stock_id is 2421 Program END 

Create log file
2016-03-01 14:20:27Z Query Stock_id is 2834 Program Start
2016-03-01 14:20:27Z Query Stock_id is 2834 Program END 

Create log file
2016-03-01 14:20:27Z Query Stock_id is 1303 Program Start
2016-03-01 14:20:27Z Query Stock_id is 1303 Program END 

Create log file
2016-03-01 14:20:27Z Query Stock_id is 5871 Program Start
2016-03-01 14:20:27Z Query Stock_id is 5871 Program END 

Create log file
2016-03-01 14:20:27Z Query Stock_id is 2311 Program Start
2016-03-01 14:20:27Z Query Stock_id is 2311 Program END 

Create log file
2016-03-01 14:20:27Z Query Stock_id is 2301 Program Start
2016-03-01 14:20:27Z Query Stock_id is 2301 Program END 

Create log file
2016-03-01 14:20:28Z Query Stock_id is 2892 Program Start
2016-03-01 14:20:28Z Query Stock_id is 2892 Program END 

Create log file
2016-03-01 14:20:28Z Query Stock_id is 5880 Program Start
2016-03-01 14:20:28Z Query Stock_id is 5880 Program END 

Create log file
2016-03-01 14:20:28Z Query Stock_id is 2883 Program Start
2016-03-01 14:20:28Z Query Stock_id is 2883 Program END 

Create log file
2016-03-01 14:20:28Z Query Stock_id is 2610 Program Start
2016-03-01 14:20:28Z Query Stock_id is 2610 Program END 

Create log file
2016-03-01 14:20:28Z Query Stock_id is 2344 Program Start
2016-03-01 14:20:28Z Query Stock_id is 2344 Program END 

Create log file
2016-03-01 14:20:29Z Query Stock_id is 3576 Program Start
2016-03-01 14:20:29Z Query Stock_id is 3576 Program END 

Create log file
2016-03-01 14:20:29Z Query Stock_id is 3041 Program Start
2016-03-01 14:20:29Z Query Stock_id is 3041 Program END 

Create log file
2016-03-01 14:20:29Z Query Stock_id is 6282 Program Start
2016-03-01 14:20:29Z Query Stock_id is 6282 Program END 

Create log file
2016-03-01 14:20:29Z Query Stock_id is 3682 Program Start
2016-03-01 14:20:29Z Query Stock_id is 3682 Program END 

Create log file
2016-03-01 14:20:29Z Query Stock_id is 2618 Program Start
2016-03-01 14:20:29Z Query Stock_id is 2618 Program END 

Create log file
2016-03-01 14:20:29Z Query Stock_id is 4904 Program Start
2016-03-01 14:20:29Z Query Stock_id is 4904 Program END 

Create log file
2016-03-01 14:20:30Z Query Stock_id is 2330 Program Start
2016-03-01 14:20:30Z Query Stock_id is 2330 Program END 

Create log file
2016-03-01 14:20:30Z Query Stock_id is 2409 Program Start
2016-03-01 14:20:30Z Query Stock_id is 2409 Program END 

Create log file
2016-03-01 15:01:00Z Send 國際股市==>  Program Start
2016-03-01 15:01:00Z Send 國際股市==>  Program END 

Create log file
2016-03-01 15:50:19Z option_insert_daily Program Start
2016-03-01 15:50:19Z option_insert_daily Program END 

Create log file
2016-03-01 15:56:26Z Send Option_OIV_daily Program Start
2016-03-01 15:56:26Z Send Option_OIV_daily Program END 

Create log file
2016-03-01 16:01:00Z Send 國際股市==>  Program Start
2016-03-01 16:01:00Z Send 國際股市==>  Program END 

Create log file
2016-03-01 17:01:01Z Send 國際股市==>  Program Start
2016-03-01 17:01:01Z Send 國際股市==>  Program END 

Create log file
2016-03-01 18:01:01Z Send 國際股市==>  Program Start
2016-03-01 18:01:01Z Send 國際股市==>  Program END 

Create log file
2016-03-01 18:01:28Z Send 國際股市==>  Program Start
2016-03-01 18:01:28Z Send 國際股市==>  Program END 

Create log file
2016-03-01 18:01:51Z Send 國際股市==>  Program Start
2016-03-01 18:01:51Z Send 國際股市==>  Program END 

Create log file
2016-03-01 18:02:14Z Send 國際股市==>  Program Start
2016-03-01 18:02:14Z Send 國際股市==>  Program END 

Create log file
2016-03-01 19:01:01Z Send 國際股市==>  Program Start
2016-03-01 19:01:01Z Send 國際股市==>  Program END 

Create log file
2016-03-01 19:01:27Z Send 國際股市==>  Program Start
2016-03-01 19:01:27Z Send 國際股市==>  Program END 

Create log file
2016-03-01 19:01:51Z Send 國際股市==>  Program Start
2016-03-01 19:01:51Z Send 國際股市==>  Program END 

Create log file
2016-03-01 20:01:03Z Send 國際股市==>  Program Start
2016-03-01 20:01:03Z Send 國際股市==>  Program END 

Create log file
2016-03-01 20:10:10Z stock_data_daily_create_file Program Start
2016-03-01 20:10:10Z stock_data_daily_create_file Program END 

Create log file
2016-03-01 20:20:07Z stock_data_insert_daily Program Start
2016-03-01 20:20:07Z stock_data_insert_daily Program END 

Create log file
2016-03-01 20:30:14Z Send 股市氣象台電子報-今日我最夯<==Strong_UP==>  Program Start
2016-03-01 20:30:14Z Send 股市氣象台電子報-今日我最夯<==Strong_UP==>  Program END 

Create log file
2016-03-01 21:01:07Z Send 國際股市==>  Program Start
2016-03-01 21:01:07Z Send 國際股市==>  Program END 

Create log file
2016-03-01 22:01:11Z Send 國際股市==>  Program Start
2016-03-01 22:01:11Z Send 國際股市==>  Program END 

Create log file
2016-03-01 22:01:41Z Send 國際股市==>  Program Start
2016-03-01 22:01:41Z Send 國際股市==>  Program END 

Create log file
2016-03-01 23:01:08Z Send 國際股市==>  Program Start
2016-03-01 23:01:08Z Send 國際股市==>  Program END 

Create log file
2016-03-01 23:38:55Z Query Stock_id is 6147 Program Start
2016-03-01 23:38:55Z Query Stock_id is 6147 Program END 

Create log file
2016-03-01 23:38:56Z Query Stock_id is 2344 Program Start
2016-03-01 23:38:56Z Query Stock_id is 2344 Program END 

Create log file
2016-03-01 23:38:56Z Query Stock_id is 2474 Program Start
2016-03-01 23:38:56Z Query Stock_id is 2474 Program END 

Create log file
2016-03-01 23:38:57Z Query Stock_id is 3704 Program Start
2016-03-01 23:38:57Z Query Stock_id is 3704 Program END 

Create log file
2016-03-01 23:38:57Z Query Stock_id is 2324 Program Start
2016-03-01 23:38:57Z Query Stock_id is 2324 Program END 

Create log file
2016-03-01 23:38:58Z Query Stock_id is 2892 Program Start
2016-03-01 23:38:58Z Query Stock_id is 2892 Program END 

Create log file
2016-03-01 23:38:58Z Query Stock_id is 5871 Program Start
2016-03-01 23:38:58Z Query Stock_id is 5871 Program END 

Create log file
2016-03-01 23:39:14Z Query Stock_id is 2412 Program Start
2016-03-01 23:39:14Z Query Stock_id is 2412 Program END 

Create log file
2016-03-01 23:39:15Z Query Stock_id is 8069 Program Start
2016-03-01 23:39:15Z Query Stock_id is 8069 Program END 

Create log file
2016-03-01 23:39:16Z Query Stock_id is 2352 Program Start
2016-03-01 23:39:16Z Query Stock_id is 2352 Program END 

Create log file
2016-03-01 23:39:17Z Query Stock_id is 1301 Program Start
2016-03-01 23:39:17Z Query Stock_id is 1301 Program END 

Create log file
2016-03-01 23:39:19Z Query Stock_id is 2382 Program Start
2016-03-01 23:39:19Z Query Stock_id is 2382 Program END 

Create log file
2016-03-01 23:39:19Z Query Stock_id is 3037 Program Start
2016-03-01 23:39:19Z Query Stock_id is 3037 Program END 

Create log file
2016-03-01 23:39:20Z Query Stock_id is 2449 Program Start
2016-03-01 23:39:20Z Query Stock_id is 2449 Program END 

Create log file
2016-03-01 23:39:21Z Query Stock_id is 3231 Program Start
2016-03-01 23:39:21Z Query Stock_id is 3231 Program END 

Create log file
2016-03-01 23:39:35Z Query Stock_id is 3474 Program Start
2016-03-01 23:39:35Z Query Stock_id is 3474 Program END 

Create log file
2016-03-01 23:39:35Z Query Stock_id is 2393 Program Start
2016-03-01 23:39:35Z Query Stock_id is 2393 Program END 

Create log file
2016-03-01 23:39:36Z Query Stock_id is 3596 Program Start
2016-03-01 23:39:36Z Query Stock_id is 3596 Program END 

Create log file
2016-03-01 23:39:36Z Query Stock_id is 2002 Program Start
2016-03-01 23:39:36Z Query Stock_id is 2002 Program END 

Create log file
2016-03-01 23:39:37Z Query Stock_id is 2891 Program Start
2016-03-01 23:39:37Z Query Stock_id is 2891 Program END 

Create log file
2016-03-01 23:39:40Z Query Stock_id is 2449 Program Start
2016-03-01 23:39:40Z Query Stock_id is 2449 Program END 

Create log file
2016-03-01 23:39:41Z Query Stock_id is 3037 Program Start
2016-03-01 23:39:41Z Query Stock_id is 3037 Program END 

Create log file
2016-03-01 23:39:42Z Query Stock_id is 2421 Program Start
2016-03-01 23:39:42Z Query Stock_id is 2421 Program END 

Create log file
2016-03-01 23:39:43Z Query Stock_id is 2834 Program Start
2016-03-01 23:39:43Z Query Stock_id is 2834 Program END 

Create log file
2016-03-01 23:39:47Z Query Stock_id is 1303 Program Start
2016-03-01 23:39:47Z Query Stock_id is 1303 Program END 

Create log file
2016-03-01 23:39:56Z Query Stock_id is 5871 Program Start
2016-03-01 23:39:56Z Query Stock_id is 5871 Program END 

Create log file
2016-03-01 23:39:57Z Query Stock_id is 2311 Program Start
2016-03-01 23:39:57Z Query Stock_id is 2311 Program END 

Create log file
2016-03-01 23:39:57Z Query Stock_id is 2301 Program Start
2016-03-01 23:39:57Z Query Stock_id is 2301 Program END 

Create log file
2016-03-01 23:39:57Z Query Stock_id is 2892 Program Start
2016-03-01 23:39:57Z Query Stock_id is 2892 Program END 

Create log file
2016-03-01 23:39:58Z Query Stock_id is 5880 Program Start
2016-03-01 23:39:58Z Query Stock_id is 5880 Program END 

Create log file
2016-03-01 23:39:59Z Query Stock_id is 2883 Program Start
2016-03-01 23:39:59Z Query Stock_id is 2883 Program END 

Create log file
2016-03-01 23:40:01Z Query Stock_id is 2610 Program Start
2016-03-01 23:40:01Z Query Stock_id is 2610 Program END 

Create log file
2016-03-01 23:40:01Z Query Stock_id is 2344 Program Start
2016-03-01 23:40:01Z Query Stock_id is 2344 Program END 

Create log file
2016-03-01 23:40:02Z Query Stock_id is 3576 Program Start
2016-03-01 23:40:02Z Query Stock_id is 3576 Program END 

Create log file
2016-03-01 23:40:02Z Query Stock_id is 3041 Program Start
2016-03-01 23:40:02Z Query Stock_id is 3041 Program END 

Create log file
2016-03-01 23:40:04Z Query Stock_id is 6282 Program Start
2016-03-01 23:40:04Z Query Stock_id is 6282 Program END 

Create log file
2016-03-01 23:40:08Z Query Stock_id is 3682 Program Start
2016-03-01 23:40:08Z Query Stock_id is 3682 Program END 

Create log file
2016-03-01 23:40:09Z Query Stock_id is 2618 Program Start
2016-03-01 23:40:09Z Query Stock_id is 2618 Program END 

Create log file
2016-03-01 23:40:10Z Query Stock_id is 4904 Program Start
2016-03-01 23:40:10Z Query Stock_id is 4904 Program END 

Create log file
2016-03-01 23:40:11Z Query Stock_id is 2330 Program Start
2016-03-01 23:40:11Z Query Stock_id is 2330 Program END 

Create log file
2016-03-01 23:40:18Z Query Stock_id is 2409 Program Start
2016-03-01 23:40:18Z Query Stock_id is 2409 Program END 

Create log file
2016-03-01 23:41:43Z Query Stock_id is 6147 Program Start
2016-03-01 23:41:43Z Query Stock_id is 6147 Program END 

Create log file
2016-03-01 23:41:45Z Query Stock_id is 2344 Program Start
2016-03-01 23:41:45Z Query Stock_id is 2344 Program END 

Create log file
2016-03-01 23:41:46Z Query Stock_id is 2474 Program Start
2016-03-01 23:41:46Z Query Stock_id is 2474 Program END 

Create log file
2016-03-01 23:41:46Z Query Stock_id is 3704 Program Start
2016-03-01 23:41:46Z Query Stock_id is 3704 Program END 

Create log file
2016-03-01 23:41:47Z Query Stock_id is 2324 Program Start
2016-03-01 23:41:47Z Query Stock_id is 2324 Program END 

Create log file
2016-03-01 23:41:48Z Query Stock_id is 2892 Program Start
2016-03-01 23:41:48Z Query Stock_id is 2892 Program END 

Create log file
2016-03-01 23:41:48Z Query Stock_id is 5871 Program Start
2016-03-01 23:41:48Z Query Stock_id is 5871 Program END 

Create log file
2016-03-01 23:41:48Z Query Stock_id is 2412 Program Start
2016-03-01 23:41:48Z Query Stock_id is 2412 Program END 

Create log file
2016-03-01 23:41:49Z Query Stock_id is 8069 Program Start
2016-03-01 23:41:49Z Query Stock_id is 8069 Program END 

Create log file
2016-03-01 23:41:50Z Query Stock_id is 2352 Program Start
2016-03-01 23:41:50Z Query Stock_id is 2352 Program END 

Create log file
2016-03-01 23:41:51Z Query Stock_id is 1301 Program Start
2016-03-01 23:41:51Z Query Stock_id is 1301 Program END 

Create log file
2016-03-01 23:41:51Z Query Stock_id is 2382 Program Start
2016-03-01 23:41:51Z Query Stock_id is 2382 Program END 

Create log file
2016-03-01 23:41:58Z Query Stock_id is 3037 Program Start
2016-03-01 23:41:58Z Query Stock_id is 3037 Program END 

Create log file
2016-03-01 23:42:01Z Query Stock_id is 2449 Program Start
2016-03-01 23:42:01Z Query Stock_id is 2449 Program END 

Create log file
2016-03-01 23:42:02Z Query Stock_id is 3231 Program Start
2016-03-01 23:42:02Z Query Stock_id is 3231 Program END 

Create log file
2016-03-01 23:42:04Z Query Stock_id is 3474 Program Start
2016-03-01 23:42:04Z Query Stock_id is 3474 Program END 

Create log file
2016-03-01 23:42:06Z Query Stock_id is 2393 Program Start
2016-03-01 23:42:06Z Query Stock_id is 2393 Program END 

Create log file
2016-03-01 23:42:07Z Query Stock_id is 3596 Program Start
2016-03-01 23:42:07Z Query Stock_id is 3596 Program END 

Create log file
2016-03-01 23:42:07Z Query Stock_id is 2002 Program Start
2016-03-01 23:42:07Z Query Stock_id is 2002 Program END 

Create log file
2016-03-01 23:42:08Z Query Stock_id is 2891 Program Start
2016-03-01 23:42:08Z Query Stock_id is 2891 Program END 

Create log file
2016-03-01 23:42:09Z Query Stock_id is 2449 Program Start
2016-03-01 23:42:09Z Query Stock_id is 2449 Program END 

Create log file
2016-03-01 23:42:09Z Query Stock_id is 3037 Program Start
2016-03-01 23:42:09Z Query Stock_id is 3037 Program END 

Create log file
2016-03-01 23:42:09Z Query Stock_id is 2421 Program Start
2016-03-01 23:42:09Z Query Stock_id is 2421 Program END 

Create log file
2016-03-01 23:42:10Z Query Stock_id is 2834 Program Start
2016-03-01 23:42:10Z Query Stock_id is 2834 Program END 

Create log file
2016-03-01 23:42:11Z Query Stock_id is 1303 Program Start
2016-03-01 23:42:11Z Query Stock_id is 1303 Program END 

Create log file
2016-03-01 23:42:12Z Query Stock_id is 5871 Program Start
2016-03-01 23:42:12Z Query Stock_id is 5871 Program END 

Create log file
2016-03-01 23:42:20Z Query Stock_id is 2311 Program Start
2016-03-01 23:42:20Z Query Stock_id is 2311 Program END 

Create log file
2016-03-01 23:42:23Z Query Stock_id is 2301 Program Start
2016-03-01 23:42:23Z Query Stock_id is 2301 Program END 

Create log file
2016-03-01 23:42:25Z Query Stock_id is 2892 Program Start
2016-03-01 23:42:25Z Query Stock_id is 2892 Program END 

Create log file
2016-03-01 23:42:28Z Query Stock_id is 5880 Program Start
2016-03-01 23:42:28Z Query Stock_id is 5880 Program END 

Create log file
2016-03-01 23:42:29Z Query Stock_id is 2883 Program Start
2016-03-01 23:42:29Z Query Stock_id is 2883 Program END 

Create log file
2016-03-01 23:42:30Z Query Stock_id is 2610 Program Start
2016-03-01 23:42:30Z Query Stock_id is 2610 Program END 

Create log file
2016-03-01 23:42:30Z Query Stock_id is 2344 Program Start
2016-03-01 23:42:30Z Query Stock_id is 2344 Program END 

Create log file
2016-03-01 23:42:31Z Query Stock_id is 3576 Program Start
2016-03-01 23:42:31Z Query Stock_id is 3576 Program END 

Create log file
2016-03-01 23:42:32Z Query Stock_id is 3041 Program Start
2016-03-01 23:42:32Z Query Stock_id is 3041 Program END 

Create log file
2016-03-01 23:42:32Z Query Stock_id is 6282 Program Start
2016-03-01 23:42:32Z Query Stock_id is 6282 Program END 

Create log file
2016-03-01 23:42:33Z Query Stock_id is 3682 Program Start
2016-03-01 23:42:33Z Query Stock_id is 3682 Program END 

Create log file
2016-03-01 23:42:41Z Query Stock_id is 2618 Program Start
2016-03-01 23:42:41Z Query Stock_id is 2618 Program END 

Create log file
2016-03-01 23:42:44Z Query Stock_id is 4904 Program Start
2016-03-01 23:42:44Z Query Stock_id is 4904 Program END 

Create log file
2016-03-01 23:42:46Z Query Stock_id is 2330 Program Start
2016-03-01 23:42:46Z Query Stock_id is 2330 Program END 

Create log file
2016-03-01 23:42:49Z Query Stock_id is 2409 Program Start
2016-03-01 23:42:49Z Query Stock_id is 2409 Program END 

