Create log file
2016-12-30 00:01:01Z Send 國際股市==>  Program Start
2016-12-30 00:01:01Z Send 國際股市==>  Program END 

Create log file
2016-12-30 00:51:11Z Query Stock_id is 1303 Program Start
2016-12-30 00:51:11Z Query Stock_id is 1303 Program END 

Create log file
2016-12-30 00:51:11Z Query Stock_id is 2885 Program Start
2016-12-30 00:51:11Z Query Stock_id is 2885 Program END 

Create log file
2016-12-30 00:51:12Z Query Stock_id is 2892 Program Start
2016-12-30 00:51:12Z Query Stock_id is 2892 Program END 

Create log file
2016-12-30 00:51:12Z Query Stock_id is 2317 Program Start
2016-12-30 00:51:12Z Query Stock_id is 2317 Program END 

Create log file
2016-12-30 00:51:12Z Query Stock_id is 3481 Program Start
2016-12-30 00:51:12Z Query Stock_id is 3481 Program END 

Create log file
2016-12-30 00:54:57Z Query Stock_id is 1303 Program Start
2016-12-30 00:54:57Z Query Stock_id is 1303 Program END 

Create log file
2016-12-30 00:54:57Z Query Stock_id is 2885 Program Start
2016-12-30 00:54:57Z Query Stock_id is 2885 Program END 

Create log file
2016-12-30 00:54:57Z Query Stock_id is 2892 Program Start
2016-12-30 00:54:57Z Query Stock_id is 2892 Program END 

Create log file
2016-12-30 00:54:58Z Query Stock_id is 2317 Program Start
2016-12-30 00:54:58Z Query Stock_id is 2317 Program END 

Create log file
2016-12-30 00:54:58Z Query Stock_id is 3481 Program Start
2016-12-30 00:54:58Z Query Stock_id is 3481 Program END 

Create log file
2016-12-30 01:01:03Z Send 國際股市==>  Program Start
2016-12-30 01:01:03Z Send 國際股市==>  Program END 

Create log file
2016-12-30 08:01:03Z Send 國際股市==>  Program Start
2016-12-30 08:01:03Z Send 國際股市==>  Program END 

Create log file
2016-12-30 08:01:24Z Send 國際股市==>  Program Start
2016-12-30 08:01:24Z Send 國際股市==>  Program END 

Create log file
2016-12-30 08:01:46Z Send 國際股市==>  Program Start
2016-12-30 08:01:46Z Send 國際股市==>  Program END 

Create log file
2016-12-30 08:02:07Z Send 國際股市==>  Program Start
2016-12-30 08:02:07Z Send 國際股市==>  Program END 

Create log file
2016-12-30 08:46:05Z on time future report... Program Start
2016-12-30 08:46:05Z on time future report... Program END 

Create log file
2016-12-30 08:51:03Z on time future report... Program Start
2016-12-30 08:51:03Z on time future report... Program END 

Create log file
2016-12-30 08:56:03Z on time future report... Program Start
2016-12-30 08:56:03Z on time future report... Program END 

Create log file
2016-12-30 09:01:04Z Send 國際股市==>  Program Start
2016-12-30 09:01:04Z Send 國際股市==>  Program END 

Create log file
2016-12-30 09:01:04Z on time future report... Program Start
2016-12-30 09:01:04Z on time future report... Program END 

Create log file
2016-12-30 09:06:03Z on time future report... Program Start
2016-12-30 09:06:03Z on time future report... Program END 

Create log file
2016-12-30 09:11:03Z on time future report... Program Start
2016-12-30 09:11:03Z on time future report... Program END 

Create log file
2016-12-30 09:16:03Z on time future report... Program Start
2016-12-30 09:16:03Z on time future report... Program END 

Create log file
2016-12-30 09:21:04Z on time future report... Program Start
2016-12-30 09:21:04Z on time future report... Program END 

Create log file
2016-12-30 09:26:03Z on time future report... Program Start
2016-12-30 09:26:03Z on time future report... Program END 

Create log file
2016-12-30 09:31:05Z on time future report... Program Start
2016-12-30 09:31:05Z on time future report... Program END 

Create log file
2016-12-30 09:41:01Z on time future report... Program Start
2016-12-30 09:41:01Z on time future report... Program END 

Create log file
2016-12-30 09:46:01Z on time future report... Program Start
2016-12-30 09:46:01Z on time future report... Program END 

Create log file
2016-12-30 09:51:01Z on time future report... Program Start
2016-12-30 09:51:01Z on time future report... Program END 

Create log file
2016-12-30 09:56:01Z on time future report... Program Start
2016-12-30 09:56:01Z on time future report... Program END 

Create log file
2016-12-30 10:01:02Z on time future report... Program Start
2016-12-30 10:01:02Z on time future report... Program END 

Create log file
2016-12-30 10:01:04Z Send 國際股市==>  Program Start
2016-12-30 10:01:04Z Send 國際股市==>  Program END 

Create log file
2016-12-30 10:06:01Z on time future report... Program Start
2016-12-30 10:06:01Z on time future report... Program END 

Create log file
2016-12-30 10:11:01Z on time future report... Program Start
2016-12-30 10:11:01Z on time future report... Program END 

Create log file
2016-12-30 10:16:01Z on time future report... Program Start
2016-12-30 10:16:01Z on time future report... Program END 

Create log file
2016-12-30 10:21:01Z on time future report... Program Start
2016-12-30 10:21:01Z on time future report... Program END 

Create log file
2016-12-30 10:26:02Z on time future report... Program Start
2016-12-30 10:26:02Z on time future report... Program END 

Create log file
2016-12-30 10:31:01Z on time future report... Program Start
2016-12-30 10:31:01Z on time future report... Program END 

Create log file
2016-12-30 10:36:02Z on time future report... Program Start
2016-12-30 10:36:02Z on time future report... Program END 

Create log file
2016-12-30 10:41:02Z on time future report... Program Start
2016-12-30 10:41:02Z on time future report... Program END 

Create log file
2016-12-30 10:46:01Z on time future report... Program Start
2016-12-30 10:46:01Z on time future report... Program END 

Create log file
2016-12-30 10:51:01Z on time future report... Program Start
2016-12-30 10:51:01Z on time future report... Program END 

Create log file
2016-12-30 10:56:01Z on time future report... Program Start
2016-12-30 10:56:01Z on time future report... Program END 

Create log file
2016-12-30 11:01:02Z on time future report... Program Start
2016-12-30 11:01:02Z on time future report... Program END 

Create log file
2016-12-30 11:01:04Z Send 國際股市==>  Program Start
2016-12-30 11:01:04Z Send 國際股市==>  Program END 

Create log file
2016-12-30 11:06:00Z on time future report... Program Start
2016-12-30 11:06:00Z on time future report... Program END 

Create log file
2016-12-30 11:11:01Z on time future report... Program Start
2016-12-30 11:11:01Z on time future report... Program END 

Create log file
2016-12-30 11:16:01Z on time future report... Program Start
2016-12-30 11:16:01Z on time future report... Program END 

Create log file
2016-12-30 11:21:01Z on time future report... Program Start
2016-12-30 11:21:01Z on time future report... Program END 

Create log file
2016-12-30 11:26:01Z on time future report... Program Start
2016-12-30 11:26:01Z on time future report... Program END 

Create log file
2016-12-30 11:31:01Z on time future report... Program Start
2016-12-30 11:31:01Z on time future report... Program END 

Create log file
2016-12-30 11:36:01Z on time future report... Program Start
2016-12-30 11:36:01Z on time future report... Program END 

Create log file
2016-12-30 11:41:01Z on time future report... Program Start
2016-12-30 11:41:01Z on time future report... Program END 

Create log file
2016-12-30 11:46:01Z on time future report... Program Start
2016-12-30 11:46:01Z on time future report... Program END 

Create log file
2016-12-30 11:56:01Z on time future report... Program Start
2016-12-30 11:56:01Z on time future report... Program END 

Create log file
2016-12-30 12:01:01Z on time future report... Program Start
2016-12-30 12:01:01Z on time future report... Program END 

Create log file
2016-12-30 12:01:04Z Send 國際股市==>  Program Start
2016-12-30 12:01:04Z Send 國際股市==>  Program END 

Create log file
2016-12-30 12:06:01Z on time future report... Program Start
2016-12-30 12:06:01Z on time future report... Program END 

Create log file
2016-12-30 12:11:01Z on time future report... Program Start
2016-12-30 12:11:01Z on time future report... Program END 

Create log file
2016-12-30 12:16:01Z on time future report... Program Start
2016-12-30 12:16:01Z on time future report... Program END 

Create log file
2016-12-30 12:21:01Z on time future report... Program Start
2016-12-30 12:21:01Z on time future report... Program END 

Create log file
2016-12-30 12:26:01Z on time future report... Program Start
2016-12-30 12:26:01Z on time future report... Program END 

Create log file
2016-12-30 12:31:01Z on time future report... Program Start
2016-12-30 12:31:01Z on time future report... Program END 

Create log file
2016-12-30 12:36:01Z on time future report... Program Start
2016-12-30 12:36:01Z on time future report... Program END 

Create log file
2016-12-30 12:41:02Z on time future report... Program Start
2016-12-30 12:41:02Z on time future report... Program END 

Create log file
2016-12-30 12:46:01Z on time future report... Program Start
2016-12-30 12:46:01Z on time future report... Program END 

Create log file
2016-12-30 12:51:01Z on time future report... Program Start
2016-12-30 12:51:01Z on time future report... Program END 

Create log file
2016-12-30 12:56:01Z on time future report... Program Start
2016-12-30 12:56:01Z on time future report... Program END 

Create log file
2016-12-30 13:01:03Z on time future report... Program Start
2016-12-30 13:01:03Z on time future report... Program END 

Create log file
2016-12-30 13:01:04Z Send 國際股市==>  Program Start
2016-12-30 13:01:04Z Send 國際股市==>  Program END 

Create log file
2016-12-30 13:06:01Z on time future report... Program Start
2016-12-30 13:06:01Z on time future report... Program END 

Create log file
2016-12-30 13:11:01Z on time future report... Program Start
2016-12-30 13:11:01Z on time future report... Program END 

Create log file
2016-12-30 13:16:05Z on time future report... Program Start
2016-12-30 13:16:05Z on time future report... Program END 

Create log file
2016-12-30 13:21:01Z on time future report... Program Start
2016-12-30 13:21:01Z on time future report... Program END 

Create log file
2016-12-30 13:26:01Z on time future report... Program Start
2016-12-30 13:26:01Z on time future report... Program END 

Create log file
2016-12-30 13:31:01Z on time future report... Program Start
2016-12-30 13:31:01Z on time future report... Program END 

Create log file
2016-12-30 13:36:02Z on time future report... Program Start
2016-12-30 13:36:02Z on time future report... Program END 

Create log file
2016-12-30 13:41:01Z on time future report... Program Start
2016-12-30 13:41:01Z on time future report... Program END 

Create log file
2016-12-30 13:46:01Z on time future report... Program Start
2016-12-30 13:46:01Z on time future report... Program END 

Create log file
2016-12-30 14:01:03Z Send 國際股市==>  Program Start
2016-12-30 14:01:03Z Send 國際股市==>  Program END 

Create log file
2016-12-30 15:01:03Z Send 國際股市==>  Program Start
2016-12-30 15:01:03Z Send 國際股市==>  Program END 

Create log file
2016-12-30 15:50:14Z option_insert_daily Program Start
2016-12-30 15:50:14Z option_insert_daily Program END 

Create log file
2016-12-30 16:01:02Z Send 國際股市==>  Program Start
2016-12-30 16:01:02Z Send 國際股市==>  Program END 

Create log file
2016-12-30 17:01:03Z Send 國際股市==>  Program Start
2016-12-30 17:01:03Z Send 國際股市==>  Program END 

Create log file
2016-12-30 18:01:03Z Send 國際股市==>  Program Start
2016-12-30 18:01:03Z Send 國際股市==>  Program END 

Create log file
2016-12-30 18:01:30Z Send 國際股市==>  Program Start
2016-12-30 18:01:30Z Send 國際股市==>  Program END 

Create log file
2016-12-30 18:01:52Z Send 國際股市==>  Program Start
2016-12-30 18:01:52Z Send 國際股市==>  Program END 

Create log file
2016-12-30 18:02:15Z Send 國際股市==>  Program Start
2016-12-30 18:02:15Z Send 國際股市==>  Program END 

Create log file
2016-12-30 18:02:39Z Send 國際股市==>  Program Start
2016-12-30 18:02:39Z Send 國際股市==>  Program END 

Create log file
2016-12-30 19:01:03Z Send 國際股市==>  Program Start
2016-12-30 19:01:03Z Send 國際股市==>  Program END 

Create log file
2016-12-30 19:01:28Z Send 國際股市==>  Program Start
2016-12-30 19:01:28Z Send 國際股市==>  Program END 

Create log file
2016-12-30 19:01:52Z Send 國際股市==>  Program Start
2016-12-30 19:01:52Z Send 國際股市==>  Program END 

Create log file
2016-12-30 19:02:13Z Send 國際股市==>  Program Start
2016-12-30 19:02:13Z Send 國際股市==>  Program END 

Create log file
2016-12-30 19:02:35Z Send 國際股市==>  Program Start
2016-12-30 19:02:35Z Send 國際股市==>  Program END 

Create log file
2016-12-30 19:02:55Z Send 國際股市==>  Program Start
2016-12-30 19:02:55Z Send 國際股市==>  Program END 

Create log file
2016-12-30 19:03:18Z Send 國際股市==>  Program Start
2016-12-30 19:03:18Z Send 國際股市==>  Program END 

Create log file
2016-12-30 20:01:02Z Send 國際股市==>  Program Start
2016-12-30 20:01:02Z Send 國際股市==>  Program END 

Create log file
2016-12-30 20:10:03Z stock_data_daily_create_file Program Start
2016-12-30 20:10:03Z stock_data_daily_create_file Program END 

Create log file
2016-12-30 20:20:03Z stock_data_insert_daily Program Start
2016-12-30 20:20:03Z stock_data_insert_daily Program END 

Create log file
2016-12-30 20:30:06Z Send 股市氣象台電子報-今日我最夯<==Strong_UP==>  Program Start
2016-12-30 20:30:06Z Send 股市氣象台電子報-今日我最夯<==Strong_UP==>  Program END 

Create log file
2016-12-30 21:01:02Z Send 國際股市==>  Program Start
2016-12-30 21:01:02Z Send 國際股市==>  Program END 

Create log file
2016-12-30 22:01:02Z Send 國際股市==>  Program Start
2016-12-30 22:01:02Z Send 國際股市==>  Program END 

Create log file
2016-12-30 22:01:27Z Send 國際股市==>  Program Start
2016-12-30 22:01:27Z Send 國際股市==>  Program END 

Create log file
2016-12-30 22:01:50Z Send 國際股市==>  Program Start
2016-12-30 22:01:50Z Send 國際股市==>  Program END 

Create log file
2016-12-30 23:01:06Z Send 國際股市==>  Program Start
2016-12-30 23:01:06Z Send 國際股市==>  Program END 

Create log file
2016-12-30 23:01:32Z Send 國際股市==>  Program Start
2016-12-30 23:01:32Z Send 國際股市==>  Program END 

