Create log file
2016-07-22 00:01:06Z Send 國際股市==>  Program Start
2016-07-22 00:01:06Z Send 國際股市==>  Program END 

Create log file
2016-07-22 01:01:02Z Send 國際股市==>  Program Start
2016-07-22 01:01:02Z Send 國際股市==>  Program END 

Create log file
2016-07-22 08:01:03Z Send 國際股市==>  Program Start
2016-07-22 08:01:03Z Send 國際股市==>  Program END 

Create log file
2016-07-22 08:01:29Z Send 國際股市==>  Program Start
2016-07-22 08:01:29Z Send 國際股市==>  Program END 

Create log file
2016-07-22 08:01:51Z Send 國際股市==>  Program Start
2016-07-22 08:01:51Z Send 國際股市==>  Program END 

Create log file
2016-07-22 08:02:14Z Send 國際股市==>  Program Start
2016-07-22 08:02:14Z Send 國際股市==>  Program END 

Create log file
2016-07-22 08:46:05Z on time future report... Program Start
2016-07-22 08:46:05Z on time future report... Program END 

Create log file
2016-07-22 08:51:04Z on time future report... Program Start
2016-07-22 08:51:04Z on time future report... Program END 

Create log file
2016-07-22 08:56:03Z on time future report... Program Start
2016-07-22 08:56:03Z on time future report... Program END 

Create log file
2016-07-22 09:01:03Z Send 國際股市==>  Program Start
2016-07-22 09:01:03Z Send 國際股市==>  Program END 

Create log file
2016-07-22 09:01:03Z on time future report... Program Start
2016-07-22 09:01:03Z on time future report... Program END 

Create log file
2016-07-22 09:06:04Z on time future report... Program Start
2016-07-22 09:06:04Z on time future report... Program END 

Create log file
2016-07-22 09:11:03Z on time future report... Program Start
2016-07-22 09:11:03Z on time future report... Program END 

Create log file
2016-07-22 09:16:03Z on time future report... Program Start
2016-07-22 09:16:03Z on time future report... Program END 

Create log file
2016-07-22 09:21:07Z on time future report... Program Start
2016-07-22 09:21:07Z on time future report... Program END 

Create log file
2016-07-22 09:26:03Z on time future report... Program Start
2016-07-22 09:26:03Z on time future report... Program END 

Create log file
2016-07-22 09:31:03Z on time future report... Program Start
2016-07-22 09:31:03Z on time future report... Program END 

Create log file
2016-07-22 09:36:04Z on time future report... Program Start
2016-07-22 09:36:04Z on time future report... Program END 

Create log file
2016-07-22 09:41:03Z on time future report... Program Start
2016-07-22 09:41:03Z on time future report... Program END 

Create log file
2016-07-22 09:46:03Z on time future report... Program Start
2016-07-22 09:46:03Z on time future report... Program END 

Create log file
2016-07-22 09:51:04Z on time future report... Program Start
2016-07-22 09:51:04Z on time future report... Program END 

Create log file
2016-07-22 09:56:03Z on time future report... Program Start
2016-07-22 09:56:03Z on time future report... Program END 

Create log file
2016-07-22 10:01:04Z Send 國際股市==>  Program Start
2016-07-22 10:01:04Z Send 國際股市==>  Program END 

Create log file
2016-07-22 10:01:04Z on time future report... Program Start
2016-07-22 10:01:04Z on time future report... Program END 

Create log file
2016-07-22 10:06:04Z on time future report... Program Start
2016-07-22 10:06:04Z on time future report... Program END 

Create log file
2016-07-22 10:11:03Z on time future report... Program Start
2016-07-22 10:11:03Z on time future report... Program END 

Create log file
2016-07-22 10:16:03Z on time future report... Program Start
2016-07-22 10:16:03Z on time future report... Program END 

Create log file
2016-07-22 10:26:03Z on time future report... Program Start
2016-07-22 10:26:03Z on time future report... Program END 

Create log file
2016-07-22 10:31:03Z on time future report... Program Start
2016-07-22 10:31:03Z on time future report... Program END 

Create log file
2016-07-22 10:36:04Z on time future report... Program Start
2016-07-22 10:36:04Z on time future report... Program END 

Create log file
2016-07-22 10:41:04Z on time future report... Program Start
2016-07-22 10:41:04Z on time future report... Program END 

Create log file
2016-07-22 10:46:03Z on time future report... Program Start
2016-07-22 10:46:03Z on time future report... Program END 

Create log file
2016-07-22 10:51:03Z on time future report... Program Start
2016-07-22 10:51:03Z on time future report... Program END 

Create log file
2016-07-22 10:56:03Z on time future report... Program Start
2016-07-22 10:56:03Z on time future report... Program END 

Create log file
2016-07-22 11:01:05Z on time future report... Program Start
2016-07-22 11:01:05Z on time future report... Program END 

Create log file
2016-07-22 11:01:06Z Send 國際股市==>  Program Start
2016-07-22 11:01:06Z Send 國際股市==>  Program END 

Create log file
2016-07-22 11:06:03Z on time future report... Program Start
2016-07-22 11:06:03Z on time future report... Program END 

Create log file
2016-07-22 11:11:03Z on time future report... Program Start
2016-07-22 11:11:03Z on time future report... Program END 

Create log file
2016-07-22 11:16:03Z on time future report... Program Start
2016-07-22 11:16:03Z on time future report... Program END 

Create log file
2016-07-22 11:21:03Z on time future report... Program Start
2016-07-22 11:21:03Z on time future report... Program END 

Create log file
2016-07-22 11:26:03Z on time future report... Program Start
2016-07-22 11:26:03Z on time future report... Program END 

Create log file
2016-07-22 11:31:03Z on time future report... Program Start
2016-07-22 11:31:03Z on time future report... Program END 

Create log file
2016-07-22 11:36:03Z on time future report... Program Start
2016-07-22 11:36:03Z on time future report... Program END 

Create log file
2016-07-22 11:41:03Z on time future report... Program Start
2016-07-22 11:41:03Z on time future report... Program END 

Create log file
2016-07-22 11:46:03Z on time future report... Program Start
2016-07-22 11:46:03Z on time future report... Program END 

Create log file
2016-07-22 11:51:05Z on time future report... Program Start
2016-07-22 11:51:05Z on time future report... Program END 

Create log file
2016-07-22 11:56:03Z on time future report... Program Start
2016-07-22 11:56:03Z on time future report... Program END 

Create log file
2016-07-22 12:01:06Z Send 國際股市==>  Program Start
2016-07-22 12:01:06Z Send 國際股市==>  Program END 

Create log file
2016-07-22 12:01:06Z on time future report... Program Start
2016-07-22 12:01:06Z on time future report... Program END 

Create log file
2016-07-22 12:06:03Z on time future report... Program Start
2016-07-22 12:06:03Z on time future report... Program END 

Create log file
2016-07-22 12:11:03Z on time future report... Program Start
2016-07-22 12:11:03Z on time future report... Program END 

Create log file
2016-07-22 12:16:03Z on time future report... Program Start
2016-07-22 12:16:03Z on time future report... Program END 

Create log file
2016-07-22 12:21:03Z on time future report... Program Start
2016-07-22 12:21:03Z on time future report... Program END 

Create log file
2016-07-22 12:26:03Z on time future report... Program Start
2016-07-22 12:26:03Z on time future report... Program END 

Create log file
2016-07-22 12:31:03Z on time future report... Program Start
2016-07-22 12:31:03Z on time future report... Program END 

Create log file
2016-07-22 12:36:03Z on time future report... Program Start
2016-07-22 12:36:03Z on time future report... Program END 

Create log file
2016-07-22 12:41:05Z on time future report... Program Start
2016-07-22 12:41:05Z on time future report... Program END 

Create log file
2016-07-22 12:46:08Z on time future report... Program Start
2016-07-22 12:46:08Z on time future report... Program END 

Create log file
2016-07-22 12:51:03Z on time future report... Program Start
2016-07-22 12:51:03Z on time future report... Program END 

Create log file
2016-07-22 12:56:03Z on time future report... Program Start
2016-07-22 12:56:03Z on time future report... Program END 

Create log file
2016-07-22 13:01:04Z Send 國際股市==>  Program Start
2016-07-22 13:01:04Z Send 國際股市==>  Program END 

Create log file
2016-07-22 13:01:04Z on time future report... Program Start
2016-07-22 13:01:04Z on time future report... Program END 

Create log file
2016-07-22 13:06:03Z on time future report... Program Start
2016-07-22 13:06:03Z on time future report... Program END 

Create log file
2016-07-22 13:11:03Z on time future report... Program Start
2016-07-22 13:11:03Z on time future report... Program END 

Create log file
2016-07-22 13:16:03Z on time future report... Program Start
2016-07-22 13:16:03Z on time future report... Program END 

Create log file
2016-07-22 13:21:03Z on time future report... Program Start
2016-07-22 13:21:03Z on time future report... Program END 

Create log file
2016-07-22 13:26:04Z on time future report... Program Start
2016-07-22 13:26:04Z on time future report... Program END 

Create log file
2016-07-22 13:31:03Z on time future report... Program Start
2016-07-22 13:31:03Z on time future report... Program END 

Create log file
2016-07-22 13:36:03Z on time future report... Program Start
2016-07-22 13:36:03Z on time future report... Program END 

Create log file
2016-07-22 13:41:03Z on time future report... Program Start
2016-07-22 13:41:03Z on time future report... Program END 

Create log file
2016-07-22 13:46:03Z on time future report... Program Start
2016-07-22 13:46:03Z on time future report... Program END 

Create log file
2016-07-22 14:01:03Z Send 國際股市==>  Program Start
2016-07-22 14:01:03Z Send 國際股市==>  Program END 

Create log file
2016-07-22 15:01:02Z Send 國際股市==>  Program Start
2016-07-22 15:01:02Z Send 國際股市==>  Program END 

Create log file
2016-07-22 15:50:20Z option_insert_daily Program Start
2016-07-22 15:50:20Z option_insert_daily Program END 

Create log file
2016-07-22 15:55:50Z Send Option_OIV_daily Program Start
2016-07-22 15:55:50Z Send Option_OIV_daily Program END 

Create log file
2016-07-22 16:01:03Z Send 國際股市==>  Program Start
2016-07-22 16:01:03Z Send 國際股市==>  Program END 

Create log file
2016-07-22 17:01:02Z Send 國際股市==>  Program Start
2016-07-22 17:01:02Z Send 國際股市==>  Program END 

Create log file
2016-07-22 18:01:02Z Send 國際股市==>  Program Start
2016-07-22 18:01:02Z Send 國際股市==>  Program END 

Create log file
2016-07-22 18:01:29Z Send 國際股市==>  Program Start
2016-07-22 18:01:29Z Send 國際股市==>  Program END 

Create log file
2016-07-22 18:01:51Z Send 國際股市==>  Program Start
2016-07-22 18:01:51Z Send 國際股市==>  Program END 

Create log file
2016-07-22 18:02:13Z Send 國際股市==>  Program Start
2016-07-22 18:02:13Z Send 國際股市==>  Program END 

Create log file
2016-07-22 18:02:36Z Send 國際股市==>  Program Start
2016-07-22 18:02:36Z Send 國際股市==>  Program END 

Create log file
2016-07-22 19:01:03Z Send 國際股市==>  Program Start
2016-07-22 19:01:03Z Send 國際股市==>  Program END 

Create log file
2016-07-22 19:01:30Z Send 國際股市==>  Program Start
2016-07-22 19:01:30Z Send 國際股市==>  Program END 

Create log file
2016-07-22 19:01:54Z Send 國際股市==>  Program Start
2016-07-22 19:01:54Z Send 國際股市==>  Program END 

Create log file
2016-07-22 19:02:15Z Send 國際股市==>  Program Start
2016-07-22 19:02:15Z Send 國際股市==>  Program END 

Create log file
2016-07-22 19:02:36Z Send 國際股市==>  Program Start
2016-07-22 19:02:36Z Send 國際股市==>  Program END 

Create log file
2016-07-22 19:02:59Z Send 國際股市==>  Program Start
2016-07-22 19:02:59Z Send 國際股市==>  Program END 

Create log file
2016-07-22 19:44:16Z Query Stock_id is 3481 Program Start
2016-07-22 19:44:16Z Query Stock_id is 3481 Program END 

Create log file
2016-07-22 19:44:16Z Query Stock_id is 2448 Program Start
2016-07-22 19:44:16Z Query Stock_id is 2448 Program END 

Create log file
2016-07-22 19:44:16Z Query Stock_id is 2002 Program Start
2016-07-22 19:44:16Z Query Stock_id is 2002 Program END 

Create log file
2016-07-22 19:44:17Z Query Stock_id is 2317 Program Start
2016-07-22 19:44:17Z Query Stock_id is 2317 Program END 

Create log file
2016-07-22 19:44:17Z Query Stock_id is 2408 Program Start
2016-07-22 19:44:17Z Query Stock_id is 2408 Program END 

Create log file
2016-07-22 19:44:17Z Query Stock_id is 2324 Program Start
2016-07-22 19:44:17Z Query Stock_id is 2324 Program END 

Create log file
2016-07-22 19:44:17Z Query Stock_id is 1319 Program Start
2016-07-22 19:44:17Z Query Stock_id is 1319 Program END 

Create log file
2016-07-22 19:44:17Z Query Stock_id is 2885 Program Start
2016-07-22 19:44:17Z Query Stock_id is 2885 Program END 

Create log file
2016-07-22 19:44:17Z Query Stock_id is 2823 Program Start
2016-07-22 19:44:17Z Query Stock_id is 2823 Program END 

Create log file
2016-07-22 19:44:18Z Query Stock_id is 2610 Program Start
2016-07-22 19:44:18Z Query Stock_id is 2610 Program END 

Create log file
2016-07-22 19:44:18Z Query Stock_id is 4938 Program Start
2016-07-22 19:44:18Z Query Stock_id is 4938 Program END 

Create log file
2016-07-22 19:44:18Z Query Stock_id is 2382 Program Start
2016-07-22 19:44:18Z Query Stock_id is 2382 Program END 

Create log file
2016-07-22 19:44:18Z Query Stock_id is 2352 Program Start
2016-07-22 19:44:18Z Query Stock_id is 2352 Program END 

Create log file
2016-07-22 19:44:18Z Query Stock_id is 2891 Program Start
2016-07-22 19:44:18Z Query Stock_id is 2891 Program END 

Create log file
2016-07-22 19:44:18Z Query Stock_id is 2888 Program Start
2016-07-22 19:44:18Z Query Stock_id is 2888 Program END 

Create log file
2016-07-22 19:44:19Z Query Stock_id is 2886 Program Start
2016-07-22 19:44:19Z Query Stock_id is 2886 Program END 

Create log file
2016-07-22 19:44:19Z Query Stock_id is 2882 Program Start
2016-07-22 19:44:19Z Query Stock_id is 2882 Program END 

Create log file
2016-07-22 19:44:19Z Query Stock_id is 2890 Program Start
2016-07-22 19:44:19Z Query Stock_id is 2890 Program END 

Create log file
2016-07-22 19:44:19Z Query Stock_id is 1101 Program Start
2016-07-22 19:44:19Z Query Stock_id is 1101 Program END 

Create log file
2016-07-22 19:44:19Z Query Stock_id is 3706 Program Start
2016-07-22 19:44:19Z Query Stock_id is 3706 Program END 

Create log file
2016-07-22 19:44:19Z Query Stock_id is 2356 Program Start
2016-07-22 19:44:19Z Query Stock_id is 2356 Program END 

Create log file
2016-07-22 19:44:20Z Query Stock_id is 1326 Program Start
2016-07-22 19:44:20Z Query Stock_id is 1326 Program END 

Create log file
2016-07-22 19:44:20Z Query Stock_id is 2884 Program Start
2016-07-22 19:44:20Z Query Stock_id is 2884 Program END 

Create log file
2016-07-22 19:44:20Z Query Stock_id is 5880 Program Start
2016-07-22 19:44:20Z Query Stock_id is 5880 Program END 

Create log file
2016-07-22 19:44:58Z Query Stock_id is 3481 Program Start
2016-07-22 19:44:58Z Query Stock_id is 3481 Program END 

Create log file
2016-07-22 19:44:58Z Query Stock_id is 2448 Program Start
2016-07-22 19:44:58Z Query Stock_id is 2448 Program END 

Create log file
2016-07-22 19:44:58Z Query Stock_id is 2002 Program Start
2016-07-22 19:44:58Z Query Stock_id is 2002 Program END 

Create log file
2016-07-22 19:44:59Z Query Stock_id is 2317 Program Start
2016-07-22 19:44:59Z Query Stock_id is 2317 Program END 

Create log file
2016-07-22 19:44:59Z Query Stock_id is 2408 Program Start
2016-07-22 19:44:59Z Query Stock_id is 2408 Program END 

Create log file
2016-07-22 19:44:59Z Query Stock_id is 2324 Program Start
2016-07-22 19:44:59Z Query Stock_id is 2324 Program END 

Create log file
2016-07-22 19:44:59Z Query Stock_id is 1319 Program Start
2016-07-22 19:44:59Z Query Stock_id is 1319 Program END 

Create log file
2016-07-22 19:44:59Z Query Stock_id is 2885 Program Start
2016-07-22 19:44:59Z Query Stock_id is 2885 Program END 

Create log file
2016-07-22 19:44:59Z Query Stock_id is 2823 Program Start
2016-07-22 19:44:59Z Query Stock_id is 2823 Program END 

Create log file
2016-07-22 19:45:00Z Query Stock_id is 2610 Program Start
2016-07-22 19:45:00Z Query Stock_id is 2610 Program END 

Create log file
2016-07-22 19:45:00Z Query Stock_id is 4938 Program Start
2016-07-22 19:45:00Z Query Stock_id is 4938 Program END 

Create log file
2016-07-22 19:45:00Z Query Stock_id is 2382 Program Start
2016-07-22 19:45:00Z Query Stock_id is 2382 Program END 

Create log file
2016-07-22 19:45:00Z Query Stock_id is 2352 Program Start
2016-07-22 19:45:00Z Query Stock_id is 2352 Program END 

Create log file
2016-07-22 19:45:00Z Query Stock_id is 2891 Program Start
2016-07-22 19:45:00Z Query Stock_id is 2891 Program END 

Create log file
2016-07-22 19:45:00Z Query Stock_id is 2888 Program Start
2016-07-22 19:45:00Z Query Stock_id is 2888 Program END 

Create log file
2016-07-22 19:45:01Z Query Stock_id is 2886 Program Start
2016-07-22 19:45:01Z Query Stock_id is 2886 Program END 

Create log file
2016-07-22 19:45:01Z Query Stock_id is 2882 Program Start
2016-07-22 19:45:01Z Query Stock_id is 2882 Program END 

Create log file
2016-07-22 19:45:01Z Query Stock_id is 2890 Program Start
2016-07-22 19:45:01Z Query Stock_id is 2890 Program END 

Create log file
2016-07-22 19:45:01Z Query Stock_id is 1101 Program Start
2016-07-22 19:45:01Z Query Stock_id is 1101 Program END 

Create log file
2016-07-22 19:45:01Z Query Stock_id is 3706 Program Start
2016-07-22 19:45:01Z Query Stock_id is 3706 Program END 

Create log file
2016-07-22 19:45:01Z Query Stock_id is 2356 Program Start
2016-07-22 19:45:01Z Query Stock_id is 2356 Program END 

Create log file
2016-07-22 19:45:02Z Query Stock_id is 1326 Program Start
2016-07-22 19:45:02Z Query Stock_id is 1326 Program END 

Create log file
2016-07-22 19:45:02Z Query Stock_id is 2884 Program Start
2016-07-22 19:45:02Z Query Stock_id is 2884 Program END 

Create log file
2016-07-22 19:45:02Z Query Stock_id is 5880 Program Start
2016-07-22 19:45:02Z Query Stock_id is 5880 Program END 

Create log file
2016-07-22 20:01:48Z Send 國際股市==>  Program Start
2016-07-22 20:01:48Z Send 國際股市==>  Program END 

Create log file
2016-07-22 20:10:06Z stock_data_daily_create_file Program Start
2016-07-22 20:10:06Z stock_data_daily_create_file Program END 

Create log file
2016-07-22 20:20:08Z stock_data_insert_daily Program Start
2016-07-22 20:20:08Z stock_data_insert_daily Program END 

Create log file
2016-07-22 20:30:15Z Send 股市氣象台電子報-今日我最夯<==Strong_UP==>  Program Start
2016-07-22 20:30:15Z Send 股市氣象台電子報-今日我最夯<==Strong_UP==>  Program END 

Create log file
2016-07-22 21:01:01Z Send 國際股市==>  Program Start
2016-07-22 21:01:01Z Send 國際股市==>  Program END 

Create log file
2016-07-22 22:01:02Z Send 國際股市==>  Program Start
2016-07-22 22:01:02Z Send 國際股市==>  Program END 

Create log file
2016-07-22 22:01:28Z Send 國際股市==>  Program Start
2016-07-22 22:01:28Z Send 國際股市==>  Program END 

Create log file
2016-07-22 22:01:51Z Send 國際股市==>  Program Start
2016-07-22 22:01:51Z Send 國際股市==>  Program END 

Create log file
2016-07-22 23:01:01Z Send 國際股市==>  Program Start
2016-07-22 23:01:01Z Send 國際股市==>  Program END 

