Create log file
2016-03-22 00:01:04Z Send 國際股市==>  Program Start
2016-03-22 00:01:04Z Send 國際股市==>  Program END 

Create log file
2016-03-22 01:01:04Z Send 國際股市==>  Program Start
2016-03-22 01:01:04Z Send 國際股市==>  Program END 

Create log file
2016-03-22 08:01:03Z Send 國際股市==>  Program Start
2016-03-22 08:01:03Z Send 國際股市==>  Program END 

Create log file
2016-03-22 08:01:30Z Send 國際股市==>  Program Start
2016-03-22 08:01:30Z Send 國際股市==>  Program END 

Create log file
2016-03-22 08:01:52Z Send 國際股市==>  Program Start
2016-03-22 08:01:52Z Send 國際股市==>  Program END 

Create log file
2016-03-22 08:46:03Z on time future report... Program Start
2016-03-22 08:46:03Z on time future report... Program END 

Create log file
2016-03-22 08:51:03Z on time future report... Program Start
2016-03-22 08:51:03Z on time future report... Program END 

Create log file
2016-03-22 08:56:03Z on time future report... Program Start
2016-03-22 08:56:03Z on time future report... Program END 

Create log file
2016-03-22 09:01:04Z Send 國際股市==>  Program Start
2016-03-22 09:01:04Z Send 國際股市==>  Program END 

Create log file
2016-03-22 09:01:05Z on time future report... Program Start
2016-03-22 09:01:05Z on time future report... Program END 

Create log file
2016-03-22 09:06:05Z on time future report... Program Start
2016-03-22 09:06:05Z on time future report... Program END 

Create log file
2016-03-22 09:11:07Z on time future report... Program Start
2016-03-22 09:11:07Z on time future report... Program END 

Create log file
2016-03-22 09:16:03Z on time future report... Program Start
2016-03-22 09:16:03Z on time future report... Program END 

Create log file
2016-03-22 09:21:06Z on time future report... Program Start
2016-03-22 09:21:06Z on time future report... Program END 

Create log file
2016-03-22 09:26:04Z on time future report... Program Start
2016-03-22 09:26:04Z on time future report... Program END 

Create log file
2016-03-22 09:31:03Z on time future report... Program Start
2016-03-22 09:31:03Z on time future report... Program END 

Create log file
2016-03-22 09:36:03Z on time future report... Program Start
2016-03-22 09:36:03Z on time future report... Program END 

Create log file
2016-03-22 09:41:04Z on time future report... Program Start
2016-03-22 09:41:04Z on time future report... Program END 

Create log file
2016-03-22 09:46:03Z on time future report... Program Start
2016-03-22 09:46:03Z on time future report... Program END 

Create log file
2016-03-22 09:51:03Z on time future report... Program Start
2016-03-22 09:51:03Z on time future report... Program END 

Create log file
2016-03-22 09:56:03Z on time future report... Program Start
2016-03-22 09:56:03Z on time future report... Program END 

Create log file
2016-03-22 10:01:04Z Send 國際股市==>  Program Start
2016-03-22 10:01:04Z Send 國際股市==>  Program END 

Create log file
2016-03-22 10:01:04Z on time future report... Program Start
2016-03-22 10:01:04Z on time future report... Program END 

Create log file
2016-03-22 10:06:03Z on time future report... Program Start
2016-03-22 10:06:03Z on time future report... Program END 

Create log file
2016-03-22 10:11:06Z on time future report... Program Start
2016-03-22 10:11:06Z on time future report... Program END 

Create log file
2016-03-22 10:16:03Z on time future report... Program Start
2016-03-22 10:16:03Z on time future report... Program END 

Create log file
2016-03-22 10:21:03Z on time future report... Program Start
2016-03-22 10:21:03Z on time future report... Program END 

Create log file
2016-03-22 10:26:07Z on time future report... Program Start
2016-03-22 10:26:07Z on time future report... Program END 

Create log file
2016-03-22 10:31:04Z on time future report... Program Start
2016-03-22 10:31:04Z on time future report... Program END 

Create log file
2016-03-22 10:36:04Z on time future report... Program Start
2016-03-22 10:36:04Z on time future report... Program END 

Create log file
2016-03-22 10:41:03Z on time future report... Program Start
2016-03-22 10:41:03Z on time future report... Program END 

Create log file
2016-03-22 10:46:03Z on time future report... Program Start
2016-03-22 10:46:03Z on time future report... Program END 

Create log file
2016-03-22 10:51:03Z on time future report... Program Start
2016-03-22 10:51:03Z on time future report... Program END 

Create log file
2016-03-22 10:56:03Z on time future report... Program Start
2016-03-22 10:56:03Z on time future report... Program END 

Create log file
2016-03-22 11:01:04Z Send 國際股市==>  Program Start
2016-03-22 11:01:04Z Send 國際股市==>  Program END 

Create log file
2016-03-22 11:01:05Z on time future report... Program Start
2016-03-22 11:01:05Z on time future report... Program END 

Create log file
2016-03-22 11:06:03Z on time future report... Program Start
2016-03-22 11:06:03Z on time future report... Program END 

Create log file
2016-03-22 11:11:05Z on time future report... Program Start
2016-03-22 11:11:05Z on time future report... Program END 

Create log file
2016-03-22 11:16:03Z on time future report... Program Start
2016-03-22 11:16:03Z on time future report... Program END 

Create log file
2016-03-22 11:21:07Z on time future report... Program Start
2016-03-22 11:21:07Z on time future report... Program END 

Create log file
2016-03-22 11:26:04Z on time future report... Program Start
2016-03-22 11:26:04Z on time future report... Program END 

Create log file
2016-03-22 11:31:03Z on time future report... Program Start
2016-03-22 11:31:03Z on time future report... Program END 

Create log file
2016-03-22 11:36:03Z on time future report... Program Start
2016-03-22 11:36:03Z on time future report... Program END 

Create log file
2016-03-22 11:41:03Z on time future report... Program Start
2016-03-22 11:41:03Z on time future report... Program END 

Create log file
2016-03-22 11:46:03Z on time future report... Program Start
2016-03-22 11:46:03Z on time future report... Program END 

Create log file
2016-03-22 11:51:03Z on time future report... Program Start
2016-03-22 11:51:03Z on time future report... Program END 

Create log file
2016-03-22 11:56:03Z on time future report... Program Start
2016-03-22 11:56:03Z on time future report... Program END 

Create log file
2016-03-22 12:01:03Z Send 國際股市==>  Program Start
2016-03-22 12:01:03Z Send 國際股市==>  Program END 

Create log file
2016-03-22 12:01:04Z on time future report... Program Start
2016-03-22 12:01:04Z on time future report... Program END 

Create log file
2016-03-22 12:06:07Z on time future report... Program Start
2016-03-22 12:06:07Z on time future report... Program END 

Create log file
2016-03-22 12:11:03Z on time future report... Program Start
2016-03-22 12:11:03Z on time future report... Program END 

Create log file
2016-03-22 12:16:03Z on time future report... Program Start
2016-03-22 12:16:03Z on time future report... Program END 

Create log file
2016-03-22 12:21:03Z on time future report... Program Start
2016-03-22 12:21:03Z on time future report... Program END 

Create log file
2016-03-22 12:26:03Z on time future report... Program Start
2016-03-22 12:26:03Z on time future report... Program END 

Create log file
2016-03-22 12:31:07Z on time future report... Program Start
2016-03-22 12:31:07Z on time future report... Program END 

Create log file
2016-03-22 12:36:03Z on time future report... Program Start
2016-03-22 12:36:03Z on time future report... Program END 

Create log file
2016-03-22 12:41:07Z on time future report... Program Start
2016-03-22 12:41:07Z on time future report... Program END 

Create log file
2016-03-22 12:46:03Z on time future report... Program Start
2016-03-22 12:46:03Z on time future report... Program END 

Create log file
2016-03-22 12:51:03Z on time future report... Program Start
2016-03-22 12:51:03Z on time future report... Program END 

Create log file
2016-03-22 12:56:03Z on time future report... Program Start
2016-03-22 12:56:03Z on time future report... Program END 

Create log file
2016-03-22 13:01:04Z on time future report... Program Start
2016-03-22 13:01:04Z on time future report... Program END 

Create log file
2016-03-22 13:01:05Z Send 國際股市==>  Program Start
2016-03-22 13:01:05Z Send 國際股市==>  Program END 

Create log file
2016-03-22 13:06:03Z on time future report... Program Start
2016-03-22 13:06:03Z on time future report... Program END 

Create log file
2016-03-22 13:11:03Z on time future report... Program Start
2016-03-22 13:11:03Z on time future report... Program END 

Create log file
2016-03-22 13:16:03Z on time future report... Program Start
2016-03-22 13:16:03Z on time future report... Program END 

Create log file
2016-03-22 13:26:01Z on time future report... Program Start
2016-03-22 13:26:01Z on time future report... Program END 

Create log file
2016-03-22 13:31:05Z on time future report... Program Start
2016-03-22 13:31:05Z on time future report... Program END 

Create log file
2016-03-22 13:41:01Z on time future report... Program Start
2016-03-22 13:41:01Z on time future report... Program END 

Create log file
2016-03-22 13:46:00Z on time future report... Program Start
2016-03-22 13:46:00Z on time future report... Program END 

Create log file
2016-03-22 14:01:02Z Send 國際股市==>  Program Start
2016-03-22 14:01:02Z Send 國際股市==>  Program END 

Create log file
2016-03-22 15:01:03Z Send 國際股市==>  Program Start
2016-03-22 15:01:03Z Send 國際股市==>  Program END 

Create log file
2016-03-22 15:50:19Z option_insert_daily Program Start
2016-03-22 15:50:19Z option_insert_daily Program END 

Create log file
2016-03-22 15:56:03Z Send Option_OIV_daily Program Start
2016-03-22 15:56:03Z Send Option_OIV_daily Program END 

Create log file
2016-03-22 20:10:16Z stock_data_daily_create_file Program Start
2016-03-22 20:10:16Z stock_data_daily_create_file Program END 

Create log file
2016-03-22 20:20:05Z stock_data_insert_daily Program Start
2016-03-22 20:20:05Z stock_data_insert_daily Program END 

Create log file
2016-03-22 20:30:13Z Send 股市氣象台電子報-今日我最夯<==Strong_UP==>  Program Start
2016-03-22 20:30:13Z Send 股市氣象台電子報-今日我最夯<==Strong_UP==>  Program END 

Create log file
2016-03-22 21:26:45Z stock_data_daily_create_file Program Start
2016-03-22 21:26:45Z stock_data_daily_create_file Program END 

Create log file
2016-03-22 21:27:01Z stock_data_insert_daily Program Start
2016-03-22 21:27:01Z stock_data_insert_daily Program END 

Create log file
2016-03-22 21:27:26Z Send 股市氣象台電子報-今日我最夯<==Strong_UP==>  Program Start
2016-03-22 21:27:26Z Send 股市氣象台電子報-今日我最夯<==Strong_UP==>  Program END 

Create log file
2016-03-22 21:39:05Z Query Stock_id is 2489 Program Start
2016-03-22 21:39:05Z Query Stock_id is 2489 Program END 

Create log file
2016-03-22 21:39:05Z Query Stock_id is 2489 Program Start
2016-03-22 21:39:05Z Query Stock_id is 2489 Program END 

Create log file
2016-03-22 21:39:05Z Query Stock_id is 2002 Program Start
2016-03-22 21:39:05Z Query Stock_id is 2002 Program END 

Create log file
2016-03-22 21:39:05Z Query Stock_id is 2002 Program Start
2016-03-22 21:39:05Z Query Stock_id is 2002 Program END 

Create log file
2016-03-22 21:39:06Z Query Stock_id is 2412 Program Start
2016-03-22 21:39:06Z Query Stock_id is 2412 Program END 

Create log file
2016-03-22 21:39:06Z Query Stock_id is 2412 Program Start
2016-03-22 21:39:06Z Query Stock_id is 2412 Program END 

Create log file
2016-03-22 21:39:06Z Query Stock_id is 2105 Program Start
2016-03-22 21:39:06Z Query Stock_id is 2105 Program END 

Create log file
2016-03-22 21:39:06Z Query Stock_id is 2105 Program Start
2016-03-22 21:39:06Z Query Stock_id is 2105 Program END 

Create log file
2016-03-22 21:39:06Z Query Stock_id is 1101 Program Start
2016-03-22 21:39:06Z Query Stock_id is 1101 Program END 

Create log file
2016-03-22 21:39:06Z Query Stock_id is 1101 Program Start
2016-03-22 21:39:06Z Query Stock_id is 1101 Program END 

Create log file
2016-03-22 21:39:07Z Query Stock_id is 1402 Program Start
2016-03-22 21:39:07Z Query Stock_id is 1402 Program END 

Create log file
2016-03-22 21:39:07Z Query Stock_id is 2402 Program Start
2016-03-22 21:39:07Z Query Stock_id is 2402 Program END 

Create log file
2016-03-22 21:39:07Z Query Stock_id is 1402 Program Start
2016-03-22 21:39:07Z Query Stock_id is 1402 Program END 

Create log file
2016-03-22 21:39:07Z Query Stock_id is 2402 Program Start
2016-03-22 21:39:07Z Query Stock_id is 2402 Program END 

Create log file
2016-03-22 21:39:07Z Query Stock_id is 3234 Program Start
2016-03-22 21:39:07Z Query Stock_id is 3234 Program END 

Create log file
2016-03-22 21:39:07Z Query Stock_id is 3234 Program Start
2016-03-22 21:39:07Z Query Stock_id is 3234 Program END 

Create log file
2016-03-22 21:39:08Z Query Stock_id is 3042 Program Start
2016-03-22 21:39:08Z Query Stock_id is 3042 Program END 

Create log file
2016-03-22 21:39:08Z Query Stock_id is 3042 Program Start
2016-03-22 21:39:08Z Query Stock_id is 3042 Program END 

Create log file
2016-03-22 21:39:08Z Query Stock_id is 2890 Program Start
2016-03-22 21:39:08Z Query Stock_id is 2890 Program END 

Create log file
2016-03-22 21:39:08Z Query Stock_id is 2890 Program Start
2016-03-22 21:39:08Z Query Stock_id is 2890 Program END 

Create log file
2016-03-22 21:39:08Z Query Stock_id is 1326 Program Start
2016-03-22 21:39:08Z Query Stock_id is 1326 Program END 

Create log file
2016-03-22 21:39:09Z Query Stock_id is 1326 Program Start
2016-03-22 21:39:09Z Query Stock_id is 1326 Program END 

Create log file
2016-03-22 21:39:09Z Query Stock_id is 2892 Program Start
2016-03-22 21:39:09Z Query Stock_id is 2892 Program END 

Create log file
2016-03-22 21:39:09Z Query Stock_id is 2892 Program Start
2016-03-22 21:39:09Z Query Stock_id is 2892 Program END 

Create log file
2016-03-22 21:39:09Z Query Stock_id is 9938 Program Start
2016-03-22 21:39:09Z Query Stock_id is 9938 Program END 

Create log file
2016-03-22 21:39:09Z Query Stock_id is 9938 Program Start
2016-03-22 21:39:09Z Query Stock_id is 9938 Program END 

Create log file
2016-03-22 21:39:09Z Query Stock_id is 1303 Program Start
2016-03-22 21:39:09Z Query Stock_id is 1303 Program END 

Create log file
2016-03-22 21:39:10Z Query Stock_id is 1303 Program Start
2016-03-22 21:39:10Z Query Stock_id is 1303 Program END 

Create log file
2016-03-22 21:39:10Z Query Stock_id is 1301 Program Start
2016-03-22 21:39:10Z Query Stock_id is 1301 Program END 

Create log file
2016-03-22 21:39:10Z Query Stock_id is 1301 Program Start
2016-03-22 21:39:10Z Query Stock_id is 1301 Program END 

Create log file
2016-03-22 21:39:10Z Query Stock_id is 2883 Program Start
2016-03-22 21:39:10Z Query Stock_id is 2883 Program END 

Create log file
2016-03-22 21:39:10Z Query Stock_id is 2883 Program Start
2016-03-22 21:39:10Z Query Stock_id is 2883 Program END 

Create log file
2016-03-22 21:39:11Z Query Stock_id is 4904 Program Start
2016-03-22 21:39:11Z Query Stock_id is 4904 Program END 

Create log file
2016-03-22 21:39:11Z Query Stock_id is 4904 Program Start
2016-03-22 21:39:11Z Query Stock_id is 4904 Program END 

Create log file
2016-03-22 21:39:11Z Query Stock_id is 2317 Program Start
2016-03-22 21:39:11Z Query Stock_id is 2317 Program END 

Create log file
2016-03-22 21:39:11Z Query Stock_id is 2317 Program Start
2016-03-22 21:39:11Z Query Stock_id is 2317 Program END 

Create log file
2016-03-22 21:39:11Z Query Stock_id is 2409 Program Start
2016-03-22 21:39:11Z Query Stock_id is 2409 Program END 

Create log file
2016-03-22 21:39:11Z Query Stock_id is 2409 Program Start
2016-03-22 21:39:11Z Query Stock_id is 2409 Program END 

Create log file
2016-03-22 21:39:12Z Query Stock_id is 3706 Program Start
2016-03-22 21:39:12Z Query Stock_id is 3706 Program END 

Create log file
2016-03-22 21:39:12Z Query Stock_id is 3481 Program Start
2016-03-22 21:39:12Z Query Stock_id is 3481 Program END 

Create log file
2016-03-22 21:39:12Z Query Stock_id is 2317 Program Start
2016-03-22 21:39:12Z Query Stock_id is 2317 Program END 

Create log file
2016-03-22 21:39:12Z Query Stock_id is 1305 Program Start
2016-03-22 21:39:12Z Query Stock_id is 1305 Program END 

Create log file
2016-03-22 21:39:13Z Query Stock_id is 2891 Program Start
2016-03-22 21:39:13Z Query Stock_id is 2891 Program END 

Create log file
2016-03-22 21:39:13Z Query Stock_id is 6282 Program Start
2016-03-22 21:39:13Z Query Stock_id is 6282 Program END 

Create log file
2016-03-22 21:39:13Z Query Stock_id is 3682 Program Start
2016-03-22 21:39:13Z Query Stock_id is 3682 Program END 

Create log file
2016-03-22 21:39:13Z Query Stock_id is 5880 Program Start
2016-03-22 21:39:13Z Query Stock_id is 5880 Program END 

Create log file
2016-03-22 21:39:13Z Query Stock_id is 2886 Program Start
2016-03-22 21:39:13Z Query Stock_id is 2886 Program END 

Create log file
2016-03-22 21:39:13Z Query Stock_id is 8069 Program Start
2016-03-22 21:39:13Z Query Stock_id is 8069 Program END 

Create log file
2016-03-22 21:39:14Z Query Stock_id is 2892 Program Start
2016-03-22 21:39:14Z Query Stock_id is 2892 Program END 

Create log file
2016-03-22 21:39:14Z Query Stock_id is 2002 Program Start
2016-03-22 21:39:14Z Query Stock_id is 2002 Program END 

Create log file
2016-03-22 21:39:14Z Query Stock_id is 2382 Program Start
2016-03-22 21:39:14Z Query Stock_id is 2382 Program END 

Create log file
2016-03-22 21:39:14Z Query Stock_id is 2883 Program Start
2016-03-22 21:39:14Z Query Stock_id is 2883 Program END 

Create log file
2016-03-22 21:39:14Z Query Stock_id is 2880 Program Start
2016-03-22 21:39:14Z Query Stock_id is 2880 Program END 

Create log file
2016-03-22 21:39:14Z Query Stock_id is 2884 Program Start
2016-03-22 21:39:14Z Query Stock_id is 2884 Program END 

Create log file
2016-03-22 22:01:04Z Send 國際股市==>  Program Start
2016-03-22 22:01:04Z Send 國際股市==>  Program END 

Create log file
2016-03-22 22:01:30Z Send 國際股市==>  Program Start
2016-03-22 22:01:30Z Send 國際股市==>  Program END 

Create log file
2016-03-22 22:01:52Z Send 國際股市==>  Program Start
2016-03-22 22:01:52Z Send 國際股市==>  Program END 

Create log file
2016-03-22 23:01:04Z Send 國際股市==>  Program Start
2016-03-22 23:01:04Z Send 國際股市==>  Program END 

