Create log file
2016-07-05 00:01:07Z Send 國際股市==>  Program Start
2016-07-05 00:01:07Z Send 國際股市==>  Program END 

Create log file
2016-07-05 01:01:03Z Send 國際股市==>  Program Start
2016-07-05 01:01:03Z Send 國際股市==>  Program END 

Create log file
2016-07-05 08:01:03Z Send 國際股市==>  Program Start
2016-07-05 08:01:03Z Send 國際股市==>  Program END 

Create log file
2016-07-05 08:01:28Z Send 國際股市==>  Program Start
2016-07-05 08:01:28Z Send 國際股市==>  Program END 

Create log file
2016-07-05 08:01:51Z Send 國際股市==>  Program Start
2016-07-05 08:01:51Z Send 國際股市==>  Program END 

Create log file
2016-07-05 08:02:14Z Send 國際股市==>  Program Start
2016-07-05 08:02:14Z Send 國際股市==>  Program END 

Create log file
2016-07-05 08:46:03Z on time future report... Program Start
2016-07-05 08:46:03Z on time future report... Program END 

Create log file
2016-07-05 08:51:03Z on time future report... Program Start
2016-07-05 08:51:03Z on time future report... Program END 

Create log file
2016-07-05 08:56:03Z on time future report... Program Start
2016-07-05 08:56:03Z on time future report... Program END 

Create log file
2016-07-05 09:01:03Z Send 國際股市==>  Program Start
2016-07-05 09:01:03Z Send 國際股市==>  Program END 

Create log file
2016-07-05 09:01:04Z on time future report... Program Start
2016-07-05 09:01:04Z on time future report... Program END 

Create log file
2016-07-05 09:06:03Z on time future report... Program Start
2016-07-05 09:06:03Z on time future report... Program END 

Create log file
2016-07-05 09:11:03Z on time future report... Program Start
2016-07-05 09:11:03Z on time future report... Program END 

Create log file
2016-07-05 09:16:03Z on time future report... Program Start
2016-07-05 09:16:03Z on time future report... Program END 

Create log file
2016-07-05 09:21:03Z on time future report... Program Start
2016-07-05 09:21:03Z on time future report... Program END 

Create log file
2016-07-05 09:26:04Z on time future report... Program Start
2016-07-05 09:26:04Z on time future report... Program END 

Create log file
2016-07-05 09:31:03Z on time future report... Program Start
2016-07-05 09:31:03Z on time future report... Program END 

Create log file
2016-07-05 09:36:03Z on time future report... Program Start
2016-07-05 09:36:03Z on time future report... Program END 

Create log file
2016-07-05 09:41:05Z on time future report... Program Start
2016-07-05 09:41:05Z on time future report... Program END 

Create log file
2016-07-05 09:46:04Z on time future report... Program Start
2016-07-05 09:46:04Z on time future report... Program END 

Create log file
2016-07-05 09:51:03Z on time future report... Program Start
2016-07-05 09:51:03Z on time future report... Program END 

Create log file
2016-07-05 09:56:03Z on time future report... Program Start
2016-07-05 09:56:03Z on time future report... Program END 

Create log file
2016-07-05 10:01:03Z Send 國際股市==>  Program Start
2016-07-05 10:01:03Z Send 國際股市==>  Program END 

Create log file
2016-07-05 10:01:04Z on time future report... Program Start
2016-07-05 10:01:04Z on time future report... Program END 

Create log file
2016-07-05 11:01:02Z Send 國際股市==>  Program Start
2016-07-05 11:01:02Z Send 國際股市==>  Program END 

Create log file
2016-07-05 12:01:03Z Send 國際股市==>  Program Start
2016-07-05 12:01:03Z Send 國際股市==>  Program END 

Create log file
2016-07-05 13:01:02Z Send 國際股市==>  Program Start
2016-07-05 13:01:02Z Send 國際股市==>  Program END 

Create log file
2016-07-05 14:01:03Z Send 國際股市==>  Program Start
2016-07-05 14:01:03Z Send 國際股市==>  Program END 

Create log file
2016-07-05 15:01:02Z Send 國際股市==>  Program Start
2016-07-05 15:01:02Z Send 國際股市==>  Program END 

Create log file
2016-07-05 15:50:20Z option_insert_daily Program Start
2016-07-05 15:50:20Z option_insert_daily Program END 

Create log file
2016-07-05 15:56:21Z Send Option_OIV_daily Program Start
2016-07-05 15:56:21Z Send Option_OIV_daily Program END 

Create log file
2016-07-05 16:01:03Z Send 國際股市==>  Program Start
2016-07-05 16:01:03Z Send 國際股市==>  Program END 

Create log file
2016-07-05 17:01:01Z Send 國際股市==>  Program Start
2016-07-05 17:01:01Z Send 國際股市==>  Program END 

Create log file
2016-07-05 18:01:02Z Send 國際股市==>  Program Start
2016-07-05 18:01:02Z Send 國際股市==>  Program END 

Create log file
2016-07-05 18:01:24Z Send 國際股市==>  Program Start
2016-07-05 18:01:24Z Send 國際股市==>  Program END 

Create log file
2016-07-05 18:01:47Z Send 國際股市==>  Program Start
2016-07-05 18:01:47Z Send 國際股市==>  Program END 

Create log file
2016-07-05 18:02:09Z Send 國際股市==>  Program Start
2016-07-05 18:02:09Z Send 國際股市==>  Program END 

Create log file
2016-07-05 18:02:33Z Send 國際股市==>  Program Start
2016-07-05 18:02:33Z Send 國際股市==>  Program END 

Create log file
2016-07-05 19:01:01Z Send 國際股市==>  Program Start
2016-07-05 19:01:01Z Send 國際股市==>  Program END 

Create log file
2016-07-05 19:01:28Z Send 國際股市==>  Program Start
2016-07-05 19:01:28Z Send 國際股市==>  Program END 

Create log file
2016-07-05 19:01:51Z Send 國際股市==>  Program Start
2016-07-05 19:01:51Z Send 國際股市==>  Program END 

Create log file
2016-07-05 19:02:12Z Send 國際股市==>  Program Start
2016-07-05 19:02:12Z Send 國際股市==>  Program END 

Create log file
2016-07-05 19:02:33Z Send 國際股市==>  Program Start
2016-07-05 19:02:33Z Send 國際股市==>  Program END 

Create log file
2016-07-05 19:02:56Z Send 國際股市==>  Program Start
2016-07-05 19:02:56Z Send 國際股市==>  Program END 

Create log file
2016-07-05 20:01:01Z Send 國際股市==>  Program Start
2016-07-05 20:01:01Z Send 國際股市==>  Program END 

Create log file
2016-07-05 20:10:16Z stock_data_daily_create_file Program Start
2016-07-05 20:10:16Z stock_data_daily_create_file Program END 

Create log file
2016-07-05 20:20:06Z stock_data_insert_daily Program Start
2016-07-05 20:20:06Z stock_data_insert_daily Program END 

Create log file
2016-07-05 20:30:12Z Send 股市氣象台電子報-今日我最夯<==Strong_UP==>  Program Start
2016-07-05 20:30:12Z Send 股市氣象台電子報-今日我最夯<==Strong_UP==>  Program END 

Create log file
2016-07-05 21:01:19Z Send 國際股市==>  Program Start
2016-07-05 21:01:19Z Send 國際股市==>  Program END 

Create log file
2016-07-05 22:01:02Z Send 國際股市==>  Program Start
2016-07-05 22:01:02Z Send 國際股市==>  Program END 

Create log file
2016-07-05 22:01:29Z Send 國際股市==>  Program Start
2016-07-05 22:01:29Z Send 國際股市==>  Program END 

Create log file
2016-07-05 22:01:51Z Send 國際股市==>  Program Start
2016-07-05 22:01:51Z Send 國際股市==>  Program END 

Create log file
2016-07-05 23:01:01Z Send 國際股市==>  Program Start
2016-07-05 23:01:01Z Send 國際股市==>  Program END 

