Create log file
2016-12-09 00:01:03Z Send 國際股市==>  Program Start
2016-12-09 00:01:03Z Send 國際股市==>  Program END 

Create log file
2016-12-09 01:01:03Z Send 國際股市==>  Program Start
2016-12-09 01:01:03Z Send 國際股市==>  Program END 

Create log file
2016-12-09 08:01:04Z Send 國際股市==>  Program Start
2016-12-09 08:01:04Z Send 國際股市==>  Program END 

Create log file
2016-12-09 08:01:30Z Send 國際股市==>  Program Start
2016-12-09 08:01:30Z Send 國際股市==>  Program END 

Create log file
2016-12-09 08:01:52Z Send 國際股市==>  Program Start
2016-12-09 08:01:52Z Send 國際股市==>  Program END 

Create log file
2016-12-09 08:02:16Z Send 國際股市==>  Program Start
2016-12-09 08:02:16Z Send 國際股市==>  Program END 

Create log file
2016-12-09 08:46:03Z on time future report... Program Start
2016-12-09 08:46:03Z on time future report... Program END 

Create log file
2016-12-09 08:51:03Z on time future report... Program Start
2016-12-09 08:51:03Z on time future report... Program END 

Create log file
2016-12-09 08:56:03Z on time future report... Program Start
2016-12-09 08:56:03Z on time future report... Program END 

Create log file
2016-12-09 09:01:03Z Send 國際股市==>  Program Start
2016-12-09 09:01:03Z Send 國際股市==>  Program END 

Create log file
2016-12-09 09:01:04Z on time future report... Program Start
2016-12-09 09:01:04Z on time future report... Program END 

Create log file
2016-12-09 09:06:03Z on time future report... Program Start
2016-12-09 09:06:03Z on time future report... Program END 

Create log file
2016-12-09 09:11:04Z on time future report... Program Start
2016-12-09 09:11:04Z on time future report... Program END 

Create log file
2016-12-09 09:16:06Z on time future report... Program Start
2016-12-09 09:16:06Z on time future report... Program END 

Create log file
2016-12-09 09:21:04Z on time future report... Program Start
2016-12-09 09:21:04Z on time future report... Program END 

Create log file
2016-12-09 09:26:03Z on time future report... Program Start
2016-12-09 09:26:03Z on time future report... Program END 

Create log file
2016-12-09 09:31:03Z on time future report... Program Start
2016-12-09 09:31:03Z on time future report... Program END 

Create log file
2016-12-09 09:36:06Z on time future report... Program Start
2016-12-09 09:36:06Z on time future report... Program END 

Create log file
2016-12-09 09:41:07Z on time future report... Program Start
2016-12-09 09:41:07Z on time future report... Program END 

Create log file
2016-12-09 09:46:03Z on time future report... Program Start
2016-12-09 09:46:03Z on time future report... Program END 

Create log file
2016-12-09 09:51:03Z on time future report... Program Start
2016-12-09 09:51:03Z on time future report... Program END 

Create log file
2016-12-09 09:56:03Z on time future report... Program Start
2016-12-09 09:56:03Z on time future report... Program END 

Create log file
2016-12-09 10:01:04Z Send 國際股市==>  Program Start
2016-12-09 10:01:04Z Send 國際股市==>  Program END 

Create log file
2016-12-09 10:01:04Z on time future report... Program Start
2016-12-09 10:01:04Z on time future report... Program END 

Create log file
2016-12-09 10:06:12Z on time future report... Program Start
2016-12-09 10:06:12Z on time future report... Program END 

Create log file
2016-12-09 10:11:03Z on time future report... Program Start
2016-12-09 10:11:03Z on time future report... Program END 

Create log file
2016-12-09 10:16:04Z on time future report... Program Start
2016-12-09 10:16:04Z on time future report... Program END 

Create log file
2016-12-09 10:21:04Z on time future report... Program Start
2016-12-09 10:21:04Z on time future report... Program END 

Create log file
2016-12-09 10:26:03Z on time future report... Program Start
2016-12-09 10:26:03Z on time future report... Program END 

Create log file
2016-12-09 10:31:03Z on time future report... Program Start
2016-12-09 10:31:03Z on time future report... Program END 

Create log file
2016-12-09 10:36:03Z on time future report... Program Start
2016-12-09 10:36:03Z on time future report... Program END 

Create log file
2016-12-09 10:41:05Z on time future report... Program Start
2016-12-09 10:41:05Z on time future report... Program END 

Create log file
2016-12-09 10:46:03Z on time future report... Program Start
2016-12-09 10:46:03Z on time future report... Program END 

Create log file
2016-12-09 10:51:03Z on time future report... Program Start
2016-12-09 10:51:03Z on time future report... Program END 

Create log file
2016-12-09 10:56:03Z on time future report... Program Start
2016-12-09 10:56:03Z on time future report... Program END 

Create log file
2016-12-09 11:01:04Z Send 國際股市==>  Program Start
2016-12-09 11:01:04Z Send 國際股市==>  Program END 

Create log file
2016-12-09 11:01:05Z on time future report... Program Start
2016-12-09 11:01:05Z on time future report... Program END 

Create log file
2016-12-09 11:06:03Z on time future report... Program Start
2016-12-09 11:06:03Z on time future report... Program END 

Create log file
2016-12-09 11:11:03Z on time future report... Program Start
2016-12-09 11:11:03Z on time future report... Program END 

Create log file
2016-12-09 11:16:03Z on time future report... Program Start
2016-12-09 11:16:03Z on time future report... Program END 

Create log file
2016-12-09 11:21:03Z on time future report... Program Start
2016-12-09 11:21:03Z on time future report... Program END 

Create log file
2016-12-09 11:26:04Z on time future report... Program Start
2016-12-09 11:26:04Z on time future report... Program END 

Create log file
2016-12-09 11:31:03Z on time future report... Program Start
2016-12-09 11:31:03Z on time future report... Program END 

Create log file
2016-12-09 11:36:03Z on time future report... Program Start
2016-12-09 11:36:03Z on time future report... Program END 

Create log file
2016-12-09 11:41:03Z on time future report... Program Start
2016-12-09 11:41:03Z on time future report... Program END 

Create log file
2016-12-09 11:46:03Z on time future report... Program Start
2016-12-09 11:46:03Z on time future report... Program END 

Create log file
2016-12-09 11:51:03Z on time future report... Program Start
2016-12-09 11:51:03Z on time future report... Program END 

Create log file
2016-12-09 11:56:03Z on time future report... Program Start
2016-12-09 11:56:03Z on time future report... Program END 

Create log file
2016-12-09 12:01:04Z Send 國際股市==>  Program Start
2016-12-09 12:01:04Z Send 國際股市==>  Program END 

Create log file
2016-12-09 12:01:05Z on time future report... Program Start
2016-12-09 12:01:05Z on time future report... Program END 

Create log file
2016-12-09 12:06:04Z on time future report... Program Start
2016-12-09 12:06:04Z on time future report... Program END 

Create log file
2016-12-09 12:11:04Z on time future report... Program Start
2016-12-09 12:11:04Z on time future report... Program END 

Create log file
2016-12-09 12:16:04Z on time future report... Program Start
2016-12-09 12:16:04Z on time future report... Program END 

Create log file
2016-12-09 12:21:03Z on time future report... Program Start
2016-12-09 12:21:03Z on time future report... Program END 

Create log file
2016-12-09 12:26:03Z on time future report... Program Start
2016-12-09 12:26:03Z on time future report... Program END 

Create log file
2016-12-09 12:31:03Z on time future report... Program Start
2016-12-09 12:31:03Z on time future report... Program END 

Create log file
2016-12-09 12:36:03Z on time future report... Program Start
2016-12-09 12:36:03Z on time future report... Program END 

Create log file
2016-12-09 12:41:04Z on time future report... Program Start
2016-12-09 12:41:04Z on time future report... Program END 

Create log file
2016-12-09 12:46:03Z on time future report... Program Start
2016-12-09 12:46:03Z on time future report... Program END 

Create log file
2016-12-09 12:51:07Z on time future report... Program Start
2016-12-09 12:51:07Z on time future report... Program END 

Create log file
2016-12-09 12:56:06Z on time future report... Program Start
2016-12-09 12:56:06Z on time future report... Program END 

Create log file
2016-12-09 13:01:04Z on time future report... Program Start
2016-12-09 13:01:04Z on time future report... Program END 

Create log file
2016-12-09 13:06:03Z on time future report... Program Start
2016-12-09 13:06:03Z on time future report... Program END 

Create log file
2016-12-09 13:11:03Z on time future report... Program Start
2016-12-09 13:11:03Z on time future report... Program END 

Create log file
2016-12-09 13:16:03Z on time future report... Program Start
2016-12-09 13:16:03Z on time future report... Program END 

Create log file
2016-12-09 13:21:03Z on time future report... Program Start
2016-12-09 13:21:03Z on time future report... Program END 

Create log file
2016-12-09 13:26:04Z on time future report... Program Start
2016-12-09 13:26:04Z on time future report... Program END 

Create log file
2016-12-09 13:31:07Z on time future report... Program Start
2016-12-09 13:31:07Z on time future report... Program END 

Create log file
2016-12-09 13:36:03Z on time future report... Program Start
2016-12-09 13:36:03Z on time future report... Program END 

Create log file
2016-12-09 13:41:03Z on time future report... Program Start
2016-12-09 13:41:03Z on time future report... Program END 

Create log file
2016-12-09 13:46:03Z on time future report... Program Start
2016-12-09 13:46:03Z on time future report... Program END 

Create log file
2016-12-09 14:01:01Z Send 國際股市==>  Program Start
2016-12-09 14:01:01Z Send 國際股市==>  Program END 

Create log file
2016-12-09 15:01:01Z Send 國際股市==>  Program Start
2016-12-09 15:01:01Z Send 國際股市==>  Program END 

Create log file
2016-12-09 15:50:16Z option_insert_daily Program Start
2016-12-09 15:50:16Z option_insert_daily Program END 

Create log file
2016-12-09 15:56:47Z Send Option_OIV_daily Program Start
2016-12-09 15:56:47Z Send Option_OIV_daily Program END 

Create log file
2016-12-09 16:01:01Z Send 國際股市==>  Program Start
2016-12-09 16:01:01Z Send 國際股市==>  Program END 

Create log file
2016-12-09 17:01:01Z Send 國際股市==>  Program Start
2016-12-09 17:01:01Z Send 國際股市==>  Program END 

Create log file
2016-12-09 18:01:01Z Send 國際股市==>  Program Start
2016-12-09 18:01:01Z Send 國際股市==>  Program END 

Create log file
2016-12-09 18:01:27Z Send 國際股市==>  Program Start
2016-12-09 18:01:27Z Send 國際股市==>  Program END 

Create log file
2016-12-09 18:01:48Z Send 國際股市==>  Program Start
2016-12-09 18:01:48Z Send 國際股市==>  Program END 

Create log file
2016-12-09 18:02:11Z Send 國際股市==>  Program Start
2016-12-09 18:02:11Z Send 國際股市==>  Program END 

Create log file
2016-12-09 18:02:35Z Send 國際股市==>  Program Start
2016-12-09 18:02:35Z Send 國際股市==>  Program END 

Create log file
2016-12-09 19:01:01Z Send 國際股市==>  Program Start
2016-12-09 19:01:01Z Send 國際股市==>  Program END 

Create log file
2016-12-09 19:01:27Z Send 國際股市==>  Program Start
2016-12-09 19:01:27Z Send 國際股市==>  Program END 

Create log file
2016-12-09 19:01:51Z Send 國際股市==>  Program Start
2016-12-09 19:01:51Z Send 國際股市==>  Program END 

Create log file
2016-12-09 19:02:12Z Send 國際股市==>  Program Start
2016-12-09 19:02:12Z Send 國際股市==>  Program END 

Create log file
2016-12-09 19:02:34Z Send 國際股市==>  Program Start
2016-12-09 19:02:34Z Send 國際股市==>  Program END 

Create log file
2016-12-09 19:02:55Z Send 國際股市==>  Program Start
2016-12-09 19:02:55Z Send 國際股市==>  Program END 

Create log file
2016-12-09 19:03:18Z Send 國際股市==>  Program Start
2016-12-09 19:03:18Z Send 國際股市==>  Program END 

Create log file
2016-12-09 20:01:01Z Send 國際股市==>  Program Start
2016-12-09 20:01:01Z Send 國際股市==>  Program END 

Create log file
2016-12-09 20:10:04Z stock_data_daily_create_file Program Start
2016-12-09 20:10:04Z stock_data_daily_create_file Program END 

Create log file
2016-12-09 20:20:06Z stock_data_insert_daily Program Start
2016-12-09 20:20:06Z stock_data_insert_daily Program END 

Create log file
2016-12-09 20:30:13Z Send 股市氣象台電子報-今日我最夯<==Strong_UP==>  Program Start
2016-12-09 20:30:13Z Send 股市氣象台電子報-今日我最夯<==Strong_UP==>  Program END 

Create log file
2016-12-09 21:01:01Z Send 國際股市==>  Program Start
2016-12-09 21:01:01Z Send 國際股市==>  Program END 

Create log file
2016-12-09 22:01:03Z Send 國際股市==>  Program Start
2016-12-09 22:01:03Z Send 國際股市==>  Program END 

Create log file
2016-12-09 22:01:29Z Send 國際股市==>  Program Start
2016-12-09 22:01:29Z Send 國際股市==>  Program END 

Create log file
2016-12-09 22:01:51Z Send 國際股市==>  Program Start
2016-12-09 22:01:51Z Send 國際股市==>  Program END 

Create log file
2016-12-09 23:01:02Z Send 國際股市==>  Program Start
2016-12-09 23:01:02Z Send 國際股市==>  Program END 

