Create log file
2016-02-20 00:01:08Z Send 國際股市==>  Program Start
2016-02-20 00:01:08Z Send 國際股市==>  Program END 

Create log file
2016-02-20 01:01:03Z Send 國際股市==>  Program Start
2016-02-20 01:01:03Z Send 國際股市==>  Program END 

Create log file
2016-02-20 19:59:25Z Query Stock_id is 3514 Program Start
2016-02-20 19:59:25Z Query Stock_id is 3514 Program END 

Create log file
2016-02-20 19:59:25Z Query Stock_id is 2449 Program Start
2016-02-20 19:59:25Z Query Stock_id is 2449 Program END 

Create log file
2016-02-20 19:59:25Z Query Stock_id is 2356 Program Start
2016-02-20 19:59:25Z Query Stock_id is 2356 Program END 

Create log file
2016-02-20 19:59:25Z Query Stock_id is 2892 Program Start
2016-02-20 19:59:25Z Query Stock_id is 2892 Program END 

Create log file
2016-02-20 19:59:26Z Query Stock_id is 2312 Program Start
2016-02-20 19:59:26Z Query Stock_id is 2312 Program END 

Create log file
2016-02-20 19:59:26Z Query Stock_id is 2325 Program Start
2016-02-20 19:59:26Z Query Stock_id is 2325 Program END 

Create log file
2016-02-20 19:59:26Z Query Stock_id is 1303 Program Start
2016-02-20 19:59:26Z Query Stock_id is 1303 Program END 

Create log file
2016-02-20 19:59:26Z Query Stock_id is 5347 Program Start
2016-02-20 19:59:26Z Query Stock_id is 5347 Program END 

Create log file
2016-02-20 19:59:26Z Query Stock_id is 2324 Program Start
2016-02-20 19:59:26Z Query Stock_id is 2324 Program END 

Create log file
2016-02-20 19:59:27Z Query Stock_id is 3231 Program Start
2016-02-20 19:59:27Z Query Stock_id is 3231 Program END 

Create log file
2016-02-20 19:59:27Z Query Stock_id is 2330 Program Start
2016-02-20 19:59:27Z Query Stock_id is 2330 Program END 

Create log file
2016-02-20 19:59:27Z Query Stock_id is 2886 Program Start
2016-02-20 19:59:27Z Query Stock_id is 2886 Program END 

Create log file
2016-02-20 20:05:58Z Query Stock_id is 3514 Program Start
2016-02-20 20:05:58Z Query Stock_id is 3514 Program END 

Create log file
2016-02-20 20:05:58Z Query Stock_id is 2449 Program Start
2016-02-20 20:05:58Z Query Stock_id is 2449 Program END 

Create log file
2016-02-20 20:05:58Z Query Stock_id is 2356 Program Start
2016-02-20 20:05:58Z Query Stock_id is 2356 Program END 

Create log file
2016-02-20 20:05:59Z Query Stock_id is 2892 Program Start
2016-02-20 20:05:59Z Query Stock_id is 2892 Program END 

Create log file
2016-02-20 20:05:59Z Query Stock_id is 2312 Program Start
2016-02-20 20:05:59Z Query Stock_id is 2312 Program END 

Create log file
2016-02-20 20:05:59Z Query Stock_id is 2325 Program Start
2016-02-20 20:05:59Z Query Stock_id is 2325 Program END 

Create log file
2016-02-20 20:05:59Z Query Stock_id is 1303 Program Start
2016-02-20 20:05:59Z Query Stock_id is 1303 Program END 

Create log file
2016-02-20 20:05:59Z Query Stock_id is 5347 Program Start
2016-02-20 20:05:59Z Query Stock_id is 5347 Program END 

Create log file
2016-02-20 20:06:00Z Query Stock_id is 2324 Program Start
2016-02-20 20:06:00Z Query Stock_id is 2324 Program END 

Create log file
2016-02-20 20:06:00Z Query Stock_id is 3231 Program Start
2016-02-20 20:06:00Z Query Stock_id is 3231 Program END 

Create log file
2016-02-20 20:06:00Z Query Stock_id is 2330 Program Start
2016-02-20 20:06:00Z Query Stock_id is 2330 Program END 

Create log file
2016-02-20 20:06:00Z Query Stock_id is 2886 Program Start
2016-02-20 20:06:00Z Query Stock_id is 2886 Program END 

Create log file
2016-02-20 20:06:28Z Query Stock_id is 3514 Program Start
2016-02-20 20:06:28Z Query Stock_id is 3514 Program END 

Create log file
2016-02-20 20:06:29Z Query Stock_id is 2449 Program Start
2016-02-20 20:06:29Z Query Stock_id is 2449 Program END 

Create log file
2016-02-20 20:06:29Z Query Stock_id is 2356 Program Start
2016-02-20 20:06:29Z Query Stock_id is 2356 Program END 

Create log file
2016-02-20 20:06:29Z Query Stock_id is 2892 Program Start
2016-02-20 20:06:29Z Query Stock_id is 2892 Program END 

Create log file
2016-02-20 20:06:30Z Query Stock_id is 2312 Program Start
2016-02-20 20:06:30Z Query Stock_id is 2312 Program END 

Create log file
2016-02-20 20:06:30Z Query Stock_id is 2325 Program Start
2016-02-20 20:06:30Z Query Stock_id is 2325 Program END 

Create log file
2016-02-20 20:06:30Z Query Stock_id is 1303 Program Start
2016-02-20 20:06:30Z Query Stock_id is 1303 Program END 

Create log file
2016-02-20 20:06:30Z Query Stock_id is 5347 Program Start
2016-02-20 20:06:30Z Query Stock_id is 5347 Program END 

Create log file
2016-02-20 20:06:31Z Query Stock_id is 2324 Program Start
2016-02-20 20:06:31Z Query Stock_id is 2324 Program END 

Create log file
2016-02-20 20:06:31Z Query Stock_id is 3231 Program Start
2016-02-20 20:06:31Z Query Stock_id is 3231 Program END 

Create log file
2016-02-20 20:06:31Z Query Stock_id is 2330 Program Start
2016-02-20 20:06:31Z Query Stock_id is 2330 Program END 

Create log file
2016-02-20 20:06:31Z Query Stock_id is 2886 Program Start
2016-02-20 20:06:31Z Query Stock_id is 2886 Program END 

Create log file
2016-02-20 20:06:58Z Query Stock_id is 3514 Program Start
2016-02-20 20:06:58Z Query Stock_id is 3514 Program END 

Create log file
2016-02-20 20:06:58Z Query Stock_id is 2449 Program Start
2016-02-20 20:06:58Z Query Stock_id is 2449 Program END 

Create log file
2016-02-20 20:06:59Z Query Stock_id is 2356 Program Start
2016-02-20 20:06:59Z Query Stock_id is 2356 Program END 

Create log file
2016-02-20 20:06:59Z Query Stock_id is 2892 Program Start
2016-02-20 20:06:59Z Query Stock_id is 2892 Program END 

Create log file
2016-02-20 20:06:59Z Query Stock_id is 2312 Program Start
2016-02-20 20:06:59Z Query Stock_id is 2312 Program END 

Create log file
2016-02-20 20:06:59Z Query Stock_id is 2325 Program Start
2016-02-20 20:06:59Z Query Stock_id is 2325 Program END 

Create log file
2016-02-20 20:07:00Z Query Stock_id is 1303 Program Start
2016-02-20 20:07:00Z Query Stock_id is 1303 Program END 

Create log file
2016-02-20 20:07:00Z Query Stock_id is 5347 Program Start
2016-02-20 20:07:00Z Query Stock_id is 5347 Program END 

Create log file
2016-02-20 20:07:00Z Query Stock_id is 2324 Program Start
2016-02-20 20:07:00Z Query Stock_id is 2324 Program END 

Create log file
2016-02-20 20:07:00Z Query Stock_id is 3231 Program Start
2016-02-20 20:07:00Z Query Stock_id is 3231 Program END 

Create log file
2016-02-20 20:07:01Z Query Stock_id is 2330 Program Start
2016-02-20 20:07:01Z Query Stock_id is 2330 Program END 

Create log file
2016-02-20 20:07:01Z Query Stock_id is 2886 Program Start
2016-02-20 20:07:01Z Query Stock_id is 2886 Program END 

Create log file
2016-02-20 20:21:10Z Query Stock_id is 3514 Program Start
2016-02-20 20:21:10Z Query Stock_id is 3514 Program END 

Create log file
2016-02-20 20:21:10Z Query Stock_id is 2449 Program Start
2016-02-20 20:21:10Z Query Stock_id is 2449 Program END 

Create log file
2016-02-20 20:21:10Z Query Stock_id is 2356 Program Start
2016-02-20 20:21:10Z Query Stock_id is 2356 Program END 

Create log file
2016-02-20 20:21:11Z Query Stock_id is 2892 Program Start
2016-02-20 20:21:11Z Query Stock_id is 2892 Program END 

Create log file
2016-02-20 20:21:11Z Query Stock_id is 2312 Program Start
2016-02-20 20:21:11Z Query Stock_id is 2312 Program END 

Create log file
2016-02-20 20:21:11Z Query Stock_id is 2325 Program Start
2016-02-20 20:21:11Z Query Stock_id is 2325 Program END 

Create log file
2016-02-20 20:21:11Z Query Stock_id is 1303 Program Start
2016-02-20 20:21:11Z Query Stock_id is 1303 Program END 

Create log file
2016-02-20 20:21:11Z Query Stock_id is 5347 Program Start
2016-02-20 20:21:11Z Query Stock_id is 5347 Program END 

Create log file
2016-02-20 20:21:12Z Query Stock_id is 2324 Program Start
2016-02-20 20:21:12Z Query Stock_id is 2324 Program END 

Create log file
2016-02-20 20:21:12Z Query Stock_id is 3231 Program Start
2016-02-20 20:21:12Z Query Stock_id is 3231 Program END 

Create log file
2016-02-20 20:21:12Z Query Stock_id is 2330 Program Start
2016-02-20 20:21:12Z Query Stock_id is 2330 Program END 

Create log file
2016-02-20 20:21:13Z Query Stock_id is 2886 Program Start
2016-02-20 20:21:13Z Query Stock_id is 2886 Program END 

Create log file
2016-02-20 20:30:01Z Query Stock_id is 3514 Program Start
2016-02-20 20:30:01Z Query Stock_id is 3514 Program END 

Create log file
2016-02-20 20:30:01Z Query Stock_id is 2449 Program Start
2016-02-20 20:30:01Z Query Stock_id is 2449 Program END 

Create log file
2016-02-20 20:30:01Z Query Stock_id is 2356 Program Start
2016-02-20 20:30:01Z Query Stock_id is 2356 Program END 

Create log file
2016-02-20 20:30:01Z Query Stock_id is 2892 Program Start
2016-02-20 20:30:01Z Query Stock_id is 2892 Program END 

Create log file
2016-02-20 20:30:01Z Query Stock_id is 2312 Program Start
2016-02-20 20:30:01Z Query Stock_id is 2312 Program END 

Create log file
2016-02-20 20:30:02Z Query Stock_id is 2325 Program Start
2016-02-20 20:30:02Z Query Stock_id is 2325 Program END 

Create log file
2016-02-20 20:30:02Z Query Stock_id is 1303 Program Start
2016-02-20 20:30:02Z Query Stock_id is 1303 Program END 

Create log file
2016-02-20 20:30:02Z Query Stock_id is 5347 Program Start
2016-02-20 20:30:02Z Query Stock_id is 5347 Program END 

Create log file
2016-02-20 20:30:02Z Query Stock_id is 2324 Program Start
2016-02-20 20:30:02Z Query Stock_id is 2324 Program END 

Create log file
2016-02-20 20:30:02Z Query Stock_id is 3231 Program Start
2016-02-20 20:30:02Z Query Stock_id is 3231 Program END 

Create log file
2016-02-20 20:30:03Z Query Stock_id is 2330 Program Start
2016-02-20 20:30:03Z Query Stock_id is 2330 Program END 

Create log file
2016-02-20 20:30:03Z Query Stock_id is 2886 Program Start
2016-02-20 20:30:03Z Query Stock_id is 2886 Program END 

Create log file
2016-02-20 20:53:18Z Query Stock_id is 3514 Program Start
2016-02-20 20:53:18Z Query Stock_id is 3514 Program END 

Create log file
2016-02-20 20:53:18Z Query Stock_id is 2449 Program Start
2016-02-20 20:53:18Z Query Stock_id is 2449 Program END 

Create log file
2016-02-20 20:53:19Z Query Stock_id is 2356 Program Start
2016-02-20 20:53:19Z Query Stock_id is 2356 Program END 

Create log file
2016-02-20 20:53:19Z Query Stock_id is 2892 Program Start
2016-02-20 20:53:19Z Query Stock_id is 2892 Program END 

Create log file
2016-02-20 20:53:19Z Query Stock_id is 2312 Program Start
2016-02-20 20:53:19Z Query Stock_id is 2312 Program END 

Create log file
2016-02-20 20:53:19Z Query Stock_id is 2325 Program Start
2016-02-20 20:53:19Z Query Stock_id is 2325 Program END 

Create log file
2016-02-20 20:53:19Z Query Stock_id is 1303 Program Start
2016-02-20 20:53:19Z Query Stock_id is 1303 Program END 

Create log file
2016-02-20 20:53:19Z Query Stock_id is 5347 Program Start
2016-02-20 20:53:19Z Query Stock_id is 5347 Program END 

Create log file
2016-02-20 20:53:20Z Query Stock_id is 2324 Program Start
2016-02-20 20:53:20Z Query Stock_id is 2324 Program END 

Create log file
2016-02-20 20:53:20Z Query Stock_id is 3231 Program Start
2016-02-20 20:53:20Z Query Stock_id is 3231 Program END 

Create log file
2016-02-20 20:53:20Z Query Stock_id is 2330 Program Start
2016-02-20 20:53:20Z Query Stock_id is 2330 Program END 

Create log file
2016-02-20 20:53:20Z Query Stock_id is 2886 Program Start
2016-02-20 20:53:20Z Query Stock_id is 2886 Program END 

