Create log file
2016-02-05 00:01:07Z Send 國際股市==>  Program Start
2016-02-05 00:01:07Z Send 國際股市==>  Program END 

Create log file
2016-02-05 01:01:03Z Send 國際股市==>  Program Start
2016-02-05 01:01:03Z Send 國際股市==>  Program END 

Create log file
2016-02-05 08:01:03Z Send 國際股市==>  Program Start
2016-02-05 08:01:03Z Send 國際股市==>  Program END 

Create log file
2016-02-05 08:01:28Z Send 國際股市==>  Program Start
2016-02-05 08:01:28Z Send 國際股市==>  Program END 

Create log file
2016-02-05 08:01:51Z Send 國際股市==>  Program Start
2016-02-05 08:01:51Z Send 國際股市==>  Program END 

Create log file
2016-02-05 08:46:03Z on time future report... Program Start
2016-02-05 08:46:03Z on time future report... Program END 

Create log file
2016-02-05 08:51:03Z on time future report... Program Start
2016-02-05 08:51:03Z on time future report... Program END 

Create log file
2016-02-05 08:56:03Z on time future report... Program Start
2016-02-05 08:56:03Z on time future report... Program END 

Create log file
2016-02-05 09:01:03Z Send 國際股市==>  Program Start
2016-02-05 09:01:03Z Send 國際股市==>  Program END 

Create log file
2016-02-05 09:01:03Z on time future report... Program Start
2016-02-05 09:01:03Z on time future report... Program END 

Create log file
2016-02-05 09:06:03Z on time future report... Program Start
2016-02-05 09:06:03Z on time future report... Program END 

Create log file
2016-02-05 09:11:03Z on time future report... Program Start
2016-02-05 09:11:03Z on time future report... Program END 

Create log file
2016-02-05 09:16:04Z on time future report... Program Start
2016-02-05 09:16:04Z on time future report... Program END 

Create log file
2016-02-05 09:21:04Z on time future report... Program Start
2016-02-05 09:21:04Z on time future report... Program END 

Create log file
2016-02-05 09:26:04Z on time future report... Program Start
2016-02-05 09:26:04Z on time future report... Program END 

Create log file
2016-02-05 09:31:03Z on time future report... Program Start
2016-02-05 09:31:03Z on time future report... Program END 

Create log file
2016-02-05 09:36:03Z on time future report... Program Start
2016-02-05 09:36:03Z on time future report... Program END 

Create log file
2016-02-05 09:41:03Z on time future report... Program Start
2016-02-05 09:41:03Z on time future report... Program END 

Create log file
2016-02-05 09:46:03Z on time future report... Program Start
2016-02-05 09:46:03Z on time future report... Program END 

Create log file
2016-02-05 09:51:03Z on time future report... Program Start
2016-02-05 09:51:03Z on time future report... Program END 

Create log file
2016-02-05 09:56:03Z on time future report... Program Start
2016-02-05 09:56:03Z on time future report... Program END 

Create log file
2016-02-05 10:01:03Z Send 國際股市==>  Program Start
2016-02-05 10:01:03Z Send 國際股市==>  Program END 

Create log file
2016-02-05 10:01:04Z on time future report... Program Start
2016-02-05 10:01:04Z on time future report... Program END 

Create log file
2016-02-05 10:06:03Z on time future report... Program Start
2016-02-05 10:06:03Z on time future report... Program END 

Create log file
2016-02-05 10:11:03Z on time future report... Program Start
2016-02-05 10:11:03Z on time future report... Program END 

Create log file
2016-02-05 10:16:04Z on time future report... Program Start
2016-02-05 10:16:04Z on time future report... Program END 

Create log file
2016-02-05 10:21:03Z on time future report... Program Start
2016-02-05 10:21:03Z on time future report... Program END 

Create log file
2016-02-05 10:26:03Z on time future report... Program Start
2016-02-05 10:26:03Z on time future report... Program END 

Create log file
2016-02-05 10:31:03Z on time future report... Program Start
2016-02-05 10:31:03Z on time future report... Program END 

Create log file
2016-02-05 10:36:03Z on time future report... Program Start
2016-02-05 10:36:03Z on time future report... Program END 

Create log file
2016-02-05 10:41:03Z on time future report... Program Start
2016-02-05 10:41:03Z on time future report... Program END 

Create log file
2016-02-05 10:46:03Z on time future report... Program Start
2016-02-05 10:46:03Z on time future report... Program END 

Create log file
2016-02-05 10:51:03Z on time future report... Program Start
2016-02-05 10:51:03Z on time future report... Program END 

Create log file
2016-02-05 10:56:03Z on time future report... Program Start
2016-02-05 10:56:03Z on time future report... Program END 

Create log file
2016-02-05 11:01:03Z Send 國際股市==>  Program Start
2016-02-05 11:01:03Z Send 國際股市==>  Program END 

Create log file
2016-02-05 11:01:03Z on time future report... Program Start
2016-02-05 11:01:03Z on time future report... Program END 

Create log file
2016-02-05 11:06:03Z on time future report... Program Start
2016-02-05 11:06:03Z on time future report... Program END 

Create log file
2016-02-05 11:11:03Z on time future report... Program Start
2016-02-05 11:11:03Z on time future report... Program END 

Create log file
2016-02-05 11:16:04Z on time future report... Program Start
2016-02-05 11:16:04Z on time future report... Program END 

Create log file
2016-02-05 11:21:03Z on time future report... Program Start
2016-02-05 11:21:03Z on time future report... Program END 

Create log file
2016-02-05 11:26:03Z on time future report... Program Start
2016-02-05 11:26:03Z on time future report... Program END 

Create log file
2016-02-05 11:31:03Z on time future report... Program Start
2016-02-05 11:31:03Z on time future report... Program END 

Create log file
2016-02-05 11:36:03Z on time future report... Program Start
2016-02-05 11:36:03Z on time future report... Program END 

Create log file
2016-02-05 11:41:03Z on time future report... Program Start
2016-02-05 11:41:03Z on time future report... Program END 

Create log file
2016-02-05 11:46:03Z on time future report... Program Start
2016-02-05 11:46:03Z on time future report... Program END 

Create log file
2016-02-05 11:51:03Z on time future report... Program Start
2016-02-05 11:51:03Z on time future report... Program END 

Create log file
2016-02-05 11:56:03Z on time future report... Program Start
2016-02-05 11:56:03Z on time future report... Program END 

Create log file
2016-02-05 12:01:03Z Send 國際股市==>  Program Start
2016-02-05 12:01:03Z Send 國際股市==>  Program END 

Create log file
2016-02-05 12:01:04Z on time future report... Program Start
2016-02-05 12:01:04Z on time future report... Program END 

Create log file
2016-02-05 12:06:03Z on time future report... Program Start
2016-02-05 12:06:03Z on time future report... Program END 

Create log file
2016-02-05 12:11:03Z on time future report... Program Start
2016-02-05 12:11:03Z on time future report... Program END 

Create log file
2016-02-05 12:16:03Z on time future report... Program Start
2016-02-05 12:16:03Z on time future report... Program END 

Create log file
2016-02-05 12:21:03Z on time future report... Program Start
2016-02-05 12:21:03Z on time future report... Program END 

Create log file
2016-02-05 12:26:03Z on time future report... Program Start
2016-02-05 12:26:03Z on time future report... Program END 

Create log file
2016-02-05 12:31:03Z on time future report... Program Start
2016-02-05 12:31:03Z on time future report... Program END 

Create log file
2016-02-05 12:36:03Z on time future report... Program Start
2016-02-05 12:36:03Z on time future report... Program END 

Create log file
2016-02-05 12:41:03Z on time future report... Program Start
2016-02-05 12:41:03Z on time future report... Program END 

Create log file
2016-02-05 12:46:03Z on time future report... Program Start
2016-02-05 12:46:03Z on time future report... Program END 

Create log file
2016-02-05 12:51:03Z on time future report... Program Start
2016-02-05 12:51:03Z on time future report... Program END 

Create log file
2016-02-05 12:56:03Z on time future report... Program Start
2016-02-05 12:56:03Z on time future report... Program END 

Create log file
2016-02-05 13:01:03Z Send 國際股市==>  Program Start
2016-02-05 13:01:03Z Send 國際股市==>  Program END 

Create log file
2016-02-05 13:01:03Z on time future report... Program Start
2016-02-05 13:01:03Z on time future report... Program END 

Create log file
2016-02-05 13:06:03Z on time future report... Program Start
2016-02-05 13:06:03Z on time future report... Program END 

Create log file
2016-02-05 13:11:03Z on time future report... Program Start
2016-02-05 13:11:03Z on time future report... Program END 

Create log file
2016-02-05 13:16:03Z on time future report... Program Start
2016-02-05 13:16:03Z on time future report... Program END 

Create log file
2016-02-05 13:21:03Z on time future report... Program Start
2016-02-05 13:21:03Z on time future report... Program END 

Create log file
2016-02-05 13:26:03Z on time future report... Program Start
2016-02-05 13:26:03Z on time future report... Program END 

Create log file
2016-02-05 13:31:03Z on time future report... Program Start
2016-02-05 13:31:03Z on time future report... Program END 

Create log file
2016-02-05 13:36:03Z on time future report... Program Start
2016-02-05 13:36:03Z on time future report... Program END 

Create log file
2016-02-05 13:41:03Z on time future report... Program Start
2016-02-05 13:41:03Z on time future report... Program END 

Create log file
2016-02-05 13:46:03Z on time future report... Program Start
2016-02-05 13:46:03Z on time future report... Program END 

Create log file
2016-02-05 14:01:02Z Send 國際股市==>  Program Start
2016-02-05 14:01:02Z Send 國際股市==>  Program END 

Create log file
2016-02-05 15:01:02Z Send 國際股市==>  Program Start
2016-02-05 15:01:02Z Send 國際股市==>  Program END 

Create log file
2016-02-05 15:50:18Z option_insert_daily Program Start
2016-02-05 15:50:18Z option_insert_daily Program END 

Create log file
2016-02-05 16:01:00Z Send 國際股市==>  Program Start
2016-02-05 16:01:00Z Send 國際股市==>  Program END 

Create log file
2016-02-05 17:01:01Z Send 國際股市==>  Program Start
2016-02-05 17:01:01Z Send 國際股市==>  Program END 

Create log file
2016-02-05 18:01:01Z Send 國際股市==>  Program Start
2016-02-05 18:01:01Z Send 國際股市==>  Program END 

Create log file
2016-02-05 18:01:27Z Send 國際股市==>  Program Start
2016-02-05 18:01:27Z Send 國際股市==>  Program END 

Create log file
2016-02-05 18:01:48Z Send 國際股市==>  Program Start
2016-02-05 18:01:48Z Send 國際股市==>  Program END 

Create log file
2016-02-05 18:02:10Z Send 國際股市==>  Program Start
2016-02-05 18:02:10Z Send 國際股市==>  Program END 

Create log file
2016-02-05 19:01:01Z Send 國際股市==>  Program Start
2016-02-05 19:01:01Z Send 國際股市==>  Program END 

Create log file
2016-02-05 19:01:26Z Send 國際股市==>  Program Start
2016-02-05 19:01:26Z Send 國際股市==>  Program END 

Create log file
2016-02-05 19:01:47Z Send 國際股市==>  Program Start
2016-02-05 19:01:47Z Send 國際股市==>  Program END 

Create log file
2016-02-05 20:01:01Z Send 國際股市==>  Program Start
2016-02-05 20:01:01Z Send 國際股市==>  Program END 

Create log file
2016-02-05 20:10:01Z stock_data_daily_create_file Program Start
2016-02-05 20:10:01Z stock_data_daily_create_file Program END 

Create log file
2016-02-05 20:20:03Z stock_data_insert_daily Program Start
2016-02-05 20:20:03Z stock_data_insert_daily Program END 

Create log file
2016-02-05 20:30:09Z Send 股市氣象台電子報-今日我最夯<==Strong_UP==>  Program Start
2016-02-05 20:30:09Z Send 股市氣象台電子報-今日我最夯<==Strong_UP==>  Program END 

Create log file
2016-02-05 21:01:01Z Send 國際股市==>  Program Start
2016-02-05 21:01:01Z Send 國際股市==>  Program END 

Create log file
2016-02-05 22:01:03Z Send 國際股市==>  Program Start
2016-02-05 22:01:03Z Send 國際股市==>  Program END 

Create log file
2016-02-05 22:01:30Z Send 國際股市==>  Program Start
2016-02-05 22:01:30Z Send 國際股市==>  Program END 

Create log file
2016-02-05 23:01:03Z Send 國際股市==>  Program Start
2016-02-05 23:01:03Z Send 國際股市==>  Program END 

