Create log file
2016-07-04 08:01:05Z Send 國際股市==>  Program Start
2016-07-04 08:01:05Z Send 國際股市==>  Program END 

Create log file
2016-07-04 08:01:32Z Send 國際股市==>  Program Start
2016-07-04 08:01:32Z Send 國際股市==>  Program END 

Create log file
2016-07-04 08:01:54Z Send 國際股市==>  Program Start
2016-07-04 08:01:54Z Send 國際股市==>  Program END 

Create log file
2016-07-04 08:02:17Z Send 國際股市==>  Program Start
2016-07-04 08:02:17Z Send 國際股市==>  Program END 

Create log file
2016-07-04 08:46:04Z on time future report... Program Start
2016-07-04 08:46:04Z on time future report... Program END 

Create log file
2016-07-04 08:51:03Z on time future report... Program Start
2016-07-04 08:51:03Z on time future report... Program END 

Create log file
2016-07-04 08:56:03Z on time future report... Program Start
2016-07-04 08:56:03Z on time future report... Program END 

Create log file
2016-07-04 09:01:04Z Send 國際股市==>  Program Start
2016-07-04 09:01:04Z Send 國際股市==>  Program END 

Create log file
2016-07-04 09:01:04Z on time future report... Program Start
2016-07-04 09:01:04Z on time future report... Program END 

Create log file
2016-07-04 09:06:03Z on time future report... Program Start
2016-07-04 09:06:03Z on time future report... Program END 

Create log file
2016-07-04 09:11:03Z on time future report... Program Start
2016-07-04 09:11:03Z on time future report... Program END 

Create log file
2016-07-04 09:16:03Z on time future report... Program Start
2016-07-04 09:16:03Z on time future report... Program END 

Create log file
2016-07-04 09:21:04Z on time future report... Program Start
2016-07-04 09:21:04Z on time future report... Program END 

Create log file
2016-07-04 09:26:04Z on time future report... Program Start
2016-07-04 09:26:04Z on time future report... Program END 

Create log file
2016-07-04 09:31:05Z on time future report... Program Start
2016-07-04 09:31:05Z on time future report... Program END 

Create log file
2016-07-04 09:36:03Z on time future report... Program Start
2016-07-04 09:36:03Z on time future report... Program END 

Create log file
2016-07-04 09:41:03Z on time future report... Program Start
2016-07-04 09:41:03Z on time future report... Program END 

Create log file
2016-07-04 09:46:08Z on time future report... Program Start
2016-07-04 09:46:08Z on time future report... Program END 

Create log file
2016-07-04 09:51:03Z on time future report... Program Start
2016-07-04 09:51:03Z on time future report... Program END 

Create log file
2016-07-04 09:56:03Z on time future report... Program Start
2016-07-04 09:56:03Z on time future report... Program END 

Create log file
2016-07-04 10:01:05Z Send 國際股市==>  Program Start
2016-07-04 10:01:05Z Send 國際股市==>  Program END 

Create log file
2016-07-04 10:01:05Z on time future report... Program Start
2016-07-04 10:01:05Z on time future report... Program END 

Create log file
2016-07-04 10:06:03Z on time future report... Program Start
2016-07-04 10:06:03Z on time future report... Program END 

Create log file
2016-07-04 10:11:03Z on time future report... Program Start
2016-07-04 10:11:03Z on time future report... Program END 

Create log file
2016-07-04 10:16:03Z on time future report... Program Start
2016-07-04 10:16:03Z on time future report... Program END 

Create log file
2016-07-04 10:21:03Z on time future report... Program Start
2016-07-04 10:21:03Z on time future report... Program END 

Create log file
2016-07-04 10:26:03Z on time future report... Program Start
2016-07-04 10:26:03Z on time future report... Program END 

Create log file
2016-07-04 10:31:04Z on time future report... Program Start
2016-07-04 10:31:04Z on time future report... Program END 

Create log file
2016-07-04 10:36:05Z on time future report... Program Start
2016-07-04 10:36:05Z on time future report... Program END 

Create log file
2016-07-04 10:41:03Z on time future report... Program Start
2016-07-04 10:41:03Z on time future report... Program END 

Create log file
2016-07-04 10:46:03Z on time future report... Program Start
2016-07-04 10:46:03Z on time future report... Program END 

Create log file
2016-07-04 10:51:08Z on time future report... Program Start
2016-07-04 10:51:08Z on time future report... Program END 

Create log file
2016-07-04 10:56:05Z on time future report... Program Start
2016-07-04 10:56:05Z on time future report... Program END 

Create log file
2016-07-04 11:01:03Z Send 國際股市==>  Program Start
2016-07-04 11:01:03Z Send 國際股市==>  Program END 

Create log file
2016-07-04 11:01:09Z on time future report... Program Start
2016-07-04 11:01:09Z on time future report... Program END 

Create log file
2016-07-04 11:06:04Z on time future report... Program Start
2016-07-04 11:06:04Z on time future report... Program END 

Create log file
2016-07-04 11:11:03Z on time future report... Program Start
2016-07-04 11:11:03Z on time future report... Program END 

Create log file
2016-07-04 11:16:03Z on time future report... Program Start
2016-07-04 11:16:03Z on time future report... Program END 

Create log file
2016-07-04 11:21:04Z on time future report... Program Start
2016-07-04 11:21:04Z on time future report... Program END 

Create log file
2016-07-04 11:26:03Z on time future report... Program Start
2016-07-04 11:26:03Z on time future report... Program END 

Create log file
2016-07-04 11:31:03Z on time future report... Program Start
2016-07-04 11:31:03Z on time future report... Program END 

Create log file
2016-07-04 11:36:05Z on time future report... Program Start
2016-07-04 11:36:05Z on time future report... Program END 

Create log file
2016-07-04 11:41:03Z on time future report... Program Start
2016-07-04 11:41:03Z on time future report... Program END 

Create log file
2016-07-04 11:46:03Z on time future report... Program Start
2016-07-04 11:46:03Z on time future report... Program END 

Create log file
2016-07-04 11:51:03Z on time future report... Program Start
2016-07-04 11:51:03Z on time future report... Program END 

Create log file
2016-07-04 11:56:03Z on time future report... Program Start
2016-07-04 11:56:03Z on time future report... Program END 

Create log file
2016-07-04 12:01:04Z Send 國際股市==>  Program Start
2016-07-04 12:01:04Z Send 國際股市==>  Program END 

Create log file
2016-07-04 12:01:04Z on time future report... Program Start
2016-07-04 12:01:04Z on time future report... Program END 

Create log file
2016-07-04 12:06:04Z on time future report... Program Start
2016-07-04 12:06:04Z on time future report... Program END 

Create log file
2016-07-04 12:11:03Z on time future report... Program Start
2016-07-04 12:11:03Z on time future report... Program END 

Create log file
2016-07-04 12:16:03Z on time future report... Program Start
2016-07-04 12:16:03Z on time future report... Program END 

Create log file
2016-07-04 12:21:03Z on time future report... Program Start
2016-07-04 12:21:03Z on time future report... Program END 

Create log file
2016-07-04 12:26:03Z on time future report... Program Start
2016-07-04 12:26:03Z on time future report... Program END 

Create log file
2016-07-04 12:31:03Z on time future report... Program Start
2016-07-04 12:31:03Z on time future report... Program END 

Create log file
2016-07-04 12:36:03Z on time future report... Program Start
2016-07-04 12:36:03Z on time future report... Program END 

Create log file
2016-07-04 12:41:06Z on time future report... Program Start
2016-07-04 12:41:06Z on time future report... Program END 

Create log file
2016-07-04 12:46:03Z on time future report... Program Start
2016-07-04 12:46:03Z on time future report... Program END 

Create log file
2016-07-04 12:51:05Z on time future report... Program Start
2016-07-04 12:51:05Z on time future report... Program END 

Create log file
2016-07-04 12:56:03Z on time future report... Program Start
2016-07-04 12:56:03Z on time future report... Program END 

Create log file
2016-07-04 13:01:05Z on time future report... Program Start
2016-07-04 13:01:05Z on time future report... Program END 

Create log file
2016-07-04 13:01:06Z Send 國際股市==>  Program Start
2016-07-04 13:01:06Z Send 國際股市==>  Program END 

Create log file
2016-07-04 13:06:03Z on time future report... Program Start
2016-07-04 13:06:03Z on time future report... Program END 

Create log file
2016-07-04 13:11:03Z on time future report... Program Start
2016-07-04 13:11:03Z on time future report... Program END 

Create log file
2016-07-04 13:16:04Z on time future report... Program Start
2016-07-04 13:16:04Z on time future report... Program END 

Create log file
2016-07-04 13:21:03Z on time future report... Program Start
2016-07-04 13:21:03Z on time future report... Program END 

Create log file
2016-07-04 13:26:05Z on time future report... Program Start
2016-07-04 13:26:05Z on time future report... Program END 

Create log file
2016-07-04 13:31:08Z on time future report... Program Start
2016-07-04 13:31:08Z on time future report... Program END 

Create log file
2016-07-04 13:36:03Z on time future report... Program Start
2016-07-04 13:36:03Z on time future report... Program END 

Create log file
2016-07-04 13:41:03Z on time future report... Program Start
2016-07-04 13:41:03Z on time future report... Program END 

Create log file
2016-07-04 13:46:03Z on time future report... Program Start
2016-07-04 13:46:03Z on time future report... Program END 

Create log file
2016-07-04 14:01:03Z Send 國際股市==>  Program Start
2016-07-04 14:01:03Z Send 國際股市==>  Program END 

Create log file
2016-07-04 15:01:03Z Send 國際股市==>  Program Start
2016-07-04 15:01:03Z Send 國際股市==>  Program END 

Create log file
2016-07-04 15:50:20Z option_insert_daily Program Start
2016-07-04 15:50:20Z option_insert_daily Program END 

Create log file
2016-07-04 15:55:49Z Send Option_OIV_daily Program Start
2016-07-04 15:55:49Z Send Option_OIV_daily Program END 

Create log file
2016-07-04 16:01:02Z Send 國際股市==>  Program Start
2016-07-04 16:01:02Z Send 國際股市==>  Program END 

Create log file
2016-07-04 17:01:04Z Send 國際股市==>  Program Start
2016-07-04 17:01:04Z Send 國際股市==>  Program END 

Create log file
2016-07-04 18:01:02Z Send 國際股市==>  Program Start
2016-07-04 18:01:02Z Send 國際股市==>  Program END 

Create log file
2016-07-04 18:01:29Z Send 國際股市==>  Program Start
2016-07-04 18:01:29Z Send 國際股市==>  Program END 

Create log file
2016-07-04 18:01:50Z Send 國際股市==>  Program Start
2016-07-04 18:01:50Z Send 國際股市==>  Program END 

Create log file
2016-07-04 18:02:13Z Send 國際股市==>  Program Start
2016-07-04 18:02:13Z Send 國際股市==>  Program END 

Create log file
2016-07-04 18:02:37Z Send 國際股市==>  Program Start
2016-07-04 18:02:37Z Send 國際股市==>  Program END 

Create log file
2016-07-04 19:01:03Z Send 國際股市==>  Program Start
2016-07-04 19:01:03Z Send 國際股市==>  Program END 

Create log file
2016-07-04 19:01:30Z Send 國際股市==>  Program Start
2016-07-04 19:01:30Z Send 國際股市==>  Program END 

Create log file
2016-07-04 19:01:54Z Send 國際股市==>  Program Start
2016-07-04 19:01:54Z Send 國際股市==>  Program END 

Create log file
2016-07-04 19:02:15Z Send 國際股市==>  Program Start
2016-07-04 19:02:15Z Send 國際股市==>  Program END 

Create log file
2016-07-04 19:02:36Z Send 國際股市==>  Program Start
2016-07-04 19:02:36Z Send 國際股市==>  Program END 

Create log file
2016-07-04 19:02:59Z Send 國際股市==>  Program Start
2016-07-04 19:02:59Z Send 國際股市==>  Program END 

Create log file
2016-07-04 20:01:01Z Send 國際股市==>  Program Start
2016-07-04 20:01:01Z Send 國際股市==>  Program END 

Create log file
2016-07-04 20:10:07Z stock_data_daily_create_file Program Start
2016-07-04 20:10:07Z stock_data_daily_create_file Program END 

Create log file
2016-07-04 20:20:09Z stock_data_insert_daily Program Start
2016-07-04 20:20:09Z stock_data_insert_daily Program END 

Create log file
2016-07-04 20:30:12Z Send 股市氣象台電子報-今日我最夯<==Strong_UP==>  Program Start
2016-07-04 20:30:12Z Send 股市氣象台電子報-今日我最夯<==Strong_UP==>  Program END 

Create log file
2016-07-04 21:01:02Z Send 國際股市==>  Program Start
2016-07-04 21:01:02Z Send 國際股市==>  Program END 

Create log file
2016-07-04 22:01:01Z Send 國際股市==>  Program Start
2016-07-04 22:01:01Z Send 國際股市==>  Program END 

Create log file
2016-07-04 22:01:28Z Send 國際股市==>  Program Start
2016-07-04 22:01:28Z Send 國際股市==>  Program END 

Create log file
2016-07-04 22:01:50Z Send 國際股市==>  Program Start
2016-07-04 22:01:50Z Send 國際股市==>  Program END 

Create log file
2016-07-04 23:01:04Z Send 國際股市==>  Program Start
2016-07-04 23:01:04Z Send 國際股市==>  Program END 

