Create log file
2016-05-10 00:01:01Z Send 國際股市==>  Program Start
2016-05-10 00:01:01Z Send 國際股市==>  Program END 

Create log file
2016-05-10 01:01:02Z Send 國際股市==>  Program Start
2016-05-10 01:01:02Z Send 國際股市==>  Program END 

Create log file
2016-05-10 08:01:02Z Send 國際股市==>  Program Start
2016-05-10 08:01:02Z Send 國際股市==>  Program END 

Create log file
2016-05-10 08:01:28Z Send 國際股市==>  Program Start
2016-05-10 08:01:28Z Send 國際股市==>  Program END 

Create log file
2016-05-10 08:01:50Z Send 國際股市==>  Program Start
2016-05-10 08:01:50Z Send 國際股市==>  Program END 

Create log file
2016-05-10 08:02:13Z Send 國際股市==>  Program Start
2016-05-10 08:02:13Z Send 國際股市==>  Program END 

Create log file
2016-05-10 08:46:03Z on time future report... Program Start
2016-05-10 08:46:03Z on time future report... Program END 

Create log file
2016-05-10 08:51:04Z on time future report... Program Start
2016-05-10 08:51:04Z on time future report... Program END 

Create log file
2016-05-10 08:56:03Z on time future report... Program Start
2016-05-10 08:56:03Z on time future report... Program END 

Create log file
2016-05-10 09:01:03Z Send 國際股市==>  Program Start
2016-05-10 09:01:03Z Send 國際股市==>  Program END 

Create log file
2016-05-10 09:01:07Z on time future report... Program Start
2016-05-10 09:01:07Z on time future report... Program END 

Create log file
2016-05-10 09:06:04Z on time future report... Program Start
2016-05-10 09:06:04Z on time future report... Program END 

Create log file
2016-05-10 09:07:55Z Query Stock_id is 5347 Program Start
2016-05-10 09:07:55Z Query Stock_id is 5347 Program END 

Create log file
2016-05-10 09:07:55Z Query Stock_id is 3474 Program Start
2016-05-10 09:07:55Z Query Stock_id is 3474 Program END 

Create log file
2016-05-10 09:07:55Z Query Stock_id is 2449 Program Start
2016-05-10 09:07:55Z Query Stock_id is 2449 Program END 

Create log file
2016-05-10 09:07:55Z Query Stock_id is 3023 Program Start
2016-05-10 09:07:55Z Query Stock_id is 3023 Program END 

Create log file
2016-05-10 09:11:03Z on time future report... Program Start
2016-05-10 09:11:03Z on time future report... Program END 

Create log file
2016-05-10 09:16:03Z on time future report... Program Start
2016-05-10 09:16:03Z on time future report... Program END 

Create log file
2016-05-10 09:21:05Z on time future report... Program Start
2016-05-10 09:21:05Z on time future report... Program END 

Create log file
2016-05-10 09:26:03Z on time future report... Program Start
2016-05-10 09:26:03Z on time future report... Program END 

Create log file
2016-05-10 09:31:04Z on time future report... Program Start
2016-05-10 09:31:04Z on time future report... Program END 

Create log file
2016-05-10 09:36:04Z on time future report... Program Start
2016-05-10 09:36:04Z on time future report... Program END 

Create log file
2016-05-10 09:41:03Z on time future report... Program Start
2016-05-10 09:41:03Z on time future report... Program END 

Create log file
2016-05-10 09:46:03Z on time future report... Program Start
2016-05-10 09:46:03Z on time future report... Program END 

Create log file
2016-05-10 09:51:03Z on time future report... Program Start
2016-05-10 09:51:03Z on time future report... Program END 

Create log file
2016-05-10 09:56:03Z on time future report... Program Start
2016-05-10 09:56:03Z on time future report... Program END 

Create log file
2016-05-10 10:01:03Z Send 國際股市==>  Program Start
2016-05-10 10:01:03Z Send 國際股市==>  Program END 

Create log file
2016-05-10 10:01:06Z on time future report... Program Start
2016-05-10 10:01:06Z on time future report... Program END 

Create log file
2016-05-10 10:06:04Z on time future report... Program Start
2016-05-10 10:06:04Z on time future report... Program END 

Create log file
2016-05-10 10:11:05Z on time future report... Program Start
2016-05-10 10:11:05Z on time future report... Program END 

Create log file
2016-05-10 10:16:03Z on time future report... Program Start
2016-05-10 10:16:03Z on time future report... Program END 

Create log file
2016-05-10 10:21:04Z on time future report... Program Start
2016-05-10 10:21:04Z on time future report... Program END 

Create log file
2016-05-10 10:26:03Z on time future report... Program Start
2016-05-10 10:26:03Z on time future report... Program END 

Create log file
2016-05-10 10:31:03Z on time future report... Program Start
2016-05-10 10:31:03Z on time future report... Program END 

Create log file
2016-05-10 10:36:04Z on time future report... Program Start
2016-05-10 10:36:04Z on time future report... Program END 

Create log file
2016-05-10 10:41:03Z on time future report... Program Start
2016-05-10 10:41:03Z on time future report... Program END 

Create log file
2016-05-10 10:46:03Z on time future report... Program Start
2016-05-10 10:46:03Z on time future report... Program END 

Create log file
2016-05-10 10:51:05Z on time future report... Program Start
2016-05-10 10:51:05Z on time future report... Program END 

Create log file
2016-05-10 10:56:03Z on time future report... Program Start
2016-05-10 10:56:03Z on time future report... Program END 

Create log file
2016-05-10 11:01:02Z Send 國際股市==>  Program Start
2016-05-10 11:01:02Z Send 國際股市==>  Program END 

Create log file
2016-05-10 11:01:07Z on time future report... Program Start
2016-05-10 11:01:07Z on time future report... Program END 

Create log file
2016-05-10 11:06:04Z on time future report... Program Start
2016-05-10 11:06:04Z on time future report... Program END 

Create log file
2016-05-10 11:11:03Z on time future report... Program Start
2016-05-10 11:11:03Z on time future report... Program END 

Create log file
2016-05-10 11:16:03Z on time future report... Program Start
2016-05-10 11:16:03Z on time future report... Program END 

Create log file
2016-05-10 11:21:03Z on time future report... Program Start
2016-05-10 11:21:03Z on time future report... Program END 

Create log file
2016-05-10 11:26:03Z on time future report... Program Start
2016-05-10 11:26:03Z on time future report... Program END 

Create log file
2016-05-10 11:31:03Z on time future report... Program Start
2016-05-10 11:31:03Z on time future report... Program END 

Create log file
2016-05-10 11:36:03Z on time future report... Program Start
2016-05-10 11:36:03Z on time future report... Program END 

Create log file
2016-05-10 11:41:07Z on time future report... Program Start
2016-05-10 11:41:07Z on time future report... Program END 

Create log file
2016-05-10 11:46:03Z on time future report... Program Start
2016-05-10 11:46:03Z on time future report... Program END 

Create log file
2016-05-10 11:51:03Z on time future report... Program Start
2016-05-10 11:51:03Z on time future report... Program END 

Create log file
2016-05-10 11:56:03Z on time future report... Program Start
2016-05-10 11:56:03Z on time future report... Program END 

Create log file
2016-05-10 12:01:04Z Send 國際股市==>  Program Start
2016-05-10 12:01:04Z Send 國際股市==>  Program END 

Create log file
2016-05-10 12:01:04Z on time future report... Program Start
2016-05-10 12:01:04Z on time future report... Program END 

Create log file
2016-05-10 12:06:08Z on time future report... Program Start
2016-05-10 12:06:08Z on time future report... Program END 

Create log file
2016-05-10 12:11:03Z on time future report... Program Start
2016-05-10 12:11:03Z on time future report... Program END 

Create log file
2016-05-10 12:16:03Z on time future report... Program Start
2016-05-10 12:16:03Z on time future report... Program END 

Create log file
2016-05-10 12:21:05Z on time future report... Program Start
2016-05-10 12:21:05Z on time future report... Program END 

Create log file
2016-05-10 12:26:06Z on time future report... Program Start
2016-05-10 12:26:06Z on time future report... Program END 

Create log file
2016-05-10 12:31:03Z on time future report... Program Start
2016-05-10 12:31:03Z on time future report... Program END 

Create log file
2016-05-10 12:36:03Z on time future report... Program Start
2016-05-10 12:36:03Z on time future report... Program END 

Create log file
2016-05-10 12:41:03Z on time future report... Program Start
2016-05-10 12:41:03Z on time future report... Program END 

Create log file
2016-05-10 12:46:03Z on time future report... Program Start
2016-05-10 12:46:03Z on time future report... Program END 

Create log file
2016-05-10 12:51:03Z on time future report... Program Start
2016-05-10 12:51:03Z on time future report... Program END 

Create log file
2016-05-10 12:56:03Z on time future report... Program Start
2016-05-10 12:56:03Z on time future report... Program END 

Create log file
2016-05-10 13:01:03Z Send 國際股市==>  Program Start
2016-05-10 13:01:03Z Send 國際股市==>  Program END 

Create log file
2016-05-10 13:01:04Z on time future report... Program Start
2016-05-10 13:01:04Z on time future report... Program END 

Create log file
2016-05-10 13:06:03Z on time future report... Program Start
2016-05-10 13:06:03Z on time future report... Program END 

Create log file
2016-05-10 13:11:03Z on time future report... Program Start
2016-05-10 13:11:03Z on time future report... Program END 

Create log file
2016-05-10 13:16:03Z on time future report... Program Start
2016-05-10 13:16:03Z on time future report... Program END 

Create log file
2016-05-10 13:21:03Z on time future report... Program Start
2016-05-10 13:21:03Z on time future report... Program END 

Create log file
2016-05-10 13:26:03Z on time future report... Program Start
2016-05-10 13:26:03Z on time future report... Program END 

Create log file
2016-05-10 13:31:03Z on time future report... Program Start
2016-05-10 13:31:03Z on time future report... Program END 

Create log file
2016-05-10 13:36:03Z on time future report... Program Start
2016-05-10 13:36:03Z on time future report... Program END 

Create log file
2016-05-10 13:41:03Z on time future report... Program Start
2016-05-10 13:41:03Z on time future report... Program END 

Create log file
2016-05-10 13:46:03Z on time future report... Program Start
2016-05-10 13:46:03Z on time future report... Program END 

Create log file
2016-05-10 14:01:02Z Send 國際股市==>  Program Start
2016-05-10 14:01:02Z Send 國際股市==>  Program END 

Create log file
2016-05-10 15:01:02Z Send 國際股市==>  Program Start
2016-05-10 15:01:02Z Send 國際股市==>  Program END 

Create log file
2016-05-10 15:50:20Z option_insert_daily Program Start
2016-05-10 15:50:20Z option_insert_daily Program END 

Create log file
2016-05-10 15:56:24Z Send Option_OIV_daily Program Start
2016-05-10 15:56:24Z Send Option_OIV_daily Program END 

Create log file
2016-05-10 16:01:02Z Send 國際股市==>  Program Start
2016-05-10 16:01:02Z Send 國際股市==>  Program END 

Create log file
2016-05-10 17:01:02Z Send 國際股市==>  Program Start
2016-05-10 17:01:02Z Send 國際股市==>  Program END 

Create log file
2016-05-10 18:01:02Z Send 國際股市==>  Program Start
2016-05-10 18:01:02Z Send 國際股市==>  Program END 

Create log file
2016-05-10 18:01:29Z Send 國際股市==>  Program Start
2016-05-10 18:01:29Z Send 國際股市==>  Program END 

Create log file
2016-05-10 18:01:52Z Send 國際股市==>  Program Start
2016-05-10 18:01:52Z Send 國際股市==>  Program END 

Create log file
2016-05-10 18:02:14Z Send 國際股市==>  Program Start
2016-05-10 18:02:14Z Send 國際股市==>  Program END 

Create log file
2016-05-10 18:02:37Z Send 國際股市==>  Program Start
2016-05-10 18:02:37Z Send 國際股市==>  Program END 

Create log file
2016-05-10 19:01:02Z Send 國際股市==>  Program Start
2016-05-10 19:01:02Z Send 國際股市==>  Program END 

Create log file
2016-05-10 19:01:28Z Send 國際股市==>  Program Start
2016-05-10 19:01:28Z Send 國際股市==>  Program END 

Create log file
2016-05-10 19:01:49Z Send 國際股市==>  Program Start
2016-05-10 19:01:49Z Send 國際股市==>  Program END 

Create log file
2016-05-10 19:02:10Z Send 國際股市==>  Program Start
2016-05-10 19:02:10Z Send 國際股市==>  Program END 

Create log file
2016-05-10 19:02:31Z Send 國際股市==>  Program Start
2016-05-10 19:02:31Z Send 國際股市==>  Program END 

Create log file
2016-05-10 19:04:10Z Query Stock_id is 5347 Program Start
2016-05-10 19:04:10Z Query Stock_id is 5347 Program END 

Create log file
2016-05-10 19:04:11Z Query Stock_id is 3474 Program Start
2016-05-10 19:04:11Z Query Stock_id is 3474 Program END 

Create log file
2016-05-10 19:04:11Z Query Stock_id is 2449 Program Start
2016-05-10 19:04:11Z Query Stock_id is 2449 Program END 

Create log file
2016-05-10 19:04:11Z Query Stock_id is 3023 Program Start
2016-05-10 19:04:11Z Query Stock_id is 3023 Program END 

Create log file
2016-05-10 20:01:01Z Send 國際股市==>  Program Start
2016-05-10 20:01:01Z Send 國際股市==>  Program END 

Create log file
2016-05-10 20:10:04Z stock_data_daily_create_file Program Start
2016-05-10 20:10:04Z stock_data_daily_create_file Program END 

Create log file
2016-05-10 20:20:05Z stock_data_insert_daily Program Start
2016-05-10 20:20:05Z stock_data_insert_daily Program END 

Create log file
2016-05-10 20:30:18Z Send 股市氣象台電子報-今日我最夯<==Strong_UP==>  Program Start
2016-05-10 20:30:18Z Send 股市氣象台電子報-今日我最夯<==Strong_UP==>  Program END 

Create log file
2016-05-10 21:01:01Z Send 國際股市==>  Program Start
2016-05-10 21:01:01Z Send 國際股市==>  Program END 

Create log file
2016-05-10 21:36:26Z Query Stock_id is 3596 Program Start
2016-05-10 21:36:26Z Query Stock_id is 3596 Program END 

Create log file
2016-05-10 21:36:26Z Query Stock_id is 3023 Program Start
2016-05-10 21:36:26Z Query Stock_id is 3023 Program END 

Create log file
2016-05-10 21:36:26Z Query Stock_id is 2887 Program Start
2016-05-10 21:36:26Z Query Stock_id is 2887 Program END 

Create log file
2016-05-10 21:36:26Z Query Stock_id is 2886 Program Start
2016-05-10 21:36:26Z Query Stock_id is 2886 Program END 

Create log file
2016-05-10 21:36:27Z Query Stock_id is 2412 Program Start
2016-05-10 21:36:27Z Query Stock_id is 2412 Program END 

Create log file
2016-05-10 21:36:27Z Query Stock_id is 2892 Program Start
2016-05-10 21:36:27Z Query Stock_id is 2892 Program END 

Create log file
2016-05-10 21:36:27Z Query Stock_id is 3474 Program Start
2016-05-10 21:36:27Z Query Stock_id is 3474 Program END 

Create log file
2016-05-10 21:36:27Z Query Stock_id is 8404 Program Start
2016-05-10 21:36:27Z Query Stock_id is 8404 Program END 

Create log file
2016-05-10 21:36:27Z Query Stock_id is 5347 Program Start
2016-05-10 21:36:27Z Query Stock_id is 5347 Program END 

Create log file
2016-05-10 21:36:27Z Query Stock_id is 3474 Program Start
2016-05-10 21:36:27Z Query Stock_id is 3474 Program END 

Create log file
2016-05-10 21:36:28Z Query Stock_id is 2449 Program Start
2016-05-10 21:36:28Z Query Stock_id is 2449 Program END 

Create log file
2016-05-10 21:36:28Z Query Stock_id is 3023 Program Start
2016-05-10 21:36:28Z Query Stock_id is 3023 Program END 

Create log file
2016-05-10 21:36:47Z Query Stock_id is 3596 Program Start
2016-05-10 21:36:47Z Query Stock_id is 3596 Program END 

Create log file
2016-05-10 21:36:47Z Query Stock_id is 3023 Program Start
2016-05-10 21:36:47Z Query Stock_id is 3023 Program END 

Create log file
2016-05-10 21:36:47Z Query Stock_id is 2887 Program Start
2016-05-10 21:36:47Z Query Stock_id is 2887 Program END 

Create log file
2016-05-10 21:36:47Z Query Stock_id is 2886 Program Start
2016-05-10 21:36:47Z Query Stock_id is 2886 Program END 

Create log file
2016-05-10 21:36:47Z Query Stock_id is 2412 Program Start
2016-05-10 21:36:47Z Query Stock_id is 2412 Program END 

Create log file
2016-05-10 21:36:48Z Query Stock_id is 2892 Program Start
2016-05-10 21:36:48Z Query Stock_id is 2892 Program END 

Create log file
2016-05-10 21:36:48Z Query Stock_id is 3474 Program Start
2016-05-10 21:36:48Z Query Stock_id is 3474 Program END 

Create log file
2016-05-10 21:36:48Z Query Stock_id is 8404 Program Start
2016-05-10 21:36:48Z Query Stock_id is 8404 Program END 

Create log file
2016-05-10 21:36:48Z Query Stock_id is 5347 Program Start
2016-05-10 21:36:48Z Query Stock_id is 5347 Program END 

Create log file
2016-05-10 21:36:48Z Query Stock_id is 3474 Program Start
2016-05-10 21:36:48Z Query Stock_id is 3474 Program END 

Create log file
2016-05-10 21:36:49Z Query Stock_id is 2449 Program Start
2016-05-10 21:36:49Z Query Stock_id is 2449 Program END 

Create log file
2016-05-10 21:36:49Z Query Stock_id is 3023 Program Start
2016-05-10 21:36:49Z Query Stock_id is 3023 Program END 

Create log file
2016-05-10 22:01:01Z Send 國際股市==>  Program Start
2016-05-10 22:01:01Z Send 國際股市==>  Program END 

Create log file
2016-05-10 22:01:27Z Send 國際股市==>  Program Start
2016-05-10 22:01:27Z Send 國際股市==>  Program END 

Create log file
2016-05-10 22:01:49Z Send 國際股市==>  Program Start
2016-05-10 22:01:49Z Send 國際股市==>  Program END 

Create log file
2016-05-10 23:01:01Z Send 國際股市==>  Program Start
2016-05-10 23:01:01Z Send 國際股市==>  Program END 

