Create log file
2016-03-16 00:01:03Z Send 國際股市==>  Program Start
2016-03-16 00:01:03Z Send 國際股市==>  Program END 

Create log file
2016-03-16 01:01:03Z Send 國際股市==>  Program Start
2016-03-16 01:01:03Z Send 國際股市==>  Program END 

Create log file
2016-03-16 07:45:00Z Query Stock_id is 6282 Program Start
2016-03-16 07:45:00Z Query Stock_id is 6282 Program END 

Create log file
2016-03-16 07:45:01Z Query Stock_id is 2449 Program Start
2016-03-16 07:45:01Z Query Stock_id is 2449 Program END 

Create log file
2016-03-16 07:45:01Z Query Stock_id is 5347 Program Start
2016-03-16 07:45:01Z Query Stock_id is 5347 Program END 

Create log file
2016-03-16 07:45:01Z Query Stock_id is 3474 Program Start
2016-03-16 07:45:01Z Query Stock_id is 3474 Program END 

Create log file
2016-03-16 07:45:01Z Query Stock_id is 1402 Program Start
2016-03-16 07:45:01Z Query Stock_id is 1402 Program END 

Create log file
2016-03-16 07:45:02Z Query Stock_id is 3105 Program Start
2016-03-16 07:45:02Z Query Stock_id is 3105 Program END 

Create log file
2016-03-16 07:45:02Z Query Stock_id is 2892 Program Start
2016-03-16 07:45:02Z Query Stock_id is 2892 Program END 

Create log file
2016-03-16 07:45:02Z Query Stock_id is 2105 Program Start
2016-03-16 07:45:02Z Query Stock_id is 2105 Program END 

Create log file
2016-03-16 07:45:02Z Query Stock_id is 2884 Program Start
2016-03-16 07:45:02Z Query Stock_id is 2884 Program END 

Create log file
2016-03-16 07:45:02Z Query Stock_id is 2002 Program Start
2016-03-16 07:45:02Z Query Stock_id is 2002 Program END 

Create log file
2016-03-16 07:45:02Z Query Stock_id is 3231 Program Start
2016-03-16 07:45:02Z Query Stock_id is 3231 Program END 

Create log file
2016-03-16 07:45:03Z Query Stock_id is 2883 Program Start
2016-03-16 07:45:03Z Query Stock_id is 2883 Program END 

Create log file
2016-03-16 07:45:03Z Query Stock_id is 2409 Program Start
2016-03-16 07:45:03Z Query Stock_id is 2409 Program END 

Create log file
2016-03-16 07:45:03Z Query Stock_id is 3481 Program Start
2016-03-16 07:45:03Z Query Stock_id is 3481 Program END 

Create log file
2016-03-16 08:01:03Z Send 國際股市==>  Program Start
2016-03-16 08:01:03Z Send 國際股市==>  Program END 

Create log file
2016-03-16 08:01:29Z Send 國際股市==>  Program Start
2016-03-16 08:01:29Z Send 國際股市==>  Program END 

Create log file
2016-03-16 08:01:51Z Send 國際股市==>  Program Start
2016-03-16 08:01:51Z Send 國際股市==>  Program END 

Create log file
2016-03-16 08:46:03Z on time future report... Program Start
2016-03-16 08:46:03Z on time future report... Program END 

Create log file
2016-03-16 08:51:03Z on time future report... Program Start
2016-03-16 08:51:03Z on time future report... Program END 

Create log file
2016-03-16 08:56:06Z on time future report... Program Start
2016-03-16 08:56:06Z on time future report... Program END 

Create log file
2016-03-16 09:01:03Z Send 國際股市==>  Program Start
2016-03-16 09:01:03Z Send 國際股市==>  Program END 

Create log file
2016-03-16 09:01:07Z on time future report... Program Start
2016-03-16 09:01:07Z on time future report... Program END 

Create log file
2016-03-16 09:06:03Z on time future report... Program Start
2016-03-16 09:06:03Z on time future report... Program END 

Create log file
2016-03-16 09:11:03Z on time future report... Program Start
2016-03-16 09:11:03Z on time future report... Program END 

Create log file
2016-03-16 09:16:03Z on time future report... Program Start
2016-03-16 09:16:03Z on time future report... Program END 

Create log file
2016-03-16 09:21:03Z on time future report... Program Start
2016-03-16 09:21:03Z on time future report... Program END 

Create log file
2016-03-16 09:26:05Z on time future report... Program Start
2016-03-16 09:26:05Z on time future report... Program END 

Create log file
2016-03-16 09:31:03Z on time future report... Program Start
2016-03-16 09:31:03Z on time future report... Program END 

Create log file
2016-03-16 09:36:03Z on time future report... Program Start
2016-03-16 09:36:03Z on time future report... Program END 

Create log file
2016-03-16 09:41:03Z on time future report... Program Start
2016-03-16 09:41:03Z on time future report... Program END 

Create log file
2016-03-16 09:46:03Z on time future report... Program Start
2016-03-16 09:46:03Z on time future report... Program END 

Create log file
2016-03-16 09:51:03Z on time future report... Program Start
2016-03-16 09:51:03Z on time future report... Program END 

Create log file
2016-03-16 09:56:03Z on time future report... Program Start
2016-03-16 09:56:03Z on time future report... Program END 

Create log file
2016-03-16 10:01:03Z Send 國際股市==>  Program Start
2016-03-16 10:01:03Z Send 國際股市==>  Program END 

Create log file
2016-03-16 10:01:03Z on time future report... Program Start
2016-03-16 10:01:03Z on time future report... Program END 

Create log file
2016-03-16 10:06:03Z on time future report... Program Start
2016-03-16 10:06:03Z on time future report... Program END 

Create log file
2016-03-16 10:11:03Z on time future report... Program Start
2016-03-16 10:11:03Z on time future report... Program END 

Create log file
2016-03-16 10:16:08Z on time future report... Program Start
2016-03-16 10:16:08Z on time future report... Program END 

Create log file
2016-03-16 10:21:03Z on time future report... Program Start
2016-03-16 10:21:03Z on time future report... Program END 

Create log file
2016-03-16 10:26:03Z on time future report... Program Start
2016-03-16 10:26:03Z on time future report... Program END 

Create log file
2016-03-16 10:31:03Z on time future report... Program Start
2016-03-16 10:31:03Z on time future report... Program END 

Create log file
2016-03-16 10:36:06Z on time future report... Program Start
2016-03-16 10:36:06Z on time future report... Program END 

Create log file
2016-03-16 10:41:03Z on time future report... Program Start
2016-03-16 10:41:03Z on time future report... Program END 

Create log file
2016-03-16 10:46:03Z on time future report... Program Start
2016-03-16 10:46:03Z on time future report... Program END 

Create log file
2016-03-16 10:51:05Z on time future report... Program Start
2016-03-16 10:51:05Z on time future report... Program END 

Create log file
2016-03-16 10:56:03Z on time future report... Program Start
2016-03-16 10:56:03Z on time future report... Program END 

Create log file
2016-03-16 11:01:03Z Send 國際股市==>  Program Start
2016-03-16 11:01:03Z Send 國際股市==>  Program END 

Create log file
2016-03-16 11:01:04Z on time future report... Program Start
2016-03-16 11:01:04Z on time future report... Program END 

Create log file
2016-03-16 11:06:03Z on time future report... Program Start
2016-03-16 11:06:03Z on time future report... Program END 

Create log file
2016-03-16 11:11:03Z on time future report... Program Start
2016-03-16 11:11:03Z on time future report... Program END 

Create log file
2016-03-16 11:16:03Z on time future report... Program Start
2016-03-16 11:16:03Z on time future report... Program END 

Create log file
2016-03-16 11:21:03Z on time future report... Program Start
2016-03-16 11:21:03Z on time future report... Program END 

Create log file
2016-03-16 11:26:06Z on time future report... Program Start
2016-03-16 11:26:06Z on time future report... Program END 

Create log file
2016-03-16 11:31:03Z on time future report... Program Start
2016-03-16 11:31:03Z on time future report... Program END 

Create log file
2016-03-16 11:36:03Z on time future report... Program Start
2016-03-16 11:36:03Z on time future report... Program END 

Create log file
2016-03-16 11:41:03Z on time future report... Program Start
2016-03-16 11:41:03Z on time future report... Program END 

Create log file
2016-03-16 11:46:03Z on time future report... Program Start
2016-03-16 11:46:03Z on time future report... Program END 

Create log file
2016-03-16 11:51:03Z on time future report... Program Start
2016-03-16 11:51:03Z on time future report... Program END 

Create log file
2016-03-16 11:56:03Z on time future report... Program Start
2016-03-16 11:56:03Z on time future report... Program END 

Create log file
2016-03-16 12:01:03Z Send 國際股市==>  Program Start
2016-03-16 12:01:03Z Send 國際股市==>  Program END 

Create log file
2016-03-16 12:01:03Z on time future report... Program Start
2016-03-16 12:01:03Z on time future report... Program END 

Create log file
2016-03-16 12:06:05Z on time future report... Program Start
2016-03-16 12:06:05Z on time future report... Program END 

Create log file
2016-03-16 12:11:03Z on time future report... Program Start
2016-03-16 12:11:03Z on time future report... Program END 

Create log file
2016-03-16 12:16:03Z on time future report... Program Start
2016-03-16 12:16:03Z on time future report... Program END 

Create log file
2016-03-16 12:21:06Z on time future report... Program Start
2016-03-16 12:21:06Z on time future report... Program END 

Create log file
2016-03-16 12:26:04Z on time future report... Program Start
2016-03-16 12:26:04Z on time future report... Program END 

Create log file
2016-03-16 12:31:03Z on time future report... Program Start
2016-03-16 12:31:03Z on time future report... Program END 

Create log file
2016-03-16 12:36:03Z on time future report... Program Start
2016-03-16 12:36:03Z on time future report... Program END 

Create log file
2016-03-16 12:41:03Z on time future report... Program Start
2016-03-16 12:41:03Z on time future report... Program END 

Create log file
2016-03-16 12:46:04Z on time future report... Program Start
2016-03-16 12:46:04Z on time future report... Program END 

Create log file
2016-03-16 12:51:03Z on time future report... Program Start
2016-03-16 12:51:03Z on time future report... Program END 

Create log file
2016-03-16 12:56:03Z on time future report... Program Start
2016-03-16 12:56:03Z on time future report... Program END 

Create log file
2016-03-16 13:01:03Z Send 國際股市==>  Program Start
2016-03-16 13:01:03Z Send 國際股市==>  Program END 

Create log file
2016-03-16 13:01:04Z on time future report... Program Start
2016-03-16 13:01:04Z on time future report... Program END 

Create log file
2016-03-16 13:06:03Z on time future report... Program Start
2016-03-16 13:06:03Z on time future report... Program END 

Create log file
2016-03-16 13:11:03Z on time future report... Program Start
2016-03-16 13:11:03Z on time future report... Program END 

Create log file
2016-03-16 13:16:03Z on time future report... Program Start
2016-03-16 13:16:03Z on time future report... Program END 

Create log file
2016-03-16 13:21:03Z on time future report... Program Start
2016-03-16 13:21:03Z on time future report... Program END 

Create log file
2016-03-16 13:26:07Z on time future report... Program Start
2016-03-16 13:26:07Z on time future report... Program END 

Create log file
2016-03-16 13:31:03Z on time future report... Program Start
2016-03-16 13:31:03Z on time future report... Program END 

Create log file
2016-03-16 13:36:03Z on time future report... Program Start
2016-03-16 13:36:03Z on time future report... Program END 

Create log file
2016-03-16 13:41:03Z on time future report... Program Start
2016-03-16 13:41:03Z on time future report... Program END 

Create log file
2016-03-16 13:46:03Z on time future report... Program Start
2016-03-16 13:46:03Z on time future report... Program END 

Create log file
2016-03-16 14:01:03Z Send 國際股市==>  Program Start
2016-03-16 14:01:03Z Send 國際股市==>  Program END 

Create log file
2016-03-16 14:18:35Z Query Stock_id is 6282 Program Start
2016-03-16 14:18:35Z Query Stock_id is 6282 Program END 

Create log file
2016-03-16 14:18:36Z Query Stock_id is 2449 Program Start
2016-03-16 14:18:36Z Query Stock_id is 2449 Program END 

Create log file
2016-03-16 14:18:36Z Query Stock_id is 5347 Program Start
2016-03-16 14:18:36Z Query Stock_id is 5347 Program END 

Create log file
2016-03-16 14:18:36Z Query Stock_id is 3474 Program Start
2016-03-16 14:18:36Z Query Stock_id is 3474 Program END 

Create log file
2016-03-16 14:18:36Z Query Stock_id is 1402 Program Start
2016-03-16 14:18:36Z Query Stock_id is 1402 Program END 

Create log file
2016-03-16 14:18:36Z Query Stock_id is 3105 Program Start
2016-03-16 14:18:36Z Query Stock_id is 3105 Program END 

Create log file
2016-03-16 14:18:36Z Query Stock_id is 2892 Program Start
2016-03-16 14:18:36Z Query Stock_id is 2892 Program END 

Create log file
2016-03-16 14:18:37Z Query Stock_id is 2105 Program Start
2016-03-16 14:18:37Z Query Stock_id is 2105 Program END 

Create log file
2016-03-16 14:18:37Z Query Stock_id is 2884 Program Start
2016-03-16 14:18:37Z Query Stock_id is 2884 Program END 

Create log file
2016-03-16 14:18:37Z Query Stock_id is 2002 Program Start
2016-03-16 14:18:37Z Query Stock_id is 2002 Program END 

Create log file
2016-03-16 14:18:37Z Query Stock_id is 3231 Program Start
2016-03-16 14:18:37Z Query Stock_id is 3231 Program END 

Create log file
2016-03-16 14:18:37Z Query Stock_id is 2883 Program Start
2016-03-16 14:18:37Z Query Stock_id is 2883 Program END 

Create log file
2016-03-16 14:18:37Z Query Stock_id is 2409 Program Start
2016-03-16 14:18:37Z Query Stock_id is 2409 Program END 

Create log file
2016-03-16 14:18:38Z Query Stock_id is 3481 Program Start
2016-03-16 14:18:38Z Query Stock_id is 3481 Program END 

Create log file
2016-03-16 15:01:03Z Send 國際股市==>  Program Start
2016-03-16 15:01:03Z Send 國際股市==>  Program END 

Create log file
2016-03-16 15:50:22Z option_insert_daily Program Start
2016-03-16 15:50:22Z option_insert_daily Program END 

Create log file
2016-03-16 15:56:13Z Send Option_OIV_daily Program Start
2016-03-16 15:56:13Z Send Option_OIV_daily Program END 

Create log file
2016-03-16 16:01:03Z Send 國際股市==>  Program Start
2016-03-16 16:01:03Z Send 國際股市==>  Program END 

Create log file
2016-03-16 17:01:03Z Send 國際股市==>  Program Start
2016-03-16 17:01:03Z Send 國際股市==>  Program END 

Create log file
2016-03-16 18:01:03Z Send 國際股市==>  Program Start
2016-03-16 18:01:03Z Send 國際股市==>  Program END 

Create log file
2016-03-16 18:01:30Z Send 國際股市==>  Program Start
2016-03-16 18:01:30Z Send 國際股市==>  Program END 

Create log file
2016-03-16 18:01:51Z Send 國際股市==>  Program Start
2016-03-16 18:01:51Z Send 國際股市==>  Program END 

Create log file
2016-03-16 18:02:13Z Send 國際股市==>  Program Start
2016-03-16 18:02:13Z Send 國際股市==>  Program END 

Create log file
2016-03-16 19:01:03Z Send 國際股市==>  Program Start
2016-03-16 19:01:03Z Send 國際股市==>  Program END 

Create log file
2016-03-16 19:01:30Z Send 國際股市==>  Program Start
2016-03-16 19:01:30Z Send 國際股市==>  Program END 

Create log file
2016-03-16 19:01:53Z Send 國際股市==>  Program Start
2016-03-16 19:01:53Z Send 國際股市==>  Program END 

Create log file
2016-03-16 19:21:02Z Query Stock_id is 6282 Program Start
2016-03-16 19:21:02Z Query Stock_id is 6282 Program END 

Create log file
2016-03-16 19:21:02Z Query Stock_id is 2449 Program Start
2016-03-16 19:21:02Z Query Stock_id is 2449 Program END 

Create log file
2016-03-16 19:21:03Z Query Stock_id is 5347 Program Start
2016-03-16 19:21:03Z Query Stock_id is 5347 Program END 

Create log file
2016-03-16 19:21:03Z Query Stock_id is 3474 Program Start
2016-03-16 19:21:03Z Query Stock_id is 3474 Program END 

Create log file
2016-03-16 19:21:03Z Query Stock_id is 1402 Program Start
2016-03-16 19:21:03Z Query Stock_id is 1402 Program END 

Create log file
2016-03-16 19:21:03Z Query Stock_id is 3105 Program Start
2016-03-16 19:21:03Z Query Stock_id is 3105 Program END 

Create log file
2016-03-16 19:21:03Z Query Stock_id is 2892 Program Start
2016-03-16 19:21:03Z Query Stock_id is 2892 Program END 

Create log file
2016-03-16 19:21:03Z Query Stock_id is 2105 Program Start
2016-03-16 19:21:03Z Query Stock_id is 2105 Program END 

Create log file
2016-03-16 19:21:04Z Query Stock_id is 2884 Program Start
2016-03-16 19:21:04Z Query Stock_id is 2884 Program END 

Create log file
2016-03-16 19:21:04Z Query Stock_id is 2002 Program Start
2016-03-16 19:21:04Z Query Stock_id is 2002 Program END 

Create log file
2016-03-16 19:21:04Z Query Stock_id is 3231 Program Start
2016-03-16 19:21:04Z Query Stock_id is 3231 Program END 

Create log file
2016-03-16 19:21:04Z Query Stock_id is 2883 Program Start
2016-03-16 19:21:04Z Query Stock_id is 2883 Program END 

Create log file
2016-03-16 19:21:04Z Query Stock_id is 2409 Program Start
2016-03-16 19:21:04Z Query Stock_id is 2409 Program END 

Create log file
2016-03-16 19:21:04Z Query Stock_id is 3481 Program Start
2016-03-16 19:21:04Z Query Stock_id is 3481 Program END 

Create log file
2016-03-16 20:01:03Z Send 國際股市==>  Program Start
2016-03-16 20:01:03Z Send 國際股市==>  Program END 

Create log file
2016-03-16 20:10:09Z stock_data_daily_create_file Program Start
2016-03-16 20:10:09Z stock_data_daily_create_file Program END 

Create log file
2016-03-16 20:20:07Z stock_data_insert_daily Program Start
2016-03-16 20:20:07Z stock_data_insert_daily Program END 

Create log file
2016-03-16 20:30:15Z Send 股市氣象台電子報-今日我最夯<==Strong_UP==>  Program Start
2016-03-16 20:30:15Z Send 股市氣象台電子報-今日我最夯<==Strong_UP==>  Program END 

Create log file
2016-03-16 21:01:03Z Send 國際股市==>  Program Start
2016-03-16 21:01:03Z Send 國際股市==>  Program END 

Create log file
2016-03-16 21:21:20Z Query Stock_id is 2409 Program Start
2016-03-16 21:21:20Z Query Stock_id is 2409 Program END 

Create log file
2016-03-16 21:21:20Z Query Stock_id is 3481 Program Start
2016-03-16 21:21:20Z Query Stock_id is 3481 Program END 

Create log file
2016-03-16 21:21:20Z Query Stock_id is 1605 Program Start
2016-03-16 21:21:20Z Query Stock_id is 1605 Program END 

Create log file
2016-03-16 21:21:20Z Query Stock_id is 2542 Program Start
2016-03-16 21:21:20Z Query Stock_id is 2542 Program END 

Create log file
2016-03-16 21:21:20Z Query Stock_id is 1704 Program Start
2016-03-16 21:21:20Z Query Stock_id is 1704 Program END 

Create log file
2016-03-16 21:21:21Z Query Stock_id is 2002 Program Start
2016-03-16 21:21:21Z Query Stock_id is 2002 Program END 

Create log file
2016-03-16 21:21:21Z Query Stock_id is 2886 Program Start
2016-03-16 21:21:21Z Query Stock_id is 2886 Program END 

Create log file
2016-03-16 21:21:21Z Query Stock_id is 1312 Program Start
2016-03-16 21:21:21Z Query Stock_id is 1312 Program END 

Create log file
2016-03-16 21:21:21Z Query Stock_id is 3673 Program Start
2016-03-16 21:21:21Z Query Stock_id is 3673 Program END 

Create log file
2016-03-16 21:21:22Z Query Stock_id is 3682 Program Start
2016-03-16 21:21:22Z Query Stock_id is 3682 Program END 

Create log file
2016-03-16 21:21:22Z Query Stock_id is 2317 Program Start
2016-03-16 21:21:22Z Query Stock_id is 2317 Program END 

Create log file
2016-03-16 21:21:22Z Query Stock_id is 2347 Program Start
2016-03-16 21:21:22Z Query Stock_id is 2347 Program END 

Create log file
2016-03-16 21:21:22Z Query Stock_id is 2823 Program Start
2016-03-16 21:21:22Z Query Stock_id is 2823 Program END 

Create log file
2016-03-16 21:21:23Z Query Stock_id is 2419 Program Start
2016-03-16 21:21:23Z Query Stock_id is 2419 Program END 

Create log file
2016-03-16 21:21:23Z Query Stock_id is 3105 Program Start
2016-03-16 21:21:23Z Query Stock_id is 3105 Program END 

Create log file
2016-03-16 21:21:23Z Query Stock_id is 2354 Program Start
2016-03-16 21:21:23Z Query Stock_id is 2354 Program END 

Create log file
2016-03-16 21:21:23Z Query Stock_id is 4938 Program Start
2016-03-16 21:21:23Z Query Stock_id is 4938 Program END 

Create log file
2016-03-16 21:21:23Z Query Stock_id is 2834 Program Start
2016-03-16 21:21:23Z Query Stock_id is 2834 Program END 

Create log file
2016-03-16 21:21:24Z Query Stock_id is 1101 Program Start
2016-03-16 21:21:24Z Query Stock_id is 1101 Program END 

Create log file
2016-03-16 21:21:24Z Query Stock_id is 2892 Program Start
2016-03-16 21:21:24Z Query Stock_id is 2892 Program END 

Create log file
2016-03-16 21:21:24Z Query Stock_id is 3474 Program Start
2016-03-16 21:21:24Z Query Stock_id is 3474 Program END 

Create log file
2016-03-16 21:21:24Z Query Stock_id is 2449 Program Start
2016-03-16 21:21:24Z Query Stock_id is 2449 Program END 

Create log file
2016-03-16 21:21:24Z Query Stock_id is 6282 Program Start
2016-03-16 21:21:24Z Query Stock_id is 6282 Program END 

Create log file
2016-03-16 21:21:25Z Query Stock_id is 2449 Program Start
2016-03-16 21:21:25Z Query Stock_id is 2449 Program END 

Create log file
2016-03-16 21:21:25Z Query Stock_id is 5347 Program Start
2016-03-16 21:21:25Z Query Stock_id is 5347 Program END 

Create log file
2016-03-16 21:21:25Z Query Stock_id is 3474 Program Start
2016-03-16 21:21:25Z Query Stock_id is 3474 Program END 

Create log file
2016-03-16 21:21:25Z Query Stock_id is 1402 Program Start
2016-03-16 21:21:25Z Query Stock_id is 1402 Program END 

Create log file
2016-03-16 21:21:25Z Query Stock_id is 3105 Program Start
2016-03-16 21:21:25Z Query Stock_id is 3105 Program END 

Create log file
2016-03-16 21:21:25Z Query Stock_id is 2892 Program Start
2016-03-16 21:21:25Z Query Stock_id is 2892 Program END 

Create log file
2016-03-16 21:21:25Z Query Stock_id is 2105 Program Start
2016-03-16 21:21:25Z Query Stock_id is 2105 Program END 

Create log file
2016-03-16 21:21:26Z Query Stock_id is 2884 Program Start
2016-03-16 21:21:26Z Query Stock_id is 2884 Program END 

Create log file
2016-03-16 21:21:26Z Query Stock_id is 2002 Program Start
2016-03-16 21:21:26Z Query Stock_id is 2002 Program END 

Create log file
2016-03-16 21:21:26Z Query Stock_id is 3231 Program Start
2016-03-16 21:21:26Z Query Stock_id is 3231 Program END 

Create log file
2016-03-16 21:21:26Z Query Stock_id is 2883 Program Start
2016-03-16 21:21:26Z Query Stock_id is 2883 Program END 

Create log file
2016-03-16 21:21:26Z Query Stock_id is 2409 Program Start
2016-03-16 21:21:26Z Query Stock_id is 2409 Program END 

Create log file
2016-03-16 21:21:27Z Query Stock_id is 3481 Program Start
2016-03-16 21:21:27Z Query Stock_id is 3481 Program END 

Create log file
2016-03-16 22:01:03Z Send 國際股市==>  Program Start
2016-03-16 22:01:03Z Send 國際股市==>  Program END 

Create log file
2016-03-16 22:01:29Z Send 國際股市==>  Program Start
2016-03-16 22:01:29Z Send 國際股市==>  Program END 

Create log file
2016-03-16 23:01:04Z Send 國際股市==>  Program Start
2016-03-16 23:01:04Z Send 國際股市==>  Program END 

