Create log file
2016-02-12 00:01:01Z Send 國際股市==>  Program Start
2016-02-12 00:01:01Z Send 國際股市==>  Program END 

Create log file
2016-02-12 01:01:03Z Send 國際股市==>  Program Start
2016-02-12 01:01:03Z Send 國際股市==>  Program END 

Create log file
2016-02-12 08:01:07Z Send 國際股市==>  Program Start
2016-02-12 08:01:07Z Send 國際股市==>  Program END 

Create log file
2016-02-12 08:01:34Z Send 國際股市==>  Program Start
2016-02-12 08:01:34Z Send 國際股市==>  Program END 

Create log file
2016-02-12 08:01:57Z Send 國際股市==>  Program Start
2016-02-12 08:01:57Z Send 國際股市==>  Program END 

Create log file
2016-02-12 08:46:04Z on time future report... Program Start
2016-02-12 08:46:04Z on time future report... Program END 

Create log file
2016-02-12 08:51:03Z on time future report... Program Start
2016-02-12 08:51:03Z on time future report... Program END 

Create log file
2016-02-12 08:56:03Z on time future report... Program Start
2016-02-12 08:56:03Z on time future report... Program END 

Create log file
2016-02-12 09:01:03Z Send 國際股市==>  Program Start
2016-02-12 09:01:03Z Send 國際股市==>  Program END 

Create log file
2016-02-12 09:01:03Z on time future report... Program Start
2016-02-12 09:01:03Z on time future report... Program END 

Create log file
2016-02-12 09:06:03Z on time future report... Program Start
2016-02-12 09:06:03Z on time future report... Program END 

Create log file
2016-02-12 09:11:03Z on time future report... Program Start
2016-02-12 09:11:03Z on time future report... Program END 

Create log file
2016-02-12 09:16:03Z on time future report... Program Start
2016-02-12 09:16:03Z on time future report... Program END 

Create log file
2016-02-12 09:21:04Z on time future report... Program Start
2016-02-12 09:21:04Z on time future report... Program END 

Create log file
2016-02-12 09:26:03Z on time future report... Program Start
2016-02-12 09:26:03Z on time future report... Program END 

Create log file
2016-02-12 09:31:03Z on time future report... Program Start
2016-02-12 09:31:03Z on time future report... Program END 

Create log file
2016-02-12 09:36:03Z on time future report... Program Start
2016-02-12 09:36:03Z on time future report... Program END 

Create log file
2016-02-12 09:41:03Z on time future report... Program Start
2016-02-12 09:41:03Z on time future report... Program END 

Create log file
2016-02-12 09:46:03Z on time future report... Program Start
2016-02-12 09:46:03Z on time future report... Program END 

Create log file
2016-02-12 09:51:03Z on time future report... Program Start
2016-02-12 09:51:03Z on time future report... Program END 

Create log file
2016-02-12 09:56:03Z on time future report... Program Start
2016-02-12 09:56:03Z on time future report... Program END 

Create log file
2016-02-12 10:01:03Z Send 國際股市==>  Program Start
2016-02-12 10:01:03Z Send 國際股市==>  Program END 

Create log file
2016-02-12 10:01:03Z on time future report... Program Start
2016-02-12 10:01:03Z on time future report... Program END 

Create log file
2016-02-12 10:06:03Z on time future report... Program Start
2016-02-12 10:06:03Z on time future report... Program END 

Create log file
2016-02-12 10:11:03Z on time future report... Program Start
2016-02-12 10:11:03Z on time future report... Program END 

Create log file
2016-02-12 10:16:03Z on time future report... Program Start
2016-02-12 10:16:03Z on time future report... Program END 

Create log file
2016-02-12 10:21:03Z on time future report... Program Start
2016-02-12 10:21:03Z on time future report... Program END 

Create log file
2016-02-12 10:26:03Z on time future report... Program Start
2016-02-12 10:26:03Z on time future report... Program END 

Create log file
2016-02-12 10:31:03Z on time future report... Program Start
2016-02-12 10:31:03Z on time future report... Program END 

Create log file
2016-02-12 10:36:03Z on time future report... Program Start
2016-02-12 10:36:03Z on time future report... Program END 

Create log file
2016-02-12 10:41:03Z on time future report... Program Start
2016-02-12 10:41:03Z on time future report... Program END 

Create log file
2016-02-12 10:46:03Z on time future report... Program Start
2016-02-12 10:46:03Z on time future report... Program END 

Create log file
2016-02-12 10:51:03Z on time future report... Program Start
2016-02-12 10:51:03Z on time future report... Program END 

Create log file
2016-02-12 10:56:03Z on time future report... Program Start
2016-02-12 10:56:03Z on time future report... Program END 

Create log file
2016-02-12 11:01:03Z Send 國際股市==>  Program Start
2016-02-12 11:01:03Z Send 國際股市==>  Program END 

Create log file
2016-02-12 11:01:03Z on time future report... Program Start
2016-02-12 11:01:03Z on time future report... Program END 

Create log file
2016-02-12 11:06:04Z on time future report... Program Start
2016-02-12 11:06:04Z on time future report... Program END 

Create log file
2016-02-12 11:11:04Z on time future report... Program Start
2016-02-12 11:11:04Z on time future report... Program END 

Create log file
2016-02-12 11:16:03Z on time future report... Program Start
2016-02-12 11:16:03Z on time future report... Program END 

Create log file
2016-02-12 11:21:03Z on time future report... Program Start
2016-02-12 11:21:03Z on time future report... Program END 

Create log file
2016-02-12 11:26:03Z on time future report... Program Start
2016-02-12 11:26:03Z on time future report... Program END 

Create log file
2016-02-12 11:31:03Z on time future report... Program Start
2016-02-12 11:31:03Z on time future report... Program END 

Create log file
2016-02-12 11:36:03Z on time future report... Program Start
2016-02-12 11:36:03Z on time future report... Program END 

Create log file
2016-02-12 11:41:04Z on time future report... Program Start
2016-02-12 11:41:04Z on time future report... Program END 

Create log file
2016-02-12 11:46:03Z on time future report... Program Start
2016-02-12 11:46:03Z on time future report... Program END 

Create log file
2016-02-12 11:51:03Z on time future report... Program Start
2016-02-12 11:51:03Z on time future report... Program END 

Create log file
2016-02-12 11:56:03Z on time future report... Program Start
2016-02-12 11:56:03Z on time future report... Program END 

Create log file
2016-02-12 12:01:03Z Send 國際股市==>  Program Start
2016-02-12 12:01:03Z Send 國際股市==>  Program END 

Create log file
2016-02-12 12:01:03Z on time future report... Program Start
2016-02-12 12:01:03Z on time future report... Program END 

Create log file
2016-02-12 12:06:03Z on time future report... Program Start
2016-02-12 12:06:03Z on time future report... Program END 

Create log file
2016-02-12 12:11:03Z on time future report... Program Start
2016-02-12 12:11:03Z on time future report... Program END 

Create log file
2016-02-12 12:16:03Z on time future report... Program Start
2016-02-12 12:16:03Z on time future report... Program END 

Create log file
2016-02-12 12:21:03Z on time future report... Program Start
2016-02-12 12:21:03Z on time future report... Program END 

Create log file
2016-02-12 12:26:03Z on time future report... Program Start
2016-02-12 12:26:03Z on time future report... Program END 

Create log file
2016-02-12 12:31:03Z on time future report... Program Start
2016-02-12 12:31:03Z on time future report... Program END 

Create log file
2016-02-12 12:36:03Z on time future report... Program Start
2016-02-12 12:36:03Z on time future report... Program END 

Create log file
2016-02-12 12:41:03Z on time future report... Program Start
2016-02-12 12:41:03Z on time future report... Program END 

Create log file
2016-02-12 12:46:03Z on time future report... Program Start
2016-02-12 12:46:03Z on time future report... Program END 

Create log file
2016-02-12 12:51:04Z on time future report... Program Start
2016-02-12 12:51:04Z on time future report... Program END 

Create log file
2016-02-12 12:56:03Z on time future report... Program Start
2016-02-12 12:56:03Z on time future report... Program END 

Create log file
2016-02-12 13:01:03Z Send 國際股市==>  Program Start
2016-02-12 13:01:03Z Send 國際股市==>  Program END 

Create log file
2016-02-12 13:01:04Z on time future report... Program Start
2016-02-12 13:01:04Z on time future report... Program END 

Create log file
2016-02-12 13:06:03Z on time future report... Program Start
2016-02-12 13:06:03Z on time future report... Program END 

Create log file
2016-02-12 13:11:03Z on time future report... Program Start
2016-02-12 13:11:03Z on time future report... Program END 

Create log file
2016-02-12 13:16:03Z on time future report... Program Start
2016-02-12 13:16:03Z on time future report... Program END 

Create log file
2016-02-12 13:21:03Z on time future report... Program Start
2016-02-12 13:21:03Z on time future report... Program END 

Create log file
2016-02-12 13:26:03Z on time future report... Program Start
2016-02-12 13:26:03Z on time future report... Program END 

Create log file
2016-02-12 13:31:03Z on time future report... Program Start
2016-02-12 13:31:03Z on time future report... Program END 

Create log file
2016-02-12 13:36:03Z on time future report... Program Start
2016-02-12 13:36:03Z on time future report... Program END 

Create log file
2016-02-12 13:41:03Z on time future report... Program Start
2016-02-12 13:41:03Z on time future report... Program END 

Create log file
2016-02-12 13:46:03Z on time future report... Program Start
2016-02-12 13:46:03Z on time future report... Program END 

Create log file
2016-02-12 14:01:03Z Send 國際股市==>  Program Start
2016-02-12 14:01:03Z Send 國際股市==>  Program END 

Create log file
2016-02-12 15:01:02Z Send 國際股市==>  Program Start
2016-02-12 15:01:02Z Send 國際股市==>  Program END 

Create log file
2016-02-12 15:50:22Z option_insert_daily Program Start
2016-02-12 15:50:22Z option_insert_daily Program END 

Create log file
2016-02-12 16:01:00Z Send 國際股市==>  Program Start
2016-02-12 16:01:00Z Send 國際股市==>  Program END 

Create log file
2016-02-12 17:01:01Z Send 國際股市==>  Program Start
2016-02-12 17:01:01Z Send 國際股市==>  Program END 

Create log file
2016-02-12 18:01:01Z Send 國際股市==>  Program Start
2016-02-12 18:01:01Z Send 國際股市==>  Program END 

Create log file
2016-02-12 18:01:26Z Send 國際股市==>  Program Start
2016-02-12 18:01:26Z Send 國際股市==>  Program END 

Create log file
2016-02-12 18:01:47Z Send 國際股市==>  Program Start
2016-02-12 18:01:47Z Send 國際股市==>  Program END 

Create log file
2016-02-12 18:02:10Z Send 國際股市==>  Program Start
2016-02-12 18:02:10Z Send 國際股市==>  Program END 

Create log file
2016-02-12 19:01:01Z Send 國際股市==>  Program Start
2016-02-12 19:01:01Z Send 國際股市==>  Program END 

Create log file
2016-02-12 19:01:26Z Send 國際股市==>  Program Start
2016-02-12 19:01:26Z Send 國際股市==>  Program END 

Create log file
2016-02-12 19:01:49Z Send 國際股市==>  Program Start
2016-02-12 19:01:49Z Send 國際股市==>  Program END 

Create log file
2016-02-12 20:01:00Z Send 國際股市==>  Program Start
2016-02-12 20:01:00Z Send 國際股市==>  Program END 

Create log file
2016-02-12 20:10:02Z stock_data_daily_create_file Program Start
2016-02-12 20:10:02Z stock_data_daily_create_file Program END 

Create log file
2016-02-12 20:20:03Z stock_data_insert_daily Program Start
2016-02-12 20:20:03Z stock_data_insert_daily Program END 

Create log file
2016-02-12 20:30:10Z Send 股市氣象台電子報-今日我最夯<==Strong_UP==>  Program Start
2016-02-12 20:30:10Z Send 股市氣象台電子報-今日我最夯<==Strong_UP==>  Program END 

Create log file
2016-02-12 21:01:00Z Send 國際股市==>  Program Start
2016-02-12 21:01:00Z Send 國際股市==>  Program END 

Create log file
2016-02-12 22:01:02Z Send 國際股市==>  Program Start
2016-02-12 22:01:02Z Send 國際股市==>  Program END 

Create log file
2016-02-12 22:01:28Z Send 國際股市==>  Program Start
2016-02-12 22:01:28Z Send 國際股市==>  Program END 

Create log file
2016-02-12 23:01:05Z Send 國際股市==>  Program Start
2016-02-12 23:01:05Z Send 國際股市==>  Program END 

