Create log file
2016-05-25 00:01:01Z Send 國際股市==>  Program Start
2016-05-25 00:01:01Z Send 國際股市==>  Program END 

Create log file
2016-05-25 01:01:00Z Send 國際股市==>  Program Start
2016-05-25 01:01:00Z Send 國際股市==>  Program END 

Create log file
2016-05-25 08:01:01Z Send 國際股市==>  Program Start
2016-05-25 08:01:01Z Send 國際股市==>  Program END 

Create log file
2016-05-25 08:01:27Z Send 國際股市==>  Program Start
2016-05-25 08:01:27Z Send 國際股市==>  Program END 

Create log file
2016-05-25 08:01:49Z Send 國際股市==>  Program Start
2016-05-25 08:01:49Z Send 國際股市==>  Program END 

Create log file
2016-05-25 08:46:04Z on time future report... Program Start
2016-05-25 08:46:04Z on time future report... Program END 

Create log file
2016-05-25 08:51:03Z on time future report... Program Start
2016-05-25 08:51:03Z on time future report... Program END 

Create log file
2016-05-25 08:56:03Z on time future report... Program Start
2016-05-25 08:56:03Z on time future report... Program END 

Create log file
2016-05-25 09:01:02Z Send 國際股市==>  Program Start
2016-05-25 09:01:02Z Send 國際股市==>  Program END 

Create log file
2016-05-25 09:01:04Z on time future report... Program Start
2016-05-25 09:01:04Z on time future report... Program END 

Create log file
2016-05-25 09:11:00Z on time future report... Program Start
2016-05-25 09:11:00Z on time future report... Program END 

Create log file
2016-05-25 09:16:04Z on time future report... Program Start
2016-05-25 09:16:04Z on time future report... Program END 

Create log file
2016-05-25 09:21:00Z on time future report... Program Start
2016-05-25 09:21:00Z on time future report... Program END 

Create log file
2016-05-25 09:26:01Z on time future report... Program Start
2016-05-25 09:26:01Z on time future report... Program END 

Create log file
2016-05-25 09:31:02Z on time future report... Program Start
2016-05-25 09:31:02Z on time future report... Program END 

Create log file
2016-05-25 09:36:00Z on time future report... Program Start
2016-05-25 09:36:00Z on time future report... Program END 

Create log file
2016-05-25 09:41:00Z on time future report... Program Start
2016-05-25 09:41:00Z on time future report... Program END 

Create log file
2016-05-25 09:46:00Z on time future report... Program Start
2016-05-25 09:46:00Z on time future report... Program END 

Create log file
2016-05-25 09:51:03Z on time future report... Program Start
2016-05-25 09:51:03Z on time future report... Program END 

Create log file
2016-05-25 09:56:00Z on time future report... Program Start
2016-05-25 09:56:00Z on time future report... Program END 

Create log file
2016-05-25 10:01:01Z on time future report... Program Start
2016-05-25 10:01:01Z on time future report... Program END 

Create log file
2016-05-25 10:01:01Z Send 國際股市==>  Program Start
2016-05-25 10:01:01Z Send 國際股市==>  Program END 

Create log file
2016-05-25 10:06:01Z on time future report... Program Start
2016-05-25 10:06:01Z on time future report... Program END 

Create log file
2016-05-25 10:11:01Z on time future report... Program Start
2016-05-25 10:11:01Z on time future report... Program END 

Create log file
2016-05-25 10:16:00Z on time future report... Program Start
2016-05-25 10:16:00Z on time future report... Program END 

Create log file
2016-05-25 10:21:02Z on time future report... Program Start
2016-05-25 10:21:02Z on time future report... Program END 

Create log file
2016-05-25 10:26:01Z on time future report... Program Start
2016-05-25 10:26:01Z on time future report... Program END 

Create log file
2016-05-25 10:36:00Z on time future report... Program Start
2016-05-25 10:36:00Z on time future report... Program END 

Create log file
2016-05-25 10:41:01Z on time future report... Program Start
2016-05-25 10:41:01Z on time future report... Program END 

Create log file
2016-05-25 10:46:01Z on time future report... Program Start
2016-05-25 10:46:01Z on time future report... Program END 

Create log file
2016-05-25 10:51:00Z on time future report... Program Start
2016-05-25 10:51:00Z on time future report... Program END 

Create log file
2016-05-25 10:56:00Z on time future report... Program Start
2016-05-25 10:56:00Z on time future report... Program END 

Create log file
2016-05-25 11:01:02Z on time future report... Program Start
2016-05-25 11:01:02Z on time future report... Program END 

Create log file
2016-05-25 11:01:02Z Send 國際股市==>  Program Start
2016-05-25 11:01:02Z Send 國際股市==>  Program END 

Create log file
2016-05-25 11:06:02Z on time future report... Program Start
2016-05-25 11:06:02Z on time future report... Program END 

Create log file
2016-05-25 11:11:01Z on time future report... Program Start
2016-05-25 11:11:01Z on time future report... Program END 

Create log file
2016-05-25 11:16:00Z on time future report... Program Start
2016-05-25 11:16:00Z on time future report... Program END 

Create log file
2016-05-25 11:31:00Z on time future report... Program Start
2016-05-25 11:31:00Z on time future report... Program END 

Create log file
2016-05-25 11:36:02Z on time future report... Program Start
2016-05-25 11:36:02Z on time future report... Program END 

Create log file
2016-05-25 11:41:01Z on time future report... Program Start
2016-05-25 11:41:01Z on time future report... Program END 

Create log file
2016-05-25 11:46:00Z on time future report... Program Start
2016-05-25 11:46:00Z on time future report... Program END 

Create log file
2016-05-25 11:51:02Z on time future report... Program Start
2016-05-25 11:51:02Z on time future report... Program END 

Create log file
2016-05-25 11:56:02Z on time future report... Program Start
2016-05-25 11:56:02Z on time future report... Program END 

Create log file
2016-05-25 12:01:02Z Send 國際股市==>  Program Start
2016-05-25 12:01:02Z Send 國際股市==>  Program END 

Create log file
2016-05-25 12:01:04Z on time future report... Program Start
2016-05-25 12:01:04Z on time future report... Program END 

Create log file
2016-05-25 12:06:01Z on time future report... Program Start
2016-05-25 12:06:01Z on time future report... Program END 

Create log file
2016-05-25 12:11:05Z on time future report... Program Start
2016-05-25 12:11:05Z on time future report... Program END 

Create log file
2016-05-25 12:16:00Z on time future report... Program Start
2016-05-25 12:16:00Z on time future report... Program END 

Create log file
2016-05-25 12:21:00Z on time future report... Program Start
2016-05-25 12:21:00Z on time future report... Program END 

Create log file
2016-05-25 12:26:01Z on time future report... Program Start
2016-05-25 12:26:01Z on time future report... Program END 

Create log file
2016-05-25 12:31:00Z on time future report... Program Start
2016-05-25 12:31:00Z on time future report... Program END 

Create log file
2016-05-25 12:36:01Z on time future report... Program Start
2016-05-25 12:36:01Z on time future report... Program END 

Create log file
2016-05-25 12:41:04Z on time future report... Program Start
2016-05-25 12:41:04Z on time future report... Program END 

Create log file
2016-05-25 12:46:00Z on time future report... Program Start
2016-05-25 12:46:00Z on time future report... Program END 

Create log file
2016-05-25 12:51:01Z on time future report... Program Start
2016-05-25 12:51:01Z on time future report... Program END 

Create log file
2016-05-25 13:01:02Z Send 國際股市==>  Program Start
2016-05-25 13:01:02Z Send 國際股市==>  Program END 

Create log file
2016-05-25 13:01:02Z on time future report... Program Start
2016-05-25 13:01:02Z on time future report... Program END 

Create log file
2016-05-25 13:06:00Z on time future report... Program Start
2016-05-25 13:06:00Z on time future report... Program END 

Create log file
2016-05-25 13:11:04Z on time future report... Program Start
2016-05-25 13:11:04Z on time future report... Program END 

Create log file
2016-05-25 13:16:00Z on time future report... Program Start
2016-05-25 13:16:00Z on time future report... Program END 

Create log file
2016-05-25 13:21:02Z on time future report... Program Start
2016-05-25 13:21:02Z on time future report... Program END 

Create log file
2016-05-25 13:26:01Z on time future report... Program Start
2016-05-25 13:26:01Z on time future report... Program END 

Create log file
2016-05-25 13:31:02Z on time future report... Program Start
2016-05-25 13:31:02Z on time future report... Program END 

Create log file
2016-05-25 13:36:00Z on time future report... Program Start
2016-05-25 13:36:00Z on time future report... Program END 

Create log file
2016-05-25 13:41:01Z on time future report... Program Start
2016-05-25 13:41:01Z on time future report... Program END 

Create log file
2016-05-25 13:46:00Z on time future report... Program Start
2016-05-25 13:46:00Z on time future report... Program END 

Create log file
2016-05-25 14:01:01Z Send 國際股市==>  Program Start
2016-05-25 14:01:01Z Send 國際股市==>  Program END 

Create log file
2016-05-25 15:01:01Z Send 國際股市==>  Program Start
2016-05-25 15:01:01Z Send 國際股市==>  Program END 

Create log file
2016-05-25 15:50:20Z option_insert_daily Program Start
2016-05-25 15:50:20Z option_insert_daily Program END 

Create log file
2016-05-25 15:56:26Z Send Option_OIV_daily Program Start
2016-05-25 15:56:26Z Send Option_OIV_daily Program END 

Create log file
2016-05-25 16:01:01Z Send 國際股市==>  Program Start
2016-05-25 16:01:01Z Send 國際股市==>  Program END 

Create log file
2016-05-25 17:01:01Z Send 國際股市==>  Program Start
2016-05-25 17:01:01Z Send 國際股市==>  Program END 

Create log file
2016-05-25 18:01:01Z Send 國際股市==>  Program Start
2016-05-25 18:01:01Z Send 國際股市==>  Program END 

Create log file
2016-05-25 18:01:28Z Send 國際股市==>  Program Start
2016-05-25 18:01:28Z Send 國際股市==>  Program END 

Create log file
2016-05-25 18:01:49Z Send 國際股市==>  Program Start
2016-05-25 18:01:49Z Send 國際股市==>  Program END 

Create log file
2016-05-25 18:02:11Z Send 國際股市==>  Program Start
2016-05-25 18:02:11Z Send 國際股市==>  Program END 

Create log file
2016-05-25 19:01:01Z Send 國際股市==>  Program Start
2016-05-25 19:01:01Z Send 國際股市==>  Program END 

Create log file
2016-05-25 19:01:27Z Send 國際股市==>  Program Start
2016-05-25 19:01:27Z Send 國際股市==>  Program END 

Create log file
2016-05-25 19:01:47Z Send 國際股市==>  Program Start
2016-05-25 19:01:47Z Send 國際股市==>  Program END 

Create log file
2016-05-25 19:02:08Z Send 國際股市==>  Program Start
2016-05-25 19:02:08Z Send 國際股市==>  Program END 

Create log file
2016-05-25 19:02:29Z Send 國際股市==>  Program Start
2016-05-25 19:02:29Z Send 國際股市==>  Program END 

Create log file
2016-05-25 20:01:01Z Send 國際股市==>  Program Start
2016-05-25 20:01:01Z Send 國際股市==>  Program END 

Create log file
2016-05-25 20:10:10Z stock_data_daily_create_file Program Start
2016-05-25 20:10:10Z stock_data_daily_create_file Program END 

Create log file
2016-05-25 20:20:08Z stock_data_insert_daily Program Start
2016-05-25 20:20:08Z stock_data_insert_daily Program END 

Create log file
2016-05-25 20:30:08Z Send 股市氣象台電子報-今日我最夯<==Strong_UP==>  Program Start
2016-05-25 20:30:08Z Send 股市氣象台電子報-今日我最夯<==Strong_UP==>  Program END 

Create log file
2016-05-25 21:01:01Z Send 國際股市==>  Program Start
2016-05-25 21:01:01Z Send 國際股市==>  Program END 

Create log file
2016-05-25 22:01:01Z Send 國際股市==>  Program Start
2016-05-25 22:01:01Z Send 國際股市==>  Program END 

Create log file
2016-05-25 22:01:28Z Send 國際股市==>  Program Start
2016-05-25 22:01:28Z Send 國際股市==>  Program END 

Create log file
2016-05-25 22:01:51Z Send 國際股市==>  Program Start
2016-05-25 22:01:51Z Send 國際股市==>  Program END 

