Create log file
2016-07-06 00:01:01Z Send 國際股市==>  Program Start
2016-07-06 00:01:01Z Send 國際股市==>  Program END 

Create log file
2016-07-06 01:01:06Z Send 國際股市==>  Program Start
2016-07-06 01:01:06Z Send 國際股市==>  Program END 

Create log file
2016-07-06 08:01:04Z Send 國際股市==>  Program Start
2016-07-06 08:01:04Z Send 國際股市==>  Program END 

Create log file
2016-07-06 08:01:30Z Send 國際股市==>  Program Start
2016-07-06 08:01:30Z Send 國際股市==>  Program END 

Create log file
2016-07-06 08:01:53Z Send 國際股市==>  Program Start
2016-07-06 08:01:53Z Send 國際股市==>  Program END 

Create log file
2016-07-06 08:02:15Z Send 國際股市==>  Program Start
2016-07-06 08:02:15Z Send 國際股市==>  Program END 

Create log file
2016-07-06 08:46:04Z on time future report... Program Start
2016-07-06 08:46:04Z on time future report... Program END 

Create log file
2016-07-06 08:51:03Z on time future report... Program Start
2016-07-06 08:51:03Z on time future report... Program END 

Create log file
2016-07-06 08:56:04Z on time future report... Program Start
2016-07-06 08:56:04Z on time future report... Program END 

Create log file
2016-07-06 09:01:03Z Send 國際股市==>  Program Start
2016-07-06 09:01:03Z Send 國際股市==>  Program END 

Create log file
2016-07-06 09:01:06Z on time future report... Program Start
2016-07-06 09:01:06Z on time future report... Program END 

Create log file
2016-07-06 09:06:06Z on time future report... Program Start
2016-07-06 09:06:06Z on time future report... Program END 

Create log file
2016-07-06 09:11:03Z on time future report... Program Start
2016-07-06 09:11:03Z on time future report... Program END 

Create log file
2016-07-06 09:16:03Z on time future report... Program Start
2016-07-06 09:16:03Z on time future report... Program END 

Create log file
2016-07-06 09:26:01Z on time future report... Program Start
2016-07-06 09:26:01Z on time future report... Program END 

Create log file
2016-07-06 09:31:01Z on time future report... Program Start
2016-07-06 09:31:01Z on time future report... Program END 

Create log file
2016-07-06 09:36:01Z on time future report... Program Start
2016-07-06 09:36:01Z on time future report... Program END 

Create log file
2016-07-06 09:41:01Z on time future report... Program Start
2016-07-06 09:41:01Z on time future report... Program END 

Create log file
2016-07-06 09:46:00Z on time future report... Program Start
2016-07-06 09:46:00Z on time future report... Program END 

Create log file
2016-07-06 09:51:01Z on time future report... Program Start
2016-07-06 09:51:01Z on time future report... Program END 

Create log file
2016-07-06 09:56:01Z on time future report... Program Start
2016-07-06 09:56:01Z on time future report... Program END 

Create log file
2016-07-06 10:01:02Z on time future report... Program Start
2016-07-06 10:01:02Z on time future report... Program END 

Create log file
2016-07-06 10:01:06Z Send 國際股市==>  Program Start
2016-07-06 10:01:06Z Send 國際股市==>  Program END 

Create log file
2016-07-06 10:06:01Z on time future report... Program Start
2016-07-06 10:06:01Z on time future report... Program END 

Create log file
2016-07-06 10:11:01Z on time future report... Program Start
2016-07-06 10:11:01Z on time future report... Program END 

Create log file
2016-07-06 10:16:01Z on time future report... Program Start
2016-07-06 10:16:01Z on time future report... Program END 

Create log file
2016-07-06 10:21:01Z on time future report... Program Start
2016-07-06 10:21:01Z on time future report... Program END 

Create log file
2016-07-06 10:26:02Z on time future report... Program Start
2016-07-06 10:26:02Z on time future report... Program END 

Create log file
2016-07-06 10:31:01Z on time future report... Program Start
2016-07-06 10:31:01Z on time future report... Program END 

Create log file
2016-07-06 10:36:00Z on time future report... Program Start
2016-07-06 10:36:00Z on time future report... Program END 

Create log file
2016-07-06 10:41:01Z on time future report... Program Start
2016-07-06 10:41:01Z on time future report... Program END 

Create log file
2016-07-06 10:46:01Z on time future report... Program Start
2016-07-06 10:46:01Z on time future report... Program END 

Create log file
2016-07-06 10:51:01Z on time future report... Program Start
2016-07-06 10:51:01Z on time future report... Program END 

Create log file
2016-07-06 10:56:01Z on time future report... Program Start
2016-07-06 10:56:01Z on time future report... Program END 

Create log file
2016-07-06 11:01:03Z on time future report... Program Start
2016-07-06 11:01:03Z on time future report... Program END 

Create log file
2016-07-06 11:01:03Z Send 國際股市==>  Program Start
2016-07-06 11:01:03Z Send 國際股市==>  Program END 

Create log file
2016-07-06 11:06:01Z on time future report... Program Start
2016-07-06 11:06:01Z on time future report... Program END 

Create log file
2016-07-06 11:11:01Z on time future report... Program Start
2016-07-06 11:11:01Z on time future report... Program END 

Create log file
2016-07-06 11:16:00Z on time future report... Program Start
2016-07-06 11:16:00Z on time future report... Program END 

Create log file
2016-07-06 11:21:00Z on time future report... Program Start
2016-07-06 11:21:00Z on time future report... Program END 

Create log file
2016-07-06 11:26:01Z on time future report... Program Start
2016-07-06 11:26:01Z on time future report... Program END 

Create log file
2016-07-06 11:31:01Z on time future report... Program Start
2016-07-06 11:31:01Z on time future report... Program END 

Create log file
2016-07-06 11:36:01Z on time future report... Program Start
2016-07-06 11:36:01Z on time future report... Program END 

Create log file
2016-07-06 11:41:01Z on time future report... Program Start
2016-07-06 11:41:01Z on time future report... Program END 

Create log file
2016-07-06 11:46:00Z on time future report... Program Start
2016-07-06 11:46:00Z on time future report... Program END 

Create log file
2016-07-06 11:51:03Z on time future report... Program Start
2016-07-06 11:51:03Z on time future report... Program END 

Create log file
2016-07-06 11:56:02Z on time future report... Program Start
2016-07-06 11:56:02Z on time future report... Program END 

Create log file
2016-07-06 12:01:02Z on time future report... Program Start
2016-07-06 12:01:02Z on time future report... Program END 

Create log file
2016-07-06 12:01:05Z Send 國際股市==>  Program Start
2016-07-06 12:01:05Z Send 國際股市==>  Program END 

Create log file
2016-07-06 12:06:02Z on time future report... Program Start
2016-07-06 12:06:02Z on time future report... Program END 

Create log file
2016-07-06 12:11:03Z on time future report... Program Start
2016-07-06 12:11:03Z on time future report... Program END 

Create log file
2016-07-06 12:16:01Z on time future report... Program Start
2016-07-06 12:16:01Z on time future report... Program END 

Create log file
2016-07-06 12:21:01Z on time future report... Program Start
2016-07-06 12:21:01Z on time future report... Program END 

Create log file
2016-07-06 12:26:04Z on time future report... Program Start
2016-07-06 12:26:04Z on time future report... Program END 

Create log file
2016-07-06 12:31:01Z on time future report... Program Start
2016-07-06 12:31:01Z on time future report... Program END 

Create log file
2016-07-06 12:36:01Z on time future report... Program Start
2016-07-06 12:36:01Z on time future report... Program END 

Create log file
2016-07-06 12:41:04Z on time future report... Program Start
2016-07-06 12:41:04Z on time future report... Program END 

Create log file
2016-07-06 12:46:01Z on time future report... Program Start
2016-07-06 12:46:01Z on time future report... Program END 

Create log file
2016-07-06 12:51:00Z on time future report... Program Start
2016-07-06 12:51:00Z on time future report... Program END 

Create log file
2016-07-06 12:56:01Z on time future report... Program Start
2016-07-06 12:56:01Z on time future report... Program END 

Create log file
2016-07-06 13:01:02Z on time future report... Program Start
2016-07-06 13:01:02Z on time future report... Program END 

Create log file
2016-07-06 13:01:04Z Send 國際股市==>  Program Start
2016-07-06 13:01:04Z Send 國際股市==>  Program END 

Create log file
2016-07-06 13:06:03Z on time future report... Program Start
2016-07-06 13:06:03Z on time future report... Program END 

Create log file
2016-07-06 13:11:02Z on time future report... Program Start
2016-07-06 13:11:02Z on time future report... Program END 

Create log file
2016-07-06 13:16:02Z on time future report... Program Start
2016-07-06 13:16:02Z on time future report... Program END 

Create log file
2016-07-06 13:21:01Z on time future report... Program Start
2016-07-06 13:21:01Z on time future report... Program END 

Create log file
2016-07-06 13:26:01Z on time future report... Program Start
2016-07-06 13:26:01Z on time future report... Program END 

Create log file
2016-07-06 13:31:04Z on time future report... Program Start
2016-07-06 13:31:04Z on time future report... Program END 

Create log file
2016-07-06 13:36:01Z on time future report... Program Start
2016-07-06 13:36:01Z on time future report... Program END 

Create log file
2016-07-06 13:41:01Z on time future report... Program Start
2016-07-06 13:41:01Z on time future report... Program END 

Create log file
2016-07-06 13:46:01Z on time future report... Program Start
2016-07-06 13:46:01Z on time future report... Program END 

Create log file
2016-07-06 14:01:03Z Send 國際股市==>  Program Start
2016-07-06 14:01:03Z Send 國際股市==>  Program END 

Create log file
2016-07-06 14:12:21Z Query Stock_id is 6116 Program Start
2016-07-06 14:12:21Z Query Stock_id is 6116 Program END 

Create log file
2016-07-06 14:12:21Z Query Stock_id is 2885 Program Start
2016-07-06 14:12:21Z Query Stock_id is 2885 Program END 

Create log file
2016-07-06 14:12:22Z Query Stock_id is 1909 Program Start
2016-07-06 14:12:22Z Query Stock_id is 1909 Program END 

Create log file
2016-07-06 14:12:22Z Query Stock_id is 3481 Program Start
2016-07-06 14:12:22Z Query Stock_id is 3481 Program END 

Create log file
2016-07-06 14:12:22Z Query Stock_id is 2891 Program Start
2016-07-06 14:12:22Z Query Stock_id is 2891 Program END 

Create log file
2016-07-06 14:12:22Z Query Stock_id is 2371 Program Start
2016-07-06 14:12:22Z Query Stock_id is 2371 Program END 

Create log file
2016-07-06 14:12:22Z Query Stock_id is 2887 Program Start
2016-07-06 14:12:22Z Query Stock_id is 2887 Program END 

Create log file
2016-07-06 14:12:23Z Query Stock_id is 2890 Program Start
2016-07-06 14:12:23Z Query Stock_id is 2890 Program END 

Create log file
2016-07-06 14:12:23Z Query Stock_id is 9904 Program Start
2016-07-06 14:12:23Z Query Stock_id is 9904 Program END 

Create log file
2016-07-06 14:12:23Z Query Stock_id is 3231 Program Start
2016-07-06 14:12:23Z Query Stock_id is 3231 Program END 

Create log file
2016-07-06 14:12:23Z Query Stock_id is 2324 Program Start
2016-07-06 14:12:23Z Query Stock_id is 2324 Program END 

Create log file
2016-07-06 14:12:23Z Query Stock_id is 1326 Program Start
2016-07-06 14:12:23Z Query Stock_id is 1326 Program END 

Create log file
2016-07-06 14:12:23Z Query Stock_id is 2886 Program Start
2016-07-06 14:12:23Z Query Stock_id is 2886 Program END 

Create log file
2016-07-06 14:12:24Z Query Stock_id is 2303 Program Start
2016-07-06 14:12:24Z Query Stock_id is 2303 Program END 

Create log file
2016-07-06 14:12:24Z Query Stock_id is 2412 Program Start
2016-07-06 14:12:24Z Query Stock_id is 2412 Program END 

Create log file
2016-07-06 15:01:02Z Send 國際股市==>  Program Start
2016-07-06 15:01:02Z Send 國際股市==>  Program END 

Create log file
2016-07-06 15:50:20Z option_insert_daily Program Start
2016-07-06 15:50:20Z option_insert_daily Program END 

Create log file
2016-07-06 15:56:27Z Send Option_OIV_daily Program Start
2016-07-06 15:56:27Z Send Option_OIV_daily Program END 

Create log file
2016-07-06 16:01:03Z Send 國際股市==>  Program Start
2016-07-06 16:01:03Z Send 國際股市==>  Program END 

Create log file
2016-07-06 17:01:04Z Send 國際股市==>  Program Start
2016-07-06 17:01:04Z Send 國際股市==>  Program END 

Create log file
2016-07-06 18:01:02Z Send 國際股市==>  Program Start
2016-07-06 18:01:02Z Send 國際股市==>  Program END 

Create log file
2016-07-06 18:01:29Z Send 國際股市==>  Program Start
2016-07-06 18:01:29Z Send 國際股市==>  Program END 

Create log file
2016-07-06 18:01:52Z Send 國際股市==>  Program Start
2016-07-06 18:01:52Z Send 國際股市==>  Program END 

Create log file
2016-07-06 18:02:14Z Send 國際股市==>  Program Start
2016-07-06 18:02:14Z Send 國際股市==>  Program END 

Create log file
2016-07-06 18:02:37Z Send 國際股市==>  Program Start
2016-07-06 18:02:37Z Send 國際股市==>  Program END 

Create log file
2016-07-06 19:01:02Z Send 國際股市==>  Program Start
2016-07-06 19:01:02Z Send 國際股市==>  Program END 

Create log file
2016-07-06 19:01:27Z Send 國際股市==>  Program Start
2016-07-06 19:01:27Z Send 國際股市==>  Program END 

Create log file
2016-07-06 19:01:51Z Send 國際股市==>  Program Start
2016-07-06 19:01:51Z Send 國際股市==>  Program END 

Create log file
2016-07-06 19:02:12Z Send 國際股市==>  Program Start
2016-07-06 19:02:12Z Send 國際股市==>  Program END 

Create log file
2016-07-06 19:02:33Z Send 國際股市==>  Program Start
2016-07-06 19:02:33Z Send 國際股市==>  Program END 

Create log file
2016-07-06 19:02:56Z Send 國際股市==>  Program Start
2016-07-06 19:02:56Z Send 國際股市==>  Program END 

Create log file
2016-07-06 20:01:03Z Send 國際股市==>  Program Start
2016-07-06 20:01:03Z Send 國際股市==>  Program END 

Create log file
2016-07-06 20:10:18Z stock_data_daily_create_file Program Start
2016-07-06 20:10:18Z stock_data_daily_create_file Program END 

Create log file
2016-07-06 20:20:03Z stock_data_insert_daily Program Start
2016-07-06 20:20:03Z stock_data_insert_daily Program END 

Create log file
2016-07-06 20:28:47Z Query Stock_id is 2489 Program Start
2016-07-06 20:28:47Z Query Stock_id is 2489 Program END 

Create log file
2016-07-06 20:28:47Z Query Stock_id is 1539 Program Start
2016-07-06 20:28:47Z Query Stock_id is 1539 Program END 

Create log file
2016-07-06 20:28:47Z Query Stock_id is 6116 Program Start
2016-07-06 20:28:47Z Query Stock_id is 6116 Program END 

Create log file
2016-07-06 20:28:47Z Query Stock_id is 3702 Program Start
2016-07-06 20:28:47Z Query Stock_id is 3702 Program END 

Create log file
2016-07-06 20:28:47Z Query Stock_id is 3231 Program Start
2016-07-06 20:28:47Z Query Stock_id is 3231 Program END 

Create log file
2016-07-06 20:28:47Z Query Stock_id is 2324 Program Start
2016-07-06 20:28:47Z Query Stock_id is 2324 Program END 

Create log file
2016-07-06 20:28:48Z Query Stock_id is 1101 Program Start
2016-07-06 20:28:48Z Query Stock_id is 1101 Program END 

Create log file
2016-07-06 20:28:48Z Query Stock_id is 2885 Program Start
2016-07-06 20:28:48Z Query Stock_id is 2885 Program END 

Create log file
2016-07-06 20:28:48Z Query Stock_id is 2409 Program Start
2016-07-06 20:28:48Z Query Stock_id is 2409 Program END 

Create log file
2016-07-06 20:28:48Z Query Stock_id is 6116 Program Start
2016-07-06 20:28:48Z Query Stock_id is 6116 Program END 

Create log file
2016-07-06 20:28:48Z Query Stock_id is 2885 Program Start
2016-07-06 20:28:48Z Query Stock_id is 2885 Program END 

Create log file
2016-07-06 20:28:49Z Query Stock_id is 1909 Program Start
2016-07-06 20:28:49Z Query Stock_id is 1909 Program END 

Create log file
2016-07-06 20:28:49Z Query Stock_id is 3481 Program Start
2016-07-06 20:28:49Z Query Stock_id is 3481 Program END 

Create log file
2016-07-06 20:28:49Z Query Stock_id is 2891 Program Start
2016-07-06 20:28:49Z Query Stock_id is 2891 Program END 

Create log file
2016-07-06 20:28:49Z Query Stock_id is 2371 Program Start
2016-07-06 20:28:49Z Query Stock_id is 2371 Program END 

Create log file
2016-07-06 20:28:49Z Query Stock_id is 2887 Program Start
2016-07-06 20:28:49Z Query Stock_id is 2887 Program END 

Create log file
2016-07-06 20:28:49Z Query Stock_id is 2890 Program Start
2016-07-06 20:28:49Z Query Stock_id is 2890 Program END 

Create log file
2016-07-06 20:28:50Z Query Stock_id is 2324 Program Start
2016-07-06 20:28:50Z Query Stock_id is 2324 Program END 

Create log file
2016-07-06 20:28:50Z Query Stock_id is 9904 Program Start
2016-07-06 20:28:50Z Query Stock_id is 9904 Program END 

Create log file
2016-07-06 20:28:50Z Query Stock_id is 3231 Program Start
2016-07-06 20:28:50Z Query Stock_id is 3231 Program END 

Create log file
2016-07-06 20:28:50Z Query Stock_id is 1326 Program Start
2016-07-06 20:28:50Z Query Stock_id is 1326 Program END 

Create log file
2016-07-06 20:28:50Z Query Stock_id is 2886 Program Start
2016-07-06 20:28:50Z Query Stock_id is 2886 Program END 

Create log file
2016-07-06 20:28:51Z Query Stock_id is 2303 Program Start
2016-07-06 20:28:51Z Query Stock_id is 2303 Program END 

Create log file
2016-07-06 20:28:51Z Query Stock_id is 2412 Program Start
2016-07-06 20:28:51Z Query Stock_id is 2412 Program END 

Create log file
2016-07-06 20:30:10Z Send 股市氣象台電子報-今日我最夯<==Strong_UP==>  Program Start
2016-07-06 20:30:10Z Send 股市氣象台電子報-今日我最夯<==Strong_UP==>  Program END 

Create log file
2016-07-06 21:01:03Z Send 國際股市==>  Program Start
2016-07-06 21:01:03Z Send 國際股市==>  Program END 

Create log file
2016-07-06 22:01:01Z Send 國際股市==>  Program Start
2016-07-06 22:01:01Z Send 國際股市==>  Program END 

Create log file
2016-07-06 22:01:28Z Send 國際股市==>  Program Start
2016-07-06 22:01:28Z Send 國際股市==>  Program END 

Create log file
2016-07-06 22:01:50Z Send 國際股市==>  Program Start
2016-07-06 22:01:50Z Send 國際股市==>  Program END 

Create log file
2016-07-06 23:01:01Z Send 國際股市==>  Program Start
2016-07-06 23:01:01Z Send 國際股市==>  Program END 

