Create log file
2016-02-25 00:01:01Z Send 國際股市==>  Program Start
2016-02-25 00:01:01Z Send 國際股市==>  Program END 

Create log file
2016-02-25 01:01:03Z Send 國際股市==>  Program Start
2016-02-25 01:01:03Z Send 國際股市==>  Program END 

Create log file
2016-02-25 08:01:03Z Send 國際股市==>  Program Start
2016-02-25 08:01:03Z Send 國際股市==>  Program END 

Create log file
2016-02-25 08:01:29Z Send 國際股市==>  Program Start
2016-02-25 08:01:29Z Send 國際股市==>  Program END 

Create log file
2016-02-25 08:01:51Z Send 國際股市==>  Program Start
2016-02-25 08:01:51Z Send 國際股市==>  Program END 

Create log file
2016-02-25 08:46:03Z on time future report... Program Start
2016-02-25 08:46:03Z on time future report... Program END 

Create log file
2016-02-25 08:51:03Z on time future report... Program Start
2016-02-25 08:51:03Z on time future report... Program END 

Create log file
2016-02-25 08:56:03Z on time future report... Program Start
2016-02-25 08:56:03Z on time future report... Program END 

Create log file
2016-02-25 08:59:34Z Query Stock_id is 2409 Program Start
2016-02-25 08:59:34Z Query Stock_id is 2409 Program END 

Create log file
2016-02-25 08:59:34Z Query Stock_id is 3231 Program Start
2016-02-25 08:59:34Z Query Stock_id is 3231 Program END 

Create log file
2016-02-25 08:59:35Z Query Stock_id is 2355 Program Start
2016-02-25 08:59:35Z Query Stock_id is 2355 Program END 

Create log file
2016-02-25 08:59:35Z Query Stock_id is 2344 Program Start
2016-02-25 08:59:35Z Query Stock_id is 2344 Program END 

Create log file
2016-02-25 08:59:35Z Query Stock_id is 2449 Program Start
2016-02-25 08:59:35Z Query Stock_id is 2449 Program END 

Create log file
2016-02-25 08:59:35Z Query Stock_id is 3682 Program Start
2016-02-25 08:59:35Z Query Stock_id is 3682 Program END 

Create log file
2016-02-25 08:59:35Z Query Stock_id is 3037 Program Start
2016-02-25 08:59:35Z Query Stock_id is 3037 Program END 

Create log file
2016-02-25 08:59:35Z Query Stock_id is 2303 Program Start
2016-02-25 08:59:35Z Query Stock_id is 2303 Program END 

Create log file
2016-02-25 08:59:36Z Query Stock_id is 1101 Program Start
2016-02-25 08:59:36Z Query Stock_id is 1101 Program END 

Create log file
2016-02-25 08:59:36Z Query Stock_id is 2886 Program Start
2016-02-25 08:59:36Z Query Stock_id is 2886 Program END 

Create log file
2016-02-25 08:59:36Z Query Stock_id is 2324 Program Start
2016-02-25 08:59:36Z Query Stock_id is 2324 Program END 

Create log file
2016-02-25 08:59:36Z Query Stock_id is 3576 Program Start
2016-02-25 08:59:36Z Query Stock_id is 3576 Program END 

Create log file
2016-02-25 09:01:04Z on time future report... Program Start
2016-02-25 09:01:04Z on time future report... Program END 

Create log file
2016-02-25 09:06:02Z on time future report... Program Start
2016-02-25 09:06:02Z on time future report... Program END 

Create log file
2016-02-25 09:11:01Z on time future report... Program Start
2016-02-25 09:11:01Z on time future report... Program END 

Create log file
2016-02-25 09:16:01Z on time future report... Program Start
2016-02-25 09:16:01Z on time future report... Program END 

Create log file
2016-02-25 09:21:02Z on time future report... Program Start
2016-02-25 09:21:02Z on time future report... Program END 

Create log file
2016-02-25 09:26:01Z on time future report... Program Start
2016-02-25 09:26:01Z on time future report... Program END 

Create log file
2016-02-25 09:31:02Z on time future report... Program Start
2016-02-25 09:31:02Z on time future report... Program END 

Create log file
2016-02-25 09:36:03Z on time future report... Program Start
2016-02-25 09:36:03Z on time future report... Program END 

Create log file
2016-02-25 09:41:01Z on time future report... Program Start
2016-02-25 09:41:01Z on time future report... Program END 

Create log file
2016-02-25 09:46:01Z on time future report... Program Start
2016-02-25 09:46:01Z on time future report... Program END 

Create log file
2016-02-25 09:51:01Z on time future report... Program Start
2016-02-25 09:51:01Z on time future report... Program END 

Create log file
2016-02-25 09:56:01Z on time future report... Program Start
2016-02-25 09:56:01Z on time future report... Program END 

Create log file
2016-02-25 10:01:01Z Send 國際股市==>  Program Start
2016-02-25 10:01:01Z Send 國際股市==>  Program END 

Create log file
2016-02-25 10:11:02Z on time future report... Program Start
2016-02-25 10:11:02Z on time future report... Program END 

Create log file
2016-02-25 10:16:04Z on time future report... Program Start
2016-02-25 10:16:04Z on time future report... Program END 

Create log file
2016-02-25 10:21:04Z on time future report... Program Start
2016-02-25 10:21:04Z on time future report... Program END 

Create log file
2016-02-25 10:26:01Z on time future report... Program Start
2016-02-25 10:26:01Z on time future report... Program END 

Create log file
2016-02-25 10:31:01Z on time future report... Program Start
2016-02-25 10:31:01Z on time future report... Program END 

Create log file
2016-02-25 10:36:01Z on time future report... Program Start
2016-02-25 10:36:01Z on time future report... Program END 

Create log file
2016-02-25 10:41:01Z on time future report... Program Start
2016-02-25 10:41:01Z on time future report... Program END 

Create log file
2016-02-25 10:46:04Z on time future report... Program Start
2016-02-25 10:46:04Z on time future report... Program END 

Create log file
2016-02-25 10:51:01Z on time future report... Program Start
2016-02-25 10:51:01Z on time future report... Program END 

Create log file
2016-02-25 10:56:01Z on time future report... Program Start
2016-02-25 10:56:01Z on time future report... Program END 

Create log file
2016-02-25 11:01:01Z Send 國際股市==>  Program Start
2016-02-25 11:01:01Z Send 國際股市==>  Program END 

Create log file
2016-02-25 11:01:29Z on time future report... Program Start
2016-02-25 11:01:29Z on time future report... Program END 

Create log file
2016-02-25 11:06:02Z on time future report... Program Start
2016-02-25 11:06:02Z on time future report... Program END 

Create log file
2016-02-25 11:11:01Z on time future report... Program Start
2016-02-25 11:11:01Z on time future report... Program END 

Create log file
2016-02-25 11:16:06Z on time future report... Program Start
2016-02-25 11:16:06Z on time future report... Program END 

Create log file
2016-02-25 11:21:04Z on time future report... Program Start
2016-02-25 11:21:04Z on time future report... Program END 

Create log file
2016-02-25 11:26:02Z on time future report... Program Start
2016-02-25 11:26:02Z on time future report... Program END 

Create log file
2016-02-25 11:31:04Z on time future report... Program Start
2016-02-25 11:31:04Z on time future report... Program END 

Create log file
2016-02-25 11:36:04Z on time future report... Program Start
2016-02-25 11:36:04Z on time future report... Program END 

Create log file
2016-02-25 11:41:04Z on time future report... Program Start
2016-02-25 11:41:04Z on time future report... Program END 

Create log file
2016-02-25 11:46:03Z on time future report... Program Start
2016-02-25 11:46:03Z on time future report... Program END 

Create log file
2016-02-25 11:51:07Z on time future report... Program Start
2016-02-25 11:51:07Z on time future report... Program END 

Create log file
2016-02-25 11:56:03Z on time future report... Program Start
2016-02-25 11:56:03Z on time future report... Program END 

Create log file
2016-02-25 12:01:03Z Send 國際股市==>  Program Start
2016-02-25 12:01:03Z Send 國際股市==>  Program END 

Create log file
2016-02-25 12:01:04Z on time future report... Program Start
2016-02-25 12:01:04Z on time future report... Program END 

Create log file
2016-02-25 12:06:03Z on time future report... Program Start
2016-02-25 12:06:03Z on time future report... Program END 

Create log file
2016-02-25 12:11:04Z on time future report... Program Start
2016-02-25 12:11:04Z on time future report... Program END 

Create log file
2016-02-25 12:16:04Z on time future report... Program Start
2016-02-25 12:16:04Z on time future report... Program END 

Create log file
2016-02-25 12:21:03Z on time future report... Program Start
2016-02-25 12:21:03Z on time future report... Program END 

Create log file
2016-02-25 12:26:03Z on time future report... Program Start
2016-02-25 12:26:03Z on time future report... Program END 

Create log file
2016-02-25 12:31:04Z on time future report... Program Start
2016-02-25 12:31:04Z on time future report... Program END 

Create log file
2016-02-25 12:36:03Z on time future report... Program Start
2016-02-25 12:36:03Z on time future report... Program END 

Create log file
2016-02-25 12:41:03Z on time future report... Program Start
2016-02-25 12:41:03Z on time future report... Program END 

Create log file
2016-02-25 12:46:03Z on time future report... Program Start
2016-02-25 12:46:03Z on time future report... Program END 

Create log file
2016-02-25 12:51:03Z on time future report... Program Start
2016-02-25 12:51:03Z on time future report... Program END 

Create log file
2016-02-25 12:56:03Z on time future report... Program Start
2016-02-25 12:56:03Z on time future report... Program END 

Create log file
2016-02-25 13:01:03Z Send 國際股市==>  Program Start
2016-02-25 13:01:03Z Send 國際股市==>  Program END 

Create log file
2016-02-25 13:01:04Z on time future report... Program Start
2016-02-25 13:01:04Z on time future report... Program END 

Create log file
2016-02-25 13:06:03Z on time future report... Program Start
2016-02-25 13:06:03Z on time future report... Program END 

Create log file
2016-02-25 13:11:05Z on time future report... Program Start
2016-02-25 13:11:05Z on time future report... Program END 

Create log file
2016-02-25 13:16:03Z on time future report... Program Start
2016-02-25 13:16:03Z on time future report... Program END 

Create log file
2016-02-25 13:21:04Z on time future report... Program Start
2016-02-25 13:21:04Z on time future report... Program END 

Create log file
2016-02-25 13:26:05Z on time future report... Program Start
2016-02-25 13:26:05Z on time future report... Program END 

Create log file
2016-02-25 13:36:05Z on time future report... Program Start
2016-02-25 13:36:05Z on time future report... Program END 

Create log file
2016-02-25 13:41:03Z on time future report... Program Start
2016-02-25 13:41:03Z on time future report... Program END 

Create log file
2016-02-25 13:46:03Z on time future report... Program Start
2016-02-25 13:46:03Z on time future report... Program END 

Create log file
2016-02-25 14:01:03Z Send 國際股市==>  Program Start
2016-02-25 14:01:03Z Send 國際股市==>  Program END 

Create log file
2016-02-25 15:01:03Z Send 國際股市==>  Program Start
2016-02-25 15:01:03Z Send 國際股市==>  Program END 

Create log file
2016-02-25 15:50:20Z option_insert_daily Program Start
2016-02-25 15:50:20Z option_insert_daily Program END 

Create log file
2016-02-25 15:56:20Z Send Option_OIV_daily Program Start
2016-02-25 15:56:20Z Send Option_OIV_daily Program END 

Create log file
2016-02-25 16:01:03Z Send 國際股市==>  Program Start
2016-02-25 16:01:03Z Send 國際股市==>  Program END 

Create log file
2016-02-25 16:39:48Z Query Stock_id is 2409 Program Start
2016-02-25 16:39:48Z Query Stock_id is 2409 Program END 

Create log file
2016-02-25 16:39:48Z Query Stock_id is 3231 Program Start
2016-02-25 16:39:48Z Query Stock_id is 3231 Program END 

Create log file
2016-02-25 16:39:48Z Query Stock_id is 2355 Program Start
2016-02-25 16:39:48Z Query Stock_id is 2355 Program END 

Create log file
2016-02-25 16:39:48Z Query Stock_id is 2344 Program Start
2016-02-25 16:39:48Z Query Stock_id is 2344 Program END 

Create log file
2016-02-25 16:39:48Z Query Stock_id is 2449 Program Start
2016-02-25 16:39:48Z Query Stock_id is 2449 Program END 

Create log file
2016-02-25 16:39:48Z Query Stock_id is 3682 Program Start
2016-02-25 16:39:48Z Query Stock_id is 3682 Program END 

Create log file
2016-02-25 16:39:49Z Query Stock_id is 3037 Program Start
2016-02-25 16:39:49Z Query Stock_id is 3037 Program END 

Create log file
2016-02-25 16:39:49Z Query Stock_id is 2303 Program Start
2016-02-25 16:39:49Z Query Stock_id is 2303 Program END 

Create log file
2016-02-25 16:39:49Z Query Stock_id is 1101 Program Start
2016-02-25 16:39:49Z Query Stock_id is 1101 Program END 

Create log file
2016-02-25 16:39:49Z Query Stock_id is 2886 Program Start
2016-02-25 16:39:49Z Query Stock_id is 2886 Program END 

Create log file
2016-02-25 16:39:49Z Query Stock_id is 2324 Program Start
2016-02-25 16:39:49Z Query Stock_id is 2324 Program END 

Create log file
2016-02-25 16:39:49Z Query Stock_id is 3576 Program Start
2016-02-25 16:39:49Z Query Stock_id is 3576 Program END 

Create log file
2016-02-25 16:49:31Z Query Stock_id is 2409 Program Start
2016-02-25 16:49:31Z Query Stock_id is 2409 Program END 

Create log file
2016-02-25 16:49:31Z Query Stock_id is 3231 Program Start
2016-02-25 16:49:31Z Query Stock_id is 3231 Program END 

Create log file
2016-02-25 16:49:31Z Query Stock_id is 2355 Program Start
2016-02-25 16:49:31Z Query Stock_id is 2355 Program END 

Create log file
2016-02-25 16:49:31Z Query Stock_id is 2344 Program Start
2016-02-25 16:49:31Z Query Stock_id is 2344 Program END 

Create log file
2016-02-25 16:49:31Z Query Stock_id is 2449 Program Start
2016-02-25 16:49:31Z Query Stock_id is 2449 Program END 

Create log file
2016-02-25 16:49:31Z Query Stock_id is 3682 Program Start
2016-02-25 16:49:31Z Query Stock_id is 3682 Program END 

Create log file
2016-02-25 16:49:32Z Query Stock_id is 3037 Program Start
2016-02-25 16:49:32Z Query Stock_id is 3037 Program END 

Create log file
2016-02-25 16:49:32Z Query Stock_id is 2303 Program Start
2016-02-25 16:49:32Z Query Stock_id is 2303 Program END 

Create log file
2016-02-25 16:49:32Z Query Stock_id is 1101 Program Start
2016-02-25 16:49:32Z Query Stock_id is 1101 Program END 

Create log file
2016-02-25 16:49:32Z Query Stock_id is 2886 Program Start
2016-02-25 16:49:32Z Query Stock_id is 2886 Program END 

Create log file
2016-02-25 16:49:32Z Query Stock_id is 2324 Program Start
2016-02-25 16:49:32Z Query Stock_id is 2324 Program END 

Create log file
2016-02-25 16:49:32Z Query Stock_id is 3576 Program Start
2016-02-25 16:49:32Z Query Stock_id is 3576 Program END 

Create log file
2016-02-25 17:01:03Z Send 國際股市==>  Program Start
2016-02-25 17:01:03Z Send 國際股市==>  Program END 

Create log file
2016-02-25 18:01:03Z Send 國際股市==>  Program Start
2016-02-25 18:01:03Z Send 國際股市==>  Program END 

Create log file
2016-02-25 18:01:30Z Send 國際股市==>  Program Start
2016-02-25 18:01:30Z Send 國際股市==>  Program END 

Create log file
2016-02-25 18:01:52Z Send 國際股市==>  Program Start
2016-02-25 18:01:52Z Send 國際股市==>  Program END 

Create log file
2016-02-25 18:02:14Z Send 國際股市==>  Program Start
2016-02-25 18:02:14Z Send 國際股市==>  Program END 

Create log file
2016-02-25 19:01:03Z Send 國際股市==>  Program Start
2016-02-25 19:01:03Z Send 國際股市==>  Program END 

Create log file
2016-02-25 19:01:29Z Send 國際股市==>  Program Start
2016-02-25 19:01:29Z Send 國際股市==>  Program END 

Create log file
2016-02-25 19:01:53Z Send 國際股市==>  Program Start
2016-02-25 19:01:53Z Send 國際股市==>  Program END 

Create log file
2016-02-25 20:01:03Z Send 國際股市==>  Program Start
2016-02-25 20:01:03Z Send 國際股市==>  Program END 

Create log file
2016-02-25 20:10:06Z stock_data_daily_create_file Program Start
2016-02-25 20:10:06Z stock_data_daily_create_file Program END 

Create log file
2016-02-25 20:20:07Z stock_data_insert_daily Program Start
2016-02-25 20:20:07Z stock_data_insert_daily Program END 

Create log file
2016-02-25 20:30:13Z Send 股市氣象台電子報-今日我最夯<==Strong_UP==>  Program Start
2016-02-25 20:30:13Z Send 股市氣象台電子報-今日我最夯<==Strong_UP==>  Program END 

Create log file
2016-02-25 21:01:03Z Send 國際股市==>  Program Start
2016-02-25 21:01:03Z Send 國際股市==>  Program END 

Create log file
2016-02-25 22:01:03Z Send 國際股市==>  Program Start
2016-02-25 22:01:03Z Send 國際股市==>  Program END 

Create log file
2016-02-25 22:01:29Z Send 國際股市==>  Program Start
2016-02-25 22:01:29Z Send 國際股市==>  Program END 

Create log file
2016-02-25 22:42:02Z Query Stock_id is 3481 Program Start
2016-02-25 22:42:02Z Query Stock_id is 3481 Program END 

Create log file
2016-02-25 22:42:02Z Query Stock_id is 2498 Program Start
2016-02-25 22:42:02Z Query Stock_id is 2498 Program END 

Create log file
2016-02-25 22:42:02Z Query Stock_id is 2330 Program Start
2016-02-25 22:42:02Z Query Stock_id is 2330 Program END 

Create log file
2016-02-25 22:42:02Z Query Stock_id is 9904 Program Start
2016-02-25 22:42:02Z Query Stock_id is 9904 Program END 

Create log file
2016-02-25 22:42:03Z Query Stock_id is 2454 Program Start
2016-02-25 22:42:03Z Query Stock_id is 2454 Program END 

Create log file
2016-02-25 22:42:03Z Query Stock_id is 2421 Program Start
2016-02-25 22:42:03Z Query Stock_id is 2421 Program END 

Create log file
2016-02-25 22:42:03Z Query Stock_id is 1216 Program Start
2016-02-25 22:42:03Z Query Stock_id is 1216 Program END 

Create log file
2016-02-25 22:42:04Z Query Stock_id is 2311 Program Start
2016-02-25 22:42:04Z Query Stock_id is 2311 Program END 

Create log file
2016-02-25 22:42:04Z Query Stock_id is 2883 Program Start
2016-02-25 22:42:04Z Query Stock_id is 2883 Program END 

Create log file
2016-02-25 22:42:04Z Query Stock_id is 1504 Program Start
2016-02-25 22:42:04Z Query Stock_id is 1504 Program END 

Create log file
2016-02-25 22:42:04Z Query Stock_id is 2886 Program Start
2016-02-25 22:42:04Z Query Stock_id is 2886 Program END 

Create log file
2016-02-25 22:42:05Z Query Stock_id is 4904 Program Start
2016-02-25 22:42:05Z Query Stock_id is 4904 Program END 

Create log file
2016-02-25 22:42:05Z Query Stock_id is 1101 Program Start
2016-02-25 22:42:05Z Query Stock_id is 1101 Program END 

Create log file
2016-02-25 22:42:05Z Query Stock_id is 2002 Program Start
2016-02-25 22:42:05Z Query Stock_id is 2002 Program END 

Create log file
2016-02-25 22:42:05Z Query Stock_id is 2880 Program Start
2016-02-25 22:42:05Z Query Stock_id is 2880 Program END 

Create log file
2016-02-25 22:42:06Z Query Stock_id is 3231 Program Start
2016-02-25 22:42:06Z Query Stock_id is 3231 Program END 

Create log file
2016-02-25 22:42:06Z Query Stock_id is 2324 Program Start
2016-02-25 22:42:06Z Query Stock_id is 2324 Program END 

Create log file
2016-02-25 22:42:06Z Query Stock_id is 2449 Program Start
2016-02-25 22:42:06Z Query Stock_id is 2449 Program END 

Create log file
2016-02-25 22:42:07Z Query Stock_id is 2892 Program Start
2016-02-25 22:42:07Z Query Stock_id is 2892 Program END 

Create log file
2016-02-25 22:42:07Z Query Stock_id is 2344 Program Start
2016-02-25 22:42:07Z Query Stock_id is 2344 Program END 

Create log file
2016-02-25 22:42:07Z Query Stock_id is 3037 Program Start
2016-02-25 22:42:07Z Query Stock_id is 3037 Program END 

Create log file
2016-02-25 22:42:07Z Query Stock_id is 2409 Program Start
2016-02-25 22:42:07Z Query Stock_id is 2409 Program END 

Create log file
2016-02-25 22:42:08Z Query Stock_id is 3231 Program Start
2016-02-25 22:42:08Z Query Stock_id is 3231 Program END 

Create log file
2016-02-25 22:42:08Z Query Stock_id is 2355 Program Start
2016-02-25 22:42:08Z Query Stock_id is 2355 Program END 

Create log file
2016-02-25 22:42:08Z Query Stock_id is 2344 Program Start
2016-02-25 22:42:08Z Query Stock_id is 2344 Program END 

Create log file
2016-02-25 22:42:08Z Query Stock_id is 2449 Program Start
2016-02-25 22:42:08Z Query Stock_id is 2449 Program END 

Create log file
2016-02-25 22:42:09Z Query Stock_id is 2303 Program Start
2016-02-25 22:42:09Z Query Stock_id is 2303 Program END 

Create log file
2016-02-25 22:42:09Z Query Stock_id is 3037 Program Start
2016-02-25 22:42:09Z Query Stock_id is 3037 Program END 

Create log file
2016-02-25 22:42:09Z Query Stock_id is 3682 Program Start
2016-02-25 22:42:09Z Query Stock_id is 3682 Program END 

Create log file
2016-02-25 22:42:10Z Query Stock_id is 1101 Program Start
2016-02-25 22:42:10Z Query Stock_id is 1101 Program END 

Create log file
2016-02-25 22:42:10Z Query Stock_id is 2886 Program Start
2016-02-25 22:42:10Z Query Stock_id is 2886 Program END 

Create log file
2016-02-25 22:42:10Z Query Stock_id is 2324 Program Start
2016-02-25 22:42:10Z Query Stock_id is 2324 Program END 

Create log file
2016-02-25 22:42:11Z Query Stock_id is 3576 Program Start
2016-02-25 22:42:11Z Query Stock_id is 3576 Program END 

Create log file
2016-02-25 23:01:03Z Send 國際股市==>  Program Start
2016-02-25 23:01:03Z Send 國際股市==>  Program END 

Create log file
2016-02-25 23:02:22Z Query Stock_id is 3481 Program Start
2016-02-25 23:02:22Z Query Stock_id is 3481 Program END 

Create log file
2016-02-25 23:02:22Z Query Stock_id is 2498 Program Start
2016-02-25 23:02:22Z Query Stock_id is 2498 Program END 

Create log file
2016-02-25 23:02:23Z Query Stock_id is 2330 Program Start
2016-02-25 23:02:23Z Query Stock_id is 2330 Program END 

Create log file
2016-02-25 23:02:23Z Query Stock_id is 9904 Program Start
2016-02-25 23:02:23Z Query Stock_id is 9904 Program END 

Create log file
2016-02-25 23:02:23Z Query Stock_id is 2454 Program Start
2016-02-25 23:02:23Z Query Stock_id is 2454 Program END 

Create log file
2016-02-25 23:02:24Z Query Stock_id is 2421 Program Start
2016-02-25 23:02:24Z Query Stock_id is 2421 Program END 

Create log file
2016-02-25 23:02:24Z Query Stock_id is 1216 Program Start
2016-02-25 23:02:24Z Query Stock_id is 1216 Program END 

Create log file
2016-02-25 23:02:24Z Query Stock_id is 2311 Program Start
2016-02-25 23:02:24Z Query Stock_id is 2311 Program END 

Create log file
2016-02-25 23:02:24Z Query Stock_id is 2883 Program Start
2016-02-25 23:02:24Z Query Stock_id is 2883 Program END 

Create log file
2016-02-25 23:02:25Z Query Stock_id is 1504 Program Start
2016-02-25 23:02:25Z Query Stock_id is 1504 Program END 

Create log file
2016-02-25 23:02:25Z Query Stock_id is 2886 Program Start
2016-02-25 23:02:25Z Query Stock_id is 2886 Program END 

Create log file
2016-02-25 23:02:25Z Query Stock_id is 4904 Program Start
2016-02-25 23:02:25Z Query Stock_id is 4904 Program END 

Create log file
2016-02-25 23:02:25Z Query Stock_id is 1101 Program Start
2016-02-25 23:02:25Z Query Stock_id is 1101 Program END 

Create log file
2016-02-25 23:02:26Z Query Stock_id is 2002 Program Start
2016-02-25 23:02:26Z Query Stock_id is 2002 Program END 

Create log file
2016-02-25 23:02:26Z Query Stock_id is 2880 Program Start
2016-02-25 23:02:26Z Query Stock_id is 2880 Program END 

Create log file
2016-02-25 23:02:26Z Query Stock_id is 3231 Program Start
2016-02-25 23:02:26Z Query Stock_id is 3231 Program END 

Create log file
2016-02-25 23:02:27Z Query Stock_id is 2324 Program Start
2016-02-25 23:02:27Z Query Stock_id is 2324 Program END 

Create log file
2016-02-25 23:02:27Z Query Stock_id is 2449 Program Start
2016-02-25 23:02:27Z Query Stock_id is 2449 Program END 

Create log file
2016-02-25 23:02:27Z Query Stock_id is 2892 Program Start
2016-02-25 23:02:27Z Query Stock_id is 2892 Program END 

Create log file
2016-02-25 23:02:28Z Query Stock_id is 2344 Program Start
2016-02-25 23:02:28Z Query Stock_id is 2344 Program END 

Create log file
2016-02-25 23:02:28Z Query Stock_id is 3037 Program Start
2016-02-25 23:02:28Z Query Stock_id is 3037 Program END 

Create log file
2016-02-25 23:02:28Z Query Stock_id is 2409 Program Start
2016-02-25 23:02:28Z Query Stock_id is 2409 Program END 

Create log file
2016-02-25 23:02:28Z Query Stock_id is 3231 Program Start
2016-02-25 23:02:28Z Query Stock_id is 3231 Program END 

Create log file
2016-02-25 23:02:29Z Query Stock_id is 2355 Program Start
2016-02-25 23:02:29Z Query Stock_id is 2355 Program END 

Create log file
2016-02-25 23:02:29Z Query Stock_id is 2344 Program Start
2016-02-25 23:02:29Z Query Stock_id is 2344 Program END 

Create log file
2016-02-25 23:02:29Z Query Stock_id is 2449 Program Start
2016-02-25 23:02:29Z Query Stock_id is 2449 Program END 

Create log file
2016-02-25 23:02:29Z Query Stock_id is 2303 Program Start
2016-02-25 23:02:29Z Query Stock_id is 2303 Program END 

Create log file
2016-02-25 23:02:30Z Query Stock_id is 3037 Program Start
2016-02-25 23:02:30Z Query Stock_id is 3037 Program END 

Create log file
2016-02-25 23:02:30Z Query Stock_id is 3682 Program Start
2016-02-25 23:02:30Z Query Stock_id is 3682 Program END 

Create log file
2016-02-25 23:02:30Z Query Stock_id is 1101 Program Start
2016-02-25 23:02:30Z Query Stock_id is 1101 Program END 

Create log file
2016-02-25 23:02:30Z Query Stock_id is 2886 Program Start
2016-02-25 23:02:30Z Query Stock_id is 2886 Program END 

Create log file
2016-02-25 23:02:31Z Query Stock_id is 2324 Program Start
2016-02-25 23:02:31Z Query Stock_id is 2324 Program END 

Create log file
2016-02-25 23:02:31Z Query Stock_id is 3576 Program Start
2016-02-25 23:02:31Z Query Stock_id is 3576 Program END 

