Create log file
2016-07-08 00:01:02Z Send 國際股市==>  Program Start
2016-07-08 00:01:02Z Send 國際股市==>  Program END 

Create log file
2016-07-08 01:01:01Z Send 國際股市==>  Program Start
2016-07-08 01:01:01Z Send 國際股市==>  Program END 

Create log file
2016-07-08 08:01:01Z Send 國際股市==>  Program Start
2016-07-08 08:01:01Z Send 國際股市==>  Program END 

Create log file
2016-07-08 08:01:28Z Send 國際股市==>  Program Start
2016-07-08 08:01:28Z Send 國際股市==>  Program END 

Create log file
2016-07-08 08:01:50Z Send 國際股市==>  Program Start
2016-07-08 08:01:50Z Send 國際股市==>  Program END 

Create log file
2016-07-08 08:02:13Z Send 國際股市==>  Program Start
2016-07-08 08:02:13Z Send 國際股市==>  Program END 

Create log file
2016-07-08 08:46:04Z on time future report... Program Start
2016-07-08 08:46:04Z on time future report... Program END 

Create log file
2016-07-08 08:51:04Z on time future report... Program Start
2016-07-08 08:51:04Z on time future report... Program END 

Create log file
2016-07-08 08:56:03Z on time future report... Program Start
2016-07-08 08:56:03Z on time future report... Program END 

Create log file
2016-07-08 09:01:02Z Send 國際股市==>  Program Start
2016-07-08 09:01:02Z Send 國際股市==>  Program END 

Create log file
2016-07-08 09:01:04Z on time future report... Program Start
2016-07-08 09:01:04Z on time future report... Program END 

Create log file
2016-07-08 09:06:03Z on time future report... Program Start
2016-07-08 09:06:03Z on time future report... Program END 

Create log file
2016-07-08 09:11:03Z on time future report... Program Start
2016-07-08 09:11:03Z on time future report... Program END 

Create log file
2016-07-08 09:16:03Z on time future report... Program Start
2016-07-08 09:16:03Z on time future report... Program END 

Create log file
2016-07-08 09:21:03Z on time future report... Program Start
2016-07-08 09:21:03Z on time future report... Program END 

Create log file
2016-07-08 09:26:03Z on time future report... Program Start
2016-07-08 09:26:03Z on time future report... Program END 

Create log file
2016-07-08 09:31:03Z on time future report... Program Start
2016-07-08 09:31:03Z on time future report... Program END 

Create log file
2016-07-08 09:36:03Z on time future report... Program Start
2016-07-08 09:36:03Z on time future report... Program END 

Create log file
2016-07-08 09:41:03Z on time future report... Program Start
2016-07-08 09:41:03Z on time future report... Program END 

Create log file
2016-07-08 09:46:03Z on time future report... Program Start
2016-07-08 09:46:03Z on time future report... Program END 

Create log file
2016-07-08 09:51:03Z on time future report... Program Start
2016-07-08 09:51:03Z on time future report... Program END 

Create log file
2016-07-08 09:56:03Z on time future report... Program Start
2016-07-08 09:56:03Z on time future report... Program END 

Create log file
2016-07-08 10:01:02Z Send 國際股市==>  Program Start
2016-07-08 10:01:02Z Send 國際股市==>  Program END 

Create log file
2016-07-08 10:01:04Z on time future report... Program Start
2016-07-08 10:01:04Z on time future report... Program END 

Create log file
2016-07-08 10:06:03Z on time future report... Program Start
2016-07-08 10:06:03Z on time future report... Program END 

Create log file
2016-07-08 10:11:03Z on time future report... Program Start
2016-07-08 10:11:03Z on time future report... Program END 

Create log file
2016-07-08 10:16:03Z on time future report... Program Start
2016-07-08 10:16:03Z on time future report... Program END 

Create log file
2016-07-08 10:21:03Z on time future report... Program Start
2016-07-08 10:21:03Z on time future report... Program END 

Create log file
2016-07-08 10:26:03Z on time future report... Program Start
2016-07-08 10:26:03Z on time future report... Program END 

Create log file
2016-07-08 10:31:03Z on time future report... Program Start
2016-07-08 10:31:03Z on time future report... Program END 

Create log file
2016-07-08 10:36:03Z on time future report... Program Start
2016-07-08 10:36:03Z on time future report... Program END 

Create log file
2016-07-08 10:41:03Z on time future report... Program Start
2016-07-08 10:41:03Z on time future report... Program END 

Create log file
2016-07-08 10:46:04Z on time future report... Program Start
2016-07-08 10:46:04Z on time future report... Program END 

Create log file
2016-07-08 10:51:03Z on time future report... Program Start
2016-07-08 10:51:03Z on time future report... Program END 

Create log file
2016-07-08 10:56:03Z on time future report... Program Start
2016-07-08 10:56:03Z on time future report... Program END 

Create log file
2016-07-08 11:01:02Z Send 國際股市==>  Program Start
2016-07-08 11:01:02Z Send 國際股市==>  Program END 

Create log file
2016-07-08 11:01:04Z on time future report... Program Start
2016-07-08 11:01:04Z on time future report... Program END 

Create log file
2016-07-08 11:06:03Z on time future report... Program Start
2016-07-08 11:06:03Z on time future report... Program END 

Create log file
2016-07-08 11:11:03Z on time future report... Program Start
2016-07-08 11:11:03Z on time future report... Program END 

Create log file
2016-07-08 11:16:03Z on time future report... Program Start
2016-07-08 11:16:03Z on time future report... Program END 

Create log file
2016-07-08 11:21:03Z on time future report... Program Start
2016-07-08 11:21:03Z on time future report... Program END 

Create log file
2016-07-08 11:26:05Z on time future report... Program Start
2016-07-08 11:26:05Z on time future report... Program END 

Create log file
2016-07-08 11:31:05Z on time future report... Program Start
2016-07-08 11:31:05Z on time future report... Program END 

Create log file
2016-07-08 11:36:03Z on time future report... Program Start
2016-07-08 11:36:03Z on time future report... Program END 

Create log file
2016-07-08 11:41:03Z on time future report... Program Start
2016-07-08 11:41:03Z on time future report... Program END 

Create log file
2016-07-08 11:46:03Z on time future report... Program Start
2016-07-08 11:46:03Z on time future report... Program END 

Create log file
2016-07-08 11:51:03Z on time future report... Program Start
2016-07-08 11:51:03Z on time future report... Program END 

Create log file
2016-07-08 11:56:03Z on time future report... Program Start
2016-07-08 11:56:03Z on time future report... Program END 

Create log file
2016-07-08 12:01:02Z Send 國際股市==>  Program Start
2016-07-08 12:01:02Z Send 國際股市==>  Program END 

Create log file
2016-07-08 12:01:05Z on time future report... Program Start
2016-07-08 12:01:05Z on time future report... Program END 

Create log file
2016-07-08 12:06:05Z on time future report... Program Start
2016-07-08 12:06:05Z on time future report... Program END 

Create log file
2016-07-08 12:11:03Z on time future report... Program Start
2016-07-08 12:11:03Z on time future report... Program END 

Create log file
2016-07-08 12:16:03Z on time future report... Program Start
2016-07-08 12:16:03Z on time future report... Program END 

Create log file
2016-07-08 12:21:03Z on time future report... Program Start
2016-07-08 12:21:03Z on time future report... Program END 

Create log file
2016-07-08 12:26:03Z on time future report... Program Start
2016-07-08 12:26:03Z on time future report... Program END 

Create log file
2016-07-08 12:31:03Z on time future report... Program Start
2016-07-08 12:31:03Z on time future report... Program END 

Create log file
2016-07-08 12:36:03Z on time future report... Program Start
2016-07-08 12:36:03Z on time future report... Program END 

Create log file
2016-07-08 12:41:03Z on time future report... Program Start
2016-07-08 12:41:03Z on time future report... Program END 

Create log file
2016-07-08 12:46:03Z on time future report... Program Start
2016-07-08 12:46:03Z on time future report... Program END 

Create log file
2016-07-08 12:51:03Z on time future report... Program Start
2016-07-08 12:51:03Z on time future report... Program END 

Create log file
2016-07-08 12:56:03Z on time future report... Program Start
2016-07-08 12:56:03Z on time future report... Program END 

Create log file
2016-07-08 13:01:02Z Send 國際股市==>  Program Start
2016-07-08 13:01:02Z Send 國際股市==>  Program END 

Create log file
2016-07-08 13:01:04Z on time future report... Program Start
2016-07-08 13:01:04Z on time future report... Program END 

Create log file
2016-07-08 13:06:03Z on time future report... Program Start
2016-07-08 13:06:03Z on time future report... Program END 

Create log file
2016-07-08 13:11:03Z on time future report... Program Start
2016-07-08 13:11:03Z on time future report... Program END 

Create log file
2016-07-08 13:16:03Z on time future report... Program Start
2016-07-08 13:16:03Z on time future report... Program END 

Create log file
2016-07-08 13:21:03Z on time future report... Program Start
2016-07-08 13:21:03Z on time future report... Program END 

Create log file
2016-07-08 13:26:03Z on time future report... Program Start
2016-07-08 13:26:03Z on time future report... Program END 

Create log file
2016-07-08 13:31:07Z on time future report... Program Start
2016-07-08 13:31:07Z on time future report... Program END 

Create log file
2016-07-08 13:36:05Z on time future report... Program Start
2016-07-08 13:36:05Z on time future report... Program END 

Create log file
2016-07-08 13:41:03Z on time future report... Program Start
2016-07-08 13:41:03Z on time future report... Program END 

Create log file
2016-07-08 13:46:03Z on time future report... Program Start
2016-07-08 13:46:03Z on time future report... Program END 

Create log file
2016-07-08 14:01:01Z Send 國際股市==>  Program Start
2016-07-08 14:01:01Z Send 國際股市==>  Program END 

Create log file
2016-07-08 15:01:02Z Send 國際股市==>  Program Start
2016-07-08 15:01:02Z Send 國際股市==>  Program END 

Create log file
2016-07-08 15:50:17Z option_insert_daily Program Start
2016-07-08 15:50:17Z option_insert_daily Program END 

Create log file
2016-07-08 16:01:01Z Send 國際股市==>  Program Start
2016-07-08 16:01:01Z Send 國際股市==>  Program END 

Create log file
2016-07-08 17:01:02Z Send 國際股市==>  Program Start
2016-07-08 17:01:02Z Send 國際股市==>  Program END 

Create log file
2016-07-08 18:01:01Z Send 國際股市==>  Program Start
2016-07-08 18:01:01Z Send 國際股市==>  Program END 

Create log file
2016-07-08 18:01:27Z Send 國際股市==>  Program Start
2016-07-08 18:01:27Z Send 國際股市==>  Program END 

Create log file
2016-07-08 18:01:49Z Send 國際股市==>  Program Start
2016-07-08 18:01:49Z Send 國際股市==>  Program END 

Create log file
2016-07-08 18:02:11Z Send 國際股市==>  Program Start
2016-07-08 18:02:11Z Send 國際股市==>  Program END 

Create log file
2016-07-08 18:02:34Z Send 國際股市==>  Program Start
2016-07-08 18:02:34Z Send 國際股市==>  Program END 

Create log file
2016-07-08 19:01:01Z Send 國際股市==>  Program Start
2016-07-08 19:01:01Z Send 國際股市==>  Program END 

Create log file
2016-07-08 19:01:26Z Send 國際股市==>  Program Start
2016-07-08 19:01:26Z Send 國際股市==>  Program END 

Create log file
2016-07-08 19:01:50Z Send 國際股市==>  Program Start
2016-07-08 19:01:50Z Send 國際股市==>  Program END 

Create log file
2016-07-08 19:02:11Z Send 國際股市==>  Program Start
2016-07-08 19:02:11Z Send 國際股市==>  Program END 

Create log file
2016-07-08 19:02:32Z Send 國際股市==>  Program Start
2016-07-08 19:02:32Z Send 國際股市==>  Program END 

Create log file
2016-07-08 19:02:55Z Send 國際股市==>  Program Start
2016-07-08 19:02:55Z Send 國際股市==>  Program END 

Create log file
2016-07-08 20:01:01Z Send 國際股市==>  Program Start
2016-07-08 20:01:01Z Send 國際股市==>  Program END 

Create log file
2016-07-08 20:10:03Z stock_data_daily_create_file Program Start
2016-07-08 20:10:03Z stock_data_daily_create_file Program END 

Create log file
2016-07-08 20:20:03Z stock_data_insert_daily Program Start
2016-07-08 20:20:03Z stock_data_insert_daily Program END 

Create log file
2016-07-08 20:30:09Z Send 股市氣象台電子報-今日我最夯<==Strong_UP==>  Program Start
2016-07-08 20:30:09Z Send 股市氣象台電子報-今日我最夯<==Strong_UP==>  Program END 

Create log file
2016-07-08 21:01:02Z Send 國際股市==>  Program Start
2016-07-08 21:01:02Z Send 國際股市==>  Program END 

Create log file
2016-07-08 22:01:06Z Send 國際股市==>  Program Start
2016-07-08 22:01:06Z Send 國際股市==>  Program END 

Create log file
2016-07-08 22:01:33Z Send 國際股市==>  Program Start
2016-07-08 22:01:33Z Send 國際股市==>  Program END 

Create log file
2016-07-08 22:01:55Z Send 國際股市==>  Program Start
2016-07-08 22:01:55Z Send 國際股市==>  Program END 

Create log file
2016-07-08 23:01:05Z Send 國際股市==>  Program Start
2016-07-08 23:01:05Z Send 國際股市==>  Program END 

