Create log file
2016-07-11 08:01:06Z Send 國際股市==>  Program Start
2016-07-11 08:01:06Z Send 國際股市==>  Program END 

Create log file
2016-07-11 08:01:32Z Send 國際股市==>  Program Start
2016-07-11 08:01:32Z Send 國際股市==>  Program END 

Create log file
2016-07-11 08:01:54Z Send 國際股市==>  Program Start
2016-07-11 08:01:54Z Send 國際股市==>  Program END 

Create log file
2016-07-11 08:02:17Z Send 國際股市==>  Program Start
2016-07-11 08:02:17Z Send 國際股市==>  Program END 

Create log file
2016-07-11 08:46:04Z on time future report... Program Start
2016-07-11 08:46:04Z on time future report... Program END 

Create log file
2016-07-11 08:51:06Z on time future report... Program Start
2016-07-11 08:51:06Z on time future report... Program END 

Create log file
2016-07-11 08:56:03Z on time future report... Program Start
2016-07-11 08:56:03Z on time future report... Program END 

Create log file
2016-07-11 09:01:04Z Send 國際股市==>  Program Start
2016-07-11 09:01:04Z Send 國際股市==>  Program END 

Create log file
2016-07-11 09:01:09Z on time future report... Program Start
2016-07-11 09:01:09Z on time future report... Program END 

Create log file
2016-07-11 09:06:03Z on time future report... Program Start
2016-07-11 09:06:03Z on time future report... Program END 

Create log file
2016-07-11 09:11:03Z on time future report... Program Start
2016-07-11 09:11:03Z on time future report... Program END 

Create log file
2016-07-11 09:16:03Z on time future report... Program Start
2016-07-11 09:16:03Z on time future report... Program END 

Create log file
2016-07-11 09:21:03Z on time future report... Program Start
2016-07-11 09:21:03Z on time future report... Program END 

Create log file
2016-07-11 09:26:03Z on time future report... Program Start
2016-07-11 09:26:03Z on time future report... Program END 

Create log file
2016-07-11 09:31:03Z on time future report... Program Start
2016-07-11 09:31:03Z on time future report... Program END 

Create log file
2016-07-11 09:36:03Z on time future report... Program Start
2016-07-11 09:36:03Z on time future report... Program END 

Create log file
2016-07-11 09:41:03Z on time future report... Program Start
2016-07-11 09:41:03Z on time future report... Program END 

Create log file
2016-07-11 09:46:03Z on time future report... Program Start
2016-07-11 09:46:03Z on time future report... Program END 

Create log file
2016-07-11 09:51:03Z on time future report... Program Start
2016-07-11 09:51:03Z on time future report... Program END 

Create log file
2016-07-11 09:56:04Z on time future report... Program Start
2016-07-11 09:56:04Z on time future report... Program END 

Create log file
2016-07-11 10:01:05Z on time future report... Program Start
2016-07-11 10:01:05Z on time future report... Program END 

Create log file
2016-07-11 10:01:05Z Send 國際股市==>  Program Start
2016-07-11 10:01:05Z Send 國際股市==>  Program END 

Create log file
2016-07-11 10:06:04Z on time future report... Program Start
2016-07-11 10:06:04Z on time future report... Program END 

Create log file
2016-07-11 10:11:03Z on time future report... Program Start
2016-07-11 10:11:03Z on time future report... Program END 

Create log file
2016-07-11 10:16:03Z on time future report... Program Start
2016-07-11 10:16:03Z on time future report... Program END 

Create log file
2016-07-11 10:21:05Z on time future report... Program Start
2016-07-11 10:21:05Z on time future report... Program END 

Create log file
2016-07-11 10:26:03Z on time future report... Program Start
2016-07-11 10:26:03Z on time future report... Program END 

Create log file
2016-07-11 10:31:04Z on time future report... Program Start
2016-07-11 10:31:04Z on time future report... Program END 

Create log file
2016-07-11 10:36:03Z on time future report... Program Start
2016-07-11 10:36:03Z on time future report... Program END 

Create log file
2016-07-11 10:41:08Z on time future report... Program Start
2016-07-11 10:41:08Z on time future report... Program END 

Create log file
2016-07-11 10:46:03Z on time future report... Program Start
2016-07-11 10:46:03Z on time future report... Program END 

Create log file
2016-07-11 10:51:03Z on time future report... Program Start
2016-07-11 10:51:03Z on time future report... Program END 

Create log file
2016-07-11 10:56:06Z on time future report... Program Start
2016-07-11 10:56:06Z on time future report... Program END 

Create log file
2016-07-11 11:01:04Z Send 國際股市==>  Program Start
2016-07-11 11:01:04Z Send 國際股市==>  Program END 

Create log file
2016-07-11 11:01:04Z on time future report... Program Start
2016-07-11 11:01:04Z on time future report... Program END 

Create log file
2016-07-11 11:06:03Z on time future report... Program Start
2016-07-11 11:06:03Z on time future report... Program END 

Create log file
2016-07-11 11:11:03Z on time future report... Program Start
2016-07-11 11:11:03Z on time future report... Program END 

Create log file
2016-07-11 11:16:03Z on time future report... Program Start
2016-07-11 11:16:03Z on time future report... Program END 

Create log file
2016-07-11 11:21:03Z on time future report... Program Start
2016-07-11 11:21:03Z on time future report... Program END 

Create log file
2016-07-11 11:26:03Z on time future report... Program Start
2016-07-11 11:26:03Z on time future report... Program END 

Create log file
2016-07-11 11:31:03Z on time future report... Program Start
2016-07-11 11:31:03Z on time future report... Program END 

Create log file
2016-07-11 11:36:04Z on time future report... Program Start
2016-07-11 11:36:04Z on time future report... Program END 

Create log file
2016-07-11 11:41:03Z on time future report... Program Start
2016-07-11 11:41:03Z on time future report... Program END 

Create log file
2016-07-11 11:46:03Z on time future report... Program Start
2016-07-11 11:46:03Z on time future report... Program END 

Create log file
2016-07-11 11:51:03Z on time future report... Program Start
2016-07-11 11:51:03Z on time future report... Program END 

Create log file
2016-07-11 11:56:05Z on time future report... Program Start
2016-07-11 11:56:05Z on time future report... Program END 

Create log file
2016-07-11 12:01:06Z Send 國際股市==>  Program Start
2016-07-11 12:01:06Z Send 國際股市==>  Program END 

Create log file
2016-07-11 12:01:08Z on time future report... Program Start
2016-07-11 12:01:08Z on time future report... Program END 

Create log file
2016-07-11 12:06:03Z on time future report... Program Start
2016-07-11 12:06:03Z on time future report... Program END 

Create log file
2016-07-11 12:11:03Z on time future report... Program Start
2016-07-11 12:11:03Z on time future report... Program END 

Create log file
2016-07-11 12:16:04Z on time future report... Program Start
2016-07-11 12:16:04Z on time future report... Program END 

Create log file
2016-07-11 12:21:04Z on time future report... Program Start
2016-07-11 12:21:04Z on time future report... Program END 

Create log file
2016-07-11 12:26:04Z on time future report... Program Start
2016-07-11 12:26:04Z on time future report... Program END 

Create log file
2016-07-11 12:31:03Z on time future report... Program Start
2016-07-11 12:31:03Z on time future report... Program END 

Create log file
2016-07-11 12:36:07Z on time future report... Program Start
2016-07-11 12:36:07Z on time future report... Program END 

Create log file
2016-07-11 12:41:03Z on time future report... Program Start
2016-07-11 12:41:03Z on time future report... Program END 

Create log file
2016-07-11 12:46:07Z on time future report... Program Start
2016-07-11 12:46:07Z on time future report... Program END 

Create log file
2016-07-11 12:51:03Z on time future report... Program Start
2016-07-11 12:51:03Z on time future report... Program END 

Create log file
2016-07-11 12:56:03Z on time future report... Program Start
2016-07-11 12:56:03Z on time future report... Program END 

Create log file
2016-07-11 13:01:04Z on time future report... Program Start
2016-07-11 13:01:04Z on time future report... Program END 

Create log file
2016-07-11 13:01:05Z Send 國際股市==>  Program Start
2016-07-11 13:01:05Z Send 國際股市==>  Program END 

Create log file
2016-07-11 13:06:08Z on time future report... Program Start
2016-07-11 13:06:08Z on time future report... Program END 

Create log file
2016-07-11 13:11:03Z on time future report... Program Start
2016-07-11 13:11:03Z on time future report... Program END 

Create log file
2016-07-11 13:21:03Z on time future report... Program Start
2016-07-11 13:21:03Z on time future report... Program END 

Create log file
2016-07-11 13:26:01Z on time future report... Program Start
2016-07-11 13:26:01Z on time future report... Program END 

Create log file
2016-07-11 13:31:05Z on time future report... Program Start
2016-07-11 13:31:05Z on time future report... Program END 

Create log file
2016-07-11 13:36:01Z on time future report... Program Start
2016-07-11 13:36:01Z on time future report... Program END 

Create log file
2016-07-11 13:41:01Z on time future report... Program Start
2016-07-11 13:41:01Z on time future report... Program END 

Create log file
2016-07-11 13:46:01Z on time future report... Program Start
2016-07-11 13:46:01Z on time future report... Program END 

Create log file
2016-07-11 14:01:04Z Send 國際股市==>  Program Start
2016-07-11 14:01:04Z Send 國際股市==>  Program END 

Create log file
2016-07-11 15:01:03Z Send 國際股市==>  Program Start
2016-07-11 15:01:03Z Send 國際股市==>  Program END 

Create log file
2016-07-11 15:50:18Z option_insert_daily Program Start
2016-07-11 15:50:18Z option_insert_daily Program END 

Create log file
2016-07-11 15:55:48Z Send Option_OIV_daily Program Start
2016-07-11 15:55:48Z Send Option_OIV_daily Program END 

Create log file
2016-07-11 16:01:04Z Send 國際股市==>  Program Start
2016-07-11 16:01:04Z Send 國際股市==>  Program END 

Create log file
2016-07-11 17:01:03Z Send 國際股市==>  Program Start
2016-07-11 17:01:03Z Send 國際股市==>  Program END 

Create log file
2016-07-11 18:01:04Z Send 國際股市==>  Program Start
2016-07-11 18:01:04Z Send 國際股市==>  Program END 

Create log file
2016-07-11 18:01:30Z Send 國際股市==>  Program Start
2016-07-11 18:01:30Z Send 國際股市==>  Program END 

Create log file
2016-07-11 18:01:52Z Send 國際股市==>  Program Start
2016-07-11 18:01:52Z Send 國際股市==>  Program END 

Create log file
2016-07-11 18:02:14Z Send 國際股市==>  Program Start
2016-07-11 18:02:14Z Send 國際股市==>  Program END 

Create log file
2016-07-11 18:02:37Z Send 國際股市==>  Program Start
2016-07-11 18:02:37Z Send 國際股市==>  Program END 

Create log file
2016-07-11 19:01:03Z Send 國際股市==>  Program Start
2016-07-11 19:01:03Z Send 國際股市==>  Program END 

Create log file
2016-07-11 19:01:30Z Send 國際股市==>  Program Start
2016-07-11 19:01:30Z Send 國際股市==>  Program END 

Create log file
2016-07-11 19:01:54Z Send 國際股市==>  Program Start
2016-07-11 19:01:54Z Send 國際股市==>  Program END 

Create log file
2016-07-11 19:02:15Z Send 國際股市==>  Program Start
2016-07-11 19:02:15Z Send 國際股市==>  Program END 

Create log file
2016-07-11 19:02:36Z Send 國際股市==>  Program Start
2016-07-11 19:02:36Z Send 國際股市==>  Program END 

Create log file
2016-07-11 19:02:59Z Send 國際股市==>  Program Start
2016-07-11 19:02:59Z Send 國際股市==>  Program END 

Create log file
2016-07-11 20:01:03Z Send 國際股市==>  Program Start
2016-07-11 20:01:03Z Send 國際股市==>  Program END 

Create log file
2016-07-11 20:10:04Z stock_data_daily_create_file Program Start
2016-07-11 20:10:04Z stock_data_daily_create_file Program END 

Create log file
2016-07-11 20:20:05Z stock_data_insert_daily Program Start
2016-07-11 20:20:05Z stock_data_insert_daily Program END 

Create log file
2016-07-11 20:30:08Z Send 股市氣象台電子報-今日我最夯<==Strong_UP==>  Program Start
2016-07-11 20:30:08Z Send 股市氣象台電子報-今日我最夯<==Strong_UP==>  Program END 

Create log file
2016-07-11 21:01:01Z Send 國際股市==>  Program Start
2016-07-11 21:01:01Z Send 國際股市==>  Program END 

Create log file
2016-07-11 22:01:01Z Send 國際股市==>  Program Start
2016-07-11 22:01:01Z Send 國際股市==>  Program END 

Create log file
2016-07-11 22:01:28Z Send 國際股市==>  Program Start
2016-07-11 22:01:28Z Send 國際股市==>  Program END 

Create log file
2016-07-11 22:01:50Z Send 國際股市==>  Program Start
2016-07-11 22:01:50Z Send 國際股市==>  Program END 

Create log file
2016-07-11 23:01:03Z Send 國際股市==>  Program Start
2016-07-11 23:01:03Z Send 國際股市==>  Program END 

