Create log file
2016-05-16 08:01:01Z Send 國際股市==>  Program Start
2016-05-16 08:01:01Z Send 國際股市==>  Program END 

Create log file
2016-05-16 08:01:28Z Send 國際股市==>  Program Start
2016-05-16 08:01:28Z Send 國際股市==>  Program END 

Create log file
2016-05-16 08:01:51Z Send 國際股市==>  Program Start
2016-05-16 08:01:51Z Send 國際股市==>  Program END 

Create log file
2016-05-16 08:02:14Z Send 國際股市==>  Program Start
2016-05-16 08:02:14Z Send 國際股市==>  Program END 

Create log file
2016-05-16 08:46:04Z on time future report... Program Start
2016-05-16 08:46:04Z on time future report... Program END 

Create log file
2016-05-16 08:51:03Z on time future report... Program Start
2016-05-16 08:51:03Z on time future report... Program END 

Create log file
2016-05-16 08:56:03Z on time future report... Program Start
2016-05-16 08:56:03Z on time future report... Program END 

Create log file
2016-05-16 09:01:01Z Send 國際股市==>  Program Start
2016-05-16 09:01:01Z Send 國際股市==>  Program END 

Create log file
2016-05-16 09:01:05Z on time future report... Program Start
2016-05-16 09:01:05Z on time future report... Program END 

Create log file
2016-05-16 09:06:03Z on time future report... Program Start
2016-05-16 09:06:03Z on time future report... Program END 

Create log file
2016-05-16 09:11:03Z on time future report... Program Start
2016-05-16 09:11:03Z on time future report... Program END 

Create log file
2016-05-16 09:21:04Z on time future report... Program Start
2016-05-16 09:21:04Z on time future report... Program END 

Create log file
2016-05-16 09:26:01Z on time future report... Program Start
2016-05-16 09:26:01Z on time future report... Program END 

Create log file
2016-05-16 09:31:05Z on time future report... Program Start
2016-05-16 09:31:05Z on time future report... Program END 

Create log file
2016-05-16 09:36:01Z on time future report... Program Start
2016-05-16 09:36:01Z on time future report... Program END 

Create log file
2016-05-16 09:41:02Z on time future report... Program Start
2016-05-16 09:41:02Z on time future report... Program END 

Create log file
2016-05-16 09:46:01Z on time future report... Program Start
2016-05-16 09:46:01Z on time future report... Program END 

Create log file
2016-05-16 09:51:01Z on time future report... Program Start
2016-05-16 09:51:01Z on time future report... Program END 

Create log file
2016-05-16 09:56:01Z on time future report... Program Start
2016-05-16 09:56:01Z on time future report... Program END 

Create log file
2016-05-16 10:01:02Z on time future report... Program Start
2016-05-16 10:01:02Z on time future report... Program END 

Create log file
2016-05-16 10:01:02Z Send 國際股市==>  Program Start
2016-05-16 10:01:02Z Send 國際股市==>  Program END 

Create log file
2016-05-16 10:06:01Z on time future report... Program Start
2016-05-16 10:06:01Z on time future report... Program END 

Create log file
2016-05-16 10:11:02Z on time future report... Program Start
2016-05-16 10:11:02Z on time future report... Program END 

Create log file
2016-05-16 10:16:00Z on time future report... Program Start
2016-05-16 10:16:00Z on time future report... Program END 

Create log file
2016-05-16 10:21:01Z on time future report... Program Start
2016-05-16 10:21:01Z on time future report... Program END 

Create log file
2016-05-16 10:26:01Z on time future report... Program Start
2016-05-16 10:26:01Z on time future report... Program END 

Create log file
2016-05-16 10:31:01Z on time future report... Program Start
2016-05-16 10:31:01Z on time future report... Program END 

Create log file
2016-05-16 10:36:02Z on time future report... Program Start
2016-05-16 10:36:02Z on time future report... Program END 

Create log file
2016-05-16 10:41:00Z on time future report... Program Start
2016-05-16 10:41:00Z on time future report... Program END 

Create log file
2016-05-16 10:46:01Z on time future report... Program Start
2016-05-16 10:46:01Z on time future report... Program END 

Create log file
2016-05-16 10:51:00Z on time future report... Program Start
2016-05-16 10:51:00Z on time future report... Program END 

Create log file
2016-05-16 10:56:01Z on time future report... Program Start
2016-05-16 10:56:01Z on time future report... Program END 

Create log file
2016-05-16 11:01:02Z on time future report... Program Start
2016-05-16 11:01:02Z on time future report... Program END 

Create log file
2016-05-16 11:01:02Z Send 國際股市==>  Program Start
2016-05-16 11:01:02Z Send 國際股市==>  Program END 

Create log file
2016-05-16 11:06:01Z on time future report... Program Start
2016-05-16 11:06:01Z on time future report... Program END 

Create log file
2016-05-16 11:11:01Z on time future report... Program Start
2016-05-16 11:11:01Z on time future report... Program END 

Create log file
2016-05-16 11:16:03Z on time future report... Program Start
2016-05-16 11:16:03Z on time future report... Program END 

Create log file
2016-05-16 11:21:01Z on time future report... Program Start
2016-05-16 11:21:01Z on time future report... Program END 

Create log file
2016-05-16 11:26:01Z on time future report... Program Start
2016-05-16 11:26:01Z on time future report... Program END 

Create log file
2016-05-16 11:31:02Z on time future report... Program Start
2016-05-16 11:31:02Z on time future report... Program END 

Create log file
2016-05-16 11:36:01Z on time future report... Program Start
2016-05-16 11:36:01Z on time future report... Program END 

Create log file
2016-05-16 11:41:01Z on time future report... Program Start
2016-05-16 11:41:01Z on time future report... Program END 

Create log file
2016-05-16 11:46:01Z on time future report... Program Start
2016-05-16 11:46:01Z on time future report... Program END 

Create log file
2016-05-16 11:51:01Z on time future report... Program Start
2016-05-16 11:51:01Z on time future report... Program END 

Create log file
2016-05-16 11:56:03Z on time future report... Program Start
2016-05-16 11:56:03Z on time future report... Program END 

Create log file
2016-05-16 12:01:02Z on time future report... Program Start
2016-05-16 12:01:02Z on time future report... Program END 

Create log file
2016-05-16 12:01:02Z Send 國際股市==>  Program Start
2016-05-16 12:01:02Z Send 國際股市==>  Program END 

Create log file
2016-05-16 12:06:04Z on time future report... Program Start
2016-05-16 12:06:04Z on time future report... Program END 

Create log file
2016-05-16 12:11:01Z on time future report... Program Start
2016-05-16 12:11:01Z on time future report... Program END 

Create log file
2016-05-16 12:16:03Z on time future report... Program Start
2016-05-16 12:16:03Z on time future report... Program END 

Create log file
2016-05-16 12:21:03Z on time future report... Program Start
2016-05-16 12:21:03Z on time future report... Program END 

Create log file
2016-05-16 12:26:01Z on time future report... Program Start
2016-05-16 12:26:01Z on time future report... Program END 

Create log file
2016-05-16 12:31:02Z on time future report... Program Start
2016-05-16 12:31:02Z on time future report... Program END 

Create log file
2016-05-16 12:36:01Z on time future report... Program Start
2016-05-16 12:36:01Z on time future report... Program END 

Create log file
2016-05-16 12:41:02Z on time future report... Program Start
2016-05-16 12:41:02Z on time future report... Program END 

Create log file
2016-05-16 12:46:01Z on time future report... Program Start
2016-05-16 12:46:01Z on time future report... Program END 

Create log file
2016-05-16 12:51:03Z on time future report... Program Start
2016-05-16 12:51:03Z on time future report... Program END 

Create log file
2016-05-16 12:56:01Z on time future report... Program Start
2016-05-16 12:56:01Z on time future report... Program END 

Create log file
2016-05-16 13:01:02Z Send 國際股市==>  Program Start
2016-05-16 13:01:02Z Send 國際股市==>  Program END 

Create log file
2016-05-16 13:01:03Z on time future report... Program Start
2016-05-16 13:01:03Z on time future report... Program END 

Create log file
2016-05-16 13:06:01Z on time future report... Program Start
2016-05-16 13:06:01Z on time future report... Program END 

Create log file
2016-05-16 13:11:00Z on time future report... Program Start
2016-05-16 13:11:00Z on time future report... Program END 

Create log file
2016-05-16 13:16:02Z on time future report... Program Start
2016-05-16 13:16:02Z on time future report... Program END 

Create log file
2016-05-16 13:21:01Z on time future report... Program Start
2016-05-16 13:21:01Z on time future report... Program END 

Create log file
2016-05-16 13:26:02Z on time future report... Program Start
2016-05-16 13:26:02Z on time future report... Program END 

Create log file
2016-05-16 13:31:00Z on time future report... Program Start
2016-05-16 13:31:00Z on time future report... Program END 

Create log file
2016-05-16 13:36:01Z on time future report... Program Start
2016-05-16 13:36:01Z on time future report... Program END 

Create log file
2016-05-16 13:41:00Z on time future report... Program Start
2016-05-16 13:41:00Z on time future report... Program END 

Create log file
2016-05-16 13:46:00Z on time future report... Program Start
2016-05-16 13:46:00Z on time future report... Program END 

Create log file
2016-05-16 14:01:01Z Send 國際股市==>  Program Start
2016-05-16 14:01:01Z Send 國際股市==>  Program END 

Create log file
2016-05-16 15:01:01Z Send 國際股市==>  Program Start
2016-05-16 15:01:01Z Send 國際股市==>  Program END 

Create log file
2016-05-16 15:50:16Z option_insert_daily Program Start
2016-05-16 15:50:16Z option_insert_daily Program END 

Create log file
2016-05-16 15:55:46Z Send Option_OIV_daily Program Start
2016-05-16 15:55:46Z Send Option_OIV_daily Program END 

Create log file
2016-05-16 16:01:01Z Send 國際股市==>  Program Start
2016-05-16 16:01:01Z Send 國際股市==>  Program END 

Create log file
2016-05-16 17:01:01Z Send 國際股市==>  Program Start
2016-05-16 17:01:01Z Send 國際股市==>  Program END 

Create log file
2016-05-16 18:01:01Z Send 國際股市==>  Program Start
2016-05-16 18:01:01Z Send 國際股市==>  Program END 

Create log file
2016-05-16 18:01:27Z Send 國際股市==>  Program Start
2016-05-16 18:01:27Z Send 國際股市==>  Program END 

Create log file
2016-05-16 18:01:49Z Send 國際股市==>  Program Start
2016-05-16 18:01:49Z Send 國際股市==>  Program END 

Create log file
2016-05-16 18:02:11Z Send 國際股市==>  Program Start
2016-05-16 18:02:11Z Send 國際股市==>  Program END 

Create log file
2016-05-16 18:02:32Z Send 國際股市==>  Program Start
2016-05-16 18:02:32Z Send 國際股市==>  Program END 

Create log file
2016-05-16 19:01:01Z Send 國際股市==>  Program Start
2016-05-16 19:01:01Z Send 國際股市==>  Program END 

Create log file
2016-05-16 19:01:27Z Send 國際股市==>  Program Start
2016-05-16 19:01:27Z Send 國際股市==>  Program END 

Create log file
2016-05-16 19:01:50Z Send 國際股市==>  Program Start
2016-05-16 19:01:50Z Send 國際股市==>  Program END 

Create log file
2016-05-16 19:02:11Z Send 國際股市==>  Program Start
2016-05-16 19:02:11Z Send 國際股市==>  Program END 

Create log file
2016-05-16 19:02:33Z Send 國際股市==>  Program Start
2016-05-16 19:02:33Z Send 國際股市==>  Program END 

Create log file
2016-05-16 20:01:01Z Send 國際股市==>  Program Start
2016-05-16 20:01:01Z Send 國際股市==>  Program END 

Create log file
2016-05-16 20:10:06Z stock_data_daily_create_file Program Start
2016-05-16 20:10:06Z stock_data_daily_create_file Program END 

Create log file
2016-05-16 20:20:01Z stock_data_insert_daily Program Start
2016-05-16 20:20:01Z stock_data_insert_daily Program END 

Create log file
2016-05-16 20:30:07Z Send 股市氣象台電子報-今日我最夯<==Strong_UP==>  Program Start
2016-05-16 20:30:07Z Send 股市氣象台電子報-今日我最夯<==Strong_UP==>  Program END 

Create log file
2016-05-16 21:01:01Z Send 國際股市==>  Program Start
2016-05-16 21:01:01Z Send 國際股市==>  Program END 

Create log file
2016-05-16 22:01:01Z Send 國際股市==>  Program Start
2016-05-16 22:01:01Z Send 國際股市==>  Program END 

Create log file
2016-05-16 22:01:28Z Send 國際股市==>  Program Start
2016-05-16 22:01:28Z Send 國際股市==>  Program END 

Create log file
2016-05-16 22:01:50Z Send 國際股市==>  Program Start
2016-05-16 22:01:50Z Send 國際股市==>  Program END 

Create log file
2016-05-16 23:01:01Z Send 國際股市==>  Program Start
2016-05-16 23:01:01Z Send 國際股市==>  Program END 

