Create log file
2016-12-21 00:01:03Z Send 國際股市==>  Program Start
2016-12-21 00:01:03Z Send 國際股市==>  Program END 

Create log file
2016-12-21 01:01:03Z Send 國際股市==>  Program Start
2016-12-21 01:01:03Z Send 國際股市==>  Program END 

Create log file
2016-12-21 08:01:03Z Send 國際股市==>  Program Start
2016-12-21 08:01:03Z Send 國際股市==>  Program END 

Create log file
2016-12-21 08:01:29Z Send 國際股市==>  Program Start
2016-12-21 08:01:29Z Send 國際股市==>  Program END 

Create log file
2016-12-21 08:01:52Z Send 國際股市==>  Program Start
2016-12-21 08:01:52Z Send 國際股市==>  Program END 

Create log file
2016-12-21 08:02:14Z Send 國際股市==>  Program Start
2016-12-21 08:02:14Z Send 國際股市==>  Program END 

Create log file
2016-12-21 08:46:04Z on time future report... Program Start
2016-12-21 08:46:04Z on time future report... Program END 

Create log file
2016-12-21 08:51:03Z on time future report... Program Start
2016-12-21 08:51:03Z on time future report... Program END 

Create log file
2016-12-21 08:56:04Z on time future report... Program Start
2016-12-21 08:56:04Z on time future report... Program END 

Create log file
2016-12-21 09:01:04Z Send 國際股市==>  Program Start
2016-12-21 09:01:04Z Send 國際股市==>  Program END 

Create log file
2016-12-21 09:01:05Z on time future report... Program Start
2016-12-21 09:01:05Z on time future report... Program END 

Create log file
2016-12-21 09:06:04Z on time future report... Program Start
2016-12-21 09:06:04Z on time future report... Program END 

Create log file
2016-12-21 09:11:03Z on time future report... Program Start
2016-12-21 09:11:03Z on time future report... Program END 

Create log file
2016-12-21 09:16:04Z on time future report... Program Start
2016-12-21 09:16:04Z on time future report... Program END 

Create log file
2016-12-21 09:21:03Z on time future report... Program Start
2016-12-21 09:21:03Z on time future report... Program END 

Create log file
2016-12-21 09:26:03Z on time future report... Program Start
2016-12-21 09:26:03Z on time future report... Program END 

Create log file
2016-12-21 09:31:03Z on time future report... Program Start
2016-12-21 09:31:03Z on time future report... Program END 

Create log file
2016-12-21 09:36:04Z on time future report... Program Start
2016-12-21 09:36:04Z on time future report... Program END 

Create log file
2016-12-21 09:41:05Z on time future report... Program Start
2016-12-21 09:41:05Z on time future report... Program END 

Create log file
2016-12-21 09:46:03Z on time future report... Program Start
2016-12-21 09:46:03Z on time future report... Program END 

Create log file
2016-12-21 09:51:03Z on time future report... Program Start
2016-12-21 09:51:03Z on time future report... Program END 

Create log file
2016-12-21 09:56:03Z on time future report... Program Start
2016-12-21 09:56:03Z on time future report... Program END 

Create log file
2016-12-21 10:01:03Z Send 國際股市==>  Program Start
2016-12-21 10:01:03Z Send 國際股市==>  Program END 

Create log file
2016-12-21 10:01:08Z on time future report... Program Start
2016-12-21 10:01:08Z on time future report... Program END 

Create log file
2016-12-21 10:06:05Z on time future report... Program Start
2016-12-21 10:06:05Z on time future report... Program END 

Create log file
2016-12-21 10:11:03Z on time future report... Program Start
2016-12-21 10:11:03Z on time future report... Program END 

Create log file
2016-12-21 10:16:04Z on time future report... Program Start
2016-12-21 10:16:04Z on time future report... Program END 

Create log file
2016-12-21 10:21:03Z on time future report... Program Start
2016-12-21 10:21:03Z on time future report... Program END 

Create log file
2016-12-21 10:26:03Z on time future report... Program Start
2016-12-21 10:26:03Z on time future report... Program END 

Create log file
2016-12-21 10:31:04Z on time future report... Program Start
2016-12-21 10:31:04Z on time future report... Program END 

Create log file
2016-12-21 10:36:03Z on time future report... Program Start
2016-12-21 10:36:03Z on time future report... Program END 

Create log file
2016-12-21 10:41:07Z on time future report... Program Start
2016-12-21 10:41:07Z on time future report... Program END 

Create log file
2016-12-21 10:46:03Z on time future report... Program Start
2016-12-21 10:46:03Z on time future report... Program END 

Create log file
2016-12-21 10:51:03Z on time future report... Program Start
2016-12-21 10:51:03Z on time future report... Program END 

Create log file
2016-12-21 10:56:03Z on time future report... Program Start
2016-12-21 10:56:03Z on time future report... Program END 

Create log file
2016-12-21 11:01:03Z Send 國際股市==>  Program Start
2016-12-21 11:01:03Z Send 國際股市==>  Program END 

Create log file
2016-12-21 11:01:04Z on time future report... Program Start
2016-12-21 11:01:04Z on time future report... Program END 

Create log file
2016-12-21 11:06:03Z on time future report... Program Start
2016-12-21 11:06:03Z on time future report... Program END 

Create log file
2016-12-21 11:11:03Z on time future report... Program Start
2016-12-21 11:11:03Z on time future report... Program END 

Create log file
2016-12-21 11:16:03Z on time future report... Program Start
2016-12-21 11:16:03Z on time future report... Program END 

Create log file
2016-12-21 11:21:03Z on time future report... Program Start
2016-12-21 11:21:03Z on time future report... Program END 

Create log file
2016-12-21 11:26:03Z on time future report... Program Start
2016-12-21 11:26:03Z on time future report... Program END 

Create log file
2016-12-21 11:31:04Z on time future report... Program Start
2016-12-21 11:31:04Z on time future report... Program END 

Create log file
2016-12-21 11:36:03Z on time future report... Program Start
2016-12-21 11:36:03Z on time future report... Program END 

Create log file
2016-12-21 11:41:03Z on time future report... Program Start
2016-12-21 11:41:03Z on time future report... Program END 

Create log file
2016-12-21 11:46:03Z on time future report... Program Start
2016-12-21 11:46:03Z on time future report... Program END 

Create log file
2016-12-21 11:51:03Z on time future report... Program Start
2016-12-21 11:51:03Z on time future report... Program END 

Create log file
2016-12-21 11:56:03Z on time future report... Program Start
2016-12-21 11:56:03Z on time future report... Program END 

Create log file
2016-12-21 12:01:04Z Send 國際股市==>  Program Start
2016-12-21 12:01:04Z Send 國際股市==>  Program END 

Create log file
2016-12-21 12:01:07Z on time future report... Program Start
2016-12-21 12:01:07Z on time future report... Program END 

Create log file
2016-12-21 12:06:03Z on time future report... Program Start
2016-12-21 12:06:03Z on time future report... Program END 

Create log file
2016-12-21 12:11:03Z on time future report... Program Start
2016-12-21 12:11:03Z on time future report... Program END 

Create log file
2016-12-21 12:16:05Z on time future report... Program Start
2016-12-21 12:16:05Z on time future report... Program END 

Create log file
2016-12-21 12:21:04Z on time future report... Program Start
2016-12-21 12:21:04Z on time future report... Program END 

Create log file
2016-12-21 12:26:03Z on time future report... Program Start
2016-12-21 12:26:03Z on time future report... Program END 

Create log file
2016-12-21 12:31:04Z on time future report... Program Start
2016-12-21 12:31:04Z on time future report... Program END 

Create log file
2016-12-21 12:36:03Z on time future report... Program Start
2016-12-21 12:36:03Z on time future report... Program END 

Create log file
2016-12-21 12:41:03Z on time future report... Program Start
2016-12-21 12:41:03Z on time future report... Program END 

Create log file
2016-12-21 12:46:03Z on time future report... Program Start
2016-12-21 12:46:03Z on time future report... Program END 

Create log file
2016-12-21 12:51:03Z on time future report... Program Start
2016-12-21 12:51:03Z on time future report... Program END 

Create log file
2016-12-21 12:56:03Z on time future report... Program Start
2016-12-21 12:56:03Z on time future report... Program END 

Create log file
2016-12-21 13:01:03Z Send 國際股市==>  Program Start
2016-12-21 13:01:03Z Send 國際股市==>  Program END 

Create log file
2016-12-21 13:01:04Z on time future report... Program Start
2016-12-21 13:01:04Z on time future report... Program END 

Create log file
2016-12-21 13:06:03Z on time future report... Program Start
2016-12-21 13:06:03Z on time future report... Program END 

Create log file
2016-12-21 13:11:03Z on time future report... Program Start
2016-12-21 13:11:03Z on time future report... Program END 

Create log file
2016-12-21 13:16:03Z on time future report... Program Start
2016-12-21 13:16:03Z on time future report... Program END 

Create log file
2016-12-21 13:21:03Z on time future report... Program Start
2016-12-21 13:21:03Z on time future report... Program END 

Create log file
2016-12-21 13:26:03Z on time future report... Program Start
2016-12-21 13:26:03Z on time future report... Program END 

Create log file
2016-12-21 13:31:03Z on time future report... Program Start
2016-12-21 13:31:03Z on time future report... Program END 

Create log file
2016-12-21 13:36:03Z on time future report... Program Start
2016-12-21 13:36:03Z on time future report... Program END 

Create log file
2016-12-21 13:41:04Z on time future report... Program Start
2016-12-21 13:41:04Z on time future report... Program END 

Create log file
2016-12-21 13:46:03Z on time future report... Program Start
2016-12-21 13:46:03Z on time future report... Program END 

Create log file
2016-12-21 13:52:53Z Query Stock_id is 2371 Program Start
2016-12-21 13:52:53Z Query Stock_id is 2371 Program END 

Create log file
2016-12-21 13:52:53Z Query Stock_id is 2461 Program Start
2016-12-21 13:52:53Z Query Stock_id is 2461 Program END 

Create log file
2016-12-21 13:52:53Z Query Stock_id is 2002 Program Start
2016-12-21 13:52:53Z Query Stock_id is 2002 Program END 

Create log file
2016-12-21 13:52:53Z Query Stock_id is 1704 Program Start
2016-12-21 13:52:53Z Query Stock_id is 1704 Program END 

Create log file
2016-12-21 13:52:54Z Query Stock_id is 2317 Program Start
2016-12-21 13:52:54Z Query Stock_id is 2317 Program END 

Create log file
2016-12-21 13:53:18Z Query Stock_id is 2882 Program Start
2016-12-21 13:53:18Z Query Stock_id is 2882 Program END 

Create log file
2016-12-21 13:53:18Z Query Stock_id is 2881 Program Start
2016-12-21 13:53:18Z Query Stock_id is 2881 Program END 

Create log file
2016-12-21 14:01:02Z Send 國際股市==>  Program Start
2016-12-21 14:01:02Z Send 國際股市==>  Program END 

Create log file
2016-12-21 15:01:02Z Send 國際股市==>  Program Start
2016-12-21 15:01:02Z Send 國際股市==>  Program END 

Create log file
2016-12-21 15:50:19Z option_insert_daily Program Start
2016-12-21 15:50:19Z option_insert_daily Program END 

Create log file
2016-12-21 15:56:28Z Send Option_OIV_daily Program Start
2016-12-21 15:56:28Z Send Option_OIV_daily Program END 

Create log file
2016-12-21 16:01:03Z Send 國際股市==>  Program Start
2016-12-21 16:01:03Z Send 國際股市==>  Program END 

Create log file
2016-12-21 16:48:26Z Query Stock_id is 2371 Program Start
2016-12-21 16:48:26Z Query Stock_id is 2371 Program END 

Create log file
2016-12-21 16:48:26Z Query Stock_id is 2461 Program Start
2016-12-21 16:48:26Z Query Stock_id is 2461 Program END 

Create log file
2016-12-21 16:48:26Z Query Stock_id is 2002 Program Start
2016-12-21 16:48:26Z Query Stock_id is 2002 Program END 

Create log file
2016-12-21 16:48:26Z Query Stock_id is 1704 Program Start
2016-12-21 16:48:26Z Query Stock_id is 1704 Program END 

Create log file
2016-12-21 16:48:26Z Query Stock_id is 2317 Program Start
2016-12-21 16:48:26Z Query Stock_id is 2317 Program END 

Create log file
2016-12-21 16:48:47Z Query Stock_id is 2882 Program Start
2016-12-21 16:48:47Z Query Stock_id is 2882 Program END 

Create log file
2016-12-21 16:48:47Z Query Stock_id is 2881 Program Start
2016-12-21 16:48:47Z Query Stock_id is 2881 Program END 

Create log file
2016-12-21 16:48:51Z Query Stock_id is 2371 Program Start
2016-12-21 16:48:51Z Query Stock_id is 2371 Program END 

Create log file
2016-12-21 16:48:51Z Query Stock_id is 2461 Program Start
2016-12-21 16:48:51Z Query Stock_id is 2461 Program END 

Create log file
2016-12-21 16:48:51Z Query Stock_id is 2002 Program Start
2016-12-21 16:48:51Z Query Stock_id is 2002 Program END 

Create log file
2016-12-21 16:48:51Z Query Stock_id is 1704 Program Start
2016-12-21 16:48:51Z Query Stock_id is 1704 Program END 

Create log file
2016-12-21 16:48:51Z Query Stock_id is 2317 Program Start
2016-12-21 16:48:51Z Query Stock_id is 2317 Program END 

Create log file
2016-12-21 16:48:51Z Query Stock_id is 2882 Program Start
2016-12-21 16:48:51Z Query Stock_id is 2882 Program END 

Create log file
2016-12-21 16:48:51Z Query Stock_id is 2881 Program Start
2016-12-21 16:48:51Z Query Stock_id is 2881 Program END 

Create log file
2016-12-21 17:01:03Z Send 國際股市==>  Program Start
2016-12-21 17:01:03Z Send 國際股市==>  Program END 

Create log file
2016-12-21 18:01:02Z Send 國際股市==>  Program Start
2016-12-21 18:01:02Z Send 國際股市==>  Program END 

Create log file
2016-12-21 18:01:26Z Send 國際股市==>  Program Start
2016-12-21 18:01:26Z Send 國際股市==>  Program END 

Create log file
2016-12-21 18:01:48Z Send 國際股市==>  Program Start
2016-12-21 18:01:48Z Send 國際股市==>  Program END 

Create log file
2016-12-21 18:02:10Z Send 國際股市==>  Program Start
2016-12-21 18:02:10Z Send 國際股市==>  Program END 

Create log file
2016-12-21 18:02:33Z Send 國際股市==>  Program Start
2016-12-21 18:02:33Z Send 國際股市==>  Program END 

Create log file
2016-12-21 19:01:03Z Send 國際股市==>  Program Start
2016-12-21 19:01:03Z Send 國際股市==>  Program END 

Create log file
2016-12-21 19:01:30Z Send 國際股市==>  Program Start
2016-12-21 19:01:30Z Send 國際股市==>  Program END 

Create log file
2016-12-21 19:01:55Z Send 國際股市==>  Program Start
2016-12-21 19:01:55Z Send 國際股市==>  Program END 

Create log file
2016-12-21 19:02:16Z Send 國際股市==>  Program Start
2016-12-21 19:02:16Z Send 國際股市==>  Program END 

Create log file
2016-12-21 19:02:39Z Send 國際股市==>  Program Start
2016-12-21 19:02:39Z Send 國際股市==>  Program END 

Create log file
2016-12-21 19:03:00Z Send 國際股市==>  Program Start
2016-12-21 19:03:00Z Send 國際股市==>  Program END 

Create log file
2016-12-21 19:03:23Z Send 國際股市==>  Program Start
2016-12-21 19:03:23Z Send 國際股市==>  Program END 

Create log file
2016-12-21 20:01:02Z Send 國際股市==>  Program Start
2016-12-21 20:01:02Z Send 國際股市==>  Program END 

Create log file
2016-12-21 20:10:04Z stock_data_daily_create_file Program Start
2016-12-21 20:10:04Z stock_data_daily_create_file Program END 

Create log file
2016-12-21 20:20:04Z stock_data_insert_daily Program Start
2016-12-21 20:20:04Z stock_data_insert_daily Program END 

Create log file
2016-12-21 20:30:09Z Send 股市氣象台電子報-今日我最夯<==Strong_UP==>  Program Start
2016-12-21 20:30:09Z Send 股市氣象台電子報-今日我最夯<==Strong_UP==>  Program END 

Create log file
2016-12-21 21:01:02Z Send 國際股市==>  Program Start
2016-12-21 21:01:02Z Send 國際股市==>  Program END 

Create log file
2016-12-21 22:01:01Z Send 國際股市==>  Program Start
2016-12-21 22:01:01Z Send 國際股市==>  Program END 

Create log file
2016-12-21 22:01:27Z Send 國際股市==>  Program Start
2016-12-21 22:01:27Z Send 國際股市==>  Program END 

Create log file
2016-12-21 22:01:50Z Send 國際股市==>  Program Start
2016-12-21 22:01:50Z Send 國際股市==>  Program END 

Create log file
2016-12-21 23:01:01Z Send 國際股市==>  Program Start
2016-12-21 23:01:01Z Send 國際股市==>  Program END 

Create log file
2016-12-21 23:01:26Z Send 國際股市==>  Program Start
2016-12-21 23:01:26Z Send 國際股市==>  Program END 

