Create log file
2016-07-25 08:01:04Z Send 國際股市==>  Program Start
2016-07-25 08:01:04Z Send 國際股市==>  Program END 

Create log file
2016-07-25 08:01:32Z Send 國際股市==>  Program Start
2016-07-25 08:01:32Z Send 國際股市==>  Program END 

Create log file
2016-07-25 08:01:54Z Send 國際股市==>  Program Start
2016-07-25 08:01:54Z Send 國際股市==>  Program END 

Create log file
2016-07-25 08:02:16Z Send 國際股市==>  Program Start
2016-07-25 08:02:16Z Send 國際股市==>  Program END 

Create log file
2016-07-25 08:46:03Z on time future report... Program Start
2016-07-25 08:46:03Z on time future report... Program END 

Create log file
2016-07-25 08:51:03Z on time future report... Program Start
2016-07-25 08:51:03Z on time future report... Program END 

Create log file
2016-07-25 08:56:03Z on time future report... Program Start
2016-07-25 08:56:03Z on time future report... Program END 

Create log file
2016-07-25 09:01:04Z Send 國際股市==>  Program Start
2016-07-25 09:01:04Z Send 國際股市==>  Program END 

Create log file
2016-07-25 09:01:05Z on time future report... Program Start
2016-07-25 09:01:05Z on time future report... Program END 

Create log file
2016-07-25 09:06:03Z on time future report... Program Start
2016-07-25 09:06:03Z on time future report... Program END 

Create log file
2016-07-25 09:11:03Z on time future report... Program Start
2016-07-25 09:11:03Z on time future report... Program END 

Create log file
2016-07-25 09:16:03Z on time future report... Program Start
2016-07-25 09:16:03Z on time future report... Program END 

Create log file
2016-07-25 09:21:03Z on time future report... Program Start
2016-07-25 09:21:03Z on time future report... Program END 

Create log file
2016-07-25 09:31:01Z on time future report... Program Start
2016-07-25 09:31:01Z on time future report... Program END 

Create log file
2016-07-25 09:36:01Z on time future report... Program Start
2016-07-25 09:36:01Z on time future report... Program END 

Create log file
2016-07-25 09:41:02Z on time future report... Program Start
2016-07-25 09:41:02Z on time future report... Program END 

Create log file
2016-07-25 09:46:02Z on time future report... Program Start
2016-07-25 09:46:02Z on time future report... Program END 

Create log file
2016-07-25 09:51:01Z on time future report... Program Start
2016-07-25 09:51:01Z on time future report... Program END 

Create log file
2016-07-25 09:56:01Z on time future report... Program Start
2016-07-25 09:56:01Z on time future report... Program END 

Create log file
2016-07-25 10:01:04Z Send 國際股市==>  Program Start
2016-07-25 10:01:04Z Send 國際股市==>  Program END 

Create log file
2016-07-25 10:06:01Z on time future report... Program Start
2016-07-25 10:06:01Z on time future report... Program END 

Create log file
2016-07-25 10:11:01Z on time future report... Program Start
2016-07-25 10:11:01Z on time future report... Program END 

Create log file
2016-07-25 10:16:01Z on time future report... Program Start
2016-07-25 10:16:01Z on time future report... Program END 

Create log file
2016-07-25 10:21:01Z on time future report... Program Start
2016-07-25 10:21:01Z on time future report... Program END 

Create log file
2016-07-25 10:26:01Z on time future report... Program Start
2016-07-25 10:26:01Z on time future report... Program END 

Create log file
2016-07-25 10:31:01Z on time future report... Program Start
2016-07-25 10:31:01Z on time future report... Program END 

Create log file
2016-07-25 10:36:01Z on time future report... Program Start
2016-07-25 10:36:01Z on time future report... Program END 

Create log file
2016-07-25 10:41:00Z on time future report... Program Start
2016-07-25 10:41:00Z on time future report... Program END 

Create log file
2016-07-25 10:46:01Z on time future report... Program Start
2016-07-25 10:46:01Z on time future report... Program END 

Create log file
2016-07-25 10:51:01Z on time future report... Program Start
2016-07-25 10:51:01Z on time future report... Program END 

Create log file
2016-07-25 10:56:01Z on time future report... Program Start
2016-07-25 10:56:01Z on time future report... Program END 

Create log file
2016-07-25 11:01:04Z Send 國際股市==>  Program Start
2016-07-25 11:01:04Z Send 國際股市==>  Program END 

Create log file
2016-07-25 11:01:04Z on time future report... Program Start
2016-07-25 11:01:04Z on time future report... Program END 

Create log file
2016-07-25 11:06:02Z on time future report... Program Start
2016-07-25 11:06:02Z on time future report... Program END 

Create log file
2016-07-25 11:11:01Z on time future report... Program Start
2016-07-25 11:11:01Z on time future report... Program END 

Create log file
2016-07-25 11:16:00Z on time future report... Program Start
2016-07-25 11:16:00Z on time future report... Program END 

Create log file
2016-07-25 11:21:01Z on time future report... Program Start
2016-07-25 11:21:01Z on time future report... Program END 

Create log file
2016-07-25 11:26:04Z on time future report... Program Start
2016-07-25 11:26:04Z on time future report... Program END 

Create log file
2016-07-25 11:31:01Z on time future report... Program Start
2016-07-25 11:31:01Z on time future report... Program END 

Create log file
2016-07-25 11:36:01Z on time future report... Program Start
2016-07-25 11:36:01Z on time future report... Program END 

Create log file
2016-07-25 11:41:02Z on time future report... Program Start
2016-07-25 11:41:02Z on time future report... Program END 

Create log file
2016-07-25 11:46:01Z on time future report... Program Start
2016-07-25 11:46:01Z on time future report... Program END 

Create log file
2016-07-25 11:51:01Z on time future report... Program Start
2016-07-25 11:51:01Z on time future report... Program END 

Create log file
2016-07-25 11:56:01Z on time future report... Program Start
2016-07-25 11:56:01Z on time future report... Program END 

Create log file
2016-07-25 12:01:02Z on time future report... Program Start
2016-07-25 12:01:02Z on time future report... Program END 

Create log file
2016-07-25 12:06:00Z on time future report... Program Start
2016-07-25 12:06:00Z on time future report... Program END 

Create log file
2016-07-25 12:11:02Z on time future report... Program Start
2016-07-25 12:11:02Z on time future report... Program END 

Create log file
2016-07-25 12:16:01Z on time future report... Program Start
2016-07-25 12:16:01Z on time future report... Program END 

Create log file
2016-07-25 12:21:01Z on time future report... Program Start
2016-07-25 12:21:01Z on time future report... Program END 

Create log file
2016-07-25 12:26:01Z on time future report... Program Start
2016-07-25 12:26:01Z on time future report... Program END 

Create log file
2016-07-25 12:31:00Z on time future report... Program Start
2016-07-25 12:31:00Z on time future report... Program END 

Create log file
2016-07-25 12:36:01Z on time future report... Program Start
2016-07-25 12:36:01Z on time future report... Program END 

Create log file
2016-07-25 12:41:01Z on time future report... Program Start
2016-07-25 12:41:01Z on time future report... Program END 

Create log file
2016-07-25 12:46:01Z on time future report... Program Start
2016-07-25 12:46:01Z on time future report... Program END 

Create log file
2016-07-25 12:51:01Z on time future report... Program Start
2016-07-25 12:51:01Z on time future report... Program END 

Create log file
2016-07-25 12:56:00Z on time future report... Program Start
2016-07-25 12:56:00Z on time future report... Program END 

Create log file
2016-07-25 13:01:02Z on time future report... Program Start
2016-07-25 13:01:02Z on time future report... Program END 

Create log file
2016-07-25 13:01:05Z Send 國際股市==>  Program Start
2016-07-25 13:01:05Z Send 國際股市==>  Program END 

Create log file
2016-07-25 13:06:02Z on time future report... Program Start
2016-07-25 13:06:02Z on time future report... Program END 

Create log file
2016-07-25 13:11:01Z on time future report... Program Start
2016-07-25 13:11:01Z on time future report... Program END 

Create log file
2016-07-25 13:16:00Z on time future report... Program Start
2016-07-25 13:16:00Z on time future report... Program END 

Create log file
2016-07-25 13:21:01Z on time future report... Program Start
2016-07-25 13:21:01Z on time future report... Program END 

Create log file
2016-07-25 13:26:01Z on time future report... Program Start
2016-07-25 13:26:01Z on time future report... Program END 

Create log file
2016-07-25 13:31:00Z on time future report... Program Start
2016-07-25 13:31:00Z on time future report... Program END 

Create log file
2016-07-25 13:36:01Z on time future report... Program Start
2016-07-25 13:36:01Z on time future report... Program END 

Create log file
2016-07-25 13:41:01Z on time future report... Program Start
2016-07-25 13:41:01Z on time future report... Program END 

Create log file
2016-07-25 13:46:01Z on time future report... Program Start
2016-07-25 13:46:01Z on time future report... Program END 

Create log file
2016-07-25 14:01:02Z Send 國際股市==>  Program Start
2016-07-25 14:01:02Z Send 國際股市==>  Program END 

Create log file
2016-07-25 15:01:03Z Send 國際股市==>  Program Start
2016-07-25 15:01:03Z Send 國際股市==>  Program END 

Create log file
2016-07-25 15:50:18Z option_insert_daily Program Start
2016-07-25 15:50:18Z option_insert_daily Program END 

Create log file
2016-07-25 15:55:49Z Send Option_OIV_daily Program Start
2016-07-25 15:55:49Z Send Option_OIV_daily Program END 

Create log file
2016-07-25 17:01:01Z Send 國際股市==>  Program Start
2016-07-25 17:01:01Z Send 國際股市==>  Program END 

Create log file
2016-07-25 18:01:01Z Send 國際股市==>  Program Start
2016-07-25 18:01:01Z Send 國際股市==>  Program END 

Create log file
2016-07-25 18:01:28Z Send 國際股市==>  Program Start
2016-07-25 18:01:28Z Send 國際股市==>  Program END 

Create log file
2016-07-25 18:01:49Z Send 國際股市==>  Program Start
2016-07-25 18:01:49Z Send 國際股市==>  Program END 

Create log file
2016-07-25 18:02:11Z Send 國際股市==>  Program Start
2016-07-25 18:02:11Z Send 國際股市==>  Program END 

Create log file
2016-07-25 18:02:34Z Send 國際股市==>  Program Start
2016-07-25 18:02:34Z Send 國際股市==>  Program END 

Create log file
2016-07-25 19:01:01Z Send 國際股市==>  Program Start
2016-07-25 19:01:01Z Send 國際股市==>  Program END 

Create log file
2016-07-25 19:01:27Z Send 國際股市==>  Program Start
2016-07-25 19:01:27Z Send 國際股市==>  Program END 

Create log file
2016-07-25 19:01:52Z Send 國際股市==>  Program Start
2016-07-25 19:01:52Z Send 國際股市==>  Program END 

Create log file
2016-07-25 19:02:13Z Send 國際股市==>  Program Start
2016-07-25 19:02:13Z Send 國際股市==>  Program END 

Create log file
2016-07-25 19:02:34Z Send 國際股市==>  Program Start
2016-07-25 19:02:34Z Send 國際股市==>  Program END 

Create log file
2016-07-25 19:02:56Z Send 國際股市==>  Program Start
2016-07-25 19:02:56Z Send 國際股市==>  Program END 

Create log file
2016-07-25 20:01:01Z Send 國際股市==>  Program Start
2016-07-25 20:01:01Z Send 國際股市==>  Program END 

Create log file
2016-07-25 20:10:09Z stock_data_daily_create_file Program Start
2016-07-25 20:10:09Z stock_data_daily_create_file Program END 

Create log file
2016-07-25 20:20:06Z stock_data_insert_daily Program Start
2016-07-25 20:20:06Z stock_data_insert_daily Program END 

Create log file
2016-07-25 20:30:13Z Send 股市氣象台電子報-今日我最夯<==Strong_UP==>  Program Start
2016-07-25 20:30:13Z Send 股市氣象台電子報-今日我最夯<==Strong_UP==>  Program END 

Create log file
2016-07-25 21:03:50Z Query Stock_id is 1312 Program Start
2016-07-25 21:03:50Z Query Stock_id is 1312 Program END 

Create log file
2016-07-25 21:03:50Z Query Stock_id is 3706 Program Start
2016-07-25 21:03:50Z Query Stock_id is 3706 Program END 

Create log file
2016-07-25 21:03:50Z Query Stock_id is 1101 Program Start
2016-07-25 21:03:50Z Query Stock_id is 1101 Program END 

Create log file
2016-07-25 21:03:50Z Query Stock_id is 2002 Program Start
2016-07-25 21:03:50Z Query Stock_id is 2002 Program END 

Create log file
2016-07-25 21:03:50Z Query Stock_id is 2890 Program Start
2016-07-25 21:03:50Z Query Stock_id is 2890 Program END 

Create log file
2016-07-25 21:03:50Z Query Stock_id is 2823 Program Start
2016-07-25 21:03:50Z Query Stock_id is 2823 Program END 

Create log file
2016-07-25 21:03:51Z Query Stock_id is 1216 Program Start
2016-07-25 21:03:51Z Query Stock_id is 1216 Program END 

Create log file
2016-07-25 21:03:51Z Query Stock_id is 4938 Program Start
2016-07-25 21:03:51Z Query Stock_id is 4938 Program END 

Create log file
2016-07-25 21:03:51Z Query Stock_id is 2880 Program Start
2016-07-25 21:03:51Z Query Stock_id is 2880 Program END 

Create log file
2016-07-25 21:03:51Z Query Stock_id is 1301 Program Start
2016-07-25 21:03:51Z Query Stock_id is 1301 Program END 

Create log file
2016-07-25 21:03:51Z Query Stock_id is 2313 Program Start
2016-07-25 21:03:51Z Query Stock_id is 2313 Program END 

Create log file
2016-07-25 21:03:51Z Query Stock_id is 2801 Program Start
2016-07-25 21:03:51Z Query Stock_id is 2801 Program END 

Create log file
2016-07-25 21:03:52Z Query Stock_id is 2887 Program Start
2016-07-25 21:03:52Z Query Stock_id is 2887 Program END 

Create log file
2016-07-25 21:03:52Z Query Stock_id is 2449 Program Start
2016-07-25 21:03:52Z Query Stock_id is 2449 Program END 

Create log file
2016-07-25 21:03:52Z Query Stock_id is 5880 Program Start
2016-07-25 21:03:52Z Query Stock_id is 5880 Program END 

Create log file
2016-07-25 21:03:52Z Query Stock_id is 3231 Program Start
2016-07-25 21:03:52Z Query Stock_id is 3231 Program END 

Create log file
2016-07-25 21:03:52Z Query Stock_id is 3702 Program Start
2016-07-25 21:03:52Z Query Stock_id is 3702 Program END 

Create log file
2016-07-25 21:03:52Z Query Stock_id is 2885 Program Start
2016-07-25 21:03:52Z Query Stock_id is 2885 Program END 

Create log file
2016-07-25 21:03:53Z Query Stock_id is 2311 Program Start
2016-07-25 21:03:53Z Query Stock_id is 2311 Program END 

Create log file
2016-07-25 21:03:53Z Query Stock_id is 2356 Program Start
2016-07-25 21:03:53Z Query Stock_id is 2356 Program END 

Create log file
2016-07-25 21:03:53Z Query Stock_id is 2882 Program Start
2016-07-25 21:03:53Z Query Stock_id is 2882 Program END 

Create log file
2016-07-25 21:03:53Z Query Stock_id is 2368 Program Start
2016-07-25 21:03:53Z Query Stock_id is 2368 Program END 

Create log file
2016-07-25 21:03:53Z Query Stock_id is 2448 Program Start
2016-07-25 21:03:53Z Query Stock_id is 2448 Program END 

Create log file
2016-07-25 21:03:53Z Query Stock_id is 3481 Program Start
2016-07-25 21:03:53Z Query Stock_id is 3481 Program END 

Create log file
2016-07-25 21:03:54Z Query Stock_id is 2409 Program Start
2016-07-25 21:03:54Z Query Stock_id is 2409 Program END 

Create log file
2016-07-25 23:01:06Z Send 國際股市==>  Program Start
2016-07-25 23:01:06Z Send 國際股市==>  Program END 

