Create log file
2016-03-02 00:01:09Z Send 國際股市==>  Program Start
2016-03-02 00:01:09Z Send 國際股市==>  Program END 

Create log file
2016-03-02 00:41:59Z Query Stock_id is 6147 Program Start
2016-03-02 00:41:59Z Query Stock_id is 6147 Program END 

Create log file
2016-03-02 00:42:02Z Query Stock_id is 2344 Program Start
2016-03-02 00:42:02Z Query Stock_id is 2344 Program END 

Create log file
2016-03-02 00:42:03Z Query Stock_id is 2474 Program Start
2016-03-02 00:42:03Z Query Stock_id is 2474 Program END 

Create log file
2016-03-02 00:42:05Z Query Stock_id is 3704 Program Start
2016-03-02 00:42:05Z Query Stock_id is 3704 Program END 

Create log file
2016-03-02 00:42:06Z Query Stock_id is 2324 Program Start
2016-03-02 00:42:06Z Query Stock_id is 2324 Program END 

Create log file
2016-03-02 00:42:07Z Query Stock_id is 2892 Program Start
2016-03-02 00:42:07Z Query Stock_id is 2892 Program END 

Create log file
2016-03-02 00:42:07Z Query Stock_id is 5871 Program Start
2016-03-02 00:42:07Z Query Stock_id is 5871 Program END 

Create log file
2016-03-02 00:42:08Z Query Stock_id is 2412 Program Start
2016-03-02 00:42:08Z Query Stock_id is 2412 Program END 

Create log file
2016-03-02 00:42:11Z Query Stock_id is 8069 Program Start
2016-03-02 00:42:11Z Query Stock_id is 8069 Program END 

Create log file
2016-03-02 00:42:11Z Query Stock_id is 2352 Program Start
2016-03-02 00:42:11Z Query Stock_id is 2352 Program END 

Create log file
2016-03-02 00:42:13Z Query Stock_id is 1301 Program Start
2016-03-02 00:42:13Z Query Stock_id is 1301 Program END 

Create log file
2016-03-02 00:42:14Z Query Stock_id is 2382 Program Start
2016-03-02 00:42:14Z Query Stock_id is 2382 Program END 

Create log file
2016-03-02 00:42:18Z Query Stock_id is 3037 Program Start
2016-03-02 00:42:18Z Query Stock_id is 3037 Program END 

Create log file
2016-03-02 00:42:23Z Query Stock_id is 2449 Program Start
2016-03-02 00:42:23Z Query Stock_id is 2449 Program END 

Create log file
2016-03-02 00:42:24Z Query Stock_id is 3231 Program Start
2016-03-02 00:42:24Z Query Stock_id is 3231 Program END 

Create log file
2016-03-02 00:42:27Z Query Stock_id is 3474 Program Start
2016-03-02 00:42:27Z Query Stock_id is 3474 Program END 

Create log file
2016-03-02 00:42:28Z Query Stock_id is 2393 Program Start
2016-03-02 00:42:28Z Query Stock_id is 2393 Program END 

Create log file
2016-03-02 01:01:04Z Send 國際股市==>  Program Start
2016-03-02 01:01:04Z Send 國際股市==>  Program END 

Create log file
2016-03-02 08:01:01Z Send 國際股市==>  Program Start
2016-03-02 08:01:01Z Send 國際股市==>  Program END 

Create log file
2016-03-02 08:01:27Z Send 國際股市==>  Program Start
2016-03-02 08:01:27Z Send 國際股市==>  Program END 

Create log file
2016-03-02 08:01:49Z Send 國際股市==>  Program Start
2016-03-02 08:01:49Z Send 國際股市==>  Program END 

Create log file
2016-03-02 08:45:32Z Query Stock_id is 6147 Program Start
2016-03-02 08:45:32Z Query Stock_id is 6147 Program END 

Create log file
2016-03-02 08:45:32Z Query Stock_id is 2344 Program Start
2016-03-02 08:45:32Z Query Stock_id is 2344 Program END 

Create log file
2016-03-02 08:45:32Z Query Stock_id is 2474 Program Start
2016-03-02 08:45:32Z Query Stock_id is 2474 Program END 

Create log file
2016-03-02 08:45:32Z Query Stock_id is 3704 Program Start
2016-03-02 08:45:32Z Query Stock_id is 3704 Program END 

Create log file
2016-03-02 08:45:33Z Query Stock_id is 2324 Program Start
2016-03-02 08:45:33Z Query Stock_id is 2324 Program END 

Create log file
2016-03-02 08:45:33Z Query Stock_id is 2892 Program Start
2016-03-02 08:45:33Z Query Stock_id is 2892 Program END 

Create log file
2016-03-02 08:45:33Z Query Stock_id is 5871 Program Start
2016-03-02 08:45:33Z Query Stock_id is 5871 Program END 

Create log file
2016-03-02 08:45:33Z Query Stock_id is 2412 Program Start
2016-03-02 08:45:33Z Query Stock_id is 2412 Program END 

Create log file
2016-03-02 08:45:33Z Query Stock_id is 8069 Program Start
2016-03-02 08:45:33Z Query Stock_id is 8069 Program END 

Create log file
2016-03-02 08:45:33Z Query Stock_id is 2352 Program Start
2016-03-02 08:45:33Z Query Stock_id is 2352 Program END 

Create log file
2016-03-02 08:45:34Z Query Stock_id is 1301 Program Start
2016-03-02 08:45:34Z Query Stock_id is 1301 Program END 

Create log file
2016-03-02 08:45:34Z Query Stock_id is 2382 Program Start
2016-03-02 08:45:34Z Query Stock_id is 2382 Program END 

Create log file
2016-03-02 08:45:34Z Query Stock_id is 3037 Program Start
2016-03-02 08:45:34Z Query Stock_id is 3037 Program END 

Create log file
2016-03-02 08:45:34Z Query Stock_id is 2449 Program Start
2016-03-02 08:45:34Z Query Stock_id is 2449 Program END 

Create log file
2016-03-02 08:45:34Z Query Stock_id is 3231 Program Start
2016-03-02 08:45:34Z Query Stock_id is 3231 Program END 

Create log file
2016-03-02 08:45:34Z Query Stock_id is 3474 Program Start
2016-03-02 08:45:34Z Query Stock_id is 3474 Program END 

Create log file
2016-03-02 08:45:35Z Query Stock_id is 2393 Program Start
2016-03-02 08:45:35Z Query Stock_id is 2393 Program END 

Create log file
2016-03-02 08:46:01Z on time future report... Program Start
2016-03-02 08:46:01Z on time future report... Program END 

Create log file
2016-03-02 08:51:01Z on time future report... Program Start
2016-03-02 08:51:01Z on time future report... Program END 

Create log file
2016-03-02 08:56:01Z on time future report... Program Start
2016-03-02 08:56:01Z on time future report... Program END 

Create log file
2016-03-02 09:01:01Z on time future report... Program Start
2016-03-02 09:01:01Z on time future report... Program END 

Create log file
2016-03-02 09:01:01Z Send 國際股市==>  Program Start
2016-03-02 09:01:01Z Send 國際股市==>  Program END 

Create log file
2016-03-02 09:11:05Z on time future report... Program Start
2016-03-02 09:11:05Z on time future report... Program END 

Create log file
2016-03-02 09:16:04Z on time future report... Program Start
2016-03-02 09:16:04Z on time future report... Program END 

Create log file
2016-03-02 09:21:02Z on time future report... Program Start
2016-03-02 09:21:02Z on time future report... Program END 

Create log file
2016-03-02 09:26:01Z on time future report... Program Start
2016-03-02 09:26:01Z on time future report... Program END 

Create log file
2016-03-02 09:31:05Z on time future report... Program Start
2016-03-02 09:31:05Z on time future report... Program END 

Create log file
2016-03-02 09:41:01Z on time future report... Program Start
2016-03-02 09:41:01Z on time future report... Program END 

Create log file
2016-03-02 09:46:01Z on time future report... Program Start
2016-03-02 09:46:01Z on time future report... Program END 

Create log file
2016-03-02 09:51:01Z on time future report... Program Start
2016-03-02 09:51:01Z on time future report... Program END 

Create log file
2016-03-02 09:56:01Z on time future report... Program Start
2016-03-02 09:56:01Z on time future report... Program END 

Create log file
2016-03-02 10:01:01Z Send 國際股市==>  Program Start
2016-03-02 10:01:01Z Send 國際股市==>  Program END 

Create log file
2016-03-02 10:01:29Z on time future report... Program Start
2016-03-02 10:01:29Z on time future report... Program END 

Create log file
2016-03-02 10:06:04Z on time future report... Program Start
2016-03-02 10:06:04Z on time future report... Program END 

Create log file
2016-03-02 10:11:02Z on time future report... Program Start
2016-03-02 10:11:02Z on time future report... Program END 

Create log file
2016-03-02 10:16:01Z on time future report... Program Start
2016-03-02 10:16:01Z on time future report... Program END 

Create log file
2016-03-02 10:21:04Z on time future report... Program Start
2016-03-02 10:21:04Z on time future report... Program END 

Create log file
2016-03-02 10:26:03Z on time future report... Program Start
2016-03-02 10:26:03Z on time future report... Program END 

Create log file
2016-03-02 10:31:03Z on time future report... Program Start
2016-03-02 10:31:03Z on time future report... Program END 

Create log file
2016-03-02 10:36:01Z on time future report... Program Start
2016-03-02 10:36:01Z on time future report... Program END 

Create log file
2016-03-02 10:41:02Z on time future report... Program Start
2016-03-02 10:41:02Z on time future report... Program END 

Create log file
2016-03-02 10:46:03Z on time future report... Program Start
2016-03-02 10:46:03Z on time future report... Program END 

Create log file
2016-03-02 10:51:01Z on time future report... Program Start
2016-03-02 10:51:01Z on time future report... Program END 

Create log file
2016-03-02 10:56:04Z on time future report... Program Start
2016-03-02 10:56:04Z on time future report... Program END 

Create log file
2016-03-02 11:01:01Z on time future report... Program Start
2016-03-02 11:01:01Z on time future report... Program END 

Create log file
2016-03-02 11:01:02Z Send 國際股市==>  Program Start
2016-03-02 11:01:02Z Send 國際股市==>  Program END 

Create log file
2016-03-02 11:06:05Z on time future report... Program Start
2016-03-02 11:06:05Z on time future report... Program END 

Create log file
2016-03-02 11:11:02Z on time future report... Program Start
2016-03-02 11:11:02Z on time future report... Program END 

Create log file
2016-03-02 11:16:04Z on time future report... Program Start
2016-03-02 11:16:04Z on time future report... Program END 

Create log file
2016-03-02 11:21:02Z on time future report... Program Start
2016-03-02 11:21:02Z on time future report... Program END 

Create log file
2016-03-02 11:26:04Z on time future report... Program Start
2016-03-02 11:26:04Z on time future report... Program END 

Create log file
2016-03-02 11:31:02Z on time future report... Program Start
2016-03-02 11:31:02Z on time future report... Program END 

Create log file
2016-03-02 11:36:01Z on time future report... Program Start
2016-03-02 11:36:01Z on time future report... Program END 

Create log file
2016-03-02 11:41:02Z on time future report... Program Start
2016-03-02 11:41:02Z on time future report... Program END 

Create log file
2016-03-02 11:46:01Z on time future report... Program Start
2016-03-02 11:46:01Z on time future report... Program END 

Create log file
2016-03-02 11:51:01Z on time future report... Program Start
2016-03-02 11:51:01Z on time future report... Program END 

Create log file
2016-03-02 11:56:04Z on time future report... Program Start
2016-03-02 11:56:04Z on time future report... Program END 

Create log file
2016-03-02 12:01:01Z on time future report... Program Start
2016-03-02 12:01:01Z on time future report... Program END 

Create log file
2016-03-02 12:01:02Z Send 國際股市==>  Program Start
2016-03-02 12:01:02Z Send 國際股市==>  Program END 

Create log file
2016-03-02 12:06:01Z on time future report... Program Start
2016-03-02 12:06:01Z on time future report... Program END 

Create log file
2016-03-02 12:11:01Z on time future report... Program Start
2016-03-02 12:11:01Z on time future report... Program END 

Create log file
2016-03-02 12:16:01Z on time future report... Program Start
2016-03-02 12:16:01Z on time future report... Program END 

Create log file
2016-03-02 12:21:02Z on time future report... Program Start
2016-03-02 12:21:02Z on time future report... Program END 

Create log file
2016-03-02 12:26:03Z on time future report... Program Start
2016-03-02 12:26:03Z on time future report... Program END 

Create log file
2016-03-02 12:31:01Z on time future report... Program Start
2016-03-02 12:31:01Z on time future report... Program END 

Create log file
2016-03-02 12:36:01Z on time future report... Program Start
2016-03-02 12:36:01Z on time future report... Program END 

Create log file
2016-03-02 12:41:01Z on time future report... Program Start
2016-03-02 12:41:01Z on time future report... Program END 

Create log file
2016-03-02 12:46:01Z on time future report... Program Start
2016-03-02 12:46:01Z on time future report... Program END 

Create log file
2016-03-02 12:51:03Z on time future report... Program Start
2016-03-02 12:51:03Z on time future report... Program END 

Create log file
2016-03-02 12:56:06Z on time future report... Program Start
2016-03-02 12:56:06Z on time future report... Program END 

Create log file
2016-03-02 13:01:07Z Send 國際股市==>  Program Start
2016-03-02 13:01:07Z Send 國際股市==>  Program END 

Create log file
2016-03-02 13:06:07Z on time future report... Program Start
2016-03-02 13:06:07Z on time future report... Program END 

Create log file
2016-03-02 13:11:01Z on time future report... Program Start
2016-03-02 13:11:01Z on time future report... Program END 

Create log file
2016-03-02 13:16:01Z on time future report... Program Start
2016-03-02 13:16:01Z on time future report... Program END 

Create log file
2016-03-02 13:21:03Z on time future report... Program Start
2016-03-02 13:21:03Z on time future report... Program END 

Create log file
2016-03-02 13:26:04Z on time future report... Program Start
2016-03-02 13:26:04Z on time future report... Program END 

Create log file
2016-03-02 13:31:03Z on time future report... Program Start
2016-03-02 13:31:03Z on time future report... Program END 

Create log file
2016-03-02 13:36:01Z on time future report... Program Start
2016-03-02 13:36:01Z on time future report... Program END 

Create log file
2016-03-02 13:41:02Z on time future report... Program Start
2016-03-02 13:41:02Z on time future report... Program END 

Create log file
2016-03-02 13:46:02Z on time future report... Program Start
2016-03-02 13:46:02Z on time future report... Program END 

Create log file
2016-03-02 14:01:01Z Send 國際股市==>  Program Start
2016-03-02 14:01:01Z Send 國際股市==>  Program END 

Create log file
2016-03-02 15:01:01Z Send 國際股市==>  Program Start
2016-03-02 15:01:01Z Send 國際股市==>  Program END 

Create log file
2016-03-02 15:50:20Z option_insert_daily Program Start
2016-03-02 15:50:20Z option_insert_daily Program END 

Create log file
2016-03-02 15:56:05Z Send Option_OIV_daily Program Start
2016-03-02 15:56:05Z Send Option_OIV_daily Program END 

Create log file
2016-03-02 16:01:00Z Send 國際股市==>  Program Start
2016-03-02 16:01:00Z Send 國際股市==>  Program END 

Create log file
2016-03-02 17:01:01Z Send 國際股市==>  Program Start
2016-03-02 17:01:01Z Send 國際股市==>  Program END 

Create log file
2016-03-02 18:01:01Z Send 國際股市==>  Program Start
2016-03-02 18:01:01Z Send 國際股市==>  Program END 

Create log file
2016-03-02 18:01:28Z Send 國際股市==>  Program Start
2016-03-02 18:01:28Z Send 國際股市==>  Program END 

Create log file
2016-03-02 18:01:51Z Send 國際股市==>  Program Start
2016-03-02 18:01:51Z Send 國際股市==>  Program END 

Create log file
2016-03-02 18:02:13Z Send 國際股市==>  Program Start
2016-03-02 18:02:13Z Send 國際股市==>  Program END 

Create log file
2016-03-02 19:01:01Z Send 國際股市==>  Program Start
2016-03-02 19:01:01Z Send 國際股市==>  Program END 

Create log file
2016-03-02 19:01:27Z Send 國際股市==>  Program Start
2016-03-02 19:01:27Z Send 國際股市==>  Program END 

Create log file
2016-03-02 19:01:50Z Send 國際股市==>  Program Start
2016-03-02 19:01:50Z Send 國際股市==>  Program END 

Create log file
2016-03-02 20:01:00Z Send 國際股市==>  Program Start
2016-03-02 20:01:00Z Send 國際股市==>  Program END 

Create log file
2016-03-02 20:10:06Z stock_data_daily_create_file Program Start
2016-03-02 20:10:06Z stock_data_daily_create_file Program END 

Create log file
2016-03-02 20:20:05Z stock_data_insert_daily Program Start
2016-03-02 20:20:05Z stock_data_insert_daily Program END 

Create log file
2016-03-02 20:30:13Z Send 股市氣象台電子報-今日我最夯<==Strong_UP==>  Program Start
2016-03-02 20:30:13Z Send 股市氣象台電子報-今日我最夯<==Strong_UP==>  Program END 

Create log file
2016-03-02 20:41:29Z Query Stock_id is 3481 Program Start
2016-03-02 20:41:29Z Query Stock_id is 3481 Program END 

Create log file
2016-03-02 20:41:30Z Query Stock_id is 2409 Program Start
2016-03-02 20:41:30Z Query Stock_id is 2409 Program END 

Create log file
2016-03-02 20:41:30Z Query Stock_id is 6282 Program Start
2016-03-02 20:41:30Z Query Stock_id is 6282 Program END 

Create log file
2016-03-02 20:41:30Z Query Stock_id is 2002 Program Start
2016-03-02 20:41:30Z Query Stock_id is 2002 Program END 

Create log file
2016-03-02 20:41:30Z Query Stock_id is 2449 Program Start
2016-03-02 20:41:30Z Query Stock_id is 2449 Program END 

Create log file
2016-03-02 20:41:30Z Query Stock_id is 1312 Program Start
2016-03-02 20:41:30Z Query Stock_id is 1312 Program END 

Create log file
2016-03-02 20:41:30Z Query Stock_id is 2311 Program Start
2016-03-02 20:41:30Z Query Stock_id is 2311 Program END 

Create log file
2016-03-02 20:41:31Z Query Stock_id is 2330 Program Start
2016-03-02 20:41:31Z Query Stock_id is 2330 Program END 

Create log file
2016-03-02 20:41:31Z Query Stock_id is 2883 Program Start
2016-03-02 20:41:31Z Query Stock_id is 2883 Program END 

Create log file
2016-03-02 20:41:31Z Query Stock_id is 2890 Program Start
2016-03-02 20:41:31Z Query Stock_id is 2890 Program END 

Create log file
2016-03-02 20:41:31Z Query Stock_id is 2610 Program Start
2016-03-02 20:41:31Z Query Stock_id is 2610 Program END 

Create log file
2016-03-02 20:41:31Z Query Stock_id is 3231 Program Start
2016-03-02 20:41:31Z Query Stock_id is 3231 Program END 

Create log file
2016-03-02 20:41:31Z Query Stock_id is 2892 Program Start
2016-03-02 20:41:31Z Query Stock_id is 2892 Program END 

Create log file
2016-03-02 20:41:32Z Query Stock_id is 2474 Program Start
2016-03-02 20:41:32Z Query Stock_id is 2474 Program END 

Create log file
2016-03-02 20:41:32Z Query Stock_id is 2344 Program Start
2016-03-02 20:41:32Z Query Stock_id is 2344 Program END 

Create log file
2016-03-02 20:41:32Z Query Stock_id is 5880 Program Start
2016-03-02 20:41:32Z Query Stock_id is 5880 Program END 

Create log file
2016-03-02 20:41:32Z Query Stock_id is 1301 Program Start
2016-03-02 20:41:32Z Query Stock_id is 1301 Program END 

Create log file
2016-03-02 20:41:32Z Query Stock_id is 3474 Program Start
2016-03-02 20:41:32Z Query Stock_id is 3474 Program END 

Create log file
2016-03-02 20:41:32Z Query Stock_id is 2464 Program Start
2016-03-02 20:41:32Z Query Stock_id is 2464 Program END 

Create log file
2016-03-02 20:41:33Z Query Stock_id is 2421 Program Start
2016-03-02 20:41:33Z Query Stock_id is 2421 Program END 

Create log file
2016-03-02 20:41:33Z Query Stock_id is 3037 Program Start
2016-03-02 20:41:33Z Query Stock_id is 3037 Program END 

Create log file
2016-03-02 20:41:33Z Query Stock_id is 6147 Program Start
2016-03-02 20:41:33Z Query Stock_id is 6147 Program END 

Create log file
2016-03-02 20:41:33Z Query Stock_id is 2344 Program Start
2016-03-02 20:41:33Z Query Stock_id is 2344 Program END 

Create log file
2016-03-02 20:41:33Z Query Stock_id is 2474 Program Start
2016-03-02 20:41:33Z Query Stock_id is 2474 Program END 

Create log file
2016-03-02 20:41:33Z Query Stock_id is 3704 Program Start
2016-03-02 20:41:33Z Query Stock_id is 3704 Program END 

Create log file
2016-03-02 20:41:34Z Query Stock_id is 2324 Program Start
2016-03-02 20:41:34Z Query Stock_id is 2324 Program END 

Create log file
2016-03-02 20:41:34Z Query Stock_id is 2892 Program Start
2016-03-02 20:41:34Z Query Stock_id is 2892 Program END 

Create log file
2016-03-02 20:41:34Z Query Stock_id is 5871 Program Start
2016-03-02 20:41:34Z Query Stock_id is 5871 Program END 

Create log file
2016-03-02 20:41:34Z Query Stock_id is 2412 Program Start
2016-03-02 20:41:34Z Query Stock_id is 2412 Program END 

Create log file
2016-03-02 20:41:34Z Query Stock_id is 8069 Program Start
2016-03-02 20:41:34Z Query Stock_id is 8069 Program END 

Create log file
2016-03-02 20:41:34Z Query Stock_id is 2352 Program Start
2016-03-02 20:41:34Z Query Stock_id is 2352 Program END 

Create log file
2016-03-02 20:41:34Z Query Stock_id is 1301 Program Start
2016-03-02 20:41:34Z Query Stock_id is 1301 Program END 

Create log file
2016-03-02 20:41:35Z Query Stock_id is 2382 Program Start
2016-03-02 20:41:35Z Query Stock_id is 2382 Program END 

Create log file
2016-03-02 20:41:35Z Query Stock_id is 3037 Program Start
2016-03-02 20:41:35Z Query Stock_id is 3037 Program END 

Create log file
2016-03-02 20:41:35Z Query Stock_id is 2449 Program Start
2016-03-02 20:41:35Z Query Stock_id is 2449 Program END 

Create log file
2016-03-02 20:41:35Z Query Stock_id is 3231 Program Start
2016-03-02 20:41:35Z Query Stock_id is 3231 Program END 

Create log file
2016-03-02 20:41:35Z Query Stock_id is 3474 Program Start
2016-03-02 20:41:35Z Query Stock_id is 3474 Program END 

Create log file
2016-03-02 20:41:35Z Query Stock_id is 2393 Program Start
2016-03-02 20:41:35Z Query Stock_id is 2393 Program END 

Create log file
2016-03-02 21:01:00Z Send 國際股市==>  Program Start
2016-03-02 21:01:00Z Send 國際股市==>  Program END 

Create log file
2016-03-02 21:52:52Z Query Stock_id is 3481 Program Start
2016-03-02 21:52:52Z Query Stock_id is 3481 Program END 

Create log file
2016-03-02 21:52:52Z Query Stock_id is 2409 Program Start
2016-03-02 21:52:52Z Query Stock_id is 2409 Program END 

Create log file
2016-03-02 21:52:52Z Query Stock_id is 6282 Program Start
2016-03-02 21:52:52Z Query Stock_id is 6282 Program END 

Create log file
2016-03-02 21:52:53Z Query Stock_id is 2002 Program Start
2016-03-02 21:52:53Z Query Stock_id is 2002 Program END 

Create log file
2016-03-02 21:52:53Z Query Stock_id is 2449 Program Start
2016-03-02 21:52:53Z Query Stock_id is 2449 Program END 

Create log file
2016-03-02 21:52:53Z Query Stock_id is 1312 Program Start
2016-03-02 21:52:53Z Query Stock_id is 1312 Program END 

Create log file
2016-03-02 21:52:53Z Query Stock_id is 2311 Program Start
2016-03-02 21:52:53Z Query Stock_id is 2311 Program END 

Create log file
2016-03-02 21:52:53Z Query Stock_id is 2330 Program Start
2016-03-02 21:52:53Z Query Stock_id is 2330 Program END 

Create log file
2016-03-02 21:52:53Z Query Stock_id is 2883 Program Start
2016-03-02 21:52:53Z Query Stock_id is 2883 Program END 

Create log file
2016-03-02 21:52:53Z Query Stock_id is 2890 Program Start
2016-03-02 21:52:53Z Query Stock_id is 2890 Program END 

Create log file
2016-03-02 21:52:54Z Query Stock_id is 2610 Program Start
2016-03-02 21:52:54Z Query Stock_id is 2610 Program END 

Create log file
2016-03-02 21:52:54Z Query Stock_id is 3231 Program Start
2016-03-02 21:52:54Z Query Stock_id is 3231 Program END 

Create log file
2016-03-02 21:52:54Z Query Stock_id is 2892 Program Start
2016-03-02 21:52:54Z Query Stock_id is 2892 Program END 

Create log file
2016-03-02 21:52:54Z Query Stock_id is 2474 Program Start
2016-03-02 21:52:54Z Query Stock_id is 2474 Program END 

Create log file
2016-03-02 21:52:54Z Query Stock_id is 2344 Program Start
2016-03-02 21:52:54Z Query Stock_id is 2344 Program END 

Create log file
2016-03-02 21:52:54Z Query Stock_id is 5880 Program Start
2016-03-02 21:52:54Z Query Stock_id is 5880 Program END 

Create log file
2016-03-02 21:52:55Z Query Stock_id is 1301 Program Start
2016-03-02 21:52:55Z Query Stock_id is 1301 Program END 

Create log file
2016-03-02 21:52:55Z Query Stock_id is 3474 Program Start
2016-03-02 21:52:55Z Query Stock_id is 3474 Program END 

Create log file
2016-03-02 21:52:55Z Query Stock_id is 2464 Program Start
2016-03-02 21:52:55Z Query Stock_id is 2464 Program END 

Create log file
2016-03-02 21:52:55Z Query Stock_id is 2421 Program Start
2016-03-02 21:52:55Z Query Stock_id is 2421 Program END 

Create log file
2016-03-02 21:52:55Z Query Stock_id is 3037 Program Start
2016-03-02 21:52:55Z Query Stock_id is 3037 Program END 

Create log file
2016-03-02 21:52:55Z Query Stock_id is 6147 Program Start
2016-03-02 21:52:55Z Query Stock_id is 6147 Program END 

Create log file
2016-03-02 21:52:56Z Query Stock_id is 2344 Program Start
2016-03-02 21:52:56Z Query Stock_id is 2344 Program END 

Create log file
2016-03-02 21:52:56Z Query Stock_id is 2474 Program Start
2016-03-02 21:52:56Z Query Stock_id is 2474 Program END 

Create log file
2016-03-02 21:52:56Z Query Stock_id is 3704 Program Start
2016-03-02 21:52:56Z Query Stock_id is 3704 Program END 

Create log file
2016-03-02 21:52:56Z Query Stock_id is 2324 Program Start
2016-03-02 21:52:56Z Query Stock_id is 2324 Program END 

Create log file
2016-03-02 21:52:56Z Query Stock_id is 2892 Program Start
2016-03-02 21:52:56Z Query Stock_id is 2892 Program END 

Create log file
2016-03-02 21:52:56Z Query Stock_id is 5871 Program Start
2016-03-02 21:52:56Z Query Stock_id is 5871 Program END 

Create log file
2016-03-02 21:52:57Z Query Stock_id is 2412 Program Start
2016-03-02 21:52:57Z Query Stock_id is 2412 Program END 

Create log file
2016-03-02 21:52:57Z Query Stock_id is 8069 Program Start
2016-03-02 21:52:57Z Query Stock_id is 8069 Program END 

Create log file
2016-03-02 21:52:57Z Query Stock_id is 2352 Program Start
2016-03-02 21:52:57Z Query Stock_id is 2352 Program END 

Create log file
2016-03-02 21:52:57Z Query Stock_id is 1301 Program Start
2016-03-02 21:52:57Z Query Stock_id is 1301 Program END 

Create log file
2016-03-02 21:52:57Z Query Stock_id is 2382 Program Start
2016-03-02 21:52:57Z Query Stock_id is 2382 Program END 

Create log file
2016-03-02 21:52:57Z Query Stock_id is 3037 Program Start
2016-03-02 21:52:57Z Query Stock_id is 3037 Program END 

Create log file
2016-03-02 21:52:58Z Query Stock_id is 2449 Program Start
2016-03-02 21:52:58Z Query Stock_id is 2449 Program END 

Create log file
2016-03-02 21:52:58Z Query Stock_id is 3231 Program Start
2016-03-02 21:52:58Z Query Stock_id is 3231 Program END 

Create log file
2016-03-02 21:52:58Z Query Stock_id is 3474 Program Start
2016-03-02 21:52:58Z Query Stock_id is 3474 Program END 

Create log file
2016-03-02 21:52:58Z Query Stock_id is 2393 Program Start
2016-03-02 21:52:58Z Query Stock_id is 2393 Program END 

Create log file
2016-03-02 22:01:03Z Send 國際股市==>  Program Start
2016-03-02 22:01:03Z Send 國際股市==>  Program END 

Create log file
2016-03-02 22:01:29Z Send 國際股市==>  Program Start
2016-03-02 22:01:29Z Send 國際股市==>  Program END 

Create log file
2016-03-02 22:39:53Z Query Stock_id is 3481 Program Start
2016-03-02 22:39:53Z Query Stock_id is 3481 Program END 

Create log file
2016-03-02 22:39:53Z Query Stock_id is 2409 Program Start
2016-03-02 22:39:53Z Query Stock_id is 2409 Program END 

Create log file
2016-03-02 22:39:53Z Query Stock_id is 6282 Program Start
2016-03-02 22:39:53Z Query Stock_id is 6282 Program END 

Create log file
2016-03-02 22:39:54Z Query Stock_id is 2002 Program Start
2016-03-02 22:39:54Z Query Stock_id is 2002 Program END 

Create log file
2016-03-02 22:39:54Z Query Stock_id is 2449 Program Start
2016-03-02 22:39:54Z Query Stock_id is 2449 Program END 

Create log file
2016-03-02 22:39:54Z Query Stock_id is 1312 Program Start
2016-03-02 22:39:54Z Query Stock_id is 1312 Program END 

Create log file
2016-03-02 22:39:54Z Query Stock_id is 2311 Program Start
2016-03-02 22:39:54Z Query Stock_id is 2311 Program END 

Create log file
2016-03-02 22:39:54Z Query Stock_id is 2330 Program Start
2016-03-02 22:39:54Z Query Stock_id is 2330 Program END 

Create log file
2016-03-02 22:39:54Z Query Stock_id is 2883 Program Start
2016-03-02 22:39:54Z Query Stock_id is 2883 Program END 

Create log file
2016-03-02 22:39:55Z Query Stock_id is 2890 Program Start
2016-03-02 22:39:55Z Query Stock_id is 2890 Program END 

Create log file
2016-03-02 22:39:55Z Query Stock_id is 2610 Program Start
2016-03-02 22:39:55Z Query Stock_id is 2610 Program END 

Create log file
2016-03-02 22:39:55Z Query Stock_id is 3231 Program Start
2016-03-02 22:39:55Z Query Stock_id is 3231 Program END 

Create log file
2016-03-02 22:39:55Z Query Stock_id is 2892 Program Start
2016-03-02 22:39:55Z Query Stock_id is 2892 Program END 

Create log file
2016-03-02 22:39:55Z Query Stock_id is 2474 Program Start
2016-03-02 22:39:55Z Query Stock_id is 2474 Program END 

Create log file
2016-03-02 22:39:55Z Query Stock_id is 2344 Program Start
2016-03-02 22:39:55Z Query Stock_id is 2344 Program END 

Create log file
2016-03-02 22:39:56Z Query Stock_id is 5880 Program Start
2016-03-02 22:39:56Z Query Stock_id is 5880 Program END 

Create log file
2016-03-02 22:39:56Z Query Stock_id is 1301 Program Start
2016-03-02 22:39:56Z Query Stock_id is 1301 Program END 

Create log file
2016-03-02 22:39:56Z Query Stock_id is 3474 Program Start
2016-03-02 22:39:56Z Query Stock_id is 3474 Program END 

Create log file
2016-03-02 22:39:56Z Query Stock_id is 2464 Program Start
2016-03-02 22:39:56Z Query Stock_id is 2464 Program END 

Create log file
2016-03-02 22:39:56Z Query Stock_id is 2421 Program Start
2016-03-02 22:39:56Z Query Stock_id is 2421 Program END 

Create log file
2016-03-02 22:39:56Z Query Stock_id is 3037 Program Start
2016-03-02 22:39:56Z Query Stock_id is 3037 Program END 

Create log file
2016-03-02 22:39:57Z Query Stock_id is 6147 Program Start
2016-03-02 22:39:57Z Query Stock_id is 6147 Program END 

Create log file
2016-03-02 22:39:57Z Query Stock_id is 2344 Program Start
2016-03-02 22:39:57Z Query Stock_id is 2344 Program END 

Create log file
2016-03-02 22:39:57Z Query Stock_id is 2474 Program Start
2016-03-02 22:39:57Z Query Stock_id is 2474 Program END 

Create log file
2016-03-02 22:39:57Z Query Stock_id is 3704 Program Start
2016-03-02 22:39:57Z Query Stock_id is 3704 Program END 

Create log file
2016-03-02 22:39:57Z Query Stock_id is 2324 Program Start
2016-03-02 22:39:57Z Query Stock_id is 2324 Program END 

Create log file
2016-03-02 22:39:57Z Query Stock_id is 2892 Program Start
2016-03-02 22:39:57Z Query Stock_id is 2892 Program END 

Create log file
2016-03-02 22:39:58Z Query Stock_id is 5871 Program Start
2016-03-02 22:39:58Z Query Stock_id is 5871 Program END 

Create log file
2016-03-02 22:39:58Z Query Stock_id is 2412 Program Start
2016-03-02 22:39:58Z Query Stock_id is 2412 Program END 

Create log file
2016-03-02 22:39:58Z Query Stock_id is 8069 Program Start
2016-03-02 22:39:58Z Query Stock_id is 8069 Program END 

Create log file
2016-03-02 22:39:58Z Query Stock_id is 2352 Program Start
2016-03-02 22:39:58Z Query Stock_id is 2352 Program END 

Create log file
2016-03-02 22:39:58Z Query Stock_id is 1301 Program Start
2016-03-02 22:39:58Z Query Stock_id is 1301 Program END 

Create log file
2016-03-02 22:39:58Z Query Stock_id is 2382 Program Start
2016-03-02 22:39:58Z Query Stock_id is 2382 Program END 

Create log file
2016-03-02 22:39:59Z Query Stock_id is 3037 Program Start
2016-03-02 22:39:59Z Query Stock_id is 3037 Program END 

Create log file
2016-03-02 22:39:59Z Query Stock_id is 2449 Program Start
2016-03-02 22:39:59Z Query Stock_id is 2449 Program END 

Create log file
2016-03-02 22:39:59Z Query Stock_id is 3231 Program Start
2016-03-02 22:39:59Z Query Stock_id is 3231 Program END 

Create log file
2016-03-02 22:39:59Z Query Stock_id is 3474 Program Start
2016-03-02 22:39:59Z Query Stock_id is 3474 Program END 

Create log file
2016-03-02 22:39:59Z Query Stock_id is 2393 Program Start
2016-03-02 22:39:59Z Query Stock_id is 2393 Program END 

Create log file
2016-03-02 23:01:03Z Send 國際股市==>  Program Start
2016-03-02 23:01:03Z Send 國際股市==>  Program END 

