Create log file
2016-05-09 08:01:10Z Send 國際股市==>  Program Start
2016-05-09 08:01:10Z Send 國際股市==>  Program END 

Create log file
2016-05-09 08:01:36Z Send 國際股市==>  Program Start
2016-05-09 08:01:36Z Send 國際股市==>  Program END 

Create log file
2016-05-09 08:01:59Z Send 國際股市==>  Program Start
2016-05-09 08:01:59Z Send 國際股市==>  Program END 

Create log file
2016-05-09 08:02:21Z Send 國際股市==>  Program Start
2016-05-09 08:02:21Z Send 國際股市==>  Program END 

Create log file
2016-05-09 08:46:04Z on time future report... Program Start
2016-05-09 08:46:04Z on time future report... Program END 

Create log file
2016-05-09 08:51:03Z on time future report... Program Start
2016-05-09 08:51:03Z on time future report... Program END 

Create log file
2016-05-09 08:56:03Z on time future report... Program Start
2016-05-09 08:56:03Z on time future report... Program END 

Create log file
2016-05-09 09:01:03Z Send 國際股市==>  Program Start
2016-05-09 09:01:03Z Send 國際股市==>  Program END 

Create log file
2016-05-09 09:01:04Z on time future report... Program Start
2016-05-09 09:01:04Z on time future report... Program END 

Create log file
2016-05-09 09:06:03Z on time future report... Program Start
2016-05-09 09:06:03Z on time future report... Program END 

Create log file
2016-05-09 09:11:03Z on time future report... Program Start
2016-05-09 09:11:03Z on time future report... Program END 

Create log file
2016-05-09 09:16:03Z on time future report... Program Start
2016-05-09 09:16:03Z on time future report... Program END 

Create log file
2016-05-09 09:21:03Z on time future report... Program Start
2016-05-09 09:21:03Z on time future report... Program END 

Create log file
2016-05-09 09:31:00Z on time future report... Program Start
2016-05-09 09:31:00Z on time future report... Program END 

Create log file
2016-05-09 09:36:01Z on time future report... Program Start
2016-05-09 09:36:01Z on time future report... Program END 

Create log file
2016-05-09 09:41:01Z on time future report... Program Start
2016-05-09 09:41:01Z on time future report... Program END 

Create log file
2016-05-09 09:46:00Z on time future report... Program Start
2016-05-09 09:46:00Z on time future report... Program END 

Create log file
2016-05-09 09:51:00Z on time future report... Program Start
2016-05-09 09:51:00Z on time future report... Program END 

Create log file
2016-05-09 09:56:00Z on time future report... Program Start
2016-05-09 09:56:00Z on time future report... Program END 

Create log file
2016-05-09 10:01:02Z on time future report... Program Start
2016-05-09 10:01:02Z on time future report... Program END 

Create log file
2016-05-09 10:01:04Z Send 國際股市==>  Program Start
2016-05-09 10:01:04Z Send 國際股市==>  Program END 

Create log file
2016-05-09 10:06:03Z on time future report... Program Start
2016-05-09 10:06:03Z on time future report... Program END 

Create log file
2016-05-09 10:11:01Z on time future report... Program Start
2016-05-09 10:11:01Z on time future report... Program END 

Create log file
2016-05-09 10:16:01Z on time future report... Program Start
2016-05-09 10:16:01Z on time future report... Program END 

Create log file
2016-05-09 10:21:01Z on time future report... Program Start
2016-05-09 10:21:01Z on time future report... Program END 

Create log file
2016-05-09 10:26:01Z on time future report... Program Start
2016-05-09 10:26:01Z on time future report... Program END 

Create log file
2016-05-09 10:31:00Z on time future report... Program Start
2016-05-09 10:31:00Z on time future report... Program END 

Create log file
2016-05-09 10:36:02Z on time future report... Program Start
2016-05-09 10:36:02Z on time future report... Program END 

Create log file
2016-05-09 10:41:01Z on time future report... Program Start
2016-05-09 10:41:01Z on time future report... Program END 

Create log file
2016-05-09 10:46:04Z on time future report... Program Start
2016-05-09 10:46:04Z on time future report... Program END 

Create log file
2016-05-09 10:51:00Z on time future report... Program Start
2016-05-09 10:51:00Z on time future report... Program END 

Create log file
2016-05-09 10:56:00Z on time future report... Program Start
2016-05-09 10:56:00Z on time future report... Program END 

Create log file
2016-05-09 11:01:03Z Send 國際股市==>  Program Start
2016-05-09 11:01:03Z Send 國際股市==>  Program END 

Create log file
2016-05-09 11:06:01Z on time future report... Program Start
2016-05-09 11:06:01Z on time future report... Program END 

Create log file
2016-05-09 11:11:00Z on time future report... Program Start
2016-05-09 11:11:00Z on time future report... Program END 

Create log file
2016-05-09 11:16:04Z on time future report... Program Start
2016-05-09 11:16:04Z on time future report... Program END 

Create log file
2016-05-09 11:21:01Z on time future report... Program Start
2016-05-09 11:21:01Z on time future report... Program END 

Create log file
2016-05-09 11:26:01Z on time future report... Program Start
2016-05-09 11:26:01Z on time future report... Program END 

Create log file
2016-05-09 11:31:00Z on time future report... Program Start
2016-05-09 11:31:00Z on time future report... Program END 

Create log file
2016-05-09 11:36:01Z on time future report... Program Start
2016-05-09 11:36:01Z on time future report... Program END 

Create log file
2016-05-09 11:41:00Z on time future report... Program Start
2016-05-09 11:41:00Z on time future report... Program END 

Create log file
2016-05-09 11:46:01Z on time future report... Program Start
2016-05-09 11:46:01Z on time future report... Program END 

Create log file
2016-05-09 11:51:00Z on time future report... Program Start
2016-05-09 11:51:00Z on time future report... Program END 

Create log file
2016-05-09 11:56:01Z on time future report... Program Start
2016-05-09 11:56:01Z on time future report... Program END 

Create log file
2016-05-09 12:01:01Z on time future report... Program Start
2016-05-09 12:01:01Z on time future report... Program END 

Create log file
2016-05-09 12:01:04Z Send 國際股市==>  Program Start
2016-05-09 12:01:04Z Send 國際股市==>  Program END 

Create log file
2016-05-09 12:06:01Z on time future report... Program Start
2016-05-09 12:06:01Z on time future report... Program END 

Create log file
2016-05-09 12:11:01Z on time future report... Program Start
2016-05-09 12:11:01Z on time future report... Program END 

Create log file
2016-05-09 12:16:01Z on time future report... Program Start
2016-05-09 12:16:01Z on time future report... Program END 

Create log file
2016-05-09 12:21:00Z on time future report... Program Start
2016-05-09 12:21:00Z on time future report... Program END 

Create log file
2016-05-09 12:26:01Z on time future report... Program Start
2016-05-09 12:26:01Z on time future report... Program END 

Create log file
2016-05-09 12:31:03Z on time future report... Program Start
2016-05-09 12:31:03Z on time future report... Program END 

Create log file
2016-05-09 12:36:01Z on time future report... Program Start
2016-05-09 12:36:01Z on time future report... Program END 

Create log file
2016-05-09 12:41:01Z on time future report... Program Start
2016-05-09 12:41:01Z on time future report... Program END 

Create log file
2016-05-09 12:46:03Z on time future report... Program Start
2016-05-09 12:46:03Z on time future report... Program END 

Create log file
2016-05-09 12:51:00Z on time future report... Program Start
2016-05-09 12:51:00Z on time future report... Program END 

Create log file
2016-05-09 12:56:00Z on time future report... Program Start
2016-05-09 12:56:00Z on time future report... Program END 

Create log file
2016-05-09 13:01:01Z on time future report... Program Start
2016-05-09 13:01:01Z on time future report... Program END 

Create log file
2016-05-09 13:01:04Z Send 國際股市==>  Program Start
2016-05-09 13:01:04Z Send 國際股市==>  Program END 

Create log file
2016-05-09 13:06:06Z on time future report... Program Start
2016-05-09 13:06:06Z on time future report... Program END 

Create log file
2016-05-09 13:11:02Z on time future report... Program Start
2016-05-09 13:11:02Z on time future report... Program END 

Create log file
2016-05-09 13:16:01Z on time future report... Program Start
2016-05-09 13:16:01Z on time future report... Program END 

Create log file
2016-05-09 13:21:00Z on time future report... Program Start
2016-05-09 13:21:00Z on time future report... Program END 

Create log file
2016-05-09 13:26:02Z on time future report... Program Start
2016-05-09 13:26:02Z on time future report... Program END 

Create log file
2016-05-09 13:31:01Z on time future report... Program Start
2016-05-09 13:31:01Z on time future report... Program END 

Create log file
2016-05-09 13:36:01Z on time future report... Program Start
2016-05-09 13:36:01Z on time future report... Program END 

Create log file
2016-05-09 13:41:00Z on time future report... Program Start
2016-05-09 13:41:00Z on time future report... Program END 

Create log file
2016-05-09 13:46:01Z on time future report... Program Start
2016-05-09 13:46:01Z on time future report... Program END 

Create log file
2016-05-09 14:01:02Z Send 國際股市==>  Program Start
2016-05-09 14:01:02Z Send 國際股市==>  Program END 

Create log file
2016-05-09 15:01:02Z Send 國際股市==>  Program Start
2016-05-09 15:01:02Z Send 國際股市==>  Program END 

Create log file
2016-05-09 15:50:18Z option_insert_daily Program Start
2016-05-09 15:50:18Z option_insert_daily Program END 

Create log file
2016-05-09 15:55:47Z Send Option_OIV_daily Program Start
2016-05-09 15:55:47Z Send Option_OIV_daily Program END 

Create log file
2016-05-09 16:01:01Z Send 國際股市==>  Program Start
2016-05-09 16:01:01Z Send 國際股市==>  Program END 

Create log file
2016-05-09 17:01:02Z Send 國際股市==>  Program Start
2016-05-09 17:01:02Z Send 國際股市==>  Program END 

Create log file
2016-05-09 18:01:03Z Send 國際股市==>  Program Start
2016-05-09 18:01:03Z Send 國際股市==>  Program END 

Create log file
2016-05-09 18:01:31Z Send 國際股市==>  Program Start
2016-05-09 18:01:31Z Send 國際股市==>  Program END 

Create log file
2016-05-09 18:01:54Z Send 國際股市==>  Program Start
2016-05-09 18:01:54Z Send 國際股市==>  Program END 

Create log file
2016-05-09 18:02:16Z Send 國際股市==>  Program Start
2016-05-09 18:02:16Z Send 國際股市==>  Program END 

Create log file
2016-05-09 18:02:39Z Send 國際股市==>  Program Start
2016-05-09 18:02:39Z Send 國際股市==>  Program END 

Create log file
2016-05-09 19:01:02Z Send 國際股市==>  Program Start
2016-05-09 19:01:02Z Send 國際股市==>  Program END 

Create log file
2016-05-09 19:01:29Z Send 國際股市==>  Program Start
2016-05-09 19:01:29Z Send 國際股市==>  Program END 

Create log file
2016-05-09 19:01:52Z Send 國際股市==>  Program Start
2016-05-09 19:01:52Z Send 國際股市==>  Program END 

Create log file
2016-05-09 19:02:13Z Send 國際股市==>  Program Start
2016-05-09 19:02:13Z Send 國際股市==>  Program END 

Create log file
2016-05-09 19:02:34Z Send 國際股市==>  Program Start
2016-05-09 19:02:34Z Send 國際股市==>  Program END 

Create log file
2016-05-09 20:01:02Z Send 國際股市==>  Program Start
2016-05-09 20:01:02Z Send 國際股市==>  Program END 

Create log file
2016-05-09 20:10:05Z stock_data_daily_create_file Program Start
2016-05-09 20:10:05Z stock_data_daily_create_file Program END 

Create log file
2016-05-09 20:20:01Z stock_data_insert_daily Program Start
2016-05-09 20:20:01Z stock_data_insert_daily Program END 

Create log file
2016-05-09 20:30:10Z Send 股市氣象台電子報-今日我最夯<==Strong_UP==>  Program Start
2016-05-09 20:30:10Z Send 股市氣象台電子報-今日我最夯<==Strong_UP==>  Program END 

Create log file
2016-05-09 21:01:00Z Send 國際股市==>  Program Start
2016-05-09 21:01:00Z Send 國際股市==>  Program END 

Create log file
2016-05-09 22:01:02Z Send 國際股市==>  Program Start
2016-05-09 22:01:02Z Send 國際股市==>  Program END 

Create log file
2016-05-09 22:01:28Z Send 國際股市==>  Program Start
2016-05-09 22:01:28Z Send 國際股市==>  Program END 

Create log file
2016-05-09 22:01:51Z Send 國際股市==>  Program Start
2016-05-09 22:01:51Z Send 國際股市==>  Program END 

Create log file
2016-05-09 23:01:02Z Send 國際股市==>  Program Start
2016-05-09 23:01:02Z Send 國際股市==>  Program END 

Create log file
2016-05-09 23:53:47Z Query Stock_id is 5347 Program Start
2016-05-09 23:53:47Z Query Stock_id is 5347 Program END 

Create log file
2016-05-09 23:53:47Z Query Stock_id is 3474 Program Start
2016-05-09 23:53:47Z Query Stock_id is 3474 Program END 

Create log file
2016-05-09 23:53:47Z Query Stock_id is 2449 Program Start
2016-05-09 23:53:47Z Query Stock_id is 2449 Program END 

Create log file
2016-05-09 23:53:47Z Query Stock_id is 3023 Program Start
2016-05-09 23:53:47Z Query Stock_id is 3023 Program END 

