Create log file
2016-02-22 08:01:03Z Send 國際股市==>  Program Start
2016-02-22 08:01:03Z Send 國際股市==>  Program END 

Create log file
2016-02-22 08:01:26Z Send 國際股市==>  Program Start
2016-02-22 08:01:26Z Send 國際股市==>  Program END 

Create log file
2016-02-22 08:01:49Z Send 國際股市==>  Program Start
2016-02-22 08:01:49Z Send 國際股市==>  Program END 

Create log file
2016-02-22 08:46:03Z on time future report... Program Start
2016-02-22 08:46:03Z on time future report... Program END 

Create log file
2016-02-22 08:51:03Z on time future report... Program Start
2016-02-22 08:51:03Z on time future report... Program END 

Create log file
2016-02-22 08:56:03Z on time future report... Program Start
2016-02-22 08:56:03Z on time future report... Program END 

Create log file
2016-02-22 09:01:03Z Send 國際股市==>  Program Start
2016-02-22 09:01:03Z Send 國際股市==>  Program END 

Create log file
2016-02-22 09:01:05Z on time future report... Program Start
2016-02-22 09:01:05Z on time future report... Program END 

Create log file
2016-02-22 09:06:05Z on time future report... Program Start
2016-02-22 09:06:05Z on time future report... Program END 

Create log file
2016-02-22 09:11:04Z on time future report... Program Start
2016-02-22 09:11:04Z on time future report... Program END 

Create log file
2016-02-22 09:16:04Z on time future report... Program Start
2016-02-22 09:16:04Z on time future report... Program END 

Create log file
2016-02-22 09:21:04Z on time future report... Program Start
2016-02-22 09:21:04Z on time future report... Program END 

Create log file
2016-02-22 09:26:03Z on time future report... Program Start
2016-02-22 09:26:03Z on time future report... Program END 

Create log file
2016-02-22 09:31:04Z on time future report... Program Start
2016-02-22 09:31:04Z on time future report... Program END 

Create log file
2016-02-22 09:36:04Z on time future report... Program Start
2016-02-22 09:36:04Z on time future report... Program END 

Create log file
2016-02-22 09:41:03Z on time future report... Program Start
2016-02-22 09:41:03Z on time future report... Program END 

Create log file
2016-02-22 09:46:07Z on time future report... Program Start
2016-02-22 09:46:07Z on time future report... Program END 

Create log file
2016-02-22 09:51:03Z on time future report... Program Start
2016-02-22 09:51:03Z on time future report... Program END 

Create log file
2016-02-22 09:56:04Z on time future report... Program Start
2016-02-22 09:56:04Z on time future report... Program END 

Create log file
2016-02-22 10:01:03Z Send 國際股市==>  Program Start
2016-02-22 10:01:03Z Send 國際股市==>  Program END 

Create log file
2016-02-22 10:01:03Z on time future report... Program Start
2016-02-22 10:01:03Z on time future report... Program END 

Create log file
2016-02-22 10:06:06Z on time future report... Program Start
2016-02-22 10:06:06Z on time future report... Program END 

Create log file
2016-02-22 10:11:01Z on time future report... Program Start
2016-02-22 10:11:01Z on time future report... Program END 

Create log file
2016-02-22 10:16:01Z on time future report... Program Start
2016-02-22 10:16:01Z on time future report... Program END 

Create log file
2016-02-22 10:21:01Z on time future report... Program Start
2016-02-22 10:21:01Z on time future report... Program END 

Create log file
2016-02-22 10:26:01Z on time future report... Program Start
2016-02-22 10:26:01Z on time future report... Program END 

Create log file
2016-02-22 10:31:03Z on time future report... Program Start
2016-02-22 10:31:03Z on time future report... Program END 

Create log file
2016-02-22 10:36:01Z on time future report... Program Start
2016-02-22 10:36:01Z on time future report... Program END 

Create log file
2016-02-22 10:41:02Z on time future report... Program Start
2016-02-22 10:41:02Z on time future report... Program END 

Create log file
2016-02-22 10:46:01Z on time future report... Program Start
2016-02-22 10:46:01Z on time future report... Program END 

Create log file
2016-02-22 10:51:01Z on time future report... Program Start
2016-02-22 10:51:01Z on time future report... Program END 

Create log file
2016-02-22 10:56:01Z on time future report... Program Start
2016-02-22 10:56:01Z on time future report... Program END 

Create log file
2016-02-22 11:01:01Z on time future report... Program Start
2016-02-22 11:01:01Z on time future report... Program END 

Create log file
2016-02-22 11:01:02Z Send 國際股市==>  Program Start
2016-02-22 11:01:02Z Send 國際股市==>  Program END 

Create log file
2016-02-22 11:06:01Z on time future report... Program Start
2016-02-22 11:06:01Z on time future report... Program END 

Create log file
2016-02-22 11:11:01Z on time future report... Program Start
2016-02-22 11:11:01Z on time future report... Program END 

Create log file
2016-02-22 11:16:01Z on time future report... Program Start
2016-02-22 11:16:01Z on time future report... Program END 

Create log file
2016-02-22 11:21:01Z on time future report... Program Start
2016-02-22 11:21:01Z on time future report... Program END 

Create log file
2016-02-22 11:26:01Z on time future report... Program Start
2016-02-22 11:26:01Z on time future report... Program END 

Create log file
2016-02-22 11:31:01Z on time future report... Program Start
2016-02-22 11:31:01Z on time future report... Program END 

Create log file
2016-02-22 11:36:01Z on time future report... Program Start
2016-02-22 11:36:01Z on time future report... Program END 

Create log file
2016-02-22 11:41:02Z on time future report... Program Start
2016-02-22 11:41:02Z on time future report... Program END 

Create log file
2016-02-22 11:46:03Z on time future report... Program Start
2016-02-22 11:46:03Z on time future report... Program END 

Create log file
2016-02-22 11:51:01Z on time future report... Program Start
2016-02-22 11:51:01Z on time future report... Program END 

Create log file
2016-02-22 11:56:01Z on time future report... Program Start
2016-02-22 11:56:01Z on time future report... Program END 

Create log file
2016-02-22 12:01:01Z Send 國際股市==>  Program Start
2016-02-22 12:01:01Z Send 國際股市==>  Program END 

Create log file
2016-02-22 12:01:28Z on time future report... Program Start
2016-02-22 12:01:28Z on time future report... Program END 

Create log file
2016-02-22 12:06:01Z on time future report... Program Start
2016-02-22 12:06:01Z on time future report... Program END 

Create log file
2016-02-22 12:11:01Z on time future report... Program Start
2016-02-22 12:11:01Z on time future report... Program END 

Create log file
2016-02-22 12:16:01Z on time future report... Program Start
2016-02-22 12:16:01Z on time future report... Program END 

Create log file
2016-02-22 12:21:02Z on time future report... Program Start
2016-02-22 12:21:02Z on time future report... Program END 

Create log file
2016-02-22 12:26:01Z on time future report... Program Start
2016-02-22 12:26:01Z on time future report... Program END 

Create log file
2016-02-22 12:31:03Z on time future report... Program Start
2016-02-22 12:31:03Z on time future report... Program END 

Create log file
2016-02-22 12:36:01Z on time future report... Program Start
2016-02-22 12:36:01Z on time future report... Program END 

Create log file
2016-02-22 12:41:03Z on time future report... Program Start
2016-02-22 12:41:03Z on time future report... Program END 

Create log file
2016-02-22 12:46:01Z on time future report... Program Start
2016-02-22 12:46:01Z on time future report... Program END 

Create log file
2016-02-22 12:51:05Z on time future report... Program Start
2016-02-22 12:51:05Z on time future report... Program END 

Create log file
2016-02-22 12:56:05Z on time future report... Program Start
2016-02-22 12:56:05Z on time future report... Program END 

Create log file
2016-02-22 13:01:03Z Send 國際股市==>  Program Start
2016-02-22 13:01:03Z Send 國際股市==>  Program END 

Create log file
2016-02-22 13:01:04Z on time future report... Program Start
2016-02-22 13:01:04Z on time future report... Program END 

Create log file
2016-02-22 13:06:03Z on time future report... Program Start
2016-02-22 13:06:03Z on time future report... Program END 

Create log file
2016-02-22 13:11:04Z on time future report... Program Start
2016-02-22 13:11:04Z on time future report... Program END 

Create log file
2016-02-22 13:16:07Z on time future report... Program Start
2016-02-22 13:16:07Z on time future report... Program END 

Create log file
2016-02-22 13:21:03Z on time future report... Program Start
2016-02-22 13:21:03Z on time future report... Program END 

Create log file
2016-02-22 13:26:03Z on time future report... Program Start
2016-02-22 13:26:03Z on time future report... Program END 

Create log file
2016-02-22 13:31:04Z on time future report... Program Start
2016-02-22 13:31:04Z on time future report... Program END 

Create log file
2016-02-22 13:36:04Z on time future report... Program Start
2016-02-22 13:36:04Z on time future report... Program END 

Create log file
2016-02-22 13:41:05Z on time future report... Program Start
2016-02-22 13:41:05Z on time future report... Program END 

Create log file
2016-02-22 13:46:03Z on time future report... Program Start
2016-02-22 13:46:03Z on time future report... Program END 

Create log file
2016-02-22 14:01:02Z Send 國際股市==>  Program Start
2016-02-22 14:01:02Z Send 國際股市==>  Program END 

Create log file
2016-02-22 15:01:03Z Send 國際股市==>  Program Start
2016-02-22 15:01:03Z Send 國際股市==>  Program END 

Create log file
2016-02-22 15:50:20Z option_insert_daily Program Start
2016-02-22 15:50:20Z option_insert_daily Program END 

Create log file
2016-02-22 15:55:55Z Send Option_OIV_daily Program Start
2016-02-22 15:55:55Z Send Option_OIV_daily Program END 

Create log file
2016-02-22 16:01:02Z Send 國際股市==>  Program Start
2016-02-22 16:01:02Z Send 國際股市==>  Program END 

Create log file
2016-02-22 17:01:03Z Send 國際股市==>  Program Start
2016-02-22 17:01:03Z Send 國際股市==>  Program END 

Create log file
2016-02-22 18:01:03Z Send 國際股市==>  Program Start
2016-02-22 18:01:03Z Send 國際股市==>  Program END 

Create log file
2016-02-22 18:01:31Z Send 國際股市==>  Program Start
2016-02-22 18:01:31Z Send 國際股市==>  Program END 

Create log file
2016-02-22 18:01:53Z Send 國際股市==>  Program Start
2016-02-22 18:01:53Z Send 國際股市==>  Program END 

Create log file
2016-02-22 18:02:15Z Send 國際股市==>  Program Start
2016-02-22 18:02:15Z Send 國際股市==>  Program END 

Create log file
2016-02-22 19:01:03Z Send 國際股市==>  Program Start
2016-02-22 19:01:03Z Send 國際股市==>  Program END 

Create log file
2016-02-22 19:01:29Z Send 國際股市==>  Program Start
2016-02-22 19:01:29Z Send 國際股市==>  Program END 

Create log file
2016-02-22 19:01:52Z Send 國際股市==>  Program Start
2016-02-22 19:01:52Z Send 國際股市==>  Program END 

Create log file
2016-02-22 20:01:03Z Send 國際股市==>  Program Start
2016-02-22 20:01:03Z Send 國際股市==>  Program END 

Create log file
2016-02-22 20:10:05Z stock_data_daily_create_file Program Start
2016-02-22 20:10:05Z stock_data_daily_create_file Program END 

Create log file
2016-02-22 20:20:07Z stock_data_insert_daily Program Start
2016-02-22 20:20:07Z stock_data_insert_daily Program END 

Create log file
2016-02-22 20:30:12Z Send 股市氣象台電子報-今日我最夯<==Strong_UP==>  Program Start
2016-02-22 20:30:12Z Send 股市氣象台電子報-今日我最夯<==Strong_UP==>  Program END 

Create log file
2016-02-22 21:01:03Z Send 國際股市==>  Program Start
2016-02-22 21:01:03Z Send 國際股市==>  Program END 

Create log file
2016-02-22 22:01:03Z Send 國際股市==>  Program Start
2016-02-22 22:01:03Z Send 國際股市==>  Program END 

Create log file
2016-02-22 22:01:29Z Send 國際股市==>  Program Start
2016-02-22 22:01:29Z Send 國際股市==>  Program END 

Create log file
2016-02-22 23:01:03Z Send 國際股市==>  Program Start
2016-02-22 23:01:03Z Send 國際股市==>  Program END 

Create log file
2016-02-22 23:37:09Z Query Stock_id is 2618 Program Start
2016-02-22 23:37:09Z Query Stock_id is 2618 Program END 

Create log file
2016-02-22 23:37:09Z Query Stock_id is 1460 Program Start
2016-02-22 23:37:09Z Query Stock_id is 1460 Program END 

Create log file
2016-02-22 23:37:10Z Query Stock_id is 2344 Program Start
2016-02-22 23:37:10Z Query Stock_id is 2344 Program END 

Create log file
2016-02-22 23:37:10Z Query Stock_id is 2610 Program Start
2016-02-22 23:37:10Z Query Stock_id is 2610 Program END 

Create log file
2016-02-22 23:37:10Z Query Stock_id is 3017 Program Start
2016-02-22 23:37:10Z Query Stock_id is 3017 Program END 

Create log file
2016-02-22 23:37:10Z Query Stock_id is 2355 Program Start
2016-02-22 23:37:10Z Query Stock_id is 2355 Program END 

Create log file
2016-02-22 23:37:10Z Query Stock_id is 2324 Program Start
2016-02-22 23:37:10Z Query Stock_id is 2324 Program END 

Create log file
2016-02-22 23:37:10Z Query Stock_id is 2356 Program Start
2016-02-22 23:37:10Z Query Stock_id is 2356 Program END 

Create log file
2016-02-22 23:37:11Z Query Stock_id is 2330 Program Start
2016-02-22 23:37:11Z Query Stock_id is 2330 Program END 

Create log file
2016-02-22 23:37:11Z Query Stock_id is 2449 Program Start
2016-02-22 23:37:11Z Query Stock_id is 2449 Program END 

Create log file
2016-02-22 23:37:11Z Query Stock_id is 3561 Program Start
2016-02-22 23:37:11Z Query Stock_id is 3561 Program END 

Create log file
2016-02-22 23:37:11Z Query Stock_id is 1789 Program Start
2016-02-22 23:37:11Z Query Stock_id is 1789 Program END 

Create log file
2016-02-22 23:37:11Z Query Stock_id is 9945 Program Start
2016-02-22 23:37:11Z Query Stock_id is 9945 Program END 

Create log file
2016-02-22 23:37:11Z Query Stock_id is 6244 Program Start
2016-02-22 23:37:11Z Query Stock_id is 6244 Program END 

Create log file
2016-02-22 23:37:12Z Query Stock_id is 3037 Program Start
2016-02-22 23:37:12Z Query Stock_id is 3037 Program END 

Create log file
2016-02-22 23:37:12Z Query Stock_id is 3576 Program Start
2016-02-22 23:37:12Z Query Stock_id is 3576 Program END 

Create log file
2016-02-22 23:37:12Z Query Stock_id is 3519 Program Start
2016-02-22 23:37:12Z Query Stock_id is 3519 Program END 

Create log file
2016-02-22 23:55:22Z Query Stock_id is 2618 Program Start
2016-02-22 23:55:22Z Query Stock_id is 2618 Program END 

Create log file
2016-02-22 23:55:22Z Query Stock_id is 1460 Program Start
2016-02-22 23:55:22Z Query Stock_id is 1460 Program END 

Create log file
2016-02-22 23:55:22Z Query Stock_id is 2344 Program Start
2016-02-22 23:55:22Z Query Stock_id is 2344 Program END 

Create log file
2016-02-22 23:55:22Z Query Stock_id is 2610 Program Start
2016-02-22 23:55:22Z Query Stock_id is 2610 Program END 

Create log file
2016-02-22 23:55:23Z Query Stock_id is 3017 Program Start
2016-02-22 23:55:23Z Query Stock_id is 3017 Program END 

Create log file
2016-02-22 23:55:23Z Query Stock_id is 2355 Program Start
2016-02-22 23:55:23Z Query Stock_id is 2355 Program END 

Create log file
2016-02-22 23:55:23Z Query Stock_id is 2324 Program Start
2016-02-22 23:55:23Z Query Stock_id is 2324 Program END 

Create log file
2016-02-22 23:55:23Z Query Stock_id is 2356 Program Start
2016-02-22 23:55:23Z Query Stock_id is 2356 Program END 

Create log file
2016-02-22 23:55:23Z Query Stock_id is 2330 Program Start
2016-02-22 23:55:23Z Query Stock_id is 2330 Program END 

Create log file
2016-02-22 23:55:23Z Query Stock_id is 2449 Program Start
2016-02-22 23:55:23Z Query Stock_id is 2449 Program END 

Create log file
2016-02-22 23:55:23Z Query Stock_id is 3561 Program Start
2016-02-22 23:55:23Z Query Stock_id is 3561 Program END 

Create log file
2016-02-22 23:55:24Z Query Stock_id is 1789 Program Start
2016-02-22 23:55:24Z Query Stock_id is 1789 Program END 

Create log file
2016-02-22 23:55:24Z Query Stock_id is 9945 Program Start
2016-02-22 23:55:24Z Query Stock_id is 9945 Program END 

Create log file
2016-02-22 23:55:24Z Query Stock_id is 6244 Program Start
2016-02-22 23:55:24Z Query Stock_id is 6244 Program END 

Create log file
2016-02-22 23:55:24Z Query Stock_id is 3037 Program Start
2016-02-22 23:55:24Z Query Stock_id is 3037 Program END 

Create log file
2016-02-22 23:55:24Z Query Stock_id is 3576 Program Start
2016-02-22 23:55:24Z Query Stock_id is 3576 Program END 

Create log file
2016-02-22 23:55:24Z Query Stock_id is 3519 Program Start
2016-02-22 23:55:24Z Query Stock_id is 3519 Program END 

