Create log file
2016-05-18 00:01:02Z Send 國際股市==>  Program Start
2016-05-18 00:01:02Z Send 國際股市==>  Program END 

Create log file
2016-05-18 00:10:21Z Query Stock_id is 3105 Program Start
2016-05-18 00:10:21Z Query Stock_id is 3105 Program END 

Create log file
2016-05-18 00:10:24Z Query Stock_id is 3231 Program Start
2016-05-18 00:10:24Z Query Stock_id is 3231 Program END 

Create log file
2016-05-18 00:10:24Z Query Stock_id is 2345 Program Start
2016-05-18 00:10:24Z Query Stock_id is 2345 Program END 

Create log file
2016-05-18 00:10:24Z Query Stock_id is 2891 Program Start
2016-05-18 00:10:24Z Query Stock_id is 2891 Program END 

Create log file
2016-05-18 00:10:24Z Query Stock_id is 2105 Program Start
2016-05-18 00:10:24Z Query Stock_id is 2105 Program END 

Create log file
2016-05-18 00:10:24Z Query Stock_id is 2354 Program Start
2016-05-18 00:10:24Z Query Stock_id is 2354 Program END 

Create log file
2016-05-18 00:10:24Z Query Stock_id is 1210 Program Start
2016-05-18 00:10:24Z Query Stock_id is 1210 Program END 

Create log file
2016-05-18 00:10:25Z Query Stock_id is 1326 Program Start
2016-05-18 00:10:25Z Query Stock_id is 1326 Program END 

Create log file
2016-05-18 00:10:25Z Query Stock_id is 2449 Program Start
2016-05-18 00:10:25Z Query Stock_id is 2449 Program END 

Create log file
2016-05-18 00:10:25Z Query Stock_id is 2880 Program Start
2016-05-18 00:10:25Z Query Stock_id is 2880 Program END 

Create log file
2016-05-18 00:10:25Z Query Stock_id is 3474 Program Start
2016-05-18 00:10:25Z Query Stock_id is 3474 Program END 

Create log file
2016-05-18 00:10:25Z Query Stock_id is 2886 Program Start
2016-05-18 00:10:25Z Query Stock_id is 2886 Program END 

Create log file
2016-05-18 00:10:25Z Query Stock_id is 2408 Program Start
2016-05-18 00:10:25Z Query Stock_id is 2408 Program END 

Create log file
2016-05-18 01:01:03Z Send 國際股市==>  Program Start
2016-05-18 01:01:03Z Send 國際股市==>  Program END 

Create log file
2016-05-18 08:01:02Z Send 國際股市==>  Program Start
2016-05-18 08:01:02Z Send 國際股市==>  Program END 

Create log file
2016-05-18 08:01:28Z Send 國際股市==>  Program Start
2016-05-18 08:01:28Z Send 國際股市==>  Program END 

Create log file
2016-05-18 08:01:51Z Send 國際股市==>  Program Start
2016-05-18 08:01:51Z Send 國際股市==>  Program END 

Create log file
2016-05-18 08:02:13Z Send 國際股市==>  Program Start
2016-05-18 08:02:13Z Send 國際股市==>  Program END 

Create log file
2016-05-18 08:46:03Z on time future report... Program Start
2016-05-18 08:46:03Z on time future report... Program END 

Create log file
2016-05-18 08:51:03Z on time future report... Program Start
2016-05-18 08:51:03Z on time future report... Program END 

Create log file
2016-05-18 08:56:03Z on time future report... Program Start
2016-05-18 08:56:03Z on time future report... Program END 

Create log file
2016-05-18 09:01:04Z Send 國際股市==>  Program Start
2016-05-18 09:01:04Z Send 國際股市==>  Program END 

Create log file
2016-05-18 09:01:04Z on time future report... Program Start
2016-05-18 09:01:04Z on time future report... Program END 

Create log file
2016-05-18 09:06:03Z on time future report... Program Start
2016-05-18 09:06:03Z on time future report... Program END 

Create log file
2016-05-18 09:11:03Z on time future report... Program Start
2016-05-18 09:11:03Z on time future report... Program END 

Create log file
2016-05-18 09:16:03Z on time future report... Program Start
2016-05-18 09:16:03Z on time future report... Program END 

Create log file
2016-05-18 09:21:03Z on time future report... Program Start
2016-05-18 09:21:03Z on time future report... Program END 

Create log file
2016-05-18 09:26:03Z on time future report... Program Start
2016-05-18 09:26:03Z on time future report... Program END 

Create log file
2016-05-18 09:31:03Z on time future report... Program Start
2016-05-18 09:31:03Z on time future report... Program END 

Create log file
2016-05-18 09:36:03Z on time future report... Program Start
2016-05-18 09:36:03Z on time future report... Program END 

Create log file
2016-05-18 09:41:03Z on time future report... Program Start
2016-05-18 09:41:03Z on time future report... Program END 

Create log file
2016-05-18 09:46:06Z on time future report... Program Start
2016-05-18 09:46:06Z on time future report... Program END 

Create log file
2016-05-18 09:51:03Z on time future report... Program Start
2016-05-18 09:51:03Z on time future report... Program END 

Create log file
2016-05-18 09:56:03Z on time future report... Program Start
2016-05-18 09:56:03Z on time future report... Program END 

Create log file
2016-05-18 10:01:03Z Send 國際股市==>  Program Start
2016-05-18 10:01:03Z Send 國際股市==>  Program END 

Create log file
2016-05-18 10:01:04Z on time future report... Program Start
2016-05-18 10:01:04Z on time future report... Program END 

Create log file
2016-05-18 10:06:03Z on time future report... Program Start
2016-05-18 10:06:03Z on time future report... Program END 

Create log file
2016-05-18 10:11:03Z on time future report... Program Start
2016-05-18 10:11:03Z on time future report... Program END 

Create log file
2016-05-18 10:16:05Z on time future report... Program Start
2016-05-18 10:16:05Z on time future report... Program END 

Create log file
2016-05-18 10:21:03Z on time future report... Program Start
2016-05-18 10:21:03Z on time future report... Program END 

Create log file
2016-05-18 10:26:05Z on time future report... Program Start
2016-05-18 10:26:05Z on time future report... Program END 

Create log file
2016-05-18 10:31:03Z on time future report... Program Start
2016-05-18 10:31:03Z on time future report... Program END 

Create log file
2016-05-18 10:36:03Z on time future report... Program Start
2016-05-18 10:36:03Z on time future report... Program END 

Create log file
2016-05-18 10:41:03Z on time future report... Program Start
2016-05-18 10:41:03Z on time future report... Program END 

Create log file
2016-05-18 10:46:08Z on time future report... Program Start
2016-05-18 10:46:08Z on time future report... Program END 

Create log file
2016-05-18 10:51:03Z on time future report... Program Start
2016-05-18 10:51:03Z on time future report... Program END 

Create log file
2016-05-18 10:56:03Z on time future report... Program Start
2016-05-18 10:56:03Z on time future report... Program END 

Create log file
2016-05-18 11:01:02Z Send 國際股市==>  Program Start
2016-05-18 11:01:02Z Send 國際股市==>  Program END 

Create log file
2016-05-18 11:01:05Z on time future report... Program Start
2016-05-18 11:01:05Z on time future report... Program END 

Create log file
2016-05-18 11:06:05Z on time future report... Program Start
2016-05-18 11:06:05Z on time future report... Program END 

Create log file
2016-05-18 11:11:03Z on time future report... Program Start
2016-05-18 11:11:03Z on time future report... Program END 

Create log file
2016-05-18 11:16:03Z on time future report... Program Start
2016-05-18 11:16:03Z on time future report... Program END 

Create log file
2016-05-18 11:21:03Z on time future report... Program Start
2016-05-18 11:21:03Z on time future report... Program END 

Create log file
2016-05-18 11:26:03Z on time future report... Program Start
2016-05-18 11:26:03Z on time future report... Program END 

Create log file
2016-05-18 11:31:03Z on time future report... Program Start
2016-05-18 11:31:03Z on time future report... Program END 

Create log file
2016-05-18 11:36:03Z on time future report... Program Start
2016-05-18 11:36:03Z on time future report... Program END 

Create log file
2016-05-18 11:41:03Z on time future report... Program Start
2016-05-18 11:41:03Z on time future report... Program END 

Create log file
2016-05-18 11:46:03Z on time future report... Program Start
2016-05-18 11:46:03Z on time future report... Program END 

Create log file
2016-05-18 11:51:06Z on time future report... Program Start
2016-05-18 11:51:06Z on time future report... Program END 

Create log file
2016-05-18 11:56:03Z on time future report... Program Start
2016-05-18 11:56:03Z on time future report... Program END 

Create log file
2016-05-18 12:01:03Z Send 國際股市==>  Program Start
2016-05-18 12:01:03Z Send 國際股市==>  Program END 

Create log file
2016-05-18 12:01:07Z on time future report... Program Start
2016-05-18 12:01:07Z on time future report... Program END 

Create log file
2016-05-18 12:06:03Z on time future report... Program Start
2016-05-18 12:06:03Z on time future report... Program END 

Create log file
2016-05-18 12:11:03Z on time future report... Program Start
2016-05-18 12:11:03Z on time future report... Program END 

Create log file
2016-05-18 12:16:03Z on time future report... Program Start
2016-05-18 12:16:03Z on time future report... Program END 

Create log file
2016-05-18 12:21:03Z on time future report... Program Start
2016-05-18 12:21:03Z on time future report... Program END 

Create log file
2016-05-18 12:26:05Z on time future report... Program Start
2016-05-18 12:26:05Z on time future report... Program END 

Create log file
2016-05-18 12:31:03Z on time future report... Program Start
2016-05-18 12:31:03Z on time future report... Program END 

Create log file
2016-05-18 12:36:03Z on time future report... Program Start
2016-05-18 12:36:03Z on time future report... Program END 

Create log file
2016-05-18 12:41:03Z on time future report... Program Start
2016-05-18 12:41:03Z on time future report... Program END 

Create log file
2016-05-18 12:46:03Z on time future report... Program Start
2016-05-18 12:46:03Z on time future report... Program END 

Create log file
2016-05-18 12:51:03Z on time future report... Program Start
2016-05-18 12:51:03Z on time future report... Program END 

Create log file
2016-05-18 12:56:04Z on time future report... Program Start
2016-05-18 12:56:04Z on time future report... Program END 

Create log file
2016-05-18 13:01:03Z Send 國際股市==>  Program Start
2016-05-18 13:01:03Z Send 國際股市==>  Program END 

Create log file
2016-05-18 13:01:05Z on time future report... Program Start
2016-05-18 13:01:05Z on time future report... Program END 

Create log file
2016-05-18 13:06:04Z on time future report... Program Start
2016-05-18 13:06:04Z on time future report... Program END 

Create log file
2016-05-18 13:11:03Z on time future report... Program Start
2016-05-18 13:11:03Z on time future report... Program END 

Create log file
2016-05-18 13:21:01Z on time future report... Program Start
2016-05-18 13:21:01Z on time future report... Program END 

Create log file
2016-05-18 13:26:01Z on time future report... Program Start
2016-05-18 13:26:01Z on time future report... Program END 

Create log file
2016-05-18 13:31:00Z on time future report... Program Start
2016-05-18 13:31:00Z on time future report... Program END 

Create log file
2016-05-18 13:36:04Z on time future report... Program Start
2016-05-18 13:36:04Z on time future report... Program END 

Create log file
2016-05-18 13:41:00Z on time future report... Program Start
2016-05-18 13:41:00Z on time future report... Program END 

Create log file
2016-05-18 13:46:01Z on time future report... Program Start
2016-05-18 13:46:01Z on time future report... Program END 

Create log file
2016-05-18 14:01:02Z Send 國際股市==>  Program Start
2016-05-18 14:01:02Z Send 國際股市==>  Program END 

Create log file
2016-05-18 15:01:02Z Send 國際股市==>  Program Start
2016-05-18 15:01:02Z Send 國際股市==>  Program END 

Create log file
2016-05-18 15:50:18Z option_insert_daily Program Start
2016-05-18 15:50:18Z option_insert_daily Program END 

Create log file
2016-05-18 15:56:01Z Send Option_OIV_daily Program Start
2016-05-18 15:56:01Z Send Option_OIV_daily Program END 

Create log file
2016-05-18 16:01:03Z Send 國際股市==>  Program Start
2016-05-18 16:01:03Z Send 國際股市==>  Program END 

Create log file
2016-05-18 17:01:02Z Send 國際股市==>  Program Start
2016-05-18 17:01:02Z Send 國際股市==>  Program END 

Create log file
2016-05-18 18:01:02Z Send 國際股市==>  Program Start
2016-05-18 18:01:02Z Send 國際股市==>  Program END 

Create log file
2016-05-18 18:01:29Z Send 國際股市==>  Program Start
2016-05-18 18:01:29Z Send 國際股市==>  Program END 

Create log file
2016-05-18 18:01:50Z Send 國際股市==>  Program Start
2016-05-18 18:01:50Z Send 國際股市==>  Program END 

Create log file
2016-05-18 18:02:13Z Send 國際股市==>  Program Start
2016-05-18 18:02:13Z Send 國際股市==>  Program END 

Create log file
2016-05-18 18:02:36Z Send 國際股市==>  Program Start
2016-05-18 18:02:36Z Send 國際股市==>  Program END 

Create log file
2016-05-18 18:28:52Z Query Stock_id is 3105 Program Start
2016-05-18 18:28:52Z Query Stock_id is 3105 Program END 

Create log file
2016-05-18 18:28:52Z Query Stock_id is 3231 Program Start
2016-05-18 18:28:52Z Query Stock_id is 3231 Program END 

Create log file
2016-05-18 18:28:52Z Query Stock_id is 2345 Program Start
2016-05-18 18:28:52Z Query Stock_id is 2345 Program END 

Create log file
2016-05-18 18:28:52Z Query Stock_id is 2891 Program Start
2016-05-18 18:28:52Z Query Stock_id is 2891 Program END 

Create log file
2016-05-18 18:28:53Z Query Stock_id is 2105 Program Start
2016-05-18 18:28:53Z Query Stock_id is 2105 Program END 

Create log file
2016-05-18 18:28:53Z Query Stock_id is 2354 Program Start
2016-05-18 18:28:53Z Query Stock_id is 2354 Program END 

Create log file
2016-05-18 18:28:53Z Query Stock_id is 1210 Program Start
2016-05-18 18:28:53Z Query Stock_id is 1210 Program END 

Create log file
2016-05-18 18:28:53Z Query Stock_id is 1326 Program Start
2016-05-18 18:28:53Z Query Stock_id is 1326 Program END 

Create log file
2016-05-18 18:28:53Z Query Stock_id is 2449 Program Start
2016-05-18 18:28:53Z Query Stock_id is 2449 Program END 

Create log file
2016-05-18 18:28:53Z Query Stock_id is 2880 Program Start
2016-05-18 18:28:53Z Query Stock_id is 2880 Program END 

Create log file
2016-05-18 18:28:54Z Query Stock_id is 3474 Program Start
2016-05-18 18:28:54Z Query Stock_id is 3474 Program END 

Create log file
2016-05-18 18:28:54Z Query Stock_id is 2886 Program Start
2016-05-18 18:28:54Z Query Stock_id is 2886 Program END 

Create log file
2016-05-18 18:28:54Z Query Stock_id is 2408 Program Start
2016-05-18 18:28:54Z Query Stock_id is 2408 Program END 

Create log file
2016-05-18 19:01:04Z Send 國際股市==>  Program Start
2016-05-18 19:01:04Z Send 國際股市==>  Program END 

Create log file
2016-05-18 19:01:30Z Send 國際股市==>  Program Start
2016-05-18 19:01:30Z Send 國際股市==>  Program END 

Create log file
2016-05-18 19:01:54Z Send 國際股市==>  Program Start
2016-05-18 19:01:54Z Send 國際股市==>  Program END 

Create log file
2016-05-18 19:02:15Z Send 國際股市==>  Program Start
2016-05-18 19:02:15Z Send 國際股市==>  Program END 

Create log file
2016-05-18 19:02:36Z Send 國際股市==>  Program Start
2016-05-18 19:02:36Z Send 國際股市==>  Program END 

Create log file
2016-05-18 20:01:02Z Send 國際股市==>  Program Start
2016-05-18 20:01:02Z Send 國際股市==>  Program END 

Create log file
2016-05-18 20:10:08Z stock_data_daily_create_file Program Start
2016-05-18 20:10:08Z stock_data_daily_create_file Program END 

Create log file
2016-05-18 20:20:04Z stock_data_insert_daily Program Start
2016-05-18 20:20:04Z stock_data_insert_daily Program END 

Create log file
2016-05-18 20:30:08Z Send 股市氣象台電子報-今日我最夯<==Strong_UP==>  Program Start
2016-05-18 20:30:08Z Send 股市氣象台電子報-今日我最夯<==Strong_UP==>  Program END 

Create log file
2016-05-18 21:01:02Z Send 國際股市==>  Program Start
2016-05-18 21:01:02Z Send 國際股市==>  Program END 

Create log file
2016-05-18 22:01:02Z Send 國際股市==>  Program Start
2016-05-18 22:01:02Z Send 國際股市==>  Program END 

Create log file
2016-05-18 22:01:31Z Send 國際股市==>  Program Start
2016-05-18 22:01:31Z Send 國際股市==>  Program END 

Create log file
2016-05-18 22:01:53Z Send 國際股市==>  Program Start
2016-05-18 22:01:53Z Send 國際股市==>  Program END 

Create log file
2016-05-18 23:01:02Z Send 國際股市==>  Program Start
2016-05-18 23:01:02Z Send 國際股市==>  Program END 

Create log file
2016-05-18 23:35:12Z Query Stock_id is 2105 Program Start
2016-05-18 23:35:12Z Query Stock_id is 2105 Program END 

Create log file
2016-05-18 23:35:12Z Query Stock_id is 2301 Program Start
2016-05-18 23:35:12Z Query Stock_id is 2301 Program END 

Create log file
2016-05-18 23:35:12Z Query Stock_id is 2886 Program Start
2016-05-18 23:35:12Z Query Stock_id is 2886 Program END 

Create log file
2016-05-18 23:35:12Z Query Stock_id is 1326 Program Start
2016-05-18 23:35:12Z Query Stock_id is 1326 Program END 

Create log file
2016-05-18 23:35:12Z Query Stock_id is 3105 Program Start
2016-05-18 23:35:12Z Query Stock_id is 3105 Program END 

Create log file
2016-05-18 23:35:13Z Query Stock_id is 6269 Program Start
2016-05-18 23:35:13Z Query Stock_id is 6269 Program END 

Create log file
2016-05-18 23:35:13Z Query Stock_id is 3045 Program Start
2016-05-18 23:35:13Z Query Stock_id is 3045 Program END 

Create log file
2016-05-18 23:35:13Z Query Stock_id is 2345 Program Start
2016-05-18 23:35:13Z Query Stock_id is 2345 Program END 

Create log file
2016-05-18 23:35:13Z Query Stock_id is 3105 Program Start
2016-05-18 23:35:13Z Query Stock_id is 3105 Program END 

Create log file
2016-05-18 23:35:13Z Query Stock_id is 3231 Program Start
2016-05-18 23:35:13Z Query Stock_id is 3231 Program END 

Create log file
2016-05-18 23:35:13Z Query Stock_id is 2345 Program Start
2016-05-18 23:35:13Z Query Stock_id is 2345 Program END 

Create log file
2016-05-18 23:35:14Z Query Stock_id is 2891 Program Start
2016-05-18 23:35:14Z Query Stock_id is 2891 Program END 

Create log file
2016-05-18 23:35:14Z Query Stock_id is 2105 Program Start
2016-05-18 23:35:14Z Query Stock_id is 2105 Program END 

Create log file
2016-05-18 23:35:14Z Query Stock_id is 2354 Program Start
2016-05-18 23:35:14Z Query Stock_id is 2354 Program END 

Create log file
2016-05-18 23:35:14Z Query Stock_id is 1210 Program Start
2016-05-18 23:35:14Z Query Stock_id is 1210 Program END 

Create log file
2016-05-18 23:35:14Z Query Stock_id is 1326 Program Start
2016-05-18 23:35:14Z Query Stock_id is 1326 Program END 

Create log file
2016-05-18 23:35:15Z Query Stock_id is 2449 Program Start
2016-05-18 23:35:15Z Query Stock_id is 2449 Program END 

Create log file
2016-05-18 23:35:15Z Query Stock_id is 2880 Program Start
2016-05-18 23:35:15Z Query Stock_id is 2880 Program END 

Create log file
2016-05-18 23:35:15Z Query Stock_id is 3474 Program Start
2016-05-18 23:35:15Z Query Stock_id is 3474 Program END 

Create log file
2016-05-18 23:35:15Z Query Stock_id is 2886 Program Start
2016-05-18 23:35:15Z Query Stock_id is 2886 Program END 

Create log file
2016-05-18 23:35:15Z Query Stock_id is 2408 Program Start
2016-05-18 23:35:15Z Query Stock_id is 2408 Program END 

