Create log file
2016-12-23 00:01:03Z Send 國際股市==>  Program Start
2016-12-23 00:01:03Z Send 國際股市==>  Program END 

Create log file
2016-12-23 01:01:03Z Send 國際股市==>  Program Start
2016-12-23 01:01:03Z Send 國際股市==>  Program END 

Create log file
2016-12-23 19:29:14Z Send 國際股市==>  Program Start
2016-12-23 19:29:14Z Send 國際股市==>  Program END 

Create log file
2016-12-23 19:29:41Z Send 國際股市==>  Program Start
2016-12-23 19:29:41Z Send 國際股市==>  Program END 

Create log file
2016-12-23 19:30:13Z Send 國際股市==>  Program Start
2016-12-23 19:30:13Z Send 國際股市==>  Program END 

Create log file
2016-12-23 19:30:33Z Send 國際股市==>  Program Start
2016-12-23 19:30:33Z Send 國際股市==>  Program END 

Create log file
2016-12-23 20:01:03Z Send 國際股市==>  Program Start
2016-12-23 20:01:03Z Send 國際股市==>  Program END 

Create log file
2016-12-23 20:10:06Z stock_data_daily_create_file Program Start
2016-12-23 20:10:06Z stock_data_daily_create_file Program END 

Create log file
2016-12-23 20:20:04Z stock_data_insert_daily Program Start
2016-12-23 20:20:04Z stock_data_insert_daily Program END 

Create log file
2016-12-23 20:30:10Z Send 股市氣象台電子報-今日我最夯<==Strong_UP==>  Program Start
2016-12-23 20:30:10Z Send 股市氣象台電子報-今日我最夯<==Strong_UP==>  Program END 

Create log file
2016-12-23 21:01:03Z Send 國際股市==>  Program Start
2016-12-23 21:01:03Z Send 國際股市==>  Program END 

Create log file
2016-12-23 22:01:03Z Send 國際股市==>  Program Start
2016-12-23 22:01:03Z Send 國際股市==>  Program END 

Create log file
2016-12-23 22:01:29Z Send 國際股市==>  Program Start
2016-12-23 22:01:29Z Send 國際股市==>  Program END 

Create log file
2016-12-23 22:01:51Z Send 國際股市==>  Program Start
2016-12-23 22:01:51Z Send 國際股市==>  Program END 

Create log file
2016-12-23 23:01:03Z Send 國際股市==>  Program Start
2016-12-23 23:01:03Z Send 國際股市==>  Program END 

Create log file
2016-12-23 23:01:28Z Send 國際股市==>  Program Start
2016-12-23 23:01:28Z Send 國際股市==>  Program END 

