Create log file
2016-12-29 00:01:02Z Send 國際股市==>  Program Start
2016-12-29 00:01:02Z Send 國際股市==>  Program END 

Create log file
2016-12-29 01:01:03Z Send 國際股市==>  Program Start
2016-12-29 01:01:03Z Send 國際股市==>  Program END 

Create log file
2016-12-29 08:01:03Z Send 國際股市==>  Program Start
2016-12-29 08:01:03Z Send 國際股市==>  Program END 

Create log file
2016-12-29 08:01:28Z Send 國際股市==>  Program Start
2016-12-29 08:01:28Z Send 國際股市==>  Program END 

Create log file
2016-12-29 08:01:50Z Send 國際股市==>  Program Start
2016-12-29 08:01:50Z Send 國際股市==>  Program END 

Create log file
2016-12-29 08:02:13Z Send 國際股市==>  Program Start
2016-12-29 08:02:13Z Send 國際股市==>  Program END 

Create log file
2016-12-29 08:46:03Z on time future report... Program Start
2016-12-29 08:46:03Z on time future report... Program END 

Create log file
2016-12-29 08:51:04Z on time future report... Program Start
2016-12-29 08:51:04Z on time future report... Program END 

Create log file
2016-12-29 08:56:05Z on time future report... Program Start
2016-12-29 08:56:05Z on time future report... Program END 

Create log file
2016-12-29 09:01:03Z Send 國際股市==>  Program Start
2016-12-29 09:01:03Z Send 國際股市==>  Program END 

Create log file
2016-12-29 09:01:06Z on time future report... Program Start
2016-12-29 09:01:06Z on time future report... Program END 

Create log file
2016-12-29 09:06:03Z on time future report... Program Start
2016-12-29 09:06:03Z on time future report... Program END 

Create log file
2016-12-29 09:11:05Z on time future report... Program Start
2016-12-29 09:11:05Z on time future report... Program END 

Create log file
2016-12-29 09:21:01Z on time future report... Program Start
2016-12-29 09:21:01Z on time future report... Program END 

Create log file
2016-12-29 09:26:01Z on time future report... Program Start
2016-12-29 09:26:01Z on time future report... Program END 

Create log file
2016-12-29 09:31:01Z on time future report... Program Start
2016-12-29 09:31:01Z on time future report... Program END 

Create log file
2016-12-29 09:36:03Z on time future report... Program Start
2016-12-29 09:36:03Z on time future report... Program END 

Create log file
2016-12-29 09:41:01Z on time future report... Program Start
2016-12-29 09:41:01Z on time future report... Program END 

Create log file
2016-12-29 09:46:01Z on time future report... Program Start
2016-12-29 09:46:01Z on time future report... Program END 

Create log file
2016-12-29 09:51:01Z on time future report... Program Start
2016-12-29 09:51:01Z on time future report... Program END 

Create log file
2016-12-29 09:56:01Z on time future report... Program Start
2016-12-29 09:56:01Z on time future report... Program END 

Create log file
2016-12-29 10:01:02Z on time future report... Program Start
2016-12-29 10:01:02Z on time future report... Program END 

Create log file
2016-12-29 10:06:01Z on time future report... Program Start
2016-12-29 10:06:01Z on time future report... Program END 

Create log file
2016-12-29 10:11:01Z on time future report... Program Start
2016-12-29 10:11:01Z on time future report... Program END 

Create log file
2016-12-29 10:16:01Z on time future report... Program Start
2016-12-29 10:16:01Z on time future report... Program END 

Create log file
2016-12-29 10:21:01Z on time future report... Program Start
2016-12-29 10:21:01Z on time future report... Program END 

Create log file
2016-12-29 10:26:02Z on time future report... Program Start
2016-12-29 10:26:02Z on time future report... Program END 

Create log file
2016-12-29 10:31:03Z on time future report... Program Start
2016-12-29 10:31:03Z on time future report... Program END 

Create log file
2016-12-29 10:36:02Z on time future report... Program Start
2016-12-29 10:36:02Z on time future report... Program END 

Create log file
2016-12-29 10:41:03Z on time future report... Program Start
2016-12-29 10:41:03Z on time future report... Program END 

Create log file
2016-12-29 10:46:01Z on time future report... Program Start
2016-12-29 10:46:01Z on time future report... Program END 

Create log file
2016-12-29 10:51:01Z on time future report... Program Start
2016-12-29 10:51:01Z on time future report... Program END 

Create log file
2016-12-29 10:56:01Z on time future report... Program Start
2016-12-29 10:56:01Z on time future report... Program END 

Create log file
2016-12-29 11:01:02Z on time future report... Program Start
2016-12-29 11:01:02Z on time future report... Program END 

Create log file
2016-12-29 11:01:02Z Send 國際股市==>  Program Start
2016-12-29 11:01:02Z Send 國際股市==>  Program END 

Create log file
2016-12-29 11:06:01Z on time future report... Program Start
2016-12-29 11:06:01Z on time future report... Program END 

Create log file
2016-12-29 11:11:01Z on time future report... Program Start
2016-12-29 11:11:01Z on time future report... Program END 

Create log file
2016-12-29 11:16:01Z on time future report... Program Start
2016-12-29 11:16:01Z on time future report... Program END 

Create log file
2016-12-29 11:21:01Z on time future report... Program Start
2016-12-29 11:21:01Z on time future report... Program END 

Create log file
2016-12-29 11:26:04Z on time future report... Program Start
2016-12-29 11:26:04Z on time future report... Program END 

Create log file
2016-12-29 11:31:01Z on time future report... Program Start
2016-12-29 11:31:01Z on time future report... Program END 

Create log file
2016-12-29 11:36:03Z on time future report... Program Start
2016-12-29 11:36:03Z on time future report... Program END 

Create log file
2016-12-29 11:41:01Z on time future report... Program Start
2016-12-29 11:41:01Z on time future report... Program END 

Create log file
2016-12-29 11:46:01Z on time future report... Program Start
2016-12-29 11:46:01Z on time future report... Program END 

Create log file
2016-12-29 11:51:01Z on time future report... Program Start
2016-12-29 11:51:01Z on time future report... Program END 

Create log file
2016-12-29 11:56:01Z on time future report... Program Start
2016-12-29 11:56:01Z on time future report... Program END 

Create log file
2016-12-29 12:01:01Z on time future report... Program Start
2016-12-29 12:01:01Z on time future report... Program END 

Create log file
2016-12-29 12:01:01Z Send 國際股市==>  Program Start
2016-12-29 12:01:01Z Send 國際股市==>  Program END 

Create log file
2016-12-29 12:06:01Z on time future report... Program Start
2016-12-29 12:06:01Z on time future report... Program END 

Create log file
2016-12-29 12:11:01Z on time future report... Program Start
2016-12-29 12:11:01Z on time future report... Program END 

Create log file
2016-12-29 12:16:02Z on time future report... Program Start
2016-12-29 12:16:02Z on time future report... Program END 

Create log file
2016-12-29 12:21:03Z on time future report... Program Start
2016-12-29 12:21:03Z on time future report... Program END 

Create log file
2016-12-29 12:26:04Z on time future report... Program Start
2016-12-29 12:26:04Z on time future report... Program END 

Create log file
2016-12-29 12:31:03Z on time future report... Program Start
2016-12-29 12:31:03Z on time future report... Program END 

Create log file
2016-12-29 12:36:01Z on time future report... Program Start
2016-12-29 12:36:01Z on time future report... Program END 

Create log file
2016-12-29 12:41:04Z on time future report... Program Start
2016-12-29 12:41:04Z on time future report... Program END 

Create log file
2016-12-29 12:46:01Z on time future report... Program Start
2016-12-29 12:46:01Z on time future report... Program END 

Create log file
2016-12-29 12:51:01Z on time future report... Program Start
2016-12-29 12:51:01Z on time future report... Program END 

Create log file
2016-12-29 12:56:01Z on time future report... Program Start
2016-12-29 12:56:01Z on time future report... Program END 

Create log file
2016-12-29 13:01:02Z on time future report... Program Start
2016-12-29 13:01:02Z on time future report... Program END 

Create log file
2016-12-29 13:01:02Z Send 國際股市==>  Program Start
2016-12-29 13:01:02Z Send 國際股市==>  Program END 

Create log file
2016-12-29 13:06:01Z on time future report... Program Start
2016-12-29 13:06:01Z on time future report... Program END 

Create log file
2016-12-29 13:11:01Z on time future report... Program Start
2016-12-29 13:11:01Z on time future report... Program END 

Create log file
2016-12-29 13:16:01Z on time future report... Program Start
2016-12-29 13:16:01Z on time future report... Program END 

Create log file
2016-12-29 13:21:02Z on time future report... Program Start
2016-12-29 13:21:02Z on time future report... Program END 

Create log file
2016-12-29 13:26:01Z on time future report... Program Start
2016-12-29 13:26:01Z on time future report... Program END 

Create log file
2016-12-29 13:31:01Z on time future report... Program Start
2016-12-29 13:31:01Z on time future report... Program END 

Create log file
2016-12-29 13:36:01Z on time future report... Program Start
2016-12-29 13:36:01Z on time future report... Program END 

Create log file
2016-12-29 13:41:01Z on time future report... Program Start
2016-12-29 13:41:01Z on time future report... Program END 

Create log file
2016-12-29 13:46:00Z on time future report... Program Start
2016-12-29 13:46:00Z on time future report... Program END 

Create log file
2016-12-29 14:01:01Z Send 國際股市==>  Program Start
2016-12-29 14:01:01Z Send 國際股市==>  Program END 

Create log file
2016-12-29 15:01:01Z Send 國際股市==>  Program Start
2016-12-29 15:01:01Z Send 國際股市==>  Program END 

Create log file
2016-12-29 15:50:14Z option_insert_daily Program Start
2016-12-29 15:50:14Z option_insert_daily Program END 

Create log file
2016-12-29 16:01:01Z Send 國際股市==>  Program Start
2016-12-29 16:01:01Z Send 國際股市==>  Program END 

Create log file
2016-12-29 17:01:01Z Send 國際股市==>  Program Start
2016-12-29 17:01:01Z Send 國際股市==>  Program END 

Create log file
2016-12-29 18:01:01Z Send 國際股市==>  Program Start
2016-12-29 18:01:01Z Send 國際股市==>  Program END 

Create log file
2016-12-29 18:01:27Z Send 國際股市==>  Program Start
2016-12-29 18:01:27Z Send 國際股市==>  Program END 

Create log file
2016-12-29 18:01:48Z Send 國際股市==>  Program Start
2016-12-29 18:01:48Z Send 國際股市==>  Program END 

Create log file
2016-12-29 18:02:11Z Send 國際股市==>  Program Start
2016-12-29 18:02:11Z Send 國際股市==>  Program END 

Create log file
2016-12-29 18:02:34Z Send 國際股市==>  Program Start
2016-12-29 18:02:34Z Send 國際股市==>  Program END 

Create log file
2016-12-29 19:01:01Z Send 國際股市==>  Program Start
2016-12-29 19:01:01Z Send 國際股市==>  Program END 

Create log file
2016-12-29 19:01:26Z Send 國際股市==>  Program Start
2016-12-29 19:01:26Z Send 國際股市==>  Program END 

Create log file
2016-12-29 19:01:50Z Send 國際股市==>  Program Start
2016-12-29 19:01:50Z Send 國際股市==>  Program END 

Create log file
2016-12-29 19:02:10Z Send 國際股市==>  Program Start
2016-12-29 19:02:10Z Send 國際股市==>  Program END 

Create log file
2016-12-29 19:02:32Z Send 國際股市==>  Program Start
2016-12-29 19:02:32Z Send 國際股市==>  Program END 

Create log file
2016-12-29 19:02:53Z Send 國際股市==>  Program Start
2016-12-29 19:02:53Z Send 國際股市==>  Program END 

Create log file
2016-12-29 19:03:15Z Send 國際股市==>  Program Start
2016-12-29 19:03:15Z Send 國際股市==>  Program END 

Create log file
2016-12-29 20:01:03Z Send 國際股市==>  Program Start
2016-12-29 20:01:03Z Send 國際股市==>  Program END 

Create log file
2016-12-29 20:10:04Z stock_data_daily_create_file Program Start
2016-12-29 20:10:04Z stock_data_daily_create_file Program END 

Create log file
2016-12-29 20:20:04Z stock_data_insert_daily Program Start
2016-12-29 20:20:04Z stock_data_insert_daily Program END 

Create log file
2016-12-29 20:30:09Z Send 股市氣象台電子報-今日我最夯<==Strong_UP==>  Program Start
2016-12-29 20:30:09Z Send 股市氣象台電子報-今日我最夯<==Strong_UP==>  Program END 

Create log file
2016-12-29 21:01:03Z Send 國際股市==>  Program Start
2016-12-29 21:01:03Z Send 國際股市==>  Program END 

Create log file
2016-12-29 22:01:01Z Send 國際股市==>  Program Start
2016-12-29 22:01:01Z Send 國際股市==>  Program END 

Create log file
2016-12-29 22:01:26Z Send 國際股市==>  Program Start
2016-12-29 22:01:26Z Send 國際股市==>  Program END 

Create log file
2016-12-29 22:01:48Z Send 國際股市==>  Program Start
2016-12-29 22:01:48Z Send 國際股市==>  Program END 

Create log file
2016-12-29 23:01:02Z Send 國際股市==>  Program Start
2016-12-29 23:01:02Z Send 國際股市==>  Program END 

Create log file
2016-12-29 23:01:28Z Send 國際股市==>  Program Start
2016-12-29 23:01:28Z Send 國際股市==>  Program END 

