Create log file
2016-05-11 00:01:05Z Send 國際股市==>  Program Start
2016-05-11 00:01:05Z Send 國際股市==>  Program END 

Create log file
2016-05-11 01:01:02Z Send 國際股市==>  Program Start
2016-05-11 01:01:02Z Send 國際股市==>  Program END 

Create log file
2016-05-11 08:01:03Z Send 國際股市==>  Program Start
2016-05-11 08:01:03Z Send 國際股市==>  Program END 

Create log file
2016-05-11 08:01:29Z Send 國際股市==>  Program Start
2016-05-11 08:01:29Z Send 國際股市==>  Program END 

Create log file
2016-05-11 08:01:51Z Send 國際股市==>  Program Start
2016-05-11 08:01:51Z Send 國際股市==>  Program END 

Create log file
2016-05-11 08:02:14Z Send 國際股市==>  Program Start
2016-05-11 08:02:14Z Send 國際股市==>  Program END 

Create log file
2016-05-11 08:46:04Z on time future report... Program Start
2016-05-11 08:46:04Z on time future report... Program END 

Create log file
2016-05-11 08:51:03Z on time future report... Program Start
2016-05-11 08:51:03Z on time future report... Program END 

Create log file
2016-05-11 08:56:04Z on time future report... Program Start
2016-05-11 08:56:04Z on time future report... Program END 

Create log file
2016-05-11 09:01:03Z Send 國際股市==>  Program Start
2016-05-11 09:01:03Z Send 國際股市==>  Program END 

Create log file
2016-05-11 09:06:01Z on time future report... Program Start
2016-05-11 09:06:01Z on time future report... Program END 

Create log file
2016-05-11 09:11:00Z on time future report... Program Start
2016-05-11 09:11:00Z on time future report... Program END 

Create log file
2016-05-11 09:16:03Z on time future report... Program Start
2016-05-11 09:16:03Z on time future report... Program END 

Create log file
2016-05-11 09:21:01Z on time future report... Program Start
2016-05-11 09:21:01Z on time future report... Program END 

Create log file
2016-05-11 09:26:03Z on time future report... Program Start
2016-05-11 09:26:03Z on time future report... Program END 

Create log file
2016-05-11 09:31:00Z on time future report... Program Start
2016-05-11 09:31:00Z on time future report... Program END 

Create log file
2016-05-11 09:36:01Z on time future report... Program Start
2016-05-11 09:36:01Z on time future report... Program END 

Create log file
2016-05-11 09:41:00Z on time future report... Program Start
2016-05-11 09:41:00Z on time future report... Program END 

Create log file
2016-05-11 09:46:01Z on time future report... Program Start
2016-05-11 09:46:01Z on time future report... Program END 

Create log file
2016-05-11 09:51:00Z on time future report... Program Start
2016-05-11 09:51:00Z on time future report... Program END 

Create log file
2016-05-11 09:56:02Z on time future report... Program Start
2016-05-11 09:56:02Z on time future report... Program END 

Create log file
2016-05-11 10:01:02Z on time future report... Program Start
2016-05-11 10:01:02Z on time future report... Program END 

Create log file
2016-05-11 10:01:04Z Send 國際股市==>  Program Start
2016-05-11 10:01:04Z Send 國際股市==>  Program END 

Create log file
2016-05-11 10:06:04Z on time future report... Program Start
2016-05-11 10:06:04Z on time future report... Program END 

Create log file
2016-05-11 10:11:02Z on time future report... Program Start
2016-05-11 10:11:02Z on time future report... Program END 

Create log file
2016-05-11 10:16:01Z on time future report... Program Start
2016-05-11 10:16:01Z on time future report... Program END 

Create log file
2016-05-11 10:21:01Z on time future report... Program Start
2016-05-11 10:21:01Z on time future report... Program END 

Create log file
2016-05-11 10:26:00Z on time future report... Program Start
2016-05-11 10:26:00Z on time future report... Program END 

Create log file
2016-05-11 10:31:02Z on time future report... Program Start
2016-05-11 10:31:02Z on time future report... Program END 

Create log file
2016-05-11 10:36:00Z on time future report... Program Start
2016-05-11 10:36:01Z on time future report... Program END 

Create log file
2016-05-11 10:41:06Z on time future report... Program Start
2016-05-11 10:41:06Z on time future report... Program END 

Create log file
2016-05-11 10:46:01Z on time future report... Program Start
2016-05-11 10:46:01Z on time future report... Program END 

Create log file
2016-05-11 10:51:01Z on time future report... Program Start
2016-05-11 10:51:01Z on time future report... Program END 

Create log file
2016-05-11 10:56:02Z on time future report... Program Start
2016-05-11 10:56:02Z on time future report... Program END 

Create log file
2016-05-11 11:01:02Z on time future report... Program Start
2016-05-11 11:01:02Z on time future report... Program END 

Create log file
2016-05-11 11:01:04Z Send 國際股市==>  Program Start
2016-05-11 11:01:04Z Send 國際股市==>  Program END 

Create log file
2016-05-11 11:06:03Z on time future report... Program Start
2016-05-11 11:06:03Z on time future report... Program END 

Create log file
2016-05-11 11:11:01Z on time future report... Program Start
2016-05-11 11:11:01Z on time future report... Program END 

Create log file
2016-05-11 11:16:03Z on time future report... Program Start
2016-05-11 11:16:03Z on time future report... Program END 

Create log file
2016-05-11 11:21:01Z on time future report... Program Start
2016-05-11 11:21:01Z on time future report... Program END 

Create log file
2016-05-11 11:26:00Z on time future report... Program Start
2016-05-11 11:26:00Z on time future report... Program END 

Create log file
2016-05-11 11:31:01Z on time future report... Program Start
2016-05-11 11:31:01Z on time future report... Program END 

Create log file
2016-05-11 11:36:03Z on time future report... Program Start
2016-05-11 11:36:03Z on time future report... Program END 

Create log file
2016-05-11 11:41:01Z on time future report... Program Start
2016-05-11 11:41:01Z on time future report... Program END 

Create log file
2016-05-11 11:46:01Z on time future report... Program Start
2016-05-11 11:46:01Z on time future report... Program END 

Create log file
2016-05-11 11:51:05Z on time future report... Program Start
2016-05-11 11:51:05Z on time future report... Program END 

Create log file
2016-05-11 11:56:01Z on time future report... Program Start
2016-05-11 11:56:01Z on time future report... Program END 

Create log file
2016-05-11 12:01:02Z on time future report... Program Start
2016-05-11 12:01:02Z on time future report... Program END 

Create log file
2016-05-11 12:01:04Z Send 國際股市==>  Program Start
2016-05-11 12:01:04Z Send 國際股市==>  Program END 

Create log file
2016-05-11 12:06:01Z on time future report... Program Start
2016-05-11 12:06:01Z on time future report... Program END 

Create log file
2016-05-11 12:11:01Z on time future report... Program Start
2016-05-11 12:11:01Z on time future report... Program END 

Create log file
2016-05-11 12:16:00Z on time future report... Program Start
2016-05-11 12:16:00Z on time future report... Program END 

Create log file
2016-05-11 12:21:00Z on time future report... Program Start
2016-05-11 12:21:00Z on time future report... Program END 

Create log file
2016-05-11 12:26:00Z on time future report... Program Start
2016-05-11 12:26:00Z on time future report... Program END 

Create log file
2016-05-11 12:31:01Z on time future report... Program Start
2016-05-11 12:31:01Z on time future report... Program END 

Create log file
2016-05-11 12:36:01Z on time future report... Program Start
2016-05-11 12:36:01Z on time future report... Program END 

Create log file
2016-05-11 12:41:01Z on time future report... Program Start
2016-05-11 12:41:01Z on time future report... Program END 

Create log file
2016-05-11 12:46:04Z on time future report... Program Start
2016-05-11 12:46:04Z on time future report... Program END 

Create log file
2016-05-11 12:51:01Z on time future report... Program Start
2016-05-11 12:51:01Z on time future report... Program END 

Create log file
2016-05-11 12:56:01Z on time future report... Program Start
2016-05-11 12:56:01Z on time future report... Program END 

Create log file
2016-05-11 13:01:02Z on time future report... Program Start
2016-05-11 13:01:02Z on time future report... Program END 

Create log file
2016-05-11 13:01:04Z Send 國際股市==>  Program Start
2016-05-11 13:01:04Z Send 國際股市==>  Program END 

Create log file
2016-05-11 13:06:01Z on time future report... Program Start
2016-05-11 13:06:01Z on time future report... Program END 

Create log file
2016-05-11 13:11:00Z on time future report... Program Start
2016-05-11 13:11:00Z on time future report... Program END 

Create log file
2016-05-11 13:16:00Z on time future report... Program Start
2016-05-11 13:16:00Z on time future report... Program END 

Create log file
2016-05-11 13:21:01Z on time future report... Program Start
2016-05-11 13:21:01Z on time future report... Program END 

Create log file
2016-05-11 13:26:03Z on time future report... Program Start
2016-05-11 13:26:03Z on time future report... Program END 

Create log file
2016-05-11 13:31:00Z on time future report... Program Start
2016-05-11 13:31:00Z on time future report... Program END 

Create log file
2016-05-11 13:36:01Z on time future report... Program Start
2016-05-11 13:36:01Z on time future report... Program END 

Create log file
2016-05-11 13:41:00Z on time future report... Program Start
2016-05-11 13:41:00Z on time future report... Program END 

Create log file
2016-05-11 13:46:01Z on time future report... Program Start
2016-05-11 13:46:01Z on time future report... Program END 

Create log file
2016-05-11 14:01:02Z Send 國際股市==>  Program Start
2016-05-11 14:01:02Z Send 國際股市==>  Program END 

Create log file
2016-05-11 15:01:02Z Send 國際股市==>  Program Start
2016-05-11 15:01:02Z Send 國際股市==>  Program END 

Create log file
2016-05-11 15:50:20Z option_insert_daily Program Start
2016-05-11 15:50:20Z option_insert_daily Program END 

Create log file
2016-05-11 15:56:31Z Send Option_OIV_daily Program Start
2016-05-11 15:56:31Z Send Option_OIV_daily Program END 

Create log file
2016-05-11 16:01:02Z Send 國際股市==>  Program Start
2016-05-11 16:01:02Z Send 國際股市==>  Program END 

Create log file
2016-05-11 17:01:03Z Send 國際股市==>  Program Start
2016-05-11 17:01:03Z Send 國際股市==>  Program END 

Create log file
2016-05-11 18:01:02Z Send 國際股市==>  Program Start
2016-05-11 18:01:02Z Send 國際股市==>  Program END 

Create log file
2016-05-11 18:01:30Z Send 國際股市==>  Program Start
2016-05-11 18:01:30Z Send 國際股市==>  Program END 

Create log file
2016-05-11 18:01:52Z Send 國際股市==>  Program Start
2016-05-11 18:01:52Z Send 國際股市==>  Program END 

Create log file
2016-05-11 18:02:14Z Send 國際股市==>  Program Start
2016-05-11 18:02:14Z Send 國際股市==>  Program END 

Create log file
2016-05-11 18:02:37Z Send 國際股市==>  Program Start
2016-05-11 18:02:37Z Send 國際股市==>  Program END 

Create log file
2016-05-11 18:48:03Z Query Stock_id is 3596 Program Start
2016-05-11 18:48:03Z Query Stock_id is 3596 Program END 

Create log file
2016-05-11 18:48:03Z Query Stock_id is 3023 Program Start
2016-05-11 18:48:03Z Query Stock_id is 3023 Program END 

Create log file
2016-05-11 18:48:03Z Query Stock_id is 2887 Program Start
2016-05-11 18:48:03Z Query Stock_id is 2887 Program END 

Create log file
2016-05-11 18:48:03Z Query Stock_id is 2886 Program Start
2016-05-11 18:48:03Z Query Stock_id is 2886 Program END 

Create log file
2016-05-11 18:48:04Z Query Stock_id is 2412 Program Start
2016-05-11 18:48:04Z Query Stock_id is 2412 Program END 

Create log file
2016-05-11 18:48:04Z Query Stock_id is 2892 Program Start
2016-05-11 18:48:04Z Query Stock_id is 2892 Program END 

Create log file
2016-05-11 18:48:04Z Query Stock_id is 3474 Program Start
2016-05-11 18:48:04Z Query Stock_id is 3474 Program END 

Create log file
2016-05-11 18:48:04Z Query Stock_id is 8404 Program Start
2016-05-11 18:48:04Z Query Stock_id is 8404 Program END 

Create log file
2016-05-11 19:01:01Z Send 國際股市==>  Program Start
2016-05-11 19:01:01Z Send 國際股市==>  Program END 

Create log file
2016-05-11 19:01:28Z Send 國際股市==>  Program Start
2016-05-11 19:01:28Z Send 國際股市==>  Program END 

Create log file
2016-05-11 19:01:51Z Send 國際股市==>  Program Start
2016-05-11 19:01:51Z Send 國際股市==>  Program END 

Create log file
2016-05-11 19:02:12Z Send 國際股市==>  Program Start
2016-05-11 19:02:12Z Send 國際股市==>  Program END 

Create log file
2016-05-11 19:02:33Z Send 國際股市==>  Program Start
2016-05-11 19:02:33Z Send 國際股市==>  Program END 

Create log file
2016-05-11 20:01:01Z Send 國際股市==>  Program Start
2016-05-11 20:01:01Z Send 國際股市==>  Program END 

Create log file
2016-05-11 20:10:09Z stock_data_daily_create_file Program Start
2016-05-11 20:10:09Z stock_data_daily_create_file Program END 

Create log file
2016-05-11 20:20:04Z stock_data_insert_daily Program Start
2016-05-11 20:20:04Z stock_data_insert_daily Program END 

Create log file
2016-05-11 20:30:08Z Send 股市氣象台電子報-今日我最夯<==Strong_UP==>  Program Start
2016-05-11 20:30:08Z Send 股市氣象台電子報-今日我最夯<==Strong_UP==>  Program END 

Create log file
2016-05-11 21:01:01Z Send 國際股市==>  Program Start
2016-05-11 21:01:01Z Send 國際股市==>  Program END 

Create log file
2016-05-11 22:01:01Z Send 國際股市==>  Program Start
2016-05-11 22:01:01Z Send 國際股市==>  Program END 

Create log file
2016-05-11 22:01:27Z Send 國際股市==>  Program Start
2016-05-11 22:01:27Z Send 國際股市==>  Program END 

Create log file
2016-05-11 22:01:49Z Send 國際股市==>  Program Start
2016-05-11 22:01:49Z Send 國際股市==>  Program END 

Create log file
2016-05-11 23:01:01Z Send 國際股市==>  Program Start
2016-05-11 23:01:01Z Send 國際股市==>  Program END 

