Create log file
2016-12-22 00:01:01Z Send 國際股市==>  Program Start
2016-12-22 00:01:01Z Send 國際股市==>  Program END 

Create log file
2016-12-22 01:01:01Z Send 國際股市==>  Program Start
2016-12-22 01:01:01Z Send 國際股市==>  Program END 

Create log file
2016-12-22 08:01:02Z Send 國際股市==>  Program Start
2016-12-22 08:01:02Z Send 國際股市==>  Program END 

Create log file
2016-12-22 08:01:27Z Send 國際股市==>  Program Start
2016-12-22 08:01:27Z Send 國際股市==>  Program END 

Create log file
2016-12-22 08:01:50Z Send 國際股市==>  Program Start
2016-12-22 08:01:50Z Send 國際股市==>  Program END 

Create log file
2016-12-22 08:02:12Z Send 國際股市==>  Program Start
2016-12-22 08:02:12Z Send 國際股市==>  Program END 

Create log file
2016-12-22 08:46:03Z on time future report... Program Start
2016-12-22 08:46:03Z on time future report... Program END 

Create log file
2016-12-22 08:51:03Z on time future report... Program Start
2016-12-22 08:51:03Z on time future report... Program END 

Create log file
2016-12-22 08:56:03Z on time future report... Program Start
2016-12-22 08:56:03Z on time future report... Program END 

Create log file
2016-12-22 09:01:02Z Send 國際股市==>  Program Start
2016-12-22 09:01:02Z Send 國際股市==>  Program END 

Create log file
2016-12-22 09:01:04Z on time future report... Program Start
2016-12-22 09:01:04Z on time future report... Program END 

Create log file
2016-12-22 09:06:03Z on time future report... Program Start
2016-12-22 09:06:03Z on time future report... Program END 

Create log file
2016-12-22 09:11:03Z on time future report... Program Start
2016-12-22 09:11:03Z on time future report... Program END 

Create log file
2016-12-22 09:16:03Z on time future report... Program Start
2016-12-22 09:16:03Z on time future report... Program END 

Create log file
2016-12-22 09:21:03Z on time future report... Program Start
2016-12-22 09:21:03Z on time future report... Program END 

Create log file
2016-12-22 09:26:03Z on time future report... Program Start
2016-12-22 09:26:03Z on time future report... Program END 

Create log file
2016-12-22 09:31:03Z on time future report... Program Start
2016-12-22 09:31:03Z on time future report... Program END 

Create log file
2016-12-22 09:36:03Z on time future report... Program Start
2016-12-22 09:36:03Z on time future report... Program END 

Create log file
2016-12-22 09:41:03Z on time future report... Program Start
2016-12-22 09:41:03Z on time future report... Program END 

Create log file
2016-12-22 09:46:03Z on time future report... Program Start
2016-12-22 09:46:03Z on time future report... Program END 

Create log file
2016-12-22 09:56:02Z on time future report... Program Start
2016-12-22 09:56:02Z on time future report... Program END 

Create log file
2016-12-22 10:01:02Z on time future report... Program Start
2016-12-22 10:01:02Z on time future report... Program END 

Create log file
2016-12-22 10:01:02Z Send 國際股市==>  Program Start
2016-12-22 10:01:02Z Send 國際股市==>  Program END 

Create log file
2016-12-22 10:06:03Z on time future report... Program Start
2016-12-22 10:06:03Z on time future report... Program END 

Create log file
2016-12-22 10:11:01Z on time future report... Program Start
2016-12-22 10:11:01Z on time future report... Program END 

Create log file
2016-12-22 10:16:01Z on time future report... Program Start
2016-12-22 10:16:01Z on time future report... Program END 

Create log file
2016-12-22 10:18:51Z Query Stock_id is 2409 Program Start
2016-12-22 10:18:51Z Query Stock_id is 2409 Program END 

Create log file
2016-12-22 10:18:51Z Query Stock_id is 3481 Program Start
2016-12-22 10:18:51Z Query Stock_id is 3481 Program END 

Create log file
2016-12-22 10:18:51Z Query Stock_id is 2881 Program Start
2016-12-22 10:18:51Z Query Stock_id is 2881 Program END 

Create log file
2016-12-22 10:19:16Z Query Stock_id is 2409 Program Start
2016-12-22 10:19:16Z Query Stock_id is 2409 Program END 

Create log file
2016-12-22 10:19:16Z Query Stock_id is 3481 Program Start
2016-12-22 10:19:16Z Query Stock_id is 3481 Program END 

Create log file
2016-12-22 10:19:37Z Query Stock_id is 2881 Program Start
2016-12-22 10:19:37Z Query Stock_id is 2881 Program END 

Create log file
2016-12-22 10:21:01Z on time future report... Program Start
2016-12-22 10:21:01Z on time future report... Program END 

Create log file
2016-12-22 10:26:02Z on time future report... Program Start
2016-12-22 10:26:02Z on time future report... Program END 

Create log file
2016-12-22 10:31:01Z on time future report... Program Start
2016-12-22 10:31:01Z on time future report... Program END 

Create log file
2016-12-22 10:36:01Z on time future report... Program Start
2016-12-22 10:36:01Z on time future report... Program END 

Create log file
2016-12-22 10:41:01Z on time future report... Program Start
2016-12-22 10:41:01Z on time future report... Program END 

Create log file
2016-12-22 10:46:02Z on time future report... Program Start
2016-12-22 10:46:02Z on time future report... Program END 

Create log file
2016-12-22 10:51:02Z on time future report... Program Start
2016-12-22 10:51:02Z on time future report... Program END 

Create log file
2016-12-22 10:56:02Z on time future report... Program Start
2016-12-22 10:56:02Z on time future report... Program END 

Create log file
2016-12-22 11:01:02Z on time future report... Program Start
2016-12-22 11:01:02Z on time future report... Program END 

Create log file
2016-12-22 11:01:02Z Send 國際股市==>  Program Start
2016-12-22 11:01:02Z Send 國際股市==>  Program END 

Create log file
2016-12-22 11:06:01Z on time future report... Program Start
2016-12-22 11:06:01Z on time future report... Program END 

Create log file
2016-12-22 11:11:00Z on time future report... Program Start
2016-12-22 11:11:00Z on time future report... Program END 

Create log file
2016-12-22 11:16:01Z on time future report... Program Start
2016-12-22 11:16:01Z on time future report... Program END 

Create log file
2016-12-22 11:21:01Z on time future report... Program Start
2016-12-22 11:21:01Z on time future report... Program END 

Create log file
2016-12-22 11:26:01Z on time future report... Program Start
2016-12-22 11:26:01Z on time future report... Program END 

Create log file
2016-12-22 11:31:03Z on time future report... Program Start
2016-12-22 11:31:03Z on time future report... Program END 

Create log file
2016-12-22 11:31:52Z Query Stock_id is 2409 Program Start
2016-12-22 11:31:52Z Query Stock_id is 2409 Program END 

Create log file
2016-12-22 11:31:53Z Query Stock_id is 3481 Program Start
2016-12-22 11:31:53Z Query Stock_id is 3481 Program END 

Create log file
2016-12-22 11:31:53Z Query Stock_id is 2881 Program Start
2016-12-22 11:31:53Z Query Stock_id is 2881 Program END 

Create log file
2016-12-22 11:36:03Z on time future report... Program Start
2016-12-22 11:36:03Z on time future report... Program END 

Create log file
2016-12-22 11:41:04Z on time future report... Program Start
2016-12-22 11:41:04Z on time future report... Program END 

Create log file
2016-12-22 11:46:03Z on time future report... Program Start
2016-12-22 11:46:03Z on time future report... Program END 

Create log file
2016-12-22 11:51:03Z on time future report... Program Start
2016-12-22 11:51:03Z on time future report... Program END 

Create log file
2016-12-22 11:56:03Z on time future report... Program Start
2016-12-22 11:56:03Z on time future report... Program END 

Create log file
2016-12-22 12:01:04Z Send 國際股市==>  Program Start
2016-12-22 12:01:04Z Send 國際股市==>  Program END 

Create log file
2016-12-22 12:01:04Z on time future report... Program Start
2016-12-22 12:01:04Z on time future report... Program END 

Create log file
2016-12-22 12:06:05Z on time future report... Program Start
2016-12-22 12:06:05Z on time future report... Program END 

Create log file
2016-12-22 12:11:03Z on time future report... Program Start
2016-12-22 12:11:03Z on time future report... Program END 

Create log file
2016-12-22 12:16:03Z on time future report... Program Start
2016-12-22 12:16:03Z on time future report... Program END 

Create log file
2016-12-22 12:21:04Z on time future report... Program Start
2016-12-22 12:21:04Z on time future report... Program END 

Create log file
2016-12-22 12:26:06Z on time future report... Program Start
2016-12-22 12:26:06Z on time future report... Program END 

Create log file
2016-12-22 12:31:03Z on time future report... Program Start
2016-12-22 12:31:03Z on time future report... Program END 

Create log file
2016-12-22 12:36:03Z on time future report... Program Start
2016-12-22 12:36:03Z on time future report... Program END 

Create log file
2016-12-22 12:41:07Z on time future report... Program Start
2016-12-22 12:41:07Z on time future report... Program END 

Create log file
2016-12-22 12:46:03Z on time future report... Program Start
2016-12-22 12:46:03Z on time future report... Program END 

Create log file
2016-12-22 12:51:03Z on time future report... Program Start
2016-12-22 12:51:03Z on time future report... Program END 

Create log file
2016-12-22 12:56:03Z on time future report... Program Start
2016-12-22 12:56:03Z on time future report... Program END 

Create log file
2016-12-22 13:01:04Z Send 國際股市==>  Program Start
2016-12-22 13:01:04Z Send 國際股市==>  Program END 

Create log file
2016-12-22 13:01:07Z on time future report... Program Start
2016-12-22 13:01:07Z on time future report... Program END 

Create log file
2016-12-22 13:06:03Z on time future report... Program Start
2016-12-22 13:06:03Z on time future report... Program END 

Create log file
2016-12-22 13:11:05Z on time future report... Program Start
2016-12-22 13:11:05Z on time future report... Program END 

Create log file
2016-12-22 13:16:05Z on time future report... Program Start
2016-12-22 13:16:05Z on time future report... Program END 

Create log file
2016-12-22 13:21:03Z on time future report... Program Start
2016-12-22 13:21:03Z on time future report... Program END 

Create log file
2016-12-22 13:26:03Z on time future report... Program Start
2016-12-22 13:26:03Z on time future report... Program END 

Create log file
2016-12-22 13:31:03Z on time future report... Program Start
2016-12-22 13:31:03Z on time future report... Program END 

Create log file
2016-12-22 13:36:03Z on time future report... Program Start
2016-12-22 13:36:03Z on time future report... Program END 

Create log file
2016-12-22 13:41:07Z on time future report... Program Start
2016-12-22 13:41:07Z on time future report... Program END 

Create log file
2016-12-22 13:46:03Z on time future report... Program Start
2016-12-22 13:46:03Z on time future report... Program END 

Create log file
2016-12-22 14:01:03Z Send 國際股市==>  Program Start
2016-12-22 14:01:03Z Send 國際股市==>  Program END 

Create log file
2016-12-22 15:01:03Z Send 國際股市==>  Program Start
2016-12-22 15:01:03Z Send 國際股市==>  Program END 

Create log file
2016-12-22 15:50:16Z option_insert_daily Program Start
2016-12-22 15:50:16Z option_insert_daily Program END 

Create log file
2016-12-22 15:56:26Z Send Option_OIV_daily Program Start
2016-12-22 15:56:26Z Send Option_OIV_daily Program END 

Create log file
2016-12-22 17:01:02Z Send 國際股市==>  Program Start
2016-12-22 17:01:02Z Send 國際股市==>  Program END 

Create log file
2016-12-22 17:34:44Z Query Stock_id is 2409 Program Start
2016-12-22 17:34:44Z Query Stock_id is 2409 Program END 

Create log file
2016-12-22 17:34:44Z Query Stock_id is 3481 Program Start
2016-12-22 17:34:44Z Query Stock_id is 3481 Program END 

Create log file
2016-12-22 17:34:44Z Query Stock_id is 2881 Program Start
2016-12-22 17:34:44Z Query Stock_id is 2881 Program END 

Create log file
2016-12-22 18:01:02Z Send 國際股市==>  Program Start
2016-12-22 18:01:02Z Send 國際股市==>  Program END 

Create log file
2016-12-22 18:01:28Z Send 國際股市==>  Program Start
2016-12-22 18:01:28Z Send 國際股市==>  Program END 

Create log file
2016-12-22 18:01:50Z Send 國際股市==>  Program Start
2016-12-22 18:01:50Z Send 國際股市==>  Program END 

Create log file
2016-12-22 18:02:13Z Send 國際股市==>  Program Start
2016-12-22 18:02:13Z Send 國際股市==>  Program END 

Create log file
2016-12-22 18:02:36Z Send 國際股市==>  Program Start
2016-12-22 18:02:36Z Send 國際股市==>  Program END 

Create log file
2016-12-22 19:01:03Z Send 國際股市==>  Program Start
2016-12-22 19:01:03Z Send 國際股市==>  Program END 

Create log file
2016-12-22 19:01:28Z Send 國際股市==>  Program Start
2016-12-22 19:01:28Z Send 國際股市==>  Program END 

Create log file
2016-12-22 19:01:52Z Send 國際股市==>  Program Start
2016-12-22 19:01:52Z Send 國際股市==>  Program END 

Create log file
2016-12-22 19:02:12Z Send 國際股市==>  Program Start
2016-12-22 19:02:12Z Send 國際股市==>  Program END 

Create log file
2016-12-22 19:02:35Z Send 國際股市==>  Program Start
2016-12-22 19:02:35Z Send 國際股市==>  Program END 

Create log file
2016-12-22 19:02:55Z Send 國際股市==>  Program Start
2016-12-22 19:02:55Z Send 國際股市==>  Program END 

Create log file
2016-12-22 19:47:39Z Send 國際股市==>  Program Start
2016-12-22 19:47:39Z Send 國際股市==>  Program END 

Create log file
2016-12-22 19:48:04Z Send 國際股市==>  Program Start
2016-12-22 19:48:04Z Send 國際股市==>  Program END 

Create log file
2016-12-22 19:48:28Z Send 國際股市==>  Program Start
2016-12-22 19:48:28Z Send 國際股市==>  Program END 

Create log file
2016-12-22 19:48:48Z Send 國際股市==>  Program Start
2016-12-22 19:48:48Z Send 國際股市==>  Program END 

Create log file
2016-12-22 19:49:10Z Send 國際股市==>  Program Start
2016-12-22 19:49:10Z Send 國際股市==>  Program END 

Create log file
2016-12-22 19:49:31Z Send 國際股市==>  Program Start
2016-12-22 19:49:31Z Send 國際股市==>  Program END 

Create log file
2016-12-22 19:49:54Z Send 國際股市==>  Program Start
2016-12-22 19:49:54Z Send 國際股市==>  Program END 

Create log file
2016-12-22 20:01:02Z Send 國際股市==>  Program Start
2016-12-22 20:01:02Z Send 國際股市==>  Program END 

Create log file
2016-12-22 20:10:04Z stock_data_daily_create_file Program Start
2016-12-22 20:10:04Z stock_data_daily_create_file Program END 

Create log file
2016-12-22 20:20:04Z stock_data_insert_daily Program Start
2016-12-22 20:20:04Z stock_data_insert_daily Program END 

Create log file
2016-12-22 20:30:10Z Send 股市氣象台電子報-今日我最夯<==Strong_UP==>  Program Start
2016-12-22 20:30:10Z Send 股市氣象台電子報-今日我最夯<==Strong_UP==>  Program END 

Create log file
2016-12-22 21:01:01Z Send 國際股市==>  Program Start
2016-12-22 21:01:01Z Send 國際股市==>  Program END 

Create log file
2016-12-22 21:41:14Z Query Stock_id is 2408 Program Start
2016-12-22 21:41:14Z Query Stock_id is 2408 Program END 

Create log file
2016-12-22 21:41:14Z Query Stock_id is 3006 Program Start
2016-12-22 21:41:14Z Query Stock_id is 3006 Program END 

Create log file
2016-12-22 21:41:14Z Query Stock_id is 2457 Program Start
2016-12-22 21:41:14Z Query Stock_id is 2457 Program END 

Create log file
2016-12-22 21:41:14Z Query Stock_id is 2344 Program Start
2016-12-22 21:41:14Z Query Stock_id is 2344 Program END 

Create log file
2016-12-22 21:41:14Z Query Stock_id is 3673 Program Start
2016-12-22 21:41:14Z Query Stock_id is 3673 Program END 

Create log file
2016-12-22 21:41:15Z Query Stock_id is 2409 Program Start
2016-12-22 21:41:15Z Query Stock_id is 2409 Program END 

Create log file
2016-12-22 21:41:15Z Query Stock_id is 3481 Program Start
2016-12-22 21:41:15Z Query Stock_id is 3481 Program END 

Create log file
2016-12-22 21:41:15Z Query Stock_id is 2881 Program Start
2016-12-22 21:41:15Z Query Stock_id is 2881 Program END 

Create log file
2016-12-22 22:01:01Z Send 國際股市==>  Program Start
2016-12-22 22:01:01Z Send 國際股市==>  Program END 

Create log file
2016-12-22 22:01:27Z Send 國際股市==>  Program Start
2016-12-22 22:01:27Z Send 國際股市==>  Program END 

Create log file
2016-12-22 22:01:49Z Send 國際股市==>  Program Start
2016-12-22 22:01:49Z Send 國際股市==>  Program END 

Create log file
2016-12-22 23:01:01Z Send 國際股市==>  Program Start
2016-12-22 23:01:01Z Send 國際股市==>  Program END 

Create log file
2016-12-22 23:01:23Z Send 國際股市==>  Program Start
2016-12-22 23:01:23Z Send 國際股市==>  Program END 

