Create log file
2016-07-01 00:01:04Z Send 國際股市==>  Program Start
2016-07-01 00:01:04Z Send 國際股市==>  Program END 

Create log file
2016-07-01 01:01:02Z Send 國際股市==>  Program Start
2016-07-01 01:01:02Z Send 國際股市==>  Program END 

Create log file
2016-07-01 08:01:02Z Send 國際股市==>  Program Start
2016-07-01 08:01:02Z Send 國際股市==>  Program END 

Create log file
2016-07-01 08:01:28Z Send 國際股市==>  Program Start
2016-07-01 08:01:28Z Send 國際股市==>  Program END 

Create log file
2016-07-01 08:01:51Z Send 國際股市==>  Program Start
2016-07-01 08:01:51Z Send 國際股市==>  Program END 

Create log file
2016-07-01 08:02:13Z Send 國際股市==>  Program Start
2016-07-01 08:02:13Z Send 國際股市==>  Program END 

Create log file
2016-07-01 08:46:03Z on time future report... Program Start
2016-07-01 08:46:03Z on time future report... Program END 

Create log file
2016-07-01 08:51:03Z on time future report... Program Start
2016-07-01 08:51:03Z on time future report... Program END 

Create log file
2016-07-01 08:56:04Z on time future report... Program Start
2016-07-01 08:56:04Z on time future report... Program END 

Create log file
2016-07-01 09:01:08Z Send 國際股市==>  Program Start
2016-07-01 09:01:08Z Send 國際股市==>  Program END 

Create log file
2016-07-01 09:01:16Z on time future report... Program Start
2016-07-01 09:01:16Z on time future report... Program END 

Create log file
2016-07-01 09:06:09Z on time future report... Program Start
2016-07-01 09:06:09Z on time future report... Program END 

Create log file
2016-07-01 09:11:04Z on time future report... Program Start
2016-07-01 09:11:04Z on time future report... Program END 

Create log file
2016-07-01 09:16:03Z on time future report... Program Start
2016-07-01 09:16:03Z on time future report... Program END 

Create log file
2016-07-01 09:21:03Z on time future report... Program Start
2016-07-01 09:21:03Z on time future report... Program END 

Create log file
2016-07-01 09:26:03Z on time future report... Program Start
2016-07-01 09:26:03Z on time future report... Program END 

Create log file
2016-07-01 09:31:06Z on time future report... Program Start
2016-07-01 09:31:06Z on time future report... Program END 

Create log file
2016-07-01 09:36:03Z on time future report... Program Start
2016-07-01 09:36:03Z on time future report... Program END 

Create log file
2016-07-01 09:41:03Z on time future report... Program Start
2016-07-01 09:41:03Z on time future report... Program END 

Create log file
2016-07-01 09:46:03Z on time future report... Program Start
2016-07-01 09:46:03Z on time future report... Program END 

Create log file
2016-07-01 09:51:03Z on time future report... Program Start
2016-07-01 09:51:03Z on time future report... Program END 

Create log file
2016-07-01 09:56:03Z on time future report... Program Start
2016-07-01 09:56:03Z on time future report... Program END 

Create log file
2016-07-01 10:01:04Z on time future report... Program Start
2016-07-01 10:01:04Z on time future report... Program END 

Create log file
2016-07-01 10:01:07Z Send 國際股市==>  Program Start
2016-07-01 10:01:07Z Send 國際股市==>  Program END 

Create log file
2016-07-01 10:06:03Z on time future report... Program Start
2016-07-01 10:06:03Z on time future report... Program END 

Create log file
2016-07-01 10:11:03Z on time future report... Program Start
2016-07-01 10:11:03Z on time future report... Program END 

Create log file
2016-07-01 10:16:03Z on time future report... Program Start
2016-07-01 10:16:03Z on time future report... Program END 

Create log file
2016-07-01 10:21:03Z on time future report... Program Start
2016-07-01 10:21:03Z on time future report... Program END 

Create log file
2016-07-01 10:26:03Z on time future report... Program Start
2016-07-01 10:26:03Z on time future report... Program END 

Create log file
2016-07-01 11:01:02Z Send 國際股市==>  Program Start
2016-07-01 11:01:02Z Send 國際股市==>  Program END 

Create log file
2016-07-01 12:01:02Z Send 國際股市==>  Program Start
2016-07-01 12:01:02Z Send 國際股市==>  Program END 

Create log file
2016-07-01 13:01:01Z Send 國際股市==>  Program Start
2016-07-01 13:01:01Z Send 國際股市==>  Program END 

Create log file
2016-07-01 13:31:08Z on time future report... Program Start
2016-07-01 13:31:08Z on time future report... Program END 

Create log file
2016-07-01 13:36:03Z on time future report... Program Start
2016-07-01 13:36:03Z on time future report... Program END 

Create log file
2016-07-01 13:41:03Z on time future report... Program Start
2016-07-01 13:41:03Z on time future report... Program END 

Create log file
2016-07-01 13:46:03Z on time future report... Program Start
2016-07-01 13:46:03Z on time future report... Program END 

Create log file
2016-07-01 15:01:01Z Send 國際股市==>  Program Start
2016-07-01 15:01:01Z Send 國際股市==>  Program END 

Create log file
2016-07-01 15:50:20Z option_insert_daily Program Start
2016-07-01 15:50:20Z option_insert_daily Program END 

Create log file
2016-07-01 15:56:29Z Send Option_OIV_daily Program Start
2016-07-01 15:56:29Z Send Option_OIV_daily Program END 

Create log file
2016-07-01 16:01:01Z Send 國際股市==>  Program Start
2016-07-01 16:01:01Z Send 國際股市==>  Program END 

Create log file
2016-07-01 17:01:01Z Send 國際股市==>  Program Start
2016-07-01 17:01:01Z Send 國際股市==>  Program END 

Create log file
2016-07-01 18:01:01Z Send 國際股市==>  Program Start
2016-07-01 18:01:01Z Send 國際股市==>  Program END 

Create log file
2016-07-01 18:01:30Z Send 國際股市==>  Program Start
2016-07-01 18:01:30Z Send 國際股市==>  Program END 

Create log file
2016-07-01 18:01:52Z Send 國際股市==>  Program Start
2016-07-01 18:01:52Z Send 國際股市==>  Program END 

Create log file
2016-07-01 18:02:15Z Send 國際股市==>  Program Start
2016-07-01 18:02:15Z Send 國際股市==>  Program END 

Create log file
2016-07-01 18:02:39Z Send 國際股市==>  Program Start
2016-07-01 18:02:39Z Send 國際股市==>  Program END 

Create log file
2016-07-01 19:01:01Z Send 國際股市==>  Program Start
2016-07-01 19:01:01Z Send 國際股市==>  Program END 

Create log file
2016-07-01 19:01:26Z Send 國際股市==>  Program Start
2016-07-01 19:01:26Z Send 國際股市==>  Program END 

Create log file
2016-07-01 19:01:49Z Send 國際股市==>  Program Start
2016-07-01 19:01:49Z Send 國際股市==>  Program END 

Create log file
2016-07-01 19:02:11Z Send 國際股市==>  Program Start
2016-07-01 19:02:11Z Send 國際股市==>  Program END 

Create log file
2016-07-01 19:02:31Z Send 國際股市==>  Program Start
2016-07-01 19:02:31Z Send 國際股市==>  Program END 

Create log file
2016-07-01 19:02:55Z Send 國際股市==>  Program Start
2016-07-01 19:02:55Z Send 國際股市==>  Program END 

Create log file
2016-07-01 19:05:24Z Send 國際股市==>  Program Start
2016-07-01 19:05:24Z Send 國際股市==>  Program END 

Create log file
2016-07-01 19:05:51Z Send 國際股市==>  Program Start
2016-07-01 19:05:51Z Send 國際股市==>  Program END 

Create log file
2016-07-01 19:06:15Z Send 國際股市==>  Program Start
2016-07-01 19:06:15Z Send 國際股市==>  Program END 

Create log file
2016-07-01 19:06:36Z Send 國際股市==>  Program Start
2016-07-01 19:06:36Z Send 國際股市==>  Program END 

Create log file
2016-07-01 19:06:56Z Send 國際股市==>  Program Start
2016-07-01 19:06:56Z Send 國際股市==>  Program END 

Create log file
2016-07-01 19:07:19Z Send 國際股市==>  Program Start
2016-07-01 19:07:19Z Send 國際股市==>  Program END 

Create log file
2016-07-01 20:01:03Z Send 國際股市==>  Program Start
2016-07-01 20:01:03Z Send 國際股市==>  Program END 

Create log file
2016-07-01 20:10:10Z stock_data_daily_create_file Program Start
2016-07-01 20:10:10Z stock_data_daily_create_file Program END 

Create log file
2016-07-01 20:20:09Z stock_data_insert_daily Program Start
2016-07-01 20:20:09Z stock_data_insert_daily Program END 

Create log file
2016-07-01 20:30:14Z Send 股市氣象台電子報-今日我最夯<==Strong_UP==>  Program Start
2016-07-01 20:30:14Z Send 股市氣象台電子報-今日我最夯<==Strong_UP==>  Program END 

Create log file
2016-07-01 21:01:02Z Send 國際股市==>  Program Start
2016-07-01 21:01:02Z Send 國際股市==>  Program END 

Create log file
2016-07-01 22:01:01Z Send 國際股市==>  Program Start
2016-07-01 22:01:01Z Send 國際股市==>  Program END 

Create log file
2016-07-01 22:01:28Z Send 國際股市==>  Program Start
2016-07-01 22:01:28Z Send 國際股市==>  Program END 

Create log file
2016-07-01 22:01:51Z Send 國際股市==>  Program Start
2016-07-01 22:01:51Z Send 國際股市==>  Program END 

Create log file
2016-07-01 23:02:23Z Send 國際股市==>  Program Start
2016-07-01 23:02:23Z Send 國際股市==>  Program END 

