Create log file
2016-12-06 00:01:03Z Send 國際股市==>  Program Start
2016-12-06 00:01:03Z Send 國際股市==>  Program END 

Create log file
2016-12-06 01:01:03Z Send 國際股市==>  Program Start
2016-12-06 01:01:03Z Send 國際股市==>  Program END 

Create log file
2016-12-06 08:01:04Z Send 國際股市==>  Program Start
2016-12-06 08:01:04Z Send 國際股市==>  Program END 

Create log file
2016-12-06 08:01:30Z Send 國際股市==>  Program Start
2016-12-06 08:01:30Z Send 國際股市==>  Program END 

Create log file
2016-12-06 08:01:53Z Send 國際股市==>  Program Start
2016-12-06 08:01:53Z Send 國際股市==>  Program END 

Create log file
2016-12-06 08:02:17Z Send 國際股市==>  Program Start
2016-12-06 08:02:17Z Send 國際股市==>  Program END 

Create log file
2016-12-06 08:46:03Z on time future report... Program Start
2016-12-06 08:46:03Z on time future report... Program END 

Create log file
2016-12-06 08:51:03Z on time future report... Program Start
2016-12-06 08:51:03Z on time future report... Program END 

Create log file
2016-12-06 08:56:03Z on time future report... Program Start
2016-12-06 08:56:03Z on time future report... Program END 

Create log file
2016-12-06 09:01:03Z Send 國際股市==>  Program Start
2016-12-06 09:01:03Z Send 國際股市==>  Program END 

Create log file
2016-12-06 09:01:08Z on time future report... Program Start
2016-12-06 09:01:08Z on time future report... Program END 

Create log file
2016-12-06 09:06:03Z on time future report... Program Start
2016-12-06 09:06:03Z on time future report... Program END 

Create log file
2016-12-06 09:11:04Z on time future report... Program Start
2016-12-06 09:11:04Z on time future report... Program END 

Create log file
2016-12-06 09:16:03Z on time future report... Program Start
2016-12-06 09:16:03Z on time future report... Program END 

Create log file
2016-12-06 09:21:07Z on time future report... Program Start
2016-12-06 09:21:07Z on time future report... Program END 

Create log file
2016-12-06 09:26:04Z on time future report... Program Start
2016-12-06 09:26:04Z on time future report... Program END 

Create log file
2016-12-06 09:31:05Z on time future report... Program Start
2016-12-06 09:31:05Z on time future report... Program END 

Create log file
2016-12-06 10:01:03Z Send 國際股市==>  Program Start
2016-12-06 10:01:03Z Send 國際股市==>  Program END 

Create log file
2016-12-06 10:11:01Z on time future report... Program Start
2016-12-06 10:11:01Z on time future report... Program END 

Create log file
2016-12-06 10:16:01Z on time future report... Program Start
2016-12-06 10:16:01Z on time future report... Program END 

Create log file
2016-12-06 10:21:01Z on time future report... Program Start
2016-12-06 10:21:01Z on time future report... Program END 

Create log file
2016-12-06 10:26:01Z on time future report... Program Start
2016-12-06 10:26:01Z on time future report... Program END 

Create log file
2016-12-06 10:31:01Z on time future report... Program Start
2016-12-06 10:31:01Z on time future report... Program END 

Create log file
2016-12-06 10:36:03Z on time future report... Program Start
2016-12-06 10:36:03Z on time future report... Program END 

Create log file
2016-12-06 10:41:01Z on time future report... Program Start
2016-12-06 10:41:01Z on time future report... Program END 

Create log file
2016-12-06 10:46:01Z on time future report... Program Start
2016-12-06 10:46:01Z on time future report... Program END 

Create log file
2016-12-06 10:51:02Z on time future report... Program Start
2016-12-06 10:51:02Z on time future report... Program END 

Create log file
2016-12-06 10:56:03Z on time future report... Program Start
2016-12-06 10:56:03Z on time future report... Program END 

Create log file
2016-12-06 11:01:02Z on time future report... Program Start
2016-12-06 11:01:02Z on time future report... Program END 

Create log file
2016-12-06 11:01:03Z Send 國際股市==>  Program Start
2016-12-06 11:01:03Z Send 國際股市==>  Program END 

Create log file
2016-12-06 11:06:01Z on time future report... Program Start
2016-12-06 11:06:01Z on time future report... Program END 

Create log file
2016-12-06 11:11:01Z on time future report... Program Start
2016-12-06 11:11:01Z on time future report... Program END 

Create log file
2016-12-06 11:16:01Z on time future report... Program Start
2016-12-06 11:16:01Z on time future report... Program END 

Create log file
2016-12-06 11:21:01Z on time future report... Program Start
2016-12-06 11:21:01Z on time future report... Program END 

Create log file
2016-12-06 11:26:01Z on time future report... Program Start
2016-12-06 11:26:01Z on time future report... Program END 

Create log file
2016-12-06 11:31:04Z on time future report... Program Start
2016-12-06 11:31:04Z on time future report... Program END 

Create log file
2016-12-06 11:36:01Z on time future report... Program Start
2016-12-06 11:36:01Z on time future report... Program END 

Create log file
2016-12-06 11:41:01Z on time future report... Program Start
2016-12-06 11:41:01Z on time future report... Program END 

Create log file
2016-12-06 11:46:01Z on time future report... Program Start
2016-12-06 11:46:01Z on time future report... Program END 

Create log file
2016-12-06 11:51:01Z on time future report... Program Start
2016-12-06 11:51:01Z on time future report... Program END 

Create log file
2016-12-06 11:56:01Z on time future report... Program Start
2016-12-06 11:56:01Z on time future report... Program END 

Create log file
2016-12-06 12:01:02Z on time future report... Program Start
2016-12-06 12:01:02Z on time future report... Program END 

Create log file
2016-12-06 12:01:04Z Send 國際股市==>  Program Start
2016-12-06 12:01:04Z Send 國際股市==>  Program END 

Create log file
2016-12-06 12:06:01Z on time future report... Program Start
2016-12-06 12:06:01Z on time future report... Program END 

Create log file
2016-12-06 12:11:01Z on time future report... Program Start
2016-12-06 12:11:01Z on time future report... Program END 

Create log file
2016-12-06 12:16:02Z on time future report... Program Start
2016-12-06 12:16:02Z on time future report... Program END 

Create log file
2016-12-06 12:21:01Z on time future report... Program Start
2016-12-06 12:21:01Z on time future report... Program END 

Create log file
2016-12-06 12:26:01Z on time future report... Program Start
2016-12-06 12:26:01Z on time future report... Program END 

Create log file
2016-12-06 12:31:01Z on time future report... Program Start
2016-12-06 12:31:01Z on time future report... Program END 

Create log file
2016-12-06 12:36:01Z on time future report... Program Start
2016-12-06 12:36:01Z on time future report... Program END 

Create log file
2016-12-06 12:41:01Z on time future report... Program Start
2016-12-06 12:41:01Z on time future report... Program END 

Create log file
2016-12-06 12:46:01Z on time future report... Program Start
2016-12-06 12:46:01Z on time future report... Program END 

Create log file
2016-12-06 12:51:01Z on time future report... Program Start
2016-12-06 12:51:01Z on time future report... Program END 

Create log file
2016-12-06 12:56:01Z on time future report... Program Start
2016-12-06 12:56:01Z on time future report... Program END 

Create log file
2016-12-06 13:01:04Z Send 國際股市==>  Program Start
2016-12-06 13:01:04Z Send 國際股市==>  Program END 

Create log file
2016-12-06 13:01:06Z on time future report... Program Start
2016-12-06 13:01:06Z on time future report... Program END 

Create log file
2016-12-06 13:06:01Z on time future report... Program Start
2016-12-06 13:06:01Z on time future report... Program END 

Create log file
2016-12-06 13:11:01Z on time future report... Program Start
2016-12-06 13:11:01Z on time future report... Program END 

Create log file
2016-12-06 13:16:02Z on time future report... Program Start
2016-12-06 13:16:02Z on time future report... Program END 

Create log file
2016-12-06 13:21:01Z on time future report... Program Start
2016-12-06 13:21:01Z on time future report... Program END 

Create log file
2016-12-06 13:26:02Z on time future report... Program Start
2016-12-06 13:26:02Z on time future report... Program END 

Create log file
2016-12-06 13:31:02Z on time future report... Program Start
2016-12-06 13:31:02Z on time future report... Program END 

Create log file
2016-12-06 13:36:04Z on time future report... Program Start
2016-12-06 13:36:04Z on time future report... Program END 

Create log file
2016-12-06 13:41:02Z on time future report... Program Start
2016-12-06 13:41:02Z on time future report... Program END 

Create log file
2016-12-06 13:46:01Z on time future report... Program Start
2016-12-06 13:46:01Z on time future report... Program END 

Create log file
2016-12-06 14:01:03Z Send 國際股市==>  Program Start
2016-12-06 14:01:03Z Send 國際股市==>  Program END 

Create log file
2016-12-06 15:01:03Z Send 國際股市==>  Program Start
2016-12-06 15:01:03Z Send 國際股市==>  Program END 

Create log file
2016-12-06 15:50:14Z option_insert_daily Program Start
2016-12-06 15:50:14Z option_insert_daily Program END 

Create log file
2016-12-06 15:56:40Z Send Option_OIV_daily Program Start
2016-12-06 15:56:40Z Send Option_OIV_daily Program END 

Create log file
2016-12-06 16:01:03Z Send 國際股市==>  Program Start
2016-12-06 16:01:03Z Send 國際股市==>  Program END 

Create log file
2016-12-06 17:01:03Z Send 國際股市==>  Program Start
2016-12-06 17:01:03Z Send 國際股市==>  Program END 

Create log file
2016-12-06 18:01:03Z Send 國際股市==>  Program Start
2016-12-06 18:01:03Z Send 國際股市==>  Program END 

Create log file
2016-12-06 18:01:29Z Send 國際股市==>  Program Start
2016-12-06 18:01:29Z Send 國際股市==>  Program END 

Create log file
2016-12-06 18:01:51Z Send 國際股市==>  Program Start
2016-12-06 18:01:51Z Send 國際股市==>  Program END 

Create log file
2016-12-06 18:02:14Z Send 國際股市==>  Program Start
2016-12-06 18:02:14Z Send 國際股市==>  Program END 

Create log file
2016-12-06 18:02:37Z Send 國際股市==>  Program Start
2016-12-06 18:02:37Z Send 國際股市==>  Program END 

Create log file
2016-12-06 19:01:03Z Send 國際股市==>  Program Start
2016-12-06 19:01:03Z Send 國際股市==>  Program END 

Create log file
2016-12-06 19:01:31Z Send 國際股市==>  Program Start
2016-12-06 19:01:31Z Send 國際股市==>  Program END 

Create log file
2016-12-06 19:01:55Z Send 國際股市==>  Program Start
2016-12-06 19:01:55Z Send 國際股市==>  Program END 

Create log file
2016-12-06 19:02:16Z Send 國際股市==>  Program Start
2016-12-06 19:02:16Z Send 國際股市==>  Program END 

Create log file
2016-12-06 19:02:39Z Send 國際股市==>  Program Start
2016-12-06 19:02:39Z Send 國際股市==>  Program END 

Create log file
2016-12-06 19:03:00Z Send 國際股市==>  Program Start
2016-12-06 19:03:00Z Send 國際股市==>  Program END 

Create log file
2016-12-06 19:03:23Z Send 國際股市==>  Program Start
2016-12-06 19:03:23Z Send 國際股市==>  Program END 

Create log file
2016-12-06 20:01:01Z Send 國際股市==>  Program Start
2016-12-06 20:01:01Z Send 國際股市==>  Program END 

Create log file
2016-12-06 20:10:04Z stock_data_daily_create_file Program Start
2016-12-06 20:10:04Z stock_data_daily_create_file Program END 

Create log file
2016-12-06 20:20:07Z stock_data_insert_daily Program Start
2016-12-06 20:20:07Z stock_data_insert_daily Program END 

Create log file
2016-12-06 20:30:14Z Send 股市氣象台電子報-今日我最夯<==Strong_UP==>  Program Start
2016-12-06 20:30:14Z Send 股市氣象台電子報-今日我最夯<==Strong_UP==>  Program END 

Create log file
2016-12-06 21:01:03Z Send 國際股市==>  Program Start
2016-12-06 21:01:03Z Send 國際股市==>  Program END 

Create log file
2016-12-06 22:01:02Z Send 國際股市==>  Program Start
2016-12-06 22:01:02Z Send 國際股市==>  Program END 

Create log file
2016-12-06 22:01:24Z Send 國際股市==>  Program Start
2016-12-06 22:01:24Z Send 國際股市==>  Program END 

Create log file
2016-12-06 22:01:46Z Send 國際股市==>  Program Start
2016-12-06 22:01:46Z Send 國際股市==>  Program END 

Create log file
2016-12-06 23:01:02Z Send 國際股市==>  Program Start
2016-12-06 23:01:02Z Send 國際股市==>  Program END 

