Create log file
2016-12-19 08:01:04Z Send 國際股市==>  Program Start
2016-12-19 08:01:04Z Send 國際股市==>  Program END 

Create log file
2016-12-19 08:46:04Z on time future report... Program Start
2016-12-19 08:46:04Z on time future report... Program END 

Create log file
2016-12-19 08:51:04Z on time future report... Program Start
2016-12-19 08:51:04Z on time future report... Program END 

Create log file
2016-12-19 08:56:03Z on time future report... Program Start
2016-12-19 08:56:03Z on time future report... Program END 

Create log file
2016-12-19 09:01:02Z Send 國際股市==>  Program Start
2016-12-19 09:01:02Z Send 國際股市==>  Program END 

Create log file
2016-12-19 09:01:04Z on time future report... Program Start
2016-12-19 09:01:04Z on time future report... Program END 

Create log file
2016-12-19 09:06:03Z on time future report... Program Start
2016-12-19 09:06:03Z on time future report... Program END 

Create log file
2016-12-19 09:11:04Z on time future report... Program Start
2016-12-19 09:11:04Z on time future report... Program END 

Create log file
2016-12-19 09:16:04Z on time future report... Program Start
2016-12-19 09:16:04Z on time future report... Program END 

Create log file
2016-12-19 09:21:03Z on time future report... Program Start
2016-12-19 09:21:03Z on time future report... Program END 

Create log file
2016-12-19 09:26:06Z on time future report... Program Start
2016-12-19 09:26:06Z on time future report... Program END 

Create log file
2016-12-19 09:31:03Z on time future report... Program Start
2016-12-19 09:31:03Z on time future report... Program END 

Create log file
2016-12-19 09:36:04Z on time future report... Program Start
2016-12-19 09:36:04Z on time future report... Program END 

Create log file
2016-12-19 09:41:03Z on time future report... Program Start
2016-12-19 09:41:03Z on time future report... Program END 

Create log file
2016-12-19 09:46:03Z on time future report... Program Start
2016-12-19 09:46:03Z on time future report... Program END 

Create log file
2016-12-19 09:51:03Z on time future report... Program Start
2016-12-19 09:51:03Z on time future report... Program END 

Create log file
2016-12-19 09:56:03Z on time future report... Program Start
2016-12-19 09:56:03Z on time future report... Program END 

Create log file
2016-12-19 10:01:02Z Send 國際股市==>  Program Start
2016-12-19 10:01:02Z Send 國際股市==>  Program END 

Create log file
2016-12-19 10:01:09Z on time future report... Program Start
2016-12-19 10:01:09Z on time future report... Program END 

Create log file
2016-12-19 10:06:05Z on time future report... Program Start
2016-12-19 10:06:05Z on time future report... Program END 

Create log file
2016-12-19 10:11:03Z on time future report... Program Start
2016-12-19 10:11:03Z on time future report... Program END 

Create log file
2016-12-19 10:16:03Z on time future report... Program Start
2016-12-19 10:16:03Z on time future report... Program END 

Create log file
2016-12-19 10:21:05Z on time future report... Program Start
2016-12-19 10:21:05Z on time future report... Program END 

Create log file
2016-12-19 10:26:03Z on time future report... Program Start
2016-12-19 10:26:03Z on time future report... Program END 

Create log file
2016-12-19 10:31:03Z on time future report... Program Start
2016-12-19 10:31:03Z on time future report... Program END 

Create log file
2016-12-19 10:36:03Z on time future report... Program Start
2016-12-19 10:36:03Z on time future report... Program END 

Create log file
2016-12-19 10:41:03Z on time future report... Program Start
2016-12-19 10:41:03Z on time future report... Program END 

Create log file
2016-12-19 10:46:03Z on time future report... Program Start
2016-12-19 10:46:03Z on time future report... Program END 

Create log file
2016-12-19 10:51:03Z on time future report... Program Start
2016-12-19 10:51:03Z on time future report... Program END 

Create log file
2016-12-19 10:56:03Z on time future report... Program Start
2016-12-19 10:56:03Z on time future report... Program END 

Create log file
2016-12-19 11:01:02Z Send 國際股市==>  Program Start
2016-12-19 11:01:02Z Send 國際股市==>  Program END 

Create log file
2016-12-19 11:01:04Z on time future report... Program Start
2016-12-19 11:01:04Z on time future report... Program END 

Create log file
2016-12-19 11:06:03Z on time future report... Program Start
2016-12-19 11:06:03Z on time future report... Program END 

Create log file
2016-12-19 11:11:04Z on time future report... Program Start
2016-12-19 11:11:04Z on time future report... Program END 

Create log file
2016-12-19 11:16:06Z on time future report... Program Start
2016-12-19 11:16:06Z on time future report... Program END 

Create log file
2016-12-19 11:21:03Z on time future report... Program Start
2016-12-19 11:21:03Z on time future report... Program END 

Create log file
2016-12-19 11:26:03Z on time future report... Program Start
2016-12-19 11:26:03Z on time future report... Program END 

Create log file
2016-12-19 11:31:03Z on time future report... Program Start
2016-12-19 11:31:03Z on time future report... Program END 

Create log file
2016-12-19 11:36:03Z on time future report... Program Start
2016-12-19 11:36:03Z on time future report... Program END 

Create log file
2016-12-19 11:41:03Z on time future report... Program Start
2016-12-19 11:41:03Z on time future report... Program END 

Create log file
2016-12-19 11:46:04Z on time future report... Program Start
2016-12-19 11:46:04Z on time future report... Program END 

Create log file
2016-12-19 11:51:03Z on time future report... Program Start
2016-12-19 11:51:03Z on time future report... Program END 

Create log file
2016-12-19 11:56:03Z on time future report... Program Start
2016-12-19 11:56:03Z on time future report... Program END 

Create log file
2016-12-19 12:01:02Z Send 國際股市==>  Program Start
2016-12-19 12:01:02Z Send 國際股市==>  Program END 

Create log file
2016-12-19 12:01:04Z on time future report... Program Start
2016-12-19 12:01:04Z on time future report... Program END 

Create log file
2016-12-19 12:06:03Z on time future report... Program Start
2016-12-19 12:06:03Z on time future report... Program END 

Create log file
2016-12-19 12:11:03Z on time future report... Program Start
2016-12-19 12:11:03Z on time future report... Program END 

Create log file
2016-12-19 12:16:03Z on time future report... Program Start
2016-12-19 12:16:03Z on time future report... Program END 

Create log file
2016-12-19 12:21:03Z on time future report... Program Start
2016-12-19 12:21:03Z on time future report... Program END 

Create log file
2016-12-19 12:26:04Z on time future report... Program Start
2016-12-19 12:26:04Z on time future report... Program END 

Create log file
2016-12-19 12:31:03Z on time future report... Program Start
2016-12-19 12:31:03Z on time future report... Program END 

Create log file
2016-12-19 13:01:01Z Send 國際股市==>  Program Start
2016-12-19 13:01:01Z Send 國際股市==>  Program END 

Create log file
2016-12-19 14:01:01Z Send 國際股市==>  Program Start
2016-12-19 14:01:01Z Send 國際股市==>  Program END 

Create log file
2016-12-19 15:01:01Z Send 國際股市==>  Program Start
2016-12-19 15:01:01Z Send 國際股市==>  Program END 

Create log file
2016-12-19 15:50:18Z option_insert_daily Program Start
2016-12-19 15:50:18Z option_insert_daily Program END 

Create log file
2016-12-19 15:56:00Z Send Option_OIV_daily Program Start
2016-12-19 15:56:00Z Send Option_OIV_daily Program END 

Create log file
2016-12-19 16:01:01Z Send 國際股市==>  Program Start
2016-12-19 16:01:01Z Send 國際股市==>  Program END 

Create log file
2016-12-19 17:01:01Z Send 國際股市==>  Program Start
2016-12-19 17:01:01Z Send 國際股市==>  Program END 

Create log file
2016-12-19 18:01:01Z Send 國際股市==>  Program Start
2016-12-19 18:01:01Z Send 國際股市==>  Program END 

Create log file
2016-12-19 18:01:26Z Send 國際股市==>  Program Start
2016-12-19 18:01:26Z Send 國際股市==>  Program END 

Create log file
2016-12-19 18:01:48Z Send 國際股市==>  Program Start
2016-12-19 18:01:48Z Send 國際股市==>  Program END 

Create log file
2016-12-19 18:02:10Z Send 國際股市==>  Program Start
2016-12-19 18:02:10Z Send 國際股市==>  Program END 

Create log file
2016-12-19 18:02:33Z Send 國際股市==>  Program Start
2016-12-19 18:02:33Z Send 國際股市==>  Program END 

Create log file
2016-12-19 19:01:01Z Send 國際股市==>  Program Start
2016-12-19 19:01:01Z Send 國際股市==>  Program END 

Create log file
2016-12-19 19:01:26Z Send 國際股市==>  Program Start
2016-12-19 19:01:26Z Send 國際股市==>  Program END 

Create log file
2016-12-19 19:01:47Z Send 國際股市==>  Program Start
2016-12-19 19:01:47Z Send 國際股市==>  Program END 

Create log file
2016-12-19 19:02:07Z Send 國際股市==>  Program Start
2016-12-19 19:02:07Z Send 國際股市==>  Program END 

Create log file
2016-12-19 19:02:29Z Send 國際股市==>  Program Start
2016-12-19 19:02:29Z Send 國際股市==>  Program END 

Create log file
2016-12-19 19:02:50Z Send 國際股市==>  Program Start
2016-12-19 19:02:50Z Send 國際股市==>  Program END 

Create log file
2016-12-19 19:03:13Z Send 國際股市==>  Program Start
2016-12-19 19:03:13Z Send 國際股市==>  Program END 

Create log file
2016-12-19 20:01:01Z Send 國際股市==>  Program Start
2016-12-19 20:01:01Z Send 國際股市==>  Program END 

Create log file
2016-12-19 20:10:04Z stock_data_daily_create_file Program Start
2016-12-19 20:10:04Z stock_data_daily_create_file Program END 

Create log file
2016-12-19 20:20:04Z stock_data_insert_daily Program Start
2016-12-19 20:20:04Z stock_data_insert_daily Program END 

Create log file
2016-12-19 20:30:11Z Send 股市氣象台電子報-今日我最夯<==Strong_UP==>  Program Start
2016-12-19 20:30:11Z Send 股市氣象台電子報-今日我最夯<==Strong_UP==>  Program END 

Create log file
2016-12-19 21:01:01Z Send 國際股市==>  Program Start
2016-12-19 21:01:01Z Send 國際股市==>  Program END 

Create log file
2016-12-19 22:01:01Z Send 國際股市==>  Program Start
2016-12-19 22:01:01Z Send 國際股市==>  Program END 

Create log file
2016-12-19 22:01:28Z Send 國際股市==>  Program Start
2016-12-19 22:01:28Z Send 國際股市==>  Program END 

Create log file
2016-12-19 22:01:51Z Send 國際股市==>  Program Start
2016-12-19 22:01:51Z Send 國際股市==>  Program END 

Create log file
2016-12-19 23:01:03Z Send 國際股市==>  Program Start
2016-12-19 23:01:03Z Send 國際股市==>  Program END 

Create log file
2016-12-19 23:01:29Z Send 國際股市==>  Program Start
2016-12-19 23:01:29Z Send 國際股市==>  Program END 

