Create log file
2016-02-18 00:01:03Z Send 國際股市==>  Program Start
2016-02-18 00:01:03Z Send 國際股市==>  Program END 

Create log file
2016-02-18 01:01:02Z Send 國際股市==>  Program Start
2016-02-18 01:01:02Z Send 國際股市==>  Program END 

Create log file
2016-02-18 08:01:03Z Send 國際股市==>  Program Start
2016-02-18 08:01:03Z Send 國際股市==>  Program END 

Create log file
2016-02-18 08:01:29Z Send 國際股市==>  Program Start
2016-02-18 08:01:29Z Send 國際股市==>  Program END 

Create log file
2016-02-18 08:01:51Z Send 國際股市==>  Program Start
2016-02-18 08:01:51Z Send 國際股市==>  Program END 

Create log file
2016-02-18 08:46:03Z on time future report... Program Start
2016-02-18 08:46:03Z on time future report... Program END 

Create log file
2016-02-18 08:51:04Z on time future report... Program Start
2016-02-18 08:51:04Z on time future report... Program END 

Create log file
2016-02-18 08:56:03Z on time future report... Program Start
2016-02-18 08:56:03Z on time future report... Program END 

Create log file
2016-02-18 09:01:03Z Send 國際股市==>  Program Start
2016-02-18 09:01:03Z Send 國際股市==>  Program END 

Create log file
2016-02-18 09:01:04Z on time future report... Program Start
2016-02-18 09:01:04Z on time future report... Program END 

Create log file
2016-02-18 09:06:07Z on time future report... Program Start
2016-02-18 09:06:07Z on time future report... Program END 

Create log file
2016-02-18 09:11:03Z on time future report... Program Start
2016-02-18 09:11:03Z on time future report... Program END 

Create log file
2016-02-18 09:16:06Z on time future report... Program Start
2016-02-18 09:16:06Z on time future report... Program END 

Create log file
2016-02-18 09:21:03Z on time future report... Program Start
2016-02-18 09:21:03Z on time future report... Program END 

Create log file
2016-02-18 09:26:04Z on time future report... Program Start
2016-02-18 09:26:04Z on time future report... Program END 

Create log file
2016-02-18 09:31:05Z on time future report... Program Start
2016-02-18 09:31:05Z on time future report... Program END 

Create log file
2016-02-18 09:36:03Z on time future report... Program Start
2016-02-18 09:36:03Z on time future report... Program END 

Create log file
2016-02-18 09:41:04Z on time future report... Program Start
2016-02-18 09:41:04Z on time future report... Program END 

Create log file
2016-02-18 09:46:04Z on time future report... Program Start
2016-02-18 09:46:04Z on time future report... Program END 

Create log file
2016-02-18 09:51:03Z on time future report... Program Start
2016-02-18 09:51:03Z on time future report... Program END 

Create log file
2016-02-18 09:56:03Z on time future report... Program Start
2016-02-18 09:56:03Z on time future report... Program END 

Create log file
2016-02-18 10:01:03Z Send 國際股市==>  Program Start
2016-02-18 10:01:03Z Send 國際股市==>  Program END 

Create log file
2016-02-18 10:01:04Z on time future report... Program Start
2016-02-18 10:01:04Z on time future report... Program END 

Create log file
2016-02-18 10:06:03Z on time future report... Program Start
2016-02-18 10:06:03Z on time future report... Program END 

Create log file
2016-02-18 10:11:03Z on time future report... Program Start
2016-02-18 10:11:03Z on time future report... Program END 

Create log file
2016-02-18 10:16:03Z on time future report... Program Start
2016-02-18 10:16:03Z on time future report... Program END 

Create log file
2016-02-18 10:21:04Z on time future report... Program Start
2016-02-18 10:21:04Z on time future report... Program END 

Create log file
2016-02-18 10:26:04Z on time future report... Program Start
2016-02-18 10:26:04Z on time future report... Program END 

Create log file
2016-02-18 10:31:03Z on time future report... Program Start
2016-02-18 10:31:03Z on time future report... Program END 

Create log file
2016-02-18 10:36:03Z on time future report... Program Start
2016-02-18 10:36:03Z on time future report... Program END 

Create log file
2016-02-18 10:41:03Z on time future report... Program Start
2016-02-18 10:41:03Z on time future report... Program END 

Create log file
2016-02-18 10:46:04Z on time future report... Program Start
2016-02-18 10:46:04Z on time future report... Program END 

Create log file
2016-02-18 10:51:03Z on time future report... Program Start
2016-02-18 10:51:03Z on time future report... Program END 

Create log file
2016-02-18 10:56:05Z on time future report... Program Start
2016-02-18 10:56:05Z on time future report... Program END 

Create log file
2016-02-18 11:01:03Z Send 國際股市==>  Program Start
2016-02-18 11:01:03Z Send 國際股市==>  Program END 

Create log file
2016-02-18 11:01:06Z on time future report... Program Start
2016-02-18 11:01:06Z on time future report... Program END 

Create log file
2016-02-18 11:06:03Z on time future report... Program Start
2016-02-18 11:06:03Z on time future report... Program END 

Create log file
2016-02-18 11:11:03Z on time future report... Program Start
2016-02-18 11:11:03Z on time future report... Program END 

Create log file
2016-02-18 11:16:05Z on time future report... Program Start
2016-02-18 11:16:05Z on time future report... Program END 

Create log file
2016-02-18 11:21:03Z on time future report... Program Start
2016-02-18 11:21:03Z on time future report... Program END 

Create log file
2016-02-18 11:26:06Z on time future report... Program Start
2016-02-18 11:26:06Z on time future report... Program END 

Create log file
2016-02-18 11:31:04Z on time future report... Program Start
2016-02-18 11:31:04Z on time future report... Program END 

Create log file
2016-02-18 11:36:06Z on time future report... Program Start
2016-02-18 11:36:06Z on time future report... Program END 

Create log file
2016-02-18 11:41:05Z on time future report... Program Start
2016-02-18 11:41:05Z on time future report... Program END 

Create log file
2016-02-18 11:46:03Z on time future report... Program Start
2016-02-18 11:46:03Z on time future report... Program END 

Create log file
2016-02-18 11:51:08Z on time future report... Program Start
2016-02-18 11:51:08Z on time future report... Program END 

Create log file
2016-02-18 11:56:03Z on time future report... Program Start
2016-02-18 11:56:03Z on time future report... Program END 

Create log file
2016-02-18 12:01:03Z Send 國際股市==>  Program Start
2016-02-18 12:01:03Z Send 國際股市==>  Program END 

Create log file
2016-02-18 12:01:04Z on time future report... Program Start
2016-02-18 12:01:04Z on time future report... Program END 

Create log file
2016-02-18 12:06:03Z on time future report... Program Start
2016-02-18 12:06:03Z on time future report... Program END 

Create log file
2016-02-18 12:11:03Z on time future report... Program Start
2016-02-18 12:11:03Z on time future report... Program END 

Create log file
2016-02-18 12:16:03Z on time future report... Program Start
2016-02-18 12:16:03Z on time future report... Program END 

Create log file
2016-02-18 12:21:03Z on time future report... Program Start
2016-02-18 12:21:03Z on time future report... Program END 

Create log file
2016-02-18 12:26:03Z on time future report... Program Start
2016-02-18 12:26:03Z on time future report... Program END 

Create log file
2016-02-18 12:31:08Z on time future report... Program Start
2016-02-18 12:31:08Z on time future report... Program END 

Create log file
2016-02-18 12:36:03Z on time future report... Program Start
2016-02-18 12:36:03Z on time future report... Program END 

Create log file
2016-02-18 12:41:03Z on time future report... Program Start
2016-02-18 12:41:03Z on time future report... Program END 

Create log file
2016-02-18 12:46:05Z on time future report... Program Start
2016-02-18 12:46:05Z on time future report... Program END 

Create log file
2016-02-18 12:51:05Z on time future report... Program Start
2016-02-18 12:51:05Z on time future report... Program END 

Create log file
2016-02-18 12:56:04Z on time future report... Program Start
2016-02-18 12:56:04Z on time future report... Program END 

Create log file
2016-02-18 13:01:03Z Send 國際股市==>  Program Start
2016-02-18 13:01:03Z Send 國際股市==>  Program END 

Create log file
2016-02-18 13:01:04Z on time future report... Program Start
2016-02-18 13:01:04Z on time future report... Program END 

Create log file
2016-02-18 13:06:03Z on time future report... Program Start
2016-02-18 13:06:03Z on time future report... Program END 

Create log file
2016-02-18 13:11:03Z on time future report... Program Start
2016-02-18 13:11:03Z on time future report... Program END 

Create log file
2016-02-18 13:16:04Z on time future report... Program Start
2016-02-18 13:16:04Z on time future report... Program END 

Create log file
2016-02-18 13:21:04Z on time future report... Program Start
2016-02-18 13:21:04Z on time future report... Program END 

Create log file
2016-02-18 13:26:03Z on time future report... Program Start
2016-02-18 13:26:03Z on time future report... Program END 

Create log file
2016-02-18 13:31:04Z on time future report... Program Start
2016-02-18 13:31:04Z on time future report... Program END 

Create log file
2016-02-18 13:36:03Z on time future report... Program Start
2016-02-18 13:36:03Z on time future report... Program END 

Create log file
2016-02-18 13:41:05Z on time future report... Program Start
2016-02-18 13:41:05Z on time future report... Program END 

Create log file
2016-02-18 13:46:03Z on time future report... Program Start
2016-02-18 13:46:03Z on time future report... Program END 

Create log file
2016-02-18 14:01:03Z Send 國際股市==>  Program Start
2016-02-18 14:01:03Z Send 國際股市==>  Program END 

Create log file
2016-02-18 15:01:03Z Send 國際股市==>  Program Start
2016-02-18 15:01:03Z Send 國際股市==>  Program END 

Create log file
2016-02-18 15:50:19Z option_insert_daily Program Start
2016-02-18 15:50:19Z option_insert_daily Program END 

Create log file
2016-02-18 15:56:09Z Send Option_OIV_daily Program Start
2016-02-18 15:56:09Z Send Option_OIV_daily Program END 

Create log file
2016-02-18 16:01:03Z Send 國際股市==>  Program Start
2016-02-18 16:01:03Z Send 國際股市==>  Program END 

Create log file
2016-02-18 17:01:02Z Send 國際股市==>  Program Start
2016-02-18 17:01:02Z Send 國際股市==>  Program END 

Create log file
2016-02-18 18:01:03Z Send 國際股市==>  Program Start
2016-02-18 18:01:03Z Send 國際股市==>  Program END 

Create log file
2016-02-18 18:01:29Z Send 國際股市==>  Program Start
2016-02-18 18:01:29Z Send 國際股市==>  Program END 

Create log file
2016-02-18 18:01:52Z Send 國際股市==>  Program Start
2016-02-18 18:01:52Z Send 國際股市==>  Program END 

Create log file
2016-02-18 18:02:15Z Send 國際股市==>  Program Start
2016-02-18 18:02:15Z Send 國際股市==>  Program END 

Create log file
2016-02-18 19:01:03Z Send 國際股市==>  Program Start
2016-02-18 19:01:03Z Send 國際股市==>  Program END 

Create log file
2016-02-18 19:01:29Z Send 國際股市==>  Program Start
2016-02-18 19:01:29Z Send 國際股市==>  Program END 

Create log file
2016-02-18 19:01:52Z Send 國際股市==>  Program Start
2016-02-18 19:01:52Z Send 國際股市==>  Program END 

Create log file
2016-02-18 20:01:03Z Send 國際股市==>  Program Start
2016-02-18 20:01:03Z Send 國際股市==>  Program END 

Create log file
2016-02-18 20:10:06Z stock_data_daily_create_file Program Start
2016-02-18 20:10:06Z stock_data_daily_create_file Program END 

Create log file
2016-02-18 20:20:08Z stock_data_insert_daily Program Start
2016-02-18 20:20:08Z stock_data_insert_daily Program END 

Create log file
2016-02-18 20:30:17Z Send 股市氣象台電子報-今日我最夯<==Strong_UP==>  Program Start
2016-02-18 20:30:17Z Send 股市氣象台電子報-今日我最夯<==Strong_UP==>  Program END 

Create log file
2016-02-18 21:01:03Z Send 國際股市==>  Program Start
2016-02-18 21:01:03Z Send 國際股市==>  Program END 

Create log file
2016-02-18 22:01:03Z Send 國際股市==>  Program Start
2016-02-18 22:01:03Z Send 國際股市==>  Program END 

Create log file
2016-02-18 22:01:29Z Send 國際股市==>  Program Start
2016-02-18 22:01:29Z Send 國際股市==>  Program END 

Create log file
2016-02-18 23:01:03Z Send 國際股市==>  Program Start
2016-02-18 23:01:03Z Send 國際股市==>  Program END 

