Create log file
2016-07-07 00:01:02Z Send 國際股市==>  Program Start
2016-07-07 00:01:02Z Send 國際股市==>  Program END 

Create log file
2016-07-07 01:01:05Z Send 國際股市==>  Program Start
2016-07-07 01:01:05Z Send 國際股市==>  Program END 

Create log file
2016-07-07 08:01:04Z Send 國際股市==>  Program Start
2016-07-07 08:01:04Z Send 國際股市==>  Program END 

Create log file
2016-07-07 08:01:29Z Send 國際股市==>  Program Start
2016-07-07 08:01:29Z Send 國際股市==>  Program END 

Create log file
2016-07-07 08:01:52Z Send 國際股市==>  Program Start
2016-07-07 08:01:52Z Send 國際股市==>  Program END 

Create log file
2016-07-07 08:02:15Z Send 國際股市==>  Program Start
2016-07-07 08:02:15Z Send 國際股市==>  Program END 

Create log file
2016-07-07 08:46:05Z on time future report... Program Start
2016-07-07 08:46:05Z on time future report... Program END 

Create log file
2016-07-07 08:51:03Z on time future report... Program Start
2016-07-07 08:51:03Z on time future report... Program END 

Create log file
2016-07-07 08:56:03Z on time future report... Program Start
2016-07-07 08:56:03Z on time future report... Program END 

Create log file
2016-07-07 09:01:03Z Send 國際股市==>  Program Start
2016-07-07 09:01:03Z Send 國際股市==>  Program END 

Create log file
2016-07-07 09:01:04Z on time future report... Program Start
2016-07-07 09:01:04Z on time future report... Program END 

Create log file
2016-07-07 18:54:13Z Send 國際股市==>  Program Start
2016-07-07 18:54:13Z Send 國際股市==>  Program END 

Create log file
2016-07-07 18:54:39Z Send 國際股市==>  Program Start
2016-07-07 18:54:39Z Send 國際股市==>  Program END 

Create log file
2016-07-07 18:55:01Z Send 國際股市==>  Program Start
2016-07-07 18:55:01Z Send 國際股市==>  Program END 

Create log file
2016-07-07 18:55:23Z Send 國際股市==>  Program Start
2016-07-07 18:55:23Z Send 國際股市==>  Program END 

Create log file
2016-07-07 18:55:46Z Send 國際股市==>  Program Start
2016-07-07 18:55:46Z Send 國際股市==>  Program END 

Create log file
2016-07-07 18:58:56Z option_insert_daily Program Start
2016-07-07 18:58:56Z option_insert_daily Program END 

Create log file
2016-07-07 19:00:45Z Send Option_OIV_daily Program Start
2016-07-07 19:00:45Z Send Option_OIV_daily Program END 

Create log file
2016-07-07 19:01:05Z Send 國際股市==>  Program Start
2016-07-07 19:01:05Z Send 國際股市==>  Program END 

Create log file
2016-07-07 19:01:31Z Send 國際股市==>  Program Start
2016-07-07 19:01:31Z Send 國際股市==>  Program END 

Create log file
2016-07-07 19:01:55Z Send 國際股市==>  Program Start
2016-07-07 19:01:55Z Send 國際股市==>  Program END 

Create log file
2016-07-07 19:02:16Z Send 國際股市==>  Program Start
2016-07-07 19:02:16Z Send 國際股市==>  Program END 

Create log file
2016-07-07 19:02:37Z Send 國際股市==>  Program Start
2016-07-07 19:02:37Z Send 國際股市==>  Program END 

Create log file
2016-07-07 19:02:59Z Send 國際股市==>  Program Start
2016-07-07 19:02:59Z Send 國際股市==>  Program END 

Create log file
2016-07-07 20:01:03Z Send 國際股市==>  Program Start
2016-07-07 20:01:03Z Send 國際股市==>  Program END 

Create log file
2016-07-07 20:10:07Z stock_data_daily_create_file Program Start
2016-07-07 20:10:07Z stock_data_daily_create_file Program END 

Create log file
2016-07-07 20:20:05Z stock_data_insert_daily Program Start
2016-07-07 20:20:05Z stock_data_insert_daily Program END 

Create log file
2016-07-07 20:30:13Z Send 股市氣象台電子報-今日我最夯<==Strong_UP==>  Program Start
2016-07-07 20:30:13Z Send 股市氣象台電子報-今日我最夯<==Strong_UP==>  Program END 

Create log file
2016-07-07 21:01:02Z Send 國際股市==>  Program Start
2016-07-07 21:01:02Z Send 國際股市==>  Program END 

Create log file
2016-07-07 22:01:01Z Send 國際股市==>  Program Start
2016-07-07 22:01:01Z Send 國際股市==>  Program END 

Create log file
2016-07-07 22:01:27Z Send 國際股市==>  Program Start
2016-07-07 22:01:27Z Send 國際股市==>  Program END 

Create log file
2016-07-07 22:01:50Z Send 國際股市==>  Program Start
2016-07-07 22:01:50Z Send 國際股市==>  Program END 

Create log file
2016-07-07 23:01:01Z Send 國際股市==>  Program Start
2016-07-07 23:01:01Z Send 國際股市==>  Program END 

