Create log file
2016-12-07 00:01:05Z Send 國際股市==>  Program Start
2016-12-07 00:01:05Z Send 國際股市==>  Program END 

Create log file
2016-12-07 01:01:03Z Send 國際股市==>  Program Start
2016-12-07 01:01:03Z Send 國際股市==>  Program END 

Create log file
2016-12-07 08:01:05Z Send 國際股市==>  Program Start
2016-12-07 08:01:05Z Send 國際股市==>  Program END 

Create log file
2016-12-07 08:46:06Z on time future report... Program Start
2016-12-07 08:46:06Z on time future report... Program END 

Create log file
2016-12-07 08:51:03Z on time future report... Program Start
2016-12-07 08:51:03Z on time future report... Program END 

Create log file
2016-12-07 08:56:05Z on time future report... Program Start
2016-12-07 08:56:05Z on time future report... Program END 

Create log file
2016-12-07 09:01:02Z Send 國際股市==>  Program Start
2016-12-07 09:01:02Z Send 國際股市==>  Program END 

Create log file
2016-12-07 09:01:04Z on time future report... Program Start
2016-12-07 09:01:04Z on time future report... Program END 

Create log file
2016-12-07 09:06:05Z on time future report... Program Start
2016-12-07 09:06:05Z on time future report... Program END 

Create log file
2016-12-07 09:11:03Z on time future report... Program Start
2016-12-07 09:11:03Z on time future report... Program END 

Create log file
2016-12-07 09:16:03Z on time future report... Program Start
2016-12-07 09:16:03Z on time future report... Program END 

Create log file
2016-12-07 09:21:03Z on time future report... Program Start
2016-12-07 09:21:03Z on time future report... Program END 

Create log file
2016-12-07 09:26:03Z on time future report... Program Start
2016-12-07 09:26:03Z on time future report... Program END 

Create log file
2016-12-07 09:31:03Z on time future report... Program Start
2016-12-07 09:31:03Z on time future report... Program END 

Create log file
2016-12-07 09:36:04Z on time future report... Program Start
2016-12-07 09:36:04Z on time future report... Program END 

Create log file
2016-12-07 09:41:04Z on time future report... Program Start
2016-12-07 09:41:04Z on time future report... Program END 

Create log file
2016-12-07 09:46:04Z on time future report... Program Start
2016-12-07 09:46:04Z on time future report... Program END 

Create log file
2016-12-07 09:51:05Z on time future report... Program Start
2016-12-07 09:51:05Z on time future report... Program END 

Create log file
2016-12-07 09:56:03Z on time future report... Program Start
2016-12-07 09:56:03Z on time future report... Program END 

Create log file
2016-12-07 10:01:02Z Send 國際股市==>  Program Start
2016-12-07 10:01:02Z Send 國際股市==>  Program END 

Create log file
2016-12-07 10:01:04Z on time future report... Program Start
2016-12-07 10:01:04Z on time future report... Program END 

Create log file
2016-12-07 10:06:03Z on time future report... Program Start
2016-12-07 10:06:03Z on time future report... Program END 

Create log file
2016-12-07 10:11:03Z on time future report... Program Start
2016-12-07 10:11:03Z on time future report... Program END 

Create log file
2016-12-07 10:16:03Z on time future report... Program Start
2016-12-07 10:16:03Z on time future report... Program END 

Create log file
2016-12-07 10:21:03Z on time future report... Program Start
2016-12-07 10:21:03Z on time future report... Program END 

Create log file
2016-12-07 10:26:03Z on time future report... Program Start
2016-12-07 10:26:03Z on time future report... Program END 

Create log file
2016-12-07 10:31:03Z on time future report... Program Start
2016-12-07 10:31:03Z on time future report... Program END 

Create log file
2016-12-07 10:36:03Z on time future report... Program Start
2016-12-07 10:36:03Z on time future report... Program END 

Create log file
2016-12-07 10:41:03Z on time future report... Program Start
2016-12-07 10:41:03Z on time future report... Program END 

Create log file
2016-12-07 10:46:03Z on time future report... Program Start
2016-12-07 10:46:03Z on time future report... Program END 

Create log file
2016-12-07 10:51:03Z on time future report... Program Start
2016-12-07 10:51:03Z on time future report... Program END 

Create log file
2016-12-07 10:56:03Z on time future report... Program Start
2016-12-07 10:56:03Z on time future report... Program END 

Create log file
2016-12-07 11:01:02Z Send 國際股市==>  Program Start
2016-12-07 11:01:02Z Send 國際股市==>  Program END 

Create log file
2016-12-07 11:01:04Z on time future report... Program Start
2016-12-07 11:01:04Z on time future report... Program END 

Create log file
2016-12-07 11:06:03Z on time future report... Program Start
2016-12-07 11:06:03Z on time future report... Program END 

Create log file
2016-12-07 11:11:03Z on time future report... Program Start
2016-12-07 11:11:03Z on time future report... Program END 

Create log file
2016-12-07 11:16:03Z on time future report... Program Start
2016-12-07 11:16:03Z on time future report... Program END 

Create log file
2016-12-07 11:21:03Z on time future report... Program Start
2016-12-07 11:21:03Z on time future report... Program END 

Create log file
2016-12-07 11:26:04Z on time future report... Program Start
2016-12-07 11:26:04Z on time future report... Program END 

Create log file
2016-12-07 11:31:03Z on time future report... Program Start
2016-12-07 11:31:03Z on time future report... Program END 

Create log file
2016-12-07 11:36:04Z on time future report... Program Start
2016-12-07 11:36:04Z on time future report... Program END 

Create log file
2016-12-07 11:41:03Z on time future report... Program Start
2016-12-07 11:41:03Z on time future report... Program END 

Create log file
2016-12-07 11:46:03Z on time future report... Program Start
2016-12-07 11:46:03Z on time future report... Program END 

Create log file
2016-12-07 11:51:03Z on time future report... Program Start
2016-12-07 11:51:03Z on time future report... Program END 

Create log file
2016-12-07 11:56:03Z on time future report... Program Start
2016-12-07 11:56:03Z on time future report... Program END 

Create log file
2016-12-07 12:01:02Z Send 國際股市==>  Program Start
2016-12-07 12:01:02Z Send 國際股市==>  Program END 

Create log file
2016-12-07 12:01:04Z on time future report... Program Start
2016-12-07 12:01:04Z on time future report... Program END 

Create log file
2016-12-07 12:06:03Z on time future report... Program Start
2016-12-07 12:06:03Z on time future report... Program END 

Create log file
2016-12-07 12:11:07Z on time future report... Program Start
2016-12-07 12:11:07Z on time future report... Program END 

Create log file
2016-12-07 12:16:04Z on time future report... Program Start
2016-12-07 12:16:04Z on time future report... Program END 

Create log file
2016-12-07 12:21:03Z on time future report... Program Start
2016-12-07 12:21:03Z on time future report... Program END 

Create log file
2016-12-07 12:26:06Z on time future report... Program Start
2016-12-07 12:26:06Z on time future report... Program END 

Create log file
2016-12-07 12:31:03Z on time future report... Program Start
2016-12-07 12:31:03Z on time future report... Program END 

Create log file
2016-12-07 12:36:03Z on time future report... Program Start
2016-12-07 12:36:03Z on time future report... Program END 

Create log file
2016-12-07 12:41:03Z on time future report... Program Start
2016-12-07 12:41:03Z on time future report... Program END 

Create log file
2016-12-07 12:46:03Z on time future report... Program Start
2016-12-07 12:46:03Z on time future report... Program END 

Create log file
2016-12-07 12:51:04Z on time future report... Program Start
2016-12-07 12:51:04Z on time future report... Program END 

Create log file
2016-12-07 12:56:03Z on time future report... Program Start
2016-12-07 12:56:03Z on time future report... Program END 

Create log file
2016-12-07 13:01:02Z Send 國際股市==>  Program Start
2016-12-07 13:01:02Z Send 國際股市==>  Program END 

Create log file
2016-12-07 13:01:04Z on time future report... Program Start
2016-12-07 13:01:04Z on time future report... Program END 

Create log file
2016-12-07 13:06:03Z on time future report... Program Start
2016-12-07 13:06:03Z on time future report... Program END 

Create log file
2016-12-07 13:11:04Z on time future report... Program Start
2016-12-07 13:11:04Z on time future report... Program END 

Create log file
2016-12-07 13:16:04Z on time future report... Program Start
2016-12-07 13:16:04Z on time future report... Program END 

Create log file
2016-12-07 13:21:03Z on time future report... Program Start
2016-12-07 13:21:03Z on time future report... Program END 

Create log file
2016-12-07 13:26:03Z on time future report... Program Start
2016-12-07 13:26:03Z on time future report... Program END 

Create log file
2016-12-07 13:31:05Z on time future report... Program Start
2016-12-07 13:31:05Z on time future report... Program END 

Create log file
2016-12-07 13:36:03Z on time future report... Program Start
2016-12-07 13:36:03Z on time future report... Program END 

Create log file
2016-12-07 13:41:03Z on time future report... Program Start
2016-12-07 13:41:03Z on time future report... Program END 

Create log file
2016-12-07 13:46:03Z on time future report... Program Start
2016-12-07 13:46:03Z on time future report... Program END 

Create log file
2016-12-07 14:01:01Z Send 國際股市==>  Program Start
2016-12-07 14:01:01Z Send 國際股市==>  Program END 

Create log file
2016-12-07 15:01:01Z Send 國際股市==>  Program Start
2016-12-07 15:01:01Z Send 國際股市==>  Program END 

Create log file
2016-12-07 15:50:17Z option_insert_daily Program Start
2016-12-07 15:50:17Z option_insert_daily Program END 

Create log file
2016-12-07 16:01:01Z Send 國際股市==>  Program Start
2016-12-07 16:01:01Z Send 國際股市==>  Program END 

Create log file
2016-12-07 17:01:01Z Send 國際股市==>  Program Start
2016-12-07 17:01:01Z Send 國際股市==>  Program END 

Create log file
2016-12-07 18:01:01Z Send 國際股市==>  Program Start
2016-12-07 18:01:01Z Send 國際股市==>  Program END 

Create log file
2016-12-07 18:01:28Z Send 國際股市==>  Program Start
2016-12-07 18:01:28Z Send 國際股市==>  Program END 

Create log file
2016-12-07 18:01:50Z Send 國際股市==>  Program Start
2016-12-07 18:01:50Z Send 國際股市==>  Program END 

Create log file
2016-12-07 18:02:12Z Send 國際股市==>  Program Start
2016-12-07 18:02:12Z Send 國際股市==>  Program END 

Create log file
2016-12-07 18:02:36Z Send 國際股市==>  Program Start
2016-12-07 18:02:36Z Send 國際股市==>  Program END 

Create log file
2016-12-07 19:01:01Z Send 國際股市==>  Program Start
2016-12-07 19:01:01Z Send 國際股市==>  Program END 

Create log file
2016-12-07 19:01:26Z Send 國際股市==>  Program Start
2016-12-07 19:01:26Z Send 國際股市==>  Program END 

Create log file
2016-12-07 19:01:50Z Send 國際股市==>  Program Start
2016-12-07 19:01:50Z Send 國際股市==>  Program END 

Create log file
2016-12-07 19:02:11Z Send 國際股市==>  Program Start
2016-12-07 19:02:11Z Send 國際股市==>  Program END 

Create log file
2016-12-07 19:02:33Z Send 國際股市==>  Program Start
2016-12-07 19:02:33Z Send 國際股市==>  Program END 

Create log file
2016-12-07 19:02:53Z Send 國際股市==>  Program Start
2016-12-07 19:02:53Z Send 國際股市==>  Program END 

Create log file
2016-12-07 19:03:17Z Send 國際股市==>  Program Start
2016-12-07 19:03:17Z Send 國際股市==>  Program END 

Create log file
2016-12-07 20:01:01Z Send 國際股市==>  Program Start
2016-12-07 20:01:01Z Send 國際股市==>  Program END 

Create log file
2016-12-07 20:10:05Z stock_data_daily_create_file Program Start
2016-12-07 20:10:05Z stock_data_daily_create_file Program END 

Create log file
2016-12-07 20:20:07Z stock_data_insert_daily Program Start
2016-12-07 20:20:07Z stock_data_insert_daily Program END 

Create log file
2016-12-07 20:30:14Z Send 股市氣象台電子報-今日我最夯<==Strong_UP==>  Program Start
2016-12-07 20:30:14Z Send 股市氣象台電子報-今日我最夯<==Strong_UP==>  Program END 

Create log file
2016-12-07 21:01:02Z Send 國際股市==>  Program Start
2016-12-07 21:01:02Z Send 國際股市==>  Program END 

Create log file
2016-12-07 22:01:02Z Send 國際股市==>  Program Start
2016-12-07 22:01:02Z Send 國際股市==>  Program END 

Create log file
2016-12-07 23:01:01Z Send 國際股市==>  Program Start
2016-12-07 23:01:01Z Send 國際股市==>  Program END 

