Create log file
2016-03-21 08:01:02Z Send 國際股市==>  Program Start
2016-03-21 08:01:02Z Send 國際股市==>  Program END 

Create log file
2016-03-21 08:01:29Z Send 國際股市==>  Program Start
2016-03-21 08:01:29Z Send 國際股市==>  Program END 

Create log file
2016-03-21 08:01:51Z Send 國際股市==>  Program Start
2016-03-21 08:01:51Z Send 國際股市==>  Program END 

Create log file
2016-03-21 08:46:04Z on time future report... Program Start
2016-03-21 08:46:04Z on time future report... Program END 

Create log file
2016-03-21 08:51:03Z on time future report... Program Start
2016-03-21 08:51:03Z on time future report... Program END 

Create log file
2016-03-21 08:56:03Z on time future report... Program Start
2016-03-21 08:56:03Z on time future report... Program END 

Create log file
2016-03-21 09:01:03Z Send 國際股市==>  Program Start
2016-03-21 09:01:03Z Send 國際股市==>  Program END 

Create log file
2016-03-21 09:01:04Z on time future report... Program Start
2016-03-21 09:01:04Z on time future report... Program END 

Create log file
2016-03-21 09:06:05Z on time future report... Program Start
2016-03-21 09:06:05Z on time future report... Program END 

Create log file
2016-03-21 09:11:05Z on time future report... Program Start
2016-03-21 09:11:05Z on time future report... Program END 

Create log file
2016-03-21 09:16:03Z on time future report... Program Start
2016-03-21 09:16:03Z on time future report... Program END 

Create log file
2016-03-21 09:21:03Z on time future report... Program Start
2016-03-21 09:21:03Z on time future report... Program END 

Create log file
2016-03-21 09:26:03Z on time future report... Program Start
2016-03-21 09:26:03Z on time future report... Program END 

Create log file
2016-03-21 09:31:08Z on time future report... Program Start
2016-03-21 09:31:08Z on time future report... Program END 

Create log file
2016-03-21 09:36:04Z on time future report... Program Start
2016-03-21 09:36:04Z on time future report... Program END 

Create log file
2016-03-21 09:41:03Z on time future report... Program Start
2016-03-21 09:41:03Z on time future report... Program END 

Create log file
2016-03-21 09:46:06Z on time future report... Program Start
2016-03-21 09:46:06Z on time future report... Program END 

Create log file
2016-03-21 09:51:03Z on time future report... Program Start
2016-03-21 09:51:03Z on time future report... Program END 

Create log file
2016-03-21 09:56:05Z on time future report... Program Start
2016-03-21 09:56:05Z on time future report... Program END 

Create log file
2016-03-21 10:01:03Z Send 國際股市==>  Program Start
2016-03-21 10:01:03Z Send 國際股市==>  Program END 

Create log file
2016-03-21 10:01:07Z on time future report... Program Start
2016-03-21 10:01:07Z on time future report... Program END 

Create log file
2016-03-21 10:06:03Z on time future report... Program Start
2016-03-21 10:06:03Z on time future report... Program END 

Create log file
2016-03-21 10:11:04Z on time future report... Program Start
2016-03-21 10:11:04Z on time future report... Program END 

Create log file
2016-03-21 10:16:03Z on time future report... Program Start
2016-03-21 10:16:03Z on time future report... Program END 

Create log file
2016-03-21 10:21:03Z on time future report... Program Start
2016-03-21 10:21:03Z on time future report... Program END 

Create log file
2016-03-21 10:26:05Z on time future report... Program Start
2016-03-21 10:26:05Z on time future report... Program END 

Create log file
2016-03-21 10:31:03Z on time future report... Program Start
2016-03-21 10:31:03Z on time future report... Program END 

Create log file
2016-03-21 10:36:03Z on time future report... Program Start
2016-03-21 10:36:03Z on time future report... Program END 

Create log file
2016-03-21 10:46:01Z on time future report... Program Start
2016-03-21 10:46:01Z on time future report... Program END 

Create log file
2016-03-21 10:51:05Z on time future report... Program Start
2016-03-21 10:51:05Z on time future report... Program END 

Create log file
2016-03-21 10:56:01Z on time future report... Program Start
2016-03-21 10:56:01Z on time future report... Program END 

Create log file
2016-03-21 11:01:02Z on time future report... Program Start
2016-03-21 11:01:02Z on time future report... Program END 

Create log file
2016-03-21 11:01:03Z Send 國際股市==>  Program Start
2016-03-21 11:01:03Z Send 國際股市==>  Program END 

Create log file
2016-03-21 11:06:01Z on time future report... Program Start
2016-03-21 11:06:01Z on time future report... Program END 

Create log file
2016-03-21 11:11:01Z on time future report... Program Start
2016-03-21 11:11:01Z on time future report... Program END 

Create log file
2016-03-21 11:16:01Z on time future report... Program Start
2016-03-21 11:16:01Z on time future report... Program END 

Create log file
2016-03-21 11:21:01Z on time future report... Program Start
2016-03-21 11:21:01Z on time future report... Program END 

Create log file
2016-03-21 11:26:03Z on time future report... Program Start
2016-03-21 11:26:03Z on time future report... Program END 

Create log file
2016-03-21 11:31:01Z on time future report... Program Start
2016-03-21 11:31:01Z on time future report... Program END 

Create log file
2016-03-21 11:36:01Z on time future report... Program Start
2016-03-21 11:36:01Z on time future report... Program END 

Create log file
2016-03-21 11:41:01Z on time future report... Program Start
2016-03-21 11:41:01Z on time future report... Program END 

Create log file
2016-03-21 11:46:02Z on time future report... Program Start
2016-03-21 11:46:02Z on time future report... Program END 

Create log file
2016-03-21 11:51:01Z on time future report... Program Start
2016-03-21 11:51:01Z on time future report... Program END 

Create log file
2016-03-21 11:56:01Z on time future report... Program Start
2016-03-21 11:56:01Z on time future report... Program END 

Create log file
2016-03-21 12:01:02Z on time future report... Program Start
2016-03-21 12:01:02Z on time future report... Program END 

Create log file
2016-03-21 12:01:03Z Send 國際股市==>  Program Start
2016-03-21 12:01:03Z Send 國際股市==>  Program END 

Create log file
2016-03-21 12:06:01Z on time future report... Program Start
2016-03-21 12:06:01Z on time future report... Program END 

Create log file
2016-03-21 12:11:01Z on time future report... Program Start
2016-03-21 12:11:01Z on time future report... Program END 

Create log file
2016-03-21 12:16:02Z on time future report... Program Start
2016-03-21 12:16:02Z on time future report... Program END 

Create log file
2016-03-21 12:21:01Z on time future report... Program Start
2016-03-21 12:21:01Z on time future report... Program END 

Create log file
2016-03-21 12:26:01Z on time future report... Program Start
2016-03-21 12:26:01Z on time future report... Program END 

Create log file
2016-03-21 12:31:01Z on time future report... Program Start
2016-03-21 12:31:01Z on time future report... Program END 

Create log file
2016-03-21 12:36:01Z on time future report... Program Start
2016-03-21 12:36:01Z on time future report... Program END 

Create log file
2016-03-21 12:41:01Z on time future report... Program Start
2016-03-21 12:41:01Z on time future report... Program END 

Create log file
2016-03-21 12:46:01Z on time future report... Program Start
2016-03-21 12:46:01Z on time future report... Program END 

Create log file
2016-03-21 12:51:01Z on time future report... Program Start
2016-03-21 12:51:01Z on time future report... Program END 

Create log file
2016-03-21 12:56:04Z on time future report... Program Start
2016-03-21 12:56:04Z on time future report... Program END 

Create log file
2016-03-21 13:01:02Z on time future report... Program Start
2016-03-21 13:01:02Z on time future report... Program END 

Create log file
2016-03-21 13:01:03Z Send 國際股市==>  Program Start
2016-03-21 13:01:03Z Send 國際股市==>  Program END 

Create log file
2016-03-21 13:06:02Z on time future report... Program Start
2016-03-21 13:06:02Z on time future report... Program END 

Create log file
2016-03-21 13:11:01Z on time future report... Program Start
2016-03-21 13:11:01Z on time future report... Program END 

Create log file
2016-03-21 13:16:03Z on time future report... Program Start
2016-03-21 13:16:03Z on time future report... Program END 

Create log file
2016-03-21 13:21:02Z on time future report... Program Start
2016-03-21 13:21:02Z on time future report... Program END 

Create log file
2016-03-21 13:26:01Z on time future report... Program Start
2016-03-21 13:26:01Z on time future report... Program END 

Create log file
2016-03-21 13:31:01Z on time future report... Program Start
2016-03-21 13:31:01Z on time future report... Program END 

Create log file
2016-03-21 13:36:02Z on time future report... Program Start
2016-03-21 13:36:02Z on time future report... Program END 

Create log file
2016-03-21 13:41:01Z on time future report... Program Start
2016-03-21 13:41:01Z on time future report... Program END 

Create log file
2016-03-21 13:46:01Z on time future report... Program Start
2016-03-21 13:46:01Z on time future report... Program END 

Create log file
2016-03-21 14:01:02Z Send 國際股市==>  Program Start
2016-03-21 14:01:02Z Send 國際股市==>  Program END 

Create log file
2016-03-21 15:01:02Z Send 國際股市==>  Program Start
2016-03-21 15:01:02Z Send 國際股市==>  Program END 

Create log file
2016-03-21 15:50:18Z option_insert_daily Program Start
2016-03-21 15:50:18Z option_insert_daily Program END 

Create log file
2016-03-21 15:55:39Z Send Option_OIV_daily Program Start
2016-03-21 15:55:39Z Send Option_OIV_daily Program END 

Create log file
2016-03-21 16:01:01Z Send 國際股市==>  Program Start
2016-03-21 16:01:01Z Send 國際股市==>  Program END 

Create log file
2016-03-21 17:01:01Z Send 國際股市==>  Program Start
2016-03-21 17:01:01Z Send 國際股市==>  Program END 

Create log file
2016-03-21 18:01:02Z Send 國際股市==>  Program Start
2016-03-21 18:01:02Z Send 國際股市==>  Program END 

Create log file
2016-03-21 18:01:28Z Send 國際股市==>  Program Start
2016-03-21 18:01:28Z Send 國際股市==>  Program END 

Create log file
2016-03-21 18:01:50Z Send 國際股市==>  Program Start
2016-03-21 18:01:50Z Send 國際股市==>  Program END 

Create log file
2016-03-21 18:02:15Z Send 國際股市==>  Program Start
2016-03-21 18:02:15Z Send 國際股市==>  Program END 

Create log file
2016-03-21 18:02:39Z Send 國際股市==>  Program Start
2016-03-21 18:02:39Z Send 國際股市==>  Program END 

Create log file
2016-03-21 19:01:01Z Send 國際股市==>  Program Start
2016-03-21 19:01:01Z Send 國際股市==>  Program END 

Create log file
2016-03-21 19:01:28Z Send 國際股市==>  Program Start
2016-03-21 19:01:28Z Send 國際股市==>  Program END 

Create log file
2016-03-21 19:01:51Z Send 國際股市==>  Program Start
2016-03-21 19:01:51Z Send 國際股市==>  Program END 

Create log file
2016-03-21 20:01:03Z Send 國際股市==>  Program Start
2016-03-21 20:01:03Z Send 國際股市==>  Program END 

Create log file
2016-03-21 20:10:05Z stock_data_daily_create_file Program Start
2016-03-21 20:10:05Z stock_data_daily_create_file Program END 

Create log file
2016-03-21 20:20:06Z stock_data_insert_daily Program Start
2016-03-21 20:20:06Z stock_data_insert_daily Program END 

Create log file
2016-03-21 20:30:12Z Send 股市氣象台電子報-今日我最夯<==Strong_UP==>  Program Start
2016-03-21 20:30:12Z Send 股市氣象台電子報-今日我最夯<==Strong_UP==>  Program END 

Create log file
2016-03-21 21:01:01Z Send 國際股市==>  Program Start
2016-03-21 21:01:01Z Send 國際股市==>  Program END 

Create log file
2016-03-21 22:01:01Z Send 國際股市==>  Program Start
2016-03-21 22:01:01Z Send 國際股市==>  Program END 

Create log file
2016-03-21 22:01:22Z Send 國際股市==>  Program Start
2016-03-21 22:01:22Z Send 國際股市==>  Program END 

Create log file
2016-03-21 22:01:44Z Send 國際股市==>  Program Start
2016-03-21 22:01:44Z Send 國際股市==>  Program END 

Create log file
2016-03-21 23:01:01Z Send 國際股市==>  Program Start
2016-03-21 23:01:01Z Send 國際股市==>  Program END 

