Create log file
2016-07-15 00:01:02Z Send 國際股市==>  Program Start
2016-07-15 00:01:02Z Send 國際股市==>  Program END 

Create log file
2016-07-15 01:01:04Z Send 國際股市==>  Program Start
2016-07-15 01:01:04Z Send 國際股市==>  Program END 

Create log file
2016-07-15 08:01:04Z Send 國際股市==>  Program Start
2016-07-15 08:01:04Z Send 國際股市==>  Program END 

Create log file
2016-07-15 08:01:30Z Send 國際股市==>  Program Start
2016-07-15 08:01:30Z Send 國際股市==>  Program END 

Create log file
2016-07-15 08:01:53Z Send 國際股市==>  Program Start
2016-07-15 08:01:53Z Send 國際股市==>  Program END 

Create log file
2016-07-15 18:33:42Z Send 國際股市==>  Program Start
2016-07-15 18:33:42Z Send 國際股市==>  Program END 

Create log file
2016-07-15 18:34:09Z Send 國際股市==>  Program Start
2016-07-15 18:34:09Z Send 國際股市==>  Program END 

Create log file
2016-07-15 18:34:31Z Send 國際股市==>  Program Start
2016-07-15 18:34:31Z Send 國際股市==>  Program END 

Create log file
2016-07-15 18:34:53Z Send 國際股市==>  Program Start
2016-07-15 18:34:53Z Send 國際股市==>  Program END 

Create log file
2016-07-15 18:35:16Z Send 國際股市==>  Program Start
2016-07-15 18:35:16Z Send 國際股市==>  Program END 

Create log file
2016-07-15 18:38:48Z option_insert_daily Program Start
2016-07-15 18:38:48Z option_insert_daily Program END 

Create log file
2016-07-15 19:01:02Z Send 國際股市==>  Program Start
2016-07-15 19:01:02Z Send 國際股市==>  Program END 

Create log file
2016-07-15 19:01:23Z Send 國際股市==>  Program Start
2016-07-15 19:01:23Z Send 國際股市==>  Program END 

Create log file
2016-07-15 19:01:47Z Send 國際股市==>  Program Start
2016-07-15 19:01:47Z Send 國際股市==>  Program END 

Create log file
2016-07-15 19:02:08Z Send 國際股市==>  Program Start
2016-07-15 19:02:08Z Send 國際股市==>  Program END 

Create log file
2016-07-15 19:02:30Z Send 國際股市==>  Program Start
2016-07-15 19:02:30Z Send 國際股市==>  Program END 

Create log file
2016-07-15 19:02:53Z Send 國際股市==>  Program Start
2016-07-15 19:02:53Z Send 國際股市==>  Program END 

Create log file
2016-07-15 20:01:04Z Send 國際股市==>  Program Start
2016-07-15 20:01:04Z Send 國際股市==>  Program END 

Create log file
2016-07-15 20:10:09Z stock_data_daily_create_file Program Start
2016-07-15 20:10:09Z stock_data_daily_create_file Program END 

Create log file
2016-07-15 20:20:09Z stock_data_insert_daily Program Start
2016-07-15 20:20:09Z stock_data_insert_daily Program END 

Create log file
2016-07-15 20:30:15Z Send 股市氣象台電子報-今日我最夯<==Strong_UP==>  Program Start
2016-07-15 20:30:15Z Send 股市氣象台電子報-今日我最夯<==Strong_UP==>  Program END 

Create log file
2016-07-15 21:01:03Z Send 國際股市==>  Program Start
2016-07-15 21:01:03Z Send 國際股市==>  Program END 

Create log file
2016-07-15 22:01:04Z Send 國際股市==>  Program Start
2016-07-15 22:01:04Z Send 國際股市==>  Program END 

Create log file
2016-07-15 22:01:31Z Send 國際股市==>  Program Start
2016-07-15 22:01:31Z Send 國際股市==>  Program END 

Create log file
2016-07-15 22:01:53Z Send 國際股市==>  Program Start
2016-07-15 22:01:53Z Send 國際股市==>  Program END 

Create log file
2016-07-15 23:01:01Z Send 國際股市==>  Program Start
2016-07-15 23:01:01Z Send 國際股市==>  Program END 

