Create log file
2016-02-26 00:01:03Z Send 國際股市==>  Program Start
2016-02-26 00:01:03Z Send 國際股市==>  Program END 

Create log file
2016-02-26 01:01:03Z Send 國際股市==>  Program Start
2016-02-26 01:01:03Z Send 國際股市==>  Program END 

Create log file
2016-02-26 08:01:03Z Send 國際股市==>  Program Start
2016-02-26 08:01:03Z Send 國際股市==>  Program END 

Create log file
2016-02-26 08:01:30Z Send 國際股市==>  Program Start
2016-02-26 08:01:30Z Send 國際股市==>  Program END 

Create log file
2016-02-26 08:01:52Z Send 國際股市==>  Program Start
2016-02-26 08:01:52Z Send 國際股市==>  Program END 

Create log file
2016-02-26 08:46:04Z on time future report... Program Start
2016-02-26 08:46:04Z on time future report... Program END 

Create log file
2016-02-26 08:51:04Z on time future report... Program Start
2016-02-26 08:51:04Z on time future report... Program END 

Create log file
2016-02-26 08:56:03Z on time future report... Program Start
2016-02-26 08:56:03Z on time future report... Program END 

Create log file
2016-02-26 09:01:04Z Send 國際股市==>  Program Start
2016-02-26 09:01:04Z Send 國際股市==>  Program END 

Create log file
2016-02-26 09:01:08Z on time future report... Program Start
2016-02-26 09:01:08Z on time future report... Program END 

Create log file
2016-02-26 09:06:06Z on time future report... Program Start
2016-02-26 09:06:06Z on time future report... Program END 

Create log file
2016-02-26 09:11:06Z on time future report... Program Start
2016-02-26 09:11:06Z on time future report... Program END 

Create log file
2016-02-26 09:16:05Z on time future report... Program Start
2016-02-26 09:16:05Z on time future report... Program END 

Create log file
2016-02-26 09:21:04Z on time future report... Program Start
2016-02-26 09:21:04Z on time future report... Program END 

Create log file
2016-02-26 09:26:03Z on time future report... Program Start
2016-02-26 09:26:03Z on time future report... Program END 

Create log file
2016-02-26 09:31:07Z on time future report... Program Start
2016-02-26 09:31:07Z on time future report... Program END 

Create log file
2016-02-26 09:36:03Z on time future report... Program Start
2016-02-26 09:36:03Z on time future report... Program END 

Create log file
2016-02-26 09:41:05Z on time future report... Program Start
2016-02-26 09:41:05Z on time future report... Program END 

Create log file
2016-02-26 09:46:03Z on time future report... Program Start
2016-02-26 09:46:03Z on time future report... Program END 

Create log file
2016-02-26 09:51:03Z on time future report... Program Start
2016-02-26 09:51:03Z on time future report... Program END 

Create log file
2016-02-26 09:56:04Z on time future report... Program Start
2016-02-26 09:56:04Z on time future report... Program END 

Create log file
2016-02-26 10:01:03Z Send 國際股市==>  Program Start
2016-02-26 10:01:03Z Send 國際股市==>  Program END 

Create log file
2016-02-26 10:01:04Z on time future report... Program Start
2016-02-26 10:01:04Z on time future report... Program END 

Create log file
2016-02-26 10:06:04Z on time future report... Program Start
2016-02-26 10:06:04Z on time future report... Program END 

Create log file
2016-02-26 10:11:05Z on time future report... Program Start
2016-02-26 10:11:05Z on time future report... Program END 

Create log file
2016-02-26 10:16:04Z on time future report... Program Start
2016-02-26 10:16:04Z on time future report... Program END 

Create log file
2016-02-26 10:21:03Z on time future report... Program Start
2016-02-26 10:21:03Z on time future report... Program END 

Create log file
2016-02-26 10:26:03Z on time future report... Program Start
2016-02-26 10:26:03Z on time future report... Program END 

Create log file
2016-02-26 10:31:05Z on time future report... Program Start
2016-02-26 10:31:05Z on time future report... Program END 

Create log file
2016-02-26 10:36:07Z on time future report... Program Start
2016-02-26 10:36:07Z on time future report... Program END 

Create log file
2016-02-26 10:41:04Z on time future report... Program Start
2016-02-26 10:41:04Z on time future report... Program END 

Create log file
2016-02-26 10:46:03Z on time future report... Program Start
2016-02-26 10:46:03Z on time future report... Program END 

Create log file
2016-02-26 10:51:05Z on time future report... Program Start
2016-02-26 10:51:05Z on time future report... Program END 

Create log file
2016-02-26 10:55:13Z Query Stock_id is 3481 Program Start
2016-02-26 10:55:13Z Query Stock_id is 3481 Program END 

Create log file
2016-02-26 10:55:13Z Query Stock_id is 2498 Program Start
2016-02-26 10:55:13Z Query Stock_id is 2498 Program END 

Create log file
2016-02-26 10:55:13Z Query Stock_id is 2330 Program Start
2016-02-26 10:55:13Z Query Stock_id is 2330 Program END 

Create log file
2016-02-26 10:55:13Z Query Stock_id is 9904 Program Start
2016-02-26 10:55:13Z Query Stock_id is 9904 Program END 

Create log file
2016-02-26 10:55:13Z Query Stock_id is 2454 Program Start
2016-02-26 10:55:13Z Query Stock_id is 2454 Program END 

Create log file
2016-02-26 10:55:13Z Query Stock_id is 2421 Program Start
2016-02-26 10:55:13Z Query Stock_id is 2421 Program END 

Create log file
2016-02-26 10:55:14Z Query Stock_id is 1216 Program Start
2016-02-26 10:55:14Z Query Stock_id is 1216 Program END 

Create log file
2016-02-26 10:55:14Z Query Stock_id is 2311 Program Start
2016-02-26 10:55:14Z Query Stock_id is 2311 Program END 

Create log file
2016-02-26 10:55:14Z Query Stock_id is 2883 Program Start
2016-02-26 10:55:14Z Query Stock_id is 2883 Program END 

Create log file
2016-02-26 10:55:14Z Query Stock_id is 1504 Program Start
2016-02-26 10:55:14Z Query Stock_id is 1504 Program END 

Create log file
2016-02-26 10:55:14Z Query Stock_id is 2886 Program Start
2016-02-26 10:55:14Z Query Stock_id is 2886 Program END 

Create log file
2016-02-26 10:55:14Z Query Stock_id is 4904 Program Start
2016-02-26 10:55:14Z Query Stock_id is 4904 Program END 

Create log file
2016-02-26 10:55:15Z Query Stock_id is 1101 Program Start
2016-02-26 10:55:15Z Query Stock_id is 1101 Program END 

Create log file
2016-02-26 10:55:15Z Query Stock_id is 2002 Program Start
2016-02-26 10:55:15Z Query Stock_id is 2002 Program END 

Create log file
2016-02-26 10:55:15Z Query Stock_id is 3231 Program Start
2016-02-26 10:55:15Z Query Stock_id is 3231 Program END 

Create log file
2016-02-26 10:55:15Z Query Stock_id is 2880 Program Start
2016-02-26 10:55:15Z Query Stock_id is 2880 Program END 

Create log file
2016-02-26 10:55:15Z Query Stock_id is 2324 Program Start
2016-02-26 10:55:15Z Query Stock_id is 2324 Program END 

Create log file
2016-02-26 10:55:15Z Query Stock_id is 2449 Program Start
2016-02-26 10:55:15Z Query Stock_id is 2449 Program END 

Create log file
2016-02-26 10:55:16Z Query Stock_id is 2892 Program Start
2016-02-26 10:55:16Z Query Stock_id is 2892 Program END 

Create log file
2016-02-26 10:55:16Z Query Stock_id is 2344 Program Start
2016-02-26 10:55:16Z Query Stock_id is 2344 Program END 

Create log file
2016-02-26 10:55:16Z Query Stock_id is 3037 Program Start
2016-02-26 10:55:16Z Query Stock_id is 3037 Program END 

Create log file
2016-02-26 10:56:03Z on time future report... Program Start
2016-02-26 10:56:03Z on time future report... Program END 

Create log file
2016-02-26 11:01:03Z Send 國際股市==>  Program Start
2016-02-26 11:01:03Z Send 國際股市==>  Program END 

Create log file
2016-02-26 11:01:03Z on time future report... Program Start
2016-02-26 11:01:03Z on time future report... Program END 

Create log file
2016-02-26 11:06:03Z on time future report... Program Start
2016-02-26 11:06:03Z on time future report... Program END 

Create log file
2016-02-26 11:16:02Z on time future report... Program Start
2016-02-26 11:16:02Z on time future report... Program END 

Create log file
2016-02-26 11:21:01Z on time future report... Program Start
2016-02-26 11:21:01Z on time future report... Program END 

Create log file
2016-02-26 11:26:02Z on time future report... Program Start
2016-02-26 11:26:02Z on time future report... Program END 

Create log file
2016-02-26 11:31:01Z on time future report... Program Start
2016-02-26 11:31:01Z on time future report... Program END 

Create log file
2016-02-26 11:36:01Z on time future report... Program Start
2016-02-26 11:36:01Z on time future report... Program END 

Create log file
2016-02-26 11:41:02Z on time future report... Program Start
2016-02-26 11:41:02Z on time future report... Program END 

Create log file
2016-02-26 11:46:01Z on time future report... Program Start
2016-02-26 11:46:01Z on time future report... Program END 

Create log file
2016-02-26 11:51:01Z on time future report... Program Start
2016-02-26 11:51:01Z on time future report... Program END 

Create log file
2016-02-26 11:56:01Z on time future report... Program Start
2016-02-26 11:56:01Z on time future report... Program END 

Create log file
2016-02-26 12:01:00Z Send 國際股市==>  Program Start
2016-02-26 12:01:00Z Send 國際股市==>  Program END 

Create log file
2016-02-26 12:01:28Z on time future report... Program Start
2016-02-26 12:01:28Z on time future report... Program END 

Create log file
2016-02-26 12:06:01Z on time future report... Program Start
2016-02-26 12:06:01Z on time future report... Program END 

Create log file
2016-02-26 12:11:01Z on time future report... Program Start
2016-02-26 12:11:01Z on time future report... Program END 

Create log file
2016-02-26 12:16:05Z on time future report... Program Start
2016-02-26 12:16:05Z on time future report... Program END 

Create log file
2016-02-26 12:21:01Z on time future report... Program Start
2016-02-26 12:21:01Z on time future report... Program END 

Create log file
2016-02-26 12:26:03Z on time future report... Program Start
2016-02-26 12:26:03Z on time future report... Program END 

Create log file
2016-02-26 12:31:01Z on time future report... Program Start
2016-02-26 12:31:01Z on time future report... Program END 

Create log file
2016-02-26 12:36:01Z on time future report... Program Start
2016-02-26 12:36:01Z on time future report... Program END 

Create log file
2016-02-26 12:41:01Z on time future report... Program Start
2016-02-26 12:41:01Z on time future report... Program END 

Create log file
2016-02-26 12:46:02Z on time future report... Program Start
2016-02-26 12:46:02Z on time future report... Program END 

Create log file
2016-02-26 12:51:01Z on time future report... Program Start
2016-02-26 12:51:01Z on time future report... Program END 

Create log file
2016-02-26 12:56:04Z on time future report... Program Start
2016-02-26 12:56:04Z on time future report... Program END 

Create log file
2016-02-26 13:01:01Z Send 國際股市==>  Program Start
2016-02-26 13:01:01Z Send 國際股市==>  Program END 

Create log file
2016-02-26 13:01:29Z on time future report... Program Start
2016-02-26 13:01:29Z on time future report... Program END 

Create log file
2016-02-26 13:06:01Z on time future report... Program Start
2016-02-26 13:06:01Z on time future report... Program END 

Create log file
2016-02-26 13:11:01Z on time future report... Program Start
2016-02-26 13:11:01Z on time future report... Program END 

Create log file
2016-02-26 13:16:01Z on time future report... Program Start
2016-02-26 13:16:01Z on time future report... Program END 

Create log file
2016-02-26 13:21:01Z on time future report... Program Start
2016-02-26 13:21:01Z on time future report... Program END 

Create log file
2016-02-26 13:26:05Z on time future report... Program Start
2016-02-26 13:26:05Z on time future report... Program END 

Create log file
2016-02-26 13:31:01Z on time future report... Program Start
2016-02-26 13:31:01Z on time future report... Program END 

Create log file
2016-02-26 13:36:01Z on time future report... Program Start
2016-02-26 13:36:01Z on time future report... Program END 

Create log file
2016-02-26 13:41:01Z on time future report... Program Start
2016-02-26 13:41:01Z on time future report... Program END 

Create log file
2016-02-26 13:46:01Z on time future report... Program Start
2016-02-26 13:46:01Z on time future report... Program END 

Create log file
2016-02-26 14:01:00Z Send 國際股市==>  Program Start
2016-02-26 14:01:00Z Send 國際股市==>  Program END 

Create log file
2016-02-26 15:01:01Z Send 國際股市==>  Program Start
2016-02-26 15:01:01Z Send 國際股市==>  Program END 

Create log file
2016-02-26 15:50:20Z option_insert_daily Program Start
2016-02-26 15:50:20Z option_insert_daily Program END 

Create log file
2016-02-26 15:56:13Z Send Option_OIV_daily Program Start
2016-02-26 15:56:13Z Send Option_OIV_daily Program END 

Create log file
2016-02-26 16:01:03Z Send 國際股市==>  Program Start
2016-02-26 16:01:03Z Send 國際股市==>  Program END 

Create log file
2016-02-26 16:01:42Z Query Stock_id is 3481 Program Start
2016-02-26 16:01:42Z Query Stock_id is 3481 Program END 

Create log file
2016-02-26 16:01:42Z Query Stock_id is 2498 Program Start
2016-02-26 16:01:42Z Query Stock_id is 2498 Program END 

Create log file
2016-02-26 16:01:43Z Query Stock_id is 2330 Program Start
2016-02-26 16:01:43Z Query Stock_id is 2330 Program END 

Create log file
2016-02-26 16:01:43Z Query Stock_id is 9904 Program Start
2016-02-26 16:01:43Z Query Stock_id is 9904 Program END 

Create log file
2016-02-26 16:01:43Z Query Stock_id is 2454 Program Start
2016-02-26 16:01:43Z Query Stock_id is 2454 Program END 

Create log file
2016-02-26 16:01:43Z Query Stock_id is 2421 Program Start
2016-02-26 16:01:43Z Query Stock_id is 2421 Program END 

Create log file
2016-02-26 16:01:43Z Query Stock_id is 1216 Program Start
2016-02-26 16:01:43Z Query Stock_id is 1216 Program END 

Create log file
2016-02-26 16:01:43Z Query Stock_id is 2311 Program Start
2016-02-26 16:01:43Z Query Stock_id is 2311 Program END 

Create log file
2016-02-26 16:01:44Z Query Stock_id is 2883 Program Start
2016-02-26 16:01:44Z Query Stock_id is 2883 Program END 

Create log file
2016-02-26 16:01:44Z Query Stock_id is 1504 Program Start
2016-02-26 16:01:44Z Query Stock_id is 1504 Program END 

Create log file
2016-02-26 16:01:44Z Query Stock_id is 2886 Program Start
2016-02-26 16:01:44Z Query Stock_id is 2886 Program END 

Create log file
2016-02-26 16:01:44Z Query Stock_id is 4904 Program Start
2016-02-26 16:01:44Z Query Stock_id is 4904 Program END 

Create log file
2016-02-26 16:01:44Z Query Stock_id is 1101 Program Start
2016-02-26 16:01:44Z Query Stock_id is 1101 Program END 

Create log file
2016-02-26 16:01:44Z Query Stock_id is 2002 Program Start
2016-02-26 16:01:44Z Query Stock_id is 2002 Program END 

Create log file
2016-02-26 16:01:45Z Query Stock_id is 3231 Program Start
2016-02-26 16:01:45Z Query Stock_id is 3231 Program END 

Create log file
2016-02-26 16:01:45Z Query Stock_id is 2880 Program Start
2016-02-26 16:01:45Z Query Stock_id is 2880 Program END 

Create log file
2016-02-26 16:01:45Z Query Stock_id is 2324 Program Start
2016-02-26 16:01:45Z Query Stock_id is 2324 Program END 

Create log file
2016-02-26 16:01:45Z Query Stock_id is 2449 Program Start
2016-02-26 16:01:45Z Query Stock_id is 2449 Program END 

Create log file
2016-02-26 16:01:45Z Query Stock_id is 2892 Program Start
2016-02-26 16:01:45Z Query Stock_id is 2892 Program END 

Create log file
2016-02-26 16:01:45Z Query Stock_id is 2344 Program Start
2016-02-26 16:01:45Z Query Stock_id is 2344 Program END 

Create log file
2016-02-26 16:01:46Z Query Stock_id is 3037 Program Start
2016-02-26 16:01:46Z Query Stock_id is 3037 Program END 

Create log file
2016-02-26 17:01:03Z Send 國際股市==>  Program Start
2016-02-26 17:01:03Z Send 國際股市==>  Program END 

Create log file
2016-02-26 18:01:02Z Send 國際股市==>  Program Start
2016-02-26 18:01:02Z Send 國際股市==>  Program END 

Create log file
2016-02-26 18:01:31Z Send 國際股市==>  Program Start
2016-02-26 18:01:31Z Send 國際股市==>  Program END 

Create log file
2016-02-26 18:01:52Z Send 國際股市==>  Program Start
2016-02-26 18:01:52Z Send 國際股市==>  Program END 

Create log file
2016-02-26 18:02:14Z Send 國際股市==>  Program Start
2016-02-26 18:02:14Z Send 國際股市==>  Program END 

Create log file
2016-02-26 19:01:03Z Send 國際股市==>  Program Start
2016-02-26 19:01:03Z Send 國際股市==>  Program END 

Create log file
2016-02-26 19:01:29Z Send 國際股市==>  Program Start
2016-02-26 19:01:29Z Send 國際股市==>  Program END 

Create log file
2016-02-26 19:01:52Z Send 國際股市==>  Program Start
2016-02-26 19:01:52Z Send 國際股市==>  Program END 

Create log file
2016-02-26 20:01:03Z Send 國際股市==>  Program Start
2016-02-26 20:01:03Z Send 國際股市==>  Program END 

Create log file
2016-02-26 20:10:05Z stock_data_daily_create_file Program Start
2016-02-26 20:10:05Z stock_data_daily_create_file Program END 

Create log file
2016-02-26 20:20:07Z stock_data_insert_daily Program Start
2016-02-26 20:20:07Z stock_data_insert_daily Program END 

Create log file
2016-02-26 20:27:23Z Query Stock_id is 3596 Program Start
2016-02-26 20:27:23Z Query Stock_id is 3596 Program END 

Create log file
2016-02-26 20:27:23Z Query Stock_id is 2002 Program Start
2016-02-26 20:27:23Z Query Stock_id is 2002 Program END 

Create log file
2016-02-26 20:27:23Z Query Stock_id is 2891 Program Start
2016-02-26 20:27:23Z Query Stock_id is 2891 Program END 

Create log file
2016-02-26 20:27:24Z Query Stock_id is 2449 Program Start
2016-02-26 20:27:24Z Query Stock_id is 2449 Program END 

Create log file
2016-02-26 20:27:24Z Query Stock_id is 3037 Program Start
2016-02-26 20:27:24Z Query Stock_id is 3037 Program END 

Create log file
2016-02-26 20:27:24Z Query Stock_id is 2421 Program Start
2016-02-26 20:27:24Z Query Stock_id is 2421 Program END 

Create log file
2016-02-26 20:27:24Z Query Stock_id is 2834 Program Start
2016-02-26 20:27:24Z Query Stock_id is 2834 Program END 

Create log file
2016-02-26 20:27:24Z Query Stock_id is 1303 Program Start
2016-02-26 20:27:24Z Query Stock_id is 1303 Program END 

Create log file
2016-02-26 20:27:24Z Query Stock_id is 5871 Program Start
2016-02-26 20:27:24Z Query Stock_id is 5871 Program END 

Create log file
2016-02-26 20:27:25Z Query Stock_id is 2311 Program Start
2016-02-26 20:27:25Z Query Stock_id is 2311 Program END 

Create log file
2016-02-26 20:27:25Z Query Stock_id is 2301 Program Start
2016-02-26 20:27:25Z Query Stock_id is 2301 Program END 

Create log file
2016-02-26 20:27:25Z Query Stock_id is 2892 Program Start
2016-02-26 20:27:25Z Query Stock_id is 2892 Program END 

Create log file
2016-02-26 20:27:25Z Query Stock_id is 5880 Program Start
2016-02-26 20:27:25Z Query Stock_id is 5880 Program END 

Create log file
2016-02-26 20:27:25Z Query Stock_id is 2883 Program Start
2016-02-26 20:27:25Z Query Stock_id is 2883 Program END 

Create log file
2016-02-26 20:27:25Z Query Stock_id is 2610 Program Start
2016-02-26 20:27:25Z Query Stock_id is 2610 Program END 

Create log file
2016-02-26 20:27:25Z Query Stock_id is 2344 Program Start
2016-02-26 20:27:25Z Query Stock_id is 2344 Program END 

Create log file
2016-02-26 20:27:26Z Query Stock_id is 3576 Program Start
2016-02-26 20:27:26Z Query Stock_id is 3576 Program END 

Create log file
2016-02-26 20:27:26Z Query Stock_id is 3041 Program Start
2016-02-26 20:27:26Z Query Stock_id is 3041 Program END 

Create log file
2016-02-26 20:27:26Z Query Stock_id is 6282 Program Start
2016-02-26 20:27:26Z Query Stock_id is 6282 Program END 

Create log file
2016-02-26 20:27:26Z Query Stock_id is 3682 Program Start
2016-02-26 20:27:26Z Query Stock_id is 3682 Program END 

Create log file
2016-02-26 20:27:26Z Query Stock_id is 2618 Program Start
2016-02-26 20:27:26Z Query Stock_id is 2618 Program END 

Create log file
2016-02-26 20:27:26Z Query Stock_id is 4904 Program Start
2016-02-26 20:27:26Z Query Stock_id is 4904 Program END 

Create log file
2016-02-26 20:27:26Z Query Stock_id is 2330 Program Start
2016-02-26 20:27:26Z Query Stock_id is 2330 Program END 

Create log file
2016-02-26 20:27:27Z Query Stock_id is 2409 Program Start
2016-02-26 20:27:27Z Query Stock_id is 2409 Program END 

Create log file
2016-02-26 20:27:27Z Query Stock_id is 3481 Program Start
2016-02-26 20:27:27Z Query Stock_id is 3481 Program END 

Create log file
2016-02-26 20:27:27Z Query Stock_id is 2498 Program Start
2016-02-26 20:27:27Z Query Stock_id is 2498 Program END 

Create log file
2016-02-26 20:27:27Z Query Stock_id is 2330 Program Start
2016-02-26 20:27:27Z Query Stock_id is 2330 Program END 

Create log file
2016-02-26 20:27:27Z Query Stock_id is 9904 Program Start
2016-02-26 20:27:27Z Query Stock_id is 9904 Program END 

Create log file
2016-02-26 20:27:27Z Query Stock_id is 2454 Program Start
2016-02-26 20:27:27Z Query Stock_id is 2454 Program END 

Create log file
2016-02-26 20:27:27Z Query Stock_id is 2421 Program Start
2016-02-26 20:27:27Z Query Stock_id is 2421 Program END 

Create log file
2016-02-26 20:27:28Z Query Stock_id is 1216 Program Start
2016-02-26 20:27:28Z Query Stock_id is 1216 Program END 

Create log file
2016-02-26 20:27:28Z Query Stock_id is 2311 Program Start
2016-02-26 20:27:28Z Query Stock_id is 2311 Program END 

Create log file
2016-02-26 20:27:28Z Query Stock_id is 2883 Program Start
2016-02-26 20:27:28Z Query Stock_id is 2883 Program END 

Create log file
2016-02-26 20:27:28Z Query Stock_id is 1504 Program Start
2016-02-26 20:27:28Z Query Stock_id is 1504 Program END 

Create log file
2016-02-26 20:27:28Z Query Stock_id is 2886 Program Start
2016-02-26 20:27:28Z Query Stock_id is 2886 Program END 

Create log file
2016-02-26 20:27:28Z Query Stock_id is 4904 Program Start
2016-02-26 20:27:28Z Query Stock_id is 4904 Program END 

Create log file
2016-02-26 20:27:28Z Query Stock_id is 2002 Program Start
2016-02-26 20:27:28Z Query Stock_id is 2002 Program END 

Create log file
2016-02-26 20:27:29Z Query Stock_id is 1101 Program Start
2016-02-26 20:27:29Z Query Stock_id is 1101 Program END 

Create log file
2016-02-26 20:27:29Z Query Stock_id is 2880 Program Start
2016-02-26 20:27:29Z Query Stock_id is 2880 Program END 

Create log file
2016-02-26 20:27:29Z Query Stock_id is 3231 Program Start
2016-02-26 20:27:29Z Query Stock_id is 3231 Program END 

Create log file
2016-02-26 20:27:29Z Query Stock_id is 2324 Program Start
2016-02-26 20:27:29Z Query Stock_id is 2324 Program END 

Create log file
2016-02-26 20:27:29Z Query Stock_id is 2449 Program Start
2016-02-26 20:27:29Z Query Stock_id is 2449 Program END 

Create log file
2016-02-26 20:27:29Z Query Stock_id is 2892 Program Start
2016-02-26 20:27:29Z Query Stock_id is 2892 Program END 

Create log file
2016-02-26 20:27:30Z Query Stock_id is 2344 Program Start
2016-02-26 20:27:30Z Query Stock_id is 2344 Program END 

Create log file
2016-02-26 20:27:30Z Query Stock_id is 3037 Program Start
2016-02-26 20:27:30Z Query Stock_id is 3037 Program END 

Create log file
2016-02-26 20:30:14Z Send 股市氣象台電子報-今日我最夯<==Strong_UP==>  Program Start
2016-02-26 20:30:14Z Send 股市氣象台電子報-今日我最夯<==Strong_UP==>  Program END 

Create log file
2016-02-26 21:01:03Z Send 國際股市==>  Program Start
2016-02-26 21:01:03Z Send 國際股市==>  Program END 

Create log file
2016-02-26 22:01:02Z Send 國際股市==>  Program Start
2016-02-26 22:01:02Z Send 國際股市==>  Program END 

Create log file
2016-02-26 22:01:29Z Send 國際股市==>  Program Start
2016-02-26 22:01:29Z Send 國際股市==>  Program END 

Create log file
2016-02-26 23:01:03Z Send 國際股市==>  Program Start
2016-02-26 23:01:03Z Send 國際股市==>  Program END 

