Create log file
2016-12-20 00:01:03Z Send 國際股市==>  Program Start
2016-12-20 00:01:03Z Send 國際股市==>  Program END 

Create log file
2016-12-20 00:04:40Z Query Stock_id is 2344 Program Start
2016-12-20 00:04:40Z Query Stock_id is 2344 Program END 

Create log file
2016-12-20 00:04:41Z Query Stock_id is 1303 Program Start
2016-12-20 00:04:41Z Query Stock_id is 1303 Program END 

Create log file
2016-12-20 00:04:41Z Query Stock_id is 2881 Program Start
2016-12-20 00:04:41Z Query Stock_id is 2881 Program END 

Create log file
2016-12-20 00:04:41Z Query Stock_id is 1704 Program Start
2016-12-20 00:04:41Z Query Stock_id is 1704 Program END 

Create log file
2016-12-20 00:04:41Z Query Stock_id is 2882 Program Start
2016-12-20 00:04:41Z Query Stock_id is 2882 Program END 

Create log file
2016-12-20 01:01:02Z Send 國際股市==>  Program Start
2016-12-20 01:01:02Z Send 國際股市==>  Program END 

Create log file
2016-12-20 08:01:03Z Send 國際股市==>  Program Start
2016-12-20 08:01:03Z Send 國際股市==>  Program END 

Create log file
2016-12-20 08:01:24Z Send 國際股市==>  Program Start
2016-12-20 08:01:24Z Send 國際股市==>  Program END 

Create log file
2016-12-20 08:01:46Z Send 國際股市==>  Program Start
2016-12-20 08:01:46Z Send 國際股市==>  Program END 

Create log file
2016-12-20 08:02:09Z Send 國際股市==>  Program Start
2016-12-20 08:02:09Z Send 國際股市==>  Program END 

Create log file
2016-12-20 08:46:03Z on time future report... Program Start
2016-12-20 08:46:03Z on time future report... Program END 

Create log file
2016-12-20 08:51:03Z on time future report... Program Start
2016-12-20 08:51:03Z on time future report... Program END 

Create log file
2016-12-20 08:56:03Z on time future report... Program Start
2016-12-20 08:56:03Z on time future report... Program END 

Create log file
2016-12-20 09:01:02Z Send 國際股市==>  Program Start
2016-12-20 09:01:02Z Send 國際股市==>  Program END 

Create log file
2016-12-20 09:01:07Z on time future report... Program Start
2016-12-20 09:01:07Z on time future report... Program END 

Create log file
2016-12-20 09:06:03Z on time future report... Program Start
2016-12-20 09:06:03Z on time future report... Program END 

Create log file
2016-12-20 09:11:04Z on time future report... Program Start
2016-12-20 09:11:04Z on time future report... Program END 

Create log file
2016-12-20 09:16:03Z on time future report... Program Start
2016-12-20 09:16:03Z on time future report... Program END 

Create log file
2016-12-20 09:21:05Z on time future report... Program Start
2016-12-20 09:21:05Z on time future report... Program END 

Create log file
2016-12-20 09:26:03Z on time future report... Program Start
2016-12-20 09:26:03Z on time future report... Program END 

Create log file
2016-12-20 09:31:03Z on time future report... Program Start
2016-12-20 09:31:03Z on time future report... Program END 

Create log file
2016-12-20 09:36:04Z on time future report... Program Start
2016-12-20 09:36:04Z on time future report... Program END 

Create log file
2016-12-20 09:41:03Z on time future report... Program Start
2016-12-20 09:41:03Z on time future report... Program END 

Create log file
2016-12-20 09:46:03Z on time future report... Program Start
2016-12-20 09:46:03Z on time future report... Program END 

Create log file
2016-12-20 09:51:03Z on time future report... Program Start
2016-12-20 09:51:03Z on time future report... Program END 

Create log file
2016-12-20 09:56:04Z on time future report... Program Start
2016-12-20 09:56:04Z on time future report... Program END 

Create log file
2016-12-20 10:01:04Z Send 國際股市==>  Program Start
2016-12-20 10:01:04Z Send 國際股市==>  Program END 

Create log file
2016-12-20 10:01:04Z on time future report... Program Start
2016-12-20 10:01:04Z on time future report... Program END 

Create log file
2016-12-20 10:06:03Z on time future report... Program Start
2016-12-20 10:06:03Z on time future report... Program END 

Create log file
2016-12-20 10:11:04Z on time future report... Program Start
2016-12-20 10:11:04Z on time future report... Program END 

Create log file
2016-12-20 10:16:03Z on time future report... Program Start
2016-12-20 10:16:03Z on time future report... Program END 

Create log file
2016-12-20 10:21:03Z on time future report... Program Start
2016-12-20 10:21:03Z on time future report... Program END 

Create log file
2016-12-20 10:26:03Z on time future report... Program Start
2016-12-20 10:26:03Z on time future report... Program END 

Create log file
2016-12-20 10:31:03Z on time future report... Program Start
2016-12-20 10:31:03Z on time future report... Program END 

Create log file
2016-12-20 10:36:03Z on time future report... Program Start
2016-12-20 10:36:03Z on time future report... Program END 

Create log file
2016-12-20 10:41:03Z on time future report... Program Start
2016-12-20 10:41:03Z on time future report... Program END 

Create log file
2016-12-20 10:46:03Z on time future report... Program Start
2016-12-20 10:46:03Z on time future report... Program END 

Create log file
2016-12-20 10:51:03Z on time future report... Program Start
2016-12-20 10:51:03Z on time future report... Program END 

Create log file
2016-12-20 10:56:04Z on time future report... Program Start
2016-12-20 10:56:04Z on time future report... Program END 

Create log file
2016-12-20 11:01:03Z Send 國際股市==>  Program Start
2016-12-20 11:01:03Z Send 國際股市==>  Program END 

Create log file
2016-12-20 11:01:05Z on time future report... Program Start
2016-12-20 11:01:05Z on time future report... Program END 

Create log file
2016-12-20 11:06:07Z on time future report... Program Start
2016-12-20 11:06:07Z on time future report... Program END 

Create log file
2016-12-20 11:11:05Z on time future report... Program Start
2016-12-20 11:11:05Z on time future report... Program END 

Create log file
2016-12-20 11:16:03Z on time future report... Program Start
2016-12-20 11:16:03Z on time future report... Program END 

Create log file
2016-12-20 11:21:03Z on time future report... Program Start
2016-12-20 11:21:03Z on time future report... Program END 

Create log file
2016-12-20 11:26:03Z on time future report... Program Start
2016-12-20 11:26:03Z on time future report... Program END 

Create log file
2016-12-20 11:31:03Z on time future report... Program Start
2016-12-20 11:31:03Z on time future report... Program END 

Create log file
2016-12-20 11:36:03Z on time future report... Program Start
2016-12-20 11:36:03Z on time future report... Program END 

Create log file
2016-12-20 11:41:03Z on time future report... Program Start
2016-12-20 11:41:03Z on time future report... Program END 

Create log file
2016-12-20 11:46:03Z on time future report... Program Start
2016-12-20 11:46:03Z on time future report... Program END 

Create log file
2016-12-20 11:51:03Z on time future report... Program Start
2016-12-20 11:51:03Z on time future report... Program END 

Create log file
2016-12-20 11:56:03Z on time future report... Program Start
2016-12-20 11:56:03Z on time future report... Program END 

Create log file
2016-12-20 12:01:04Z Send 國際股市==>  Program Start
2016-12-20 12:01:04Z Send 國際股市==>  Program END 

Create log file
2016-12-20 12:01:07Z on time future report... Program Start
2016-12-20 12:01:07Z on time future report... Program END 

Create log file
2016-12-20 12:06:05Z on time future report... Program Start
2016-12-20 12:06:05Z on time future report... Program END 

Create log file
2016-12-20 12:11:03Z on time future report... Program Start
2016-12-20 12:11:03Z on time future report... Program END 

Create log file
2016-12-20 12:16:03Z on time future report... Program Start
2016-12-20 12:16:03Z on time future report... Program END 

Create log file
2016-12-20 12:21:03Z on time future report... Program Start
2016-12-20 12:21:03Z on time future report... Program END 

Create log file
2016-12-20 12:26:04Z on time future report... Program Start
2016-12-20 12:26:04Z on time future report... Program END 

Create log file
2016-12-20 12:31:03Z on time future report... Program Start
2016-12-20 12:31:03Z on time future report... Program END 

Create log file
2016-12-20 12:36:03Z on time future report... Program Start
2016-12-20 12:36:03Z on time future report... Program END 

Create log file
2016-12-20 12:41:07Z on time future report... Program Start
2016-12-20 12:41:07Z on time future report... Program END 

Create log file
2016-12-20 12:46:03Z on time future report... Program Start
2016-12-20 12:46:03Z on time future report... Program END 

Create log file
2016-12-20 12:51:03Z on time future report... Program Start
2016-12-20 12:51:03Z on time future report... Program END 

Create log file
2016-12-20 12:56:03Z on time future report... Program Start
2016-12-20 12:56:03Z on time future report... Program END 

Create log file
2016-12-20 13:01:04Z Send 國際股市==>  Program Start
2016-12-20 13:01:04Z Send 國際股市==>  Program END 

Create log file
2016-12-20 13:01:04Z on time future report... Program Start
2016-12-20 13:01:04Z on time future report... Program END 

Create log file
2016-12-20 13:06:03Z on time future report... Program Start
2016-12-20 13:06:03Z on time future report... Program END 

Create log file
2016-12-20 13:11:03Z on time future report... Program Start
2016-12-20 13:11:03Z on time future report... Program END 

Create log file
2016-12-20 13:16:03Z on time future report... Program Start
2016-12-20 13:16:03Z on time future report... Program END 

Create log file
2016-12-20 13:21:03Z on time future report... Program Start
2016-12-20 13:21:03Z on time future report... Program END 

Create log file
2016-12-20 13:26:03Z on time future report... Program Start
2016-12-20 13:26:03Z on time future report... Program END 

Create log file
2016-12-20 13:31:03Z on time future report... Program Start
2016-12-20 13:31:03Z on time future report... Program END 

Create log file
2016-12-20 13:36:04Z on time future report... Program Start
2016-12-20 13:36:04Z on time future report... Program END 

Create log file
2016-12-20 13:41:03Z on time future report... Program Start
2016-12-20 13:41:03Z on time future report... Program END 

Create log file
2016-12-20 13:46:04Z on time future report... Program Start
2016-12-20 13:46:04Z on time future report... Program END 

Create log file
2016-12-20 14:01:03Z Send 國際股市==>  Program Start
2016-12-20 14:01:03Z Send 國際股市==>  Program END 

Create log file
2016-12-20 15:01:03Z Send 國際股市==>  Program Start
2016-12-20 15:01:03Z Send 國際股市==>  Program END 

Create log file
2016-12-20 15:50:15Z option_insert_daily Program Start
2016-12-20 15:50:15Z option_insert_daily Program END 

Create log file
2016-12-20 15:56:33Z Send Option_OIV_daily Program Start
2016-12-20 15:56:33Z Send Option_OIV_daily Program END 

Create log file
2016-12-20 16:01:03Z Send 國際股市==>  Program Start
2016-12-20 16:01:03Z Send 國際股市==>  Program END 

Create log file
2016-12-20 17:01:03Z Send 國際股市==>  Program Start
2016-12-20 17:01:03Z Send 國際股市==>  Program END 

Create log file
2016-12-20 17:32:14Z Query Stock_id is 2344 Program Start
2016-12-20 17:32:14Z Query Stock_id is 2344 Program END 

Create log file
2016-12-20 17:32:14Z Query Stock_id is 1303 Program Start
2016-12-20 17:32:14Z Query Stock_id is 1303 Program END 

Create log file
2016-12-20 17:32:15Z Query Stock_id is 2881 Program Start
2016-12-20 17:32:15Z Query Stock_id is 2881 Program END 

Create log file
2016-12-20 17:32:15Z Query Stock_id is 1704 Program Start
2016-12-20 17:32:15Z Query Stock_id is 1704 Program END 

Create log file
2016-12-20 17:32:15Z Query Stock_id is 2882 Program Start
2016-12-20 17:32:15Z Query Stock_id is 2882 Program END 

Create log file
2016-12-20 18:01:03Z Send 國際股市==>  Program Start
2016-12-20 18:01:03Z Send 國際股市==>  Program END 

Create log file
2016-12-20 18:01:30Z Send 國際股市==>  Program Start
2016-12-20 18:01:30Z Send 國際股市==>  Program END 

Create log file
2016-12-20 18:01:52Z Send 國際股市==>  Program Start
2016-12-20 18:01:52Z Send 國際股市==>  Program END 

Create log file
2016-12-20 18:02:14Z Send 國際股市==>  Program Start
2016-12-20 18:02:14Z Send 國際股市==>  Program END 

Create log file
2016-12-20 18:02:35Z Send 國際股市==>  Program Start
2016-12-20 18:02:35Z Send 國際股市==>  Program END 

Create log file
2016-12-20 19:01:03Z Send 國際股市==>  Program Start
2016-12-20 19:01:03Z Send 國際股市==>  Program END 

Create log file
2016-12-20 19:01:28Z Send 國際股市==>  Program Start
2016-12-20 19:01:28Z Send 國際股市==>  Program END 

Create log file
2016-12-20 19:01:52Z Send 國際股市==>  Program Start
2016-12-20 19:01:52Z Send 國際股市==>  Program END 

Create log file
2016-12-20 19:02:13Z Send 國際股市==>  Program Start
2016-12-20 19:02:13Z Send 國際股市==>  Program END 

Create log file
2016-12-20 19:02:34Z Send 國際股市==>  Program Start
2016-12-20 19:02:34Z Send 國際股市==>  Program END 

Create log file
2016-12-20 19:02:55Z Send 國際股市==>  Program Start
2016-12-20 19:02:55Z Send 國際股市==>  Program END 

Create log file
2016-12-20 19:03:18Z Send 國際股市==>  Program Start
2016-12-20 19:03:18Z Send 國際股市==>  Program END 

Create log file
2016-12-20 20:01:03Z Send 國際股市==>  Program Start
2016-12-20 20:01:03Z Send 國際股市==>  Program END 

Create log file
2016-12-20 20:10:05Z stock_data_daily_create_file Program Start
2016-12-20 20:10:05Z stock_data_daily_create_file Program END 

Create log file
2016-12-20 20:20:04Z stock_data_insert_daily Program Start
2016-12-20 20:20:04Z stock_data_insert_daily Program END 

Create log file
2016-12-20 21:01:21Z Send 國際股市==>  Program Start
2016-12-20 21:01:21Z Send 國際股市==>  Program END 

Create log file
2016-12-20 22:01:01Z Send 國際股市==>  Program Start
2016-12-20 22:01:01Z Send 國際股市==>  Program END 

Create log file
2016-12-20 22:01:28Z Send 國際股市==>  Program Start
2016-12-20 22:01:28Z Send 國際股市==>  Program END 

Create log file
2016-12-20 22:01:50Z Send 國際股市==>  Program Start
2016-12-20 22:01:50Z Send 國際股市==>  Program END 

Create log file
2016-12-20 23:01:01Z Send 國際股市==>  Program Start
2016-12-20 23:01:01Z Send 國際股市==>  Program END 

Create log file
2016-12-20 23:01:26Z Send 國際股市==>  Program Start
2016-12-20 23:01:26Z Send 國際股市==>  Program END 

Create log file
2016-12-20 23:24:28Z Query Stock_id is 2371 Program Start
2016-12-20 23:24:28Z Query Stock_id is 2371 Program END 

Create log file
2016-12-20 23:24:28Z Query Stock_id is 2461 Program Start
2016-12-20 23:24:28Z Query Stock_id is 2461 Program END 

Create log file
2016-12-20 23:24:28Z Query Stock_id is 2002 Program Start
2016-12-20 23:24:28Z Query Stock_id is 2002 Program END 

Create log file
2016-12-20 23:24:28Z Query Stock_id is 1704 Program Start
2016-12-20 23:24:28Z Query Stock_id is 1704 Program END 

Create log file
2016-12-20 23:24:28Z Query Stock_id is 2317 Program Start
2016-12-20 23:24:28Z Query Stock_id is 2317 Program END 

Create log file
2016-12-20 23:24:28Z Query Stock_id is 2882 Program Start
2016-12-20 23:24:28Z Query Stock_id is 2882 Program END 

Create log file
2016-12-20 23:24:28Z Query Stock_id is 2881 Program Start
2016-12-20 23:24:28Z Query Stock_id is 2881 Program END 

Create log file
2016-12-20 23:24:28Z Query Stock_id is 2344 Program Start
2016-12-20 23:24:28Z Query Stock_id is 2344 Program END 

Create log file
2016-12-20 23:24:29Z Query Stock_id is 1303 Program Start
2016-12-20 23:24:29Z Query Stock_id is 1303 Program END 

Create log file
2016-12-20 23:24:29Z Query Stock_id is 2881 Program Start
2016-12-20 23:24:29Z Query Stock_id is 2881 Program END 

Create log file
2016-12-20 23:24:29Z Query Stock_id is 1704 Program Start
2016-12-20 23:24:29Z Query Stock_id is 1704 Program END 

Create log file
2016-12-20 23:24:29Z Query Stock_id is 2882 Program Start
2016-12-20 23:24:29Z Query Stock_id is 2882 Program END 

Create log file
2016-12-20 23:25:29Z Query Stock_id is 2371 Program Start
2016-12-20 23:25:29Z Query Stock_id is 2371 Program END 

Create log file
2016-12-20 23:25:29Z Query Stock_id is 2461 Program Start
2016-12-20 23:25:29Z Query Stock_id is 2461 Program END 

Create log file
2016-12-20 23:25:29Z Query Stock_id is 2002 Program Start
2016-12-20 23:25:29Z Query Stock_id is 2002 Program END 

Create log file
2016-12-20 23:25:29Z Query Stock_id is 1704 Program Start
2016-12-20 23:25:29Z Query Stock_id is 1704 Program END 

Create log file
2016-12-20 23:25:30Z Query Stock_id is 2317 Program Start
2016-12-20 23:25:30Z Query Stock_id is 2317 Program END 

Create log file
2016-12-20 23:25:30Z Query Stock_id is 2882 Program Start
2016-12-20 23:25:30Z Query Stock_id is 2882 Program END 

Create log file
2016-12-20 23:25:30Z Query Stock_id is 2881 Program Start
2016-12-20 23:25:30Z Query Stock_id is 2881 Program END 

Create log file
2016-12-20 23:25:30Z Query Stock_id is 2344 Program Start
2016-12-20 23:25:30Z Query Stock_id is 2344 Program END 

Create log file
2016-12-20 23:25:30Z Query Stock_id is 1303 Program Start
2016-12-20 23:25:30Z Query Stock_id is 1303 Program END 

Create log file
2016-12-20 23:25:30Z Query Stock_id is 2881 Program Start
2016-12-20 23:25:30Z Query Stock_id is 2881 Program END 

Create log file
2016-12-20 23:25:30Z Query Stock_id is 1704 Program Start
2016-12-20 23:25:30Z Query Stock_id is 1704 Program END 

Create log file
2016-12-20 23:25:31Z Query Stock_id is 2882 Program Start
2016-12-20 23:25:31Z Query Stock_id is 2882 Program END 

