Create log file
2016-03-24 00:01:04Z Send 國際股市==>  Program Start
2016-03-24 00:01:04Z Send 國際股市==>  Program END 

Create log file
2016-03-24 01:01:03Z Send 國際股市==>  Program Start
2016-03-24 01:01:03Z Send 國際股市==>  Program END 

Create log file
2016-03-24 08:01:02Z Send 國際股市==>  Program Start
2016-03-24 08:01:02Z Send 國際股市==>  Program END 

Create log file
2016-03-24 08:01:28Z Send 國際股市==>  Program Start
2016-03-24 08:01:28Z Send 國際股市==>  Program END 

Create log file
2016-03-24 08:01:51Z Send 國際股市==>  Program Start
2016-03-24 08:01:51Z Send 國際股市==>  Program END 

Create log file
2016-03-24 08:46:04Z on time future report... Program Start
2016-03-24 08:46:04Z on time future report... Program END 

Create log file
2016-03-24 08:51:03Z on time future report... Program Start
2016-03-24 08:51:03Z on time future report... Program END 

Create log file
2016-03-24 08:56:03Z on time future report... Program Start
2016-03-24 08:56:03Z on time future report... Program END 

Create log file
2016-03-24 09:01:04Z Send 國際股市==>  Program Start
2016-03-24 09:01:04Z Send 國際股市==>  Program END 

Create log file
2016-03-24 09:01:04Z on time future report... Program Start
2016-03-24 09:01:04Z on time future report... Program END 

Create log file
2016-03-24 09:06:03Z on time future report... Program Start
2016-03-24 09:06:03Z on time future report... Program END 

Create log file
2016-03-24 09:11:08Z on time future report... Program Start
2016-03-24 09:11:08Z on time future report... Program END 

Create log file
2016-03-24 09:16:03Z on time future report... Program Start
2016-03-24 09:16:03Z on time future report... Program END 

Create log file
2016-03-24 09:21:03Z on time future report... Program Start
2016-03-24 09:21:03Z on time future report... Program END 

Create log file
2016-03-24 09:26:03Z on time future report... Program Start
2016-03-24 09:26:03Z on time future report... Program END 

Create log file
2016-03-24 09:31:03Z on time future report... Program Start
2016-03-24 09:31:03Z on time future report... Program END 

Create log file
2016-03-24 09:36:03Z on time future report... Program Start
2016-03-24 09:36:03Z on time future report... Program END 

Create log file
2016-03-24 09:41:03Z on time future report... Program Start
2016-03-24 09:41:03Z on time future report... Program END 

Create log file
2016-03-24 09:46:03Z on time future report... Program Start
2016-03-24 09:46:03Z on time future report... Program END 

Create log file
2016-03-24 09:51:03Z on time future report... Program Start
2016-03-24 09:51:03Z on time future report... Program END 

Create log file
2016-03-24 09:56:04Z on time future report... Program Start
2016-03-24 09:56:04Z on time future report... Program END 

Create log file
2016-03-24 10:01:04Z Send 國際股市==>  Program Start
2016-03-24 10:01:04Z Send 國際股市==>  Program END 

Create log file
2016-03-24 10:01:05Z on time future report... Program Start
2016-03-24 10:01:05Z on time future report... Program END 

Create log file
2016-03-24 10:06:07Z on time future report... Program Start
2016-03-24 10:06:07Z on time future report... Program END 

Create log file
2016-03-24 10:11:07Z on time future report... Program Start
2016-03-24 10:11:07Z on time future report... Program END 

Create log file
2016-03-24 10:16:03Z on time future report... Program Start
2016-03-24 10:16:03Z on time future report... Program END 

Create log file
2016-03-24 10:21:03Z on time future report... Program Start
2016-03-24 10:21:03Z on time future report... Program END 

Create log file
2016-03-24 10:26:03Z on time future report... Program Start
2016-03-24 10:26:03Z on time future report... Program END 

Create log file
2016-03-24 10:31:04Z on time future report... Program Start
2016-03-24 10:31:04Z on time future report... Program END 

Create log file
2016-03-24 10:36:03Z on time future report... Program Start
2016-03-24 10:36:03Z on time future report... Program END 

Create log file
2016-03-24 10:41:03Z on time future report... Program Start
2016-03-24 10:41:03Z on time future report... Program END 

Create log file
2016-03-24 10:46:03Z on time future report... Program Start
2016-03-24 10:46:03Z on time future report... Program END 

Create log file
2016-03-24 10:51:03Z on time future report... Program Start
2016-03-24 10:51:03Z on time future report... Program END 

Create log file
2016-03-24 10:56:03Z on time future report... Program Start
2016-03-24 10:56:03Z on time future report... Program END 

Create log file
2016-03-24 11:01:05Z Send 國際股市==>  Program Start
2016-03-24 11:01:05Z Send 國際股市==>  Program END 

Create log file
2016-03-24 11:01:05Z on time future report... Program Start
2016-03-24 11:01:05Z on time future report... Program END 

Create log file
2016-03-24 11:06:04Z on time future report... Program Start
2016-03-24 11:06:04Z on time future report... Program END 

Create log file
2016-03-24 11:11:03Z on time future report... Program Start
2016-03-24 11:11:03Z on time future report... Program END 

Create log file
2016-03-24 11:16:04Z on time future report... Program Start
2016-03-24 11:16:04Z on time future report... Program END 

Create log file
2016-03-24 11:21:06Z on time future report... Program Start
2016-03-24 11:21:06Z on time future report... Program END 

Create log file
2016-03-24 11:26:03Z on time future report... Program Start
2016-03-24 11:26:03Z on time future report... Program END 

Create log file
2016-03-24 11:31:04Z on time future report... Program Start
2016-03-24 11:31:04Z on time future report... Program END 

Create log file
2016-03-24 11:36:03Z on time future report... Program Start
2016-03-24 11:36:03Z on time future report... Program END 

Create log file
2016-03-24 11:41:07Z on time future report... Program Start
2016-03-24 11:41:07Z on time future report... Program END 

Create log file
2016-03-24 11:46:03Z on time future report... Program Start
2016-03-24 11:46:03Z on time future report... Program END 

Create log file
2016-03-24 11:51:06Z on time future report... Program Start
2016-03-24 11:51:06Z on time future report... Program END 

Create log file
2016-03-24 11:56:03Z on time future report... Program Start
2016-03-24 11:56:03Z on time future report... Program END 

Create log file
2016-03-24 12:01:04Z on time future report... Program Start
2016-03-24 12:01:04Z on time future report... Program END 

Create log file
2016-03-24 12:01:05Z Send 國際股市==>  Program Start
2016-03-24 12:01:05Z Send 國際股市==>  Program END 

Create log file
2016-03-24 12:06:03Z on time future report... Program Start
2016-03-24 12:06:03Z on time future report... Program END 

Create log file
2016-03-24 12:11:03Z on time future report... Program Start
2016-03-24 12:11:03Z on time future report... Program END 

Create log file
2016-03-24 12:16:07Z on time future report... Program Start
2016-03-24 12:16:07Z on time future report... Program END 

Create log file
2016-03-24 12:21:03Z on time future report... Program Start
2016-03-24 12:21:03Z on time future report... Program END 

Create log file
2016-03-24 12:26:03Z on time future report... Program Start
2016-03-24 12:26:03Z on time future report... Program END 

Create log file
2016-03-24 12:31:03Z on time future report... Program Start
2016-03-24 12:31:03Z on time future report... Program END 

Create log file
2016-03-24 12:36:03Z on time future report... Program Start
2016-03-24 12:36:03Z on time future report... Program END 

Create log file
2016-03-24 12:41:03Z on time future report... Program Start
2016-03-24 12:41:03Z on time future report... Program END 

Create log file
2016-03-24 12:46:03Z on time future report... Program Start
2016-03-24 12:46:03Z on time future report... Program END 

Create log file
2016-03-24 12:51:03Z on time future report... Program Start
2016-03-24 12:51:03Z on time future report... Program END 

Create log file
2016-03-24 12:56:05Z on time future report... Program Start
2016-03-24 12:56:05Z on time future report... Program END 

Create log file
2016-03-24 13:01:03Z Send 國際股市==>  Program Start
2016-03-24 13:01:03Z Send 國際股市==>  Program END 

Create log file
2016-03-24 13:01:09Z on time future report... Program Start
2016-03-24 13:01:09Z on time future report... Program END 

Create log file
2016-03-24 13:06:03Z on time future report... Program Start
2016-03-24 13:06:03Z on time future report... Program END 

Create log file
2016-03-24 13:11:03Z on time future report... Program Start
2016-03-24 13:11:03Z on time future report... Program END 

Create log file
2016-03-24 13:16:06Z on time future report... Program Start
2016-03-24 13:16:06Z on time future report... Program END 

Create log file
2016-03-24 13:21:03Z on time future report... Program Start
2016-03-24 13:21:03Z on time future report... Program END 

Create log file
2016-03-24 13:26:03Z on time future report... Program Start
2016-03-24 13:26:03Z on time future report... Program END 

Create log file
2016-03-24 13:31:04Z on time future report... Program Start
2016-03-24 13:31:04Z on time future report... Program END 

Create log file
2016-03-24 13:41:01Z on time future report... Program Start
2016-03-24 13:41:01Z on time future report... Program END 

Create log file
2016-03-24 13:46:01Z on time future report... Program Start
2016-03-24 13:46:01Z on time future report... Program END 

Create log file
2016-03-24 14:01:02Z Send 國際股市==>  Program Start
2016-03-24 14:01:02Z Send 國際股市==>  Program END 

Create log file
2016-03-24 15:01:04Z Send 國際股市==>  Program Start
2016-03-24 15:01:04Z Send 國際股市==>  Program END 

Create log file
2016-03-24 15:50:18Z option_insert_daily Program Start
2016-03-24 15:50:18Z option_insert_daily Program END 

Create log file
2016-03-24 15:56:16Z Send Option_OIV_daily Program Start
2016-03-24 15:56:16Z Send Option_OIV_daily Program END 

Create log file
2016-03-24 16:01:04Z Send 國際股市==>  Program Start
2016-03-24 16:01:04Z Send 國際股市==>  Program END 

Create log file
2016-03-24 17:01:03Z Send 國際股市==>  Program Start
2016-03-24 17:01:03Z Send 國際股市==>  Program END 

Create log file
2016-03-24 17:05:55Z Query Stock_id is 3450 Program Start
2016-03-24 17:05:55Z Query Stock_id is 3450 Program END 

Create log file
2016-03-24 17:05:55Z Query Stock_id is 2330 Program Start
2016-03-24 17:05:55Z Query Stock_id is 2330 Program END 

Create log file
2016-03-24 17:05:55Z Query Stock_id is 3042 Program Start
2016-03-24 17:05:55Z Query Stock_id is 3042 Program END 

Create log file
2016-03-24 17:05:56Z Query Stock_id is 2353 Program Start
2016-03-24 17:05:56Z Query Stock_id is 2353 Program END 

Create log file
2016-03-24 17:05:56Z Query Stock_id is 2489 Program Start
2016-03-24 17:05:56Z Query Stock_id is 2489 Program END 

Create log file
2016-03-24 17:05:56Z Query Stock_id is 2892 Program Start
2016-03-24 17:05:56Z Query Stock_id is 2892 Program END 

Create log file
2016-03-24 17:05:56Z Query Stock_id is 2891 Program Start
2016-03-24 17:05:56Z Query Stock_id is 2891 Program END 

Create log file
2016-03-24 17:05:56Z Query Stock_id is 2317 Program Start
2016-03-24 17:05:56Z Query Stock_id is 2317 Program END 

Create log file
2016-03-24 17:05:57Z Query Stock_id is 2449 Program Start
2016-03-24 17:05:57Z Query Stock_id is 2449 Program END 

Create log file
2016-03-24 17:05:57Z Query Stock_id is 9904 Program Start
2016-03-24 17:05:57Z Query Stock_id is 9904 Program END 

Create log file
2016-03-24 17:05:57Z Query Stock_id is 2401 Program Start
2016-03-24 17:05:57Z Query Stock_id is 2401 Program END 

Create log file
2016-03-24 17:06:06Z Query Stock_id is 3450 Program Start
2016-03-24 17:06:06Z Query Stock_id is 3450 Program END 

Create log file
2016-03-24 17:06:06Z Query Stock_id is 2330 Program Start
2016-03-24 17:06:06Z Query Stock_id is 2330 Program END 

Create log file
2016-03-24 17:06:06Z Query Stock_id is 3042 Program Start
2016-03-24 17:06:06Z Query Stock_id is 3042 Program END 

Create log file
2016-03-24 17:06:06Z Query Stock_id is 2353 Program Start
2016-03-24 17:06:06Z Query Stock_id is 2353 Program END 

Create log file
2016-03-24 17:06:06Z Query Stock_id is 2489 Program Start
2016-03-24 17:06:06Z Query Stock_id is 2489 Program END 

Create log file
2016-03-24 17:06:07Z Query Stock_id is 2892 Program Start
2016-03-24 17:06:07Z Query Stock_id is 2892 Program END 

Create log file
2016-03-24 17:06:07Z Query Stock_id is 2891 Program Start
2016-03-24 17:06:07Z Query Stock_id is 2891 Program END 

Create log file
2016-03-24 17:06:07Z Query Stock_id is 2317 Program Start
2016-03-24 17:06:07Z Query Stock_id is 2317 Program END 

Create log file
2016-03-24 17:06:07Z Query Stock_id is 2449 Program Start
2016-03-24 17:06:07Z Query Stock_id is 2449 Program END 

Create log file
2016-03-24 17:06:07Z Query Stock_id is 9904 Program Start
2016-03-24 17:06:07Z Query Stock_id is 9904 Program END 

Create log file
2016-03-24 17:06:07Z Query Stock_id is 2401 Program Start
2016-03-24 17:06:07Z Query Stock_id is 2401 Program END 

Create log file
2016-03-24 18:01:03Z Send 國際股市==>  Program Start
2016-03-24 18:01:03Z Send 國際股市==>  Program END 

Create log file
2016-03-24 18:01:30Z Send 國際股市==>  Program Start
2016-03-24 18:01:30Z Send 國際股市==>  Program END 

Create log file
2016-03-24 18:01:53Z Send 國際股市==>  Program Start
2016-03-24 18:01:53Z Send 國際股市==>  Program END 

Create log file
2016-03-24 18:02:16Z Send 國際股市==>  Program Start
2016-03-24 18:02:16Z Send 國際股市==>  Program END 

Create log file
2016-03-24 18:02:39Z Send 國際股市==>  Program Start
2016-03-24 18:02:39Z Send 國際股市==>  Program END 

Create log file
2016-03-24 19:01:03Z Send 國際股市==>  Program Start
2016-03-24 19:01:03Z Send 國際股市==>  Program END 

Create log file
2016-03-24 19:01:29Z Send 國際股市==>  Program Start
2016-03-24 19:01:29Z Send 國際股市==>  Program END 

Create log file
2016-03-24 19:01:53Z Send 國際股市==>  Program Start
2016-03-24 19:01:53Z Send 國際股市==>  Program END 

Create log file
2016-03-24 20:01:03Z Send 國際股市==>  Program Start
2016-03-24 20:01:03Z Send 國際股市==>  Program END 

Create log file
2016-03-24 20:10:10Z stock_data_daily_create_file Program Start
2016-03-24 20:10:10Z stock_data_daily_create_file Program END 

Create log file
2016-03-24 20:20:03Z stock_data_insert_daily Program Start
2016-03-24 20:20:03Z stock_data_insert_daily Program END 

Create log file
2016-03-24 20:30:12Z Send 股市氣象台電子報-今日我最夯<==Strong_UP==>  Program Start
2016-03-24 20:30:12Z Send 股市氣象台電子報-今日我最夯<==Strong_UP==>  Program END 

Create log file
2016-03-24 21:01:03Z Send 國際股市==>  Program Start
2016-03-24 21:01:03Z Send 國際股市==>  Program END 

Create log file
2016-03-24 22:01:01Z Send 國際股市==>  Program Start
2016-03-24 22:01:01Z Send 國際股市==>  Program END 

Create log file
2016-03-24 22:01:27Z Send 國際股市==>  Program Start
2016-03-24 22:01:27Z Send 國際股市==>  Program END 

Create log file
2016-03-24 22:01:50Z Send 國際股市==>  Program Start
2016-03-24 22:01:50Z Send 國際股市==>  Program END 

Create log file
2016-03-24 23:01:01Z Send 國際股市==>  Program Start
2016-03-24 23:01:01Z Send 國際股市==>  Program END 

