Create log file
2016-03-17 00:01:03Z Send 國際股市==>  Program Start
2016-03-17 00:01:03Z Send 國際股市==>  Program END 

Create log file
2016-03-17 01:01:03Z Send 國際股市==>  Program Start
2016-03-17 01:01:03Z Send 國際股市==>  Program END 

Create log file
2016-03-17 08:01:03Z Send 國際股市==>  Program Start
2016-03-17 08:01:03Z Send 國際股市==>  Program END 

Create log file
2016-03-17 08:01:29Z Send 國際股市==>  Program Start
2016-03-17 08:01:29Z Send 國際股市==>  Program END 

Create log file
2016-03-17 08:01:51Z Send 國際股市==>  Program Start
2016-03-17 08:01:51Z Send 國際股市==>  Program END 

Create log file
2016-03-17 08:46:03Z on time future report... Program Start
2016-03-17 08:46:03Z on time future report... Program END 

Create log file
2016-03-17 08:51:04Z on time future report... Program Start
2016-03-17 08:51:04Z on time future report... Program END 

Create log file
2016-03-17 08:56:04Z on time future report... Program Start
2016-03-17 08:56:04Z on time future report... Program END 

Create log file
2016-03-17 09:01:03Z Send 國際股市==>  Program Start
2016-03-17 09:01:03Z Send 國際股市==>  Program END 

Create log file
2016-03-17 09:01:05Z on time future report... Program Start
2016-03-17 09:01:05Z on time future report... Program END 

Create log file
2016-03-17 09:06:03Z on time future report... Program Start
2016-03-17 09:06:03Z on time future report... Program END 

Create log file
2016-03-17 09:11:04Z on time future report... Program Start
2016-03-17 09:11:04Z on time future report... Program END 

Create log file
2016-03-17 09:16:03Z on time future report... Program Start
2016-03-17 09:16:03Z on time future report... Program END 

Create log file
2016-03-17 09:21:05Z on time future report... Program Start
2016-03-17 09:21:05Z on time future report... Program END 

Create log file
2016-03-17 09:26:03Z on time future report... Program Start
2016-03-17 09:26:03Z on time future report... Program END 

Create log file
2016-03-17 09:31:07Z on time future report... Program Start
2016-03-17 09:31:07Z on time future report... Program END 

Create log file
2016-03-17 09:36:04Z on time future report... Program Start
2016-03-17 09:36:04Z on time future report... Program END 

Create log file
2016-03-17 09:41:03Z on time future report... Program Start
2016-03-17 09:41:03Z on time future report... Program END 

Create log file
2016-03-17 09:46:03Z on time future report... Program Start
2016-03-17 09:46:03Z on time future report... Program END 

Create log file
2016-03-17 09:51:03Z on time future report... Program Start
2016-03-17 09:51:03Z on time future report... Program END 

Create log file
2016-03-17 09:56:03Z on time future report... Program Start
2016-03-17 09:56:03Z on time future report... Program END 

Create log file
2016-03-17 10:01:03Z Send 國際股市==>  Program Start
2016-03-17 10:01:03Z Send 國際股市==>  Program END 

Create log file
2016-03-17 10:01:03Z on time future report... Program Start
2016-03-17 10:01:03Z on time future report... Program END 

Create log file
2016-03-17 10:06:03Z on time future report... Program Start
2016-03-17 10:06:03Z on time future report... Program END 

Create log file
2016-03-17 10:11:03Z on time future report... Program Start
2016-03-17 10:11:03Z on time future report... Program END 

Create log file
2016-03-17 10:16:04Z on time future report... Program Start
2016-03-17 10:16:04Z on time future report... Program END 

Create log file
2016-03-17 10:21:03Z on time future report... Program Start
2016-03-17 10:21:03Z on time future report... Program END 

Create log file
2016-03-17 10:26:04Z on time future report... Program Start
2016-03-17 10:26:04Z on time future report... Program END 

Create log file
2016-03-17 10:31:05Z on time future report... Program Start
2016-03-17 10:31:05Z on time future report... Program END 

Create log file
2016-03-17 10:36:03Z on time future report... Program Start
2016-03-17 10:36:03Z on time future report... Program END 

Create log file
2016-03-17 10:41:03Z on time future report... Program Start
2016-03-17 10:41:03Z on time future report... Program END 

Create log file
2016-03-17 10:46:07Z on time future report... Program Start
2016-03-17 10:46:07Z on time future report... Program END 

Create log file
2016-03-17 10:51:03Z on time future report... Program Start
2016-03-17 10:51:03Z on time future report... Program END 

Create log file
2016-03-17 10:56:04Z on time future report... Program Start
2016-03-17 10:56:04Z on time future report... Program END 

Create log file
2016-03-17 11:01:04Z Send 國際股市==>  Program Start
2016-03-17 11:01:04Z Send 國際股市==>  Program END 

Create log file
2016-03-17 11:01:04Z on time future report... Program Start
2016-03-17 11:01:04Z on time future report... Program END 

Create log file
2016-03-17 11:06:04Z on time future report... Program Start
2016-03-17 11:06:04Z on time future report... Program END 

Create log file
2016-03-17 11:11:03Z on time future report... Program Start
2016-03-17 11:11:03Z on time future report... Program END 

Create log file
2016-03-17 11:16:03Z on time future report... Program Start
2016-03-17 11:16:03Z on time future report... Program END 

Create log file
2016-03-17 11:21:03Z on time future report... Program Start
2016-03-17 11:21:03Z on time future report... Program END 

Create log file
2016-03-17 11:26:03Z on time future report... Program Start
2016-03-17 11:26:03Z on time future report... Program END 

Create log file
2016-03-17 11:31:03Z on time future report... Program Start
2016-03-17 11:31:03Z on time future report... Program END 

Create log file
2016-03-17 11:36:03Z on time future report... Program Start
2016-03-17 11:36:03Z on time future report... Program END 

Create log file
2016-03-17 11:41:03Z on time future report... Program Start
2016-03-17 11:41:03Z on time future report... Program END 

Create log file
2016-03-17 11:46:03Z on time future report... Program Start
2016-03-17 11:46:03Z on time future report... Program END 

Create log file
2016-03-17 11:51:03Z on time future report... Program Start
2016-03-17 11:51:03Z on time future report... Program END 

Create log file
2016-03-17 11:56:03Z on time future report... Program Start
2016-03-17 11:56:03Z on time future report... Program END 

Create log file
2016-03-17 12:01:03Z Send 國際股市==>  Program Start
2016-03-17 12:01:03Z Send 國際股市==>  Program END 

Create log file
2016-03-17 12:01:03Z on time future report... Program Start
2016-03-17 12:01:03Z on time future report... Program END 

Create log file
2016-03-17 12:06:03Z on time future report... Program Start
2016-03-17 12:06:03Z on time future report... Program END 

Create log file
2016-03-17 12:11:03Z on time future report... Program Start
2016-03-17 12:11:03Z on time future report... Program END 

Create log file
2016-03-17 12:16:03Z on time future report... Program Start
2016-03-17 12:16:03Z on time future report... Program END 

Create log file
2016-03-17 12:21:03Z on time future report... Program Start
2016-03-17 12:21:03Z on time future report... Program END 

Create log file
2016-03-17 12:26:03Z on time future report... Program Start
2016-03-17 12:26:03Z on time future report... Program END 

Create log file
2016-03-17 12:31:07Z on time future report... Program Start
2016-03-17 12:31:07Z on time future report... Program END 

Create log file
2016-03-17 12:36:03Z on time future report... Program Start
2016-03-17 12:36:03Z on time future report... Program END 

Create log file
2016-03-17 12:41:03Z on time future report... Program Start
2016-03-17 12:41:03Z on time future report... Program END 

Create log file
2016-03-17 12:46:03Z on time future report... Program Start
2016-03-17 12:46:03Z on time future report... Program END 

Create log file
2016-03-17 12:51:04Z on time future report... Program Start
2016-03-17 12:51:04Z on time future report... Program END 

Create log file
2016-03-17 12:56:03Z on time future report... Program Start
2016-03-17 12:56:03Z on time future report... Program END 

Create log file
2016-03-17 13:01:03Z Send 國際股市==>  Program Start
2016-03-17 13:01:03Z Send 國際股市==>  Program END 

Create log file
2016-03-17 13:01:04Z on time future report... Program Start
2016-03-17 13:01:04Z on time future report... Program END 

Create log file
2016-03-17 13:06:03Z on time future report... Program Start
2016-03-17 13:06:03Z on time future report... Program END 

Create log file
2016-03-17 13:11:07Z on time future report... Program Start
2016-03-17 13:11:07Z on time future report... Program END 

Create log file
2016-03-17 13:16:03Z on time future report... Program Start
2016-03-17 13:16:03Z on time future report... Program END 

Create log file
2016-03-17 13:21:03Z on time future report... Program Start
2016-03-17 13:21:03Z on time future report... Program END 

Create log file
2016-03-17 13:26:06Z on time future report... Program Start
2016-03-17 13:26:06Z on time future report... Program END 

Create log file
2016-03-17 13:31:05Z on time future report... Program Start
2016-03-17 13:31:05Z on time future report... Program END 

Create log file
2016-03-17 13:36:03Z on time future report... Program Start
2016-03-17 13:36:03Z on time future report... Program END 

Create log file
2016-03-17 13:41:03Z on time future report... Program Start
2016-03-17 13:41:03Z on time future report... Program END 

Create log file
2016-03-17 13:46:06Z on time future report... Program Start
2016-03-17 13:46:06Z on time future report... Program END 

Create log file
2016-03-17 14:01:03Z Send 國際股市==>  Program Start
2016-03-17 14:01:03Z Send 國際股市==>  Program END 

Create log file
2016-03-17 15:01:03Z Send 國際股市==>  Program Start
2016-03-17 15:01:03Z Send 國際股市==>  Program END 

Create log file
2016-03-17 15:50:20Z option_insert_daily Program Start
2016-03-17 15:50:20Z option_insert_daily Program END 

Create log file
2016-03-17 15:56:11Z Send Option_OIV_daily Program Start
2016-03-17 15:56:11Z Send Option_OIV_daily Program END 

Create log file
2016-03-17 16:01:03Z Send 國際股市==>  Program Start
2016-03-17 16:01:03Z Send 國際股市==>  Program END 

Create log file
2016-03-17 17:01:02Z Send 國際股市==>  Program Start
2016-03-17 17:01:02Z Send 國際股市==>  Program END 

Create log file
2016-03-17 18:01:03Z Send 國際股市==>  Program Start
2016-03-17 18:01:03Z Send 國際股市==>  Program END 

Create log file
2016-03-17 18:01:30Z Send 國際股市==>  Program Start
2016-03-17 18:01:30Z Send 國際股市==>  Program END 

Create log file
2016-03-17 18:01:51Z Send 國際股市==>  Program Start
2016-03-17 18:01:51Z Send 國際股市==>  Program END 

Create log file
2016-03-17 18:02:14Z Send 國際股市==>  Program Start
2016-03-17 18:02:14Z Send 國際股市==>  Program END 

Create log file
2016-03-17 19:01:02Z Send 國際股市==>  Program Start
2016-03-17 19:01:02Z Send 國際股市==>  Program END 

Create log file
2016-03-17 19:01:31Z Send 國際股市==>  Program Start
2016-03-17 19:01:31Z Send 國際股市==>  Program END 

Create log file
2016-03-17 19:01:54Z Send 國際股市==>  Program Start
2016-03-17 19:01:54Z Send 國際股市==>  Program END 

Create log file
2016-03-17 20:01:03Z Send 國際股市==>  Program Start
2016-03-17 20:01:03Z Send 國際股市==>  Program END 

Create log file
2016-03-17 20:10:13Z stock_data_daily_create_file Program Start
2016-03-17 20:10:13Z stock_data_daily_create_file Program END 

Create log file
2016-03-17 20:20:07Z stock_data_insert_daily Program Start
2016-03-17 20:20:07Z stock_data_insert_daily Program END 

Create log file
2016-03-17 20:30:13Z Send 股市氣象台電子報-今日我最夯<==Strong_UP==>  Program Start
2016-03-17 20:30:13Z Send 股市氣象台電子報-今日我最夯<==Strong_UP==>  Program END 

Create log file
2016-03-17 21:01:03Z Send 國際股市==>  Program Start
2016-03-17 21:01:03Z Send 國際股市==>  Program END 

Create log file
2016-03-17 21:48:36Z Query Stock_id is 2356 Program Start
2016-03-17 21:48:36Z Query Stock_id is 2356 Program END 

Create log file
2016-03-17 21:48:36Z Query Stock_id is 2330 Program Start
2016-03-17 21:48:36Z Query Stock_id is 2330 Program END 

Create log file
2016-03-17 21:48:36Z Query Stock_id is 2891 Program Start
2016-03-17 21:48:36Z Query Stock_id is 2891 Program END 

Create log file
2016-03-17 21:48:36Z Query Stock_id is 2883 Program Start
2016-03-17 21:48:36Z Query Stock_id is 2883 Program END 

Create log file
2016-03-17 21:48:36Z Query Stock_id is 2002 Program Start
2016-03-17 21:48:36Z Query Stock_id is 2002 Program END 

Create log file
2016-03-17 21:48:36Z Query Stock_id is 2888 Program Start
2016-03-17 21:48:36Z Query Stock_id is 2888 Program END 

Create log file
2016-03-17 21:48:37Z Query Stock_id is 1216 Program Start
2016-03-17 21:48:37Z Query Stock_id is 1216 Program END 

Create log file
2016-03-17 21:48:37Z Query Stock_id is 2892 Program Start
2016-03-17 21:48:37Z Query Stock_id is 2892 Program END 

Create log file
2016-03-17 21:48:37Z Query Stock_id is 2880 Program Start
2016-03-17 21:48:37Z Query Stock_id is 2880 Program END 

Create log file
2016-03-17 21:48:37Z Query Stock_id is 5880 Program Start
2016-03-17 21:48:37Z Query Stock_id is 5880 Program END 

Create log file
2016-03-17 21:48:37Z Query Stock_id is 2886 Program Start
2016-03-17 21:48:37Z Query Stock_id is 2886 Program END 

Create log file
2016-03-17 21:48:37Z Query Stock_id is 2382 Program Start
2016-03-17 21:48:37Z Query Stock_id is 2382 Program END 

Create log file
2016-03-17 21:48:37Z Query Stock_id is 3045 Program Start
2016-03-17 21:48:37Z Query Stock_id is 3045 Program END 

Create log file
2016-03-17 21:48:37Z Query Stock_id is 2303 Program Start
2016-03-17 21:48:37Z Query Stock_id is 2303 Program END 

Create log file
2016-03-17 21:48:38Z Query Stock_id is 1101 Program Start
2016-03-17 21:48:38Z Query Stock_id is 1101 Program END 

Create log file
2016-03-17 21:48:38Z Query Stock_id is 4938 Program Start
2016-03-17 21:48:38Z Query Stock_id is 4938 Program END 

Create log file
2016-03-17 21:48:38Z Query Stock_id is 2347 Program Start
2016-03-17 21:48:38Z Query Stock_id is 2347 Program END 

Create log file
2016-03-17 21:48:38Z Query Stock_id is 3474 Program Start
2016-03-17 21:48:38Z Query Stock_id is 3474 Program END 

Create log file
2016-03-17 21:48:38Z Query Stock_id is 2887 Program Start
2016-03-17 21:48:38Z Query Stock_id is 2887 Program END 

Create log file
2016-03-17 21:48:38Z Query Stock_id is 2317 Program Start
2016-03-17 21:48:38Z Query Stock_id is 2317 Program END 

Create log file
2016-03-17 21:48:38Z Query Stock_id is 1605 Program Start
2016-03-17 21:48:38Z Query Stock_id is 1605 Program END 

Create log file
2016-03-17 21:48:39Z Query Stock_id is 3231 Program Start
2016-03-17 21:48:39Z Query Stock_id is 3231 Program END 

Create log file
2016-03-17 21:48:39Z Query Stock_id is 6282 Program Start
2016-03-17 21:48:39Z Query Stock_id is 6282 Program END 

Create log file
2016-03-17 21:48:39Z Query Stock_id is 2409 Program Start
2016-03-17 21:48:39Z Query Stock_id is 2409 Program END 

Create log file
2016-03-17 21:48:39Z Query Stock_id is 2409 Program Start
2016-03-17 21:48:39Z Query Stock_id is 2409 Program END 

Create log file
2016-03-17 21:48:39Z Query Stock_id is 3481 Program Start
2016-03-17 21:48:39Z Query Stock_id is 3481 Program END 

Create log file
2016-03-17 21:48:39Z Query Stock_id is 1605 Program Start
2016-03-17 21:48:39Z Query Stock_id is 1605 Program END 

Create log file
2016-03-17 21:48:39Z Query Stock_id is 2542 Program Start
2016-03-17 21:48:39Z Query Stock_id is 2542 Program END 

Create log file
2016-03-17 21:48:39Z Query Stock_id is 1704 Program Start
2016-03-17 21:48:39Z Query Stock_id is 1704 Program END 

Create log file
2016-03-17 21:48:40Z Query Stock_id is 2002 Program Start
2016-03-17 21:48:40Z Query Stock_id is 2002 Program END 

Create log file
2016-03-17 21:48:40Z Query Stock_id is 2886 Program Start
2016-03-17 21:48:40Z Query Stock_id is 2886 Program END 

Create log file
2016-03-17 21:48:40Z Query Stock_id is 1312 Program Start
2016-03-17 21:48:40Z Query Stock_id is 1312 Program END 

Create log file
2016-03-17 21:48:40Z Query Stock_id is 3673 Program Start
2016-03-17 21:48:40Z Query Stock_id is 3673 Program END 

Create log file
2016-03-17 21:48:40Z Query Stock_id is 3682 Program Start
2016-03-17 21:48:40Z Query Stock_id is 3682 Program END 

Create log file
2016-03-17 21:48:40Z Query Stock_id is 2317 Program Start
2016-03-17 21:48:40Z Query Stock_id is 2317 Program END 

Create log file
2016-03-17 21:48:40Z Query Stock_id is 2347 Program Start
2016-03-17 21:48:40Z Query Stock_id is 2347 Program END 

Create log file
2016-03-17 21:48:41Z Query Stock_id is 2823 Program Start
2016-03-17 21:48:41Z Query Stock_id is 2823 Program END 

Create log file
2016-03-17 21:48:41Z Query Stock_id is 2419 Program Start
2016-03-17 21:48:41Z Query Stock_id is 2419 Program END 

Create log file
2016-03-17 21:48:41Z Query Stock_id is 3105 Program Start
2016-03-17 21:48:41Z Query Stock_id is 3105 Program END 

Create log file
2016-03-17 21:48:41Z Query Stock_id is 2354 Program Start
2016-03-17 21:48:41Z Query Stock_id is 2354 Program END 

Create log file
2016-03-17 21:48:41Z Query Stock_id is 4938 Program Start
2016-03-17 21:48:41Z Query Stock_id is 4938 Program END 

Create log file
2016-03-17 21:48:41Z Query Stock_id is 2834 Program Start
2016-03-17 21:48:41Z Query Stock_id is 2834 Program END 

Create log file
2016-03-17 21:48:41Z Query Stock_id is 1101 Program Start
2016-03-17 21:48:41Z Query Stock_id is 1101 Program END 

Create log file
2016-03-17 21:48:42Z Query Stock_id is 2892 Program Start
2016-03-17 21:48:42Z Query Stock_id is 2892 Program END 

Create log file
2016-03-17 21:48:42Z Query Stock_id is 3474 Program Start
2016-03-17 21:48:42Z Query Stock_id is 3474 Program END 

Create log file
2016-03-17 21:48:42Z Query Stock_id is 2449 Program Start
2016-03-17 21:48:42Z Query Stock_id is 2449 Program END 

Create log file
2016-03-17 21:52:34Z Query Stock_id is 2356 Program Start
2016-03-17 21:52:34Z Query Stock_id is 2356 Program END 

Create log file
2016-03-17 21:52:34Z Query Stock_id is 2330 Program Start
2016-03-17 21:52:34Z Query Stock_id is 2330 Program END 

Create log file
2016-03-17 21:52:34Z Query Stock_id is 2891 Program Start
2016-03-17 21:52:34Z Query Stock_id is 2891 Program END 

Create log file
2016-03-17 21:52:34Z Query Stock_id is 2883 Program Start
2016-03-17 21:52:34Z Query Stock_id is 2883 Program END 

Create log file
2016-03-17 21:52:34Z Query Stock_id is 2002 Program Start
2016-03-17 21:52:34Z Query Stock_id is 2002 Program END 

Create log file
2016-03-17 21:52:34Z Query Stock_id is 2888 Program Start
2016-03-17 21:52:34Z Query Stock_id is 2888 Program END 

Create log file
2016-03-17 21:52:34Z Query Stock_id is 1216 Program Start
2016-03-17 21:52:34Z Query Stock_id is 1216 Program END 

Create log file
2016-03-17 21:52:35Z Query Stock_id is 2892 Program Start
2016-03-17 21:52:35Z Query Stock_id is 2892 Program END 

Create log file
2016-03-17 21:52:35Z Query Stock_id is 2880 Program Start
2016-03-17 21:52:35Z Query Stock_id is 2880 Program END 

Create log file
2016-03-17 21:52:35Z Query Stock_id is 5880 Program Start
2016-03-17 21:52:35Z Query Stock_id is 5880 Program END 

Create log file
2016-03-17 21:52:35Z Query Stock_id is 2886 Program Start
2016-03-17 21:52:35Z Query Stock_id is 2886 Program END 

Create log file
2016-03-17 21:52:35Z Query Stock_id is 2382 Program Start
2016-03-17 21:52:35Z Query Stock_id is 2382 Program END 

Create log file
2016-03-17 21:52:35Z Query Stock_id is 3045 Program Start
2016-03-17 21:52:35Z Query Stock_id is 3045 Program END 

Create log file
2016-03-17 21:52:35Z Query Stock_id is 2303 Program Start
2016-03-17 21:52:35Z Query Stock_id is 2303 Program END 

Create log file
2016-03-17 21:52:35Z Query Stock_id is 1101 Program Start
2016-03-17 21:52:35Z Query Stock_id is 1101 Program END 

Create log file
2016-03-17 21:52:36Z Query Stock_id is 4938 Program Start
2016-03-17 21:52:36Z Query Stock_id is 4938 Program END 

Create log file
2016-03-17 21:52:36Z Query Stock_id is 2347 Program Start
2016-03-17 21:52:36Z Query Stock_id is 2347 Program END 

Create log file
2016-03-17 21:52:36Z Query Stock_id is 3474 Program Start
2016-03-17 21:52:36Z Query Stock_id is 3474 Program END 

Create log file
2016-03-17 21:52:36Z Query Stock_id is 2887 Program Start
2016-03-17 21:52:36Z Query Stock_id is 2887 Program END 

Create log file
2016-03-17 21:52:36Z Query Stock_id is 2317 Program Start
2016-03-17 21:52:36Z Query Stock_id is 2317 Program END 

Create log file
2016-03-17 21:52:36Z Query Stock_id is 1605 Program Start
2016-03-17 21:52:36Z Query Stock_id is 1605 Program END 

Create log file
2016-03-17 21:52:37Z Query Stock_id is 3231 Program Start
2016-03-17 21:52:37Z Query Stock_id is 3231 Program END 

Create log file
2016-03-17 21:52:37Z Query Stock_id is 6282 Program Start
2016-03-17 21:52:37Z Query Stock_id is 6282 Program END 

Create log file
2016-03-17 21:52:37Z Query Stock_id is 2409 Program Start
2016-03-17 21:52:37Z Query Stock_id is 2409 Program END 

Create log file
2016-03-17 21:52:37Z Query Stock_id is 2409 Program Start
2016-03-17 21:52:37Z Query Stock_id is 2409 Program END 

Create log file
2016-03-17 21:52:37Z Query Stock_id is 3481 Program Start
2016-03-17 21:52:37Z Query Stock_id is 3481 Program END 

Create log file
2016-03-17 21:52:37Z Query Stock_id is 1605 Program Start
2016-03-17 21:52:37Z Query Stock_id is 1605 Program END 

Create log file
2016-03-17 21:52:38Z Query Stock_id is 2542 Program Start
2016-03-17 21:52:38Z Query Stock_id is 2542 Program END 

Create log file
2016-03-17 21:52:38Z Query Stock_id is 1704 Program Start
2016-03-17 21:52:38Z Query Stock_id is 1704 Program END 

Create log file
2016-03-17 21:52:38Z Query Stock_id is 2002 Program Start
2016-03-17 21:52:38Z Query Stock_id is 2002 Program END 

Create log file
2016-03-17 21:52:38Z Query Stock_id is 2886 Program Start
2016-03-17 21:52:38Z Query Stock_id is 2886 Program END 

Create log file
2016-03-17 21:52:38Z Query Stock_id is 1312 Program Start
2016-03-17 21:52:38Z Query Stock_id is 1312 Program END 

Create log file
2016-03-17 21:52:38Z Query Stock_id is 3673 Program Start
2016-03-17 21:52:38Z Query Stock_id is 3673 Program END 

Create log file
2016-03-17 21:52:38Z Query Stock_id is 3682 Program Start
2016-03-17 21:52:38Z Query Stock_id is 3682 Program END 

Create log file
2016-03-17 21:52:39Z Query Stock_id is 2317 Program Start
2016-03-17 21:52:39Z Query Stock_id is 2317 Program END 

Create log file
2016-03-17 21:52:39Z Query Stock_id is 2347 Program Start
2016-03-17 21:52:39Z Query Stock_id is 2347 Program END 

Create log file
2016-03-17 21:52:39Z Query Stock_id is 2823 Program Start
2016-03-17 21:52:39Z Query Stock_id is 2823 Program END 

Create log file
2016-03-17 21:52:39Z Query Stock_id is 2419 Program Start
2016-03-17 21:52:39Z Query Stock_id is 2419 Program END 

Create log file
2016-03-17 21:52:39Z Query Stock_id is 3105 Program Start
2016-03-17 21:52:39Z Query Stock_id is 3105 Program END 

Create log file
2016-03-17 21:52:39Z Query Stock_id is 2354 Program Start
2016-03-17 21:52:39Z Query Stock_id is 2354 Program END 

Create log file
2016-03-17 21:52:39Z Query Stock_id is 4938 Program Start
2016-03-17 21:52:39Z Query Stock_id is 4938 Program END 

Create log file
2016-03-17 21:52:39Z Query Stock_id is 2834 Program Start
2016-03-17 21:52:39Z Query Stock_id is 2834 Program END 

Create log file
2016-03-17 21:52:40Z Query Stock_id is 1101 Program Start
2016-03-17 21:52:40Z Query Stock_id is 1101 Program END 

Create log file
2016-03-17 21:52:40Z Query Stock_id is 2892 Program Start
2016-03-17 21:52:40Z Query Stock_id is 2892 Program END 

Create log file
2016-03-17 21:52:40Z Query Stock_id is 3474 Program Start
2016-03-17 21:52:40Z Query Stock_id is 3474 Program END 

Create log file
2016-03-17 21:52:40Z Query Stock_id is 2449 Program Start
2016-03-17 21:52:40Z Query Stock_id is 2449 Program END 

Create log file
2016-03-17 22:01:14Z Send 國際股市==>  Program Start
2016-03-17 22:01:14Z Send 國際股市==>  Program END 

Create log file
2016-03-17 22:01:41Z Send 國際股市==>  Program Start
2016-03-17 22:01:41Z Send 國際股市==>  Program END 

