Create log file
2016-02-27 00:01:03Z Send 國際股市==>  Program Start
2016-02-27 00:01:03Z Send 國際股市==>  Program END 

Create log file
2016-02-27 00:23:30Z Query Stock_id is 3596 Program Start
2016-02-27 00:23:30Z Query Stock_id is 3596 Program END 

Create log file
2016-02-27 00:23:31Z Query Stock_id is 2002 Program Start
2016-02-27 00:23:31Z Query Stock_id is 2002 Program END 

Create log file
2016-02-27 00:23:31Z Query Stock_id is 2891 Program Start
2016-02-27 00:23:31Z Query Stock_id is 2891 Program END 

Create log file
2016-02-27 00:23:31Z Query Stock_id is 2449 Program Start
2016-02-27 00:23:31Z Query Stock_id is 2449 Program END 

Create log file
2016-02-27 00:23:31Z Query Stock_id is 3037 Program Start
2016-02-27 00:23:31Z Query Stock_id is 3037 Program END 

Create log file
2016-02-27 00:23:31Z Query Stock_id is 2421 Program Start
2016-02-27 00:23:31Z Query Stock_id is 2421 Program END 

Create log file
2016-02-27 00:23:32Z Query Stock_id is 2834 Program Start
2016-02-27 00:23:32Z Query Stock_id is 2834 Program END 

Create log file
2016-02-27 00:23:32Z Query Stock_id is 1303 Program Start
2016-02-27 00:23:32Z Query Stock_id is 1303 Program END 

Create log file
2016-02-27 00:23:32Z Query Stock_id is 5871 Program Start
2016-02-27 00:23:32Z Query Stock_id is 5871 Program END 

Create log file
2016-02-27 00:23:32Z Query Stock_id is 2311 Program Start
2016-02-27 00:23:32Z Query Stock_id is 2311 Program END 

Create log file
2016-02-27 00:23:32Z Query Stock_id is 2301 Program Start
2016-02-27 00:23:32Z Query Stock_id is 2301 Program END 

Create log file
2016-02-27 00:23:32Z Query Stock_id is 2892 Program Start
2016-02-27 00:23:32Z Query Stock_id is 2892 Program END 

Create log file
2016-02-27 00:23:32Z Query Stock_id is 5880 Program Start
2016-02-27 00:23:32Z Query Stock_id is 5880 Program END 

Create log file
2016-02-27 00:23:33Z Query Stock_id is 2883 Program Start
2016-02-27 00:23:33Z Query Stock_id is 2883 Program END 

Create log file
2016-02-27 00:23:33Z Query Stock_id is 2610 Program Start
2016-02-27 00:23:33Z Query Stock_id is 2610 Program END 

Create log file
2016-02-27 00:23:33Z Query Stock_id is 2344 Program Start
2016-02-27 00:23:33Z Query Stock_id is 2344 Program END 

Create log file
2016-02-27 00:23:33Z Query Stock_id is 3576 Program Start
2016-02-27 00:23:33Z Query Stock_id is 3576 Program END 

Create log file
2016-02-27 00:23:33Z Query Stock_id is 3041 Program Start
2016-02-27 00:23:33Z Query Stock_id is 3041 Program END 

Create log file
2016-02-27 00:23:34Z Query Stock_id is 6282 Program Start
2016-02-27 00:23:34Z Query Stock_id is 6282 Program END 

Create log file
2016-02-27 00:23:34Z Query Stock_id is 3682 Program Start
2016-02-27 00:23:34Z Query Stock_id is 3682 Program END 

Create log file
2016-02-27 00:23:34Z Query Stock_id is 2618 Program Start
2016-02-27 00:23:34Z Query Stock_id is 2618 Program END 

Create log file
2016-02-27 00:23:34Z Query Stock_id is 4904 Program Start
2016-02-27 00:23:34Z Query Stock_id is 4904 Program END 

Create log file
2016-02-27 00:23:34Z Query Stock_id is 2330 Program Start
2016-02-27 00:23:34Z Query Stock_id is 2330 Program END 

Create log file
2016-02-27 00:23:35Z Query Stock_id is 2409 Program Start
2016-02-27 00:23:35Z Query Stock_id is 2409 Program END 

Create log file
2016-02-27 01:01:03Z Send 國際股市==>  Program Start
2016-02-27 01:01:03Z Send 國際股市==>  Program END 

Create log file
2016-02-27 21:07:37Z Query Stock_id is 3596 Program Start
2016-02-27 21:07:37Z Query Stock_id is 3596 Program END 

Create log file
2016-02-27 21:07:38Z Query Stock_id is 2002 Program Start
2016-02-27 21:07:38Z Query Stock_id is 2002 Program END 

Create log file
2016-02-27 21:07:39Z Query Stock_id is 2891 Program Start
2016-02-27 21:07:39Z Query Stock_id is 2891 Program END 

Create log file
2016-02-27 21:07:40Z Query Stock_id is 2449 Program Start
2016-02-27 21:07:40Z Query Stock_id is 2449 Program END 

Create log file
2016-02-27 21:07:42Z Query Stock_id is 3037 Program Start
2016-02-27 21:07:42Z Query Stock_id is 3037 Program END 

Create log file
2016-02-27 21:07:43Z Query Stock_id is 2421 Program Start
2016-02-27 21:07:43Z Query Stock_id is 2421 Program END 

Create log file
2016-02-27 21:07:44Z Query Stock_id is 2834 Program Start
2016-02-27 21:07:44Z Query Stock_id is 2834 Program END 

Create log file
2016-02-27 21:07:47Z Query Stock_id is 1303 Program Start
2016-02-27 21:07:47Z Query Stock_id is 1303 Program END 

Create log file
2016-02-27 21:07:47Z Query Stock_id is 5871 Program Start
2016-02-27 21:07:47Z Query Stock_id is 5871 Program END 

Create log file
2016-02-27 21:07:49Z Query Stock_id is 2311 Program Start
2016-02-27 21:07:49Z Query Stock_id is 2311 Program END 

Create log file
2016-02-27 21:07:50Z Query Stock_id is 2301 Program Start
2016-02-27 21:07:50Z Query Stock_id is 2301 Program END 

Create log file
2016-02-27 21:07:51Z Query Stock_id is 2892 Program Start
2016-02-27 21:07:51Z Query Stock_id is 2892 Program END 

Create log file
2016-02-27 21:07:51Z Query Stock_id is 5880 Program Start
2016-02-27 21:07:51Z Query Stock_id is 5880 Program END 

Create log file
2016-02-27 21:07:52Z Query Stock_id is 2883 Program Start
2016-02-27 21:07:52Z Query Stock_id is 2883 Program END 

Create log file
2016-02-27 21:07:54Z Query Stock_id is 2610 Program Start
2016-02-27 21:07:54Z Query Stock_id is 2610 Program END 

Create log file
2016-02-27 21:07:55Z Query Stock_id is 2344 Program Start
2016-02-27 21:07:55Z Query Stock_id is 2344 Program END 

Create log file
2016-02-27 21:07:56Z Query Stock_id is 3576 Program Start
2016-02-27 21:07:56Z Query Stock_id is 3576 Program END 

Create log file
2016-02-27 21:07:56Z Query Stock_id is 3041 Program Start
2016-02-27 21:07:56Z Query Stock_id is 3041 Program END 

Create log file
2016-02-27 21:07:57Z Query Stock_id is 6282 Program Start
2016-02-27 21:07:57Z Query Stock_id is 6282 Program END 

Create log file
2016-02-27 21:07:58Z Query Stock_id is 3682 Program Start
2016-02-27 21:07:58Z Query Stock_id is 3682 Program END 

Create log file
2016-02-27 21:07:59Z Query Stock_id is 2618 Program Start
2016-02-27 21:07:59Z Query Stock_id is 2618 Program END 

Create log file
2016-02-27 21:08:00Z Query Stock_id is 4904 Program Start
2016-02-27 21:08:00Z Query Stock_id is 4904 Program END 

Create log file
2016-02-27 21:08:01Z Query Stock_id is 2330 Program Start
2016-02-27 21:08:01Z Query Stock_id is 2330 Program END 

Create log file
2016-02-27 21:08:02Z Query Stock_id is 2409 Program Start
2016-02-27 21:08:02Z Query Stock_id is 2409 Program END 

