Create log file
2017-07-20 00:01:02Z Send 國際股市==>  Program Start
2017-07-20 00:01:02Z Send 國際股市==>  Program END 

Create log file
2017-07-20 01:01:02Z Send 國際股市==>  Program Start
2017-07-20 01:01:02Z Send 國際股市==>  Program END 

Create log file
2017-07-20 08:01:03Z Send 國際股市==>  Program Start
2017-07-20 08:01:03Z Send 國際股市==>  Program END 

Create log file
2017-07-20 08:01:38Z Send 國際股市==>  Program Start
2017-07-20 08:01:38Z Send 國際股市==>  Program END 

Create log file
2017-07-20 08:02:06Z Send 國際股市==>  Program Start
2017-07-20 08:02:06Z Send 國際股市==>  Program END 

Create log file
2017-07-20 08:02:35Z Send 國際股市==>  Program Start
2017-07-20 08:02:35Z Send 國際股市==>  Program END 

Create log file
2017-07-20 09:01:03Z Send 國際股市==>  Program Start
2017-07-20 09:01:03Z Send 國際股市==>  Program END 

Create log file
2017-07-20 10:01:03Z Send 國際股市==>  Program Start
2017-07-20 10:01:03Z Send 國際股市==>  Program END 

Create log file
2017-07-20 11:01:03Z Send 國際股市==>  Program Start
2017-07-20 11:01:03Z Send 國際股市==>  Program END 

Create log file
2017-07-20 12:01:02Z Send 國際股市==>  Program Start
2017-07-20 12:01:02Z Send 國際股市==>  Program END 

Create log file
2017-07-20 13:01:03Z Send 國際股市==>  Program Start
2017-07-20 13:01:03Z Send 國際股市==>  Program END 

Create log file
2017-07-20 14:01:02Z Send 國際股市==>  Program Start
2017-07-20 14:01:02Z Send 國際股市==>  Program END 

Create log file
2017-07-20 15:01:03Z Send 國際股市==>  Program Start
2017-07-20 15:01:03Z Send 國際股市==>  Program END 

Create log file
2017-07-20 15:50:22Z option_insert_daily Program Start
2017-07-20 15:50:22Z option_insert_daily Program END 

Create log file
2017-07-20 15:55:26Z Send Option_OIV_daily Program Start
2017-07-20 15:55:26Z Send Option_OIV_daily Program END 

Create log file
2017-07-20 16:01:02Z Send 國際股市==>  Program Start
2017-07-20 16:01:02Z Send 國際股市==>  Program END 

Create log file
2017-07-20 17:01:02Z Send 國際股市==>  Program Start
2017-07-20 17:01:02Z Send 國際股市==>  Program END 

Create log file
2017-07-20 18:01:02Z Send 國際股市==>  Program Start
2017-07-20 18:01:02Z Send 國際股市==>  Program END 

Create log file
2017-07-20 18:01:38Z Send 國際股市==>  Program Start
2017-07-20 18:01:38Z Send 國際股市==>  Program END 

Create log file
2017-07-20 18:02:05Z Send 國際股市==>  Program Start
2017-07-20 18:02:05Z Send 國際股市==>  Program END 

Create log file
2017-07-20 18:02:37Z Send 國際股市==>  Program Start
2017-07-20 18:02:37Z Send 國際股市==>  Program END 

Create log file
2017-07-20 18:03:03Z Send 國際股市==>  Program Start
2017-07-20 18:03:03Z Send 國際股市==>  Program END 

Create log file
2017-07-20 19:01:03Z Send 國際股市==>  Program Start
2017-07-20 19:01:03Z Send 國際股市==>  Program END 

Create log file
2017-07-20 19:01:39Z Send 國際股市==>  Program Start
2017-07-20 19:01:39Z Send 國際股市==>  Program END 

Create log file
2017-07-20 19:02:10Z Send 國際股市==>  Program Start
2017-07-20 19:02:10Z Send 國際股市==>  Program END 

Create log file
2017-07-20 19:02:34Z Send 國際股市==>  Program Start
2017-07-20 19:02:34Z Send 國際股市==>  Program END 

Create log file
2017-07-20 19:03:00Z Send 國際股市==>  Program Start
2017-07-20 19:03:00Z Send 國際股市==>  Program END 

Create log file
2017-07-20 19:03:25Z Send 國際股市==>  Program Start
2017-07-20 19:03:25Z Send 國際股市==>  Program END 

Create log file
2017-07-20 19:03:54Z Send 國際股市==>  Program Start
2017-07-20 19:03:54Z Send 國際股市==>  Program END 

Create log file
2017-07-20 20:01:02Z Send 國際股市==>  Program Start
2017-07-20 20:01:02Z Send 國際股市==>  Program END 

Create log file
2017-07-20 20:20:09Z stock_data_insert_daily Program Start
2017-07-20 20:20:09Z stock_data_insert_daily Program END 

Create log file
2017-07-20 20:30:16Z Send 股市氣象台電子報-今日我最夯<==Strong_UP==>  Program Start
2017-07-20 20:30:16Z Send 股市氣象台電子報-今日我最夯<==Strong_UP==>  Program END 

Create log file
2017-07-20 21:01:03Z Send 國際股市==>  Program Start
2017-07-20 21:01:03Z Send 國際股市==>  Program END 

Create log file
2017-07-20 22:01:01Z Send 國際股市==>  Program Start
2017-07-20 22:01:01Z Send 國際股市==>  Program END 

Create log file
2017-07-20 22:01:37Z Send 國際股市==>  Program Start
2017-07-20 22:01:37Z Send 國際股市==>  Program END 

Create log file
2017-07-20 22:02:05Z Send 國際股市==>  Program Start
2017-07-20 22:02:05Z Send 國際股市==>  Program END 

Create log file
2017-07-20 23:01:01Z Send 國際股市==>  Program Start
2017-07-20 23:01:01Z Send 國際股市==>  Program END 

Create log file
2017-07-20 23:01:38Z Send 國際股市==>  Program Start
2017-07-20 23:01:38Z Send 國際股市==>  Program END 

