Create log file
2017-10-23 08:01:05Z Send 國際股市==>  Program Start
2017-10-23 08:01:05Z Send 國際股市==>  Program END 

Create log file
2017-10-23 08:01:42Z Send 國際股市==>  Program Start
2017-10-23 08:01:42Z Send 國際股市==>  Program END 

Create log file
2017-10-23 08:02:09Z Send 國際股市==>  Program Start
2017-10-23 08:02:09Z Send 國際股市==>  Program END 

Create log file
2017-10-23 08:02:37Z Send 國際股市==>  Program Start
2017-10-23 08:02:37Z Send 國際股市==>  Program END 

Create log file
2017-10-23 09:01:04Z Send 國際股市==>  Program Start
2017-10-23 09:01:04Z Send 國際股市==>  Program END 

Create log file
2017-10-23 10:01:03Z Send 國際股市==>  Program Start
2017-10-23 10:01:03Z Send 國際股市==>  Program END 

Create log file
2017-10-23 11:01:04Z Send 國際股市==>  Program Start
2017-10-23 11:01:04Z Send 國際股市==>  Program END 

Create log file
2017-10-23 12:01:05Z Send 國際股市==>  Program Start
2017-10-23 12:01:05Z Send 國際股市==>  Program END 

Create log file
2017-10-23 13:01:04Z Send 國際股市==>  Program Start
2017-10-23 13:01:04Z Send 國際股市==>  Program END 

Create log file
2017-10-23 14:01:04Z Send 國際股市==>  Program Start
2017-10-23 14:01:04Z Send 國際股市==>  Program END 

Create log file
2017-10-23 15:01:03Z Send 國際股市==>  Program Start
2017-10-23 15:01:03Z Send 國際股市==>  Program END 

Create log file
2017-10-23 15:50:21Z option_insert_daily Program Start
2017-10-23 15:50:21Z option_insert_daily Program END 

Create log file
2017-10-23 15:55:21Z Send Option_OIV_daily Program Start
2017-10-23 15:55:21Z Send Option_OIV_daily Program END 

Create log file
2017-10-23 16:01:04Z Send 國際股市==>  Program Start
2017-10-23 16:01:04Z Send 國際股市==>  Program END 

Create log file
2017-10-23 17:01:04Z Send 國際股市==>  Program Start
2017-10-23 17:01:04Z Send 國際股市==>  Program END 

Create log file
2017-10-23 18:01:04Z Send 國際股市==>  Program Start
2017-10-23 18:01:04Z Send 國際股市==>  Program END 

Create log file
2017-10-23 18:01:41Z Send 國際股市==>  Program Start
2017-10-23 18:01:41Z Send 國際股市==>  Program END 

Create log file
2017-10-23 18:02:06Z Send 國際股市==>  Program Start
2017-10-23 18:02:06Z Send 國際股市==>  Program END 

Create log file
2017-10-23 18:02:34Z Send 國際股市==>  Program Start
2017-10-23 18:02:34Z Send 國際股市==>  Program END 

Create log file
2017-10-23 18:02:57Z Send 國際股市==>  Program Start
2017-10-23 18:02:57Z Send 國際股市==>  Program END 

Create log file
2017-10-23 19:01:05Z Send 國際股市==>  Program Start
2017-10-23 19:01:05Z Send 國際股市==>  Program END 

Create log file
2017-10-23 19:01:40Z Send 國際股市==>  Program Start
2017-10-23 19:01:40Z Send 國際股市==>  Program END 

Create log file
2017-10-23 19:02:09Z Send 國際股市==>  Program Start
2017-10-23 19:02:09Z Send 國際股市==>  Program END 

Create log file
2017-10-23 19:02:32Z Send 國際股市==>  Program Start
2017-10-23 19:02:32Z Send 國際股市==>  Program END 

Create log file
2017-10-23 19:02:57Z Send 國際股市==>  Program Start
2017-10-23 19:02:57Z Send 國際股市==>  Program END 

Create log file
2017-10-23 19:03:21Z Send 國際股市==>  Program Start
2017-10-23 19:03:21Z Send 國際股市==>  Program END 

Create log file
2017-10-23 19:03:49Z Send 國際股市==>  Program Start
2017-10-23 19:03:49Z Send 國際股市==>  Program END 

Create log file
2017-10-23 20:01:04Z Send 國際股市==>  Program Start
2017-10-23 20:01:04Z Send 國際股市==>  Program END 

Create log file
2017-10-23 21:01:04Z Send 國際股市==>  Program Start
2017-10-23 21:01:04Z Send 國際股市==>  Program END 

Create log file
2017-10-23 22:01:04Z Send 國際股市==>  Program Start
2017-10-23 22:01:04Z Send 國際股市==>  Program END 

Create log file
2017-10-23 22:01:41Z Send 國際股市==>  Program Start
2017-10-23 22:01:41Z Send 國際股市==>  Program END 

Create log file
2017-10-23 22:02:09Z Send 國際股市==>  Program Start
2017-10-23 22:02:09Z Send 國際股市==>  Program END 

Create log file
2017-10-23 23:01:04Z Send 國際股市==>  Program Start
2017-10-23 23:01:04Z Send 國際股市==>  Program END 

