Create log file
2017-10-19 00:01:04Z Send 國際股市==>  Program Start
2017-10-19 00:01:04Z Send 國際股市==>  Program END 

Create log file
2017-10-19 01:01:03Z Send 國際股市==>  Program Start
2017-10-19 01:01:03Z Send 國際股市==>  Program END 

Create log file
2017-10-19 08:01:03Z Send 國際股市==>  Program Start
2017-10-19 08:01:03Z Send 國際股市==>  Program END 

Create log file
2017-10-19 08:01:40Z Send 國際股市==>  Program Start
2017-10-19 08:01:40Z Send 國際股市==>  Program END 

Create log file
2017-10-19 08:02:07Z Send 國際股市==>  Program Start
2017-10-19 08:02:07Z Send 國際股市==>  Program END 

Create log file
2017-10-19 08:02:34Z Send 國際股市==>  Program Start
2017-10-19 08:02:34Z Send 國際股市==>  Program END 

Create log file
2017-10-19 09:01:03Z Send 國際股市==>  Program Start
2017-10-19 09:01:03Z Send 國際股市==>  Program END 

Create log file
2017-10-19 10:01:04Z Send 國際股市==>  Program Start
2017-10-19 10:01:04Z Send 國際股市==>  Program END 

Create log file
2017-10-19 11:01:03Z Send 國際股市==>  Program Start
2017-10-19 11:01:03Z Send 國際股市==>  Program END 

Create log file
2017-10-19 12:01:04Z Send 國際股市==>  Program Start
2017-10-19 12:01:04Z Send 國際股市==>  Program END 

Create log file
2017-10-19 13:01:03Z Send 國際股市==>  Program Start
2017-10-19 13:01:03Z Send 國際股市==>  Program END 

Create log file
2017-10-19 14:01:03Z Send 國際股市==>  Program Start
2017-10-19 14:01:03Z Send 國際股市==>  Program END 

Create log file
2017-10-19 15:01:03Z Send 國際股市==>  Program Start
2017-10-19 15:01:03Z Send 國際股市==>  Program END 

Create log file
2017-10-19 15:50:21Z option_insert_daily Program Start
2017-10-19 15:50:21Z option_insert_daily Program END 

Create log file
2017-10-19 15:55:32Z Send Option_OIV_daily Program Start
2017-10-19 15:55:32Z Send Option_OIV_daily Program END 

Create log file
2017-10-19 16:01:04Z Send 國際股市==>  Program Start
2017-10-19 16:01:04Z Send 國際股市==>  Program END 

Create log file
2017-10-19 17:01:03Z Send 國際股市==>  Program Start
2017-10-19 17:01:03Z Send 國際股市==>  Program END 

Create log file
2017-10-19 18:01:04Z Send 國際股市==>  Program Start
2017-10-19 18:01:04Z Send 國際股市==>  Program END 

Create log file
2017-10-19 18:01:39Z Send 國際股市==>  Program Start
2017-10-19 18:01:39Z Send 國際股市==>  Program END 

Create log file
2017-10-19 18:02:05Z Send 國際股市==>  Program Start
2017-10-19 18:02:05Z Send 國際股市==>  Program END 

Create log file
2017-10-19 18:02:33Z Send 國際股市==>  Program Start
2017-10-19 18:02:33Z Send 國際股市==>  Program END 

Create log file
2017-10-19 18:02:56Z Send 國際股市==>  Program Start
2017-10-19 18:02:56Z Send 國際股市==>  Program END 

Create log file
2017-10-19 19:01:03Z Send 國際股市==>  Program Start
2017-10-19 19:01:03Z Send 國際股市==>  Program END 

Create log file
2017-10-19 19:01:37Z Send 國際股市==>  Program Start
2017-10-19 19:01:37Z Send 國際股市==>  Program END 

Create log file
2017-10-19 19:02:06Z Send 國際股市==>  Program Start
2017-10-19 19:02:06Z Send 國際股市==>  Program END 

Create log file
2017-10-19 19:02:28Z Send 國際股市==>  Program Start
2017-10-19 19:02:28Z Send 國際股市==>  Program END 

Create log file
2017-10-19 19:02:54Z Send 國際股市==>  Program Start
2017-10-19 19:02:54Z Send 國際股市==>  Program END 

Create log file
2017-10-19 19:03:17Z Send 國際股市==>  Program Start
2017-10-19 19:03:17Z Send 國際股市==>  Program END 

Create log file
2017-10-19 19:03:45Z Send 國際股市==>  Program Start
2017-10-19 19:03:45Z Send 國際股市==>  Program END 

Create log file
2017-10-19 20:01:03Z Send 國際股市==>  Program Start
2017-10-19 20:01:03Z Send 國際股市==>  Program END 

Create log file
2017-10-19 21:01:04Z Send 國際股市==>  Program Start
2017-10-19 21:01:04Z Send 國際股市==>  Program END 

Create log file
2017-10-19 22:01:01Z Send 國際股市==>  Program Start
2017-10-19 22:01:01Z Send 國際股市==>  Program END 

Create log file
2017-10-19 22:01:38Z Send 國際股市==>  Program Start
2017-10-19 22:01:38Z Send 國際股市==>  Program END 

Create log file
2017-10-19 22:02:06Z Send 國際股市==>  Program Start
2017-10-19 22:02:06Z Send 國際股市==>  Program END 

Create log file
2017-10-19 23:01:02Z Send 國際股市==>  Program Start
2017-10-19 23:01:02Z Send 國際股市==>  Program END 

Create log file
2017-10-19 23:01:38Z Send 國際股市==>  Program Start
2017-10-19 23:01:38Z Send 國際股市==>  Program END 

