Create log file
2017-10-03 00:01:10Z Send 國際股市==>  Program Start
2017-10-03 00:01:10Z Send 國際股市==>  Program END 

Create log file
2017-10-03 01:01:05Z Send 國際股市==>  Program Start
2017-10-03 01:01:05Z Send 國際股市==>  Program END 

Create log file
2017-10-03 08:01:06Z Send 國際股市==>  Program Start
2017-10-03 08:01:06Z Send 國際股市==>  Program END 

Create log file
2017-10-03 08:01:43Z Send 國際股市==>  Program Start
2017-10-03 08:01:43Z Send 國際股市==>  Program END 

Create log file
2017-10-03 08:02:10Z Send 國際股市==>  Program Start
2017-10-03 08:02:10Z Send 國際股市==>  Program END 

Create log file
2017-10-03 08:02:37Z Send 國際股市==>  Program Start
2017-10-03 08:02:37Z Send 國際股市==>  Program END 

Create log file
2017-10-03 09:01:06Z Send 國際股市==>  Program Start
2017-10-03 09:01:06Z Send 國際股市==>  Program END 

Create log file
2017-10-03 10:01:06Z Send 國際股市==>  Program Start
2017-10-03 10:01:06Z Send 國際股市==>  Program END 

Create log file
2017-10-03 11:01:05Z Send 國際股市==>  Program Start
2017-10-03 11:01:05Z Send 國際股市==>  Program END 

Create log file
2017-10-03 12:01:05Z Send 國際股市==>  Program Start
2017-10-03 12:01:05Z Send 國際股市==>  Program END 

Create log file
2017-10-03 13:01:07Z Send 國際股市==>  Program Start
2017-10-03 13:01:07Z Send 國際股市==>  Program END 

Create log file
2017-10-03 14:01:06Z Send 國際股市==>  Program Start
2017-10-03 14:01:06Z Send 國際股市==>  Program END 

Create log file
2017-10-03 15:01:06Z Send 國際股市==>  Program Start
2017-10-03 15:01:06Z Send 國際股市==>  Program END 

Create log file
2017-10-03 15:50:26Z option_insert_daily Program Start
2017-10-03 15:50:26Z option_insert_daily Program END 

Create log file
2017-10-03 16:01:06Z Send 國際股市==>  Program Start
2017-10-03 16:01:06Z Send 國際股市==>  Program END 

Create log file
2017-10-03 17:01:07Z Send 國際股市==>  Program Start
2017-10-03 17:01:07Z Send 國際股市==>  Program END 

Create log file
2017-10-03 18:01:08Z Send 國際股市==>  Program Start
2017-10-03 18:01:08Z Send 國際股市==>  Program END 

Create log file
2017-10-03 18:01:43Z Send 國際股市==>  Program Start
2017-10-03 18:01:43Z Send 國際股市==>  Program END 

Create log file
2017-10-03 18:02:09Z Send 國際股市==>  Program Start
2017-10-03 18:02:09Z Send 國際股市==>  Program END 

Create log file
2017-10-03 18:02:36Z Send 國際股市==>  Program Start
2017-10-03 18:02:36Z Send 國際股市==>  Program END 

Create log file
2017-10-03 18:02:59Z Send 國際股市==>  Program Start
2017-10-03 18:02:59Z Send 國際股市==>  Program END 

Create log file
2017-10-03 19:01:07Z Send 國際股市==>  Program Start
2017-10-03 19:01:07Z Send 國際股市==>  Program END 

Create log file
2017-10-03 19:01:43Z Send 國際股市==>  Program Start
2017-10-03 19:01:43Z Send 國際股市==>  Program END 

Create log file
2017-10-03 19:02:06Z Send 國際股市==>  Program Start
2017-10-03 19:02:06Z Send 國際股市==>  Program END 

Create log file
2017-10-03 19:02:29Z Send 國際股市==>  Program Start
2017-10-03 19:02:29Z Send 國際股市==>  Program END 

Create log file
2017-10-03 20:01:02Z Send 國際股市==>  Program Start
2017-10-03 20:01:02Z Send 國際股市==>  Program END 

Create log file
2017-10-03 21:01:05Z Send 國際股市==>  Program Start
2017-10-03 21:01:05Z Send 國際股市==>  Program END 

Create log file
2017-10-03 22:01:02Z Send 國際股市==>  Program Start
2017-10-03 22:01:02Z Send 國際股市==>  Program END 

Create log file
2017-10-03 22:01:26Z Send 國際股市==>  Program Start
2017-10-03 22:01:26Z Send 國際股市==>  Program END 

Create log file
2017-10-03 22:01:54Z Send 國際股市==>  Program Start
2017-10-03 22:01:54Z Send 國際股市==>  Program END 

Create log file
2017-10-03 23:01:02Z Send 國際股市==>  Program Start
2017-10-03 23:01:02Z Send 國際股市==>  Program END 

Create log file
2017-10-03 23:01:38Z Send 國際股市==>  Program Start
2017-10-03 23:01:38Z Send 國際股市==>  Program END 

