Create log file
2017-06-15 00:01:03Z Send 國際股市==>  Program Start
2017-06-15 00:01:03Z Send 國際股市==>  Program END 

Create log file
2017-06-15 01:01:27Z Send 國際股市==>  Program Start
2017-06-15 01:01:27Z Send 國際股市==>  Program END 

Create log file
2017-06-15 08:01:02Z Send 國際股市==>  Program Start
2017-06-15 08:01:02Z Send 國際股市==>  Program END 

Create log file
2017-06-15 08:22:47Z Query Stock_id is 2474 Program Start
2017-06-15 08:22:47Z Query Stock_id is 2474 Program END 

Create log file
2017-06-15 08:22:47Z Query Stock_id is 2881 Program Start
2017-06-15 08:22:47Z Query Stock_id is 2881 Program END 

Create log file
2017-06-15 08:22:48Z Query Stock_id is 2890 Program Start
2017-06-15 08:22:48Z Query Stock_id is 2890 Program END 

Create log file
2017-06-15 08:22:48Z Query Stock_id is 2610 Program Start
2017-06-15 08:22:48Z Query Stock_id is 2610 Program END 

Create log file
2017-06-15 08:22:48Z Query Stock_id is 6176 Program Start
2017-06-15 08:22:48Z Query Stock_id is 6176 Program END 

Create log file
2017-06-15 08:22:49Z Query Stock_id is 2303 Program Start
2017-06-15 08:22:49Z Query Stock_id is 2303 Program END 

Create log file
2017-06-15 08:22:49Z Query Stock_id is 6269 Program Start
2017-06-15 08:22:49Z Query Stock_id is 6269 Program END 

Create log file
2017-06-15 08:22:50Z Query Stock_id is 2330 Program Start
2017-06-15 08:22:50Z Query Stock_id is 2330 Program END 

Create log file
2017-06-15 08:22:50Z Query Stock_id is 2882 Program Start
2017-06-15 08:22:50Z Query Stock_id is 2882 Program END 

Create log file
2017-06-15 08:22:50Z Query Stock_id is 2345 Program Start
2017-06-15 08:22:50Z Query Stock_id is 2345 Program END 

Create log file
2017-06-15 08:22:51Z Query Stock_id is 5014 Program Start
2017-06-15 08:22:51Z Query Stock_id is 5014 Program END 

Create log file
2017-06-15 08:22:51Z Query Stock_id is 2337 Program Start
2017-06-15 08:22:51Z Query Stock_id is 2337 Program END 

Create log file
2017-06-15 08:46:20Z Query Stock_id is 2474 Program Start
2017-06-15 08:46:20Z Query Stock_id is 2474 Program END 

Create log file
2017-06-15 08:46:20Z Query Stock_id is 2881 Program Start
2017-06-15 08:46:20Z Query Stock_id is 2881 Program END 

Create log file
2017-06-15 08:46:21Z Query Stock_id is 2890 Program Start
2017-06-15 08:46:21Z Query Stock_id is 2890 Program END 

Create log file
2017-06-15 08:46:22Z Query Stock_id is 2610 Program Start
2017-06-15 08:46:22Z Query Stock_id is 2610 Program END 

Create log file
2017-06-15 08:46:22Z Query Stock_id is 6176 Program Start
2017-06-15 08:46:22Z Query Stock_id is 6176 Program END 

Create log file
2017-06-15 08:46:22Z Query Stock_id is 2303 Program Start
2017-06-15 08:46:22Z Query Stock_id is 2303 Program END 

Create log file
2017-06-15 08:46:23Z Query Stock_id is 6269 Program Start
2017-06-15 08:46:23Z Query Stock_id is 6269 Program END 

Create log file
2017-06-15 08:46:23Z Query Stock_id is 2330 Program Start
2017-06-15 08:46:23Z Query Stock_id is 2330 Program END 

Create log file
2017-06-15 08:46:24Z Query Stock_id is 2882 Program Start
2017-06-15 08:46:24Z Query Stock_id is 2882 Program END 

Create log file
2017-06-15 08:46:24Z Query Stock_id is 2345 Program Start
2017-06-15 08:46:24Z Query Stock_id is 2345 Program END 

Create log file
2017-06-15 08:46:24Z Query Stock_id is 5014 Program Start
2017-06-15 08:46:24Z Query Stock_id is 5014 Program END 

Create log file
2017-06-15 08:46:25Z Query Stock_id is 2337 Program Start
2017-06-15 08:46:25Z Query Stock_id is 2337 Program END 

Create log file
2017-06-15 09:01:02Z Send 國際股市==>  Program Start
2017-06-15 09:01:02Z Send 國際股市==>  Program END 

Create log file
2017-06-15 10:01:02Z Send 國際股市==>  Program Start
2017-06-15 10:01:02Z Send 國際股市==>  Program END 

Create log file
2017-06-15 11:01:02Z Send 國際股市==>  Program Start
2017-06-15 11:01:02Z Send 國際股市==>  Program END 

Create log file
2017-06-15 12:01:01Z Send 國際股市==>  Program Start
2017-06-15 12:01:01Z Send 國際股市==>  Program END 

Create log file
2017-06-15 13:01:01Z Send 國際股市==>  Program Start
2017-06-15 13:01:01Z Send 國際股市==>  Program END 

Create log file
2017-06-15 14:01:01Z Send 國際股市==>  Program Start
2017-06-15 14:01:01Z Send 國際股市==>  Program END 

Create log file
2017-06-15 15:01:01Z Send 國際股市==>  Program Start
2017-06-15 15:01:01Z Send 國際股市==>  Program END 

Create log file
2017-06-15 15:50:22Z option_insert_daily Program Start
2017-06-15 15:50:22Z option_insert_daily Program END 

Create log file
2017-06-15 16:01:01Z Send 國際股市==>  Program Start
2017-06-15 16:01:01Z Send 國際股市==>  Program END 

Create log file
2017-06-15 17:01:01Z Send 國際股市==>  Program Start
2017-06-15 17:01:01Z Send 國際股市==>  Program END 

Create log file
2017-06-15 18:01:01Z Send 國際股市==>  Program Start
2017-06-15 18:01:01Z Send 國際股市==>  Program END 

Create log file
2017-06-15 19:01:01Z Send 國際股市==>  Program Start
2017-06-15 19:01:01Z Send 國際股市==>  Program END 

Create log file
2017-06-15 20:01:01Z Send 國際股市==>  Program Start
2017-06-15 20:01:01Z Send 國際股市==>  Program END 

Create log file
2017-06-15 20:20:08Z stock_data_insert_daily Program Start
2017-06-15 20:20:08Z stock_data_insert_daily Program END 

Create log file
2017-06-15 20:28:14Z Send 國際股市==>  Program Start
2017-06-15 20:28:14Z Send 國際股市==>  Program END 

Create log file
2017-06-15 18:29:48Z Send 國際股市==>  Program Start
2017-06-15 18:29:48Z Send 國際股市==>  Program END 

Create log file
2017-06-15 18:33:09Z Send 國際股市==>  Program Start
2017-06-15 18:33:09Z Send 國際股市==>  Program END 

Create log file
2017-06-15 18:34:41Z Send 國際股市==>  Program Start
2017-06-15 18:34:41Z Send 國際股市==>  Program END 

Create log file
2017-06-15 18:35:02Z Send 國際股市==>  Program Start
2017-06-15 18:35:02Z Send 國際股市==>  Program END 

Create log file
2017-06-15 18:35:26Z Send 國際股市==>  Program Start
2017-06-15 18:35:26Z Send 國際股市==>  Program END 

Create log file
2017-06-15 18:35:50Z Send 國際股市==>  Program Start
2017-06-15 18:35:50Z Send 國際股市==>  Program END 

Create log file
2017-06-15 18:37:03Z Send 國際股市==>  Program Start
2017-06-15 18:37:03Z Send 國際股市==>  Program END 

Create log file
2017-06-15 18:39:30Z Send 國際股市==>  Program Start
2017-06-15 18:39:30Z Send 國際股市==>  Program END 

Create log file
2017-06-15 18:40:36Z Send 國際股市==>  Program Start
2017-06-15 18:40:36Z Send 國際股市==>  Program END 

Create log file
2017-06-15 18:44:57Z Send 國際股市==>  Program Start
2017-06-15 18:44:57Z Send 國際股市==>  Program END 

Create log file
2017-06-15 18:48:36Z Send 國際股市==>  Program Start
2017-06-15 18:48:36Z Send 國際股市==>  Program END 

Create log file
2017-06-15 18:51:13Z Send 國際股市==>  Program Start
2017-06-15 18:51:13Z Send 國際股市==>  Program END 

Create log file
2017-06-15 18:53:47Z Send 國際股市==>  Program Start
2017-06-15 18:53:47Z Send 國際股市==>  Program END 

Create log file
2017-06-15 18:55:42Z Send 國際股市==>  Program Start
2017-06-15 18:55:42Z Send 國際股市==>  Program END 

Create log file
2017-06-15 18:57:49Z Send 國際股市==>  Program Start
2017-06-15 18:57:49Z Send 國際股市==>  Program END 

Create log file
2017-06-15 18:58:13Z Send 國際股市==>  Program Start
2017-06-15 18:58:13Z Send 國際股市==>  Program END 

Create log file
2017-06-15 18:58:40Z Send 國際股市==>  Program Start
2017-06-15 18:58:40Z Send 國際股市==>  Program END 

Create log file
2017-06-15 18:59:08Z Send 國際股市==>  Program Start
2017-06-15 18:59:08Z Send 國際股市==>  Program END 

Create log file
2017-06-15 18:59:36Z Send 國際股市==>  Program Start
2017-06-15 18:59:36Z Send 國際股市==>  Program END 

Create log file
2017-06-15 19:01:01Z Send 國際股市==>  Program Start
2017-06-15 19:01:01Z Send 國際股市==>  Program END 

Create log file
2017-06-15 19:01:24Z Send 國際股市==>  Program Start
2017-06-15 19:01:24Z Send 國際股市==>  Program END 

Create log file
2017-06-15 19:01:55Z Send 國際股市==>  Program Start
2017-06-15 19:01:55Z Send 國際股市==>  Program END 

Create log file
2017-06-15 19:02:18Z Send 國際股市==>  Program Start
2017-06-15 19:02:18Z Send 國際股市==>  Program END 

Create log file
2017-06-15 19:02:44Z Send 國際股市==>  Program Start
2017-06-15 19:02:44Z Send 國際股市==>  Program END 

Create log file
2017-06-15 19:03:09Z Send 國際股市==>  Program Start
2017-06-15 19:03:09Z Send 國際股市==>  Program END 

Create log file
2017-06-15 19:03:37Z Send 國際股市==>  Program Start
2017-06-15 19:03:37Z Send 國際股市==>  Program END 

Create log file
2017-06-15 19:07:46Z Query Stock_id is 2882 Program Start
2017-06-15 19:07:46Z Query Stock_id is 2882 Program END 

Create log file
2017-06-15 19:07:47Z Query Stock_id is 2330 Program Start
2017-06-15 19:07:47Z Query Stock_id is 2330 Program END 

Create log file
2017-06-15 19:07:47Z Query Stock_id is 5014 Program Start
2017-06-15 19:07:47Z Query Stock_id is 5014 Program END 

Create log file
2017-06-15 19:07:48Z Query Stock_id is 2303 Program Start
2017-06-15 19:07:48Z Query Stock_id is 2303 Program END 

Create log file
2017-06-15 19:07:48Z Query Stock_id is 6176 Program Start
2017-06-15 19:07:48Z Query Stock_id is 6176 Program END 

Create log file
2017-06-15 19:07:48Z Query Stock_id is 2881 Program Start
2017-06-15 19:07:48Z Query Stock_id is 2881 Program END 

Create log file
2017-06-15 19:07:49Z Query Stock_id is 2345 Program Start
2017-06-15 19:07:49Z Query Stock_id is 2345 Program END 

Create log file
2017-06-15 19:07:49Z Query Stock_id is 2890 Program Start
2017-06-15 19:07:49Z Query Stock_id is 2890 Program END 

Create log file
2017-06-15 19:07:50Z Query Stock_id is 2337 Program Start
2017-06-15 19:07:50Z Query Stock_id is 2337 Program END 

Create log file
2017-06-15 19:07:50Z Query Stock_id is 2474 Program Start
2017-06-15 19:07:50Z Query Stock_id is 2474 Program END 

Create log file
2017-06-15 19:07:50Z Query Stock_id is 2881 Program Start
2017-06-15 19:07:50Z Query Stock_id is 2881 Program END 

Create log file
2017-06-15 19:07:51Z Query Stock_id is 2890 Program Start
2017-06-15 19:07:51Z Query Stock_id is 2890 Program END 

Create log file
2017-06-15 19:07:51Z Query Stock_id is 2610 Program Start
2017-06-15 19:07:51Z Query Stock_id is 2610 Program END 

Create log file
2017-06-15 19:07:51Z Query Stock_id is 6176 Program Start
2017-06-15 19:07:51Z Query Stock_id is 6176 Program END 

Create log file
2017-06-15 19:07:52Z Query Stock_id is 2303 Program Start
2017-06-15 19:07:52Z Query Stock_id is 2303 Program END 

Create log file
2017-06-15 19:07:52Z Query Stock_id is 6269 Program Start
2017-06-15 19:07:52Z Query Stock_id is 6269 Program END 

Create log file
2017-06-15 19:07:53Z Query Stock_id is 2330 Program Start
2017-06-15 19:07:53Z Query Stock_id is 2330 Program END 

Create log file
2017-06-15 19:07:53Z Query Stock_id is 2882 Program Start
2017-06-15 19:07:53Z Query Stock_id is 2882 Program END 

Create log file
2017-06-15 19:07:53Z Query Stock_id is 2345 Program Start
2017-06-15 19:07:53Z Query Stock_id is 2345 Program END 

Create log file
2017-06-15 19:07:54Z Query Stock_id is 5014 Program Start
2017-06-15 19:07:54Z Query Stock_id is 5014 Program END 

Create log file
2017-06-15 19:07:54Z Query Stock_id is 2337 Program Start
2017-06-15 19:07:54Z Query Stock_id is 2337 Program END 

Create log file
2017-06-15 21:49:16Z Send 股市氣象台電子報-今日我最夯<==Strong_UP==>  Program Start
2017-06-15 21:49:16Z Send 股市氣象台電子報-今日我最夯<==Strong_UP==>  Program END 

Create log file
2017-06-15 21:53:54Z Send 股市氣象台電子報-今日我最夯<==Strong_UP==>  Program Start
2017-06-15 21:53:54Z Send 股市氣象台電子報-今日我最夯<==Strong_UP==>  Program END 

Create log file
2017-06-15 21:56:07Z Send 股市氣象台電子報-今日我最夯<==Strong_UP==>  Program Start
2017-06-15 21:56:07Z Send 股市氣象台電子報-今日我最夯<==Strong_UP==>  Program END 

Create log file
2017-06-15 22:01:03Z Send 國際股市==>  Program Start
2017-06-15 22:01:03Z Send 國際股市==>  Program END 

Create log file
2017-06-15 22:01:38Z Send 國際股市==>  Program Start
2017-06-15 22:01:38Z Send 國際股市==>  Program END 

Create log file
2017-06-15 22:02:05Z Send 國際股市==>  Program Start
2017-06-15 22:02:05Z Send 國際股市==>  Program END 

Create log file
2017-06-15 23:01:02Z Send 國際股市==>  Program Start
2017-06-15 23:01:02Z Send 國際股市==>  Program END 

Create log file
2017-06-15 23:01:38Z Send 國際股市==>  Program Start
2017-06-15 23:01:38Z Send 國際股市==>  Program END 

