Create log file
2017-10-10 00:01:04Z Send 國際股市==>  Program Start
2017-10-10 00:01:04Z Send 國際股市==>  Program END 

Create log file
2017-10-10 01:01:02Z Send 國際股市==>  Program Start
2017-10-10 01:01:02Z Send 國際股市==>  Program END 

Create log file
2017-10-10 08:01:04Z Send 國際股市==>  Program Start
2017-10-10 08:01:04Z Send 國際股市==>  Program END 

Create log file
2017-10-10 08:01:40Z Send 國際股市==>  Program Start
2017-10-10 08:01:40Z Send 國際股市==>  Program END 

Create log file
2017-10-10 08:02:07Z Send 國際股市==>  Program Start
2017-10-10 08:02:07Z Send 國際股市==>  Program END 

Create log file
2017-10-10 08:02:36Z Send 國際股市==>  Program Start
2017-10-10 08:02:36Z Send 國際股市==>  Program END 

Create log file
2017-10-10 09:01:03Z Send 國際股市==>  Program Start
2017-10-10 09:01:03Z Send 國際股市==>  Program END 

Create log file
2017-10-10 10:01:03Z Send 國際股市==>  Program Start
2017-10-10 10:01:03Z Send 國際股市==>  Program END 

Create log file
2017-10-10 11:01:03Z Send 國際股市==>  Program Start
2017-10-10 11:01:03Z Send 國際股市==>  Program END 

Create log file
2017-10-10 12:01:03Z Send 國際股市==>  Program Start
2017-10-10 12:01:03Z Send 國際股市==>  Program END 

Create log file
2017-10-10 13:01:03Z Send 國際股市==>  Program Start
2017-10-10 13:01:03Z Send 國際股市==>  Program END 

Create log file
2017-10-10 14:01:03Z Send 國際股市==>  Program Start
2017-10-10 14:01:03Z Send 國際股市==>  Program END 

Create log file
2017-10-10 15:01:03Z Send 國際股市==>  Program Start
2017-10-10 15:01:03Z Send 國際股市==>  Program END 

Create log file
2017-10-10 15:50:22Z option_insert_daily Program Start
2017-10-10 15:50:22Z option_insert_daily Program END 

Create log file
2017-10-10 15:55:39Z Send Option_OIV_daily Program Start
2017-10-10 15:55:39Z Send Option_OIV_daily Program END 

Create log file
2017-10-10 16:01:01Z Send 國際股市==>  Program Start
2017-10-10 16:01:01Z Send 國際股市==>  Program END 

Create log file
2017-10-10 17:01:01Z Send 國際股市==>  Program Start
2017-10-10 17:01:01Z Send 國際股市==>  Program END 

Create log file
2017-10-10 18:01:01Z Send 國際股市==>  Program Start
2017-10-10 18:01:01Z Send 國際股市==>  Program END 

Create log file
2017-10-10 18:01:37Z Send 國際股市==>  Program Start
2017-10-10 18:01:37Z Send 國際股市==>  Program END 

Create log file
2017-10-10 18:02:03Z Send 國際股市==>  Program Start
2017-10-10 18:02:03Z Send 國際股市==>  Program END 

Create log file
2017-10-10 18:02:30Z Send 國際股市==>  Program Start
2017-10-10 18:02:30Z Send 國際股市==>  Program END 

Create log file
2017-10-10 18:02:53Z Send 國際股市==>  Program Start
2017-10-10 18:02:53Z Send 國際股市==>  Program END 

Create log file
2017-10-10 19:01:01Z Send 國際股市==>  Program Start
2017-10-10 19:01:01Z Send 國際股市==>  Program END 

Create log file
2017-10-10 19:01:38Z Send 國際股市==>  Program Start
2017-10-10 19:01:38Z Send 國際股市==>  Program END 

Create log file
2017-10-10 19:02:07Z Send 國際股市==>  Program Start
2017-10-10 19:02:07Z Send 國際股市==>  Program END 

Create log file
2017-10-10 19:02:29Z Send 國際股市==>  Program Start
2017-10-10 19:02:29Z Send 國際股市==>  Program END 

Create log file
2017-10-10 19:02:54Z Send 國際股市==>  Program Start
2017-10-10 19:02:54Z Send 國際股市==>  Program END 

Create log file
2017-10-10 19:03:17Z Send 國際股市==>  Program Start
2017-10-10 19:03:17Z Send 國際股市==>  Program END 

Create log file
2017-10-10 19:03:45Z Send 國際股市==>  Program Start
2017-10-10 19:03:45Z Send 國際股市==>  Program END 

Create log file
2017-10-10 20:01:01Z Send 國際股市==>  Program Start
2017-10-10 20:01:01Z Send 國際股市==>  Program END 

Create log file
2017-10-10 21:01:01Z Send 國際股市==>  Program Start
2017-10-10 21:01:01Z Send 國際股市==>  Program END 

Create log file
2017-10-10 22:01:01Z Send 國際股市==>  Program Start
2017-10-10 22:01:01Z Send 國際股市==>  Program END 

Create log file
2017-10-10 22:01:39Z Send 國際股市==>  Program Start
2017-10-10 22:01:39Z Send 國際股市==>  Program END 

Create log file
2017-10-10 22:02:08Z Send 國際股市==>  Program Start
2017-10-10 22:02:08Z Send 國際股市==>  Program END 

Create log file
2017-10-10 23:01:02Z Send 國際股市==>  Program Start
2017-10-10 23:01:02Z Send 國際股市==>  Program END 

Create log file
2017-10-10 23:01:40Z Send 國際股市==>  Program Start
2017-10-10 23:01:40Z Send 國際股市==>  Program END 

