Create log file
2017-06-29 00:01:03Z Send 國際股市==>  Program Start
2017-06-29 00:01:03Z Send 國際股市==>  Program END 

Create log file
2017-06-29 01:01:03Z Send 國際股市==>  Program Start
2017-06-29 01:01:03Z Send 國際股市==>  Program END 

Create log file
2017-06-29 08:01:02Z Send 國際股市==>  Program Start
2017-06-29 08:01:02Z Send 國際股市==>  Program END 

Create log file
2017-06-29 08:01:37Z Send 國際股市==>  Program Start
2017-06-29 08:01:37Z Send 國際股市==>  Program END 

Create log file
2017-06-29 08:02:05Z Send 國際股市==>  Program Start
2017-06-29 08:02:05Z Send 國際股市==>  Program END 

Create log file
2017-06-29 08:02:34Z Send 國際股市==>  Program Start
2017-06-29 08:02:34Z Send 國際股市==>  Program END 

Create log file
2017-06-29 09:01:02Z Send 國際股市==>  Program Start
2017-06-29 09:01:02Z Send 國際股市==>  Program END 

Create log file
2017-06-29 10:01:02Z Send 國際股市==>  Program Start
2017-06-29 10:01:02Z Send 國際股市==>  Program END 

Create log file
2017-06-29 11:01:02Z Send 國際股市==>  Program Start
2017-06-29 11:01:02Z Send 國際股市==>  Program END 

Create log file
2017-06-29 12:01:02Z Send 國際股市==>  Program Start
2017-06-29 12:01:02Z Send 國際股市==>  Program END 

Create log file
2017-06-29 13:01:02Z Send 國際股市==>  Program Start
2017-06-29 13:01:02Z Send 國際股市==>  Program END 

Create log file
2017-06-29 14:01:03Z Send 國際股市==>  Program Start
2017-06-29 14:01:03Z Send 國際股市==>  Program END 

Create log file
2017-06-29 14:34:15Z Query Stock_id is 2303 Program Start
2017-06-29 14:34:15Z Query Stock_id is 2303 Program END 

Create log file
2017-06-29 14:34:16Z Query Stock_id is 2890 Program Start
2017-06-29 14:34:16Z Query Stock_id is 2890 Program END 

Create log file
2017-06-29 14:34:16Z Query Stock_id is 2337 Program Start
2017-06-29 14:34:16Z Query Stock_id is 2337 Program END 

Create log file
2017-06-29 14:34:17Z Query Stock_id is 2610 Program Start
2017-06-29 14:34:17Z Query Stock_id is 2610 Program END 

Create log file
2017-06-29 14:34:17Z Query Stock_id is 2882 Program Start
2017-06-29 14:34:17Z Query Stock_id is 2882 Program END 

Create log file
2017-06-29 14:34:18Z Query Stock_id is 6488 Program Start
2017-06-29 14:34:18Z Query Stock_id is 6488 Program END 

Create log file
2017-06-29 14:34:18Z Query Stock_id is 6269 Program Start
2017-06-29 14:34:18Z Query Stock_id is 6269 Program END 

Create log file
2017-06-29 14:34:18Z Query Stock_id is 4938 Program Start
2017-06-29 14:34:18Z Query Stock_id is 4938 Program END 

Create log file
2017-06-29 14:34:19Z Query Stock_id is 2881 Program Start
2017-06-29 14:34:19Z Query Stock_id is 2881 Program END 

Create log file
2017-06-29 14:34:19Z Query Stock_id is 2345 Program Start
2017-06-29 14:34:19Z Query Stock_id is 2345 Program END 

Create log file
2017-06-29 14:34:20Z Query Stock_id is 2330 Program Start
2017-06-29 14:34:20Z Query Stock_id is 2330 Program END 

Create log file
2017-06-29 14:42:24Z Query Stock_id is 2303 Program Start
2017-06-29 14:42:24Z Query Stock_id is 2303 Program END 

Create log file
2017-06-29 14:42:27Z Query Stock_id is 2890 Program Start
2017-06-29 14:42:27Z Query Stock_id is 2890 Program END 

Create log file
2017-06-29 14:42:27Z Query Stock_id is 2337 Program Start
2017-06-29 14:42:27Z Query Stock_id is 2337 Program END 

Create log file
2017-06-29 14:42:28Z Query Stock_id is 2610 Program Start
2017-06-29 14:42:28Z Query Stock_id is 2610 Program END 

Create log file
2017-06-29 14:42:28Z Query Stock_id is 2882 Program Start
2017-06-29 14:42:28Z Query Stock_id is 2882 Program END 

Create log file
2017-06-29 14:42:28Z Query Stock_id is 6488 Program Start
2017-06-29 14:42:28Z Query Stock_id is 6488 Program END 

Create log file
2017-06-29 14:42:29Z Query Stock_id is 6269 Program Start
2017-06-29 14:42:29Z Query Stock_id is 6269 Program END 

Create log file
2017-06-29 14:42:29Z Query Stock_id is 4938 Program Start
2017-06-29 14:42:29Z Query Stock_id is 4938 Program END 

Create log file
2017-06-29 14:42:30Z Query Stock_id is 2881 Program Start
2017-06-29 14:42:30Z Query Stock_id is 2881 Program END 

Create log file
2017-06-29 14:42:30Z Query Stock_id is 2345 Program Start
2017-06-29 14:42:30Z Query Stock_id is 2345 Program END 

Create log file
2017-06-29 14:42:30Z Query Stock_id is 2330 Program Start
2017-06-29 14:42:30Z Query Stock_id is 2330 Program END 

Create log file
2017-06-29 15:01:02Z Send 國際股市==>  Program Start
2017-06-29 15:01:02Z Send 國際股市==>  Program END 

Create log file
2017-06-29 15:50:22Z option_insert_daily Program Start
2017-06-29 15:50:22Z option_insert_daily Program END 

Create log file
2017-06-29 15:55:22Z Send Option_OIV_daily Program Start
2017-06-29 15:55:22Z Send Option_OIV_daily Program END 

Create log file
2017-06-29 16:01:02Z Send 國際股市==>  Program Start
2017-06-29 16:01:02Z Send 國際股市==>  Program END 

Create log file
2017-06-29 17:01:02Z Send 國際股市==>  Program Start
2017-06-29 17:01:02Z Send 國際股市==>  Program END 

Create log file
2017-06-29 18:01:01Z Send 國際股市==>  Program Start
2017-06-29 18:01:01Z Send 國際股市==>  Program END 

Create log file
2017-06-29 19:01:01Z Send 國際股市==>  Program Start
2017-06-29 19:01:01Z Send 國際股市==>  Program END 

Create log file
2017-06-29 19:01:39Z Send 國際股市==>  Program Start
2017-06-29 19:01:39Z Send 國際股市==>  Program END 

Create log file
2017-06-29 19:02:15Z Send 國際股市==>  Program Start
2017-06-29 19:02:15Z Send 國際股市==>  Program END 

Create log file
2017-06-29 19:02:48Z Send 國際股市==>  Program Start
2017-06-29 19:02:48Z Send 國際股市==>  Program END 

Create log file
2017-06-29 19:03:24Z Send 國際股市==>  Program Start
2017-06-29 19:03:24Z Send 國際股市==>  Program END 

Create log file
2017-06-29 19:03:59Z Send 國際股市==>  Program Start
2017-06-29 19:03:59Z Send 國際股市==>  Program END 

Create log file
2017-06-29 20:01:01Z Send 國際股市==>  Program Start
2017-06-29 20:01:01Z Send 國際股市==>  Program END 

Create log file
2017-06-29 20:20:10Z stock_data_insert_daily Program Start
2017-06-29 20:20:10Z stock_data_insert_daily Program END 

Create log file
2017-06-29 20:30:15Z Send 股市氣象台電子報-今日我最夯<==Strong_UP==>  Program Start
2017-06-29 20:30:15Z Send 股市氣象台電子報-今日我最夯<==Strong_UP==>  Program END 

Create log file
2017-06-29 21:01:01Z Send 國際股市==>  Program Start
2017-06-29 21:01:01Z Send 國際股市==>  Program END 

Create log file
2017-06-29 21:44:20Z Query Stock_id is 2303 Program Start
2017-06-29 21:44:20Z Query Stock_id is 2303 Program END 

Create log file
2017-06-29 21:44:20Z Query Stock_id is 2337 Program Start
2017-06-29 21:44:20Z Query Stock_id is 2337 Program END 

Create log file
2017-06-29 21:44:21Z Query Stock_id is 5014 Program Start
2017-06-29 21:44:21Z Query Stock_id is 5014 Program END 

Create log file
2017-06-29 21:44:21Z Query Stock_id is 2881 Program Start
2017-06-29 21:44:21Z Query Stock_id is 2881 Program END 

Create log file
2017-06-29 21:44:22Z Query Stock_id is 2330 Program Start
2017-06-29 21:44:22Z Query Stock_id is 2330 Program END 

Create log file
2017-06-29 21:44:22Z Query Stock_id is 2882 Program Start
2017-06-29 21:44:22Z Query Stock_id is 2882 Program END 

Create log file
2017-06-29 21:44:23Z Query Stock_id is 2890 Program Start
2017-06-29 21:44:23Z Query Stock_id is 2890 Program END 

Create log file
2017-06-29 21:44:23Z Query Stock_id is 4938 Program Start
2017-06-29 21:44:23Z Query Stock_id is 4938 Program END 

Create log file
2017-06-29 21:44:24Z Query Stock_id is 2610 Program Start
2017-06-29 21:44:24Z Query Stock_id is 2610 Program END 

Create log file
2017-06-29 21:44:24Z Query Stock_id is 2303 Program Start
2017-06-29 21:44:24Z Query Stock_id is 2303 Program END 

Create log file
2017-06-29 21:44:25Z Query Stock_id is 2890 Program Start
2017-06-29 21:44:25Z Query Stock_id is 2890 Program END 

Create log file
2017-06-29 21:44:26Z Query Stock_id is 2337 Program Start
2017-06-29 21:44:26Z Query Stock_id is 2337 Program END 

Create log file
2017-06-29 21:44:27Z Query Stock_id is 2610 Program Start
2017-06-29 21:44:27Z Query Stock_id is 2610 Program END 

Create log file
2017-06-29 21:44:28Z Query Stock_id is 2882 Program Start
2017-06-29 21:44:28Z Query Stock_id is 2882 Program END 

Create log file
2017-06-29 21:44:28Z Query Stock_id is 6488 Program Start
2017-06-29 21:44:28Z Query Stock_id is 6488 Program END 

Create log file
2017-06-29 21:44:29Z Query Stock_id is 6269 Program Start
2017-06-29 21:44:29Z Query Stock_id is 6269 Program END 

Create log file
2017-06-29 21:44:29Z Query Stock_id is 4938 Program Start
2017-06-29 21:44:29Z Query Stock_id is 4938 Program END 

Create log file
2017-06-29 21:44:30Z Query Stock_id is 2881 Program Start
2017-06-29 21:44:30Z Query Stock_id is 2881 Program END 

Create log file
2017-06-29 21:44:30Z Query Stock_id is 2345 Program Start
2017-06-29 21:44:30Z Query Stock_id is 2345 Program END 

Create log file
2017-06-29 21:44:30Z Query Stock_id is 2330 Program Start
2017-06-29 21:44:30Z Query Stock_id is 2330 Program END 

Create log file
2017-06-29 22:01:01Z Send 國際股市==>  Program Start
2017-06-29 22:01:01Z Send 國際股市==>  Program END 

Create log file
2017-06-29 22:01:36Z Send 國際股市==>  Program Start
2017-06-29 22:01:36Z Send 國際股市==>  Program END 

Create log file
2017-06-29 22:02:04Z Send 國際股市==>  Program Start
2017-06-29 22:02:04Z Send 國際股市==>  Program END 

Create log file
2017-06-29 23:01:01Z Send 國際股市==>  Program Start
2017-06-29 23:01:01Z Send 國際股市==>  Program END 

Create log file
2017-06-29 23:01:37Z Send 國際股市==>  Program Start
2017-06-29 23:01:37Z Send 國際股市==>  Program END 

