Create log file
2017-08-08 00:01:03Z Send 國際股市==>  Program Start
2017-08-08 00:01:03Z Send 國際股市==>  Program END 

Create log file
2017-08-08 01:01:03Z Send 國際股市==>  Program Start
2017-08-08 01:01:03Z Send 國際股市==>  Program END 

Create log file
2017-08-08 09:01:02Z Send 國際股市==>  Program Start
2017-08-08 09:01:02Z Send 國際股市==>  Program END 

Create log file
2017-08-08 10:01:02Z Send 國際股市==>  Program Start
2017-08-08 10:01:02Z Send 國際股市==>  Program END 

Create log file
2017-08-08 11:01:02Z Send 國際股市==>  Program Start
2017-08-08 11:01:02Z Send 國際股市==>  Program END 

Create log file
2017-08-08 12:01:02Z Send 國際股市==>  Program Start
2017-08-08 12:01:02Z Send 國際股市==>  Program END 

Create log file
2017-08-08 13:01:03Z Send 國際股市==>  Program Start
2017-08-08 13:01:03Z Send 國際股市==>  Program END 

Create log file
2017-08-08 14:01:02Z Send 國際股市==>  Program Start
2017-08-08 14:01:02Z Send 國際股市==>  Program END 

Create log file
2017-08-08 15:01:02Z Send 國際股市==>  Program Start
2017-08-08 15:01:02Z Send 國際股市==>  Program END 

Create log file
2017-08-08 15:50:22Z option_insert_daily Program Start
2017-08-08 15:50:22Z option_insert_daily Program END 

Create log file
2017-08-08 15:55:14Z Send Option_OIV_daily Program Start
2017-08-08 15:55:14Z Send Option_OIV_daily Program END 

Create log file
2017-08-08 16:01:03Z Send 國際股市==>  Program Start
2017-08-08 16:01:03Z Send 國際股市==>  Program END 

Create log file
2017-08-08 17:01:03Z Send 國際股市==>  Program Start
2017-08-08 17:01:03Z Send 國際股市==>  Program END 

Create log file
2017-08-08 18:01:03Z Send 國際股市==>  Program Start
2017-08-08 18:01:03Z Send 國際股市==>  Program END 

Create log file
2017-08-08 18:01:39Z Send 國際股市==>  Program Start
2017-08-08 18:01:39Z Send 國際股市==>  Program END 

Create log file
2017-08-08 18:02:06Z Send 國際股市==>  Program Start
2017-08-08 18:02:06Z Send 國際股市==>  Program END 

Create log file
2017-08-08 18:02:34Z Send 國際股市==>  Program Start
2017-08-08 18:02:34Z Send 國際股市==>  Program END 

Create log file
2017-08-08 18:02:58Z Send 國際股市==>  Program Start
2017-08-08 18:02:58Z Send 國際股市==>  Program END 

Create log file
2017-08-08 19:01:03Z Send 國際股市==>  Program Start
2017-08-08 19:01:03Z Send 國際股市==>  Program END 

Create log file
2017-08-08 19:01:40Z Send 國際股市==>  Program Start
2017-08-08 19:01:40Z Send 國際股市==>  Program END 

Create log file
2017-08-08 19:02:10Z Send 國際股市==>  Program Start
2017-08-08 19:02:10Z Send 國際股市==>  Program END 

Create log file
2017-08-08 19:02:33Z Send 國際股市==>  Program Start
2017-08-08 19:02:33Z Send 國際股市==>  Program END 

Create log file
2017-08-08 19:02:59Z Send 國際股市==>  Program Start
2017-08-08 19:02:59Z Send 國際股市==>  Program END 

Create log file
2017-08-08 19:03:24Z Send 國際股市==>  Program Start
2017-08-08 19:03:24Z Send 國際股市==>  Program END 

Create log file
2017-08-08 19:03:53Z Send 國際股市==>  Program Start
2017-08-08 19:03:53Z Send 國際股市==>  Program END 

Create log file
2017-08-08 20:01:03Z Send 國際股市==>  Program Start
2017-08-08 20:01:03Z Send 國際股市==>  Program END 

Create log file
2017-08-08 21:01:02Z Send 國際股市==>  Program Start
2017-08-08 21:01:02Z Send 國際股市==>  Program END 

Create log file
2017-08-08 22:01:03Z Send 國際股市==>  Program Start
2017-08-08 22:01:03Z Send 國際股市==>  Program END 

Create log file
2017-08-08 22:01:38Z Send 國際股市==>  Program Start
2017-08-08 22:01:38Z Send 國際股市==>  Program END 

Create log file
2017-08-08 22:02:06Z Send 國際股市==>  Program Start
2017-08-08 22:02:06Z Send 國際股市==>  Program END 

Create log file
2017-08-08 22:12:05Z Send 國際股市==>  Program Start
2017-08-08 22:12:05Z Send 國際股市==>  Program END 

Create log file
2017-08-08 22:12:54Z Send 國際股市==>  Program Start
2017-08-08 22:12:54Z Send 國際股市==>  Program END 

Create log file
2017-08-08 22:13:23Z Send 國際股市==>  Program Start
2017-08-08 22:13:23Z Send 國際股市==>  Program END 

Create log file
2017-08-08 23:01:03Z Send 國際股市==>  Program Start
2017-08-08 23:01:03Z Send 國際股市==>  Program END 

Create log file
2017-08-08 23:01:40Z Send 國際股市==>  Program Start
2017-08-08 23:01:40Z Send 國際股市==>  Program END 

