Create log file
2017-10-04 00:01:03Z Send 國際股市==>  Program Start
2017-10-04 00:01:03Z Send 國際股市==>  Program END 

Create log file
2017-10-04 01:01:02Z Send 國際股市==>  Program Start
2017-10-04 01:01:02Z Send 國際股市==>  Program END 

Create log file
2017-10-04 08:01:02Z Send 國際股市==>  Program Start
2017-10-04 08:01:02Z Send 國際股市==>  Program END 

Create log file
2017-10-04 08:01:39Z Send 國際股市==>  Program Start
2017-10-04 08:01:39Z Send 國際股市==>  Program END 

Create log file
2017-10-04 08:02:06Z Send 國際股市==>  Program Start
2017-10-04 08:02:06Z Send 國際股市==>  Program END 

Create log file
2017-10-04 08:02:35Z Send 國際股市==>  Program Start
2017-10-04 08:02:35Z Send 國際股市==>  Program END 

Create log file
2017-10-04 09:01:02Z Send 國際股市==>  Program Start
2017-10-04 09:01:02Z Send 國際股市==>  Program END 

Create log file
2017-10-04 10:01:02Z Send 國際股市==>  Program Start
2017-10-04 10:01:02Z Send 國際股市==>  Program END 

Create log file
2017-10-04 11:01:02Z Send 國際股市==>  Program Start
2017-10-04 11:01:02Z Send 國際股市==>  Program END 

Create log file
2017-10-04 12:01:02Z Send 國際股市==>  Program Start
2017-10-04 12:01:02Z Send 國際股市==>  Program END 

Create log file
2017-10-04 13:01:02Z Send 國際股市==>  Program Start
2017-10-04 13:01:02Z Send 國際股市==>  Program END 

Create log file
2017-10-04 15:01:02Z Send 國際股市==>  Program Start
2017-10-04 15:01:02Z Send 國際股市==>  Program END 

Create log file
2017-10-04 15:50:25Z option_insert_daily Program Start
2017-10-04 15:50:25Z option_insert_daily Program END 

Create log file
2017-10-04 15:55:31Z Send Option_OIV_daily Program Start
2017-10-04 15:55:31Z Send Option_OIV_daily Program END 

Create log file
2017-10-04 16:01:02Z Send 國際股市==>  Program Start
2017-10-04 16:01:02Z Send 國際股市==>  Program END 

Create log file
2017-10-04 17:01:01Z Send 國際股市==>  Program Start
2017-10-04 17:01:01Z Send 國際股市==>  Program END 

Create log file
2017-10-04 18:01:02Z Send 國際股市==>  Program Start
2017-10-04 18:01:02Z Send 國際股市==>  Program END 

Create log file
2017-10-04 18:01:37Z Send 國際股市==>  Program Start
2017-10-04 18:01:37Z Send 國際股市==>  Program END 

Create log file
2017-10-04 18:02:02Z Send 國際股市==>  Program Start
2017-10-04 18:02:02Z Send 國際股市==>  Program END 

Create log file
2017-10-04 18:02:30Z Send 國際股市==>  Program Start
2017-10-04 18:02:30Z Send 國際股市==>  Program END 

Create log file
2017-10-04 18:02:53Z Send 國際股市==>  Program Start
2017-10-04 18:02:53Z Send 國際股市==>  Program END 

Create log file
2017-10-04 19:01:02Z Send 國際股市==>  Program Start
2017-10-04 19:01:02Z Send 國際股市==>  Program END 

Create log file
2017-10-04 19:01:38Z Send 國際股市==>  Program Start
2017-10-04 19:01:38Z Send 國際股市==>  Program END 

Create log file
2017-10-04 19:02:02Z Send 國際股市==>  Program Start
2017-10-04 19:02:02Z Send 國際股市==>  Program END 

Create log file
2017-10-04 19:02:24Z Send 國際股市==>  Program Start
2017-10-04 19:02:24Z Send 國際股市==>  Program END 

Create log file
2017-10-04 19:02:50Z Send 國際股市==>  Program Start
2017-10-04 19:02:50Z Send 國際股市==>  Program END 

Create log file
2017-10-04 19:03:13Z Send 國際股市==>  Program Start
2017-10-04 19:03:13Z Send 國際股市==>  Program END 

Create log file
2017-10-04 19:03:42Z Send 國際股市==>  Program Start
2017-10-04 19:03:42Z Send 國際股市==>  Program END 

Create log file
2017-10-04 20:01:02Z Send 國際股市==>  Program Start
2017-10-04 20:01:02Z Send 國際股市==>  Program END 

Create log file
2017-10-04 21:01:11Z Send 國際股市==>  Program Start
2017-10-04 21:01:11Z Send 國際股市==>  Program END 

