Create log file
2017-10-25 00:01:04Z Send 國際股市==>  Program Start
2017-10-25 00:01:04Z Send 國際股市==>  Program END 

Create log file
2017-10-25 01:01:04Z Send 國際股市==>  Program Start
2017-10-25 01:01:04Z Send 國際股市==>  Program END 

Create log file
2017-10-25 08:01:03Z Send 國際股市==>  Program Start
2017-10-25 08:01:03Z Send 國際股市==>  Program END 

Create log file
2017-10-25 08:01:39Z Send 國際股市==>  Program Start
2017-10-25 08:01:39Z Send 國際股市==>  Program END 

Create log file
2017-10-25 08:02:06Z Send 國際股市==>  Program Start
2017-10-25 08:02:06Z Send 國際股市==>  Program END 

Create log file
2017-10-25 08:02:34Z Send 國際股市==>  Program Start
2017-10-25 08:02:34Z Send 國際股市==>  Program END 

Create log file
2017-10-25 09:01:04Z Send 國際股市==>  Program Start
2017-10-25 09:01:04Z Send 國際股市==>  Program END 

Create log file
2017-10-25 10:01:04Z Send 國際股市==>  Program Start
2017-10-25 10:01:04Z Send 國際股市==>  Program END 

Create log file
2017-10-25 11:01:02Z Send 國際股市==>  Program Start
2017-10-25 11:01:02Z Send 國際股市==>  Program END 

Create log file
2017-10-25 12:01:02Z Send 國際股市==>  Program Start
2017-10-25 12:01:02Z Send 國際股市==>  Program END 

Create log file
2017-10-25 13:01:02Z Send 國際股市==>  Program Start
2017-10-25 13:01:02Z Send 國際股市==>  Program END 

Create log file
2017-10-25 14:01:01Z Send 國際股市==>  Program Start
2017-10-25 14:01:01Z Send 國際股市==>  Program END 

Create log file
2017-10-25 15:01:02Z Send 國際股市==>  Program Start
2017-10-25 15:01:02Z Send 國際股市==>  Program END 

Create log file
2017-10-25 15:50:24Z option_insert_daily Program Start
2017-10-25 15:50:24Z option_insert_daily Program END 

Create log file
2017-10-25 15:55:31Z Send Option_OIV_daily Program Start
2017-10-25 15:55:31Z Send Option_OIV_daily Program END 

Create log file
2017-10-25 16:01:02Z Send 國際股市==>  Program Start
2017-10-25 16:01:02Z Send 國際股市==>  Program END 

Create log file
2017-10-25 17:01:02Z Send 國際股市==>  Program Start
2017-10-25 17:01:02Z Send 國際股市==>  Program END 

Create log file
2017-10-25 18:01:02Z Send 國際股市==>  Program Start
2017-10-25 18:01:02Z Send 國際股市==>  Program END 

Create log file
2017-10-25 18:01:38Z Send 國際股市==>  Program Start
2017-10-25 18:01:38Z Send 國際股市==>  Program END 

Create log file
2017-10-25 18:02:03Z Send 國際股市==>  Program Start
2017-10-25 18:02:03Z Send 國際股市==>  Program END 

Create log file
2017-10-25 18:02:30Z Send 國際股市==>  Program Start
2017-10-25 18:02:30Z Send 國際股市==>  Program END 

Create log file
2017-10-25 18:02:53Z Send 國際股市==>  Program Start
2017-10-25 18:02:53Z Send 國際股市==>  Program END 

Create log file
2017-10-25 19:01:01Z Send 國際股市==>  Program Start
2017-10-25 19:01:01Z Send 國際股市==>  Program END 

Create log file
2017-10-25 19:01:37Z Send 國際股市==>  Program Start
2017-10-25 19:01:37Z Send 國際股市==>  Program END 

Create log file
2017-10-25 19:02:07Z Send 國際股市==>  Program Start
2017-10-25 19:02:07Z Send 國際股市==>  Program END 

Create log file
2017-10-25 19:02:29Z Send 國際股市==>  Program Start
2017-10-25 19:02:29Z Send 國際股市==>  Program END 

Create log file
2017-10-25 19:02:54Z Send 國際股市==>  Program Start
2017-10-25 19:02:54Z Send 國際股市==>  Program END 

Create log file
2017-10-25 19:03:17Z Send 國際股市==>  Program Start
2017-10-25 19:03:17Z Send 國際股市==>  Program END 

Create log file
2017-10-25 19:03:45Z Send 國際股市==>  Program Start
2017-10-25 19:03:45Z Send 國際股市==>  Program END 

Create log file
2017-10-25 20:01:01Z Send 國際股市==>  Program Start
2017-10-25 20:01:01Z Send 國際股市==>  Program END 

Create log file
2017-10-25 21:01:02Z Send 國際股市==>  Program Start
2017-10-25 21:01:02Z Send 國際股市==>  Program END 

Create log file
2017-10-25 22:01:02Z Send 國際股市==>  Program Start
2017-10-25 22:01:02Z Send 國際股市==>  Program END 

Create log file
2017-10-25 22:01:36Z Send 國際股市==>  Program Start
2017-10-25 22:01:36Z Send 國際股市==>  Program END 

Create log file
2017-10-25 22:02:03Z Send 國際股市==>  Program Start
2017-10-25 22:02:03Z Send 國際股市==>  Program END 

Create log file
2017-10-25 23:01:06Z Send 國際股市==>  Program Start
2017-10-25 23:01:06Z Send 國際股市==>  Program END 

