Create log file
2017-07-04 00:01:05Z Send 國際股市==>  Program Start
2017-07-04 00:01:05Z Send 國際股市==>  Program END 

Create log file
2017-07-04 01:01:03Z Send 國際股市==>  Program Start
2017-07-04 01:01:03Z Send 國際股市==>  Program END 

Create log file
2017-07-04 08:01:04Z Send 國際股市==>  Program Start
2017-07-04 08:01:04Z Send 國際股市==>  Program END 

Create log file
2017-07-04 08:01:42Z Send 國際股市==>  Program Start
2017-07-04 08:01:42Z Send 國際股市==>  Program END 

Create log file
2017-07-04 08:02:10Z Send 國際股市==>  Program Start
2017-07-04 08:02:10Z Send 國際股市==>  Program END 

Create log file
2017-07-04 08:02:39Z Send 國際股市==>  Program Start
2017-07-04 08:02:39Z Send 國際股市==>  Program END 

Create log file
2017-07-04 09:01:02Z Send 國際股市==>  Program Start
2017-07-04 09:01:02Z Send 國際股市==>  Program END 

Create log file
2017-07-04 10:01:02Z Send 國際股市==>  Program Start
2017-07-04 10:01:02Z Send 國際股市==>  Program END 

Create log file
2017-07-04 11:01:02Z Send 國際股市==>  Program Start
2017-07-04 11:01:02Z Send 國際股市==>  Program END 

Create log file
2017-07-04 12:01:07Z Send 國際股市==>  Program Start
2017-07-04 12:01:07Z Send 國際股市==>  Program END 

Create log file
2017-07-04 13:01:02Z Send 國際股市==>  Program Start
2017-07-04 13:01:02Z Send 國際股市==>  Program END 

Create log file
2017-07-04 14:01:02Z Send 國際股市==>  Program Start
2017-07-04 14:01:02Z Send 國際股市==>  Program END 

Create log file
2017-07-04 15:01:02Z Send 國際股市==>  Program Start
2017-07-04 15:01:02Z Send 國際股市==>  Program END 

Create log file
2017-07-04 15:50:22Z option_insert_daily Program Start
2017-07-04 15:50:22Z option_insert_daily Program END 

Create log file
2017-07-04 15:55:23Z Send Option_OIV_daily Program Start
2017-07-04 15:55:23Z Send Option_OIV_daily Program END 

Create log file
2017-07-04 16:01:03Z Send 國際股市==>  Program Start
2017-07-04 16:01:03Z Send 國際股市==>  Program END 

Create log file
2017-07-04 17:01:03Z Send 國際股市==>  Program Start
2017-07-04 17:01:03Z Send 國際股市==>  Program END 

Create log file
2017-07-04 17:37:11Z Query Stock_id is 5014 Program Start
2017-07-04 17:37:11Z Query Stock_id is 5014 Program END 

Create log file
2017-07-04 17:37:11Z Query Stock_id is 2337 Program Start
2017-07-04 17:37:11Z Query Stock_id is 2337 Program END 

Create log file
2017-07-04 17:37:12Z Query Stock_id is 2881 Program Start
2017-07-04 17:37:12Z Query Stock_id is 2881 Program END 

Create log file
2017-07-04 17:37:13Z Query Stock_id is 2882 Program Start
2017-07-04 17:37:13Z Query Stock_id is 2882 Program END 

Create log file
2017-07-04 17:37:14Z Query Stock_id is 2890 Program Start
2017-07-04 17:37:14Z Query Stock_id is 2890 Program END 

Create log file
2017-07-04 17:37:15Z Query Stock_id is 2610 Program Start
2017-07-04 17:37:15Z Query Stock_id is 2610 Program END 

Create log file
2017-07-04 17:37:16Z Query Stock_id is 4938 Program Start
2017-07-04 17:37:16Z Query Stock_id is 4938 Program END 

Create log file
2017-07-04 17:37:16Z Query Stock_id is 2330 Program Start
2017-07-04 17:37:16Z Query Stock_id is 2330 Program END 

Create log file
2017-07-04 17:37:17Z Query Stock_id is 6488 Program Start
2017-07-04 17:37:17Z Query Stock_id is 6488 Program END 

Create log file
2017-07-04 17:37:18Z Query Stock_id is 2303 Program Start
2017-07-04 17:37:18Z Query Stock_id is 2303 Program END 

Create log file
2017-07-04 18:01:03Z Send 國際股市==>  Program Start
2017-07-04 18:01:03Z Send 國際股市==>  Program END 

Create log file
2017-07-04 18:01:38Z Send 國際股市==>  Program Start
2017-07-04 18:01:38Z Send 國際股市==>  Program END 

Create log file
2017-07-04 18:02:04Z Send 國際股市==>  Program Start
2017-07-04 18:02:04Z Send 國際股市==>  Program END 

Create log file
2017-07-04 18:02:32Z Send 國際股市==>  Program Start
2017-07-04 18:02:32Z Send 國際股市==>  Program END 

Create log file
2017-07-04 18:03:00Z Send 國際股市==>  Program Start
2017-07-04 18:03:00Z Send 國際股市==>  Program END 

Create log file
2017-07-04 19:01:03Z Send 國際股市==>  Program Start
2017-07-04 19:01:03Z Send 國際股市==>  Program END 

Create log file
2017-07-04 19:01:39Z Send 國際股市==>  Program Start
2017-07-04 19:01:39Z Send 國際股市==>  Program END 

Create log file
2017-07-04 19:02:20Z Send 國際股市==>  Program Start
2017-07-04 19:02:20Z Send 國際股市==>  Program END 

Create log file
2017-07-04 19:02:51Z Send 國際股市==>  Program Start
2017-07-04 19:02:51Z Send 國際股市==>  Program END 

Create log file
2017-07-04 19:03:23Z Send 國際股市==>  Program Start
2017-07-04 19:03:23Z Send 國際股市==>  Program END 

Create log file
2017-07-04 19:03:56Z Send 國際股市==>  Program Start
2017-07-04 19:03:56Z Send 國際股市==>  Program END 

Create log file
2017-07-04 19:04:27Z Send 國際股市==>  Program Start
2017-07-04 19:04:27Z Send 國際股市==>  Program END 

Create log file
2017-07-04 20:04:16Z Send 國際股市==>  Program Start
2017-07-04 20:04:16Z Send 國際股市==>  Program END 

Create log file
2017-07-04 20:09:07Z Query Stock_id is 5014 Program Start
2017-07-04 20:09:07Z Query Stock_id is 5014 Program END 

Create log file
2017-07-04 20:09:07Z Query Stock_id is 2337 Program Start
2017-07-04 20:09:07Z Query Stock_id is 2337 Program END 

Create log file
2017-07-04 20:09:08Z Query Stock_id is 2881 Program Start
2017-07-04 20:09:08Z Query Stock_id is 2881 Program END 

Create log file
2017-07-04 20:09:09Z Query Stock_id is 2882 Program Start
2017-07-04 20:09:09Z Query Stock_id is 2882 Program END 

Create log file
2017-07-04 20:09:10Z Query Stock_id is 2890 Program Start
2017-07-04 20:09:10Z Query Stock_id is 2890 Program END 

Create log file
2017-07-04 20:09:10Z Query Stock_id is 2610 Program Start
2017-07-04 20:09:10Z Query Stock_id is 2610 Program END 

Create log file
2017-07-04 20:09:11Z Query Stock_id is 4938 Program Start
2017-07-04 20:09:11Z Query Stock_id is 4938 Program END 

Create log file
2017-07-04 20:09:12Z Query Stock_id is 2330 Program Start
2017-07-04 20:09:12Z Query Stock_id is 2330 Program END 

Create log file
2017-07-04 20:09:13Z Query Stock_id is 6488 Program Start
2017-07-04 20:09:13Z Query Stock_id is 6488 Program END 

Create log file
2017-07-04 20:09:14Z Query Stock_id is 2303 Program Start
2017-07-04 20:09:14Z Query Stock_id is 2303 Program END 

Create log file
2017-07-04 20:20:18Z stock_data_insert_daily Program Start
2017-07-04 20:20:18Z stock_data_insert_daily Program END 

Create log file
2017-07-04 20:24:01Z Query Stock_id is 6488 Program Start
2017-07-04 20:24:01Z Query Stock_id is 6488 Program END 

Create log file
2017-07-04 20:24:02Z Query Stock_id is 2882 Program Start
2017-07-04 20:24:02Z Query Stock_id is 2882 Program END 

Create log file
2017-07-04 20:24:03Z Query Stock_id is 2890 Program Start
2017-07-04 20:24:03Z Query Stock_id is 2890 Program END 

Create log file
2017-07-04 20:24:04Z Query Stock_id is 2881 Program Start
2017-07-04 20:24:04Z Query Stock_id is 2881 Program END 

Create log file
2017-07-04 20:24:05Z Query Stock_id is 5014 Program Start
2017-07-04 20:24:05Z Query Stock_id is 5014 Program END 

Create log file
2017-07-04 20:24:06Z Query Stock_id is 2610 Program Start
2017-07-04 20:24:06Z Query Stock_id is 2610 Program END 

Create log file
2017-07-04 20:24:06Z Query Stock_id is 4938 Program Start
2017-07-04 20:24:06Z Query Stock_id is 4938 Program END 

Create log file
2017-07-04 20:24:07Z Query Stock_id is 2345 Program Start
2017-07-04 20:24:07Z Query Stock_id is 2345 Program END 

Create log file
2017-07-04 20:24:08Z Query Stock_id is 2330 Program Start
2017-07-04 20:24:08Z Query Stock_id is 2330 Program END 

Create log file
2017-07-04 20:24:09Z Query Stock_id is 2337 Program Start
2017-07-04 20:24:09Z Query Stock_id is 2337 Program END 

Create log file
2017-07-04 20:24:10Z Query Stock_id is 2303 Program Start
2017-07-04 20:24:10Z Query Stock_id is 2303 Program END 

Create log file
2017-07-04 20:24:11Z Query Stock_id is 5014 Program Start
2017-07-04 20:24:11Z Query Stock_id is 5014 Program END 

Create log file
2017-07-04 20:24:11Z Query Stock_id is 2337 Program Start
2017-07-04 20:24:11Z Query Stock_id is 2337 Program END 

Create log file
2017-07-04 20:24:12Z Query Stock_id is 2881 Program Start
2017-07-04 20:24:12Z Query Stock_id is 2881 Program END 

Create log file
2017-07-04 20:24:13Z Query Stock_id is 2882 Program Start
2017-07-04 20:24:13Z Query Stock_id is 2882 Program END 

Create log file
2017-07-04 20:24:14Z Query Stock_id is 2890 Program Start
2017-07-04 20:24:14Z Query Stock_id is 2890 Program END 

Create log file
2017-07-04 20:24:15Z Query Stock_id is 2610 Program Start
2017-07-04 20:24:15Z Query Stock_id is 2610 Program END 

Create log file
2017-07-04 20:24:16Z Query Stock_id is 4938 Program Start
2017-07-04 20:24:16Z Query Stock_id is 4938 Program END 

Create log file
2017-07-04 20:24:17Z Query Stock_id is 2330 Program Start
2017-07-04 20:24:17Z Query Stock_id is 2330 Program END 

Create log file
2017-07-04 20:24:18Z Query Stock_id is 6488 Program Start
2017-07-04 20:24:18Z Query Stock_id is 6488 Program END 

Create log file
2017-07-04 20:24:19Z Query Stock_id is 2303 Program Start
2017-07-04 20:24:19Z Query Stock_id is 2303 Program END 

Create log file
2017-07-04 20:30:23Z Send 股市氣象台電子報-今日我最夯<==Strong_UP==>  Program Start
2017-07-04 20:30:23Z Send 股市氣象台電子報-今日我最夯<==Strong_UP==>  Program END 

Create log file
2017-07-04 21:01:01Z Send 國際股市==>  Program Start
2017-07-04 21:01:01Z Send 國際股市==>  Program END 

Create log file
2017-07-04 22:01:01Z Send 國際股市==>  Program Start
2017-07-04 22:01:01Z Send 國際股市==>  Program END 

Create log file
2017-07-04 22:01:37Z Send 國際股市==>  Program Start
2017-07-04 22:01:37Z Send 國際股市==>  Program END 

Create log file
2017-07-04 22:02:05Z Send 國際股市==>  Program Start
2017-07-04 22:02:05Z Send 國際股市==>  Program END 

Create log file
2017-07-04 23:01:01Z Send 國際股市==>  Program Start
2017-07-04 23:01:01Z Send 國際股市==>  Program END 

Create log file
2017-07-04 23:01:37Z Send 國際股市==>  Program Start
2017-07-04 23:01:37Z Send 國際股市==>  Program END 

