Create log file
2017-06-06 00:01:02Z Send 國際股市==>  Program Start
2017-06-06 00:01:02Z Send 國際股市==>  Program END 

Create log file
2017-06-06 01:01:02Z Send 國際股市==>  Program Start
2017-06-06 01:01:02Z Send 國際股市==>  Program END 

Create log file
2017-06-06 08:01:02Z Send 國際股市==>  Program Start
2017-06-06 08:01:02Z Send 國際股市==>  Program END 

Create log file
2017-06-06 08:01:27Z Send 國際股市==>  Program Start
2017-06-06 08:01:27Z Send 國際股市==>  Program END 

Create log file
2017-06-06 08:01:49Z Send 國際股市==>  Program Start
2017-06-06 08:01:49Z Send 國際股市==>  Program END 

Create log file
2017-06-06 08:02:11Z Send 國際股市==>  Program Start
2017-06-06 08:02:11Z Send 國際股市==>  Program END 

Create log file
2017-06-06 09:01:02Z Send 國際股市==>  Program Start
2017-06-06 09:01:02Z Send 國際股市==>  Program END 

Create log file
2017-06-06 10:01:02Z Send 國際股市==>  Program Start
2017-06-06 10:01:02Z Send 國際股市==>  Program END 

Create log file
2017-06-06 11:01:03Z Send 國際股市==>  Program Start
2017-06-06 11:01:03Z Send 國際股市==>  Program END 

Create log file
2017-06-06 12:01:05Z Send 國際股市==>  Program Start
2017-06-06 12:01:05Z Send 國際股市==>  Program END 

Create log file
2017-06-06 13:01:02Z Send 國際股市==>  Program Start
2017-06-06 13:01:02Z Send 國際股市==>  Program END 

Create log file
2017-06-06 14:01:02Z Send 國際股市==>  Program Start
2017-06-06 14:01:02Z Send 國際股市==>  Program END 

Create log file
2017-06-06 15:01:02Z Send 國際股市==>  Program Start
2017-06-06 15:01:02Z Send 國際股市==>  Program END 

Create log file
2017-06-06 15:50:17Z option_insert_daily Program Start
2017-06-06 15:50:17Z option_insert_daily Program END 

Create log file
2017-06-06 16:01:03Z Send 國際股市==>  Program Start
2017-06-06 16:01:03Z Send 國際股市==>  Program END 

Create log file
2017-06-06 17:01:03Z Send 國際股市==>  Program Start
2017-06-06 17:01:03Z Send 國際股市==>  Program END 

Create log file
2017-06-06 18:01:03Z Send 國際股市==>  Program Start
2017-06-06 18:01:03Z Send 國際股市==>  Program END 

Create log file
2017-06-06 18:01:28Z Send 國際股市==>  Program Start
2017-06-06 18:01:28Z Send 國際股市==>  Program END 

Create log file
2017-06-06 18:01:49Z Send 國際股市==>  Program Start
2017-06-06 18:01:49Z Send 國際股市==>  Program END 

Create log file
2017-06-06 18:02:11Z Send 國際股市==>  Program Start
2017-06-06 18:02:11Z Send 國際股市==>  Program END 

Create log file
2017-06-06 18:02:32Z Send 國際股市==>  Program Start
2017-06-06 18:02:32Z Send 國際股市==>  Program END 

Create log file
2017-06-06 19:01:02Z Send 國際股市==>  Program Start
2017-06-06 19:01:02Z Send 國際股市==>  Program END 

Create log file
2017-06-06 19:01:28Z Send 國際股市==>  Program Start
2017-06-06 19:01:28Z Send 國際股市==>  Program END 

Create log file
2017-06-06 19:01:51Z Send 國際股市==>  Program Start
2017-06-06 19:01:51Z Send 國際股市==>  Program END 

Create log file
2017-06-06 19:02:11Z Send 國際股市==>  Program Start
2017-06-06 19:02:11Z Send 國際股市==>  Program END 

Create log file
2017-06-06 19:02:33Z Send 國際股市==>  Program Start
2017-06-06 19:02:33Z Send 國際股市==>  Program END 

Create log file
2017-06-06 19:02:54Z Send 國際股市==>  Program Start
2017-06-06 19:02:54Z Send 國際股市==>  Program END 

Create log file
2017-06-06 19:03:16Z Send 國際股市==>  Program Start
2017-06-06 19:03:16Z Send 國際股市==>  Program END 

Create log file
2017-06-06 20:01:02Z Send 國際股市==>  Program Start
2017-06-06 20:01:02Z Send 國際股市==>  Program END 

Create log file
2017-06-06 20:20:09Z stock_data_insert_daily Program Start
2017-06-06 20:20:09Z stock_data_insert_daily Program END 

Create log file
2017-06-06 20:30:07Z Send 股市氣象台電子報-今日我最夯<==Strong_UP==>  Program Start
2017-06-06 20:30:07Z Send 股市氣象台電子報-今日我最夯<==Strong_UP==>  Program END 

Create log file
2017-06-06 21:01:02Z Send 國際股市==>  Program Start
2017-06-06 21:01:02Z Send 國際股市==>  Program END 

Create log file
2017-06-06 22:01:03Z Send 國際股市==>  Program Start
2017-06-06 22:01:03Z Send 國際股市==>  Program END 

Create log file
2017-06-06 22:01:23Z Send 國際股市==>  Program Start
2017-06-06 22:01:23Z Send 國際股市==>  Program END 

Create log file
2017-06-06 22:01:45Z Send 國際股市==>  Program Start
2017-06-06 22:01:45Z Send 國際股市==>  Program END 

Create log file
2017-06-06 23:01:01Z Send 國際股市==>  Program Start
2017-06-06 23:01:01Z Send 國際股市==>  Program END 

Create log file
2017-06-06 23:01:22Z Send 國際股市==>  Program Start
2017-06-06 23:01:22Z Send 國際股市==>  Program END 

