Create log file
2017-09-04 08:01:05Z Send 國際股市==>  Program Start
2017-09-04 08:01:05Z Send 國際股市==>  Program END 

Create log file
2017-09-04 08:01:30Z Send 國際股市==>  Program Start
2017-09-04 08:01:30Z Send 國際股市==>  Program END 

Create log file
2017-09-04 08:01:56Z Send 國際股市==>  Program Start
2017-09-04 08:01:56Z Send 國際股市==>  Program END 

Create log file
2017-09-04 08:02:25Z Send 國際股市==>  Program Start
2017-09-04 08:02:25Z Send 國際股市==>  Program END 

Create log file
2017-09-04 09:01:04Z Send 國際股市==>  Program Start
2017-09-04 09:01:04Z Send 國際股市==>  Program END 

Create log file
2017-09-04 10:01:04Z Send 國際股市==>  Program Start
2017-09-04 10:01:04Z Send 國際股市==>  Program END 

Create log file
2017-09-04 11:01:04Z Send 國際股市==>  Program Start
2017-09-04 11:01:04Z Send 國際股市==>  Program END 

Create log file
2017-09-04 12:01:04Z Send 國際股市==>  Program Start
2017-09-04 12:01:04Z Send 國際股市==>  Program END 

Create log file
2017-09-04 13:01:03Z Send 國際股市==>  Program Start
2017-09-04 13:01:03Z Send 國際股市==>  Program END 

Create log file
2017-09-04 14:01:05Z Send 國際股市==>  Program Start
2017-09-04 14:01:05Z Send 國際股市==>  Program END 

Create log file
2017-09-04 15:01:04Z Send 國際股市==>  Program Start
2017-09-04 15:01:04Z Send 國際股市==>  Program END 

Create log file
2017-09-04 15:50:23Z option_insert_daily Program Start
2017-09-04 15:50:23Z option_insert_daily Program END 

Create log file
2017-09-04 15:55:14Z Send Option_OIV_daily Program Start
2017-09-04 15:55:14Z Send Option_OIV_daily Program END 

Create log file
2017-09-04 16:01:03Z Send 國際股市==>  Program Start
2017-09-04 16:01:03Z Send 國際股市==>  Program END 

Create log file
2017-09-04 17:01:04Z Send 國際股市==>  Program Start
2017-09-04 17:01:04Z Send 國際股市==>  Program END 

Create log file
2017-09-04 18:01:05Z Send 國際股市==>  Program Start
2017-09-04 18:01:05Z Send 國際股市==>  Program END 

Create log file
2017-09-04 18:01:41Z Send 國際股市==>  Program Start
2017-09-04 18:01:41Z Send 國際股市==>  Program END 

Create log file
2017-09-04 18:02:06Z Send 國際股市==>  Program Start
2017-09-04 18:02:06Z Send 國際股市==>  Program END 

Create log file
2017-09-04 18:02:34Z Send 國際股市==>  Program Start
2017-09-04 18:02:34Z Send 國際股市==>  Program END 

Create log file
2017-09-04 18:02:57Z Send 國際股市==>  Program Start
2017-09-04 18:02:57Z Send 國際股市==>  Program END 

Create log file
2017-09-04 19:01:04Z Send 國際股市==>  Program Start
2017-09-04 19:01:04Z Send 國際股市==>  Program END 

Create log file
2017-09-04 19:01:42Z Send 國際股市==>  Program Start
2017-09-04 19:01:42Z Send 國際股市==>  Program END 

Create log file
2017-09-04 19:02:07Z Send 國際股市==>  Program Start
2017-09-04 19:02:07Z Send 國際股市==>  Program END 

Create log file
2017-09-04 19:02:29Z Send 國際股市==>  Program Start
2017-09-04 19:02:29Z Send 國際股市==>  Program END 

Create log file
2017-09-04 19:02:56Z Send 國際股市==>  Program Start
2017-09-04 19:02:56Z Send 國際股市==>  Program END 

Create log file
2017-09-04 20:01:03Z Send 國際股市==>  Program Start
2017-09-04 20:01:03Z Send 國際股市==>  Program END 

Create log file
2017-09-04 21:01:01Z Send 國際股市==>  Program Start
2017-09-04 21:01:01Z Send 國際股市==>  Program END 

Create log file
2017-09-04 22:01:04Z Send 國際股市==>  Program Start
2017-09-04 22:01:04Z Send 國際股市==>  Program END 

Create log file
2017-09-04 23:01:01Z Send 國際股市==>  Program Start
2017-09-04 23:01:01Z Send 國際股市==>  Program END 

Create log file
2017-09-04 23:01:39Z Send 國際股市==>  Program Start
2017-09-04 23:01:39Z Send 國際股市==>  Program END 

