Create log file
2017-01-02 08:01:17Z Send 國際股市==>  Program Start
2017-01-02 08:01:17Z Send 國際股市==>  Program END 

Create log file
2017-01-02 08:01:43Z Send 國際股市==>  Program Start
2017-01-02 08:01:43Z Send 國際股市==>  Program END 

Create log file
2017-01-02 08:02:06Z Send 國際股市==>  Program Start
2017-01-02 08:02:06Z Send 國際股市==>  Program END 

Create log file
2017-01-02 08:02:28Z Send 國際股市==>  Program Start
2017-01-02 08:02:28Z Send 國際股市==>  Program END 

Create log file
2017-01-02 08:46:05Z on time future report... Program Start
2017-01-02 08:46:05Z on time future report... Program END 

Create log file
2017-01-02 08:51:03Z on time future report... Program Start
2017-01-02 08:51:03Z on time future report... Program END 

Create log file
2017-01-02 08:56:03Z on time future report... Program Start
2017-01-02 08:56:03Z on time future report... Program END 

Create log file
2017-01-02 09:01:04Z Send 國際股市==>  Program Start
2017-01-02 09:01:04Z Send 國際股市==>  Program END 

Create log file
2017-01-02 09:01:05Z on time future report... Program Start
2017-01-02 09:01:05Z on time future report... Program END 

Create log file
2017-01-02 09:06:03Z on time future report... Program Start
2017-01-02 09:06:03Z on time future report... Program END 

Create log file
2017-01-02 09:11:03Z on time future report... Program Start
2017-01-02 09:11:03Z on time future report... Program END 

Create log file
2017-01-02 09:16:03Z on time future report... Program Start
2017-01-02 09:16:03Z on time future report... Program END 

Create log file
2017-01-02 09:21:03Z on time future report... Program Start
2017-01-02 09:21:03Z on time future report... Program END 

Create log file
2017-01-02 09:26:03Z on time future report... Program Start
2017-01-02 09:26:03Z on time future report... Program END 

Create log file
2017-01-02 09:31:03Z on time future report... Program Start
2017-01-02 09:31:03Z on time future report... Program END 

Create log file
2017-01-02 09:36:03Z on time future report... Program Start
2017-01-02 09:36:03Z on time future report... Program END 

Create log file
2017-01-02 09:41:03Z on time future report... Program Start
2017-01-02 09:41:03Z on time future report... Program END 

Create log file
2017-01-02 09:46:03Z on time future report... Program Start
2017-01-02 09:46:03Z on time future report... Program END 

Create log file
2017-01-02 09:51:03Z on time future report... Program Start
2017-01-02 09:51:03Z on time future report... Program END 

Create log file
2017-01-02 09:56:03Z on time future report... Program Start
2017-01-02 09:56:03Z on time future report... Program END 

Create log file
2017-01-02 10:01:03Z Send 國際股市==>  Program Start
2017-01-02 10:01:03Z Send 國際股市==>  Program END 

Create log file
2017-01-02 10:01:04Z on time future report... Program Start
2017-01-02 10:01:04Z on time future report... Program END 

Create log file
2017-01-02 10:06:03Z on time future report... Program Start
2017-01-02 10:06:03Z on time future report... Program END 

Create log file
2017-01-02 10:11:03Z on time future report... Program Start
2017-01-02 10:11:03Z on time future report... Program END 

Create log file
2017-01-02 10:16:03Z on time future report... Program Start
2017-01-02 10:16:03Z on time future report... Program END 

Create log file
2017-01-02 10:21:04Z on time future report... Program Start
2017-01-02 10:21:04Z on time future report... Program END 

Create log file
2017-01-02 10:26:03Z on time future report... Program Start
2017-01-02 10:26:03Z on time future report... Program END 

Create log file
2017-01-02 10:31:03Z on time future report... Program Start
2017-01-02 10:31:03Z on time future report... Program END 

Create log file
2017-01-02 10:36:03Z on time future report... Program Start
2017-01-02 10:36:03Z on time future report... Program END 

Create log file
2017-01-02 10:41:03Z on time future report... Program Start
2017-01-02 10:41:03Z on time future report... Program END 

Create log file
2017-01-02 10:46:06Z on time future report... Program Start
2017-01-02 10:46:06Z on time future report... Program END 

Create log file
2017-01-02 10:51:03Z on time future report... Program Start
2017-01-02 10:51:03Z on time future report... Program END 

Create log file
2017-01-02 10:56:03Z on time future report... Program Start
2017-01-02 10:56:03Z on time future report... Program END 

Create log file
2017-01-02 11:01:03Z Send 國際股市==>  Program Start
2017-01-02 11:01:03Z Send 國際股市==>  Program END 

Create log file
2017-01-02 11:01:05Z on time future report... Program Start
2017-01-02 11:01:05Z on time future report... Program END 

Create log file
2017-01-02 11:06:03Z on time future report... Program Start
2017-01-02 11:06:03Z on time future report... Program END 

Create log file
2017-01-02 11:11:03Z on time future report... Program Start
2017-01-02 11:11:03Z on time future report... Program END 

Create log file
2017-01-02 11:16:03Z on time future report... Program Start
2017-01-02 11:16:03Z on time future report... Program END 

Create log file
2017-01-02 11:21:03Z on time future report... Program Start
2017-01-02 11:21:03Z on time future report... Program END 

Create log file
2017-01-02 11:26:03Z on time future report... Program Start
2017-01-02 11:26:03Z on time future report... Program END 

Create log file
2017-01-02 11:31:03Z on time future report... Program Start
2017-01-02 11:31:03Z on time future report... Program END 

Create log file
2017-01-02 11:36:03Z on time future report... Program Start
2017-01-02 11:36:03Z on time future report... Program END 

Create log file
2017-01-02 11:41:03Z on time future report... Program Start
2017-01-02 11:41:03Z on time future report... Program END 

Create log file
2017-01-02 11:46:03Z on time future report... Program Start
2017-01-02 11:46:03Z on time future report... Program END 

Create log file
2017-01-02 11:51:03Z on time future report... Program Start
2017-01-02 11:51:03Z on time future report... Program END 

Create log file
2017-01-02 11:56:06Z on time future report... Program Start
2017-01-02 11:56:06Z on time future report... Program END 

Create log file
2017-01-02 12:01:03Z Send 國際股市==>  Program Start
2017-01-02 12:01:03Z Send 國際股市==>  Program END 

Create log file
2017-01-02 12:01:04Z on time future report... Program Start
2017-01-02 12:01:04Z on time future report... Program END 

Create log file
2017-01-02 12:06:04Z on time future report... Program Start
2017-01-02 12:06:04Z on time future report... Program END 

Create log file
2017-01-02 12:11:03Z on time future report... Program Start
2017-01-02 12:11:03Z on time future report... Program END 

Create log file
2017-01-02 12:16:03Z on time future report... Program Start
2017-01-02 12:16:03Z on time future report... Program END 

Create log file
2017-01-02 12:21:03Z on time future report... Program Start
2017-01-02 12:21:03Z on time future report... Program END 

Create log file
2017-01-02 12:26:03Z on time future report... Program Start
2017-01-02 12:26:03Z on time future report... Program END 

Create log file
2017-01-02 12:31:03Z on time future report... Program Start
2017-01-02 12:31:03Z on time future report... Program END 

Create log file
2017-01-02 12:36:03Z on time future report... Program Start
2017-01-02 12:36:03Z on time future report... Program END 

Create log file
2017-01-02 12:41:07Z on time future report... Program Start
2017-01-02 12:41:07Z on time future report... Program END 

Create log file
2017-01-02 12:46:03Z on time future report... Program Start
2017-01-02 12:46:03Z on time future report... Program END 

Create log file
2017-01-02 12:51:03Z on time future report... Program Start
2017-01-02 12:51:03Z on time future report... Program END 

Create log file
2017-01-02 12:56:03Z on time future report... Program Start
2017-01-02 12:56:03Z on time future report... Program END 

Create log file
2017-01-02 13:01:04Z on time future report... Program Start
2017-01-02 13:01:04Z on time future report... Program END 

Create log file
2017-01-02 13:01:05Z Send 國際股市==>  Program Start
2017-01-02 13:01:05Z Send 國際股市==>  Program END 

Create log file
2017-01-02 13:06:04Z on time future report... Program Start
2017-01-02 13:06:04Z on time future report... Program END 

Create log file
2017-01-02 13:11:03Z on time future report... Program Start
2017-01-02 13:11:03Z on time future report... Program END 

Create log file
2017-01-02 13:16:06Z on time future report... Program Start
2017-01-02 13:16:06Z on time future report... Program END 

Create log file
2017-01-02 13:21:04Z on time future report... Program Start
2017-01-02 13:21:04Z on time future report... Program END 

Create log file
2017-01-02 13:26:03Z on time future report... Program Start
2017-01-02 13:26:03Z on time future report... Program END 

Create log file
2017-01-02 13:31:03Z on time future report... Program Start
2017-01-02 13:31:03Z on time future report... Program END 

Create log file
2017-01-02 13:36:03Z on time future report... Program Start
2017-01-02 13:36:03Z on time future report... Program END 

Create log file
2017-01-02 13:41:03Z on time future report... Program Start
2017-01-02 13:41:03Z on time future report... Program END 

Create log file
2017-01-02 13:46:03Z on time future report... Program Start
2017-01-02 13:46:03Z on time future report... Program END 

Create log file
2017-01-02 14:01:01Z Send 國際股市==>  Program Start
2017-01-02 14:01:01Z Send 國際股市==>  Program END 

Create log file
2017-01-02 15:01:01Z Send 國際股市==>  Program Start
2017-01-02 15:01:01Z Send 國際股市==>  Program END 

Create log file
2017-01-02 15:50:16Z option_insert_daily Program Start
2017-01-02 15:50:16Z option_insert_daily Program END 

Create log file
2017-01-02 15:56:27Z Send Option_OIV_daily Program Start
2017-01-02 15:56:27Z Send Option_OIV_daily Program END 

Create log file
2017-01-02 16:01:01Z Send 國際股市==>  Program Start
2017-01-02 16:01:01Z Send 國際股市==>  Program END 

Create log file
2017-01-02 17:01:01Z Send 國際股市==>  Program Start
2017-01-02 17:01:01Z Send 國際股市==>  Program END 

Create log file
2017-01-02 18:01:01Z Send 國際股市==>  Program Start
2017-01-02 18:01:01Z Send 國際股市==>  Program END 

Create log file
2017-01-02 18:01:26Z Send 國際股市==>  Program Start
2017-01-02 18:01:26Z Send 國際股市==>  Program END 

Create log file
2017-01-02 18:01:48Z Send 國際股市==>  Program Start
2017-01-02 18:01:48Z Send 國際股市==>  Program END 

Create log file
2017-01-02 18:02:10Z Send 國際股市==>  Program Start
2017-01-02 18:02:10Z Send 國際股市==>  Program END 

Create log file
2017-01-02 18:02:33Z Send 國際股市==>  Program Start
2017-01-02 18:02:33Z Send 國際股市==>  Program END 

Create log file
2017-01-02 19:01:01Z Send 國際股市==>  Program Start
2017-01-02 19:01:01Z Send 國際股市==>  Program END 

Create log file
2017-01-02 19:01:26Z Send 國際股市==>  Program Start
2017-01-02 19:01:26Z Send 國際股市==>  Program END 

Create log file
2017-01-02 19:01:50Z Send 國際股市==>  Program Start
2017-01-02 19:01:50Z Send 國際股市==>  Program END 

Create log file
2017-01-02 19:02:10Z Send 國際股市==>  Program Start
2017-01-02 19:02:10Z Send 國際股市==>  Program END 

Create log file
2017-01-02 19:02:32Z Send 國際股市==>  Program Start
2017-01-02 19:02:32Z Send 國際股市==>  Program END 

Create log file
2017-01-02 19:02:53Z Send 國際股市==>  Program Start
2017-01-02 19:02:53Z Send 國際股市==>  Program END 

Create log file
2017-01-02 19:03:15Z Send 國際股市==>  Program Start
2017-01-02 19:03:15Z Send 國際股市==>  Program END 

Create log file
2017-01-02 20:01:01Z Send 國際股市==>  Program Start
2017-01-02 20:01:01Z Send 國際股市==>  Program END 

Create log file
2017-01-02 20:10:04Z stock_data_daily_create_file Program Start
2017-01-02 20:10:04Z stock_data_daily_create_file Program END 

Create log file
2017-01-02 20:20:05Z stock_data_insert_daily Program Start
2017-01-02 20:20:05Z stock_data_insert_daily Program END 

Create log file
2017-01-02 20:30:07Z Send 股市氣象台電子報-今日我最夯<==Strong_UP==>  Program Start
2017-01-02 20:30:07Z Send 股市氣象台電子報-今日我最夯<==Strong_UP==>  Program END 

Create log file
2017-01-02 21:01:02Z Send 國際股市==>  Program Start
2017-01-02 21:01:02Z Send 國際股市==>  Program END 

Create log file
2017-01-02 22:01:02Z Send 國際股市==>  Program Start
2017-01-02 22:01:02Z Send 國際股市==>  Program END 

Create log file
2017-01-02 22:01:27Z Send 國際股市==>  Program Start
2017-01-02 22:01:27Z Send 國際股市==>  Program END 

Create log file
2017-01-02 22:01:49Z Send 國際股市==>  Program Start
2017-01-02 22:01:49Z Send 國際股市==>  Program END 

Create log file
2017-01-02 23:01:04Z Send 國際股市==>  Program Start
2017-01-02 23:01:04Z Send 國際股市==>  Program END 

Create log file
2017-01-02 23:01:30Z Send 國際股市==>  Program Start
2017-01-02 23:01:30Z Send 國際股市==>  Program END 

