Create log file
2017-08-25 00:01:01Z Send 國際股市==>  Program Start
2017-08-25 00:01:01Z Send 國際股市==>  Program END 

Create log file
2017-08-25 01:01:01Z Send 國際股市==>  Program Start
2017-08-25 01:01:01Z Send 國際股市==>  Program END 

Create log file
2017-08-25 08:01:05Z Send 國際股市==>  Program Start
2017-08-25 08:01:05Z Send 國際股市==>  Program END 

Create log file
2017-08-25 09:01:01Z Send 國際股市==>  Program Start
2017-08-25 09:01:01Z Send 國際股市==>  Program END 

Create log file
2017-08-25 10:01:01Z Send 國際股市==>  Program Start
2017-08-25 10:01:01Z Send 國際股市==>  Program END 

Create log file
2017-08-25 11:01:04Z Send 國際股市==>  Program Start
2017-08-25 11:01:04Z Send 國際股市==>  Program END 

Create log file
2017-08-25 12:02:18Z Send 國際股市==>  Program Start
2017-08-25 12:02:18Z Send 國際股市==>  Program END 

Create log file
2017-08-25 13:01:04Z Send 國際股市==>  Program Start
2017-08-25 13:01:04Z Send 國際股市==>  Program END 

Create log file
2017-08-25 14:01:04Z Send 國際股市==>  Program Start
2017-08-25 14:01:04Z Send 國際股市==>  Program END 

Create log file
2017-08-25 15:01:04Z Send 國際股市==>  Program Start
2017-08-25 15:01:04Z Send 國際股市==>  Program END 

Create log file
2017-08-25 15:50:42Z option_insert_daily Program Start
2017-08-25 15:50:42Z option_insert_daily Program END 

Create log file
2017-08-25 15:55:22Z Send Option_OIV_daily Program Start
2017-08-25 15:55:22Z Send Option_OIV_daily Program END 

Create log file
2017-08-25 16:01:04Z Send 國際股市==>  Program Start
2017-08-25 16:01:04Z Send 國際股市==>  Program END 

Create log file
2017-08-25 17:01:05Z Send 國際股市==>  Program Start
2017-08-25 17:01:05Z Send 國際股市==>  Program END 

Create log file
2017-08-25 18:01:04Z Send 國際股市==>  Program Start
2017-08-25 18:01:04Z Send 國際股市==>  Program END 

Create log file
2017-08-25 18:01:46Z Send 國際股市==>  Program Start
2017-08-25 18:01:46Z Send 國際股市==>  Program END 

Create log file
2017-08-25 18:02:13Z Send 國際股市==>  Program Start
2017-08-25 18:02:13Z Send 國際股市==>  Program END 

Create log file
2017-08-25 18:02:43Z Send 國際股市==>  Program Start
2017-08-25 18:02:43Z Send 國際股市==>  Program END 

Create log file
2017-08-25 18:03:07Z Send 國際股市==>  Program Start
2017-08-25 18:03:07Z Send 國際股市==>  Program END 

Create log file
2017-08-25 19:01:05Z Send 國際股市==>  Program Start
2017-08-25 19:01:05Z Send 國際股市==>  Program END 

Create log file
2017-08-25 19:01:48Z Send 國際股市==>  Program Start
2017-08-25 19:01:48Z Send 國際股市==>  Program END 

Create log file
2017-08-25 19:02:21Z Send 國際股市==>  Program Start
2017-08-25 19:02:21Z Send 國際股市==>  Program END 

Create log file
2017-08-25 19:02:44Z Send 國際股市==>  Program Start
2017-08-25 19:02:44Z Send 國際股市==>  Program END 

Create log file
2017-08-25 19:03:13Z Send 國際股市==>  Program Start
2017-08-25 19:03:13Z Send 國際股市==>  Program END 

Create log file
2017-08-25 19:03:37Z Send 國際股市==>  Program Start
2017-08-25 19:03:37Z Send 國際股市==>  Program END 

Create log file
2017-08-25 19:04:10Z Send 國際股市==>  Program Start
2017-08-25 19:04:10Z Send 國際股市==>  Program END 

Create log file
2017-08-25 20:01:05Z Send 國際股市==>  Program Start
2017-08-25 20:01:05Z Send 國際股市==>  Program END 

Create log file
2017-08-25 21:01:04Z Send 國際股市==>  Program Start
2017-08-25 21:01:04Z Send 國際股市==>  Program END 

Create log file
2017-08-25 22:01:02Z Send 國際股市==>  Program Start
2017-08-25 22:01:02Z Send 國際股市==>  Program END 

Create log file
2017-08-25 22:01:27Z Send 國際股市==>  Program Start
2017-08-25 22:01:27Z Send 國際股市==>  Program END 

Create log file
2017-08-25 22:02:02Z Send 國際股市==>  Program Start
2017-08-25 22:02:02Z Send 國際股市==>  Program END 

Create log file
2017-08-25 23:01:02Z Send 國際股市==>  Program Start
2017-08-25 23:01:02Z Send 國際股市==>  Program END 

Create log file
2017-08-25 23:01:45Z Send 國際股市==>  Program Start
2017-08-25 23:01:45Z Send 國際股市==>  Program END 

