Create log file
2017-07-07 00:01:01Z Send 國際股市==>  Program Start
2017-07-07 00:01:01Z Send 國際股市==>  Program END 

Create log file
2017-07-07 01:01:01Z Send 國際股市==>  Program Start
2017-07-07 01:01:01Z Send 國際股市==>  Program END 

Create log file
2017-07-07 08:01:01Z Send 國際股市==>  Program Start
2017-07-07 08:01:01Z Send 國際股市==>  Program END 

Create log file
2017-07-07 08:01:43Z Send 國際股市==>  Program Start
2017-07-07 08:01:43Z Send 國際股市==>  Program END 

Create log file
2017-07-07 09:01:01Z Send 國際股市==>  Program Start
2017-07-07 09:01:01Z Send 國際股市==>  Program END 

Create log file
2017-07-07 10:01:01Z Send 國際股市==>  Program Start
2017-07-07 10:01:01Z Send 國際股市==>  Program END 

Create log file
2017-07-07 11:01:01Z Send 國際股市==>  Program Start
2017-07-07 11:01:01Z Send 國際股市==>  Program END 

Create log file
2017-07-07 12:01:01Z Send 國際股市==>  Program Start
2017-07-07 12:01:01Z Send 國際股市==>  Program END 

Create log file
2017-07-07 13:01:01Z Send 國際股市==>  Program Start
2017-07-07 13:01:01Z Send 國際股市==>  Program END 

Create log file
2017-07-07 14:01:01Z Send 國際股市==>  Program Start
2017-07-07 14:01:01Z Send 國際股市==>  Program END 

Create log file
2017-07-07 15:01:01Z Send 國際股市==>  Program Start
2017-07-07 15:01:01Z Send 國際股市==>  Program END 

Create log file
2017-07-07 15:50:22Z option_insert_daily Program Start
2017-07-07 15:50:22Z option_insert_daily Program END 

Create log file
2017-07-07 15:55:24Z Send Option_OIV_daily Program Start
2017-07-07 15:55:24Z Send Option_OIV_daily Program END 

Create log file
2017-07-07 16:01:01Z Send 國際股市==>  Program Start
2017-07-07 16:01:01Z Send 國際股市==>  Program END 

Create log file
2017-07-07 17:01:01Z Send 國際股市==>  Program Start
2017-07-07 17:01:01Z Send 國際股市==>  Program END 

Create log file
2017-07-07 18:01:02Z Send 國際股市==>  Program Start
2017-07-07 18:01:02Z Send 國際股市==>  Program END 

Create log file
2017-07-07 18:01:37Z Send 國際股市==>  Program Start
2017-07-07 18:01:37Z Send 國際股市==>  Program END 

Create log file
2017-07-07 18:02:03Z Send 國際股市==>  Program Start
2017-07-07 18:02:03Z Send 國際股市==>  Program END 

Create log file
2017-07-07 18:02:31Z Send 國際股市==>  Program Start
2017-07-07 18:02:31Z Send 國際股市==>  Program END 

Create log file
2017-07-07 18:02:54Z Send 國際股市==>  Program Start
2017-07-07 18:02:54Z Send 國際股市==>  Program END 

Create log file
2017-07-07 19:01:01Z Send 國際股市==>  Program Start
2017-07-07 19:01:01Z Send 國際股市==>  Program END 

Create log file
2017-07-07 19:01:37Z Send 國際股市==>  Program Start
2017-07-07 19:01:37Z Send 國際股市==>  Program END 

Create log file
2017-07-07 19:02:07Z Send 國際股市==>  Program Start
2017-07-07 19:02:07Z Send 國際股市==>  Program END 

Create log file
2017-07-07 19:02:30Z Send 國際股市==>  Program Start
2017-07-07 19:02:30Z Send 國際股市==>  Program END 

Create log file
2017-07-07 20:01:03Z Send 國際股市==>  Program Start
2017-07-07 20:01:03Z Send 國際股市==>  Program END 

Create log file
2017-07-07 20:20:11Z stock_data_insert_daily Program Start
2017-07-07 20:20:11Z stock_data_insert_daily Program END 

Create log file
2017-07-07 20:30:17Z Send 股市氣象台電子報-今日我最夯<==Strong_UP==>  Program Start
2017-07-07 20:30:17Z Send 股市氣象台電子報-今日我最夯<==Strong_UP==>  Program END 

Create log file
2017-07-07 21:01:01Z Send 國際股市==>  Program Start
2017-07-07 21:01:01Z Send 國際股市==>  Program END 

Create log file
2017-07-07 22:01:04Z Send 國際股市==>  Program Start
2017-07-07 22:01:04Z Send 國際股市==>  Program END 

Create log file
2017-07-07 22:01:28Z Send 國際股市==>  Program Start
2017-07-07 22:01:28Z Send 國際股市==>  Program END 

Create log file
2017-07-07 22:01:56Z Send 國際股市==>  Program Start
2017-07-07 22:01:56Z Send 國際股市==>  Program END 

Create log file
2017-07-07 23:01:04Z Send 國際股市==>  Program Start
2017-07-07 23:01:04Z Send 國際股市==>  Program END 

Create log file
2017-07-07 23:01:40Z Send 國際股市==>  Program Start
2017-07-07 23:01:40Z Send 國際股市==>  Program END 

