Create log file
2017-10-26 00:01:05Z Send 國際股市==>  Program Start
2017-10-26 00:01:05Z Send 國際股市==>  Program END 

Create log file
2017-10-26 01:01:05Z Send 國際股市==>  Program Start
2017-10-26 01:01:05Z Send 國際股市==>  Program END 

Create log file
2017-10-26 08:01:04Z Send 國際股市==>  Program Start
2017-10-26 08:01:04Z Send 國際股市==>  Program END 

Create log file
2017-10-26 08:01:41Z Send 國際股市==>  Program Start
2017-10-26 08:01:41Z Send 國際股市==>  Program END 

Create log file
2017-10-26 08:02:09Z Send 國際股市==>  Program Start
2017-10-26 08:02:09Z Send 國際股市==>  Program END 

Create log file
2017-10-26 08:02:37Z Send 國際股市==>  Program Start
2017-10-26 08:02:37Z Send 國際股市==>  Program END 

Create log file
2017-10-26 09:01:04Z Send 國際股市==>  Program Start
2017-10-26 09:01:04Z Send 國際股市==>  Program END 

Create log file
2017-10-26 10:01:04Z Send 國際股市==>  Program Start
2017-10-26 10:01:04Z Send 國際股市==>  Program END 

Create log file
2017-10-26 11:01:05Z Send 國際股市==>  Program Start
2017-10-26 11:01:05Z Send 國際股市==>  Program END 

Create log file
2017-10-26 12:01:05Z Send 國際股市==>  Program Start
2017-10-26 12:01:05Z Send 國際股市==>  Program END 

Create log file
2017-10-26 13:01:05Z Send 國際股市==>  Program Start
2017-10-26 13:01:05Z Send 國際股市==>  Program END 

Create log file
2017-10-26 14:01:04Z Send 國際股市==>  Program Start
2017-10-26 14:01:04Z Send 國際股市==>  Program END 

Create log file
2017-10-26 15:01:05Z Send 國際股市==>  Program Start
2017-10-26 15:01:05Z Send 國際股市==>  Program END 

Create log file
2017-10-26 15:50:22Z option_insert_daily Program Start
2017-10-26 15:50:22Z option_insert_daily Program END 

Create log file
2017-10-26 15:55:27Z Send Option_OIV_daily Program Start
2017-10-26 15:55:27Z Send Option_OIV_daily Program END 

Create log file
2017-10-26 16:01:05Z Send 國際股市==>  Program Start
2017-10-26 16:01:05Z Send 國際股市==>  Program END 

Create log file
2017-10-26 17:01:04Z Send 國際股市==>  Program Start
2017-10-26 17:01:04Z Send 國際股市==>  Program END 

Create log file
2017-10-26 18:01:04Z Send 國際股市==>  Program Start
2017-10-26 18:01:04Z Send 國際股市==>  Program END 

Create log file
2017-10-26 18:01:29Z Send 國際股市==>  Program Start
2017-10-26 18:01:29Z Send 國際股市==>  Program END 

Create log file
2017-10-26 18:01:57Z Send 國際股市==>  Program Start
2017-10-26 18:01:57Z Send 國際股市==>  Program END 

Create log file
2017-10-26 18:02:25Z Send 國際股市==>  Program Start
2017-10-26 18:02:25Z Send 國際股市==>  Program END 

Create log file
2017-10-26 18:02:47Z Send 國際股市==>  Program Start
2017-10-26 18:02:47Z Send 國際股市==>  Program END 

Create log file
2017-10-26 20:01:04Z Send 國際股市==>  Program Start
2017-10-26 20:01:04Z Send 國際股市==>  Program END 

Create log file
2017-10-26 20:47:33Z Send 國際股市==>  Program Start
2017-10-26 20:47:33Z Send 國際股市==>  Program END 

Create log file
2017-10-26 21:01:05Z Send 國際股市==>  Program Start
2017-10-26 21:01:05Z Send 國際股市==>  Program END 

Create log file
2017-10-26 22:01:02Z Send 國際股市==>  Program Start
2017-10-26 22:01:02Z Send 國際股市==>  Program END 

Create log file
2017-10-26 22:01:26Z Send 國際股市==>  Program Start
2017-10-26 22:01:26Z Send 國際股市==>  Program END 

Create log file
2017-10-26 22:01:53Z Send 國際股市==>  Program Start
2017-10-26 22:01:53Z Send 國際股市==>  Program END 

Create log file
2017-10-26 23:01:01Z Send 國際股市==>  Program Start
2017-10-26 23:01:01Z Send 國際股市==>  Program END 

Create log file
2017-10-26 23:01:37Z Send 國際股市==>  Program Start
2017-10-26 23:01:37Z Send 國際股市==>  Program END 

