Create log file
2017-07-12 00:01:04Z Send 國際股市==>  Program Start
2017-07-12 00:01:04Z Send 國際股市==>  Program END 

Create log file
2017-07-12 01:01:03Z Send 國際股市==>  Program Start
2017-07-12 01:01:03Z Send 國際股市==>  Program END 

Create log file
2017-07-12 08:01:03Z Send 國際股市==>  Program Start
2017-07-12 08:01:03Z Send 國際股市==>  Program END 

Create log file
2017-07-12 08:01:40Z Send 國際股市==>  Program Start
2017-07-12 08:01:40Z Send 國際股市==>  Program END 

Create log file
2017-07-12 08:02:08Z Send 國際股市==>  Program Start
2017-07-12 08:02:08Z Send 國際股市==>  Program END 

Create log file
2017-07-12 08:02:37Z Send 國際股市==>  Program Start
2017-07-12 08:02:37Z Send 國際股市==>  Program END 

Create log file
2017-07-12 09:01:03Z Send 國際股市==>  Program Start
2017-07-12 09:01:03Z Send 國際股市==>  Program END 

Create log file
2017-07-12 10:01:04Z Send 國際股市==>  Program Start
2017-07-12 10:01:04Z Send 國際股市==>  Program END 

Create log file
2017-07-12 11:01:03Z Send 國際股市==>  Program Start
2017-07-12 11:01:03Z Send 國際股市==>  Program END 

Create log file
2017-07-12 12:01:03Z Send 國際股市==>  Program Start
2017-07-12 12:01:03Z Send 國際股市==>  Program END 

Create log file
2017-07-12 13:01:04Z Send 國際股市==>  Program Start
2017-07-12 13:01:04Z Send 國際股市==>  Program END 

Create log file
2017-07-12 14:01:03Z Send 國際股市==>  Program Start
2017-07-12 14:01:03Z Send 國際股市==>  Program END 

Create log file
2017-07-12 15:01:03Z Send 國際股市==>  Program Start
2017-07-12 15:01:03Z Send 國際股市==>  Program END 

Create log file
2017-07-12 15:50:19Z option_insert_daily Program Start
2017-07-12 15:50:19Z option_insert_daily Program END 

Create log file
2017-07-12 15:55:26Z Send Option_OIV_daily Program Start
2017-07-12 15:55:26Z Send Option_OIV_daily Program END 

Create log file
2017-07-12 16:01:04Z Send 國際股市==>  Program Start
2017-07-12 16:01:04Z Send 國際股市==>  Program END 

Create log file
2017-07-12 17:01:03Z Send 國際股市==>  Program Start
2017-07-12 17:01:03Z Send 國際股市==>  Program END 

Create log file
2017-07-12 18:01:03Z Send 國際股市==>  Program Start
2017-07-12 18:01:03Z Send 國際股市==>  Program END 

Create log file
2017-07-12 18:01:40Z Send 國際股市==>  Program Start
2017-07-12 18:01:40Z Send 國際股市==>  Program END 

Create log file
2017-07-12 18:02:06Z Send 國際股市==>  Program Start
2017-07-12 18:02:06Z Send 國際股市==>  Program END 

Create log file
2017-07-12 18:02:35Z Send 國際股市==>  Program Start
2017-07-12 18:02:35Z Send 國際股市==>  Program END 

Create log file
2017-07-12 18:02:59Z Send 國際股市==>  Program Start
2017-07-12 18:02:59Z Send 國際股市==>  Program END 

Create log file
2017-07-12 19:01:04Z Send 國際股市==>  Program Start
2017-07-12 19:01:04Z Send 國際股市==>  Program END 

Create log file
2017-07-12 19:01:38Z Send 國際股市==>  Program Start
2017-07-12 19:01:38Z Send 國際股市==>  Program END 

Create log file
2017-07-12 19:02:08Z Send 國際股市==>  Program Start
2017-07-12 19:02:08Z Send 國際股市==>  Program END 

Create log file
2017-07-12 19:02:31Z Send 國際股市==>  Program Start
2017-07-12 19:02:31Z Send 國際股市==>  Program END 

Create log file
2017-07-12 19:02:58Z Send 國際股市==>  Program Start
2017-07-12 19:02:58Z Send 國際股市==>  Program END 

Create log file
2017-07-12 19:03:22Z Send 國際股市==>  Program Start
2017-07-12 19:03:22Z Send 國際股市==>  Program END 

Create log file
2017-07-12 19:03:52Z Send 國際股市==>  Program Start
2017-07-12 19:03:52Z Send 國際股市==>  Program END 

Create log file
2017-07-12 20:01:03Z Send 國際股市==>  Program Start
2017-07-12 20:01:03Z Send 國際股市==>  Program END 

Create log file
2017-07-12 20:20:31Z stock_data_insert_daily Program Start
2017-07-12 20:20:31Z stock_data_insert_daily Program END 

Create log file
2017-07-12 20:30:18Z Send 股市氣象台電子報-今日我最夯<==Strong_UP==>  Program Start
2017-07-12 20:30:18Z Send 股市氣象台電子報-今日我最夯<==Strong_UP==>  Program END 

Create log file
2017-07-12 21:01:04Z Send 國際股市==>  Program Start
2017-07-12 21:01:04Z Send 國際股市==>  Program END 

Create log file
2017-07-12 22:01:03Z Send 國際股市==>  Program Start
2017-07-12 22:01:03Z Send 國際股市==>  Program END 

Create log file
2017-07-12 22:01:41Z Send 國際股市==>  Program Start
2017-07-12 22:01:41Z Send 國際股市==>  Program END 

Create log file
2017-07-12 22:02:07Z Send 國際股市==>  Program Start
2017-07-12 22:02:07Z Send 國際股市==>  Program END 

Create log file
2017-07-12 23:01:04Z Send 國際股市==>  Program Start
2017-07-12 23:01:04Z Send 國際股市==>  Program END 

Create log file
2017-07-12 23:01:40Z Send 國際股市==>  Program Start
2017-07-12 23:01:40Z Send 國際股市==>  Program END 

