Create log file
2017-08-14 08:01:06Z Send 國際股市==>  Program Start
2017-08-14 08:01:06Z Send 國際股市==>  Program END 

Create log file
2017-08-14 08:01:31Z Send 國際股市==>  Program Start
2017-08-14 08:01:31Z Send 國際股市==>  Program END 

Create log file
2017-08-14 08:01:58Z Send 國際股市==>  Program Start
2017-08-14 08:01:58Z Send 國際股市==>  Program END 

Create log file
2017-08-14 08:02:27Z Send 國際股市==>  Program Start
2017-08-14 08:02:27Z Send 國際股市==>  Program END 

Create log file
2017-08-14 09:01:04Z Send 國際股市==>  Program Start
2017-08-14 09:01:04Z Send 國際股市==>  Program END 

Create log file
2017-08-14 10:01:04Z Send 國際股市==>  Program Start
2017-08-14 10:01:04Z Send 國際股市==>  Program END 

Create log file
2017-08-14 11:01:04Z Send 國際股市==>  Program Start
2017-08-14 11:01:04Z Send 國際股市==>  Program END 

Create log file
2017-08-14 12:01:04Z Send 國際股市==>  Program Start
2017-08-14 12:01:04Z Send 國際股市==>  Program END 

Create log file
2017-08-14 13:01:04Z Send 國際股市==>  Program Start
2017-08-14 13:01:04Z Send 國際股市==>  Program END 

Create log file
2017-08-14 14:01:04Z Send 國際股市==>  Program Start
2017-08-14 14:01:04Z Send 國際股市==>  Program END 

Create log file
2017-08-14 15:01:04Z Send 國際股市==>  Program Start
2017-08-14 15:01:04Z Send 國際股市==>  Program END 

Create log file
2017-08-14 15:50:21Z option_insert_daily Program Start
2017-08-14 15:50:21Z option_insert_daily Program END 

Create log file
2017-08-14 15:55:16Z Send Option_OIV_daily Program Start
2017-08-14 15:55:16Z Send Option_OIV_daily Program END 

Create log file
2017-08-14 16:01:03Z Send 國際股市==>  Program Start
2017-08-14 16:01:03Z Send 國際股市==>  Program END 

Create log file
2017-08-14 17:01:04Z Send 國際股市==>  Program Start
2017-08-14 17:01:04Z Send 國際股市==>  Program END 

Create log file
2017-08-14 18:01:04Z Send 國際股市==>  Program Start
2017-08-14 18:01:04Z Send 國際股市==>  Program END 

Create log file
2017-08-14 18:01:41Z Send 國際股市==>  Program Start
2017-08-14 18:01:41Z Send 國際股市==>  Program END 

Create log file
2017-08-14 18:02:07Z Send 國際股市==>  Program Start
2017-08-14 18:02:07Z Send 國際股市==>  Program END 

Create log file
2017-08-14 18:02:36Z Send 國際股市==>  Program Start
2017-08-14 18:02:36Z Send 國際股市==>  Program END 

Create log file
2017-08-14 18:02:59Z Send 國際股市==>  Program Start
2017-08-14 18:02:59Z Send 國際股市==>  Program END 

Create log file
2017-08-14 19:01:04Z Send 國際股市==>  Program Start
2017-08-14 19:01:04Z Send 國際股市==>  Program END 

Create log file
2017-08-14 19:01:41Z Send 國際股市==>  Program Start
2017-08-14 19:01:41Z Send 國際股市==>  Program END 

Create log file
2017-08-14 19:02:11Z Send 國際股市==>  Program Start
2017-08-14 19:02:11Z Send 國際股市==>  Program END 

Create log file
2017-08-14 19:02:34Z Send 國際股市==>  Program Start
2017-08-14 19:02:34Z Send 國際股市==>  Program END 

Create log file
2017-08-14 19:03:00Z Send 國際股市==>  Program Start
2017-08-14 19:03:00Z Send 國際股市==>  Program END 

Create log file
2017-08-14 19:03:25Z Send 國際股市==>  Program Start
2017-08-14 19:03:25Z Send 國際股市==>  Program END 

Create log file
2017-08-14 19:03:54Z Send 國際股市==>  Program Start
2017-08-14 19:03:54Z Send 國際股市==>  Program END 

Create log file
2017-08-14 20:01:05Z Send 國際股市==>  Program Start
2017-08-14 20:01:05Z Send 國際股市==>  Program END 

Create log file
2017-08-14 21:01:03Z Send 國際股市==>  Program Start
2017-08-14 21:01:03Z Send 國際股市==>  Program END 

Create log file
2017-08-14 22:01:04Z Send 國際股市==>  Program Start
2017-08-14 22:01:04Z Send 國際股市==>  Program END 

Create log file
2017-08-14 22:01:40Z Send 國際股市==>  Program Start
2017-08-14 22:01:40Z Send 國際股市==>  Program END 

Create log file
2017-08-14 22:02:07Z Send 國際股市==>  Program Start
2017-08-14 22:02:07Z Send 國際股市==>  Program END 

Create log file
2017-08-14 23:01:01Z Send 國際股市==>  Program Start
2017-08-14 23:01:01Z Send 國際股市==>  Program END 

Create log file
2017-08-14 23:01:41Z Send 國際股市==>  Program Start
2017-08-14 23:01:41Z Send 國際股市==>  Program END 

