Create log file
2017-07-21 00:01:01Z Send 國際股市==>  Program Start
2017-07-21 00:01:01Z Send 國際股市==>  Program END 

Create log file
2017-07-21 01:01:01Z Send 國際股市==>  Program Start
2017-07-21 01:01:01Z Send 國際股市==>  Program END 

Create log file
2017-07-21 08:01:01Z Send 國際股市==>  Program Start
2017-07-21 08:01:01Z Send 國際股市==>  Program END 

Create log file
2017-07-21 08:01:36Z Send 國際股市==>  Program Start
2017-07-21 08:01:36Z Send 國際股市==>  Program END 

Create log file
2017-07-21 08:02:04Z Send 國際股市==>  Program Start
2017-07-21 08:02:04Z Send 國際股市==>  Program END 

Create log file
2017-07-21 08:02:33Z Send 國際股市==>  Program Start
2017-07-21 08:02:33Z Send 國際股市==>  Program END 

Create log file
2017-07-21 09:01:01Z Send 國際股市==>  Program Start
2017-07-21 09:01:01Z Send 國際股市==>  Program END 

Create log file
2017-07-21 10:01:01Z Send 國際股市==>  Program Start
2017-07-21 10:01:01Z Send 國際股市==>  Program END 

Create log file
2017-07-21 11:01:01Z Send 國際股市==>  Program Start
2017-07-21 11:01:01Z Send 國際股市==>  Program END 

Create log file
2017-07-21 12:01:01Z Send 國際股市==>  Program Start
2017-07-21 12:01:01Z Send 國際股市==>  Program END 

Create log file
2017-07-21 13:01:01Z Send 國際股市==>  Program Start
2017-07-21 13:01:01Z Send 國際股市==>  Program END 

Create log file
2017-07-21 14:01:01Z Send 國際股市==>  Program Start
2017-07-21 14:01:01Z Send 國際股市==>  Program END 

Create log file
2017-07-21 15:01:01Z Send 國際股市==>  Program Start
2017-07-21 15:01:01Z Send 國際股市==>  Program END 

Create log file
2017-07-21 15:50:20Z option_insert_daily Program Start
2017-07-21 15:50:20Z option_insert_daily Program END 

Create log file
2017-07-21 15:55:24Z Send Option_OIV_daily Program Start
2017-07-21 15:55:24Z Send Option_OIV_daily Program END 

Create log file
2017-07-21 16:01:01Z Send 國際股市==>  Program Start
2017-07-21 16:01:01Z Send 國際股市==>  Program END 

Create log file
2017-07-21 17:01:01Z Send 國際股市==>  Program Start
2017-07-21 17:01:01Z Send 國際股市==>  Program END 

Create log file
2017-07-21 18:01:01Z Send 國際股市==>  Program Start
2017-07-21 18:01:01Z Send 國際股市==>  Program END 

Create log file
2017-07-21 18:01:40Z Send 國際股市==>  Program Start
2017-07-21 18:01:40Z Send 國際股市==>  Program END 

Create log file
2017-07-21 18:02:16Z Send 國際股市==>  Program Start
2017-07-21 18:02:16Z Send 國際股市==>  Program END 

Create log file
2017-07-21 18:02:46Z Send 國際股市==>  Program Start
2017-07-21 18:02:46Z Send 國際股市==>  Program END 

Create log file
2017-07-21 18:03:11Z Send 國際股市==>  Program Start
2017-07-21 18:03:11Z Send 國際股市==>  Program END 

Create log file
2017-07-21 19:01:01Z Send 國際股市==>  Program Start
2017-07-21 19:01:01Z Send 國際股市==>  Program END 

Create log file
2017-07-21 19:01:37Z Send 國際股市==>  Program Start
2017-07-21 19:01:37Z Send 國際股市==>  Program END 

Create log file
2017-07-21 19:02:10Z Send 國際股市==>  Program Start
2017-07-21 19:02:10Z Send 國際股市==>  Program END 

Create log file
2017-07-21 19:02:34Z Send 國際股市==>  Program Start
2017-07-21 19:02:34Z Send 國際股市==>  Program END 

Create log file
2017-07-21 19:03:02Z Send 國際股市==>  Program Start
2017-07-21 19:03:02Z Send 國際股市==>  Program END 

Create log file
2017-07-21 19:03:26Z Send 國際股市==>  Program Start
2017-07-21 19:03:26Z Send 國際股市==>  Program END 

Create log file
2017-07-21 19:03:55Z Send 國際股市==>  Program Start
2017-07-21 19:03:55Z Send 國際股市==>  Program END 

Create log file
2017-07-21 20:01:01Z Send 國際股市==>  Program Start
2017-07-21 20:01:01Z Send 國際股市==>  Program END 

Create log file
2017-07-21 20:20:08Z stock_data_insert_daily Program Start
2017-07-21 20:20:08Z stock_data_insert_daily Program END 

Create log file
2017-07-21 20:30:20Z Send 股市氣象台電子報-今日我最夯<==Strong_UP==>  Program Start
2017-07-21 20:30:20Z Send 股市氣象台電子報-今日我最夯<==Strong_UP==>  Program END 

Create log file
2017-07-21 21:01:01Z Send 國際股市==>  Program Start
2017-07-21 21:01:01Z Send 國際股市==>  Program END 

Create log file
2017-07-21 22:01:03Z Send 國際股市==>  Program Start
2017-07-21 22:01:03Z Send 國際股市==>  Program END 

Create log file
2017-07-21 22:01:39Z Send 國際股市==>  Program Start
2017-07-21 22:01:39Z Send 國際股市==>  Program END 

Create log file
2017-07-21 22:02:08Z Send 國際股市==>  Program Start
2017-07-21 22:02:08Z Send 國際股市==>  Program END 

Create log file
2017-07-21 23:01:03Z Send 國際股市==>  Program Start
2017-07-21 23:01:03Z Send 國際股市==>  Program END 

Create log file
2017-07-21 23:01:37Z Send 國際股市==>  Program Start
2017-07-21 23:01:37Z Send 國際股市==>  Program END 

