Create log file
2017-08-17 00:01:04Z Send 國際股市==>  Program Start
2017-08-17 00:01:04Z Send 國際股市==>  Program END 

Create log file
2017-08-17 01:01:03Z Send 國際股市==>  Program Start
2017-08-17 01:01:03Z Send 國際股市==>  Program END 

Create log file
2017-08-17 08:01:03Z Send 國際股市==>  Program Start
2017-08-17 08:01:03Z Send 國際股市==>  Program END 

Create log file
2017-08-17 08:02:23Z Send 國際股市==>  Program Start
2017-08-17 08:02:23Z Send 國際股市==>  Program END 

Create log file
2017-08-17 08:03:10Z Send 國際股市==>  Program Start
2017-08-17 08:03:10Z Send 國際股市==>  Program END 

Create log file
2017-08-17 08:04:14Z Send 國際股市==>  Program Start
2017-08-17 08:04:14Z Send 國際股市==>  Program END 

Create log file
2017-08-17 09:01:03Z Send 國際股市==>  Program Start
2017-08-17 09:01:03Z Send 國際股市==>  Program END 

Create log file
2017-08-17 10:01:03Z Send 國際股市==>  Program Start
2017-08-17 10:01:03Z Send 國際股市==>  Program END 

Create log file
2017-08-17 11:01:03Z Send 國際股市==>  Program Start
2017-08-17 11:01:03Z Send 國際股市==>  Program END 

Create log file
2017-08-17 12:01:03Z Send 國際股市==>  Program Start
2017-08-17 12:01:03Z Send 國際股市==>  Program END 

Create log file
2017-08-17 13:01:03Z Send 國際股市==>  Program Start
2017-08-17 13:01:03Z Send 國際股市==>  Program END 

Create log file
2017-08-17 14:01:03Z Send 國際股市==>  Program Start
2017-08-17 14:01:03Z Send 國際股市==>  Program END 

Create log file
2017-08-17 15:01:03Z Send 國際股市==>  Program Start
2017-08-17 15:01:03Z Send 國際股市==>  Program END 

Create log file
2017-08-17 15:50:22Z option_insert_daily Program Start
2017-08-17 15:50:22Z option_insert_daily Program END 

Create log file
2017-08-17 15:55:24Z Send Option_OIV_daily Program Start
2017-08-17 15:55:24Z Send Option_OIV_daily Program END 

Create log file
2017-08-17 16:01:03Z Send 國際股市==>  Program Start
2017-08-17 16:01:03Z Send 國際股市==>  Program END 

Create log file
2017-08-17 17:01:03Z Send 國際股市==>  Program Start
2017-08-17 17:01:03Z Send 國際股市==>  Program END 

Create log file
2017-08-17 18:01:03Z Send 國際股市==>  Program Start
2017-08-17 18:01:03Z Send 國際股市==>  Program END 

Create log file
2017-08-17 18:02:24Z Send 國際股市==>  Program Start
2017-08-17 18:02:24Z Send 國際股市==>  Program END 

Create log file
2017-08-17 18:02:57Z Send 國際股市==>  Program Start
2017-08-17 18:02:57Z Send 國際股市==>  Program END 

Create log file
2017-08-17 18:03:43Z Send 國際股市==>  Program Start
2017-08-17 18:03:43Z Send 國際股市==>  Program END 

Create log file
2017-08-17 18:04:09Z Send 國際股市==>  Program Start
2017-08-17 18:04:09Z Send 國際股市==>  Program END 

Create log file
2017-08-17 19:01:03Z Send 國際股市==>  Program Start
2017-08-17 19:01:03Z Send 國際股市==>  Program END 

Create log file
2017-08-17 19:02:21Z Send 國際股市==>  Program Start
2017-08-17 19:02:21Z Send 國際股市==>  Program END 

Create log file
2017-08-17 19:02:46Z Send 國際股市==>  Program Start
2017-08-17 19:02:46Z Send 國際股市==>  Program END 

Create log file
2017-08-17 19:03:10Z Send 國際股市==>  Program Start
2017-08-17 19:03:10Z Send 國際股市==>  Program END 

Create log file
2017-08-17 19:03:49Z Send 國際股市==>  Program Start
2017-08-17 19:03:49Z Send 國際股市==>  Program END 

Create log file
2017-08-17 19:04:16Z Send 國際股市==>  Program Start
2017-08-17 19:04:16Z Send 國際股市==>  Program END 

Create log file
2017-08-17 19:05:04Z Send 國際股市==>  Program Start
2017-08-17 19:05:04Z Send 國際股市==>  Program END 

Create log file
2017-08-17 20:01:02Z Send 國際股市==>  Program Start
2017-08-17 20:01:02Z Send 國際股市==>  Program END 

Create log file
2017-08-17 21:01:11Z Send 國際股市==>  Program Start
2017-08-17 21:01:11Z Send 國際股市==>  Program END 

Create log file
2017-08-17 22:01:04Z Send 國際股市==>  Program Start
2017-08-17 22:01:04Z Send 國際股市==>  Program END 

Create log file
2017-08-17 22:01:29Z Send 國際股市==>  Program Start
2017-08-17 22:01:29Z Send 國際股市==>  Program END 

Create log file
2017-08-17 22:02:12Z Send 國際股市==>  Program Start
2017-08-17 22:02:12Z Send 國際股市==>  Program END 

Create log file
2017-08-17 23:01:03Z Send 國際股市==>  Program Start
2017-08-17 23:01:03Z Send 國際股市==>  Program END 

Create log file
2017-08-17 23:01:29Z Send 國際股市==>  Program Start
2017-08-17 23:01:29Z Send 國際股市==>  Program END 

