Create log file
2017-10-16 08:01:04Z Send 國際股市==>  Program Start
2017-10-16 08:01:04Z Send 國際股市==>  Program END 

Create log file
2017-10-16 08:01:41Z Send 國際股市==>  Program Start
2017-10-16 08:01:41Z Send 國際股市==>  Program END 

Create log file
2017-10-16 08:02:09Z Send 國際股市==>  Program Start
2017-10-16 08:02:09Z Send 國際股市==>  Program END 

Create log file
2017-10-16 08:02:36Z Send 國際股市==>  Program Start
2017-10-16 08:02:36Z Send 國際股市==>  Program END 

Create log file
2017-10-16 09:01:04Z Send 國際股市==>  Program Start
2017-10-16 09:01:04Z Send 國際股市==>  Program END 

Create log file
2017-10-16 10:01:04Z Send 國際股市==>  Program Start
2017-10-16 10:01:04Z Send 國際股市==>  Program END 

Create log file
2017-10-16 11:01:03Z Send 國際股市==>  Program Start
2017-10-16 11:01:03Z Send 國際股市==>  Program END 

Create log file
2017-10-16 12:01:04Z Send 國際股市==>  Program Start
2017-10-16 12:01:04Z Send 國際股市==>  Program END 

Create log file
2017-10-16 13:01:04Z Send 國際股市==>  Program Start
2017-10-16 13:01:04Z Send 國際股市==>  Program END 

Create log file
2017-10-16 14:01:03Z Send 國際股市==>  Program Start
2017-10-16 14:01:03Z Send 國際股市==>  Program END 

Create log file
2017-10-16 15:01:04Z Send 國際股市==>  Program Start
2017-10-16 15:01:04Z Send 國際股市==>  Program END 

Create log file
2017-10-16 15:50:25Z option_insert_daily Program Start
2017-10-16 15:50:25Z option_insert_daily Program END 

Create log file
2017-10-16 15:55:18Z Send Option_OIV_daily Program Start
2017-10-16 15:55:18Z Send Option_OIV_daily Program END 

Create log file
2017-10-16 16:01:03Z Send 國際股市==>  Program Start
2017-10-16 16:01:03Z Send 國際股市==>  Program END 

Create log file
2017-10-16 17:01:04Z Send 國際股市==>  Program Start
2017-10-16 17:01:04Z Send 國際股市==>  Program END 

Create log file
2017-10-16 18:01:03Z Send 國際股市==>  Program Start
2017-10-16 18:01:03Z Send 國際股市==>  Program END 

Create log file
2017-10-16 18:01:39Z Send 國際股市==>  Program Start
2017-10-16 18:01:39Z Send 國際股市==>  Program END 

Create log file
2017-10-16 18:02:04Z Send 國際股市==>  Program Start
2017-10-16 18:02:04Z Send 國際股市==>  Program END 

Create log file
2017-10-16 18:02:32Z Send 國際股市==>  Program Start
2017-10-16 18:02:32Z Send 國際股市==>  Program END 

Create log file
2017-10-16 18:02:54Z Send 國際股市==>  Program Start
2017-10-16 18:02:54Z Send 國際股市==>  Program END 

Create log file
2017-10-16 19:01:03Z Send 國際股市==>  Program Start
2017-10-16 19:01:03Z Send 國際股市==>  Program END 

Create log file
2017-10-16 19:01:38Z Send 國際股市==>  Program Start
2017-10-16 19:01:38Z Send 國際股市==>  Program END 

Create log file
2017-10-16 19:02:02Z Send 國際股市==>  Program Start
2017-10-16 19:02:02Z Send 國際股市==>  Program END 

Create log file
2017-10-16 19:02:24Z Send 國際股市==>  Program Start
2017-10-16 19:02:24Z Send 國際股市==>  Program END 

Create log file
2017-10-16 19:02:49Z Send 國際股市==>  Program Start
2017-10-16 19:02:49Z Send 國際股市==>  Program END 

Create log file
2017-10-16 19:03:15Z Send 國際股市==>  Program Start
2017-10-16 19:03:15Z Send 國際股市==>  Program END 

Create log file
2017-10-16 19:03:43Z Send 國際股市==>  Program Start
2017-10-16 19:03:43Z Send 國際股市==>  Program END 

Create log file
2017-10-16 20:01:02Z Send 國際股市==>  Program Start
2017-10-16 20:01:02Z Send 國際股市==>  Program END 

Create log file
2017-10-16 21:01:03Z Send 國際股市==>  Program Start
2017-10-16 21:01:03Z Send 國際股市==>  Program END 

Create log file
2017-10-16 22:01:01Z Send 國際股市==>  Program Start
2017-10-16 22:01:01Z Send 國際股市==>  Program END 

Create log file
2017-10-16 22:01:37Z Send 國際股市==>  Program Start
2017-10-16 22:01:37Z Send 國際股市==>  Program END 

Create log file
2017-10-16 22:02:04Z Send 國際股市==>  Program Start
2017-10-16 22:02:04Z Send 國際股市==>  Program END 

Create log file
2017-10-16 23:01:04Z Send 國際股市==>  Program Start
2017-10-16 23:01:04Z Send 國際股市==>  Program END 

Create log file
2017-10-16 23:01:39Z Send 國際股市==>  Program Start
2017-10-16 23:01:39Z Send 國際股市==>  Program END 

