Create log file
2017-08-07 08:01:05Z Send 國際股市==>  Program Start
2017-08-07 08:01:05Z Send 國際股市==>  Program END 

Create log file
2017-08-07 08:01:41Z Send 國際股市==>  Program Start
2017-08-07 08:01:41Z Send 國際股市==>  Program END 

Create log file
2017-08-07 08:02:09Z Send 國際股市==>  Program Start
2017-08-07 08:02:09Z Send 國際股市==>  Program END 

Create log file
2017-08-07 08:02:38Z Send 國際股市==>  Program Start
2017-08-07 08:02:38Z Send 國際股市==>  Program END 

Create log file
2017-08-07 09:01:03Z Send 國際股市==>  Program Start
2017-08-07 09:01:03Z Send 國際股市==>  Program END 

Create log file
2017-08-07 10:01:03Z Send 國際股市==>  Program Start
2017-08-07 10:01:03Z Send 國際股市==>  Program END 

Create log file
2017-08-07 11:01:02Z Send 國際股市==>  Program Start
2017-08-07 11:01:02Z Send 國際股市==>  Program END 

Create log file
2017-08-07 12:01:03Z Send 國際股市==>  Program Start
2017-08-07 12:01:03Z Send 國際股市==>  Program END 

Create log file
2017-08-07 13:01:02Z Send 國際股市==>  Program Start
2017-08-07 13:01:02Z Send 國際股市==>  Program END 

Create log file
2017-08-07 14:01:03Z Send 國際股市==>  Program Start
2017-08-07 14:01:03Z Send 國際股市==>  Program END 

Create log file
2017-08-07 15:01:03Z Send 國際股市==>  Program Start
2017-08-07 15:01:03Z Send 國際股市==>  Program END 

Create log file
2017-08-07 15:50:28Z option_insert_daily Program Start
2017-08-07 15:50:28Z option_insert_daily Program END 

Create log file
2017-08-07 15:55:16Z Send Option_OIV_daily Program Start
2017-08-07 15:55:16Z Send Option_OIV_daily Program END 

Create log file
2017-08-07 16:01:03Z Send 國際股市==>  Program Start
2017-08-07 16:01:03Z Send 國際股市==>  Program END 

Create log file
2017-08-07 17:01:03Z Send 國際股市==>  Program Start
2017-08-07 17:01:03Z Send 國際股市==>  Program END 

Create log file
2017-08-07 18:01:03Z Send 國際股市==>  Program Start
2017-08-07 18:01:03Z Send 國際股市==>  Program END 

Create log file
2017-08-07 18:01:39Z Send 國際股市==>  Program Start
2017-08-07 18:01:39Z Send 國際股市==>  Program END 

Create log file
2017-08-07 18:02:05Z Send 國際股市==>  Program Start
2017-08-07 18:02:05Z Send 國際股市==>  Program END 

Create log file
2017-08-07 18:02:34Z Send 國際股市==>  Program Start
2017-08-07 18:02:34Z Send 國際股市==>  Program END 

Create log file
2017-08-07 18:02:58Z Send 國際股市==>  Program Start
2017-08-07 18:02:58Z Send 國際股市==>  Program END 

Create log file
2017-08-07 19:01:03Z Send 國際股市==>  Program Start
2017-08-07 19:01:03Z Send 國際股市==>  Program END 

Create log file
2017-08-07 19:01:39Z Send 國際股市==>  Program Start
2017-08-07 19:01:39Z Send 國際股市==>  Program END 

Create log file
2017-08-07 19:02:09Z Send 國際股市==>  Program Start
2017-08-07 19:02:09Z Send 國際股市==>  Program END 

Create log file
2017-08-07 19:02:33Z Send 國際股市==>  Program Start
2017-08-07 19:02:33Z Send 國際股市==>  Program END 

Create log file
2017-08-07 19:02:58Z Send 國際股市==>  Program Start
2017-08-07 19:02:58Z Send 國際股市==>  Program END 

Create log file
2017-08-07 19:03:22Z Send 國際股市==>  Program Start
2017-08-07 19:03:22Z Send 國際股市==>  Program END 

Create log file
2017-08-07 19:03:50Z Send 國際股市==>  Program Start
2017-08-07 19:03:50Z Send 國際股市==>  Program END 

Create log file
2017-08-07 20:01:02Z Send 國際股市==>  Program Start
2017-08-07 20:01:02Z Send 國際股市==>  Program END 

Create log file
2017-08-07 20:52:14Z option_insert_daily Program Start
2017-08-07 20:52:14Z option_insert_daily Program END 

Create log file
2017-08-07 21:01:02Z Send 國際股市==>  Program Start
2017-08-07 21:01:02Z Send 國際股市==>  Program END 

Create log file
2017-08-07 22:01:02Z Send 國際股市==>  Program Start
2017-08-07 22:01:02Z Send 國際股市==>  Program END 

Create log file
2017-08-07 22:01:38Z Send 國際股市==>  Program Start
2017-08-07 22:01:38Z Send 國際股市==>  Program END 

Create log file
2017-08-07 22:02:06Z Send 國際股市==>  Program Start
2017-08-07 22:02:06Z Send 國際股市==>  Program END 

Create log file
2017-08-07 23:01:02Z Send 國際股市==>  Program Start
2017-08-07 23:01:02Z Send 國際股市==>  Program END 

Create log file
2017-08-07 23:01:38Z Send 國際股市==>  Program Start
2017-08-07 23:01:38Z Send 國際股市==>  Program END 

