Create log file
2017-06-28 00:01:01Z Send 國際股市==>  Program Start
2017-06-28 00:01:01Z Send 國際股市==>  Program END 

Create log file
2017-06-28 01:01:03Z Send 國際股市==>  Program Start
2017-06-28 01:01:03Z Send 國際股市==>  Program END 

Create log file
2017-06-28 08:01:03Z Send 國際股市==>  Program Start
2017-06-28 08:01:03Z Send 國際股市==>  Program END 

Create log file
2017-06-28 08:01:38Z Send 國際股市==>  Program Start
2017-06-28 08:01:38Z Send 國際股市==>  Program END 

Create log file
2017-06-28 08:02:06Z Send 國際股市==>  Program Start
2017-06-28 08:02:06Z Send 國際股市==>  Program END 

Create log file
2017-06-28 08:02:35Z Send 國際股市==>  Program Start
2017-06-28 08:02:35Z Send 國際股市==>  Program END 

Create log file
2017-06-28 09:01:02Z Send 國際股市==>  Program Start
2017-06-28 09:01:02Z Send 國際股市==>  Program END 

Create log file
2017-06-28 10:01:02Z Send 國際股市==>  Program Start
2017-06-28 10:01:02Z Send 國際股市==>  Program END 

Create log file
2017-06-28 11:01:03Z Send 國際股市==>  Program Start
2017-06-28 11:01:03Z Send 國際股市==>  Program END 

Create log file
2017-06-28 12:01:02Z Send 國際股市==>  Program Start
2017-06-28 12:01:02Z Send 國際股市==>  Program END 

Create log file
2017-06-28 13:01:02Z Send 國際股市==>  Program Start
2017-06-28 13:01:02Z Send 國際股市==>  Program END 

Create log file
2017-06-28 14:01:02Z Send 國際股市==>  Program Start
2017-06-28 14:01:02Z Send 國際股市==>  Program END 

Create log file
2017-06-28 15:01:03Z Send 國際股市==>  Program Start
2017-06-28 15:01:03Z Send 國際股市==>  Program END 

Create log file
2017-06-28 15:50:22Z option_insert_daily Program Start
2017-06-28 15:50:22Z option_insert_daily Program END 

Create log file
2017-06-28 15:55:22Z Send Option_OIV_daily Program Start
2017-06-28 15:55:22Z Send Option_OIV_daily Program END 

Create log file
2017-06-28 16:01:02Z Send 國際股市==>  Program Start
2017-06-28 16:01:02Z Send 國際股市==>  Program END 

Create log file
2017-06-28 16:04:34Z Query Stock_id is 2337 Program Start
2017-06-28 16:04:34Z Query Stock_id is 2337 Program END 

Create log file
2017-06-28 16:04:35Z Query Stock_id is 3189 Program Start
2017-06-28 16:04:35Z Query Stock_id is 3189 Program END 

Create log file
2017-06-28 16:04:35Z Query Stock_id is 2890 Program Start
2017-06-28 16:04:35Z Query Stock_id is 2890 Program END 

Create log file
2017-06-28 16:04:36Z Query Stock_id is 2345 Program Start
2017-06-28 16:04:36Z Query Stock_id is 2345 Program END 

Create log file
2017-06-28 16:04:36Z Query Stock_id is 2882 Program Start
2017-06-28 16:04:36Z Query Stock_id is 2882 Program END 

Create log file
2017-06-28 16:04:37Z Query Stock_id is 2881 Program Start
2017-06-28 16:04:37Z Query Stock_id is 2881 Program END 

Create log file
2017-06-28 16:04:37Z Query Stock_id is 2610 Program Start
2017-06-28 16:04:37Z Query Stock_id is 2610 Program END 

Create log file
2017-06-28 16:04:37Z Query Stock_id is 4938 Program Start
2017-06-28 16:04:37Z Query Stock_id is 4938 Program END 

Create log file
2017-06-28 16:04:38Z Query Stock_id is 2330 Program Start
2017-06-28 16:04:38Z Query Stock_id is 2330 Program END 

Create log file
2017-06-28 16:04:38Z Query Stock_id is 2303 Program Start
2017-06-28 16:04:38Z Query Stock_id is 2303 Program END 

Create log file
2017-06-28 17:01:02Z Send 國際股市==>  Program Start
2017-06-28 17:01:02Z Send 國際股市==>  Program END 

Create log file
2017-06-28 18:01:03Z Send 國際股市==>  Program Start
2017-06-28 18:01:03Z Send 國際股市==>  Program END 

Create log file
2017-06-28 18:01:39Z Send 國際股市==>  Program Start
2017-06-28 18:01:39Z Send 國際股市==>  Program END 

Create log file
2017-06-28 18:02:06Z Send 國際股市==>  Program Start
2017-06-28 18:02:06Z Send 國際股市==>  Program END 

Create log file
2017-06-28 18:02:35Z Send 國際股市==>  Program Start
2017-06-28 18:02:35Z Send 國際股市==>  Program END 

Create log file
2017-06-28 18:03:03Z Send 國際股市==>  Program Start
2017-06-28 18:03:03Z Send 國際股市==>  Program END 

Create log file
2017-06-28 19:01:02Z Send 國際股市==>  Program Start
2017-06-28 19:01:02Z Send 國際股市==>  Program END 

Create log file
2017-06-28 19:01:40Z Send 國際股市==>  Program Start
2017-06-28 19:01:40Z Send 國際股市==>  Program END 

Create log file
2017-06-28 19:02:11Z Send 國際股市==>  Program Start
2017-06-28 19:02:11Z Send 國際股市==>  Program END 

Create log file
2017-06-28 19:02:35Z Send 國際股市==>  Program Start
2017-06-28 19:02:35Z Send 國際股市==>  Program END 

Create log file
2017-06-28 19:03:02Z Send 國際股市==>  Program Start
2017-06-28 19:03:02Z Send 國際股市==>  Program END 

Create log file
2017-06-28 19:03:26Z Send 國際股市==>  Program Start
2017-06-28 19:03:26Z Send 國際股市==>  Program END 

Create log file
2017-06-28 19:03:56Z Send 國際股市==>  Program Start
2017-06-28 19:03:56Z Send 國際股市==>  Program END 

Create log file
2017-06-28 20:01:03Z Send 國際股市==>  Program Start
2017-06-28 20:01:03Z Send 國際股市==>  Program END 

Create log file
2017-06-28 20:20:09Z stock_data_insert_daily Program Start
2017-06-28 20:20:09Z stock_data_insert_daily Program END 

Create log file
2017-06-28 20:30:15Z Send 股市氣象台電子報-今日我最夯<==Strong_UP==>  Program Start
2017-06-28 20:30:15Z Send 股市氣象台電子報-今日我最夯<==Strong_UP==>  Program END 

Create log file
2017-06-28 21:01:02Z Send 國際股市==>  Program Start
2017-06-28 21:01:02Z Send 國際股市==>  Program END 

Create log file
2017-06-28 22:01:01Z Send 國際股市==>  Program Start
2017-06-28 22:01:01Z Send 國際股市==>  Program END 

Create log file
2017-06-28 22:01:39Z Send 國際股市==>  Program Start
2017-06-28 22:01:39Z Send 國際股市==>  Program END 

Create log file
2017-06-28 22:02:07Z Send 國際股市==>  Program Start
2017-06-28 22:02:07Z Send 國際股市==>  Program END 

Create log file
2017-06-28 23:01:01Z Send 國際股市==>  Program Start
2017-06-28 23:01:01Z Send 國際股市==>  Program END 

