Create log file
2017-10-17 00:01:04Z Send 國際股市==>  Program Start
2017-10-17 00:01:04Z Send 國際股市==>  Program END 

Create log file
2017-10-17 01:01:05Z Send 國際股市==>  Program Start
2017-10-17 01:01:05Z Send 國際股市==>  Program END 

Create log file
2017-10-17 08:01:04Z Send 國際股市==>  Program Start
2017-10-17 08:01:04Z Send 國際股市==>  Program END 

Create log file
2017-10-17 08:01:40Z Send 國際股市==>  Program Start
2017-10-17 08:01:40Z Send 國際股市==>  Program END 

Create log file
2017-10-17 08:02:07Z Send 國際股市==>  Program Start
2017-10-17 08:02:07Z Send 國際股市==>  Program END 

Create log file
2017-10-17 08:02:37Z Send 國際股市==>  Program Start
2017-10-17 08:02:37Z Send 國際股市==>  Program END 

Create log file
2017-10-17 09:01:05Z Send 國際股市==>  Program Start
2017-10-17 09:01:05Z Send 國際股市==>  Program END 

Create log file
2017-10-17 10:01:03Z Send 國際股市==>  Program Start
2017-10-17 10:01:03Z Send 國際股市==>  Program END 

Create log file
2017-10-17 11:01:05Z Send 國際股市==>  Program Start
2017-10-17 11:01:05Z Send 國際股市==>  Program END 

Create log file
2017-10-17 12:01:03Z Send 國際股市==>  Program Start
2017-10-17 12:01:03Z Send 國際股市==>  Program END 

Create log file
2017-10-17 13:01:04Z Send 國際股市==>  Program Start
2017-10-17 13:01:04Z Send 國際股市==>  Program END 

Create log file
2017-10-17 14:01:05Z Send 國際股市==>  Program Start
2017-10-17 14:01:05Z Send 國際股市==>  Program END 

Create log file
2017-10-17 15:01:03Z Send 國際股市==>  Program Start
2017-10-17 15:01:03Z Send 國際股市==>  Program END 

Create log file
2017-10-17 15:50:21Z option_insert_daily Program Start
2017-10-17 15:50:21Z option_insert_daily Program END 

Create log file
2017-10-17 15:55:27Z Send Option_OIV_daily Program Start
2017-10-17 15:55:27Z Send Option_OIV_daily Program END 

Create log file
2017-10-17 16:01:05Z Send 國際股市==>  Program Start
2017-10-17 16:01:05Z Send 國際股市==>  Program END 

Create log file
2017-10-17 17:01:03Z Send 國際股市==>  Program Start
2017-10-17 17:01:03Z Send 國際股市==>  Program END 

Create log file
2017-10-17 18:01:05Z Send 國際股市==>  Program Start
2017-10-17 18:01:05Z Send 國際股市==>  Program END 

Create log file
2017-10-17 18:01:40Z Send 國際股市==>  Program Start
2017-10-17 18:01:40Z Send 國際股市==>  Program END 

Create log file
2017-10-17 18:02:05Z Send 國際股市==>  Program Start
2017-10-17 18:02:05Z Send 國際股市==>  Program END 

Create log file
2017-10-17 18:02:32Z Send 國際股市==>  Program Start
2017-10-17 18:02:32Z Send 國際股市==>  Program END 

Create log file
2017-10-17 18:02:55Z Send 國際股市==>  Program Start
2017-10-17 18:02:55Z Send 國際股市==>  Program END 

Create log file
2017-10-17 19:01:04Z Send 國際股市==>  Program Start
2017-10-17 19:01:04Z Send 國際股市==>  Program END 

Create log file
2017-10-17 19:01:39Z Send 國際股市==>  Program Start
2017-10-17 19:01:39Z Send 國際股市==>  Program END 

Create log file
2017-10-17 19:02:09Z Send 國際股市==>  Program Start
2017-10-17 19:02:09Z Send 國際股市==>  Program END 

Create log file
2017-10-17 19:02:32Z Send 國際股市==>  Program Start
2017-10-17 19:02:32Z Send 國際股市==>  Program END 

Create log file
2017-10-17 19:02:57Z Send 國際股市==>  Program Start
2017-10-17 19:02:57Z Send 國際股市==>  Program END 

Create log file
2017-10-17 19:03:20Z Send 國際股市==>  Program Start
2017-10-17 19:03:20Z Send 國際股市==>  Program END 

Create log file
2017-10-17 19:03:49Z Send 國際股市==>  Program Start
2017-10-17 19:03:49Z Send 國際股市==>  Program END 

Create log file
2017-10-17 20:01:05Z Send 國際股市==>  Program Start
2017-10-17 20:01:05Z Send 國際股市==>  Program END 

Create log file
2017-10-17 21:01:04Z Send 國際股市==>  Program Start
2017-10-17 21:01:04Z Send 國際股市==>  Program END 

Create log file
2017-10-17 22:01:01Z Send 國際股市==>  Program Start
2017-10-17 22:01:01Z Send 國際股市==>  Program END 

Create log file
2017-10-17 22:01:37Z Send 國際股市==>  Program Start
2017-10-17 22:01:37Z Send 國際股市==>  Program END 

Create log file
2017-10-17 22:02:04Z Send 國際股市==>  Program Start
2017-10-17 22:02:04Z Send 國際股市==>  Program END 

Create log file
2017-10-17 23:01:05Z Send 國際股市==>  Program Start
2017-10-17 23:01:05Z Send 國際股市==>  Program END 

Create log file
2017-10-17 23:01:43Z Send 國際股市==>  Program Start
2017-10-17 23:01:43Z Send 國際股市==>  Program END 

