Create log file
2017-08-10 00:01:07Z Send 國際股市==>  Program Start
2017-08-10 00:01:07Z Send 國際股市==>  Program END 

Create log file
2017-08-10 01:01:02Z Send 國際股市==>  Program Start
2017-08-10 01:01:02Z Send 國際股市==>  Program END 

Create log file
2017-08-10 08:01:03Z Send 國際股市==>  Program Start
2017-08-10 08:01:03Z Send 國際股市==>  Program END 

Create log file
2017-08-10 08:01:39Z Send 國際股市==>  Program Start
2017-08-10 08:01:39Z Send 國際股市==>  Program END 

Create log file
2017-08-10 08:02:09Z Send 國際股市==>  Program Start
2017-08-10 08:02:09Z Send 國際股市==>  Program END 

Create log file
2017-08-10 08:02:38Z Send 國際股市==>  Program Start
2017-08-10 08:02:38Z Send 國際股市==>  Program END 

Create log file
2017-08-10 09:01:03Z Send 國際股市==>  Program Start
2017-08-10 09:01:03Z Send 國際股市==>  Program END 

Create log file
2017-08-10 10:01:02Z Send 國際股市==>  Program Start
2017-08-10 10:01:02Z Send 國際股市==>  Program END 

Create log file
2017-08-10 11:01:03Z Send 國際股市==>  Program Start
2017-08-10 11:01:03Z Send 國際股市==>  Program END 

Create log file
2017-08-10 12:01:03Z Send 國際股市==>  Program Start
2017-08-10 12:01:03Z Send 國際股市==>  Program END 

Create log file
2017-08-10 13:01:03Z Send 國際股市==>  Program Start
2017-08-10 13:01:03Z Send 國際股市==>  Program END 

Create log file
2017-08-10 14:01:03Z Send 國際股市==>  Program Start
2017-08-10 14:01:03Z Send 國際股市==>  Program END 

Create log file
2017-08-10 15:01:03Z Send 國際股市==>  Program Start
2017-08-10 15:01:03Z Send 國際股市==>  Program END 

Create log file
2017-08-10 15:50:21Z option_insert_daily Program Start
2017-08-10 15:50:21Z option_insert_daily Program END 

Create log file
2017-08-10 15:55:22Z Send Option_OIV_daily Program Start
2017-08-10 15:55:22Z Send Option_OIV_daily Program END 

Create log file
2017-08-10 16:01:03Z Send 國際股市==>  Program Start
2017-08-10 16:01:03Z Send 國際股市==>  Program END 

Create log file
2017-08-10 17:01:03Z Send 國際股市==>  Program Start
2017-08-10 17:01:03Z Send 國際股市==>  Program END 

Create log file
2017-08-10 18:01:03Z Send 國際股市==>  Program Start
2017-08-10 18:01:03Z Send 國際股市==>  Program END 

Create log file
2017-08-10 18:01:39Z Send 國際股市==>  Program Start
2017-08-10 18:01:39Z Send 國際股市==>  Program END 

Create log file
2017-08-10 18:02:06Z Send 國際股市==>  Program Start
2017-08-10 18:02:06Z Send 國際股市==>  Program END 

Create log file
2017-08-10 18:02:35Z Send 國際股市==>  Program Start
2017-08-10 18:02:35Z Send 國際股市==>  Program END 

Create log file
2017-08-10 18:02:59Z Send 國際股市==>  Program Start
2017-08-10 18:02:59Z Send 國際股市==>  Program END 

Create log file
2017-08-10 19:01:03Z Send 國際股市==>  Program Start
2017-08-10 19:01:03Z Send 國際股市==>  Program END 

Create log file
2017-08-10 19:01:39Z Send 國際股市==>  Program Start
2017-08-10 19:01:39Z Send 國際股市==>  Program END 

Create log file
2017-08-10 19:02:09Z Send 國際股市==>  Program Start
2017-08-10 19:02:09Z Send 國際股市==>  Program END 

Create log file
2017-08-10 19:02:32Z Send 國際股市==>  Program Start
2017-08-10 19:02:32Z Send 國際股市==>  Program END 

Create log file
2017-08-10 19:02:59Z Send 國際股市==>  Program Start
2017-08-10 19:02:59Z Send 國際股市==>  Program END 

Create log file
2017-08-10 19:03:23Z Send 國際股市==>  Program Start
2017-08-10 19:03:23Z Send 國際股市==>  Program END 

Create log file
2017-08-10 19:03:51Z Send 國際股市==>  Program Start
2017-08-10 19:03:51Z Send 國際股市==>  Program END 

Create log file
2017-08-10 20:01:03Z Send 國際股市==>  Program Start
2017-08-10 20:01:03Z Send 國際股市==>  Program END 

Create log file
2017-08-10 21:01:03Z Send 國際股市==>  Program Start
2017-08-10 21:01:03Z Send 國際股市==>  Program END 

Create log file
2017-08-10 22:01:01Z Send 國際股市==>  Program Start
2017-08-10 22:01:01Z Send 國際股市==>  Program END 

Create log file
2017-08-10 22:01:25Z Send 國際股市==>  Program Start
2017-08-10 22:01:25Z Send 國際股市==>  Program END 

Create log file
2017-08-10 22:01:53Z Send 國際股市==>  Program Start
2017-08-10 22:01:53Z Send 國際股市==>  Program END 

Create log file
2017-08-10 23:01:03Z Send 國際股市==>  Program Start
2017-08-10 23:01:03Z Send 國際股市==>  Program END 

Create log file
2017-08-10 23:01:39Z Send 國際股市==>  Program Start
2017-08-10 23:01:39Z Send 國際股市==>  Program END 

