Create log file
2017-08-15 00:01:01Z Send 國際股市==>  Program Start
2017-08-15 00:01:01Z Send 國際股市==>  Program END 

Create log file
2017-08-15 01:01:01Z Send 國際股市==>  Program Start
2017-08-15 01:01:01Z Send 國際股市==>  Program END 

Create log file
2017-08-15 08:01:01Z Send 國際股市==>  Program Start
2017-08-15 08:01:01Z Send 國際股市==>  Program END 

Create log file
2017-08-15 08:01:38Z Send 國際股市==>  Program Start
2017-08-15 08:01:38Z Send 國際股市==>  Program END 

Create log file
2017-08-15 08:02:06Z Send 國際股市==>  Program Start
2017-08-15 08:02:06Z Send 國際股市==>  Program END 

Create log file
2017-08-15 08:02:34Z Send 國際股市==>  Program Start
2017-08-15 08:02:34Z Send 國際股市==>  Program END 

Create log file
2017-08-15 09:01:01Z Send 國際股市==>  Program Start
2017-08-15 09:01:01Z Send 國際股市==>  Program END 

Create log file
2017-08-15 10:01:01Z Send 國際股市==>  Program Start
2017-08-15 10:01:01Z Send 國際股市==>  Program END 

Create log file
2017-08-15 11:01:02Z Send 國際股市==>  Program Start
2017-08-15 11:01:02Z Send 國際股市==>  Program END 

Create log file
2017-08-15 12:01:01Z Send 國際股市==>  Program Start
2017-08-15 12:01:01Z Send 國際股市==>  Program END 

Create log file
2017-08-15 13:01:02Z Send 國際股市==>  Program Start
2017-08-15 13:01:02Z Send 國際股市==>  Program END 

Create log file
2017-08-15 14:01:02Z Send 國際股市==>  Program Start
2017-08-15 14:01:02Z Send 國際股市==>  Program END 

Create log file
2017-08-15 15:01:01Z Send 國際股市==>  Program Start
2017-08-15 15:01:01Z Send 國際股市==>  Program END 

Create log file
2017-08-15 15:50:22Z option_insert_daily Program Start
2017-08-15 15:50:22Z option_insert_daily Program END 

Create log file
2017-08-15 15:55:25Z Send Option_OIV_daily Program Start
2017-08-15 15:55:25Z Send Option_OIV_daily Program END 

Create log file
2017-08-15 16:01:02Z Send 國際股市==>  Program Start
2017-08-15 16:01:02Z Send 國際股市==>  Program END 

Create log file
2017-08-15 17:01:01Z Send 國際股市==>  Program Start
2017-08-15 17:01:01Z Send 國際股市==>  Program END 

Create log file
2017-08-15 18:01:01Z Send 國際股市==>  Program Start
2017-08-15 18:01:01Z Send 國際股市==>  Program END 

Create log file
2017-08-15 18:01:37Z Send 國際股市==>  Program Start
2017-08-15 18:01:37Z Send 國際股市==>  Program END 

Create log file
2017-08-15 18:02:03Z Send 國際股市==>  Program Start
2017-08-15 18:02:03Z Send 國際股市==>  Program END 

Create log file
2017-08-15 18:02:31Z Send 國際股市==>  Program Start
2017-08-15 18:02:31Z Send 國際股市==>  Program END 

Create log file
2017-08-15 18:02:55Z Send 國際股市==>  Program Start
2017-08-15 18:02:55Z Send 國際股市==>  Program END 

Create log file
2017-08-15 23:01:02Z Send 國際股市==>  Program Start
2017-08-15 23:01:02Z Send 國際股市==>  Program END 

Create log file
2017-08-15 23:01:39Z Send 國際股市==>  Program Start
2017-08-15 23:01:39Z Send 國際股市==>  Program END 

