Create log file
2017-07-10 08:01:06Z Send 國際股市==>  Program Start
2017-07-10 08:01:06Z Send 國際股市==>  Program END 

Create log file
2017-07-10 08:01:37Z Send 國際股市==>  Program Start
2017-07-10 08:01:37Z Send 國際股市==>  Program END 

Create log file
2017-07-10 08:02:06Z Send 國際股市==>  Program Start
2017-07-10 08:02:06Z Send 國際股市==>  Program END 

Create log file
2017-07-10 08:02:36Z Send 國際股市==>  Program Start
2017-07-10 08:02:36Z Send 國際股市==>  Program END 

Create log file
2017-07-10 09:01:01Z Send 國際股市==>  Program Start
2017-07-10 09:01:01Z Send 國際股市==>  Program END 

Create log file
2017-07-10 10:01:01Z Send 國際股市==>  Program Start
2017-07-10 10:01:01Z Send 國際股市==>  Program END 

Create log file
2017-07-10 11:01:01Z Send 國際股市==>  Program Start
2017-07-10 11:01:01Z Send 國際股市==>  Program END 

Create log file
2017-07-10 12:01:01Z Send 國際股市==>  Program Start
2017-07-10 12:01:01Z Send 國際股市==>  Program END 

Create log file
2017-07-10 13:01:01Z Send 國際股市==>  Program Start
2017-07-10 13:01:01Z Send 國際股市==>  Program END 

Create log file
2017-07-10 14:01:01Z Send 國際股市==>  Program Start
2017-07-10 14:01:01Z Send 國際股市==>  Program END 

Create log file
2017-07-10 15:01:01Z Send 國際股市==>  Program Start
2017-07-10 15:01:01Z Send 國際股市==>  Program END 

Create log file
2017-07-10 15:50:35Z option_insert_daily Program Start
2017-07-10 15:50:35Z option_insert_daily Program END 

Create log file
2017-07-10 15:55:23Z Send Option_OIV_daily Program Start
2017-07-10 15:55:23Z Send Option_OIV_daily Program END 

Create log file
2017-07-10 16:01:01Z Send 國際股市==>  Program Start
2017-07-10 16:01:01Z Send 國際股市==>  Program END 

Create log file
2017-07-10 17:01:01Z Send 國際股市==>  Program Start
2017-07-10 17:01:01Z Send 國際股市==>  Program END 

Create log file
2017-07-10 18:01:01Z Send 國際股市==>  Program Start
2017-07-10 18:01:01Z Send 國際股市==>  Program END 

Create log file
2017-07-10 18:01:37Z Send 國際股市==>  Program Start
2017-07-10 18:01:37Z Send 國際股市==>  Program END 

Create log file
2017-07-10 18:02:03Z Send 國際股市==>  Program Start
2017-07-10 18:02:03Z Send 國際股市==>  Program END 

Create log file
2017-07-10 18:02:32Z Send 國際股市==>  Program Start
2017-07-10 18:02:32Z Send 國際股市==>  Program END 

Create log file
2017-07-10 18:03:01Z Send 國際股市==>  Program Start
2017-07-10 18:03:01Z Send 國際股市==>  Program END 

Create log file
2017-07-10 19:01:02Z Send 國際股市==>  Program Start
2017-07-10 19:01:02Z Send 國際股市==>  Program END 

Create log file
2017-07-10 19:01:38Z Send 國際股市==>  Program Start
2017-07-10 19:01:38Z Send 國際股市==>  Program END 

Create log file
2017-07-10 19:02:09Z Send 國際股市==>  Program Start
2017-07-10 19:02:09Z Send 國際股市==>  Program END 

Create log file
2017-07-10 19:02:32Z Send 國際股市==>  Program Start
2017-07-10 19:02:32Z Send 國際股市==>  Program END 

Create log file
2017-07-10 19:02:59Z Send 國際股市==>  Program Start
2017-07-10 19:02:59Z Send 國際股市==>  Program END 

Create log file
2017-07-10 19:03:23Z Send 國際股市==>  Program Start
2017-07-10 19:03:23Z Send 國際股市==>  Program END 

Create log file
2017-07-10 19:03:52Z Send 國際股市==>  Program Start
2017-07-10 19:03:52Z Send 國際股市==>  Program END 

Create log file
2017-07-10 20:01:05Z Send 國際股市==>  Program Start
2017-07-10 20:01:05Z Send 國際股市==>  Program END 

Create log file
2017-07-10 20:20:10Z stock_data_insert_daily Program Start
2017-07-10 20:20:10Z stock_data_insert_daily Program END 

Create log file
2017-07-10 20:30:17Z Send 股市氣象台電子報-今日我最夯<==Strong_UP==>  Program Start
2017-07-10 20:30:17Z Send 股市氣象台電子報-今日我最夯<==Strong_UP==>  Program END 

Create log file
2017-07-10 21:01:01Z Send 國際股市==>  Program Start
2017-07-10 21:01:01Z Send 國際股市==>  Program END 

Create log file
2017-07-10 22:01:01Z Send 國際股市==>  Program Start
2017-07-10 22:01:01Z Send 國際股市==>  Program END 

Create log file
2017-07-10 23:01:04Z Send 國際股市==>  Program Start
2017-07-10 23:01:04Z Send 國際股市==>  Program END 

Create log file
2017-07-10 23:01:40Z Send 國際股市==>  Program Start
2017-07-10 23:01:40Z Send 國際股市==>  Program END 

