Create log file
2017-07-24 08:01:11Z Send 國際股市==>  Program Start
2017-07-24 08:01:11Z Send 國際股市==>  Program END 

Create log file
2017-07-24 08:01:35Z Send 國際股市==>  Program Start
2017-07-24 08:01:35Z Send 國際股市==>  Program END 

Create log file
2017-07-24 08:02:03Z Send 國際股市==>  Program Start
2017-07-24 08:02:03Z Send 國際股市==>  Program END 

Create log file
2017-07-24 08:02:32Z Send 國際股市==>  Program Start
2017-07-24 08:02:32Z Send 國際股市==>  Program END 

Create log file
2017-07-24 09:01:03Z Send 國際股市==>  Program Start
2017-07-24 09:01:03Z Send 國際股市==>  Program END 

Create log file
2017-07-24 10:01:02Z Send 國際股市==>  Program Start
2017-07-24 10:01:02Z Send 國際股市==>  Program END 

Create log file
2017-07-24 11:01:02Z Send 國際股市==>  Program Start
2017-07-24 11:01:02Z Send 國際股市==>  Program END 

Create log file
2017-07-24 12:01:02Z Send 國際股市==>  Program Start
2017-07-24 12:01:02Z Send 國際股市==>  Program END 

Create log file
2017-07-24 13:01:03Z Send 國際股市==>  Program Start
2017-07-24 13:01:03Z Send 國際股市==>  Program END 

Create log file
2017-07-24 14:01:02Z Send 國際股市==>  Program Start
2017-07-24 14:01:02Z Send 國際股市==>  Program END 

Create log file
2017-07-24 15:01:04Z Send 國際股市==>  Program Start
2017-07-24 15:01:04Z Send 國際股市==>  Program END 

Create log file
2017-07-24 15:50:22Z option_insert_daily Program Start
2017-07-24 15:50:22Z option_insert_daily Program END 

Create log file
2017-07-24 15:55:17Z Send Option_OIV_daily Program Start
2017-07-24 15:55:17Z Send Option_OIV_daily Program END 

Create log file
2017-07-24 16:01:03Z Send 國際股市==>  Program Start
2017-07-24 16:01:03Z Send 國際股市==>  Program END 

Create log file
2017-07-24 17:01:03Z Send 國際股市==>  Program Start
2017-07-24 17:01:03Z Send 國際股市==>  Program END 

Create log file
2017-07-24 18:01:03Z Send 國際股市==>  Program Start
2017-07-24 18:01:03Z Send 國際股市==>  Program END 

Create log file
2017-07-24 18:01:40Z Send 國際股市==>  Program Start
2017-07-24 18:01:40Z Send 國際股市==>  Program END 

Create log file
2017-07-24 18:02:06Z Send 國際股市==>  Program Start
2017-07-24 18:02:06Z Send 國際股市==>  Program END 

Create log file
2017-07-24 18:02:34Z Send 國際股市==>  Program Start
2017-07-24 18:02:34Z Send 國際股市==>  Program END 

Create log file
2017-07-24 18:02:58Z Send 國際股市==>  Program Start
2017-07-24 18:02:58Z Send 國際股市==>  Program END 

Create log file
2017-07-24 19:01:03Z Send 國際股市==>  Program Start
2017-07-24 19:01:03Z Send 國際股市==>  Program END 

Create log file
2017-07-24 19:01:27Z Send 國際股市==>  Program Start
2017-07-24 19:01:27Z Send 國際股市==>  Program END 

Create log file
2017-07-24 19:01:58Z Send 國際股市==>  Program Start
2017-07-24 19:01:58Z Send 國際股市==>  Program END 

Create log file
2017-07-24 19:02:21Z Send 國際股市==>  Program Start
2017-07-24 19:02:21Z Send 國際股市==>  Program END 

Create log file
2017-07-24 19:02:48Z Send 國際股市==>  Program Start
2017-07-24 19:02:48Z Send 國際股市==>  Program END 

Create log file
2017-07-24 19:03:12Z Send 國際股市==>  Program Start
2017-07-24 19:03:12Z Send 國際股市==>  Program END 

Create log file
2017-07-24 19:03:40Z Send 國際股市==>  Program Start
2017-07-24 19:03:40Z Send 國際股市==>  Program END 

Create log file
2017-07-24 20:01:01Z Send 國際股市==>  Program Start
2017-07-24 20:01:01Z Send 國際股市==>  Program END 

Create log file
2017-07-24 20:20:09Z stock_data_insert_daily Program Start
2017-07-24 20:20:09Z stock_data_insert_daily Program END 

Create log file
2017-07-24 20:30:18Z Send 股市氣象台電子報-今日我最夯<==Strong_UP==>  Program Start
2017-07-24 20:30:18Z Send 股市氣象台電子報-今日我最夯<==Strong_UP==>  Program END 

Create log file
2017-07-24 21:01:02Z Send 國際股市==>  Program Start
2017-07-24 21:01:02Z Send 國際股市==>  Program END 

Create log file
2017-07-24 22:01:08Z Send 國際股市==>  Program Start
2017-07-24 22:01:08Z Send 國際股市==>  Program END 

Create log file
2017-07-24 22:01:44Z Send 國際股市==>  Program Start
2017-07-24 22:01:44Z Send 國際股市==>  Program END 

Create log file
2017-07-24 22:02:11Z Send 國際股市==>  Program Start
2017-07-24 22:02:11Z Send 國際股市==>  Program END 

Create log file
2017-07-24 23:01:04Z Send 國際股市==>  Program Start
2017-07-24 23:01:04Z Send 國際股市==>  Program END 

Create log file
2017-07-24 23:01:40Z Send 國際股市==>  Program Start
2017-07-24 23:01:40Z Send 國際股市==>  Program END 

