Create log file
2017-06-30 00:01:03Z Send 國際股市==>  Program Start
2017-06-30 00:01:03Z Send 國際股市==>  Program END 

Create log file
2017-06-30 01:01:03Z Send 國際股市==>  Program Start
2017-06-30 01:01:03Z Send 國際股市==>  Program END 

Create log file
2017-06-30 08:01:03Z Send 國際股市==>  Program Start
2017-06-30 08:01:03Z Send 國際股市==>  Program END 

Create log file
2017-06-30 08:01:39Z Send 國際股市==>  Program Start
2017-06-30 08:01:39Z Send 國際股市==>  Program END 

Create log file
2017-06-30 08:02:06Z Send 國際股市==>  Program Start
2017-06-30 08:02:06Z Send 國際股市==>  Program END 

Create log file
2017-06-30 08:02:35Z Send 國際股市==>  Program Start
2017-06-30 08:02:35Z Send 國際股市==>  Program END 

Create log file
2017-06-30 09:01:03Z Send 國際股市==>  Program Start
2017-06-30 09:01:03Z Send 國際股市==>  Program END 

Create log file
2017-06-30 10:01:02Z Send 國際股市==>  Program Start
2017-06-30 10:01:02Z Send 國際股市==>  Program END 

Create log file
2017-06-30 11:01:02Z Send 國際股市==>  Program Start
2017-06-30 11:01:02Z Send 國際股市==>  Program END 

Create log file
2017-06-30 12:01:03Z Send 國際股市==>  Program Start
2017-06-30 12:01:03Z Send 國際股市==>  Program END 

Create log file
2017-06-30 13:01:03Z Send 國際股市==>  Program Start
2017-06-30 13:01:03Z Send 國際股市==>  Program END 

Create log file
2017-06-30 14:01:02Z Send 國際股市==>  Program Start
2017-06-30 14:01:02Z Send 國際股市==>  Program END 

Create log file
2017-06-30 15:01:02Z Send 國際股市==>  Program Start
2017-06-30 15:01:02Z Send 國際股市==>  Program END 

Create log file
2017-06-30 15:50:22Z option_insert_daily Program Start
2017-06-30 15:50:22Z option_insert_daily Program END 

Create log file
2017-06-30 15:55:23Z Send Option_OIV_daily Program Start
2017-06-30 15:55:23Z Send Option_OIV_daily Program END 

Create log file
2017-06-30 16:01:03Z Send 國際股市==>  Program Start
2017-06-30 16:01:03Z Send 國際股市==>  Program END 

Create log file
2017-06-30 17:01:02Z Send 國際股市==>  Program Start
2017-06-30 17:01:02Z Send 國際股市==>  Program END 

Create log file
2017-06-30 18:01:02Z Send 國際股市==>  Program Start
2017-06-30 18:01:02Z Send 國際股市==>  Program END 

Create log file
2017-06-30 18:01:38Z Send 國際股市==>  Program Start
2017-06-30 18:01:38Z Send 國際股市==>  Program END 

Create log file
2017-06-30 18:02:05Z Send 國際股市==>  Program Start
2017-06-30 18:02:05Z Send 國際股市==>  Program END 

Create log file
2017-06-30 18:02:33Z Send 國際股市==>  Program Start
2017-06-30 18:02:33Z Send 國際股市==>  Program END 

Create log file
2017-06-30 18:03:02Z Send 國際股市==>  Program Start
2017-06-30 18:03:02Z Send 國際股市==>  Program END 

Create log file
2017-06-30 19:01:02Z Send 國際股市==>  Program Start
2017-06-30 19:01:02Z Send 國際股市==>  Program END 

Create log file
2017-06-30 19:01:38Z Send 國際股市==>  Program Start
2017-06-30 19:01:38Z Send 國際股市==>  Program END 

Create log file
2017-06-30 19:02:08Z Send 國際股市==>  Program Start
2017-06-30 19:02:08Z Send 國際股市==>  Program END 

Create log file
2017-06-30 19:02:31Z Send 國際股市==>  Program Start
2017-06-30 19:02:31Z Send 國際股市==>  Program END 

Create log file
2017-06-30 19:02:58Z Send 國際股市==>  Program Start
2017-06-30 19:02:58Z Send 國際股市==>  Program END 

Create log file
2017-06-30 19:03:23Z Send 國際股市==>  Program Start
2017-06-30 19:03:23Z Send 國際股市==>  Program END 

Create log file
2017-06-30 19:03:52Z Send 國際股市==>  Program Start
2017-06-30 19:03:52Z Send 國際股市==>  Program END 

Create log file
2017-06-30 20:01:03Z Send 國際股市==>  Program Start
2017-06-30 20:01:03Z Send 國際股市==>  Program END 

Create log file
2017-06-30 20:20:13Z stock_data_insert_daily Program Start
2017-06-30 20:20:13Z stock_data_insert_daily Program END 

Create log file
2017-06-30 20:30:24Z Send 股市氣象台電子報-今日我最夯<==Strong_UP==>  Program Start
2017-06-30 20:30:24Z Send 股市氣象台電子報-今日我最夯<==Strong_UP==>  Program END 

Create log file
2017-06-30 21:01:02Z Send 國際股市==>  Program Start
2017-06-30 21:01:02Z Send 國際股市==>  Program END 

Create log file
2017-06-30 22:01:02Z Send 國際股市==>  Program Start
2017-06-30 22:01:02Z Send 國際股市==>  Program END 

Create log file
2017-06-30 22:01:38Z Send 國際股市==>  Program Start
2017-06-30 22:01:38Z Send 國際股市==>  Program END 

Create log file
2017-06-30 22:02:06Z Send 國際股市==>  Program Start
2017-06-30 22:02:06Z Send 國際股市==>  Program END 

Create log file
2017-06-30 23:01:03Z Send 國際股市==>  Program Start
2017-06-30 23:01:03Z Send 國際股市==>  Program END 

Create log file
2017-06-30 23:01:40Z Send 國際股市==>  Program Start
2017-06-30 23:01:40Z Send 國際股市==>  Program END 

