Create log file
2017-10-20 00:01:05Z Send 國際股市==>  Program Start
2017-10-20 00:01:05Z Send 國際股市==>  Program END 

Create log file
2017-10-20 01:01:02Z Send 國際股市==>  Program Start
2017-10-20 01:01:02Z Send 國際股市==>  Program END 

Create log file
2017-10-20 08:01:03Z Send 國際股市==>  Program Start
2017-10-20 08:01:03Z Send 國際股市==>  Program END 

Create log file
2017-10-20 08:01:40Z Send 國際股市==>  Program Start
2017-10-20 08:01:40Z Send 國際股市==>  Program END 

Create log file
2017-10-20 08:02:07Z Send 國際股市==>  Program Start
2017-10-20 08:02:07Z Send 國際股市==>  Program END 

Create log file
2017-10-20 08:02:35Z Send 國際股市==>  Program Start
2017-10-20 08:02:35Z Send 國際股市==>  Program END 

Create log file
2017-10-20 09:01:03Z Send 國際股市==>  Program Start
2017-10-20 09:01:03Z Send 國際股市==>  Program END 

Create log file
2017-10-20 10:01:03Z Send 國際股市==>  Program Start
2017-10-20 10:01:03Z Send 國際股市==>  Program END 

Create log file
2017-10-20 11:01:03Z Send 國際股市==>  Program Start
2017-10-20 11:01:03Z Send 國際股市==>  Program END 

Create log file
2017-10-20 12:01:04Z Send 國際股市==>  Program Start
2017-10-20 12:01:04Z Send 國際股市==>  Program END 

Create log file
2017-10-20 13:01:03Z Send 國際股市==>  Program Start
2017-10-20 13:01:03Z Send 國際股市==>  Program END 

Create log file
2017-10-20 14:01:03Z Send 國際股市==>  Program Start
2017-10-20 14:01:03Z Send 國際股市==>  Program END 

Create log file
2017-10-20 15:01:03Z Send 國際股市==>  Program Start
2017-10-20 15:01:03Z Send 國際股市==>  Program END 

Create log file
2017-10-20 15:50:22Z option_insert_daily Program Start
2017-10-20 15:50:22Z option_insert_daily Program END 

Create log file
2017-10-20 15:55:32Z Send Option_OIV_daily Program Start
2017-10-20 15:55:32Z Send Option_OIV_daily Program END 

Create log file
2017-10-20 16:01:05Z Send 國際股市==>  Program Start
2017-10-20 16:01:05Z Send 國際股市==>  Program END 

Create log file
2017-10-20 18:01:03Z Send 國際股市==>  Program Start
2017-10-20 18:01:03Z Send 國際股市==>  Program END 

Create log file
2017-10-20 18:01:41Z Send 國際股市==>  Program Start
2017-10-20 18:01:41Z Send 國際股市==>  Program END 

Create log file
2017-10-20 18:02:08Z Send 國際股市==>  Program Start
2017-10-20 18:02:08Z Send 國際股市==>  Program END 

Create log file
2017-10-20 18:02:35Z Send 國際股市==>  Program Start
2017-10-20 18:02:35Z Send 國際股市==>  Program END 

Create log file
2017-10-20 18:02:58Z Send 國際股市==>  Program Start
2017-10-20 18:02:58Z Send 國際股市==>  Program END 

Create log file
2017-10-20 19:01:03Z Send 國際股市==>  Program Start
2017-10-20 19:01:03Z Send 國際股市==>  Program END 

Create log file
2017-10-20 19:01:39Z Send 國際股市==>  Program Start
2017-10-20 19:01:39Z Send 國際股市==>  Program END 

Create log file
2017-10-20 19:02:03Z Send 國際股市==>  Program Start
2017-10-20 19:02:03Z Send 國際股市==>  Program END 

Create log file
2017-10-20 19:02:25Z Send 國際股市==>  Program Start
2017-10-20 19:02:25Z Send 國際股市==>  Program END 

Create log file
2017-10-20 19:02:50Z Send 國際股市==>  Program Start
2017-10-20 19:02:50Z Send 國際股市==>  Program END 

Create log file
2017-10-20 19:03:13Z Send 國際股市==>  Program Start
2017-10-20 19:03:13Z Send 國際股市==>  Program END 

Create log file
2017-10-20 19:03:41Z Send 國際股市==>  Program Start
2017-10-20 19:03:41Z Send 國際股市==>  Program END 

Create log file
2017-10-20 20:01:04Z Send 國際股市==>  Program Start
2017-10-20 20:01:04Z Send 國際股市==>  Program END 

Create log file
2017-10-20 21:01:02Z Send 國際股市==>  Program Start
2017-10-20 21:01:02Z Send 國際股市==>  Program END 

Create log file
2017-10-20 22:01:01Z Send 國際股市==>  Program Start
2017-10-20 22:01:01Z Send 國際股市==>  Program END 

Create log file
2017-10-20 23:01:06Z Send 國際股市==>  Program Start
2017-10-20 23:01:06Z Send 國際股市==>  Program END 

