Create log file
2017-07-06 00:01:06Z Send 國際股市==>  Program Start
2017-07-06 00:01:06Z Send 國際股市==>  Program END 

Create log file
2017-07-06 01:01:03Z Send 國際股市==>  Program Start
2017-07-06 01:01:03Z Send 國際股市==>  Program END 

Create log file
2017-07-06 08:01:04Z Send 國際股市==>  Program Start
2017-07-06 08:01:04Z Send 國際股市==>  Program END 

Create log file
2017-07-06 08:01:39Z Send 國際股市==>  Program Start
2017-07-06 08:01:39Z Send 國際股市==>  Program END 

Create log file
2017-07-06 08:02:07Z Send 國際股市==>  Program Start
2017-07-06 08:02:07Z Send 國際股市==>  Program END 

Create log file
2017-07-06 08:02:35Z Send 國際股市==>  Program Start
2017-07-06 08:02:35Z Send 國際股市==>  Program END 

Create log file
2017-07-06 09:01:03Z Send 國際股市==>  Program Start
2017-07-06 09:01:03Z Send 國際股市==>  Program END 

Create log file
2017-07-06 10:01:02Z Send 國際股市==>  Program Start
2017-07-06 10:01:02Z Send 國際股市==>  Program END 

Create log file
2017-07-06 11:01:03Z Send 國際股市==>  Program Start
2017-07-06 11:01:03Z Send 國際股市==>  Program END 

Create log file
2017-07-06 12:01:03Z Send 國際股市==>  Program Start
2017-07-06 12:01:03Z Send 國際股市==>  Program END 

Create log file
2017-07-06 12:51:31Z Query Stock_id is 2303 Program Start
2017-07-06 12:51:31Z Query Stock_id is 2303 Program END 

Create log file
2017-07-06 12:51:31Z Query Stock_id is 2330 Program Start
2017-07-06 12:51:31Z Query Stock_id is 2330 Program END 

Create log file
2017-07-06 12:51:32Z Query Stock_id is 4938 Program Start
2017-07-06 12:51:32Z Query Stock_id is 4938 Program END 

Create log file
2017-07-06 12:51:33Z Query Stock_id is 2890 Program Start
2017-07-06 12:51:33Z Query Stock_id is 2890 Program END 

Create log file
2017-07-06 12:51:34Z Query Stock_id is 5014 Program Start
2017-07-06 12:51:34Z Query Stock_id is 5014 Program END 

Create log file
2017-07-06 12:51:34Z Query Stock_id is 2881 Program Start
2017-07-06 12:51:34Z Query Stock_id is 2881 Program END 

Create log file
2017-07-06 12:51:35Z Query Stock_id is 2610 Program Start
2017-07-06 12:51:35Z Query Stock_id is 2610 Program END 

Create log file
2017-07-06 12:51:36Z Query Stock_id is 2882 Program Start
2017-07-06 12:51:36Z Query Stock_id is 2882 Program END 

Create log file
2017-07-06 12:51:37Z Query Stock_id is 2337 Program Start
2017-07-06 12:51:37Z Query Stock_id is 2337 Program END 

Create log file
2017-07-06 13:01:03Z Send 國際股市==>  Program Start
2017-07-06 13:01:03Z Send 國際股市==>  Program END 

Create log file
2017-07-06 14:01:03Z Send 國際股市==>  Program Start
2017-07-06 14:01:03Z Send 國際股市==>  Program END 

Create log file
2017-07-06 15:01:02Z Send 國際股市==>  Program Start
2017-07-06 15:01:02Z Send 國際股市==>  Program END 

Create log file
2017-07-06 15:50:21Z option_insert_daily Program Start
2017-07-06 15:50:21Z option_insert_daily Program END 

Create log file
2017-07-06 15:55:24Z Send Option_OIV_daily Program Start
2017-07-06 15:55:24Z Send Option_OIV_daily Program END 

Create log file
2017-07-06 16:01:03Z Send 國際股市==>  Program Start
2017-07-06 16:01:03Z Send 國際股市==>  Program END 

Create log file
2017-07-06 17:01:03Z Send 國際股市==>  Program Start
2017-07-06 17:01:03Z Send 國際股市==>  Program END 

Create log file
2017-07-06 18:01:03Z Send 國際股市==>  Program Start
2017-07-06 18:01:03Z Send 國際股市==>  Program END 

Create log file
2017-07-06 18:01:38Z Send 國際股市==>  Program Start
2017-07-06 18:01:38Z Send 國際股市==>  Program END 

Create log file
2017-07-06 18:02:03Z Send 國際股市==>  Program Start
2017-07-06 18:02:03Z Send 國際股市==>  Program END 

Create log file
2017-07-06 18:02:28Z Send 國際股市==>  Program Start
2017-07-06 18:02:28Z Send 國際股市==>  Program END 

Create log file
2017-07-06 18:02:52Z Send 國際股市==>  Program Start
2017-07-06 18:02:52Z Send 國際股市==>  Program END 

Create log file
2017-07-06 19:01:02Z Send 國際股市==>  Program Start
2017-07-06 19:01:02Z Send 國際股市==>  Program END 

Create log file
2017-07-06 19:01:38Z Send 國際股市==>  Program Start
2017-07-06 19:01:38Z Send 國際股市==>  Program END 

Create log file
2017-07-06 19:02:08Z Send 國際股市==>  Program Start
2017-07-06 19:02:08Z Send 國際股市==>  Program END 

Create log file
2017-07-06 19:02:32Z Send 國際股市==>  Program Start
2017-07-06 19:02:32Z Send 國際股市==>  Program END 

Create log file
2017-07-06 19:02:58Z Send 國際股市==>  Program Start
2017-07-06 19:02:58Z Send 國際股市==>  Program END 

Create log file
2017-07-06 19:03:24Z Send 國際股市==>  Program Start
2017-07-06 19:03:24Z Send 國際股市==>  Program END 

Create log file
2017-07-06 19:03:52Z Send 國際股市==>  Program Start
2017-07-06 19:03:52Z Send 國際股市==>  Program END 

Create log file
2017-07-06 20:01:03Z Send 國際股市==>  Program Start
2017-07-06 20:01:03Z Send 國際股市==>  Program END 

Create log file
2017-07-06 20:20:14Z stock_data_insert_daily Program Start
2017-07-06 20:20:14Z stock_data_insert_daily Program END 

Create log file
2017-07-06 20:30:29Z Send 股市氣象台電子報-今日我最夯<==Strong_UP==>  Program Start
2017-07-06 20:30:29Z Send 股市氣象台電子報-今日我最夯<==Strong_UP==>  Program END 

Create log file
2017-07-06 21:01:01Z Send 國際股市==>  Program Start
2017-07-06 21:01:01Z Send 國際股市==>  Program END 

Create log file
2017-07-06 22:01:01Z Send 國際股市==>  Program Start
2017-07-06 22:01:01Z Send 國際股市==>  Program END 

Create log file
2017-07-06 22:01:26Z Send 國際股市==>  Program Start
2017-07-06 22:01:26Z Send 國際股市==>  Program END 

Create log file
2017-07-06 22:01:54Z Send 國際股市==>  Program Start
2017-07-06 22:01:54Z Send 國際股市==>  Program END 

Create log file
2017-07-06 23:01:01Z Send 國際股市==>  Program Start
2017-07-06 23:01:01Z Send 國際股市==>  Program END 

Create log file
2017-07-06 23:01:32Z Send 國際股市==>  Program Start
2017-07-06 23:01:32Z Send 國際股市==>  Program END 

