Create log file
2017-06-05 08:01:10Z Send 國際股市==>  Program Start
2017-06-05 08:01:10Z Send 國際股市==>  Program END 

Create log file
2017-06-05 08:01:31Z Send 國際股市==>  Program Start
2017-06-05 08:01:31Z Send 國際股市==>  Program END 

Create log file
2017-06-05 08:01:53Z Send 國際股市==>  Program Start
2017-06-05 08:01:53Z Send 國際股市==>  Program END 

Create log file
2017-06-05 08:02:15Z Send 國際股市==>  Program Start
2017-06-05 08:02:15Z Send 國際股市==>  Program END 

Create log file
2017-06-05 09:01:02Z Send 國際股市==>  Program Start
2017-06-05 09:01:02Z Send 國際股市==>  Program END 

Create log file
2017-06-05 10:01:02Z Send 國際股市==>  Program Start
2017-06-05 10:01:02Z Send 國際股市==>  Program END 

Create log file
2017-06-05 11:01:02Z Send 國際股市==>  Program Start
2017-06-05 11:01:02Z Send 國際股市==>  Program END 

Create log file
2017-06-05 12:01:02Z Send 國際股市==>  Program Start
2017-06-05 12:01:02Z Send 國際股市==>  Program END 

Create log file
2017-06-05 13:01:02Z Send 國際股市==>  Program Start
2017-06-05 13:01:02Z Send 國際股市==>  Program END 

Create log file
2017-06-05 14:01:02Z Send 國際股市==>  Program Start
2017-06-05 14:01:02Z Send 國際股市==>  Program END 

Create log file
2017-06-05 15:01:02Z Send 國際股市==>  Program Start
2017-06-05 15:01:02Z Send 國際股市==>  Program END 

Create log file
2017-06-05 15:50:18Z option_insert_daily Program Start
2017-06-05 15:50:18Z option_insert_daily Program END 

Create log file
2017-06-05 16:01:03Z Send 國際股市==>  Program Start
2017-06-05 16:01:03Z Send 國際股市==>  Program END 

Create log file
2017-06-05 17:01:03Z Send 國際股市==>  Program Start
2017-06-05 17:01:03Z Send 國際股市==>  Program END 

Create log file
2017-06-05 18:01:02Z Send 國際股市==>  Program Start
2017-06-05 18:01:02Z Send 國際股市==>  Program END 

Create log file
2017-06-05 18:01:28Z Send 國際股市==>  Program Start
2017-06-05 18:01:28Z Send 國際股市==>  Program END 

Create log file
2017-06-05 18:01:49Z Send 國際股市==>  Program Start
2017-06-05 18:01:49Z Send 國際股市==>  Program END 

Create log file
2017-06-05 18:02:11Z Send 國際股市==>  Program Start
2017-06-05 18:02:11Z Send 國際股市==>  Program END 

Create log file
2017-06-05 18:02:33Z Send 國際股市==>  Program Start
2017-06-05 18:02:33Z Send 國際股市==>  Program END 

Create log file
2017-06-05 20:01:02Z Send 國際股市==>  Program Start
2017-06-05 20:01:02Z Send 國際股市==>  Program END 

Create log file
2017-06-05 20:20:08Z stock_data_insert_daily Program Start
2017-06-05 20:20:08Z stock_data_insert_daily Program END 

Create log file
2017-06-05 20:30:06Z Send 股市氣象台電子報-今日我最夯<==Strong_UP==>  Program Start
2017-06-05 20:30:06Z Send 股市氣象台電子報-今日我最夯<==Strong_UP==>  Program END 

Create log file
2017-06-05 21:01:02Z Send 國際股市==>  Program Start
2017-06-05 21:01:02Z Send 國際股市==>  Program END 

Create log file
2017-06-05 22:01:02Z Send 國際股市==>  Program Start
2017-06-05 22:01:02Z Send 國際股市==>  Program END 

Create log file
2017-06-05 22:01:25Z Send 國際股市==>  Program Start
2017-06-05 22:01:25Z Send 國際股市==>  Program END 

Create log file
2017-06-05 22:01:47Z Send 國際股市==>  Program Start
2017-06-05 22:01:47Z Send 國際股市==>  Program END 

Create log file
2017-06-05 22:49:34Z Send 國際股市==>  Program Start
2017-06-05 22:49:34Z Send 國際股市==>  Program END 

Create log file
2017-06-05 22:50:08Z Send 國際股市==>  Program Start
2017-06-05 22:50:08Z Send 國際股市==>  Program END 

Create log file
2017-06-05 22:50:33Z Send 國際股市==>  Program Start
2017-06-05 22:50:33Z Send 國際股市==>  Program END 

Create log file
2017-06-05 23:01:02Z Send 國際股市==>  Program Start
2017-06-05 23:01:02Z Send 國際股市==>  Program END 

Create log file
2017-06-05 23:01:27Z Send 國際股市==>  Program Start
2017-06-05 23:01:27Z Send 國際股市==>  Program END 

