Create log file
2017-10-27 00:01:05Z Send 國際股市==>  Program Start
2017-10-27 00:01:05Z Send 國際股市==>  Program END 

Create log file
2017-10-27 01:01:04Z Send 國際股市==>  Program Start
2017-10-27 01:01:04Z Send 國際股市==>  Program END 

Create log file
2017-10-27 08:01:05Z Send 國際股市==>  Program Start
2017-10-27 08:01:05Z Send 國際股市==>  Program END 

Create log file
2017-10-27 08:01:41Z Send 國際股市==>  Program Start
2017-10-27 08:01:41Z Send 國際股市==>  Program END 

Create log file
2017-10-27 08:02:08Z Send 國際股市==>  Program Start
2017-10-27 08:02:08Z Send 國際股市==>  Program END 

Create log file
2017-10-27 08:02:37Z Send 國際股市==>  Program Start
2017-10-27 08:02:37Z Send 國際股市==>  Program END 

Create log file
2017-10-27 09:01:04Z Send 國際股市==>  Program Start
2017-10-27 09:01:04Z Send 國際股市==>  Program END 

Create log file
2017-10-27 10:01:04Z Send 國際股市==>  Program Start
2017-10-27 10:01:04Z Send 國際股市==>  Program END 

Create log file
2017-10-27 11:01:04Z Send 國際股市==>  Program Start
2017-10-27 11:01:04Z Send 國際股市==>  Program END 

Create log file
2017-10-27 12:01:05Z Send 國際股市==>  Program Start
2017-10-27 12:01:05Z Send 國際股市==>  Program END 

Create log file
2017-10-27 13:01:04Z Send 國際股市==>  Program Start
2017-10-27 13:01:04Z Send 國際股市==>  Program END 

Create log file
2017-10-27 14:01:05Z Send 國際股市==>  Program Start
2017-10-27 14:01:05Z Send 國際股市==>  Program END 

Create log file
2017-10-27 15:01:05Z Send 國際股市==>  Program Start
2017-10-27 15:01:05Z Send 國際股市==>  Program END 

Create log file
2017-10-27 15:50:22Z option_insert_daily Program Start
2017-10-27 15:50:22Z option_insert_daily Program END 

Create log file
2017-10-27 15:55:25Z Send Option_OIV_daily Program Start
2017-10-27 15:55:25Z Send Option_OIV_daily Program END 

Create log file
2017-10-27 16:01:04Z Send 國際股市==>  Program Start
2017-10-27 16:01:04Z Send 國際股市==>  Program END 

Create log file
2017-10-27 17:01:04Z Send 國際股市==>  Program Start
2017-10-27 17:01:04Z Send 國際股市==>  Program END 

Create log file
2017-10-27 18:01:04Z Send 國際股市==>  Program Start
2017-10-27 18:01:04Z Send 國際股市==>  Program END 

Create log file
2017-10-27 18:01:41Z Send 國際股市==>  Program Start
2017-10-27 18:01:41Z Send 國際股市==>  Program END 

Create log file
2017-10-27 18:02:06Z Send 國際股市==>  Program Start
2017-10-27 18:02:06Z Send 國際股市==>  Program END 

Create log file
2017-10-27 18:02:34Z Send 國際股市==>  Program Start
2017-10-27 18:02:34Z Send 國際股市==>  Program END 

Create log file
2017-10-27 18:02:56Z Send 國際股市==>  Program Start
2017-10-27 18:02:56Z Send 國際股市==>  Program END 

Create log file
2017-10-27 19:01:04Z Send 國際股市==>  Program Start
2017-10-27 19:01:04Z Send 國際股市==>  Program END 

Create log file
2017-10-27 19:01:40Z Send 國際股市==>  Program Start
2017-10-27 19:01:40Z Send 國際股市==>  Program END 

Create log file
2017-10-27 19:02:11Z Send 國際股市==>  Program Start
2017-10-27 19:02:11Z Send 國際股市==>  Program END 

Create log file
2017-10-27 19:02:33Z Send 國際股市==>  Program Start
2017-10-27 19:02:33Z Send 國際股市==>  Program END 

Create log file
2017-10-27 19:02:59Z Send 國際股市==>  Program Start
2017-10-27 19:02:59Z Send 國際股市==>  Program END 

Create log file
2017-10-27 19:03:23Z Send 國際股市==>  Program Start
2017-10-27 19:03:23Z Send 國際股市==>  Program END 

Create log file
2017-10-27 19:03:52Z Send 國際股市==>  Program Start
2017-10-27 19:03:52Z Send 國際股市==>  Program END 

