Create log file
2017-10-02 08:01:11Z Send 國際股市==>  Program Start
2017-10-02 08:01:11Z Send 國際股市==>  Program END 

Create log file
2017-10-02 09:01:02Z Send 國際股市==>  Program Start
2017-10-02 09:01:02Z Send 國際股市==>  Program END 

Create log file
2017-10-02 10:01:01Z Send 國際股市==>  Program Start
2017-10-02 10:01:01Z Send 國際股市==>  Program END 

Create log file
2017-10-02 11:01:02Z Send 國際股市==>  Program Start
2017-10-02 11:01:02Z Send 國際股市==>  Program END 

Create log file
2017-10-02 12:01:02Z Send 國際股市==>  Program Start
2017-10-02 12:01:02Z Send 國際股市==>  Program END 

Create log file
2017-10-02 13:01:02Z Send 國際股市==>  Program Start
2017-10-02 13:01:02Z Send 國際股市==>  Program END 

Create log file
2017-10-02 14:01:02Z Send 國際股市==>  Program Start
2017-10-02 14:01:02Z Send 國際股市==>  Program END 

Create log file
2017-10-02 15:01:02Z Send 國際股市==>  Program Start
2017-10-02 15:01:02Z Send 國際股市==>  Program END 

Create log file
2017-10-02 15:50:24Z option_insert_daily Program Start
2017-10-02 15:50:24Z option_insert_daily Program END 

Create log file
2017-10-02 16:01:02Z Send 國際股市==>  Program Start
2017-10-02 16:01:02Z Send 國際股市==>  Program END 

Create log file
2017-10-02 17:01:03Z Send 國際股市==>  Program Start
2017-10-02 17:01:03Z Send 國際股市==>  Program END 

Create log file
2017-10-02 18:01:02Z Send 國際股市==>  Program Start
2017-10-02 18:01:02Z Send 國際股市==>  Program END 

Create log file
2017-10-02 18:01:39Z Send 國際股市==>  Program Start
2017-10-02 18:01:39Z Send 國際股市==>  Program END 

Create log file
2017-10-02 18:02:05Z Send 國際股市==>  Program Start
2017-10-02 18:02:05Z Send 國際股市==>  Program END 

Create log file
2017-10-02 18:02:32Z Send 國際股市==>  Program Start
2017-10-02 18:02:32Z Send 國際股市==>  Program END 

Create log file
2017-10-02 18:02:55Z Send 國際股市==>  Program Start
2017-10-02 18:02:55Z Send 國際股市==>  Program END 

Create log file
2017-10-02 19:01:01Z Send 國際股市==>  Program Start
2017-10-02 19:01:01Z Send 國際股市==>  Program END 

Create log file
2017-10-02 20:01:02Z Send 國際股市==>  Program Start
2017-10-02 20:01:02Z Send 國際股市==>  Program END 

Create log file
2017-10-02 21:01:07Z Send 國際股市==>  Program Start
2017-10-02 21:01:07Z Send 國際股市==>  Program END 

Create log file
2017-10-02 22:01:06Z Send 國際股市==>  Program Start
2017-10-02 22:01:06Z Send 國際股市==>  Program END 

Create log file
2017-10-02 22:01:42Z Send 國際股市==>  Program Start
2017-10-02 22:01:42Z Send 國際股市==>  Program END 

Create log file
2017-10-02 22:02:09Z Send 國際股市==>  Program Start
2017-10-02 22:02:09Z Send 國際股市==>  Program END 

Create log file
2017-10-02 23:01:02Z Send 國際股市==>  Program Start
2017-10-02 23:01:02Z Send 國際股市==>  Program END 

Create log file
2017-10-02 23:01:40Z Send 國際股市==>  Program Start
2017-10-02 23:01:40Z Send 國際股市==>  Program END 

