Create log file
2017-07-05 00:01:04Z Send 國際股市==>  Program Start
2017-07-05 00:01:04Z Send 國際股市==>  Program END 

Create log file
2017-07-05 01:01:03Z Send 國際股市==>  Program Start
2017-07-05 01:01:03Z Send 國際股市==>  Program END 

Create log file
2017-07-05 08:01:03Z Send 國際股市==>  Program Start
2017-07-05 08:01:03Z Send 國際股市==>  Program END 

Create log file
2017-07-05 08:01:38Z Send 國際股市==>  Program Start
2017-07-05 08:01:38Z Send 國際股市==>  Program END 

Create log file
2017-07-05 08:02:06Z Send 國際股市==>  Program Start
2017-07-05 08:02:06Z Send 國際股市==>  Program END 

Create log file
2017-07-05 08:02:35Z Send 國際股市==>  Program Start
2017-07-05 08:02:35Z Send 國際股市==>  Program END 

Create log file
2017-07-05 09:01:03Z Send 國際股市==>  Program Start
2017-07-05 09:01:03Z Send 國際股市==>  Program END 

Create log file
2017-07-05 10:01:03Z Send 國際股市==>  Program Start
2017-07-05 10:01:03Z Send 國際股市==>  Program END 

Create log file
2017-07-05 11:01:03Z Send 國際股市==>  Program Start
2017-07-05 11:01:03Z Send 國際股市==>  Program END 

Create log file
2017-07-05 11:15:28Z Query Stock_id is 6488 Program Start
2017-07-05 11:15:28Z Query Stock_id is 6488 Program END 

Create log file
2017-07-05 11:15:28Z Query Stock_id is 2882 Program Start
2017-07-05 11:15:28Z Query Stock_id is 2882 Program END 

Create log file
2017-07-05 11:15:29Z Query Stock_id is 2890 Program Start
2017-07-05 11:15:29Z Query Stock_id is 2890 Program END 

Create log file
2017-07-05 11:15:30Z Query Stock_id is 2881 Program Start
2017-07-05 11:15:30Z Query Stock_id is 2881 Program END 

Create log file
2017-07-05 11:15:31Z Query Stock_id is 5014 Program Start
2017-07-05 11:15:31Z Query Stock_id is 5014 Program END 

Create log file
2017-07-05 11:15:32Z Query Stock_id is 2610 Program Start
2017-07-05 11:15:32Z Query Stock_id is 2610 Program END 

Create log file
2017-07-05 11:15:33Z Query Stock_id is 4938 Program Start
2017-07-05 11:15:33Z Query Stock_id is 4938 Program END 

Create log file
2017-07-05 11:15:34Z Query Stock_id is 2345 Program Start
2017-07-05 11:15:34Z Query Stock_id is 2345 Program END 

Create log file
2017-07-05 11:15:35Z Query Stock_id is 2330 Program Start
2017-07-05 11:15:35Z Query Stock_id is 2330 Program END 

Create log file
2017-07-05 11:15:36Z Query Stock_id is 2337 Program Start
2017-07-05 11:15:36Z Query Stock_id is 2337 Program END 

Create log file
2017-07-05 11:15:36Z Query Stock_id is 2303 Program Start
2017-07-05 11:15:36Z Query Stock_id is 2303 Program END 

Create log file
2017-07-05 12:01:03Z Send 國際股市==>  Program Start
2017-07-05 12:01:03Z Send 國際股市==>  Program END 

Create log file
2017-07-05 13:01:03Z Send 國際股市==>  Program Start
2017-07-05 13:01:03Z Send 國際股市==>  Program END 

Create log file
2017-07-05 14:01:03Z Send 國際股市==>  Program Start
2017-07-05 14:01:03Z Send 國際股市==>  Program END 

Create log file
2017-07-05 15:01:03Z Send 國際股市==>  Program Start
2017-07-05 15:01:03Z Send 國際股市==>  Program END 

Create log file
2017-07-05 15:50:27Z option_insert_daily Program Start
2017-07-05 15:50:27Z option_insert_daily Program END 

Create log file
2017-07-05 15:55:23Z Send Option_OIV_daily Program Start
2017-07-05 15:55:23Z Send Option_OIV_daily Program END 

Create log file
2017-07-05 16:01:02Z Send 國際股市==>  Program Start
2017-07-05 16:01:02Z Send 國際股市==>  Program END 

Create log file
2017-07-05 17:01:03Z Send 國際股市==>  Program Start
2017-07-05 17:01:03Z Send 國際股市==>  Program END 

Create log file
2017-07-05 18:01:03Z Send 國際股市==>  Program Start
2017-07-05 18:01:03Z Send 國際股市==>  Program END 

Create log file
2017-07-05 18:01:38Z Send 國際股市==>  Program Start
2017-07-05 18:01:38Z Send 國際股市==>  Program END 

Create log file
2017-07-05 18:02:04Z Send 國際股市==>  Program Start
2017-07-05 18:02:04Z Send 國際股市==>  Program END 

Create log file
2017-07-05 18:02:33Z Send 國際股市==>  Program Start
2017-07-05 18:02:33Z Send 國際股市==>  Program END 

Create log file
2017-07-05 18:03:01Z Send 國際股市==>  Program Start
2017-07-05 18:03:01Z Send 國際股市==>  Program END 

Create log file
2017-07-05 19:01:03Z Send 國際股市==>  Program Start
2017-07-05 19:01:03Z Send 國際股市==>  Program END 

Create log file
2017-07-05 19:01:38Z Send 國際股市==>  Program Start
2017-07-05 19:01:38Z Send 國際股市==>  Program END 

Create log file
2017-07-05 19:02:09Z Send 國際股市==>  Program Start
2017-07-05 19:02:09Z Send 國際股市==>  Program END 

Create log file
2017-07-05 19:02:32Z Send 國際股市==>  Program Start
2017-07-05 19:02:32Z Send 國際股市==>  Program END 

Create log file
2017-07-05 19:02:58Z Send 國際股市==>  Program Start
2017-07-05 19:02:58Z Send 國際股市==>  Program END 

Create log file
2017-07-05 19:03:23Z Send 國際股市==>  Program Start
2017-07-05 19:03:23Z Send 國際股市==>  Program END 

Create log file
2017-07-05 19:03:51Z Send 國際股市==>  Program Start
2017-07-05 19:03:51Z Send 國際股市==>  Program END 

Create log file
2017-07-05 20:01:03Z Send 國際股市==>  Program Start
2017-07-05 20:01:03Z Send 國際股市==>  Program END 

Create log file
2017-07-05 20:20:15Z stock_data_insert_daily Program Start
2017-07-05 20:20:15Z stock_data_insert_daily Program END 

Create log file
2017-07-05 20:30:23Z Send 股市氣象台電子報-今日我最夯<==Strong_UP==>  Program Start
2017-07-05 20:30:23Z Send 股市氣象台電子報-今日我最夯<==Strong_UP==>  Program END 

Create log file
2017-07-05 21:01:02Z Send 國際股市==>  Program Start
2017-07-05 21:01:02Z Send 國際股市==>  Program END 

Create log file
2017-07-05 22:01:01Z Send 國際股市==>  Program Start
2017-07-05 22:01:01Z Send 國際股市==>  Program END 

Create log file
2017-07-05 22:01:36Z Send 國際股市==>  Program Start
2017-07-05 22:01:36Z Send 國際股市==>  Program END 

Create log file
2017-07-05 22:02:04Z Send 國際股市==>  Program Start
2017-07-05 22:02:04Z Send 國際股市==>  Program END 

