Create log file
2017-10-09 08:01:11Z Send 國際股市==>  Program Start
2017-10-09 08:01:11Z Send 國際股市==>  Program END 

Create log file
2017-10-09 08:01:49Z Send 國際股市==>  Program Start
2017-10-09 08:01:49Z Send 國際股市==>  Program END 

Create log file
2017-10-09 08:02:15Z Send 國際股市==>  Program Start
2017-10-09 08:02:15Z Send 國際股市==>  Program END 

Create log file
2017-10-09 08:02:43Z Send 國際股市==>  Program Start
2017-10-09 08:02:43Z Send 國際股市==>  Program END 

Create log file
2017-10-09 09:01:03Z Send 國際股市==>  Program Start
2017-10-09 09:01:03Z Send 國際股市==>  Program END 

Create log file
2017-10-09 10:01:03Z Send 國際股市==>  Program Start
2017-10-09 10:01:03Z Send 國際股市==>  Program END 

Create log file
2017-10-09 11:01:03Z Send 國際股市==>  Program Start
2017-10-09 11:01:03Z Send 國際股市==>  Program END 

Create log file
2017-10-09 12:01:02Z Send 國際股市==>  Program Start
2017-10-09 12:01:02Z Send 國際股市==>  Program END 

Create log file
2017-10-09 13:01:03Z Send 國際股市==>  Program Start
2017-10-09 13:01:03Z Send 國際股市==>  Program END 

Create log file
2017-10-09 14:01:02Z Send 國際股市==>  Program Start
2017-10-09 14:01:02Z Send 國際股市==>  Program END 

Create log file
2017-10-09 15:01:04Z Send 國際股市==>  Program Start
2017-10-09 15:01:04Z Send 國際股市==>  Program END 

Create log file
2017-10-09 15:50:27Z option_insert_daily Program Start
2017-10-09 15:50:27Z option_insert_daily Program END 

Create log file
2017-10-09 15:55:21Z Send Option_OIV_daily Program Start
2017-10-09 15:55:21Z Send Option_OIV_daily Program END 

Create log file
2017-10-09 16:01:04Z Send 國際股市==>  Program Start
2017-10-09 16:01:04Z Send 國際股市==>  Program END 

Create log file
2017-10-09 17:01:04Z Send 國際股市==>  Program Start
2017-10-09 17:01:04Z Send 國際股市==>  Program END 

Create log file
2017-10-09 18:01:04Z Send 國際股市==>  Program Start
2017-10-09 18:01:04Z Send 國際股市==>  Program END 

Create log file
2017-10-09 18:01:40Z Send 國際股市==>  Program Start
2017-10-09 18:01:40Z Send 國際股市==>  Program END 

Create log file
2017-10-09 18:02:05Z Send 國際股市==>  Program Start
2017-10-09 18:02:05Z Send 國際股市==>  Program END 

Create log file
2017-10-09 18:02:33Z Send 國際股市==>  Program Start
2017-10-09 18:02:33Z Send 國際股市==>  Program END 

Create log file
2017-10-09 18:02:55Z Send 國際股市==>  Program Start
2017-10-09 18:02:55Z Send 國際股市==>  Program END 

Create log file
2017-10-09 19:01:04Z Send 國際股市==>  Program Start
2017-10-09 19:01:04Z Send 國際股市==>  Program END 

Create log file
2017-10-09 19:01:39Z Send 國際股市==>  Program Start
2017-10-09 19:01:39Z Send 國際股市==>  Program END 

Create log file
2017-10-09 19:02:08Z Send 國際股市==>  Program Start
2017-10-09 19:02:08Z Send 國際股市==>  Program END 

Create log file
2017-10-09 19:02:31Z Send 國際股市==>  Program Start
2017-10-09 19:02:31Z Send 國際股市==>  Program END 

Create log file
2017-10-09 19:02:56Z Send 國際股市==>  Program Start
2017-10-09 19:02:56Z Send 國際股市==>  Program END 

Create log file
2017-10-09 19:03:19Z Send 國際股市==>  Program Start
2017-10-09 19:03:19Z Send 國際股市==>  Program END 

Create log file
2017-10-09 19:03:47Z Send 國際股市==>  Program Start
2017-10-09 19:03:47Z Send 國際股市==>  Program END 

Create log file
2017-10-09 20:01:04Z Send 國際股市==>  Program Start
2017-10-09 20:01:04Z Send 國際股市==>  Program END 

Create log file
2017-10-09 21:01:04Z Send 國際股市==>  Program Start
2017-10-09 21:01:04Z Send 國際股市==>  Program END 

Create log file
2017-10-09 22:01:03Z Send 國際股市==>  Program Start
2017-10-09 22:01:03Z Send 國際股市==>  Program END 

Create log file
2017-10-09 22:01:38Z Send 國際股市==>  Program Start
2017-10-09 22:01:38Z Send 國際股市==>  Program END 

Create log file
2017-10-09 22:02:04Z Send 國際股市==>  Program Start
2017-10-09 22:02:04Z Send 國際股市==>  Program END 

Create log file
2017-10-09 23:01:04Z Send 國際股市==>  Program Start
2017-10-09 23:01:04Z Send 國際股市==>  Program END 

Create log file
2017-10-09 23:01:40Z Send 國際股市==>  Program Start
2017-10-09 23:01:40Z Send 國際股市==>  Program END 

