Create log file
2017-08-09 00:01:11Z Send 國際股市==>  Program Start
2017-08-09 00:01:11Z Send 國際股市==>  Program END 

Create log file
2017-08-09 01:01:08Z Send 國際股市==>  Program Start
2017-08-09 01:01:08Z Send 國際股市==>  Program END 

Create log file
2017-08-09 08:01:10Z Send 國際股市==>  Program Start
2017-08-09 08:01:10Z Send 國際股市==>  Program END 

Create log file
2017-08-09 08:01:46Z Send 國際股市==>  Program Start
2017-08-09 08:01:46Z Send 國際股市==>  Program END 

Create log file
2017-08-09 08:02:13Z Send 國際股市==>  Program Start
2017-08-09 08:02:13Z Send 國際股市==>  Program END 

Create log file
2017-08-09 08:02:42Z Send 國際股市==>  Program Start
2017-08-09 08:02:42Z Send 國際股市==>  Program END 

Create log file
2017-08-09 09:01:03Z Send 國際股市==>  Program Start
2017-08-09 09:01:03Z Send 國際股市==>  Program END 

Create log file
2017-08-09 10:01:03Z Send 國際股市==>  Program Start
2017-08-09 10:01:03Z Send 國際股市==>  Program END 

Create log file
2017-08-09 11:01:03Z Send 國際股市==>  Program Start
2017-08-09 11:01:03Z Send 國際股市==>  Program END 

Create log file
2017-08-09 12:01:03Z Send 國際股市==>  Program Start
2017-08-09 12:01:03Z Send 國際股市==>  Program END 

Create log file
2017-08-09 13:01:03Z Send 國際股市==>  Program Start
2017-08-09 13:01:03Z Send 國際股市==>  Program END 

Create log file
2017-08-09 14:01:03Z Send 國際股市==>  Program Start
2017-08-09 14:01:03Z Send 國際股市==>  Program END 

Create log file
2017-08-09 15:01:03Z Send 國際股市==>  Program Start
2017-08-09 15:01:03Z Send 國際股市==>  Program END 

Create log file
2017-08-09 15:50:22Z option_insert_daily Program Start
2017-08-09 15:50:22Z option_insert_daily Program END 

Create log file
2017-08-09 15:55:21Z Send Option_OIV_daily Program Start
2017-08-09 15:55:21Z Send Option_OIV_daily Program END 

Create log file
2017-08-09 16:01:02Z Send 國際股市==>  Program Start
2017-08-09 16:01:02Z Send 國際股市==>  Program END 

Create log file
2017-08-09 17:01:03Z Send 國際股市==>  Program Start
2017-08-09 17:01:03Z Send 國際股市==>  Program END 

Create log file
2017-08-09 18:01:03Z Send 國際股市==>  Program Start
2017-08-09 18:01:03Z Send 國際股市==>  Program END 

Create log file
2017-08-09 18:01:39Z Send 國際股市==>  Program Start
2017-08-09 18:01:39Z Send 國際股市==>  Program END 

Create log file
2017-08-09 18:02:06Z Send 國際股市==>  Program Start
2017-08-09 18:02:06Z Send 國際股市==>  Program END 

Create log file
2017-08-09 18:02:35Z Send 國際股市==>  Program Start
2017-08-09 18:02:35Z Send 國際股市==>  Program END 

Create log file
2017-08-09 18:02:58Z Send 國際股市==>  Program Start
2017-08-09 18:02:58Z Send 國際股市==>  Program END 

Create log file
2017-08-09 19:01:03Z Send 國際股市==>  Program Start
2017-08-09 19:01:03Z Send 國際股市==>  Program END 

Create log file
2017-08-09 19:01:39Z Send 國際股市==>  Program Start
2017-08-09 19:01:39Z Send 國際股市==>  Program END 

Create log file
2017-08-09 19:02:05Z Send 國際股市==>  Program Start
2017-08-09 19:02:05Z Send 國際股市==>  Program END 

Create log file
2017-08-09 19:02:29Z Send 國際股市==>  Program Start
2017-08-09 19:02:29Z Send 國際股市==>  Program END 

Create log file
2017-08-09 20:01:01Z Send 國際股市==>  Program Start
2017-08-09 20:01:01Z Send 國際股市==>  Program END 

Create log file
2017-08-09 21:01:01Z Send 國際股市==>  Program Start
2017-08-09 21:01:01Z Send 國際股市==>  Program END 

Create log file
2017-08-09 22:01:01Z Send 國際股市==>  Program Start
2017-08-09 22:01:01Z Send 國際股市==>  Program END 

Create log file
2017-08-09 22:01:37Z Send 國際股市==>  Program Start
2017-08-09 22:01:37Z Send 國際股市==>  Program END 

Create log file
2017-08-09 22:02:04Z Send 國際股市==>  Program Start
2017-08-09 22:02:04Z Send 國際股市==>  Program END 

Create log file
2017-08-09 23:01:02Z Send 國際股市==>  Program Start
2017-08-09 23:01:02Z Send 國際股市==>  Program END 

Create log file
2017-08-09 23:01:40Z Send 國際股市==>  Program Start
2017-08-09 23:01:40Z Send 國際股市==>  Program END 

