Create log file
2017-08-28 08:01:05Z Send 國際股市==>  Program Start
2017-08-28 08:01:05Z Send 國際股市==>  Program END 

Create log file
2017-08-28 08:01:42Z Send 國際股市==>  Program Start
2017-08-28 08:01:42Z Send 國際股市==>  Program END 

Create log file
2017-08-28 08:02:11Z Send 國際股市==>  Program Start
2017-08-28 08:02:11Z Send 國際股市==>  Program END 

Create log file
2017-08-28 08:02:40Z Send 國際股市==>  Program Start
2017-08-28 08:02:40Z Send 國際股市==>  Program END 

Create log file
2017-08-28 09:01:02Z Send 國際股市==>  Program Start
2017-08-28 09:01:02Z Send 國際股市==>  Program END 

Create log file
2017-08-28 10:01:01Z Send 國際股市==>  Program Start
2017-08-28 10:01:01Z Send 國際股市==>  Program END 

Create log file
2017-08-28 11:01:01Z Send 國際股市==>  Program Start
2017-08-28 11:01:01Z Send 國際股市==>  Program END 

Create log file
2017-08-28 12:01:01Z Send 國際股市==>  Program Start
2017-08-28 12:01:01Z Send 國際股市==>  Program END 

Create log file
2017-08-28 13:01:01Z Send 國際股市==>  Program Start
2017-08-28 13:01:01Z Send 國際股市==>  Program END 

Create log file
2017-08-28 14:01:01Z Send 國際股市==>  Program Start
2017-08-28 14:01:01Z Send 國際股市==>  Program END 

Create log file
2017-08-28 15:01:01Z Send 國際股市==>  Program Start
2017-08-28 15:01:01Z Send 國際股市==>  Program END 

Create log file
2017-08-28 15:50:26Z option_insert_daily Program Start
2017-08-28 15:50:26Z option_insert_daily Program END 

Create log file
2017-08-28 15:55:18Z Send Option_OIV_daily Program Start
2017-08-28 15:55:18Z Send Option_OIV_daily Program END 

Create log file
2017-08-28 16:01:01Z Send 國際股市==>  Program Start
2017-08-28 16:01:01Z Send 國際股市==>  Program END 

Create log file
2017-08-28 17:01:01Z Send 國際股市==>  Program Start
2017-08-28 17:01:01Z Send 國際股市==>  Program END 

Create log file
2017-08-28 18:01:02Z Send 國際股市==>  Program Start
2017-08-28 18:01:02Z Send 國際股市==>  Program END 

Create log file
2017-08-28 19:01:04Z Send 國際股市==>  Program Start
2017-08-28 19:01:04Z Send 國際股市==>  Program END 

Create log file
2017-08-28 19:01:40Z Send 國際股市==>  Program Start
2017-08-28 19:01:40Z Send 國際股市==>  Program END 

Create log file
2017-08-28 19:02:10Z Send 國際股市==>  Program Start
2017-08-28 19:02:10Z Send 國際股市==>  Program END 

Create log file
2017-08-28 19:02:34Z Send 國際股市==>  Program Start
2017-08-28 19:02:34Z Send 國際股市==>  Program END 

Create log file
2017-08-28 19:03:00Z Send 國際股市==>  Program Start
2017-08-28 19:03:00Z Send 國際股市==>  Program END 

Create log file
2017-08-28 19:03:24Z Send 國際股市==>  Program Start
2017-08-28 19:03:24Z Send 國際股市==>  Program END 

Create log file
2017-08-28 19:03:54Z Send 國際股市==>  Program Start
2017-08-28 19:03:54Z Send 國際股市==>  Program END 

Create log file
2017-08-28 20:01:05Z Send 國際股市==>  Program Start
2017-08-28 20:01:05Z Send 國際股市==>  Program END 

Create log file
2017-08-28 21:01:01Z Send 國際股市==>  Program Start
2017-08-28 21:01:01Z Send 國際股市==>  Program END 

Create log file
2017-08-28 22:01:07Z Send 國際股市==>  Program Start
2017-08-28 22:01:07Z Send 國際股市==>  Program END 

Create log file
2017-08-28 22:01:43Z Send 國際股市==>  Program Start
2017-08-28 22:01:43Z Send 國際股市==>  Program END 

Create log file
2017-08-28 22:02:11Z Send 國際股市==>  Program Start
2017-08-28 22:02:11Z Send 國際股市==>  Program END 

Create log file
2017-08-28 23:01:08Z Send 國際股市==>  Program Start
2017-08-28 23:01:08Z Send 國際股市==>  Program END 

Create log file
2017-08-28 23:01:45Z Send 國際股市==>  Program Start
2017-08-28 23:01:45Z Send 國際股市==>  Program END 

