Create log file
2017-09-29 00:01:02Z Send 國際股市==>  Program Start
2017-09-29 00:01:02Z Send 國際股市==>  Program END 

Create log file
2017-09-29 01:01:06Z Send 國際股市==>  Program Start
2017-09-29 01:01:06Z Send 國際股市==>  Program END 

Create log file
2017-09-29 08:01:06Z Send 國際股市==>  Program Start
2017-09-29 08:01:06Z Send 國際股市==>  Program END 

Create log file
2017-09-29 08:01:45Z Send 國際股市==>  Program Start
2017-09-29 08:01:45Z Send 國際股市==>  Program END 

Create log file
2017-09-29 08:02:11Z Send 國際股市==>  Program Start
2017-09-29 08:02:11Z Send 國際股市==>  Program END 

Create log file
2017-09-29 08:02:40Z Send 國際股市==>  Program Start
2017-09-29 08:02:40Z Send 國際股市==>  Program END 

Create log file
2017-09-29 09:01:05Z Send 國際股市==>  Program Start
2017-09-29 09:01:05Z Send 國際股市==>  Program END 

Create log file
2017-09-29 10:01:05Z Send 國際股市==>  Program Start
2017-09-29 10:01:05Z Send 國際股市==>  Program END 

Create log file
2017-09-29 11:01:06Z Send 國際股市==>  Program Start
2017-09-29 11:01:06Z Send 國際股市==>  Program END 

Create log file
2017-09-29 12:01:07Z Send 國際股市==>  Program Start
2017-09-29 12:01:07Z Send 國際股市==>  Program END 

Create log file
2017-09-29 13:01:06Z Send 國際股市==>  Program Start
2017-09-29 13:01:06Z Send 國際股市==>  Program END 

Create log file
2017-09-29 14:01:06Z Send 國際股市==>  Program Start
2017-09-29 14:01:06Z Send 國際股市==>  Program END 

Create log file
2017-09-29 15:01:06Z Send 國際股市==>  Program Start
2017-09-29 15:01:06Z Send 國際股市==>  Program END 

Create log file
2017-09-29 15:50:23Z option_insert_daily Program Start
2017-09-29 15:50:23Z option_insert_daily Program END 

Create log file
2017-09-29 15:55:28Z Send Option_OIV_daily Program Start
2017-09-29 15:55:28Z Send Option_OIV_daily Program END 

Create log file
2017-09-29 16:01:06Z Send 國際股市==>  Program Start
2017-09-29 16:01:06Z Send 國際股市==>  Program END 

Create log file
2017-09-29 17:01:06Z Send 國際股市==>  Program Start
2017-09-29 17:01:06Z Send 國際股市==>  Program END 

Create log file
2017-09-29 18:01:07Z Send 國際股市==>  Program Start
2017-09-29 18:01:07Z Send 國際股市==>  Program END 

Create log file
2017-09-29 18:01:41Z Send 國際股市==>  Program Start
2017-09-29 18:01:41Z Send 國際股市==>  Program END 

Create log file
2017-09-29 18:02:07Z Send 國際股市==>  Program Start
2017-09-29 18:02:07Z Send 國際股市==>  Program END 

Create log file
2017-09-29 18:02:34Z Send 國際股市==>  Program Start
2017-09-29 18:02:34Z Send 國際股市==>  Program END 

Create log file
2017-09-29 18:02:57Z Send 國際股市==>  Program Start
2017-09-29 18:02:57Z Send 國際股市==>  Program END 

Create log file
2017-09-29 19:01:06Z Send 國際股市==>  Program Start
2017-09-29 19:01:06Z Send 國際股市==>  Program END 

Create log file
2017-09-29 19:01:42Z Send 國際股市==>  Program Start
2017-09-29 19:01:42Z Send 國際股市==>  Program END 

Create log file
2017-09-29 19:02:12Z Send 國際股市==>  Program Start
2017-09-29 19:02:12Z Send 國際股市==>  Program END 

Create log file
2017-09-29 19:02:34Z Send 國際股市==>  Program Start
2017-09-29 19:02:34Z Send 國際股市==>  Program END 

Create log file
2017-09-29 19:02:59Z Send 國際股市==>  Program Start
2017-09-29 19:02:59Z Send 國際股市==>  Program END 

Create log file
2017-09-29 19:03:23Z Send 國際股市==>  Program Start
2017-09-29 19:03:23Z Send 國際股市==>  Program END 

Create log file
2017-09-29 19:03:51Z Send 國際股市==>  Program Start
2017-09-29 19:03:51Z Send 國際股市==>  Program END 

Create log file
2017-09-29 20:01:08Z Send 國際股市==>  Program Start
2017-09-29 20:01:08Z Send 國際股市==>  Program END 

Create log file
2017-09-29 21:01:06Z Send 國際股市==>  Program Start
2017-09-29 21:01:06Z Send 國際股市==>  Program END 

Create log file
2017-09-29 22:01:02Z Send 國際股市==>  Program Start
2017-09-29 22:01:02Z Send 國際股市==>  Program END 

Create log file
2017-09-29 22:01:37Z Send 國際股市==>  Program Start
2017-09-29 22:01:37Z Send 國際股市==>  Program END 

Create log file
2017-09-29 22:02:03Z Send 國際股市==>  Program Start
2017-09-29 22:02:03Z Send 國際股市==>  Program END 

Create log file
2017-09-29 23:01:01Z Send 國際股市==>  Program Start
2017-09-29 23:01:01Z Send 國際股市==>  Program END 

Create log file
2017-09-29 23:01:38Z Send 國際股市==>  Program Start
2017-09-29 23:01:38Z Send 國際股市==>  Program END 

