Create log file
2017-10-11 00:01:04Z Send 國際股市==>  Program Start
2017-10-11 00:01:04Z Send 國際股市==>  Program END 

Create log file
2017-10-11 01:01:04Z Send 國際股市==>  Program Start
2017-10-11 01:01:04Z Send 國際股市==>  Program END 

Create log file
2017-10-11 08:01:03Z Send 國際股市==>  Program Start
2017-10-11 08:01:03Z Send 國際股市==>  Program END 

Create log file
2017-10-11 08:01:39Z Send 國際股市==>  Program Start
2017-10-11 08:01:39Z Send 國際股市==>  Program END 

Create log file
2017-10-11 08:02:04Z Send 國際股市==>  Program Start
2017-10-11 08:02:04Z Send 國際股市==>  Program END 

Create log file
2017-10-11 08:02:37Z Send 國際股市==>  Program Start
2017-10-11 08:02:37Z Send 國際股市==>  Program END 

Create log file
2017-10-11 09:01:03Z Send 國際股市==>  Program Start
2017-10-11 09:01:03Z Send 國際股市==>  Program END 

Create log file
2017-10-11 10:01:04Z Send 國際股市==>  Program Start
2017-10-11 10:01:04Z Send 國際股市==>  Program END 

Create log file
2017-10-11 11:01:04Z Send 國際股市==>  Program Start
2017-10-11 11:01:04Z Send 國際股市==>  Program END 

Create log file
2017-10-11 12:01:09Z Send 國際股市==>  Program Start
2017-10-11 12:01:09Z Send 國際股市==>  Program END 

Create log file
2017-10-11 13:01:04Z Send 國際股市==>  Program Start
2017-10-11 13:01:04Z Send 國際股市==>  Program END 

Create log file
2017-10-11 14:01:03Z Send 國際股市==>  Program Start
2017-10-11 14:01:03Z Send 國際股市==>  Program END 

Create log file
2017-10-11 15:01:03Z Send 國際股市==>  Program Start
2017-10-11 15:01:03Z Send 國際股市==>  Program END 

Create log file
2017-10-11 15:50:22Z option_insert_daily Program Start
2017-10-11 15:50:22Z option_insert_daily Program END 

Create log file
2017-10-11 15:55:35Z Send Option_OIV_daily Program Start
2017-10-11 15:55:35Z Send Option_OIV_daily Program END 

Create log file
2017-10-11 16:01:03Z Send 國際股市==>  Program Start
2017-10-11 16:01:03Z Send 國際股市==>  Program END 

Create log file
2017-10-11 17:01:04Z Send 國際股市==>  Program Start
2017-10-11 17:01:04Z Send 國際股市==>  Program END 

Create log file
2017-10-11 18:01:04Z Send 國際股市==>  Program Start
2017-10-11 18:01:04Z Send 國際股市==>  Program END 

Create log file
2017-10-11 18:01:40Z Send 國際股市==>  Program Start
2017-10-11 18:01:40Z Send 國際股市==>  Program END 

Create log file
2017-10-11 18:02:04Z Send 國際股市==>  Program Start
2017-10-11 18:02:04Z Send 國際股市==>  Program END 

Create log file
2017-10-11 18:02:34Z Send 國際股市==>  Program Start
2017-10-11 18:02:34Z Send 國際股市==>  Program END 

Create log file
2017-10-11 18:02:57Z Send 國際股市==>  Program Start
2017-10-11 18:02:57Z Send 國際股市==>  Program END 

Create log file
2017-10-11 20:01:01Z Send 國際股市==>  Program Start
2017-10-11 20:01:01Z Send 國際股市==>  Program END 

Create log file
2017-10-11 21:01:01Z Send 國際股市==>  Program Start
2017-10-11 21:01:01Z Send 國際股市==>  Program END 

Create log file
2017-10-11 22:01:01Z Send 國際股市==>  Program Start
2017-10-11 22:01:01Z Send 國際股市==>  Program END 

Create log file
2017-10-11 22:01:37Z Send 國際股市==>  Program Start
2017-10-11 22:01:37Z Send 國際股市==>  Program END 

Create log file
2017-10-11 22:02:04Z Send 國際股市==>  Program Start
2017-10-11 22:02:04Z Send 國際股市==>  Program END 

Create log file
2017-10-11 23:01:01Z Send 國際股市==>  Program Start
2017-10-11 23:01:01Z Send 國際股市==>  Program END 

Create log file
2017-10-11 23:01:38Z Send 國際股市==>  Program Start
2017-10-11 23:01:38Z Send 國際股市==>  Program END 

