Create log file
2017-06-22 00:01:02Z Send 國際股市==>  Program Start
2017-06-22 00:01:02Z Send 國際股市==>  Program END 

Create log file
2017-06-22 01:01:02Z Send 國際股市==>  Program Start
2017-06-22 01:01:02Z Send 國際股市==>  Program END 

Create log file
2017-06-22 08:01:02Z Send 國際股市==>  Program Start
2017-06-22 08:01:02Z Send 國際股市==>  Program END 

Create log file
2017-06-22 08:01:27Z Send 國際股市==>  Program Start
2017-06-22 08:01:27Z Send 國際股市==>  Program END 

Create log file
2017-06-22 08:01:55Z Send 國際股市==>  Program Start
2017-06-22 08:01:55Z Send 國際股市==>  Program END 

Create log file
2017-06-22 08:02:24Z Send 國際股市==>  Program Start
2017-06-22 08:02:24Z Send 國際股市==>  Program END 

Create log file
2017-06-22 09:01:02Z Send 國際股市==>  Program Start
2017-06-22 09:01:02Z Send 國際股市==>  Program END 

Create log file
2017-06-22 10:01:02Z Send 國際股市==>  Program Start
2017-06-22 10:01:02Z Send 國際股市==>  Program END 

Create log file
2017-06-22 11:01:02Z Send 國際股市==>  Program Start
2017-06-22 11:01:02Z Send 國際股市==>  Program END 

Create log file
2017-06-22 12:01:02Z Send 國際股市==>  Program Start
2017-06-22 12:01:02Z Send 國際股市==>  Program END 

Create log file
2017-06-22 13:01:02Z Send 國際股市==>  Program Start
2017-06-22 13:01:02Z Send 國際股市==>  Program END 

Create log file
2017-06-22 14:01:01Z Send 國際股市==>  Program Start
2017-06-22 14:01:01Z Send 國際股市==>  Program END 

Create log file
2017-06-22 15:01:01Z Send 國際股市==>  Program Start
2017-06-22 15:01:01Z Send 國際股市==>  Program END 

Create log file
2017-06-22 15:50:19Z option_insert_daily Program Start
2017-06-22 15:50:19Z option_insert_daily Program END 

Create log file
2017-06-22 15:55:21Z Send Option_OIV_daily Program Start
2017-06-22 15:55:21Z Send Option_OIV_daily Program END 

Create log file
2017-06-22 16:01:01Z Send 國際股市==>  Program Start
2017-06-22 16:01:01Z Send 國際股市==>  Program END 

Create log file
2017-06-22 17:01:01Z Send 國際股市==>  Program Start
2017-06-22 17:01:01Z Send 國際股市==>  Program END 

Create log file
2017-06-22 17:38:58Z Query Stock_id is 2303 Program Start
2017-06-22 17:38:58Z Query Stock_id is 2303 Program END 

Create log file
2017-06-22 17:38:59Z Query Stock_id is 2337 Program Start
2017-06-22 17:38:59Z Query Stock_id is 2337 Program END 

Create log file
2017-06-22 17:38:59Z Query Stock_id is 6488 Program Start
2017-06-22 17:38:59Z Query Stock_id is 6488 Program END 

Create log file
2017-06-22 17:38:59Z Query Stock_id is 2345 Program Start
2017-06-22 17:38:59Z Query Stock_id is 2345 Program END 

Create log file
2017-06-22 17:39:00Z Query Stock_id is 6269 Program Start
2017-06-22 17:39:00Z Query Stock_id is 6269 Program END 

Create log file
2017-06-22 17:39:00Z Query Stock_id is 2610 Program Start
2017-06-22 17:39:00Z Query Stock_id is 2610 Program END 

Create log file
2017-06-22 17:39:01Z Query Stock_id is 2881 Program Start
2017-06-22 17:39:01Z Query Stock_id is 2881 Program END 

Create log file
2017-06-22 17:39:01Z Query Stock_id is 2882 Program Start
2017-06-22 17:39:01Z Query Stock_id is 2882 Program END 

Create log file
2017-06-22 17:39:02Z Query Stock_id is 4938 Program Start
2017-06-22 17:39:02Z Query Stock_id is 4938 Program END 

Create log file
2017-06-22 17:39:02Z Query Stock_id is 2330 Program Start
2017-06-22 17:39:02Z Query Stock_id is 2330 Program END 

Create log file
2017-06-22 17:39:03Z Query Stock_id is 2890 Program Start
2017-06-22 17:39:03Z Query Stock_id is 2890 Program END 

Create log file
2017-06-22 17:40:04Z Query Stock_id is 2303 Program Start
2017-06-22 17:40:04Z Query Stock_id is 2303 Program END 

Create log file
2017-06-22 17:40:05Z Query Stock_id is 2337 Program Start
2017-06-22 17:40:05Z Query Stock_id is 2337 Program END 

Create log file
2017-06-22 17:40:05Z Query Stock_id is 6488 Program Start
2017-06-22 17:40:05Z Query Stock_id is 6488 Program END 

Create log file
2017-06-22 17:40:06Z Query Stock_id is 2345 Program Start
2017-06-22 17:40:06Z Query Stock_id is 2345 Program END 

Create log file
2017-06-22 17:40:06Z Query Stock_id is 6269 Program Start
2017-06-22 17:40:06Z Query Stock_id is 6269 Program END 

Create log file
2017-06-22 17:40:06Z Query Stock_id is 2610 Program Start
2017-06-22 17:40:06Z Query Stock_id is 2610 Program END 

Create log file
2017-06-22 17:40:07Z Query Stock_id is 2881 Program Start
2017-06-22 17:40:07Z Query Stock_id is 2881 Program END 

Create log file
2017-06-22 17:40:08Z Query Stock_id is 2882 Program Start
2017-06-22 17:40:08Z Query Stock_id is 2882 Program END 

Create log file
2017-06-22 17:40:08Z Query Stock_id is 4938 Program Start
2017-06-22 17:40:08Z Query Stock_id is 4938 Program END 

Create log file
2017-06-22 17:40:08Z Query Stock_id is 2330 Program Start
2017-06-22 17:40:08Z Query Stock_id is 2330 Program END 

Create log file
2017-06-22 17:40:09Z Query Stock_id is 2890 Program Start
2017-06-22 17:40:09Z Query Stock_id is 2890 Program END 

Create log file
2017-06-22 17:40:29Z Query Stock_id is 2303 Program Start
2017-06-22 17:40:29Z Query Stock_id is 2303 Program END 

Create log file
2017-06-22 17:40:30Z Query Stock_id is 2337 Program Start
2017-06-22 17:40:30Z Query Stock_id is 2337 Program END 

Create log file
2017-06-22 17:40:30Z Query Stock_id is 6488 Program Start
2017-06-22 17:40:30Z Query Stock_id is 6488 Program END 

Create log file
2017-06-22 17:40:30Z Query Stock_id is 2345 Program Start
2017-06-22 17:40:30Z Query Stock_id is 2345 Program END 

Create log file
2017-06-22 17:40:31Z Query Stock_id is 6269 Program Start
2017-06-22 17:40:31Z Query Stock_id is 6269 Program END 

Create log file
2017-06-22 17:40:31Z Query Stock_id is 2610 Program Start
2017-06-22 17:40:31Z Query Stock_id is 2610 Program END 

Create log file
2017-06-22 17:40:32Z Query Stock_id is 2881 Program Start
2017-06-22 17:40:32Z Query Stock_id is 2881 Program END 

Create log file
2017-06-22 17:40:32Z Query Stock_id is 2882 Program Start
2017-06-22 17:40:32Z Query Stock_id is 2882 Program END 

Create log file
2017-06-22 17:40:32Z Query Stock_id is 4938 Program Start
2017-06-22 17:40:32Z Query Stock_id is 4938 Program END 

Create log file
2017-06-22 17:40:33Z Query Stock_id is 2330 Program Start
2017-06-22 17:40:33Z Query Stock_id is 2330 Program END 

Create log file
2017-06-22 17:40:33Z Query Stock_id is 2890 Program Start
2017-06-22 17:40:33Z Query Stock_id is 2890 Program END 

Create log file
2017-06-22 18:01:01Z Send 國際股市==>  Program Start
2017-06-22 18:01:01Z Send 國際股市==>  Program END 

Create log file
2017-06-22 19:01:01Z Send 國際股市==>  Program Start
2017-06-22 19:01:01Z Send 國際股市==>  Program END 

Create log file
2017-06-22 20:01:02Z Send 國際股市==>  Program Start
2017-06-22 20:01:02Z Send 國際股市==>  Program END 

Create log file
2017-06-22 20:20:12Z stock_data_insert_daily Program Start
2017-06-22 20:20:12Z stock_data_insert_daily Program END 

Create log file
2017-06-22 20:30:12Z Send 股市氣象台電子報-今日我最夯<==Strong_UP==>  Program Start
2017-06-22 20:30:12Z Send 股市氣象台電子報-今日我最夯<==Strong_UP==>  Program END 

Create log file
2017-06-22 20:31:42Z Query Stock_id is 2345 Program Start
2017-06-22 20:31:42Z Query Stock_id is 2345 Program END 

Create log file
2017-06-22 20:31:43Z Query Stock_id is 2890 Program Start
2017-06-22 20:31:43Z Query Stock_id is 2890 Program END 

Create log file
2017-06-22 20:31:43Z Query Stock_id is 2610 Program Start
2017-06-22 20:31:43Z Query Stock_id is 2610 Program END 

Create log file
2017-06-22 20:31:44Z Query Stock_id is 6269 Program Start
2017-06-22 20:31:44Z Query Stock_id is 6269 Program END 

Create log file
2017-06-22 20:31:44Z Query Stock_id is 2330 Program Start
2017-06-22 20:31:44Z Query Stock_id is 2330 Program END 

Create log file
2017-06-22 20:31:44Z Query Stock_id is 6488 Program Start
2017-06-22 20:31:44Z Query Stock_id is 6488 Program END 

Create log file
2017-06-22 20:31:45Z Query Stock_id is 2882 Program Start
2017-06-22 20:31:45Z Query Stock_id is 2882 Program END 

Create log file
2017-06-22 20:31:45Z Query Stock_id is 2303 Program Start
2017-06-22 20:31:45Z Query Stock_id is 2303 Program END 

Create log file
2017-06-22 20:31:46Z Query Stock_id is 2881 Program Start
2017-06-22 20:31:46Z Query Stock_id is 2881 Program END 

Create log file
2017-06-22 20:31:46Z Query Stock_id is 2337 Program Start
2017-06-22 20:31:46Z Query Stock_id is 2337 Program END 

Create log file
2017-06-22 20:31:46Z Query Stock_id is 2303 Program Start
2017-06-22 20:31:46Z Query Stock_id is 2303 Program END 

Create log file
2017-06-22 20:31:47Z Query Stock_id is 2337 Program Start
2017-06-22 20:31:47Z Query Stock_id is 2337 Program END 

Create log file
2017-06-22 20:31:47Z Query Stock_id is 6488 Program Start
2017-06-22 20:31:47Z Query Stock_id is 6488 Program END 

Create log file
2017-06-22 20:31:48Z Query Stock_id is 2345 Program Start
2017-06-22 20:31:48Z Query Stock_id is 2345 Program END 

Create log file
2017-06-22 20:31:48Z Query Stock_id is 6269 Program Start
2017-06-22 20:31:48Z Query Stock_id is 6269 Program END 

Create log file
2017-06-22 20:31:48Z Query Stock_id is 2610 Program Start
2017-06-22 20:31:48Z Query Stock_id is 2610 Program END 

Create log file
2017-06-22 20:31:49Z Query Stock_id is 2881 Program Start
2017-06-22 20:31:49Z Query Stock_id is 2881 Program END 

Create log file
2017-06-22 20:31:49Z Query Stock_id is 2882 Program Start
2017-06-22 20:31:49Z Query Stock_id is 2882 Program END 

Create log file
2017-06-22 20:31:50Z Query Stock_id is 4938 Program Start
2017-06-22 20:31:50Z Query Stock_id is 4938 Program END 

Create log file
2017-06-22 20:31:50Z Query Stock_id is 2330 Program Start
2017-06-22 20:31:50Z Query Stock_id is 2330 Program END 

Create log file
2017-06-22 20:31:50Z Query Stock_id is 2890 Program Start
2017-06-22 20:31:50Z Query Stock_id is 2890 Program END 

Create log file
2017-06-22 21:01:01Z Send 國際股市==>  Program Start
2017-06-22 21:01:01Z Send 國際股市==>  Program END 

Create log file
2017-06-22 22:01:01Z Send 國際股市==>  Program Start
2017-06-22 22:01:01Z Send 國際股市==>  Program END 

Create log file
2017-06-22 22:01:36Z Send 國際股市==>  Program Start
2017-06-22 22:01:36Z Send 國際股市==>  Program END 

Create log file
2017-06-22 22:02:04Z Send 國際股市==>  Program Start
2017-06-22 22:02:04Z Send 國際股市==>  Program END 

Create log file
2017-06-22 23:01:03Z Send 國際股市==>  Program Start
2017-06-22 23:01:03Z Send 國際股市==>  Program END 

Create log file
2017-06-22 23:01:40Z Send 國際股市==>  Program Start
2017-06-22 23:01:40Z Send 國際股市==>  Program END 

