Create log file
2017-09-01 00:01:07Z Send 國際股市==>  Program Start
2017-09-01 00:01:07Z Send 國際股市==>  Program END 

Create log file
2017-09-01 01:01:04Z Send 國際股市==>  Program Start
2017-09-01 01:01:04Z Send 國際股市==>  Program END 

Create log file
2017-09-01 08:01:03Z Send 國際股市==>  Program Start
2017-09-01 08:01:03Z Send 國際股市==>  Program END 

Create log file
2017-09-01 08:01:40Z Send 國際股市==>  Program Start
2017-09-01 08:01:40Z Send 國際股市==>  Program END 

Create log file
2017-09-01 08:02:08Z Send 國際股市==>  Program Start
2017-09-01 08:02:08Z Send 國際股市==>  Program END 

Create log file
2017-09-01 08:02:37Z Send 國際股市==>  Program Start
2017-09-01 08:02:37Z Send 國際股市==>  Program END 

Create log file
2017-09-01 09:01:04Z Send 國際股市==>  Program Start
2017-09-01 09:01:04Z Send 國際股市==>  Program END 

Create log file
2017-09-01 10:01:05Z Send 國際股市==>  Program Start
2017-09-01 10:01:05Z Send 國際股市==>  Program END 

Create log file
2017-09-01 11:01:04Z Send 國際股市==>  Program Start
2017-09-01 11:01:04Z Send 國際股市==>  Program END 

Create log file
2017-09-01 12:01:05Z Send 國際股市==>  Program Start
2017-09-01 12:01:05Z Send 國際股市==>  Program END 

Create log file
2017-09-01 13:01:04Z Send 國際股市==>  Program Start
2017-09-01 13:01:04Z Send 國際股市==>  Program END 

Create log file
2017-09-01 14:01:05Z Send 國際股市==>  Program Start
2017-09-01 14:01:05Z Send 國際股市==>  Program END 

Create log file
2017-09-01 15:01:04Z Send 國際股市==>  Program Start
2017-09-01 15:01:04Z Send 國際股市==>  Program END 

Create log file
2017-09-01 15:50:23Z option_insert_daily Program Start
2017-09-01 15:50:23Z option_insert_daily Program END 

Create log file
2017-09-01 15:55:23Z Send Option_OIV_daily Program Start
2017-09-01 15:55:23Z Send Option_OIV_daily Program END 

Create log file
2017-09-01 16:01:05Z Send 國際股市==>  Program Start
2017-09-01 16:01:05Z Send 國際股市==>  Program END 

Create log file
2017-09-01 17:01:04Z Send 國際股市==>  Program Start
2017-09-01 17:01:04Z Send 國際股市==>  Program END 

Create log file
2017-09-01 18:01:04Z Send 國際股市==>  Program Start
2017-09-01 18:01:04Z Send 國際股市==>  Program END 

Create log file
2017-09-01 18:01:40Z Send 國際股市==>  Program Start
2017-09-01 18:01:40Z Send 國際股市==>  Program END 

Create log file
2017-09-01 18:02:06Z Send 國際股市==>  Program Start
2017-09-01 18:02:06Z Send 國際股市==>  Program END 

Create log file
2017-09-01 18:02:34Z Send 國際股市==>  Program Start
2017-09-01 18:02:34Z Send 國際股市==>  Program END 

Create log file
2017-09-01 18:02:57Z Send 國際股市==>  Program Start
2017-09-01 18:02:57Z Send 國際股市==>  Program END 

Create log file
2017-09-01 19:01:05Z Send 國際股市==>  Program Start
2017-09-01 19:01:05Z Send 國際股市==>  Program END 

Create log file
2017-09-01 19:01:41Z Send 國際股市==>  Program Start
2017-09-01 19:01:41Z Send 國際股市==>  Program END 

Create log file
2017-09-01 19:02:10Z Send 國際股市==>  Program Start
2017-09-01 19:02:10Z Send 國際股市==>  Program END 

Create log file
2017-09-01 19:02:32Z Send 國際股市==>  Program Start
2017-09-01 19:02:32Z Send 國際股市==>  Program END 

Create log file
2017-09-01 19:02:58Z Send 國際股市==>  Program Start
2017-09-01 19:02:58Z Send 國際股市==>  Program END 

Create log file
2017-09-01 19:03:22Z Send 國際股市==>  Program Start
2017-09-01 19:03:22Z Send 國際股市==>  Program END 

Create log file
2017-09-01 19:03:51Z Send 國際股市==>  Program Start
2017-09-01 19:03:51Z Send 國際股市==>  Program END 

Create log file
2017-09-01 20:01:04Z Send 國際股市==>  Program Start
2017-09-01 20:01:04Z Send 國際股市==>  Program END 

Create log file
2017-09-01 21:01:03Z Send 國際股市==>  Program Start
2017-09-01 21:01:03Z Send 國際股市==>  Program END 

Create log file
2017-09-01 22:01:07Z Send 國際股市==>  Program Start
2017-09-01 22:01:07Z Send 國際股市==>  Program END 

Create log file
2017-09-01 22:01:44Z Send 國際股市==>  Program Start
2017-09-01 22:01:44Z Send 國際股市==>  Program END 

Create log file
2017-09-01 22:02:10Z Send 國際股市==>  Program Start
2017-09-01 22:02:10Z Send 國際股市==>  Program END 

Create log file
2017-09-01 23:01:05Z Send 國際股市==>  Program Start
2017-09-01 23:01:05Z Send 國際股市==>  Program END 

Create log file
2017-09-01 23:01:41Z Send 國際股市==>  Program Start
2017-09-01 23:01:41Z Send 國際股市==>  Program END 

