Create log file
2017-08-22 00:01:04Z Send 國際股市==>  Program Start
2017-08-22 00:01:04Z Send 國際股市==>  Program END 

Create log file
2017-08-22 01:01:03Z Send 國際股市==>  Program Start
2017-08-22 01:01:03Z Send 國際股市==>  Program END 

Create log file
2017-08-22 08:01:03Z Send 國際股市==>  Program Start
2017-08-22 08:01:03Z Send 國際股市==>  Program END 

Create log file
2017-08-22 08:02:27Z Send 國際股市==>  Program Start
2017-08-22 08:02:27Z Send 國際股市==>  Program END 

Create log file
2017-08-22 08:03:11Z Send 國際股市==>  Program Start
2017-08-22 08:03:11Z Send 國際股市==>  Program END 

Create log file
2017-08-22 08:04:10Z Send 國際股市==>  Program Start
2017-08-22 08:04:10Z Send 國際股市==>  Program END 

Create log file
2017-08-22 09:01:01Z Send 國際股市==>  Program Start
2017-08-22 09:01:01Z Send 國際股市==>  Program END 

Create log file
2017-08-22 10:01:01Z Send 國際股市==>  Program Start
2017-08-22 10:01:01Z Send 國際股市==>  Program END 

Create log file
2017-08-22 11:01:01Z Send 國際股市==>  Program Start
2017-08-22 11:01:01Z Send 國際股市==>  Program END 

Create log file
2017-08-22 12:01:01Z Send 國際股市==>  Program Start
2017-08-22 12:01:01Z Send 國際股市==>  Program END 

Create log file
2017-08-22 12:04:18Z Send 國際股市==>  Program Start
2017-08-22 12:04:18Z Send 國際股市==>  Program END 

Create log file
2017-08-22 13:01:03Z Send 國際股市==>  Program Start
2017-08-22 13:01:03Z Send 國際股市==>  Program END 

Create log file
2017-08-22 14:01:04Z Send 國際股市==>  Program Start
2017-08-22 14:01:04Z Send 國際股市==>  Program END 

Create log file
2017-08-22 15:01:04Z Send 國際股市==>  Program Start
2017-08-22 15:01:04Z Send 國際股市==>  Program END 

Create log file
2017-08-22 15:50:21Z option_insert_daily Program Start
2017-08-22 15:50:21Z option_insert_daily Program END 

Create log file
2017-08-22 15:55:25Z Send Option_OIV_daily Program Start
2017-08-22 15:55:25Z Send Option_OIV_daily Program END 

Create log file
2017-08-22 16:01:04Z Send 國際股市==>  Program Start
2017-08-22 16:01:04Z Send 國際股市==>  Program END 

Create log file
2017-08-22 17:01:04Z Send 國際股市==>  Program Start
2017-08-22 17:01:04Z Send 國際股市==>  Program END 

Create log file
2017-08-22 18:01:04Z Send 國際股市==>  Program Start
2017-08-22 18:01:04Z Send 國際股市==>  Program END 

Create log file
2017-08-22 18:02:22Z Send 國際股市==>  Program Start
2017-08-22 18:02:22Z Send 國際股市==>  Program END 

Create log file
2017-08-22 18:02:57Z Send 國際股市==>  Program Start
2017-08-22 18:02:57Z Send 國際股市==>  Program END 

Create log file
2017-08-22 18:03:46Z Send 國際股市==>  Program Start
2017-08-22 18:03:46Z Send 國際股市==>  Program END 

Create log file
2017-08-22 18:04:12Z Send 國際股市==>  Program Start
2017-08-22 18:04:12Z Send 國際股市==>  Program END 

Create log file
2017-08-22 19:01:04Z Send 國際股市==>  Program Start
2017-08-22 19:01:04Z Send 國際股市==>  Program END 

Create log file
2017-08-22 19:02:26Z Send 國際股市==>  Program Start
2017-08-22 19:02:26Z Send 國際股市==>  Program END 

Create log file
2017-08-22 19:03:21Z Send 國際股市==>  Program Start
2017-08-22 19:03:21Z Send 國際股市==>  Program END 

Create log file
2017-08-22 19:03:46Z Send 國際股市==>  Program Start
2017-08-22 19:03:46Z Send 國際股市==>  Program END 

Create log file
2017-08-22 19:04:23Z Send 國際股市==>  Program Start
2017-08-22 19:04:23Z Send 國際股市==>  Program END 

Create log file
2017-08-22 19:04:50Z Send 國際股市==>  Program Start
2017-08-22 19:04:50Z Send 國際股市==>  Program END 

Create log file
2017-08-22 19:05:36Z Send 國際股市==>  Program Start
2017-08-22 19:05:36Z Send 國際股市==>  Program END 

Create log file
2017-08-22 20:01:04Z Send 國際股市==>  Program Start
2017-08-22 20:01:04Z Send 國際股市==>  Program END 

Create log file
2017-08-22 21:01:03Z Send 國際股市==>  Program Start
2017-08-22 21:01:03Z Send 國際股市==>  Program END 

Create log file
2017-08-22 22:01:03Z Send 國際股市==>  Program Start
2017-08-22 22:01:03Z Send 國際股市==>  Program END 

Create log file
2017-08-22 22:02:25Z Send 國際股市==>  Program Start
2017-08-22 22:02:25Z Send 國際股市==>  Program END 

Create log file
2017-08-22 22:03:14Z Send 國際股市==>  Program Start
2017-08-22 22:03:14Z Send 國際股市==>  Program END 

Create log file
2017-08-22 23:01:03Z Send 國際股市==>  Program Start
2017-08-22 23:01:03Z Send 國際股市==>  Program END 

Create log file
2017-08-22 23:01:30Z Send 國際股市==>  Program Start
2017-08-22 23:01:30Z Send 國際股市==>  Program END 

