Create log file
2017-10-12 00:01:01Z Send 國際股市==>  Program Start
2017-10-12 00:01:01Z Send 國際股市==>  Program END 

Create log file
2017-10-12 01:01:01Z Send 國際股市==>  Program Start
2017-10-12 01:01:01Z Send 國際股市==>  Program END 

Create log file
2017-10-12 08:01:02Z Send 國際股市==>  Program Start
2017-10-12 08:01:02Z Send 國際股市==>  Program END 

Create log file
2017-10-12 08:01:37Z Send 國際股市==>  Program Start
2017-10-12 08:01:37Z Send 國際股市==>  Program END 

Create log file
2017-10-12 08:02:04Z Send 國際股市==>  Program Start
2017-10-12 08:02:04Z Send 國際股市==>  Program END 

Create log file
2017-10-12 08:02:32Z Send 國際股市==>  Program Start
2017-10-12 08:02:32Z Send 國際股市==>  Program END 

Create log file
2017-10-12 09:01:01Z Send 國際股市==>  Program Start
2017-10-12 09:01:01Z Send 國際股市==>  Program END 

Create log file
2017-10-12 10:01:01Z Send 國際股市==>  Program Start
2017-10-12 10:01:01Z Send 國際股市==>  Program END 

Create log file
2017-10-12 11:01:01Z Send 國際股市==>  Program Start
2017-10-12 11:01:01Z Send 國際股市==>  Program END 

Create log file
2017-10-12 12:01:01Z Send 國際股市==>  Program Start
2017-10-12 12:01:01Z Send 國際股市==>  Program END 

Create log file
2017-10-12 13:01:01Z Send 國際股市==>  Program Start
2017-10-12 13:01:01Z Send 國際股市==>  Program END 

Create log file
2017-10-12 14:01:01Z Send 國際股市==>  Program Start
2017-10-12 14:01:01Z Send 國際股市==>  Program END 

Create log file
2017-10-12 15:01:01Z Send 國際股市==>  Program Start
2017-10-12 15:01:01Z Send 國際股市==>  Program END 

Create log file
2017-10-12 15:50:21Z option_insert_daily Program Start
2017-10-12 15:50:21Z option_insert_daily Program END 

Create log file
2017-10-12 15:55:30Z Send Option_OIV_daily Program Start
2017-10-12 15:55:30Z Send Option_OIV_daily Program END 

Create log file
2017-10-12 16:01:01Z Send 國際股市==>  Program Start
2017-10-12 16:01:01Z Send 國際股市==>  Program END 

Create log file
2017-10-12 17:01:01Z Send 國際股市==>  Program Start
2017-10-12 17:01:01Z Send 國際股市==>  Program END 

Create log file
2017-10-12 18:01:01Z Send 國際股市==>  Program Start
2017-10-12 18:01:01Z Send 國際股市==>  Program END 

Create log file
2017-10-12 19:01:01Z Send 國際股市==>  Program Start
2017-10-12 19:01:01Z Send 國際股市==>  Program END 

Create log file
2017-10-12 19:01:27Z Send 國際股市==>  Program Start
2017-10-12 19:01:27Z Send 國際股市==>  Program END 

Create log file
2017-10-12 19:01:56Z Send 國際股市==>  Program Start
2017-10-12 19:01:56Z Send 國際股市==>  Program END 

Create log file
2017-10-12 19:02:19Z Send 國際股市==>  Program Start
2017-10-12 19:02:19Z Send 國際股市==>  Program END 

Create log file
2017-10-12 19:02:47Z Send 國際股市==>  Program Start
2017-10-12 19:02:47Z Send 國際股市==>  Program END 

Create log file
2017-10-12 19:03:13Z Send 國際股市==>  Program Start
2017-10-12 19:03:13Z Send 國際股市==>  Program END 

Create log file
2017-10-12 20:01:01Z Send 國際股市==>  Program Start
2017-10-12 20:01:01Z Send 國際股市==>  Program END 

Create log file
2017-10-12 21:02:01Z Send 國際股市==>  Program Start
2017-10-12 21:02:01Z Send 國際股市==>  Program END 

Create log file
2017-10-12 22:01:01Z Send 國際股市==>  Program Start
2017-10-12 22:01:01Z Send 國際股市==>  Program END 

Create log file
2017-10-12 22:01:25Z Send 國際股市==>  Program Start
2017-10-12 22:01:25Z Send 國際股市==>  Program END 

Create log file
2017-10-12 22:01:52Z Send 國際股市==>  Program Start
2017-10-12 22:01:52Z Send 國際股市==>  Program END 

Create log file
2017-10-12 23:01:02Z Send 國際股市==>  Program Start
2017-10-12 23:01:02Z Send 國際股市==>  Program END 

Create log file
2017-10-12 23:01:38Z Send 國際股市==>  Program Start
2017-10-12 23:01:38Z Send 國際股市==>  Program END 

