Create log file
2017-06-27 00:01:01Z Send 國際股市==>  Program Start
2017-06-27 00:01:01Z Send 國際股市==>  Program END 

Create log file
2017-06-27 01:01:05Z Send 國際股市==>  Program Start
2017-06-27 01:01:05Z Send 國際股市==>  Program END 

Create log file
2017-06-27 08:01:03Z Send 國際股市==>  Program Start
2017-06-27 08:01:03Z Send 國際股市==>  Program END 

Create log file
2017-06-27 08:01:27Z Send 國際股市==>  Program Start
2017-06-27 08:01:27Z Send 國際股市==>  Program END 

Create log file
2017-06-27 08:01:52Z Send 國際股市==>  Program Start
2017-06-27 08:01:52Z Send 國際股市==>  Program END 

Create log file
2017-06-27 08:02:30Z Send 國際股市==>  Program Start
2017-06-27 08:02:30Z Send 國際股市==>  Program END 

Create log file
2017-06-27 09:01:03Z Send 國際股市==>  Program Start
2017-06-27 09:01:03Z Send 國際股市==>  Program END 

Create log file
2017-06-27 10:01:02Z Send 國際股市==>  Program Start
2017-06-27 10:01:02Z Send 國際股市==>  Program END 

Create log file
2017-06-27 11:01:04Z Send 國際股市==>  Program Start
2017-06-27 11:01:04Z Send 國際股市==>  Program END 

Create log file
2017-06-27 12:01:02Z Send 國際股市==>  Program Start
2017-06-27 12:01:02Z Send 國際股市==>  Program END 

Create log file
2017-06-27 13:01:02Z Send 國際股市==>  Program Start
2017-06-27 13:01:02Z Send 國際股市==>  Program END 

Create log file
2017-06-27 14:01:03Z Send 國際股市==>  Program Start
2017-06-27 14:01:03Z Send 國際股市==>  Program END 

Create log file
2017-06-27 15:01:02Z Send 國際股市==>  Program Start
2017-06-27 15:01:02Z Send 國際股市==>  Program END 

Create log file
2017-06-27 15:50:22Z option_insert_daily Program Start
2017-06-27 15:50:22Z option_insert_daily Program END 

Create log file
2017-06-27 15:55:21Z Send Option_OIV_daily Program Start
2017-06-27 15:55:21Z Send Option_OIV_daily Program END 

Create log file
2017-06-27 16:01:03Z Send 國際股市==>  Program Start
2017-06-27 16:01:03Z Send 國際股市==>  Program END 

Create log file
2017-06-27 17:01:02Z Send 國際股市==>  Program Start
2017-06-27 17:01:02Z Send 國際股市==>  Program END 

Create log file
2017-06-27 18:01:02Z Send 國際股市==>  Program Start
2017-06-27 18:01:02Z Send 國際股市==>  Program END 

Create log file
2017-06-27 18:01:38Z Send 國際股市==>  Program Start
2017-06-27 18:01:38Z Send 國際股市==>  Program END 

Create log file
2017-06-27 18:02:05Z Send 國際股市==>  Program Start
2017-06-27 18:02:05Z Send 國際股市==>  Program END 

Create log file
2017-06-27 18:02:34Z Send 國際股市==>  Program Start
2017-06-27 18:02:34Z Send 國際股市==>  Program END 

Create log file
2017-06-27 18:03:02Z Send 國際股市==>  Program Start
2017-06-27 18:03:02Z Send 國際股市==>  Program END 

Create log file
2017-06-27 19:01:02Z Send 國際股市==>  Program Start
2017-06-27 19:01:02Z Send 國際股市==>  Program END 

Create log file
2017-06-27 19:01:39Z Send 國際股市==>  Program Start
2017-06-27 19:01:39Z Send 國際股市==>  Program END 

Create log file
2017-06-27 19:02:10Z Send 國際股市==>  Program Start
2017-06-27 19:02:10Z Send 國際股市==>  Program END 

Create log file
2017-06-27 19:02:33Z Send 國際股市==>  Program Start
2017-06-27 19:02:33Z Send 國際股市==>  Program END 

Create log file
2017-06-27 19:03:00Z Send 國際股市==>  Program Start
2017-06-27 19:03:00Z Send 國際股市==>  Program END 

Create log file
2017-06-27 19:03:26Z Send 國際股市==>  Program Start
2017-06-27 19:03:26Z Send 國際股市==>  Program END 

Create log file
2017-06-27 19:03:56Z Send 國際股市==>  Program Start
2017-06-27 19:03:56Z Send 國際股市==>  Program END 

Create log file
2017-06-27 20:01:01Z Send 國際股市==>  Program Start
2017-06-27 20:01:01Z Send 國際股市==>  Program END 

Create log file
2017-06-27 20:20:12Z stock_data_insert_daily Program Start
2017-06-27 20:20:12Z stock_data_insert_daily Program END 

Create log file
2017-06-27 20:30:15Z Send 股市氣象台電子報-今日我最夯<==Strong_UP==>  Program Start
2017-06-27 20:30:15Z Send 股市氣象台電子報-今日我最夯<==Strong_UP==>  Program END 

Create log file
2017-06-27 21:01:01Z Send 國際股市==>  Program Start
2017-06-27 21:01:01Z Send 國際股市==>  Program END 

Create log file
2017-06-27 22:01:01Z Send 國際股市==>  Program Start
2017-06-27 22:01:01Z Send 國際股市==>  Program END 

Create log file
2017-06-27 22:01:38Z Send 國際股市==>  Program Start
2017-06-27 22:01:38Z Send 國際股市==>  Program END 

Create log file
2017-06-27 22:02:07Z Send 國際股市==>  Program Start
2017-06-27 22:02:07Z Send 國際股市==>  Program END 

Create log file
2017-06-27 23:01:03Z Send 國際股市==>  Program Start
2017-06-27 23:01:03Z Send 國際股市==>  Program END 

Create log file
2017-06-27 23:01:39Z Send 國際股市==>  Program Start
2017-06-27 23:01:39Z Send 國際股市==>  Program END 

