Create log file
2017-08-21 08:01:08Z Send 國際股市==>  Program Start
2017-08-21 08:01:08Z Send 國際股市==>  Program END 

Create log file
2017-08-21 08:01:34Z Send 國際股市==>  Program Start
2017-08-21 08:01:34Z Send 國際股市==>  Program END 

Create log file
2017-08-21 08:02:20Z Send 國際股市==>  Program Start
2017-08-21 08:02:20Z Send 國際股市==>  Program END 

Create log file
2017-08-21 08:03:07Z Send 國際股市==>  Program Start
2017-08-21 08:03:07Z Send 國際股市==>  Program END 

Create log file
2017-08-21 09:01:03Z Send 國際股市==>  Program Start
2017-08-21 09:01:03Z Send 國際股市==>  Program END 

Create log file
2017-08-21 10:01:03Z Send 國際股市==>  Program Start
2017-08-21 10:01:03Z Send 國際股市==>  Program END 

Create log file
2017-08-21 11:01:04Z Send 國際股市==>  Program Start
2017-08-21 11:01:04Z Send 國際股市==>  Program END 

Create log file
2017-08-21 12:01:03Z Send 國際股市==>  Program Start
2017-08-21 12:01:03Z Send 國際股市==>  Program END 

Create log file
2017-08-21 13:01:03Z Send 國際股市==>  Program Start
2017-08-21 13:01:03Z Send 國際股市==>  Program END 

Create log file
2017-08-21 14:01:03Z Send 國際股市==>  Program Start
2017-08-21 14:01:03Z Send 國際股市==>  Program END 

Create log file
2017-08-21 15:01:04Z Send 國際股市==>  Program Start
2017-08-21 15:01:04Z Send 國際股市==>  Program END 

Create log file
2017-08-21 15:50:21Z option_insert_daily Program Start
2017-08-21 15:50:21Z option_insert_daily Program END 

Create log file
2017-08-21 15:55:16Z Send Option_OIV_daily Program Start
2017-08-21 15:55:16Z Send Option_OIV_daily Program END 

Create log file
2017-08-21 16:01:03Z Send 國際股市==>  Program Start
2017-08-21 16:01:03Z Send 國際股市==>  Program END 

Create log file
2017-08-21 17:01:03Z Send 國際股市==>  Program Start
2017-08-21 17:01:03Z Send 國際股市==>  Program END 

Create log file
2017-08-21 18:01:04Z Send 國際股市==>  Program Start
2017-08-21 18:01:04Z Send 國際股市==>  Program END 

Create log file
2017-08-21 18:02:25Z Send 國際股市==>  Program Start
2017-08-21 18:02:25Z Send 國際股市==>  Program END 

Create log file
2017-08-21 18:03:00Z Send 國際股市==>  Program Start
2017-08-21 18:03:00Z Send 國際股市==>  Program END 

Create log file
2017-08-21 18:03:49Z Send 國際股市==>  Program Start
2017-08-21 18:03:49Z Send 國際股市==>  Program END 

Create log file
2017-08-21 18:04:15Z Send 國際股市==>  Program Start
2017-08-21 18:04:15Z Send 國際股市==>  Program END 

Create log file
2017-08-21 19:01:04Z Send 國際股市==>  Program Start
2017-08-21 19:01:04Z Send 國際股市==>  Program END 

Create log file
2017-08-21 19:02:27Z Send 國際股市==>  Program Start
2017-08-21 19:02:27Z Send 國際股市==>  Program END 

Create log file
2017-08-21 19:02:55Z Send 國際股市==>  Program Start
2017-08-21 19:02:55Z Send 國際股市==>  Program END 

Create log file
2017-08-21 19:03:18Z Send 國際股市==>  Program Start
2017-08-21 19:03:18Z Send 國際股市==>  Program END 

Create log file
2017-08-21 19:03:56Z Send 國際股市==>  Program Start
2017-08-21 19:03:56Z Send 國際股市==>  Program END 

Create log file
2017-08-21 19:04:25Z Send 國際股市==>  Program Start
2017-08-21 19:04:25Z Send 國際股市==>  Program END 

Create log file
2017-08-21 19:05:09Z Send 國際股市==>  Program Start
2017-08-21 19:05:09Z Send 國際股市==>  Program END 

Create log file
2017-08-21 20:01:04Z Send 國際股市==>  Program Start
2017-08-21 20:01:04Z Send 國際股市==>  Program END 

Create log file
2017-08-21 21:01:04Z Send 國際股市==>  Program Start
2017-08-21 21:01:04Z Send 國際股市==>  Program END 

Create log file
2017-08-21 22:01:03Z Send 國際股市==>  Program Start
2017-08-21 22:01:03Z Send 國際股市==>  Program END 

Create log file
2017-08-21 22:02:30Z Send 國際股市==>  Program Start
2017-08-21 22:02:30Z Send 國際股市==>  Program END 

Create log file
2017-08-21 22:03:17Z Send 國際股市==>  Program Start
2017-08-21 22:03:17Z Send 國際股市==>  Program END 

Create log file
2017-08-21 23:01:03Z Send 國際股市==>  Program Start
2017-08-21 23:01:03Z Send 國際股市==>  Program END 

Create log file
2017-08-21 23:02:20Z Send 國際股市==>  Program Start
2017-08-21 23:02:20Z Send 國際股市==>  Program END 

