Create log file
2017-08-24 00:01:04Z Send 國際股市==>  Program Start
2017-08-24 00:01:04Z Send 國際股市==>  Program END 

Create log file
2017-08-24 01:01:03Z Send 國際股市==>  Program Start
2017-08-24 01:01:03Z Send 國際股市==>  Program END 

Create log file
2017-08-24 08:01:04Z Send 國際股市==>  Program Start
2017-08-24 08:01:04Z Send 國際股市==>  Program END 

Create log file
2017-08-24 08:01:42Z Send 國際股市==>  Program Start
2017-08-24 08:01:42Z Send 國際股市==>  Program END 

Create log file
2017-08-24 08:02:10Z Send 國際股市==>  Program Start
2017-08-24 08:02:10Z Send 國際股市==>  Program END 

Create log file
2017-08-24 08:02:40Z Send 國際股市==>  Program Start
2017-08-24 08:02:40Z Send 國際股市==>  Program END 

Create log file
2017-08-24 09:01:03Z Send 國際股市==>  Program Start
2017-08-24 09:01:03Z Send 國際股市==>  Program END 

Create log file
2017-08-24 10:01:03Z Send 國際股市==>  Program Start
2017-08-24 10:01:03Z Send 國際股市==>  Program END 

Create log file
2017-08-24 11:01:03Z Send 國際股市==>  Program Start
2017-08-24 11:01:03Z Send 國際股市==>  Program END 

Create log file
2017-08-24 12:01:03Z Send 國際股市==>  Program Start
2017-08-24 12:01:03Z Send 國際股市==>  Program END 

Create log file
2017-08-24 13:01:03Z Send 國際股市==>  Program Start
2017-08-24 13:01:03Z Send 國際股市==>  Program END 

Create log file
2017-08-24 14:01:02Z Send 國際股市==>  Program Start
2017-08-24 14:01:02Z Send 國際股市==>  Program END 

Create log file
2017-08-24 15:01:04Z Send 國際股市==>  Program Start
2017-08-24 15:01:04Z Send 國際股市==>  Program END 

Create log file
2017-08-24 15:50:21Z option_insert_daily Program Start
2017-08-24 15:50:21Z option_insert_daily Program END 

Create log file
2017-08-24 15:56:10Z Send Option_OIV_daily Program Start
2017-08-24 15:56:10Z Send Option_OIV_daily Program END 

Create log file
2017-08-24 16:01:04Z Send 國際股市==>  Program Start
2017-08-24 16:01:04Z Send 國際股市==>  Program END 

Create log file
2017-08-24 17:01:04Z Send 國際股市==>  Program Start
2017-08-24 17:01:04Z Send 國際股市==>  Program END 

Create log file
2017-08-24 18:01:04Z Send 國際股市==>  Program Start
2017-08-24 18:01:04Z Send 國際股市==>  Program END 

Create log file
2017-08-24 18:01:41Z Send 國際股市==>  Program Start
2017-08-24 18:01:41Z Send 國際股市==>  Program END 

Create log file
2017-08-24 18:02:08Z Send 國際股市==>  Program Start
2017-08-24 18:02:08Z Send 國際股市==>  Program END 

Create log file
2017-08-24 18:02:36Z Send 國際股市==>  Program Start
2017-08-24 18:02:36Z Send 國際股市==>  Program END 

Create log file
2017-08-24 18:02:59Z Send 國際股市==>  Program Start
2017-08-24 18:02:59Z Send 國際股市==>  Program END 

Create log file
2017-08-24 19:01:04Z Send 國際股市==>  Program Start
2017-08-24 19:01:04Z Send 國際股市==>  Program END 

Create log file
2017-08-24 19:01:41Z Send 國際股市==>  Program Start
2017-08-24 19:01:41Z Send 國際股市==>  Program END 

Create log file
2017-08-24 19:02:05Z Send 國際股市==>  Program Start
2017-08-24 19:02:05Z Send 國際股市==>  Program END 

Create log file
2017-08-24 19:02:28Z Send 國際股市==>  Program Start
2017-08-24 19:02:28Z Send 國際股市==>  Program END 

Create log file
2017-08-24 19:02:55Z Send 國際股市==>  Program Start
2017-08-24 19:02:55Z Send 國際股市==>  Program END 

Create log file
2017-08-24 19:03:19Z Send 國際股市==>  Program Start
2017-08-24 19:03:19Z Send 國際股市==>  Program END 

Create log file
2017-08-24 19:03:48Z Send 國際股市==>  Program Start
2017-08-24 19:03:48Z Send 國際股市==>  Program END 

Create log file
2017-08-24 20:01:03Z Send 國際股市==>  Program Start
2017-08-24 20:01:03Z Send 國際股市==>  Program END 

Create log file
2017-08-24 21:01:04Z Send 國際股市==>  Program Start
2017-08-24 21:01:04Z Send 國際股市==>  Program END 

Create log file
2017-08-24 22:01:04Z Send 國際股市==>  Program Start
2017-08-24 22:01:04Z Send 國際股市==>  Program END 

Create log file
2017-08-24 22:01:28Z Send 國際股市==>  Program Start
2017-08-24 22:01:28Z Send 國際股市==>  Program END 

Create log file
2017-08-24 22:01:58Z Send 國際股市==>  Program Start
2017-08-24 22:01:58Z Send 國際股市==>  Program END 

Create log file
2017-08-24 23:01:04Z Send 國際股市==>  Program Start
2017-08-24 23:01:04Z Send 國際股市==>  Program END 

Create log file
2017-08-24 23:01:51Z Send 國際股市==>  Program Start
2017-08-24 23:01:51Z Send 國際股市==>  Program END 

