Create log file
2017-08-29 00:01:05Z Send 國際股市==>  Program Start
2017-08-29 00:01:05Z Send 國際股市==>  Program END 

Create log file
2017-08-29 01:01:02Z Send 國際股市==>  Program Start
2017-08-29 01:01:02Z Send 國際股市==>  Program END 

Create log file
2017-08-29 08:01:04Z Send 國際股市==>  Program Start
2017-08-29 08:01:04Z Send 國際股市==>  Program END 

Create log file
2017-08-29 08:01:39Z Send 國際股市==>  Program Start
2017-08-29 08:01:39Z Send 國際股市==>  Program END 

Create log file
2017-08-29 08:02:07Z Send 國際股市==>  Program Start
2017-08-29 08:02:07Z Send 國際股市==>  Program END 

Create log file
2017-08-29 08:02:37Z Send 國際股市==>  Program Start
2017-08-29 08:02:37Z Send 國際股市==>  Program END 

Create log file
2017-08-29 09:01:04Z Send 國際股市==>  Program Start
2017-08-29 09:01:04Z Send 國際股市==>  Program END 

Create log file
2017-08-29 10:01:04Z Send 國際股市==>  Program Start
2017-08-29 10:01:04Z Send 國際股市==>  Program END 

Create log file
2017-08-29 11:01:04Z Send 國際股市==>  Program Start
2017-08-29 11:01:04Z Send 國際股市==>  Program END 

Create log file
2017-08-29 12:01:03Z Send 國際股市==>  Program Start
2017-08-29 12:01:03Z Send 國際股市==>  Program END 

Create log file
2017-08-29 13:01:04Z Send 國際股市==>  Program Start
2017-08-29 13:01:04Z Send 國際股市==>  Program END 

Create log file
2017-08-29 14:01:04Z Send 國際股市==>  Program Start
2017-08-29 14:01:04Z Send 國際股市==>  Program END 

Create log file
2017-08-29 15:01:04Z Send 國際股市==>  Program Start
2017-08-29 15:01:04Z Send 國際股市==>  Program END 

Create log file
2017-08-29 15:50:22Z option_insert_daily Program Start
2017-08-29 15:50:22Z option_insert_daily Program END 

Create log file
2017-08-29 15:55:25Z Send Option_OIV_daily Program Start
2017-08-29 15:55:25Z Send Option_OIV_daily Program END 

Create log file
2017-08-29 16:01:03Z Send 國際股市==>  Program Start
2017-08-29 16:01:03Z Send 國際股市==>  Program END 

Create log file
2017-08-29 17:01:04Z Send 國際股市==>  Program Start
2017-08-29 17:01:04Z Send 國際股市==>  Program END 

Create log file
2017-08-29 18:01:04Z Send 國際股市==>  Program Start
2017-08-29 18:01:04Z Send 國際股市==>  Program END 

Create log file
2017-08-29 18:01:40Z Send 國際股市==>  Program Start
2017-08-29 18:01:40Z Send 國際股市==>  Program END 

Create log file
2017-08-29 18:02:06Z Send 國際股市==>  Program Start
2017-08-29 18:02:06Z Send 國際股市==>  Program END 

Create log file
2017-08-29 18:02:34Z Send 國際股市==>  Program Start
2017-08-29 18:02:34Z Send 國際股市==>  Program END 

Create log file
2017-08-29 18:02:58Z Send 國際股市==>  Program Start
2017-08-29 18:02:58Z Send 國際股市==>  Program END 

Create log file
2017-08-29 19:01:04Z Send 國際股市==>  Program Start
2017-08-29 19:01:04Z Send 國際股市==>  Program END 

Create log file
2017-08-29 19:01:41Z Send 國際股市==>  Program Start
2017-08-29 19:01:41Z Send 國際股市==>  Program END 

Create log file
2017-08-29 19:02:12Z Send 國際股市==>  Program Start
2017-08-29 19:02:12Z Send 國際股市==>  Program END 

Create log file
2017-08-29 19:02:35Z Send 國際股市==>  Program Start
2017-08-29 19:02:35Z Send 國際股市==>  Program END 

Create log file
2017-08-29 19:03:02Z Send 國際股市==>  Program Start
2017-08-29 19:03:02Z Send 國際股市==>  Program END 

Create log file
2017-08-29 19:03:26Z Send 國際股市==>  Program Start
2017-08-29 19:03:26Z Send 國際股市==>  Program END 

Create log file
2017-08-29 19:03:54Z Send 國際股市==>  Program Start
2017-08-29 19:03:54Z Send 國際股市==>  Program END 

Create log file
2017-08-29 20:01:04Z Send 國際股市==>  Program Start
2017-08-29 20:01:04Z Send 國際股市==>  Program END 

Create log file
2017-08-29 22:01:03Z Send 國際股市==>  Program Start
2017-08-29 22:01:03Z Send 國際股市==>  Program END 

Create log file
2017-08-29 22:01:40Z Send 國際股市==>  Program Start
2017-08-29 22:01:40Z Send 國際股市==>  Program END 

Create log file
2017-08-29 22:02:08Z Send 國際股市==>  Program Start
2017-08-29 22:02:08Z Send 國際股市==>  Program END 

Create log file
2017-08-29 23:01:03Z Send 國際股市==>  Program Start
2017-08-29 23:01:03Z Send 國際股市==>  Program END 

Create log file
2017-08-29 23:01:40Z Send 國際股市==>  Program Start
2017-08-29 23:01:40Z Send 國際股市==>  Program END 

