Create log file
2017-06-19 08:01:10Z Send 國際股市==>  Program Start
2017-06-19 08:01:10Z Send 國際股市==>  Program END 

Create log file
2017-06-19 08:01:36Z Send 國際股市==>  Program Start
2017-06-19 08:01:36Z Send 國際股市==>  Program END 

Create log file
2017-06-19 08:02:04Z Send 國際股市==>  Program Start
2017-06-19 08:02:04Z Send 國際股市==>  Program END 

Create log file
2017-06-19 08:02:32Z Send 國際股市==>  Program Start
2017-06-19 08:02:32Z Send 國際股市==>  Program END 

Create log file
2017-06-19 09:01:02Z Send 國際股市==>  Program Start
2017-06-19 09:01:02Z Send 國際股市==>  Program END 

Create log file
2017-06-19 10:01:02Z Send 國際股市==>  Program Start
2017-06-19 10:01:02Z Send 國際股市==>  Program END 

Create log file
2017-06-19 11:01:02Z Send 國際股市==>  Program Start
2017-06-19 11:01:02Z Send 國際股市==>  Program END 

Create log file
2017-06-19 12:01:02Z Send 國際股市==>  Program Start
2017-06-19 12:01:02Z Send 國際股市==>  Program END 

Create log file
2017-06-19 13:01:02Z Send 國際股市==>  Program Start
2017-06-19 13:01:02Z Send 國際股市==>  Program END 

Create log file
2017-06-19 14:01:02Z Send 國際股市==>  Program Start
2017-06-19 14:01:02Z Send 國際股市==>  Program END 

Create log file
2017-06-19 15:01:02Z Send 國際股市==>  Program Start
2017-06-19 15:01:02Z Send 國際股市==>  Program END 

Create log file
2017-06-19 15:50:30Z option_insert_daily Program Start
2017-06-19 15:50:30Z option_insert_daily Program END 

Create log file
2017-06-19 15:55:17Z Send Option_OIV_daily Program Start
2017-06-19 15:55:17Z Send Option_OIV_daily Program END 

Create log file
2017-06-19 16:01:02Z Send 國際股市==>  Program Start
2017-06-19 16:01:02Z Send 國際股市==>  Program END 

Create log file
2017-06-19 17:01:02Z Send 國際股市==>  Program Start
2017-06-19 17:01:02Z Send 國際股市==>  Program END 

Create log file
2017-06-19 18:01:02Z Send 國際股市==>  Program Start
2017-06-19 18:01:02Z Send 國際股市==>  Program END 

Create log file
2017-06-19 18:01:38Z Send 國際股市==>  Program Start
2017-06-19 18:01:38Z Send 國際股市==>  Program END 

Create log file
2017-06-19 18:02:04Z Send 國際股市==>  Program Start
2017-06-19 18:02:04Z Send 國際股市==>  Program END 

Create log file
2017-06-19 18:02:32Z Send 國際股市==>  Program Start
2017-06-19 18:02:32Z Send 國際股市==>  Program END 

Create log file
2017-06-19 18:03:01Z Send 國際股市==>  Program Start
2017-06-19 18:03:01Z Send 國際股市==>  Program END 

Create log file
2017-06-19 19:01:02Z Send 國際股市==>  Program Start
2017-06-19 19:01:02Z Send 國際股市==>  Program END 

Create log file
2017-06-19 19:01:38Z Send 國際股市==>  Program Start
2017-06-19 19:01:38Z Send 國際股市==>  Program END 

Create log file
2017-06-19 19:02:08Z Send 國際股市==>  Program Start
2017-06-19 19:02:08Z Send 國際股市==>  Program END 

Create log file
2017-06-19 19:02:32Z Send 國際股市==>  Program Start
2017-06-19 19:02:32Z Send 國際股市==>  Program END 

Create log file
2017-06-19 19:03:07Z Send 國際股市==>  Program Start
2017-06-19 19:03:07Z Send 國際股市==>  Program END 

Create log file
2017-06-19 19:03:43Z Send 國際股市==>  Program Start
2017-06-19 19:03:43Z Send 國際股市==>  Program END 

Create log file
2017-06-19 19:04:14Z Send 國際股市==>  Program Start
2017-06-19 19:04:14Z Send 國際股市==>  Program END 

Create log file
2017-06-19 20:01:02Z Send 國際股市==>  Program Start
2017-06-19 20:01:02Z Send 國際股市==>  Program END 

Create log file
2017-06-19 20:20:49Z stock_data_insert_daily Program Start
2017-06-19 20:20:49Z stock_data_insert_daily Program END 

Create log file
2017-06-19 20:30:27Z Send 股市氣象台電子報-今日我最夯<==Strong_UP==>  Program Start
2017-06-19 20:30:27Z Send 股市氣象台電子報-今日我最夯<==Strong_UP==>  Program END 

Create log file
2017-06-19 21:01:04Z Send 國際股市==>  Program Start
2017-06-19 21:01:04Z Send 國際股市==>  Program END 

Create log file
2017-06-19 22:01:02Z Send 國際股市==>  Program Start
2017-06-19 22:01:02Z Send 國際股市==>  Program END 

Create log file
2017-06-19 22:01:38Z Send 國際股市==>  Program Start
2017-06-19 22:01:38Z Send 國際股市==>  Program END 

Create log file
2017-06-19 22:02:07Z Send 國際股市==>  Program Start
2017-06-19 22:02:07Z Send 國際股市==>  Program END 

Create log file
2017-06-19 23:01:02Z Send 國際股市==>  Program Start
2017-06-19 23:01:02Z Send 國際股市==>  Program END 

Create log file
2017-06-19 23:01:39Z Send 國際股市==>  Program Start
2017-06-19 23:01:39Z Send 國際股市==>  Program END 

