Create log file
2017-06-20 00:01:02Z Send 國際股市==>  Program Start
2017-06-20 00:01:02Z Send 國際股市==>  Program END 

Create log file
2017-06-20 01:01:02Z Send 國際股市==>  Program Start
2017-06-20 01:01:02Z Send 國際股市==>  Program END 

Create log file
2017-06-20 08:01:02Z Send 國際股市==>  Program Start
2017-06-20 08:01:02Z Send 國際股市==>  Program END 

Create log file
2017-06-20 08:01:40Z Send 國際股市==>  Program Start
2017-06-20 08:01:40Z Send 國際股市==>  Program END 

Create log file
2017-06-20 08:02:08Z Send 國際股市==>  Program Start
2017-06-20 08:02:08Z Send 國際股市==>  Program END 

Create log file
2017-06-20 08:02:36Z Send 國際股市==>  Program Start
2017-06-20 08:02:36Z Send 國際股市==>  Program END 

Create log file
2017-06-20 08:33:02Z Query Stock_id is 2337 Program Start
2017-06-20 08:33:02Z Query Stock_id is 2337 Program END 

Create log file
2017-06-20 08:33:03Z Query Stock_id is 4938 Program Start
2017-06-20 08:33:03Z Query Stock_id is 4938 Program END 

Create log file
2017-06-20 08:33:03Z Query Stock_id is 2882 Program Start
2017-06-20 08:33:03Z Query Stock_id is 2882 Program END 

Create log file
2017-06-20 08:33:03Z Query Stock_id is 2345 Program Start
2017-06-20 08:33:03Z Query Stock_id is 2345 Program END 

Create log file
2017-06-20 08:33:04Z Query Stock_id is 2881 Program Start
2017-06-20 08:33:04Z Query Stock_id is 2881 Program END 

Create log file
2017-06-20 08:33:04Z Query Stock_id is 2330 Program Start
2017-06-20 08:33:04Z Query Stock_id is 2330 Program END 

Create log file
2017-06-20 08:33:05Z Query Stock_id is 2303 Program Start
2017-06-20 08:33:05Z Query Stock_id is 2303 Program END 

Create log file
2017-06-20 08:33:05Z Query Stock_id is 6488 Program Start
2017-06-20 08:33:05Z Query Stock_id is 6488 Program END 

Create log file
2017-06-20 08:33:05Z Query Stock_id is 2610 Program Start
2017-06-20 08:33:05Z Query Stock_id is 2610 Program END 

Create log file
2017-06-20 08:33:06Z Query Stock_id is 2890 Program Start
2017-06-20 08:33:06Z Query Stock_id is 2890 Program END 

Create log file
2017-06-20 09:01:02Z Send 國際股市==>  Program Start
2017-06-20 09:01:02Z Send 國際股市==>  Program END 

Create log file
2017-06-20 10:01:02Z Send 國際股市==>  Program Start
2017-06-20 10:01:02Z Send 國際股市==>  Program END 

Create log file
2017-06-20 11:01:02Z Send 國際股市==>  Program Start
2017-06-20 11:01:02Z Send 國際股市==>  Program END 

Create log file
2017-06-20 12:01:02Z Send 國際股市==>  Program Start
2017-06-20 12:01:02Z Send 國際股市==>  Program END 

Create log file
2017-06-20 13:01:02Z Send 國際股市==>  Program Start
2017-06-20 13:01:02Z Send 國際股市==>  Program END 

Create log file
2017-06-20 14:01:02Z Send 國際股市==>  Program Start
2017-06-20 14:01:02Z Send 國際股市==>  Program END 

Create log file
2017-06-20 15:01:02Z Send 國際股市==>  Program Start
2017-06-20 15:01:02Z Send 國際股市==>  Program END 

Create log file
2017-06-20 15:50:19Z option_insert_daily Program Start
2017-06-20 15:50:19Z option_insert_daily Program END 

Create log file
2017-06-20 15:55:18Z Send Option_OIV_daily Program Start
2017-06-20 15:55:18Z Send Option_OIV_daily Program END 

Create log file
2017-06-20 16:01:02Z Send 國際股市==>  Program Start
2017-06-20 16:01:02Z Send 國際股市==>  Program END 

Create log file
2017-06-20 17:01:02Z Send 國際股市==>  Program Start
2017-06-20 17:01:02Z Send 國際股市==>  Program END 

Create log file
2017-06-20 18:01:02Z Send 國際股市==>  Program Start
2017-06-20 18:01:02Z Send 國際股市==>  Program END 

Create log file
2017-06-20 18:01:37Z Send 國際股市==>  Program Start
2017-06-20 18:01:37Z Send 國際股市==>  Program END 

Create log file
2017-06-20 18:02:05Z Send 國際股市==>  Program Start
2017-06-20 18:02:05Z Send 國際股市==>  Program END 

Create log file
2017-06-20 18:02:33Z Send 國際股市==>  Program Start
2017-06-20 18:02:33Z Send 國際股市==>  Program END 

Create log file
2017-06-20 18:02:57Z Send 國際股市==>  Program Start
2017-06-20 18:02:57Z Send 國際股市==>  Program END 

Create log file
2017-06-20 19:01:02Z Send 國際股市==>  Program Start
2017-06-20 19:01:02Z Send 國際股市==>  Program END 

Create log file
2017-06-20 19:01:38Z Send 國際股市==>  Program Start
2017-06-20 19:01:38Z Send 國際股市==>  Program END 

Create log file
2017-06-20 19:02:09Z Send 國際股市==>  Program Start
2017-06-20 19:02:09Z Send 國際股市==>  Program END 

Create log file
2017-06-20 19:02:34Z Send 國際股市==>  Program Start
2017-06-20 19:02:34Z Send 國際股市==>  Program END 

Create log file
2017-06-20 19:03:01Z Send 國際股市==>  Program Start
2017-06-20 19:03:01Z Send 國際股市==>  Program END 

Create log file
2017-06-20 19:03:25Z Send 國際股市==>  Program Start
2017-06-20 19:03:25Z Send 國際股市==>  Program END 

Create log file
2017-06-20 19:03:54Z Send 國際股市==>  Program Start
2017-06-20 19:03:54Z Send 國際股市==>  Program END 

Create log file
2017-06-20 20:01:02Z Send 國際股市==>  Program Start
2017-06-20 20:01:02Z Send 國際股市==>  Program END 

Create log file
2017-06-20 20:20:08Z stock_data_insert_daily Program Start
2017-06-20 20:20:08Z stock_data_insert_daily Program END 

Create log file
2017-06-20 20:30:12Z Send 股市氣象台電子報-今日我最夯<==Strong_UP==>  Program Start
2017-06-20 20:30:12Z Send 股市氣象台電子報-今日我最夯<==Strong_UP==>  Program END 

Create log file
2017-06-20 21:01:02Z Send 國際股市==>  Program Start
2017-06-20 21:01:02Z Send 國際股市==>  Program END 

Create log file
2017-06-20 22:01:02Z Send 國際股市==>  Program Start
2017-06-20 22:01:02Z Send 國際股市==>  Program END 

Create log file
2017-06-20 22:01:38Z Send 國際股市==>  Program Start
2017-06-20 22:01:38Z Send 國際股市==>  Program END 

Create log file
2017-06-20 22:02:07Z Send 國際股市==>  Program Start
2017-06-20 22:02:07Z Send 國際股市==>  Program END 

Create log file
2017-06-20 23:01:02Z Send 國際股市==>  Program Start
2017-06-20 23:01:02Z Send 國際股市==>  Program END 

Create log file
2017-06-20 23:01:38Z Send 國際股市==>  Program Start
2017-06-20 23:01:38Z Send 國際股市==>  Program END 

