Create log file
2017-06-08 00:01:01Z Send 國際股市==>  Program Start
2017-06-08 00:01:01Z Send 國際股市==>  Program END 

Create log file
2017-06-08 01:01:02Z Send 國際股市==>  Program Start
2017-06-08 01:01:02Z Send 國際股市==>  Program END 

Create log file
2017-06-08 08:01:01Z Send 國際股市==>  Program Start
2017-06-08 08:01:01Z Send 國際股市==>  Program END 

Create log file
2017-06-08 08:01:26Z Send 國際股市==>  Program Start
2017-06-08 08:01:26Z Send 國際股市==>  Program END 

Create log file
2017-06-08 08:01:48Z Send 國際股市==>  Program Start
2017-06-08 08:01:48Z Send 國際股市==>  Program END 

Create log file
2017-06-08 08:02:11Z Send 國際股市==>  Program Start
2017-06-08 08:02:11Z Send 國際股市==>  Program END 

Create log file
2017-06-08 09:01:01Z Send 國際股市==>  Program Start
2017-06-08 09:01:01Z Send 國際股市==>  Program END 

Create log file
2017-06-08 10:01:01Z Send 國際股市==>  Program Start
2017-06-08 10:01:01Z Send 國際股市==>  Program END 

Create log file
2017-06-08 11:01:01Z Send 國際股市==>  Program Start
2017-06-08 11:01:01Z Send 國際股市==>  Program END 

Create log file
2017-06-08 12:01:01Z Send 國際股市==>  Program Start
2017-06-08 12:01:01Z Send 國際股市==>  Program END 

Create log file
2017-06-08 13:01:01Z Send 國際股市==>  Program Start
2017-06-08 13:01:01Z Send 國際股市==>  Program END 

Create log file
2017-06-08 14:01:01Z Send 國際股市==>  Program Start
2017-06-08 14:01:01Z Send 國際股市==>  Program END 

Create log file
2017-06-08 15:01:01Z Send 國際股市==>  Program Start
2017-06-08 15:01:01Z Send 國際股市==>  Program END 

Create log file
2017-06-08 15:50:18Z option_insert_daily Program Start
2017-06-08 15:50:18Z option_insert_daily Program END 

Create log file
2017-06-08 15:55:17Z Send Option_OIV_daily Program Start
2017-06-08 15:55:17Z Send Option_OIV_daily Program END 

Create log file
2017-06-08 16:01:01Z Send 國際股市==>  Program Start
2017-06-08 16:01:01Z Send 國際股市==>  Program END 

Create log file
2017-06-08 17:01:01Z Send 國際股市==>  Program Start
2017-06-08 17:01:01Z Send 國際股市==>  Program END 

Create log file
2017-06-08 18:01:01Z Send 國際股市==>  Program Start
2017-06-08 18:01:01Z Send 國際股市==>  Program END 

Create log file
2017-06-08 19:01:01Z Send 國際股市==>  Program Start
2017-06-08 19:01:01Z Send 國際股市==>  Program END 

Create log file
2017-06-08 19:01:26Z Send 國際股市==>  Program Start
2017-06-08 19:01:26Z Send 國際股市==>  Program END 

Create log file
2017-06-08 19:01:49Z Send 國際股市==>  Program Start
2017-06-08 19:01:49Z Send 國際股市==>  Program END 

Create log file
2017-06-08 19:02:10Z Send 國際股市==>  Program Start
2017-06-08 19:02:10Z Send 國際股市==>  Program END 

Create log file
2017-06-08 19:02:32Z Send 國際股市==>  Program Start
2017-06-08 19:02:32Z Send 國際股市==>  Program END 

Create log file
2017-06-08 19:02:53Z Send 國際股市==>  Program Start
2017-06-08 19:02:53Z Send 國際股市==>  Program END 

Create log file
2017-06-08 19:03:16Z Send 國際股市==>  Program Start
2017-06-08 19:03:16Z Send 國際股市==>  Program END 

Create log file
2017-06-08 20:01:01Z Send 國際股市==>  Program Start
2017-06-08 20:01:01Z Send 國際股市==>  Program END 

Create log file
2017-06-08 20:20:11Z stock_data_insert_daily Program Start
2017-06-08 20:20:11Z stock_data_insert_daily Program END 

Create log file
2017-06-08 20:30:13Z Send 股市氣象台電子報-今日我最夯<==Strong_UP==>  Program Start
2017-06-08 20:30:13Z Send 股市氣象台電子報-今日我最夯<==Strong_UP==>  Program END 

Create log file
2017-06-08 21:01:02Z Send 國際股市==>  Program Start
2017-06-08 21:01:02Z Send 國際股市==>  Program END 

Create log file
2017-06-08 22:01:02Z Send 國際股市==>  Program Start
2017-06-08 22:01:02Z Send 國際股市==>  Program END 

Create log file
2017-06-08 22:01:23Z Send 國際股市==>  Program Start
2017-06-08 22:01:23Z Send 國際股市==>  Program END 

Create log file
2017-06-08 22:01:45Z Send 國際股市==>  Program Start
2017-06-08 22:01:45Z Send 國際股市==>  Program END 

Create log file
2017-06-08 23:01:02Z Send 國際股市==>  Program Start
2017-06-08 23:01:02Z Send 國際股市==>  Program END 

Create log file
2017-06-08 23:01:23Z Send 國際股市==>  Program Start
2017-06-08 23:01:23Z Send 國際股市==>  Program END 

