Create log file
2017-06-09 00:01:02Z Send 國際股市==>  Program Start
2017-06-09 00:01:02Z Send 國際股市==>  Program END 

Create log file
2017-06-09 01:01:02Z Send 國際股市==>  Program Start
2017-06-09 01:01:02Z Send 國際股市==>  Program END 

Create log file
2017-06-09 08:01:03Z Send 國際股市==>  Program Start
2017-06-09 08:01:03Z Send 國際股市==>  Program END 

Create log file
2017-06-09 08:01:28Z Send 國際股市==>  Program Start
2017-06-09 08:01:28Z Send 國際股市==>  Program END 

Create log file
2017-06-09 08:01:50Z Send 國際股市==>  Program Start
2017-06-09 08:01:50Z Send 國際股市==>  Program END 

Create log file
2017-06-09 08:02:13Z Send 國際股市==>  Program Start
2017-06-09 08:02:13Z Send 國際股市==>  Program END 

Create log file
2017-06-09 09:01:02Z Send 國際股市==>  Program Start
2017-06-09 09:01:02Z Send 國際股市==>  Program END 

Create log file
2017-06-09 10:01:02Z Send 國際股市==>  Program Start
2017-06-09 10:01:02Z Send 國際股市==>  Program END 

Create log file
2017-06-09 11:01:02Z Send 國際股市==>  Program Start
2017-06-09 11:01:02Z Send 國際股市==>  Program END 

Create log file
2017-06-09 12:01:03Z Send 國際股市==>  Program Start
2017-06-09 12:01:03Z Send 國際股市==>  Program END 

Create log file
2017-06-09 13:01:03Z Send 國際股市==>  Program Start
2017-06-09 13:01:03Z Send 國際股市==>  Program END 

Create log file
2017-06-09 14:01:02Z Send 國際股市==>  Program Start
2017-06-09 14:01:02Z Send 國際股市==>  Program END 

Create log file
2017-06-09 15:01:02Z Send 國際股市==>  Program Start
2017-06-09 15:01:02Z Send 國際股市==>  Program END 

Create log file
2017-06-09 15:50:17Z option_insert_daily Program Start
2017-06-09 15:50:17Z option_insert_daily Program END 

Create log file
2017-06-09 15:55:20Z Send Option_OIV_daily Program Start
2017-06-09 15:55:20Z Send Option_OIV_daily Program END 

Create log file
2017-06-09 16:01:03Z Send 國際股市==>  Program Start
2017-06-09 16:01:03Z Send 國際股市==>  Program END 

Create log file
2017-06-09 17:01:02Z Send 國際股市==>  Program Start
2017-06-09 17:01:02Z Send 國際股市==>  Program END 

Create log file
2017-06-09 18:01:02Z Send 國際股市==>  Program Start
2017-06-09 18:01:02Z Send 國際股市==>  Program END 

Create log file
2017-06-09 18:01:28Z Send 國際股市==>  Program Start
2017-06-09 18:01:28Z Send 國際股市==>  Program END 

Create log file
2017-06-09 18:01:50Z Send 國際股市==>  Program Start
2017-06-09 18:01:50Z Send 國際股市==>  Program END 

Create log file
2017-06-09 18:02:13Z Send 國際股市==>  Program Start
2017-06-09 18:02:13Z Send 國際股市==>  Program END 

Create log file
2017-06-09 18:02:36Z Send 國際股市==>  Program Start
2017-06-09 18:02:36Z Send 國際股市==>  Program END 

Create log file
2017-06-09 19:01:02Z Send 國際股市==>  Program Start
2017-06-09 19:01:02Z Send 國際股市==>  Program END 

Create log file
2017-06-09 19:01:27Z Send 國際股市==>  Program Start
2017-06-09 19:01:27Z Send 國際股市==>  Program END 

Create log file
2017-06-09 19:01:50Z Send 國際股市==>  Program Start
2017-06-09 19:01:50Z Send 國際股市==>  Program END 

Create log file
2017-06-09 19:02:11Z Send 國際股市==>  Program Start
2017-06-09 19:02:11Z Send 國際股市==>  Program END 

Create log file
2017-06-09 19:02:32Z Send 國際股市==>  Program Start
2017-06-09 19:02:32Z Send 國際股市==>  Program END 

Create log file
2017-06-09 19:02:53Z Send 國際股市==>  Program Start
2017-06-09 19:02:53Z Send 國際股市==>  Program END 

Create log file
2017-06-09 19:03:17Z Send 國際股市==>  Program Start
2017-06-09 19:03:17Z Send 國際股市==>  Program END 

Create log file
2017-06-09 20:01:02Z Send 國際股市==>  Program Start
2017-06-09 20:01:02Z Send 國際股市==>  Program END 

Create log file
2017-06-09 20:20:08Z stock_data_insert_daily Program Start
2017-06-09 20:20:08Z stock_data_insert_daily Program END 

Create log file
2017-06-09 20:30:06Z Send 股市氣象台電子報-今日我最夯<==Strong_UP==>  Program Start
2017-06-09 20:30:06Z Send 股市氣象台電子報-今日我最夯<==Strong_UP==>  Program END 

Create log file
2017-06-09 21:01:02Z Send 國際股市==>  Program Start
2017-06-09 21:01:02Z Send 國際股市==>  Program END 

Create log file
2017-06-09 22:01:01Z Send 國際股市==>  Program Start
2017-06-09 22:01:01Z Send 國際股市==>  Program END 

Create log file
2017-06-09 22:01:22Z Send 國際股市==>  Program Start
2017-06-09 22:01:22Z Send 國際股市==>  Program END 

Create log file
2017-06-09 22:01:44Z Send 國際股市==>  Program Start
2017-06-09 22:01:44Z Send 國際股市==>  Program END 

Create log file
2017-06-09 23:01:01Z Send 國際股市==>  Program Start
2017-06-09 23:01:01Z Send 國際股市==>  Program END 

Create log file
2017-06-09 23:01:28Z Send 國際股市==>  Program Start
2017-06-09 23:01:28Z Send 國際股市==>  Program END 

