Create log file
2017-06-14 00:01:03Z Send 國際股市==>  Program Start
2017-06-14 00:01:03Z Send 國際股市==>  Program END 

Create log file
2017-06-14 01:01:02Z Send 國際股市==>  Program Start
2017-06-14 01:01:02Z Send 國際股市==>  Program END 

Create log file
2017-06-14 08:01:02Z Send 國際股市==>  Program Start
2017-06-14 08:01:02Z Send 國際股市==>  Program END 

Create log file
2017-06-14 09:01:01Z Send 國際股市==>  Program Start
2017-06-14 09:01:01Z Send 國際股市==>  Program END 

Create log file
2017-06-14 10:01:04Z Send 國際股市==>  Program Start
2017-06-14 10:01:04Z Send 國際股市==>  Program END 

Create log file
2017-06-14 11:01:01Z Send 國際股市==>  Program Start
2017-06-14 11:01:01Z Send 國際股市==>  Program END 

Create log file
2017-06-14 12:01:02Z Send 國際股市==>  Program Start
2017-06-14 12:01:02Z Send 國際股市==>  Program END 

Create log file
2017-06-14 13:01:01Z Send 國際股市==>  Program Start
2017-06-14 13:01:01Z Send 國際股市==>  Program END 

Create log file
2017-06-14 14:01:01Z Send 國際股市==>  Program Start
2017-06-14 14:01:01Z Send 國際股市==>  Program END 

Create log file
2017-06-14 15:01:01Z Send 國際股市==>  Program Start
2017-06-14 15:01:01Z Send 國際股市==>  Program END 

Create log file
2017-06-14 15:50:23Z option_insert_daily Program Start
2017-06-14 15:50:23Z option_insert_daily Program END 

Create log file
2017-06-14 20:20:49Z stock_data_insert_daily Program Start
2017-06-14 20:20:49Z stock_data_insert_daily Program END 

Create log file
2017-06-14 20:30:14Z Send 股市氣象台電子報-今日我最夯<==Strong_UP==>  Program Start
2017-06-14 20:30:14Z Send 股市氣象台電子報-今日我最夯<==Strong_UP==>  Program END 

Create log file
2017-06-14 23:01:09Z Send 國際股市==>  Program Start
2017-06-14 23:01:09Z Send 國際股市==>  Program END 

Create log file
2017-06-14 23:01:35Z Send 國際股市==>  Program Start
2017-06-14 23:01:35Z Send 國際股市==>  Program END 

