Create log file
2017-10-13 00:01:05Z Send 國際股市==>  Program Start
2017-10-13 00:01:05Z Send 國際股市==>  Program END 

Create log file
2017-10-13 01:01:02Z Send 國際股市==>  Program Start
2017-10-13 01:01:02Z Send 國際股市==>  Program END 

Create log file
2017-10-13 08:01:03Z Send 國際股市==>  Program Start
2017-10-13 08:01:03Z Send 國際股市==>  Program END 

Create log file
2017-10-13 08:01:40Z Send 國際股市==>  Program Start
2017-10-13 08:01:40Z Send 國際股市==>  Program END 

Create log file
2017-10-13 08:02:06Z Send 國際股市==>  Program Start
2017-10-13 08:02:06Z Send 國際股市==>  Program END 

Create log file
2017-10-13 08:02:35Z Send 國際股市==>  Program Start
2017-10-13 08:02:35Z Send 國際股市==>  Program END 

Create log file
2017-10-13 09:01:03Z Send 國際股市==>  Program Start
2017-10-13 09:01:03Z Send 國際股市==>  Program END 

Create log file
2017-10-13 10:01:02Z Send 國際股市==>  Program Start
2017-10-13 10:01:02Z Send 國際股市==>  Program END 

Create log file
2017-10-13 11:01:03Z Send 國際股市==>  Program Start
2017-10-13 11:01:03Z Send 國際股市==>  Program END 

Create log file
2017-10-13 12:01:03Z Send 國際股市==>  Program Start
2017-10-13 12:01:03Z Send 國際股市==>  Program END 

Create log file
2017-10-13 13:01:03Z Send 國際股市==>  Program Start
2017-10-13 13:01:03Z Send 國際股市==>  Program END 

Create log file
2017-10-13 14:01:03Z Send 國際股市==>  Program Start
2017-10-13 14:01:03Z Send 國際股市==>  Program END 

Create log file
2017-10-13 15:01:02Z Send 國際股市==>  Program Start
2017-10-13 15:01:02Z Send 國際股市==>  Program END 

Create log file
2017-10-13 15:50:26Z option_insert_daily Program Start
2017-10-13 15:50:26Z option_insert_daily Program END 

Create log file
2017-10-13 15:55:26Z Send Option_OIV_daily Program Start
2017-10-13 15:55:26Z Send Option_OIV_daily Program END 

Create log file
2017-10-13 16:01:02Z Send 國際股市==>  Program Start
2017-10-13 16:01:02Z Send 國際股市==>  Program END 

Create log file
2017-10-13 17:01:02Z Send 國際股市==>  Program Start
2017-10-13 17:01:02Z Send 國際股市==>  Program END 

Create log file
2017-10-13 18:01:02Z Send 國際股市==>  Program Start
2017-10-13 18:01:02Z Send 國際股市==>  Program END 

Create log file
2017-10-13 18:01:26Z Send 國際股市==>  Program Start
2017-10-13 18:01:26Z Send 國際股市==>  Program END 

Create log file
2017-10-13 18:01:51Z Send 國際股市==>  Program Start
2017-10-13 18:01:51Z Send 國際股市==>  Program END 

Create log file
2017-10-13 18:02:19Z Send 國際股市==>  Program Start
2017-10-13 18:02:19Z Send 國際股市==>  Program END 

Create log file
2017-10-13 18:02:41Z Send 國際股市==>  Program Start
2017-10-13 18:02:41Z Send 國際股市==>  Program END 

Create log file
2017-10-13 19:01:02Z Send 國際股市==>  Program Start
2017-10-13 19:01:02Z Send 國際股市==>  Program END 

Create log file
2017-10-13 20:01:01Z Send 國際股市==>  Program Start
2017-10-13 20:01:01Z Send 國際股市==>  Program END 

Create log file
2017-10-13 21:01:01Z Send 國際股市==>  Program Start
2017-10-13 21:01:01Z Send 國際股市==>  Program END 

Create log file
2017-10-13 22:01:03Z Send 國際股市==>  Program Start
2017-10-13 22:01:03Z Send 國際股市==>  Program END 

Create log file
2017-10-13 22:01:26Z Send 國際股市==>  Program Start
2017-10-13 22:01:26Z Send 國際股市==>  Program END 

Create log file
2017-10-13 22:01:54Z Send 國際股市==>  Program Start
2017-10-13 22:01:54Z Send 國際股市==>  Program END 

Create log file
2017-10-13 23:01:03Z Send 國際股市==>  Program Start
2017-10-13 23:01:03Z Send 國際股市==>  Program END 

