Create log file
2017-10-18 00:01:02Z Send 國際股市==>  Program Start
2017-10-18 00:01:02Z Send 國際股市==>  Program END 

Create log file
2017-10-18 01:01:05Z Send 國際股市==>  Program Start
2017-10-18 01:01:05Z Send 國際股市==>  Program END 

Create log file
2017-10-18 08:01:04Z Send 國際股市==>  Program Start
2017-10-18 08:01:04Z Send 國際股市==>  Program END 

Create log file
2017-10-18 08:01:40Z Send 國際股市==>  Program Start
2017-10-18 08:01:40Z Send 國際股市==>  Program END 

Create log file
2017-10-18 08:02:07Z Send 國際股市==>  Program Start
2017-10-18 08:02:07Z Send 國際股市==>  Program END 

Create log file
2017-10-18 08:02:34Z Send 國際股市==>  Program Start
2017-10-18 08:02:34Z Send 國際股市==>  Program END 

Create log file
2017-10-18 09:01:04Z Send 國際股市==>  Program Start
2017-10-18 09:01:04Z Send 國際股市==>  Program END 

Create log file
2017-10-18 10:01:04Z Send 國際股市==>  Program Start
2017-10-18 10:01:04Z Send 國際股市==>  Program END 

Create log file
2017-10-18 11:01:04Z Send 國際股市==>  Program Start
2017-10-18 11:01:04Z Send 國際股市==>  Program END 

Create log file
2017-10-18 12:01:04Z Send 國際股市==>  Program Start
2017-10-18 12:01:04Z Send 國際股市==>  Program END 

Create log file
2017-10-18 13:01:03Z Send 國際股市==>  Program Start
2017-10-18 13:01:03Z Send 國際股市==>  Program END 

Create log file
2017-10-18 14:01:04Z Send 國際股市==>  Program Start
2017-10-18 14:01:04Z Send 國際股市==>  Program END 

Create log file
2017-10-18 15:01:04Z Send 國際股市==>  Program Start
2017-10-18 15:01:04Z Send 國際股市==>  Program END 

Create log file
2017-10-18 15:50:27Z option_insert_daily Program Start
2017-10-18 15:50:27Z option_insert_daily Program END 

Create log file
2017-10-18 15:55:33Z Send Option_OIV_daily Program Start
2017-10-18 15:55:33Z Send Option_OIV_daily Program END 

Create log file
2017-10-18 16:01:03Z Send 國際股市==>  Program Start
2017-10-18 16:01:03Z Send 國際股市==>  Program END 

Create log file
2017-10-18 17:01:04Z Send 國際股市==>  Program Start
2017-10-18 17:01:04Z Send 國際股市==>  Program END 

Create log file
2017-10-18 18:01:05Z Send 國際股市==>  Program Start
2017-10-18 18:01:05Z Send 國際股市==>  Program END 

Create log file
2017-10-18 18:01:40Z Send 國際股市==>  Program Start
2017-10-18 18:01:40Z Send 國際股市==>  Program END 

Create log file
2017-10-18 18:02:06Z Send 國際股市==>  Program Start
2017-10-18 18:02:06Z Send 國際股市==>  Program END 

Create log file
2017-10-18 18:02:33Z Send 國際股市==>  Program Start
2017-10-18 18:02:33Z Send 國際股市==>  Program END 

Create log file
2017-10-18 18:02:56Z Send 國際股市==>  Program Start
2017-10-18 18:02:56Z Send 國際股市==>  Program END 

Create log file
2017-10-18 19:01:03Z Send 國際股市==>  Program Start
2017-10-18 19:01:03Z Send 國際股市==>  Program END 

Create log file
2017-10-18 19:01:40Z Send 國際股市==>  Program Start
2017-10-18 19:01:40Z Send 國際股市==>  Program END 

Create log file
2017-10-18 19:02:09Z Send 國際股市==>  Program Start
2017-10-18 19:02:09Z Send 國際股市==>  Program END 

Create log file
2017-10-18 19:02:31Z Send 國際股市==>  Program Start
2017-10-18 19:02:31Z Send 國際股市==>  Program END 

Create log file
2017-10-18 19:02:57Z Send 國際股市==>  Program Start
2017-10-18 19:02:57Z Send 國際股市==>  Program END 

Create log file
2017-10-18 19:03:20Z Send 國際股市==>  Program Start
2017-10-18 19:03:20Z Send 國際股市==>  Program END 

Create log file
2017-10-18 19:03:48Z Send 國際股市==>  Program Start
2017-10-18 19:03:48Z Send 國際股市==>  Program END 

Create log file
2017-10-18 20:01:05Z Send 國際股市==>  Program Start
2017-10-18 20:01:05Z Send 國際股市==>  Program END 

Create log file
2017-10-18 21:01:07Z Send 國際股市==>  Program Start
2017-10-18 21:01:07Z Send 國際股市==>  Program END 

Create log file
2017-10-18 22:01:04Z Send 國際股市==>  Program Start
2017-10-18 22:01:04Z Send 國際股市==>  Program END 

Create log file
2017-10-18 22:01:33Z Send 國際股市==>  Program Start
2017-10-18 22:01:33Z Send 國際股市==>  Program END 

Create log file
2017-10-18 22:02:00Z Send 國際股市==>  Program Start
2017-10-18 22:02:00Z Send 國際股市==>  Program END 

Create log file
2017-10-18 23:01:04Z Send 國際股市==>  Program Start
2017-10-18 23:01:04Z Send 國際股市==>  Program END 

Create log file
2017-10-18 23:01:41Z Send 國際股市==>  Program Start
2017-10-18 23:01:41Z Send 國際股市==>  Program END 

