Create log file
2017-07-11 00:01:03Z Send 國際股市==>  Program Start
2017-07-11 00:01:03Z Send 國際股市==>  Program END 

Create log file
2017-07-11 01:01:04Z Send 國際股市==>  Program Start
2017-07-11 01:01:04Z Send 國際股市==>  Program END 

Create log file
2017-07-11 08:01:03Z Send 國際股市==>  Program Start
2017-07-11 08:01:03Z Send 國際股市==>  Program END 

Create log file
2017-07-11 08:01:40Z Send 國際股市==>  Program Start
2017-07-11 08:01:40Z Send 國際股市==>  Program END 

Create log file
2017-07-11 08:02:08Z Send 國際股市==>  Program Start
2017-07-11 08:02:08Z Send 國際股市==>  Program END 

Create log file
2017-07-11 08:02:37Z Send 國際股市==>  Program Start
2017-07-11 08:02:37Z Send 國際股市==>  Program END 

Create log file
2017-07-11 09:01:03Z Send 國際股市==>  Program Start
2017-07-11 09:01:03Z Send 國際股市==>  Program END 

Create log file
2017-07-11 10:01:03Z Send 國際股市==>  Program Start
2017-07-11 10:01:03Z Send 國際股市==>  Program END 

Create log file
2017-07-11 11:01:03Z Send 國際股市==>  Program Start
2017-07-11 11:01:03Z Send 國際股市==>  Program END 

Create log file
2017-07-11 12:01:03Z Send 國際股市==>  Program Start
2017-07-11 12:01:03Z Send 國際股市==>  Program END 

Create log file
2017-07-11 13:01:03Z Send 國際股市==>  Program Start
2017-07-11 13:01:03Z Send 國際股市==>  Program END 

Create log file
2017-07-11 14:01:04Z Send 國際股市==>  Program Start
2017-07-11 14:01:04Z Send 國際股市==>  Program END 

Create log file
2017-07-11 15:01:04Z Send 國際股市==>  Program Start
2017-07-11 15:01:04Z Send 國際股市==>  Program END 

Create log file
2017-07-11 15:50:20Z option_insert_daily Program Start
2017-07-11 15:50:20Z option_insert_daily Program END 

Create log file
2017-07-11 15:55:27Z Send Option_OIV_daily Program Start
2017-07-11 15:55:27Z Send Option_OIV_daily Program END 

Create log file
2017-07-11 16:01:03Z Send 國際股市==>  Program Start
2017-07-11 16:01:03Z Send 國際股市==>  Program END 

Create log file
2017-07-11 17:01:03Z Send 國際股市==>  Program Start
2017-07-11 17:01:03Z Send 國際股市==>  Program END 

Create log file
2017-07-11 18:01:04Z Send 國際股市==>  Program Start
2017-07-11 18:01:04Z Send 國際股市==>  Program END 

Create log file
2017-07-11 18:01:40Z Send 國際股市==>  Program Start
2017-07-11 18:01:40Z Send 國際股市==>  Program END 

Create log file
2017-07-11 18:02:06Z Send 國際股市==>  Program Start
2017-07-11 18:02:06Z Send 國際股市==>  Program END 

Create log file
2017-07-11 18:02:35Z Send 國際股市==>  Program Start
2017-07-11 18:02:35Z Send 國際股市==>  Program END 

Create log file
2017-07-11 18:03:03Z Send 國際股市==>  Program Start
2017-07-11 18:03:03Z Send 國際股市==>  Program END 

Create log file
2017-07-11 19:01:03Z Send 國際股市==>  Program Start
2017-07-11 19:01:03Z Send 國際股市==>  Program END 

Create log file
2017-07-11 19:01:39Z Send 國際股市==>  Program Start
2017-07-11 19:01:39Z Send 國際股市==>  Program END 

Create log file
2017-07-11 19:02:16Z Send 國際股市==>  Program Start
2017-07-11 19:02:16Z Send 國際股市==>  Program END 

Create log file
2017-07-11 19:02:40Z Send 國際股市==>  Program Start
2017-07-11 19:02:40Z Send 國際股市==>  Program END 

Create log file
2017-07-11 19:03:07Z Send 國際股市==>  Program Start
2017-07-11 19:03:07Z Send 國際股市==>  Program END 

Create log file
2017-07-11 19:03:31Z Send 國際股市==>  Program Start
2017-07-11 19:03:31Z Send 國際股市==>  Program END 

Create log file
2017-07-11 19:04:01Z Send 國際股市==>  Program Start
2017-07-11 19:04:01Z Send 國際股市==>  Program END 

Create log file
2017-07-11 20:01:03Z Send 國際股市==>  Program Start
2017-07-11 20:01:03Z Send 國際股市==>  Program END 

Create log file
2017-07-11 20:20:09Z stock_data_insert_daily Program Start
2017-07-11 20:20:09Z stock_data_insert_daily Program END 

Create log file
2017-07-11 20:30:17Z Send 股市氣象台電子報-今日我最夯<==Strong_UP==>  Program Start
2017-07-11 20:30:17Z Send 股市氣象台電子報-今日我最夯<==Strong_UP==>  Program END 

Create log file
2017-07-11 21:01:02Z Send 國際股市==>  Program Start
2017-07-11 21:01:02Z Send 國際股市==>  Program END 

Create log file
2017-07-11 22:01:03Z Send 國際股市==>  Program Start
2017-07-11 22:01:03Z Send 國際股市==>  Program END 

Create log file
2017-07-11 22:01:27Z Send 國際股市==>  Program Start
2017-07-11 22:01:27Z Send 國際股市==>  Program END 

Create log file
2017-07-11 22:01:56Z Send 國際股市==>  Program Start
2017-07-11 22:01:56Z Send 國際股市==>  Program END 

Create log file
2017-07-11 23:01:03Z Send 國際股市==>  Program Start
2017-07-11 23:01:03Z Send 國際股市==>  Program END 

Create log file
2017-07-11 23:01:27Z Send 國際股市==>  Program Start
2017-07-11 23:01:27Z Send 國際股市==>  Program END 

