Create log file
2017-06-02 00:01:02Z Send 國際股市==>  Program Start
2017-06-02 00:01:02Z Send 國際股市==>  Program END 

Create log file
2017-06-02 08:01:01Z Send 國際股市==>  Program Start
2017-06-02 08:01:01Z Send 國際股市==>  Program END 

Create log file
2017-06-02 08:01:25Z Send 國際股市==>  Program Start
2017-06-02 08:01:25Z Send 國際股市==>  Program END 

Create log file
2017-06-02 08:01:47Z Send 國際股市==>  Program Start
2017-06-02 08:01:47Z Send 國際股市==>  Program END 

Create log file
2017-06-02 08:02:09Z Send 國際股市==>  Program Start
2017-06-02 08:02:09Z Send 國際股市==>  Program END 

Create log file
2017-06-02 09:01:01Z Send 國際股市==>  Program Start
2017-06-02 09:01:01Z Send 國際股市==>  Program END 

Create log file
2017-06-02 10:01:01Z Send 國際股市==>  Program Start
2017-06-02 10:01:01Z Send 國際股市==>  Program END 

Create log file
2017-06-02 11:01:01Z Send 國際股市==>  Program Start
2017-06-02 11:01:01Z Send 國際股市==>  Program END 

Create log file
2017-06-02 12:01:01Z Send 國際股市==>  Program Start
2017-06-02 12:01:01Z Send 國際股市==>  Program END 

Create log file
2017-06-02 13:01:01Z Send 國際股市==>  Program Start
2017-06-02 13:01:01Z Send 國際股市==>  Program END 

Create log file
2017-06-02 14:01:01Z Send 國際股市==>  Program Start
2017-06-02 14:01:01Z Send 國際股市==>  Program END 

Create log file
2017-06-02 15:01:01Z Send 國際股市==>  Program Start
2017-06-02 15:01:01Z Send 國際股市==>  Program END 

Create log file
2017-06-02 15:50:16Z option_insert_daily Program Start
2017-06-02 15:50:16Z option_insert_daily Program END 

Create log file
2017-06-02 15:55:15Z Send Option_OIV_daily Program Start
2017-06-02 15:55:15Z Send Option_OIV_daily Program END 

Create log file
2017-06-02 16:01:01Z Send 國際股市==>  Program Start
2017-06-02 16:01:01Z Send 國際股市==>  Program END 

Create log file
2017-06-02 17:01:01Z Send 國際股市==>  Program Start
2017-06-02 17:01:01Z Send 國際股市==>  Program END 

Create log file
2017-06-02 18:01:01Z Send 國際股市==>  Program Start
2017-06-02 18:01:01Z Send 國際股市==>  Program END 

Create log file
2017-06-02 18:01:27Z Send 國際股市==>  Program Start
2017-06-02 18:01:27Z Send 國際股市==>  Program END 

Create log file
2017-06-02 18:01:48Z Send 國際股市==>  Program Start
2017-06-02 18:01:48Z Send 國際股市==>  Program END 

Create log file
2017-06-02 18:02:12Z Send 國際股市==>  Program Start
2017-06-02 18:02:12Z Send 國際股市==>  Program END 

Create log file
2017-06-02 18:02:38Z Send 國際股市==>  Program Start
2017-06-02 18:02:38Z Send 國際股市==>  Program END 

Create log file
2017-06-02 19:01:01Z Send 國際股市==>  Program Start
2017-06-02 19:01:01Z Send 國際股市==>  Program END 

Create log file
2017-06-02 19:01:30Z Send 國際股市==>  Program Start
2017-06-02 19:01:30Z Send 國際股市==>  Program END 

Create log file
2017-06-02 19:01:53Z Send 國際股市==>  Program Start
2017-06-02 19:01:53Z Send 國際股市==>  Program END 

Create log file
2017-06-02 19:02:14Z Send 國際股市==>  Program Start
2017-06-02 19:02:14Z Send 國際股市==>  Program END 

Create log file
2017-06-02 19:02:40Z Send 國際股市==>  Program Start
2017-06-02 19:02:40Z Send 國際股市==>  Program END 

Create log file
2017-06-02 19:03:04Z Send 國際股市==>  Program Start
2017-06-02 19:03:04Z Send 國際股市==>  Program END 

Create log file
2017-06-02 19:03:30Z Send 國際股市==>  Program Start
2017-06-02 19:03:30Z Send 國際股市==>  Program END 

Create log file
2017-06-02 20:01:01Z Send 國際股市==>  Program Start
2017-06-02 20:01:01Z Send 國際股市==>  Program END 

Create log file
2017-06-02 20:20:08Z stock_data_insert_daily Program Start
2017-06-02 20:20:08Z stock_data_insert_daily Program END 

Create log file
2017-06-02 20:30:06Z Send 股市氣象台電子報-今日我最夯<==Strong_UP==>  Program Start
2017-06-02 20:30:06Z Send 股市氣象台電子報-今日我最夯<==Strong_UP==>  Program END 

Create log file
2017-06-02 21:01:01Z Send 國際股市==>  Program Start
2017-06-02 21:01:01Z Send 國際股市==>  Program END 

Create log file
2017-06-02 22:01:02Z Send 國際股市==>  Program Start
2017-06-02 22:01:02Z Send 國際股市==>  Program END 

Create log file
2017-06-02 22:01:25Z Send 國際股市==>  Program Start
2017-06-02 22:01:25Z Send 國際股市==>  Program END 

Create log file
2017-06-02 22:01:47Z Send 國際股市==>  Program Start
2017-06-02 22:01:47Z Send 國際股市==>  Program END 

Create log file
2017-06-02 23:01:01Z Send 國際股市==>  Program Start
2017-06-02 23:01:01Z Send 國際股市==>  Program END 

Create log file
2017-06-02 23:01:22Z Send 國際股市==>  Program Start
2017-06-02 23:01:22Z Send 國際股市==>  Program END 

