Create log file
2017-06-12 08:01:11Z Send 國際股市==>  Program Start
2017-06-12 08:01:11Z Send 國際股市==>  Program END 

Create log file
2017-06-12 08:01:32Z Send 國際股市==>  Program Start
2017-06-12 08:01:32Z Send 國際股市==>  Program END 

Create log file
2017-06-12 08:01:55Z Send 國際股市==>  Program Start
2017-06-12 08:01:55Z Send 國際股市==>  Program END 

Create log file
2017-06-12 08:02:18Z Send 國際股市==>  Program Start
2017-06-12 08:02:18Z Send 國際股市==>  Program END 

Create log file
2017-06-12 09:01:03Z Send 國際股市==>  Program Start
2017-06-12 09:01:03Z Send 國際股市==>  Program END 

Create log file
2017-06-12 10:01:03Z Send 國際股市==>  Program Start
2017-06-12 10:01:03Z Send 國際股市==>  Program END 

Create log file
2017-06-12 11:01:02Z Send 國際股市==>  Program Start
2017-06-12 11:01:02Z Send 國際股市==>  Program END 

Create log file
2017-06-12 12:01:03Z Send 國際股市==>  Program Start
2017-06-12 12:01:03Z Send 國際股市==>  Program END 

Create log file
2017-06-12 13:01:02Z Send 國際股市==>  Program Start
2017-06-12 13:01:02Z Send 國際股市==>  Program END 

Create log file
2017-06-12 14:01:04Z Send 國際股市==>  Program Start
2017-06-12 14:01:04Z Send 國際股市==>  Program END 

Create log file
2017-06-12 15:01:02Z Send 國際股市==>  Program Start
2017-06-12 15:01:02Z Send 國際股市==>  Program END 

Create log file
2017-06-12 15:50:21Z option_insert_daily Program Start
2017-06-12 15:50:21Z option_insert_daily Program END 

Create log file
2017-06-12 15:55:10Z Send Option_OIV_daily Program Start
2017-06-12 15:55:10Z Send Option_OIV_daily Program END 

Create log file
2017-06-12 16:01:03Z Send 國際股市==>  Program Start
2017-06-12 16:01:03Z Send 國際股市==>  Program END 

Create log file
2017-06-12 17:01:03Z Send 國際股市==>  Program Start
2017-06-12 17:01:03Z Send 國際股市==>  Program END 

Create log file
2017-06-12 18:01:02Z Send 國際股市==>  Program Start
2017-06-12 18:01:02Z Send 國際股市==>  Program END 

Create log file
2017-06-12 18:01:28Z Send 國際股市==>  Program Start
2017-06-12 18:01:28Z Send 國際股市==>  Program END 

Create log file
2017-06-12 18:01:50Z Send 國際股市==>  Program Start
2017-06-12 18:01:50Z Send 國際股市==>  Program END 

Create log file
2017-06-12 18:02:13Z Send 國際股市==>  Program Start
2017-06-12 18:02:13Z Send 國際股市==>  Program END 

Create log file
2017-06-12 18:02:36Z Send 國際股市==>  Program Start
2017-06-12 18:02:36Z Send 國際股市==>  Program END 

Create log file
2017-06-12 19:01:03Z Send 國際股市==>  Program Start
2017-06-12 19:01:03Z Send 國際股市==>  Program END 

Create log file
2017-06-12 19:01:28Z Send 國際股市==>  Program Start
2017-06-12 19:01:28Z Send 國際股市==>  Program END 

Create log file
2017-06-12 19:01:51Z Send 國際股市==>  Program Start
2017-06-12 19:01:51Z Send 國際股市==>  Program END 

Create log file
2017-06-12 19:02:11Z Send 國際股市==>  Program Start
2017-06-12 19:02:11Z Send 國際股市==>  Program END 

Create log file
2017-06-12 19:02:33Z Send 國際股市==>  Program Start
2017-06-12 19:02:33Z Send 國際股市==>  Program END 

Create log file
2017-06-12 19:02:54Z Send 國際股市==>  Program Start
2017-06-12 19:02:54Z Send 國際股市==>  Program END 

Create log file
2017-06-12 19:03:16Z Send 國際股市==>  Program Start
2017-06-12 19:03:16Z Send 國際股市==>  Program END 

Create log file
2017-06-12 20:01:02Z Send 國際股市==>  Program Start
2017-06-12 20:01:02Z Send 國際股市==>  Program END 

Create log file
2017-06-12 20:20:09Z stock_data_insert_daily Program Start
2017-06-12 20:20:09Z stock_data_insert_daily Program END 

Create log file
2017-06-12 20:30:14Z Send 股市氣象台電子報-今日我最夯<==Strong_UP==>  Program Start
2017-06-12 20:30:14Z Send 股市氣象台電子報-今日我最夯<==Strong_UP==>  Program END 

Create log file
2017-06-12 21:01:03Z Send 國際股市==>  Program Start
2017-06-12 21:01:03Z Send 國際股市==>  Program END 

Create log file
2017-06-12 22:01:03Z Send 國際股市==>  Program Start
2017-06-12 22:01:03Z Send 國際股市==>  Program END 

Create log file
2017-06-12 22:01:23Z Send 國際股市==>  Program Start
2017-06-12 22:01:23Z Send 國際股市==>  Program END 

Create log file
2017-06-12 22:01:45Z Send 國際股市==>  Program Start
2017-06-12 22:01:45Z Send 國際股市==>  Program END 

Create log file
2017-06-12 23:01:03Z Send 國際股市==>  Program Start
2017-06-12 23:01:03Z Send 國際股市==>  Program END 

Create log file
2017-06-12 23:01:26Z Send 國際股市==>  Program Start
2017-06-12 23:01:26Z Send 國際股市==>  Program END 

