Create log file
2017-10-24 00:01:01Z Send 國際股市==>  Program Start
2017-10-24 00:01:01Z Send 國際股市==>  Program END 

Create log file
2017-10-24 01:01:02Z Send 國際股市==>  Program Start
2017-10-24 01:01:02Z Send 國際股市==>  Program END 

Create log file
2017-10-24 08:01:04Z Send 國際股市==>  Program Start
2017-10-24 08:01:04Z Send 國際股市==>  Program END 

Create log file
2017-10-24 08:01:40Z Send 國際股市==>  Program Start
2017-10-24 08:01:40Z Send 國際股市==>  Program END 

Create log file
2017-10-24 08:02:07Z Send 國際股市==>  Program Start
2017-10-24 08:02:07Z Send 國際股市==>  Program END 

Create log file
2017-10-24 08:02:35Z Send 國際股市==>  Program Start
2017-10-24 08:02:35Z Send 國際股市==>  Program END 

Create log file
2017-10-24 09:01:04Z Send 國際股市==>  Program Start
2017-10-24 09:01:04Z Send 國際股市==>  Program END 

Create log file
2017-10-24 10:01:05Z Send 國際股市==>  Program Start
2017-10-24 10:01:05Z Send 國際股市==>  Program END 

Create log file
2017-10-24 11:01:01Z Send 國際股市==>  Program Start
2017-10-24 11:01:01Z Send 國際股市==>  Program END 

Create log file
2017-10-24 12:01:02Z Send 國際股市==>  Program Start
2017-10-24 12:01:02Z Send 國際股市==>  Program END 

Create log file
2017-10-24 13:01:01Z Send 國際股市==>  Program Start
2017-10-24 13:01:01Z Send 國際股市==>  Program END 

Create log file
2017-10-24 14:01:02Z Send 國際股市==>  Program Start
2017-10-24 14:01:02Z Send 國際股市==>  Program END 

Create log file
2017-10-24 15:01:02Z Send 國際股市==>  Program Start
2017-10-24 15:01:02Z Send 國際股市==>  Program END 

Create log file
2017-10-24 15:50:22Z option_insert_daily Program Start
2017-10-24 15:50:22Z option_insert_daily Program END 

Create log file
2017-10-24 15:55:33Z Send Option_OIV_daily Program Start
2017-10-24 15:55:33Z Send Option_OIV_daily Program END 

Create log file
2017-10-24 16:01:02Z Send 國際股市==>  Program Start
2017-10-24 16:01:02Z Send 國際股市==>  Program END 

Create log file
2017-10-24 17:01:01Z Send 國際股市==>  Program Start
2017-10-24 17:01:01Z Send 國際股市==>  Program END 

Create log file
2017-10-24 18:01:01Z Send 國際股市==>  Program Start
2017-10-24 18:01:01Z Send 國際股市==>  Program END 

Create log file
2017-10-24 18:01:37Z Send 國際股市==>  Program Start
2017-10-24 18:01:37Z Send 國際股市==>  Program END 

Create log file
2017-10-24 18:02:02Z Send 國際股市==>  Program Start
2017-10-24 18:02:02Z Send 國際股市==>  Program END 

Create log file
2017-10-24 18:02:29Z Send 國際股市==>  Program Start
2017-10-24 18:02:29Z Send 國際股市==>  Program END 

Create log file
2017-10-24 18:02:52Z Send 國際股市==>  Program Start
2017-10-24 18:02:52Z Send 國際股市==>  Program END 

Create log file
2017-10-24 19:01:02Z Send 國際股市==>  Program Start
2017-10-24 19:01:02Z Send 國際股市==>  Program END 

Create log file
2017-10-24 19:01:38Z Send 國際股市==>  Program Start
2017-10-24 19:01:38Z Send 國際股市==>  Program END 

Create log file
2017-10-24 19:02:08Z Send 國際股市==>  Program Start
2017-10-24 19:02:08Z Send 國際股市==>  Program END 

Create log file
2017-10-24 19:02:31Z Send 國際股市==>  Program Start
2017-10-24 19:02:31Z Send 國際股市==>  Program END 

Create log file
2017-10-24 19:02:56Z Send 國際股市==>  Program Start
2017-10-24 19:02:56Z Send 國際股市==>  Program END 

Create log file
2017-10-24 19:03:20Z Send 國際股市==>  Program Start
2017-10-24 19:03:20Z Send 國際股市==>  Program END 

Create log file
2017-10-24 19:03:47Z Send 國際股市==>  Program Start
2017-10-24 19:03:47Z Send 國際股市==>  Program END 

Create log file
2017-10-24 20:01:01Z Send 國際股市==>  Program Start
2017-10-24 20:01:01Z Send 國際股市==>  Program END 

Create log file
2017-10-24 21:01:02Z Send 國際股市==>  Program Start
2017-10-24 21:01:02Z Send 國際股市==>  Program END 

Create log file
2017-10-24 22:01:04Z Send 國際股市==>  Program Start
2017-10-24 22:01:04Z Send 國際股市==>  Program END 

Create log file
2017-10-24 22:01:41Z Send 國際股市==>  Program Start
2017-10-24 22:01:41Z Send 國際股市==>  Program END 

Create log file
2017-10-24 22:02:08Z Send 國際股市==>  Program Start
2017-10-24 22:02:08Z Send 國際股市==>  Program END 

Create log file
2017-10-24 23:01:05Z Send 國際股市==>  Program Start
2017-10-24 23:01:05Z Send 國際股市==>  Program END 

Create log file
2017-10-24 23:01:40Z Send 國際股市==>  Program Start
2017-10-24 23:01:40Z Send 國際股市==>  Program END 

