Create log file
2017-07-18 00:01:02Z Send 國際股市==>  Program Start
2017-07-18 00:01:02Z Send 國際股市==>  Program END 

Create log file
2017-07-18 01:01:01Z Send 國際股市==>  Program Start
2017-07-18 01:01:01Z Send 國際股市==>  Program END 

Create log file
2017-07-18 08:01:01Z Send 國際股市==>  Program Start
2017-07-18 08:01:01Z Send 國際股市==>  Program END 

Create log file
2017-07-18 08:01:36Z Send 國際股市==>  Program Start
2017-07-18 08:01:36Z Send 國際股市==>  Program END 

Create log file
2017-07-18 08:02:04Z Send 國際股市==>  Program Start
2017-07-18 08:02:04Z Send 國際股市==>  Program END 

Create log file
2017-07-18 08:02:33Z Send 國際股市==>  Program Start
2017-07-18 08:02:33Z Send 國際股市==>  Program END 

Create log file
2017-07-18 09:01:01Z Send 國際股市==>  Program Start
2017-07-18 09:01:01Z Send 國際股市==>  Program END 

Create log file
2017-07-18 10:01:01Z Send 國際股市==>  Program Start
2017-07-18 10:01:01Z Send 國際股市==>  Program END 

Create log file
2017-07-18 11:01:02Z Send 國際股市==>  Program Start
2017-07-18 11:01:02Z Send 國際股市==>  Program END 

Create log file
2017-07-18 12:01:02Z Send 國際股市==>  Program Start
2017-07-18 12:01:02Z Send 國際股市==>  Program END 

Create log file
2017-07-18 13:01:01Z Send 國際股市==>  Program Start
2017-07-18 13:01:01Z Send 國際股市==>  Program END 

Create log file
2017-07-18 14:01:01Z Send 國際股市==>  Program Start
2017-07-18 14:01:01Z Send 國際股市==>  Program END 

Create log file
2017-07-18 15:01:01Z Send 國際股市==>  Program Start
2017-07-18 15:01:01Z Send 國際股市==>  Program END 

Create log file
2017-07-18 15:50:22Z option_insert_daily Program Start
2017-07-18 15:50:22Z option_insert_daily Program END 

Create log file
2017-07-18 15:55:17Z Send Option_OIV_daily Program Start
2017-07-18 15:55:17Z Send Option_OIV_daily Program END 

Create log file
2017-07-18 16:01:01Z Send 國際股市==>  Program Start
2017-07-18 16:01:01Z Send 國際股市==>  Program END 

Create log file
2017-07-18 17:01:01Z Send 國際股市==>  Program Start
2017-07-18 17:01:01Z Send 國際股市==>  Program END 

Create log file
2017-07-18 18:01:01Z Send 國際股市==>  Program Start
2017-07-18 18:01:01Z Send 國際股市==>  Program END 

Create log file
2017-07-18 18:01:37Z Send 國際股市==>  Program Start
2017-07-18 18:01:37Z Send 國際股市==>  Program END 

Create log file
2017-07-18 18:02:05Z Send 國際股市==>  Program Start
2017-07-18 18:02:05Z Send 國際股市==>  Program END 

Create log file
2017-07-18 18:02:33Z Send 國際股市==>  Program Start
2017-07-18 18:02:33Z Send 國際股市==>  Program END 

Create log file
2017-07-18 18:03:02Z Send 國際股市==>  Program Start
2017-07-18 18:03:02Z Send 國際股市==>  Program END 

Create log file
2017-07-18 19:01:05Z Send 國際股市==>  Program Start
2017-07-18 19:01:05Z Send 國際股市==>  Program END 

Create log file
2017-07-18 19:01:50Z Send 國際股市==>  Program Start
2017-07-18 19:01:50Z Send 國際股市==>  Program END 

Create log file
2017-07-18 19:02:21Z Send 國際股市==>  Program Start
2017-07-18 19:02:21Z Send 國際股市==>  Program END 

Create log file
2017-07-18 19:02:44Z Send 國際股市==>  Program Start
2017-07-18 19:02:44Z Send 國際股市==>  Program END 

Create log file
2017-07-18 19:03:11Z Send 國際股市==>  Program Start
2017-07-18 19:03:11Z Send 國際股市==>  Program END 

Create log file
2017-07-18 19:03:35Z Send 國際股市==>  Program Start
2017-07-18 19:03:35Z Send 國際股市==>  Program END 

Create log file
2017-07-18 19:04:04Z Send 國際股市==>  Program Start
2017-07-18 19:04:04Z Send 國際股市==>  Program END 

Create log file
2017-07-18 20:01:05Z Send 國際股市==>  Program Start
2017-07-18 20:01:05Z Send 國際股市==>  Program END 

Create log file
2017-07-18 20:20:13Z stock_data_insert_daily Program Start
2017-07-18 20:20:13Z stock_data_insert_daily Program END 

Create log file
2017-07-18 20:30:20Z Send 股市氣象台電子報-今日我最夯<==Strong_UP==>  Program Start
2017-07-18 20:30:20Z Send 股市氣象台電子報-今日我最夯<==Strong_UP==>  Program END 

Create log file
2017-07-18 21:01:01Z Send 國際股市==>  Program Start
2017-07-18 21:01:01Z Send 國際股市==>  Program END 

Create log file
2017-07-18 22:01:01Z Send 國際股市==>  Program Start
2017-07-18 22:01:01Z Send 國際股市==>  Program END 

Create log file
2017-07-18 22:01:41Z Send 國際股市==>  Program Start
2017-07-18 22:01:41Z Send 國際股市==>  Program END 

Create log file
2017-07-18 22:02:09Z Send 國際股市==>  Program Start
2017-07-18 22:02:09Z Send 國際股市==>  Program END 

Create log file
2017-07-18 23:01:04Z Send 國際股市==>  Program Start
2017-07-18 23:01:04Z Send 國際股市==>  Program END 

Create log file
2017-07-18 23:01:28Z Send 國際股市==>  Program Start
2017-07-18 23:01:28Z Send 國際股市==>  Program END 

