Create log file
2017-07-14 00:01:03Z Send 國際股市==>  Program Start
2017-07-14 00:01:03Z Send 國際股市==>  Program END 

Create log file
2017-07-14 01:01:03Z Send 國際股市==>  Program Start
2017-07-14 01:01:03Z Send 國際股市==>  Program END 

Create log file
2017-07-14 08:01:04Z Send 國際股市==>  Program Start
2017-07-14 08:01:04Z Send 國際股市==>  Program END 

Create log file
2017-07-14 08:01:40Z Send 國際股市==>  Program Start
2017-07-14 08:01:40Z Send 國際股市==>  Program END 

Create log file
2017-07-14 08:02:07Z Send 國際股市==>  Program Start
2017-07-14 08:02:07Z Send 國際股市==>  Program END 

Create log file
2017-07-14 08:02:37Z Send 國際股市==>  Program Start
2017-07-14 08:02:37Z Send 國際股市==>  Program END 

Create log file
2017-07-14 09:01:04Z Send 國際股市==>  Program Start
2017-07-14 09:01:04Z Send 國際股市==>  Program END 

Create log file
2017-07-14 10:01:03Z Send 國際股市==>  Program Start
2017-07-14 10:01:03Z Send 國際股市==>  Program END 

Create log file
2017-07-14 11:01:03Z Send 國際股市==>  Program Start
2017-07-14 11:01:03Z Send 國際股市==>  Program END 

Create log file
2017-07-14 12:01:03Z Send 國際股市==>  Program Start
2017-07-14 12:01:03Z Send 國際股市==>  Program END 

Create log file
2017-07-14 13:01:04Z Send 國際股市==>  Program Start
2017-07-14 13:01:04Z Send 國際股市==>  Program END 

Create log file
2017-07-14 14:01:03Z Send 國際股市==>  Program Start
2017-07-14 14:01:03Z Send 國際股市==>  Program END 

Create log file
2017-07-14 15:01:03Z Send 國際股市==>  Program Start
2017-07-14 15:01:03Z Send 國際股市==>  Program END 

Create log file
2017-07-14 15:50:19Z option_insert_daily Program Start
2017-07-14 15:50:19Z option_insert_daily Program END 

Create log file
2017-07-14 15:55:23Z Send Option_OIV_daily Program Start
2017-07-14 15:55:23Z Send Option_OIV_daily Program END 

Create log file
2017-07-14 16:01:04Z Send 國際股市==>  Program Start
2017-07-14 16:01:04Z Send 國際股市==>  Program END 

Create log file
2017-07-14 17:01:03Z Send 國際股市==>  Program Start
2017-07-14 17:01:03Z Send 國際股市==>  Program END 

Create log file
2017-07-14 18:01:03Z Send 國際股市==>  Program Start
2017-07-14 18:01:03Z Send 國際股市==>  Program END 

Create log file
2017-07-14 18:01:39Z Send 國際股市==>  Program Start
2017-07-14 18:01:39Z Send 國際股市==>  Program END 

Create log file
2017-07-14 18:02:06Z Send 國際股市==>  Program Start
2017-07-14 18:02:06Z Send 國際股市==>  Program END 

Create log file
2017-07-14 18:02:34Z Send 國際股市==>  Program Start
2017-07-14 18:02:34Z Send 國際股市==>  Program END 

Create log file
2017-07-14 18:03:03Z Send 國際股市==>  Program Start
2017-07-14 18:03:03Z Send 國際股市==>  Program END 

Create log file
2017-07-14 19:01:03Z Send 國際股市==>  Program Start
2017-07-14 19:01:03Z Send 國際股市==>  Program END 

Create log file
2017-07-14 19:01:39Z Send 國際股市==>  Program Start
2017-07-14 19:01:39Z Send 國際股市==>  Program END 

Create log file
2017-07-14 19:02:10Z Send 國際股市==>  Program Start
2017-07-14 19:02:10Z Send 國際股市==>  Program END 

Create log file
2017-07-14 19:02:34Z Send 國際股市==>  Program Start
2017-07-14 19:02:34Z Send 國際股市==>  Program END 

Create log file
2017-07-14 19:03:01Z Send 國際股市==>  Program Start
2017-07-14 19:03:01Z Send 國際股市==>  Program END 

Create log file
2017-07-14 19:03:25Z Send 國際股市==>  Program Start
2017-07-14 19:03:25Z Send 國際股市==>  Program END 

Create log file
2017-07-14 19:03:53Z Send 國際股市==>  Program Start
2017-07-14 19:03:53Z Send 國際股市==>  Program END 

Create log file
2017-07-14 20:01:01Z Send 國際股市==>  Program Start
2017-07-14 20:01:01Z Send 國際股市==>  Program END 

Create log file
2017-07-14 20:20:10Z stock_data_insert_daily Program Start
2017-07-14 20:20:10Z stock_data_insert_daily Program END 

Create log file
2017-07-14 20:30:17Z Send 股市氣象台電子報-今日我最夯<==Strong_UP==>  Program Start
2017-07-14 20:30:17Z Send 股市氣象台電子報-今日我最夯<==Strong_UP==>  Program END 

Create log file
2017-07-14 21:01:01Z Send 國際股市==>  Program Start
2017-07-14 21:01:01Z Send 國際股市==>  Program END 

Create log file
2017-07-14 22:01:04Z Send 國際股市==>  Program Start
2017-07-14 22:01:04Z Send 國際股市==>  Program END 

Create log file
2017-07-14 22:01:41Z Send 國際股市==>  Program Start
2017-07-14 22:01:41Z Send 國際股市==>  Program END 

Create log file
2017-07-14 22:02:09Z Send 國際股市==>  Program Start
2017-07-14 22:02:09Z Send 國際股市==>  Program END 

Create log file
2017-07-14 23:01:02Z Send 國際股市==>  Program Start
2017-07-14 23:01:02Z Send 國際股市==>  Program END 

Create log file
2017-07-14 23:01:37Z Send 國際股市==>  Program Start
2017-07-14 23:01:37Z Send 國際股市==>  Program END 

