Create log file
2017-07-17 08:01:07Z Send 國際股市==>  Program Start
2017-07-17 08:01:07Z Send 國際股市==>  Program END 

Create log file
2017-07-17 08:01:34Z Send 國際股市==>  Program Start
2017-07-17 08:01:34Z Send 國際股市==>  Program END 

Create log file
2017-07-17 08:02:02Z Send 國際股市==>  Program Start
2017-07-17 08:02:02Z Send 國際股市==>  Program END 

Create log file
2017-07-17 08:02:32Z Send 國際股市==>  Program Start
2017-07-17 08:02:32Z Send 國際股市==>  Program END 

Create log file
2017-07-17 09:01:05Z Send 國際股市==>  Program Start
2017-07-17 09:01:05Z Send 國際股市==>  Program END 

Create log file
2017-07-17 10:01:05Z Send 國際股市==>  Program Start
2017-07-17 10:01:05Z Send 國際股市==>  Program END 

Create log file
2017-07-17 11:01:04Z Send 國際股市==>  Program Start
2017-07-17 11:01:04Z Send 國際股市==>  Program END 

Create log file
2017-07-17 12:01:04Z Send 國際股市==>  Program Start
2017-07-17 12:01:04Z Send 國際股市==>  Program END 

Create log file
2017-07-17 13:01:04Z Send 國際股市==>  Program Start
2017-07-17 13:01:04Z Send 國際股市==>  Program END 

Create log file
2017-07-17 14:01:05Z Send 國際股市==>  Program Start
2017-07-17 14:01:05Z Send 國際股市==>  Program END 

Create log file
2017-07-17 15:01:04Z Send 國際股市==>  Program Start
2017-07-17 15:01:04Z Send 國際股市==>  Program END 

Create log file
2017-07-17 16:01:02Z Send 國際股市==>  Program Start
2017-07-17 16:01:02Z Send 國際股市==>  Program END 

Create log file
2017-07-17 17:01:01Z Send 國際股市==>  Program Start
2017-07-17 17:01:01Z Send 國際股市==>  Program END 

Create log file
2017-07-17 18:01:02Z Send 國際股市==>  Program Start
2017-07-17 18:01:02Z Send 國際股市==>  Program END 

Create log file
2017-07-17 19:01:02Z Send 國際股市==>  Program Start
2017-07-17 19:01:02Z Send 國際股市==>  Program END 

Create log file
2017-07-17 19:01:43Z Send 國際股市==>  Program Start
2017-07-17 19:01:43Z Send 國際股市==>  Program END 

Create log file
2017-07-17 19:02:13Z Send 國際股市==>  Program Start
2017-07-17 19:02:13Z Send 國際股市==>  Program END 

Create log file
2017-07-17 19:02:38Z Send 國際股市==>  Program Start
2017-07-17 19:02:38Z Send 國際股市==>  Program END 

Create log file
2017-07-17 19:03:04Z Send 國際股市==>  Program Start
2017-07-17 19:03:04Z Send 國際股市==>  Program END 

Create log file
2017-07-17 20:01:06Z Send 國際股市==>  Program Start
2017-07-17 20:01:06Z Send 國際股市==>  Program END 

Create log file
2017-07-17 20:20:10Z stock_data_insert_daily Program Start
2017-07-17 20:20:10Z stock_data_insert_daily Program END 

Create log file
2017-07-17 20:30:16Z Send 股市氣象台電子報-今日我最夯<==Strong_UP==>  Program Start
2017-07-17 20:30:16Z Send 股市氣象台電子報-今日我最夯<==Strong_UP==>  Program END 

Create log file
2017-07-17 20:33:09Z Query Stock_id is 2345 Program Start
2017-07-17 20:33:09Z Query Stock_id is 2345 Program END 

Create log file
2017-07-17 20:33:09Z Query Stock_id is 5014 Program Start
2017-07-17 20:33:09Z Query Stock_id is 5014 Program END 

Create log file
2017-07-17 20:33:09Z Query Stock_id is 2881 Program Start
2017-07-17 20:33:09Z Query Stock_id is 2881 Program END 

Create log file
2017-07-17 20:33:10Z Query Stock_id is 6176 Program Start
2017-07-17 20:33:10Z Query Stock_id is 6176 Program END 

Create log file
2017-07-17 20:33:10Z Query Stock_id is 2330 Program Start
2017-07-17 20:33:10Z Query Stock_id is 2330 Program END 

Create log file
2017-07-17 20:33:11Z Query Stock_id is 2882 Program Start
2017-07-17 20:33:11Z Query Stock_id is 2882 Program END 

Create log file
2017-07-17 20:33:11Z Query Stock_id is 2890 Program Start
2017-07-17 20:33:11Z Query Stock_id is 2890 Program END 

Create log file
2017-07-17 20:33:11Z Query Stock_id is 2303 Program Start
2017-07-17 20:33:11Z Query Stock_id is 2303 Program END 

Create log file
2017-07-17 20:33:12Z Query Stock_id is 2337 Program Start
2017-07-17 20:33:12Z Query Stock_id is 2337 Program END 

Create log file
2017-07-17 20:33:47Z Query Stock_id is 2345 Program Start
2017-07-17 20:33:47Z Query Stock_id is 2345 Program END 

Create log file
2017-07-17 20:33:48Z Query Stock_id is 5014 Program Start
2017-07-17 20:33:48Z Query Stock_id is 5014 Program END 

Create log file
2017-07-17 20:33:48Z Query Stock_id is 2881 Program Start
2017-07-17 20:33:48Z Query Stock_id is 2881 Program END 

Create log file
2017-07-17 20:33:49Z Query Stock_id is 6176 Program Start
2017-07-17 20:33:49Z Query Stock_id is 6176 Program END 

Create log file
2017-07-17 20:33:52Z Query Stock_id is 2330 Program Start
2017-07-17 20:33:52Z Query Stock_id is 2330 Program END 

Create log file
2017-07-17 20:33:52Z Query Stock_id is 2882 Program Start
2017-07-17 20:33:52Z Query Stock_id is 2882 Program END 

Create log file
2017-07-17 20:33:53Z Query Stock_id is 2890 Program Start
2017-07-17 20:33:53Z Query Stock_id is 2890 Program END 

Create log file
2017-07-17 20:33:53Z Query Stock_id is 2303 Program Start
2017-07-17 20:33:53Z Query Stock_id is 2303 Program END 

Create log file
2017-07-17 20:33:54Z Query Stock_id is 2337 Program Start
2017-07-17 20:33:54Z Query Stock_id is 2337 Program END 

Create log file
2017-07-17 21:01:02Z Send 國際股市==>  Program Start
2017-07-17 21:01:02Z Send 國際股市==>  Program END 

Create log file
2017-07-17 22:01:02Z Send 國際股市==>  Program Start
2017-07-17 22:01:02Z Send 國際股市==>  Program END 

Create log file
2017-07-17 22:01:37Z Send 國際股市==>  Program Start
2017-07-17 22:01:37Z Send 國際股市==>  Program END 

Create log file
2017-07-17 22:02:05Z Send 國際股市==>  Program Start
2017-07-17 22:02:05Z Send 國際股市==>  Program END 

Create log file
2017-07-17 23:01:01Z Send 國際股市==>  Program Start
2017-07-17 23:01:01Z Send 國際股市==>  Program END 

Create log file
2017-07-17 23:01:41Z Send 國際股市==>  Program Start
2017-07-17 23:01:41Z Send 國際股市==>  Program END 

