Create log file
2017-06-26 08:01:06Z Send 國際股市==>  Program Start
2017-06-26 08:01:06Z Send 國際股市==>  Program END 

Create log file
2017-06-26 08:01:31Z Send 國際股市==>  Program Start
2017-06-26 08:01:31Z Send 國際股市==>  Program END 

Create log file
2017-06-26 08:01:58Z Send 國際股市==>  Program Start
2017-06-26 08:01:58Z Send 國際股市==>  Program END 

Create log file
2017-06-26 08:02:26Z Send 國際股市==>  Program Start
2017-06-26 08:02:26Z Send 國際股市==>  Program END 

Create log file
2017-06-26 09:01:02Z Send 國際股市==>  Program Start
2017-06-26 09:01:02Z Send 國際股市==>  Program END 

Create log file
2017-06-26 10:01:03Z Send 國際股市==>  Program Start
2017-06-26 10:01:03Z Send 國際股市==>  Program END 

Create log file
2017-06-26 11:01:02Z Send 國際股市==>  Program Start
2017-06-26 11:01:02Z Send 國際股市==>  Program END 

Create log file
2017-06-26 12:01:02Z Send 國際股市==>  Program Start
2017-06-26 12:01:02Z Send 國際股市==>  Program END 

Create log file
2017-06-26 13:01:02Z Send 國際股市==>  Program Start
2017-06-26 13:01:02Z Send 國際股市==>  Program END 

Create log file
2017-06-26 14:01:02Z Send 國際股市==>  Program Start
2017-06-26 14:01:02Z Send 國際股市==>  Program END 

Create log file
2017-06-26 15:01:33Z Send 國際股市==>  Program Start
2017-06-26 15:01:33Z Send 國際股市==>  Program END 

Create log file
2017-06-26 15:50:24Z option_insert_daily Program Start
2017-06-26 15:50:24Z option_insert_daily Program END 

Create log file
2017-06-26 15:55:16Z Send Option_OIV_daily Program Start
2017-06-26 15:55:16Z Send Option_OIV_daily Program END 

Create log file
2017-06-26 16:01:02Z Send 國際股市==>  Program Start
2017-06-26 16:01:02Z Send 國際股市==>  Program END 

Create log file
2017-06-26 17:01:02Z Send 國際股市==>  Program Start
2017-06-26 17:01:02Z Send 國際股市==>  Program END 

Create log file
2017-06-26 18:01:02Z Send 國際股市==>  Program Start
2017-06-26 18:01:02Z Send 國際股市==>  Program END 

Create log file
2017-06-26 18:01:42Z Send 國際股市==>  Program Start
2017-06-26 18:01:42Z Send 國際股市==>  Program END 

Create log file
2017-06-26 18:02:08Z Send 國際股市==>  Program Start
2017-06-26 18:02:08Z Send 國際股市==>  Program END 

Create log file
2017-06-26 18:02:36Z Send 國際股市==>  Program Start
2017-06-26 18:02:36Z Send 國際股市==>  Program END 

Create log file
2017-06-26 18:03:04Z Send 國際股市==>  Program Start
2017-06-26 18:03:04Z Send 國際股市==>  Program END 

Create log file
2017-06-26 19:01:02Z Send 國際股市==>  Program Start
2017-06-26 19:01:02Z Send 國際股市==>  Program END 

Create log file
2017-06-26 19:01:39Z Send 國際股市==>  Program Start
2017-06-26 19:01:39Z Send 國際股市==>  Program END 

Create log file
2017-06-26 19:02:09Z Send 國際股市==>  Program Start
2017-06-26 19:02:09Z Send 國際股市==>  Program END 

Create log file
2017-06-26 19:02:33Z Send 國際股市==>  Program Start
2017-06-26 19:02:33Z Send 國際股市==>  Program END 

Create log file
2017-06-26 19:03:00Z Send 國際股市==>  Program Start
2017-06-26 19:03:00Z Send 國際股市==>  Program END 

Create log file
2017-06-26 19:03:24Z Send 國際股市==>  Program Start
2017-06-26 19:03:24Z Send 國際股市==>  Program END 

Create log file
2017-06-26 19:03:52Z Send 國際股市==>  Program Start
2017-06-26 19:03:52Z Send 國際股市==>  Program END 

Create log file
2017-06-26 20:01:03Z Send 國際股市==>  Program Start
2017-06-26 20:01:03Z Send 國際股市==>  Program END 

Create log file
2017-06-26 20:20:10Z stock_data_insert_daily Program Start
2017-06-26 20:20:10Z stock_data_insert_daily Program END 

Create log file
2017-06-26 20:30:12Z Send 股市氣象台電子報-今日我最夯<==Strong_UP==>  Program Start
2017-06-26 20:30:12Z Send 股市氣象台電子報-今日我最夯<==Strong_UP==>  Program END 

Create log file
2017-06-26 21:01:03Z Send 國際股市==>  Program Start
2017-06-26 21:01:03Z Send 國際股市==>  Program END 

Create log file
2017-06-26 22:01:03Z Send 國際股市==>  Program Start
2017-06-26 22:01:03Z Send 國際股市==>  Program END 

Create log file
2017-06-26 22:01:39Z Send 國際股市==>  Program Start
2017-06-26 22:01:39Z Send 國際股市==>  Program END 

Create log file
2017-06-26 22:02:07Z Send 國際股市==>  Program Start
2017-06-26 22:02:07Z Send 國際股市==>  Program END 

Create log file
2017-06-26 23:01:03Z Send 國際股市==>  Program Start
2017-06-26 23:01:03Z Send 國際股市==>  Program END 

Create log file
2017-06-26 23:01:41Z Send 國際股市==>  Program Start
2017-06-26 23:01:41Z Send 國際股市==>  Program END 

