Create log file
2017-09-28 00:01:05Z Send 國際股市==>  Program Start
2017-09-28 00:01:05Z Send 國際股市==>  Program END 

Create log file
2017-09-28 01:01:05Z Send 國際股市==>  Program Start
2017-09-28 01:01:05Z Send 國際股市==>  Program END 

Create log file
2017-09-28 08:01:06Z Send 國際股市==>  Program Start
2017-09-28 08:01:06Z Send 國際股市==>  Program END 

Create log file
2017-09-28 08:01:42Z Send 國際股市==>  Program Start
2017-09-28 08:01:42Z Send 國際股市==>  Program END 

Create log file
2017-09-28 08:02:09Z Send 國際股市==>  Program Start
2017-09-28 08:02:09Z Send 國際股市==>  Program END 

Create log file
2017-09-28 08:02:38Z Send 國際股市==>  Program Start
2017-09-28 08:02:38Z Send 國際股市==>  Program END 

Create log file
2017-09-28 09:01:06Z Send 國際股市==>  Program Start
2017-09-28 09:01:06Z Send 國際股市==>  Program END 

Create log file
2017-09-28 10:01:05Z Send 國際股市==>  Program Start
2017-09-28 10:01:05Z Send 國際股市==>  Program END 

Create log file
2017-09-28 11:01:05Z Send 國際股市==>  Program Start
2017-09-28 11:01:05Z Send 國際股市==>  Program END 

Create log file
2017-09-28 12:01:06Z Send 國際股市==>  Program Start
2017-09-28 12:01:06Z Send 國際股市==>  Program END 

Create log file
2017-09-28 13:01:06Z Send 國際股市==>  Program Start
2017-09-28 13:01:06Z Send 國際股市==>  Program END 

Create log file
2017-09-28 14:01:06Z Send 國際股市==>  Program Start
2017-09-28 14:01:06Z Send 國際股市==>  Program END 

Create log file
2017-09-28 15:01:05Z Send 國際股市==>  Program Start
2017-09-28 15:01:05Z Send 國際股市==>  Program END 

Create log file
2017-09-28 15:50:23Z option_insert_daily Program Start
2017-09-28 15:50:23Z option_insert_daily Program END 

Create log file
2017-09-28 15:55:27Z Send Option_OIV_daily Program Start
2017-09-28 15:55:27Z Send Option_OIV_daily Program END 

Create log file
2017-09-28 16:01:06Z Send 國際股市==>  Program Start
2017-09-28 16:01:06Z Send 國際股市==>  Program END 

Create log file
2017-09-28 17:01:05Z Send 國際股市==>  Program Start
2017-09-28 17:01:05Z Send 國際股市==>  Program END 

Create log file
2017-09-28 18:01:06Z Send 國際股市==>  Program Start
2017-09-28 18:01:06Z Send 國際股市==>  Program END 

Create log file
2017-09-28 18:01:42Z Send 國際股市==>  Program Start
2017-09-28 18:01:42Z Send 國際股市==>  Program END 

Create log file
2017-09-28 18:02:07Z Send 國際股市==>  Program Start
2017-09-28 18:02:07Z Send 國際股市==>  Program END 

Create log file
2017-09-28 18:02:34Z Send 國際股市==>  Program Start
2017-09-28 18:02:34Z Send 國際股市==>  Program END 

Create log file
2017-09-28 18:02:57Z Send 國際股市==>  Program Start
2017-09-28 18:02:57Z Send 國際股市==>  Program END 

Create log file
2017-09-28 19:01:06Z Send 國際股市==>  Program Start
2017-09-28 19:01:06Z Send 國際股市==>  Program END 

Create log file
2017-09-28 19:01:41Z Send 國際股市==>  Program Start
2017-09-28 19:01:41Z Send 國際股市==>  Program END 

Create log file
2017-09-28 19:02:05Z Send 國際股市==>  Program Start
2017-09-28 19:02:05Z Send 國際股市==>  Program END 

Create log file
2017-09-28 19:02:27Z Send 國際股市==>  Program Start
2017-09-28 19:02:27Z Send 國際股市==>  Program END 

Create log file
2017-09-28 19:02:53Z Send 國際股市==>  Program Start
2017-09-28 19:02:53Z Send 國際股市==>  Program END 

Create log file
2017-09-28 19:03:17Z Send 國際股市==>  Program Start
2017-09-28 19:03:17Z Send 國際股市==>  Program END 

Create log file
2017-09-28 19:03:47Z Send 國際股市==>  Program Start
2017-09-28 19:03:47Z Send 國際股市==>  Program END 

Create log file
2017-09-28 20:01:05Z Send 國際股市==>  Program Start
2017-09-28 20:01:05Z Send 國際股市==>  Program END 

Create log file
2017-09-28 21:01:06Z Send 國際股市==>  Program Start
2017-09-28 21:01:06Z Send 國際股市==>  Program END 

Create log file
2017-09-28 22:01:02Z Send 國際股市==>  Program Start
2017-09-28 22:01:02Z Send 國際股市==>  Program END 

Create log file
2017-09-28 22:01:40Z Send 國際股市==>  Program Start
2017-09-28 22:01:40Z Send 國際股市==>  Program END 

Create log file
2017-09-28 22:02:06Z Send 國際股市==>  Program Start
2017-09-28 22:02:06Z Send 國際股市==>  Program END 

Create log file
2017-09-28 23:01:02Z Send 國際股市==>  Program Start
2017-09-28 23:01:02Z Send 國際股市==>  Program END 

Create log file
2017-09-28 23:01:39Z Send 國際股市==>  Program Start
2017-09-28 23:01:39Z Send 國際股市==>  Program END 

