Create log file
2017-07-13 00:01:04Z Send 國際股市==>  Program Start
2017-07-13 00:01:04Z Send 國際股市==>  Program END 

Create log file
2017-07-13 01:01:03Z Send 國際股市==>  Program Start
2017-07-13 01:01:03Z Send 國際股市==>  Program END 

Create log file
2017-07-13 08:01:03Z Send 國際股市==>  Program Start
2017-07-13 08:01:03Z Send 國際股市==>  Program END 

Create log file
2017-07-13 08:01:28Z Send 國際股市==>  Program Start
2017-07-13 08:01:28Z Send 國際股市==>  Program END 

Create log file
2017-07-13 08:01:55Z Send 國際股市==>  Program Start
2017-07-13 08:01:55Z Send 國際股市==>  Program END 

Create log file
2017-07-13 08:02:25Z Send 國際股市==>  Program Start
2017-07-13 08:02:25Z Send 國際股市==>  Program END 

Create log file
2017-07-13 09:01:03Z Send 國際股市==>  Program Start
2017-07-13 09:01:03Z Send 國際股市==>  Program END 

Create log file
2017-07-13 10:01:03Z Send 國際股市==>  Program Start
2017-07-13 10:01:03Z Send 國際股市==>  Program END 

Create log file
2017-07-13 11:01:04Z Send 國際股市==>  Program Start
2017-07-13 11:01:04Z Send 國際股市==>  Program END 

Create log file
2017-07-13 12:01:03Z Send 國際股市==>  Program Start
2017-07-13 12:01:03Z Send 國際股市==>  Program END 

Create log file
2017-07-13 13:01:03Z Send 國際股市==>  Program Start
2017-07-13 13:01:03Z Send 國際股市==>  Program END 

Create log file
2017-07-13 14:01:02Z Send 國際股市==>  Program Start
2017-07-13 14:01:02Z Send 國際股市==>  Program END 

Create log file
2017-07-13 15:01:03Z Send 國際股市==>  Program Start
2017-07-13 15:01:03Z Send 國際股市==>  Program END 

Create log file
2017-07-13 15:50:17Z option_insert_daily Program Start
2017-07-13 15:50:17Z option_insert_daily Program END 

Create log file
2017-07-13 15:55:23Z Send Option_OIV_daily Program Start
2017-07-13 15:55:23Z Send Option_OIV_daily Program END 

Create log file
2017-07-13 16:01:04Z Send 國際股市==>  Program Start
2017-07-13 16:01:04Z Send 國際股市==>  Program END 

Create log file
2017-07-13 17:01:04Z Send 國際股市==>  Program Start
2017-07-13 17:01:04Z Send 國際股市==>  Program END 

Create log file
2017-07-13 18:01:03Z Send 國際股市==>  Program Start
2017-07-13 18:01:03Z Send 國際股市==>  Program END 

Create log file
2017-07-13 18:01:40Z Send 國際股市==>  Program Start
2017-07-13 18:01:40Z Send 國際股市==>  Program END 

Create log file
2017-07-13 18:02:07Z Send 國際股市==>  Program Start
2017-07-13 18:02:07Z Send 國際股市==>  Program END 

Create log file
2017-07-13 18:02:35Z Send 國際股市==>  Program Start
2017-07-13 18:02:35Z Send 國際股市==>  Program END 

Create log file
2017-07-13 18:03:03Z Send 國際股市==>  Program Start
2017-07-13 18:03:03Z Send 國際股市==>  Program END 

Create log file
2017-07-13 19:01:03Z Send 國際股市==>  Program Start
2017-07-13 19:01:03Z Send 國際股市==>  Program END 

Create log file
2017-07-13 19:01:39Z Send 國際股市==>  Program Start
2017-07-13 19:01:39Z Send 國際股市==>  Program END 

Create log file
2017-07-13 19:02:10Z Send 國際股市==>  Program Start
2017-07-13 19:02:10Z Send 國際股市==>  Program END 

Create log file
2017-07-13 19:02:33Z Send 國際股市==>  Program Start
2017-07-13 19:02:33Z Send 國際股市==>  Program END 

Create log file
2017-07-13 19:02:59Z Send 國際股市==>  Program Start
2017-07-13 19:02:59Z Send 國際股市==>  Program END 

Create log file
2017-07-13 19:03:24Z Send 國際股市==>  Program Start
2017-07-13 19:03:24Z Send 國際股市==>  Program END 

Create log file
2017-07-13 19:03:52Z Send 國際股市==>  Program Start
2017-07-13 19:03:52Z Send 國際股市==>  Program END 

Create log file
2017-07-13 20:01:02Z Send 國際股市==>  Program Start
2017-07-13 20:01:02Z Send 國際股市==>  Program END 

Create log file
2017-07-13 20:20:12Z stock_data_insert_daily Program Start
2017-07-13 20:20:12Z stock_data_insert_daily Program END 

Create log file
2017-07-13 20:30:17Z Send 股市氣象台電子報-今日我最夯<==Strong_UP==>  Program Start
2017-07-13 20:30:17Z Send 股市氣象台電子報-今日我最夯<==Strong_UP==>  Program END 

Create log file
2017-07-13 21:01:03Z Send 國際股市==>  Program Start
2017-07-13 21:01:03Z Send 國際股市==>  Program END 

Create log file
2017-07-13 22:01:01Z Send 國際股市==>  Program Start
2017-07-13 22:01:01Z Send 國際股市==>  Program END 

Create log file
2017-07-13 22:01:26Z Send 國際股市==>  Program Start
2017-07-13 22:01:26Z Send 國際股市==>  Program END 

Create log file
2017-07-13 22:01:54Z Send 國際股市==>  Program Start
2017-07-13 22:01:54Z Send 國際股市==>  Program END 

Create log file
2017-07-13 23:01:03Z Send 國際股市==>  Program Start
2017-07-13 23:01:03Z Send 國際股市==>  Program END 

Create log file
2017-07-13 23:01:40Z Send 國際股市==>  Program Start
2017-07-13 23:01:40Z Send 國際股市==>  Program END 

