Create log file
2017-06-23 00:01:06Z Send 國際股市==>  Program Start
2017-06-23 00:01:06Z Send 國際股市==>  Program END 

Create log file
2017-06-23 01:01:02Z Send 國際股市==>  Program Start
2017-06-23 01:01:02Z Send 國際股市==>  Program END 

Create log file
2017-06-23 08:01:01Z Send 國際股市==>  Program Start
2017-06-23 08:01:01Z Send 國際股市==>  Program END 

Create log file
2017-06-23 08:01:36Z Send 國際股市==>  Program Start
2017-06-23 08:01:36Z Send 國際股市==>  Program END 

Create log file
2017-06-23 08:02:04Z Send 國際股市==>  Program Start
2017-06-23 08:02:04Z Send 國際股市==>  Program END 

Create log file
2017-06-23 08:02:32Z Send 國際股市==>  Program Start
2017-06-23 08:02:32Z Send 國際股市==>  Program END 

Create log file
2017-06-23 09:01:01Z Send 國際股市==>  Program Start
2017-06-23 09:01:01Z Send 國際股市==>  Program END 

Create log file
2017-06-23 10:01:01Z Send 國際股市==>  Program Start
2017-06-23 10:01:01Z Send 國際股市==>  Program END 

Create log file
2017-06-23 11:01:01Z Send 國際股市==>  Program Start
2017-06-23 11:01:01Z Send 國際股市==>  Program END 

Create log file
2017-06-23 12:01:01Z Send 國際股市==>  Program Start
2017-06-23 12:01:01Z Send 國際股市==>  Program END 

Create log file
2017-06-23 12:04:21Z Query Stock_id is 2345 Program Start
2017-06-23 12:04:21Z Query Stock_id is 2345 Program END 

Create log file
2017-06-23 12:04:21Z Query Stock_id is 2890 Program Start
2017-06-23 12:04:21Z Query Stock_id is 2890 Program END 

Create log file
2017-06-23 12:04:22Z Query Stock_id is 2610 Program Start
2017-06-23 12:04:22Z Query Stock_id is 2610 Program END 

Create log file
2017-06-23 12:04:27Z Query Stock_id is 6269 Program Start
2017-06-23 12:04:27Z Query Stock_id is 6269 Program END 

Create log file
2017-06-23 12:04:28Z Query Stock_id is 2330 Program Start
2017-06-23 12:04:28Z Query Stock_id is 2330 Program END 

Create log file
2017-06-23 12:04:28Z Query Stock_id is 6488 Program Start
2017-06-23 12:04:28Z Query Stock_id is 6488 Program END 

Create log file
2017-06-23 12:04:28Z Query Stock_id is 2882 Program Start
2017-06-23 12:04:28Z Query Stock_id is 2882 Program END 

Create log file
2017-06-23 12:04:29Z Query Stock_id is 2303 Program Start
2017-06-23 12:04:29Z Query Stock_id is 2303 Program END 

Create log file
2017-06-23 12:04:29Z Query Stock_id is 2881 Program Start
2017-06-23 12:04:29Z Query Stock_id is 2881 Program END 

Create log file
2017-06-23 12:04:30Z Query Stock_id is 2337 Program Start
2017-06-23 12:04:30Z Query Stock_id is 2337 Program END 

Create log file
2017-06-23 13:01:01Z Send 國際股市==>  Program Start
2017-06-23 13:01:01Z Send 國際股市==>  Program END 

Create log file
2017-06-23 14:01:01Z Send 國際股市==>  Program Start
2017-06-23 14:01:01Z Send 國際股市==>  Program END 

Create log file
2017-06-23 15:01:01Z Send 國際股市==>  Program Start
2017-06-23 15:01:01Z Send 國際股市==>  Program END 

Create log file
2017-06-23 15:50:21Z option_insert_daily Program Start
2017-06-23 15:50:21Z option_insert_daily Program END 

Create log file
2017-06-23 16:01:01Z Send 國際股市==>  Program Start
2017-06-23 16:01:01Z Send 國際股市==>  Program END 

Create log file
2017-06-23 17:01:01Z Send 國際股市==>  Program Start
2017-06-23 17:01:01Z Send 國際股市==>  Program END 

Create log file
2017-06-23 18:01:01Z Send 國際股市==>  Program Start
2017-06-23 18:01:01Z Send 國際股市==>  Program END 

Create log file
2017-06-23 18:01:37Z Send 國際股市==>  Program Start
2017-06-23 18:01:37Z Send 國際股市==>  Program END 

Create log file
2017-06-23 18:02:04Z Send 國際股市==>  Program Start
2017-06-23 18:02:04Z Send 國際股市==>  Program END 

Create log file
2017-06-23 18:02:33Z Send 國際股市==>  Program Start
2017-06-23 18:02:33Z Send 國際股市==>  Program END 

Create log file
2017-06-23 18:03:02Z Send 國際股市==>  Program Start
2017-06-23 18:03:02Z Send 國際股市==>  Program END 

Create log file
2017-06-23 18:11:59Z Query Stock_id is 2345 Program Start
2017-06-23 18:11:59Z Query Stock_id is 2345 Program END 

Create log file
2017-06-23 18:11:59Z Query Stock_id is 2890 Program Start
2017-06-23 18:11:59Z Query Stock_id is 2890 Program END 

Create log file
2017-06-23 18:12:00Z Query Stock_id is 2610 Program Start
2017-06-23 18:12:00Z Query Stock_id is 2610 Program END 

Create log file
2017-06-23 18:12:00Z Query Stock_id is 6269 Program Start
2017-06-23 18:12:00Z Query Stock_id is 6269 Program END 

Create log file
2017-06-23 18:12:01Z Query Stock_id is 2330 Program Start
2017-06-23 18:12:01Z Query Stock_id is 2330 Program END 

Create log file
2017-06-23 18:12:01Z Query Stock_id is 6488 Program Start
2017-06-23 18:12:01Z Query Stock_id is 6488 Program END 

Create log file
2017-06-23 18:12:01Z Query Stock_id is 2882 Program Start
2017-06-23 18:12:01Z Query Stock_id is 2882 Program END 

Create log file
2017-06-23 18:12:02Z Query Stock_id is 2303 Program Start
2017-06-23 18:12:02Z Query Stock_id is 2303 Program END 

Create log file
2017-06-23 18:12:03Z Query Stock_id is 2881 Program Start
2017-06-23 18:12:03Z Query Stock_id is 2881 Program END 

Create log file
2017-06-23 18:12:03Z Query Stock_id is 2337 Program Start
2017-06-23 18:12:03Z Query Stock_id is 2337 Program END 

Create log file
2017-06-23 19:01:01Z Send 國際股市==>  Program Start
2017-06-23 19:01:01Z Send 國際股市==>  Program END 

Create log file
2017-06-23 19:01:37Z Send 國際股市==>  Program Start
2017-06-23 19:01:37Z Send 國際股市==>  Program END 

Create log file
2017-06-23 19:02:08Z Send 國際股市==>  Program Start
2017-06-23 19:02:08Z Send 國際股市==>  Program END 

Create log file
2017-06-23 19:02:31Z Send 國際股市==>  Program Start
2017-06-23 19:02:31Z Send 國際股市==>  Program END 

Create log file
2017-06-23 19:02:58Z Send 國際股市==>  Program Start
2017-06-23 19:02:58Z Send 國際股市==>  Program END 

Create log file
2017-06-23 19:03:22Z Send 國際股市==>  Program Start
2017-06-23 19:03:22Z Send 國際股市==>  Program END 

Create log file
2017-06-23 19:03:51Z Send 國際股市==>  Program Start
2017-06-23 19:03:51Z Send 國際股市==>  Program END 

Create log file
2017-06-23 20:01:01Z Send 國際股市==>  Program Start
2017-06-23 20:01:01Z Send 國際股市==>  Program END 

Create log file
2017-06-23 20:20:09Z stock_data_insert_daily Program Start
2017-06-23 20:20:09Z stock_data_insert_daily Program END 

Create log file
2017-06-23 20:30:12Z Send 股市氣象台電子報-今日我最夯<==Strong_UP==>  Program Start
2017-06-23 20:30:12Z Send 股市氣象台電子報-今日我最夯<==Strong_UP==>  Program END 

Create log file
2017-06-23 21:01:01Z Send 國際股市==>  Program Start
2017-06-23 21:01:01Z Send 國際股市==>  Program END 

Create log file
2017-06-23 22:01:02Z Send 國際股市==>  Program Start
2017-06-23 22:01:02Z Send 國際股市==>  Program END 

Create log file
2017-06-23 22:01:39Z Send 國際股市==>  Program Start
2017-06-23 22:01:39Z Send 國際股市==>  Program END 

Create log file
2017-06-23 22:02:08Z Send 國際股市==>  Program Start
2017-06-23 22:02:08Z Send 國際股市==>  Program END 

Create log file
2017-06-23 23:01:01Z Send 國際股市==>  Program Start
2017-06-23 23:01:01Z Send 國際股市==>  Program END 

Create log file
2017-06-23 23:01:38Z Send 國際股市==>  Program Start
2017-06-23 23:01:38Z Send 國際股市==>  Program END 

