Create log file
2017-06-21 00:01:02Z Send 國際股市==>  Program Start
2017-06-21 00:01:02Z Send 國際股市==>  Program END 

Create log file
2017-06-21 01:01:02Z Send 國際股市==>  Program Start
2017-06-21 01:01:02Z Send 國際股市==>  Program END 

Create log file
2017-06-21 08:01:02Z Send 國際股市==>  Program Start
2017-06-21 08:01:02Z Send 國際股市==>  Program END 

Create log file
2017-06-21 08:01:27Z Send 國際股市==>  Program Start
2017-06-21 08:01:27Z Send 國際股市==>  Program END 

Create log file
2017-06-21 08:01:55Z Send 國際股市==>  Program Start
2017-06-21 08:01:55Z Send 國際股市==>  Program END 

Create log file
2017-06-21 08:02:23Z Send 國際股市==>  Program Start
2017-06-21 08:02:23Z Send 國際股市==>  Program END 

Create log file
2017-06-21 09:01:02Z Send 國際股市==>  Program Start
2017-06-21 09:01:02Z Send 國際股市==>  Program END 

Create log file
2017-06-21 10:01:02Z Send 國際股市==>  Program Start
2017-06-21 10:01:02Z Send 國際股市==>  Program END 

Create log file
2017-06-21 10:26:35Z Query Stock_id is 4938 Program Start
2017-06-21 10:26:35Z Query Stock_id is 4938 Program END 

Create log file
2017-06-21 10:26:35Z Query Stock_id is 2330 Program Start
2017-06-21 10:26:35Z Query Stock_id is 2330 Program END 

Create log file
2017-06-21 10:26:36Z Query Stock_id is 2881 Program Start
2017-06-21 10:26:36Z Query Stock_id is 2881 Program END 

Create log file
2017-06-21 10:26:36Z Query Stock_id is 2882 Program Start
2017-06-21 10:26:36Z Query Stock_id is 2882 Program END 

Create log file
2017-06-21 10:26:37Z Query Stock_id is 2474 Program Start
2017-06-21 10:26:37Z Query Stock_id is 2474 Program END 

Create log file
2017-06-21 10:26:37Z Query Stock_id is 2303 Program Start
2017-06-21 10:26:37Z Query Stock_id is 2303 Program END 

Create log file
2017-06-21 10:26:37Z Query Stock_id is 2610 Program Start
2017-06-21 10:26:37Z Query Stock_id is 2610 Program END 

Create log file
2017-06-21 10:26:38Z Query Stock_id is 6176 Program Start
2017-06-21 10:26:38Z Query Stock_id is 6176 Program END 

Create log file
2017-06-21 10:26:38Z Query Stock_id is 6488 Program Start
2017-06-21 10:26:38Z Query Stock_id is 6488 Program END 

Create log file
2017-06-21 10:26:39Z Query Stock_id is 2890 Program Start
2017-06-21 10:26:39Z Query Stock_id is 2890 Program END 

Create log file
2017-06-21 10:26:39Z Query Stock_id is 2337 Program Start
2017-06-21 10:26:39Z Query Stock_id is 2337 Program END 

Create log file
2017-06-21 11:01:02Z Send 國際股市==>  Program Start
2017-06-21 11:01:02Z Send 國際股市==>  Program END 

Create log file
2017-06-21 12:01:02Z Send 國際股市==>  Program Start
2017-06-21 12:01:02Z Send 國際股市==>  Program END 

Create log file
2017-06-21 13:01:02Z Send 國際股市==>  Program Start
2017-06-21 13:01:02Z Send 國際股市==>  Program END 

Create log file
2017-06-21 14:01:02Z Send 國際股市==>  Program Start
2017-06-21 14:01:02Z Send 國際股市==>  Program END 

Create log file
2017-06-21 15:01:02Z Send 國際股市==>  Program Start
2017-06-21 15:01:02Z Send 國際股市==>  Program END 

Create log file
2017-06-21 15:50:20Z option_insert_daily Program Start
2017-06-21 15:50:20Z option_insert_daily Program END 

Create log file
2017-06-21 15:55:21Z Send Option_OIV_daily Program Start
2017-06-21 15:55:21Z Send Option_OIV_daily Program END 

Create log file
2017-06-21 16:01:02Z Send 國際股市==>  Program Start
2017-06-21 16:01:02Z Send 國際股市==>  Program END 

Create log file
2017-06-21 17:01:02Z Send 國際股市==>  Program Start
2017-06-21 17:01:02Z Send 國際股市==>  Program END 

Create log file
2017-06-21 18:01:03Z Send 國際股市==>  Program Start
2017-06-21 18:01:03Z Send 國際股市==>  Program END 

Create log file
2017-06-21 18:01:39Z Send 國際股市==>  Program Start
2017-06-21 18:01:39Z Send 國際股市==>  Program END 

Create log file
2017-06-21 18:02:05Z Send 國際股市==>  Program Start
2017-06-21 18:02:05Z Send 國際股市==>  Program END 

Create log file
2017-06-21 18:02:35Z Send 國際股市==>  Program Start
2017-06-21 18:02:35Z Send 國際股市==>  Program END 

Create log file
2017-06-21 18:03:04Z Send 國際股市==>  Program Start
2017-06-21 18:03:04Z Send 國際股市==>  Program END 

Create log file
2017-06-21 19:01:02Z Send 國際股市==>  Program Start
2017-06-21 19:01:02Z Send 國際股市==>  Program END 

Create log file
2017-06-21 19:01:38Z Send 國際股市==>  Program Start
2017-06-21 19:01:38Z Send 國際股市==>  Program END 

Create log file
2017-06-21 19:02:09Z Send 國際股市==>  Program Start
2017-06-21 19:02:09Z Send 國際股市==>  Program END 

Create log file
2017-06-21 19:02:32Z Send 國際股市==>  Program Start
2017-06-21 19:02:32Z Send 國際股市==>  Program END 

Create log file
2017-06-21 19:02:59Z Send 國際股市==>  Program Start
2017-06-21 19:02:59Z Send 國際股市==>  Program END 

Create log file
2017-06-21 19:03:24Z Send 國際股市==>  Program Start
2017-06-21 19:03:24Z Send 國際股市==>  Program END 

Create log file
2017-06-21 19:03:52Z Send 國際股市==>  Program Start
2017-06-21 19:03:52Z Send 國際股市==>  Program END 

Create log file
2017-06-21 20:01:02Z Send 國際股市==>  Program Start
2017-06-21 20:01:02Z Send 國際股市==>  Program END 

Create log file
2017-06-21 20:20:08Z stock_data_insert_daily Program Start
2017-06-21 20:20:08Z stock_data_insert_daily Program END 

Create log file
2017-06-21 20:30:11Z Send 股市氣象台電子報-今日我最夯<==Strong_UP==>  Program Start
2017-06-21 20:30:11Z Send 股市氣象台電子報-今日我最夯<==Strong_UP==>  Program END 

Create log file
2017-06-21 21:01:02Z Send 國際股市==>  Program Start
2017-06-21 21:01:02Z Send 國際股市==>  Program END 

Create log file
2017-06-21 22:01:02Z Send 國際股市==>  Program Start
2017-06-21 22:01:02Z Send 國際股市==>  Program END 

Create log file
2017-06-21 22:01:38Z Send 國際股市==>  Program Start
2017-06-21 22:01:38Z Send 國際股市==>  Program END 

Create log file
2017-06-21 22:02:08Z Send 國際股市==>  Program Start
2017-06-21 22:02:08Z Send 國際股市==>  Program END 

Create log file
2017-06-21 23:01:02Z Send 國際股市==>  Program Start
2017-06-21 23:01:02Z Send 國際股市==>  Program END 

Create log file
2017-06-21 23:01:38Z Send 國際股市==>  Program Start
2017-06-21 23:01:38Z Send 國際股市==>  Program END 

