Create log file
2017-06-13 00:01:02Z Send 國際股市==>  Program Start
2017-06-13 00:01:02Z Send 國際股市==>  Program END 

Create log file
2017-06-13 01:01:03Z Send 國際股市==>  Program Start
2017-06-13 01:01:03Z Send 國際股市==>  Program END 

Create log file
2017-06-13 08:01:02Z Send 國際股市==>  Program Start
2017-06-13 08:01:02Z Send 國際股市==>  Program END 

Create log file
2017-06-13 08:01:27Z Send 國際股市==>  Program Start
2017-06-13 08:01:27Z Send 國際股市==>  Program END 

Create log file
2017-06-13 08:01:49Z Send 國際股市==>  Program Start
2017-06-13 08:01:49Z Send 國際股市==>  Program END 

Create log file
2017-06-13 08:02:11Z Send 國際股市==>  Program Start
2017-06-13 08:02:11Z Send 國際股市==>  Program END 

Create log file
2017-06-13 09:01:03Z Send 國際股市==>  Program Start
2017-06-13 09:01:03Z Send 國際股市==>  Program END 

Create log file
2017-06-13 10:01:02Z Send 國際股市==>  Program Start
2017-06-13 10:01:02Z Send 國際股市==>  Program END 

Create log file
2017-06-13 11:01:02Z Send 國際股市==>  Program Start
2017-06-13 11:01:02Z Send 國際股市==>  Program END 

Create log file
2017-06-13 12:01:03Z Send 國際股市==>  Program Start
2017-06-13 12:01:03Z Send 國際股市==>  Program END 

Create log file
2017-06-13 13:01:02Z Send 國際股市==>  Program Start
2017-06-13 13:01:02Z Send 國際股市==>  Program END 

Create log file
2017-06-13 14:01:02Z Send 國際股市==>  Program Start
2017-06-13 14:01:02Z Send 國際股市==>  Program END 

Create log file
2017-06-13 15:01:06Z Send 國際股市==>  Program Start
2017-06-13 15:01:06Z Send 國際股市==>  Program END 

Create log file
2017-06-13 15:50:22Z option_insert_daily Program Start
2017-06-13 15:50:22Z option_insert_daily Program END 

Create log file
2017-06-13 15:55:15Z Send Option_OIV_daily Program Start
2017-06-13 15:55:15Z Send Option_OIV_daily Program END 

Create log file
2017-06-13 16:01:02Z Send 國際股市==>  Program Start
2017-06-13 16:01:02Z Send 國際股市==>  Program END 

Create log file
2017-06-13 17:01:02Z Send 國際股市==>  Program Start
2017-06-13 17:01:02Z Send 國際股市==>  Program END 

Create log file
2017-06-13 18:01:02Z Send 國際股市==>  Program Start
2017-06-13 18:01:02Z Send 國際股市==>  Program END 

Create log file
2017-06-13 18:01:29Z Send 國際股市==>  Program Start
2017-06-13 18:01:29Z Send 國際股市==>  Program END 

Create log file
2017-06-13 18:01:51Z Send 國際股市==>  Program Start
2017-06-13 18:01:51Z Send 國際股市==>  Program END 

Create log file
2017-06-13 18:02:13Z Send 國際股市==>  Program Start
2017-06-13 18:02:13Z Send 國際股市==>  Program END 

Create log file
2017-06-13 18:02:35Z Send 國際股市==>  Program Start
2017-06-13 18:02:35Z Send 國際股市==>  Program END 

Create log file
2017-06-13 19:01:03Z Send 國際股市==>  Program Start
2017-06-13 19:01:03Z Send 國際股市==>  Program END 

Create log file
2017-06-13 19:01:32Z Send 國際股市==>  Program Start
2017-06-13 19:01:32Z Send 國際股市==>  Program END 

Create log file
2017-06-13 19:01:59Z Send 國際股市==>  Program Start
2017-06-13 19:01:59Z Send 國際股市==>  Program END 

Create log file
2017-06-13 19:02:19Z Send 國際股市==>  Program Start
2017-06-13 19:02:19Z Send 國際股市==>  Program END 

Create log file
2017-06-13 19:02:44Z Send 國際股市==>  Program Start
2017-06-13 19:02:44Z Send 國際股市==>  Program END 

Create log file
2017-06-13 19:03:04Z Send 國際股市==>  Program Start
2017-06-13 19:03:04Z Send 國際股市==>  Program END 

Create log file
2017-06-13 19:03:27Z Send 國際股市==>  Program Start
2017-06-13 19:03:27Z Send 國際股市==>  Program END 

Create log file
2017-06-13 20:01:02Z Send 國際股市==>  Program Start
2017-06-13 20:01:02Z Send 國際股市==>  Program END 

Create log file
2017-06-13 20:20:11Z stock_data_insert_daily Program Start
2017-06-13 20:20:11Z stock_data_insert_daily Program END 

Create log file
2017-06-13 20:30:11Z Send 股市氣象台電子報-今日我最夯<==Strong_UP==>  Program Start
2017-06-13 20:30:11Z Send 股市氣象台電子報-今日我最夯<==Strong_UP==>  Program END 

Create log file
2017-06-13 21:01:03Z Send 國際股市==>  Program Start
2017-06-13 21:01:03Z Send 國際股市==>  Program END 

Create log file
2017-06-13 22:01:02Z Send 國際股市==>  Program Start
2017-06-13 22:01:02Z Send 國際股市==>  Program END 

Create log file
2017-06-13 22:01:23Z Send 國際股市==>  Program Start
2017-06-13 22:01:23Z Send 國際股市==>  Program END 

Create log file
2017-06-13 22:01:45Z Send 國際股市==>  Program Start
2017-06-13 22:01:45Z Send 國際股市==>  Program END 

Create log file
2017-06-13 23:01:03Z Send 國際股市==>  Program Start
2017-06-13 23:01:03Z Send 國際股市==>  Program END 

Create log file
2017-06-13 23:01:24Z Send 國際股市==>  Program Start
2017-06-13 23:01:24Z Send 國際股市==>  Program END 

