Create log file
2017-08-23 00:01:03Z Send 國際股市==>  Program Start
2017-08-23 00:01:03Z Send 國際股市==>  Program END 

Create log file
2017-08-23 01:01:03Z Send 國際股市==>  Program Start
2017-08-23 01:01:03Z Send 國際股市==>  Program END 

Create log file
2017-08-23 08:01:04Z Send 國際股市==>  Program Start
2017-08-23 08:01:04Z Send 國際股市==>  Program END 

Create log file
2017-08-23 08:02:32Z Send 國際股市==>  Program Start
2017-08-23 08:02:32Z Send 國際股市==>  Program END 

Create log file
2017-08-23 08:03:16Z Send 國際股市==>  Program Start
2017-08-23 08:03:16Z Send 國際股市==>  Program END 

Create log file
2017-08-23 08:04:07Z Send 國際股市==>  Program Start
2017-08-23 08:04:07Z Send 國際股市==>  Program END 

Create log file
2017-08-23 09:01:04Z Send 國際股市==>  Program Start
2017-08-23 09:01:04Z Send 國際股市==>  Program END 

Create log file
2017-08-23 10:01:03Z Send 國際股市==>  Program Start
2017-08-23 10:01:03Z Send 國際股市==>  Program END 

Create log file
2017-08-23 11:01:03Z Send 國際股市==>  Program Start
2017-08-23 11:01:03Z Send 國際股市==>  Program END 

Create log file
2017-08-23 12:01:04Z Send 國際股市==>  Program Start
2017-08-23 12:01:04Z Send 國際股市==>  Program END 

Create log file
2017-08-23 13:01:03Z Send 國際股市==>  Program Start
2017-08-23 13:01:03Z Send 國際股市==>  Program END 

Create log file
2017-08-23 14:01:03Z Send 國際股市==>  Program Start
2017-08-23 14:01:03Z Send 國際股市==>  Program END 

Create log file
2017-08-23 15:01:03Z Send 國際股市==>  Program Start
2017-08-23 15:01:03Z Send 國際股市==>  Program END 

Create log file
2017-08-23 15:50:23Z option_insert_daily Program Start
2017-08-23 15:50:23Z option_insert_daily Program END 

Create log file
2017-08-23 15:55:26Z Send Option_OIV_daily Program Start
2017-08-23 15:55:26Z Send Option_OIV_daily Program END 

Create log file
2017-08-23 16:01:04Z Send 國際股市==>  Program Start
2017-08-23 16:01:04Z Send 國際股市==>  Program END 

Create log file
2017-08-23 17:01:04Z Send 國際股市==>  Program Start
2017-08-23 17:01:04Z Send 國際股市==>  Program END 

Create log file
2017-08-23 18:01:04Z Send 國際股市==>  Program Start
2017-08-23 18:01:04Z Send 國際股市==>  Program END 

Create log file
2017-08-23 18:02:27Z Send 國際股市==>  Program Start
2017-08-23 18:02:27Z Send 國際股市==>  Program END 

Create log file
2017-08-23 18:03:01Z Send 國際股市==>  Program Start
2017-08-23 18:03:01Z Send 國際股市==>  Program END 

Create log file
2017-08-23 18:03:45Z Send 國際股市==>  Program Start
2017-08-23 18:03:45Z Send 國際股市==>  Program END 

Create log file
2017-08-23 18:04:11Z Send 國際股市==>  Program Start
2017-08-23 18:04:11Z Send 國際股市==>  Program END 

Create log file
2017-08-23 19:01:04Z Send 國際股市==>  Program Start
2017-08-23 19:01:04Z Send 國際股市==>  Program END 

Create log file
2017-08-23 19:02:32Z Send 國際股市==>  Program Start
2017-08-23 19:02:32Z Send 國際股市==>  Program END 

Create log file
2017-08-23 19:03:01Z Send 國際股市==>  Program Start
2017-08-23 19:03:01Z Send 國際股市==>  Program END 

Create log file
2017-08-23 19:03:25Z Send 國際股市==>  Program Start
2017-08-23 19:03:25Z Send 國際股市==>  Program END 

Create log file
2017-08-23 19:04:02Z Send 國際股市==>  Program Start
2017-08-23 19:04:02Z Send 國際股市==>  Program END 

Create log file
2017-08-23 19:04:30Z Send 國際股市==>  Program Start
2017-08-23 19:04:30Z Send 國際股市==>  Program END 

Create log file
2017-08-23 19:05:21Z Send 國際股市==>  Program Start
2017-08-23 19:05:21Z Send 國際股市==>  Program END 

Create log file
2017-08-23 20:01:04Z Send 國際股市==>  Program Start
2017-08-23 20:01:04Z Send 國際股市==>  Program END 

Create log file
2017-08-23 21:01:04Z Send 國際股市==>  Program Start
2017-08-23 21:01:04Z Send 國際股市==>  Program END 

Create log file
2017-08-23 22:01:04Z Send 國際股市==>  Program Start
2017-08-23 22:01:04Z Send 國際股市==>  Program END 

Create log file
2017-08-23 22:01:29Z Send 國際股市==>  Program Start
2017-08-23 22:01:29Z Send 國際股市==>  Program END 

Create log file
2017-08-23 22:02:16Z Send 國際股市==>  Program Start
2017-08-23 22:02:16Z Send 國際股市==>  Program END 

Create log file
2017-08-23 23:01:01Z Send 國際股市==>  Program Start
2017-08-23 23:01:01Z Send 國際股市==>  Program END 

Create log file
2017-08-23 23:01:37Z Send 國際股市==>  Program Start
2017-08-23 23:01:37Z Send 國際股市==>  Program END 

