Create log file
2017-08-11 00:01:01Z Send 國際股市==>  Program Start
2017-08-11 00:01:01Z Send 國際股市==>  Program END 

Create log file
2017-08-11 01:01:01Z Send 國際股市==>  Program Start
2017-08-11 01:01:01Z Send 國際股市==>  Program END 

Create log file
2017-08-11 08:01:01Z Send 國際股市==>  Program Start
2017-08-11 08:01:01Z Send 國際股市==>  Program END 

Create log file
2017-08-11 08:01:38Z Send 國際股市==>  Program Start
2017-08-11 08:01:38Z Send 國際股市==>  Program END 

Create log file
2017-08-11 08:02:06Z Send 國際股市==>  Program Start
2017-08-11 08:02:06Z Send 國際股市==>  Program END 

Create log file
2017-08-11 08:02:34Z Send 國際股市==>  Program Start
2017-08-11 08:02:34Z Send 國際股市==>  Program END 

Create log file
2017-08-11 09:01:02Z Send 國際股市==>  Program Start
2017-08-11 09:01:02Z Send 國際股市==>  Program END 

Create log file
2017-08-11 10:01:01Z Send 國際股市==>  Program Start
2017-08-11 10:01:01Z Send 國際股市==>  Program END 

Create log file
2017-08-11 11:01:01Z Send 國際股市==>  Program Start
2017-08-11 11:01:01Z Send 國際股市==>  Program END 

Create log file
2017-08-11 12:01:01Z Send 國際股市==>  Program Start
2017-08-11 12:01:01Z Send 國際股市==>  Program END 

Create log file
2017-08-11 13:01:01Z Send 國際股市==>  Program Start
2017-08-11 13:01:01Z Send 國際股市==>  Program END 

Create log file
2017-08-11 14:01:02Z Send 國際股市==>  Program Start
2017-08-11 14:01:02Z Send 國際股市==>  Program END 

Create log file
2017-08-11 15:01:01Z Send 國際股市==>  Program Start
2017-08-11 15:01:01Z Send 國際股市==>  Program END 

Create log file
2017-08-11 15:50:21Z option_insert_daily Program Start
2017-08-11 15:50:21Z option_insert_daily Program END 

Create log file
2017-08-11 15:55:22Z Send Option_OIV_daily Program Start
2017-08-11 15:55:22Z Send Option_OIV_daily Program END 

Create log file
2017-08-11 16:01:01Z Send 國際股市==>  Program Start
2017-08-11 16:01:01Z Send 國際股市==>  Program END 

Create log file
2017-08-11 17:01:01Z Send 國際股市==>  Program Start
2017-08-11 17:01:01Z Send 國際股市==>  Program END 

Create log file
2017-08-11 18:01:01Z Send 國際股市==>  Program Start
2017-08-11 18:01:01Z Send 國際股市==>  Program END 

Create log file
2017-08-11 18:01:37Z Send 國際股市==>  Program Start
2017-08-11 18:01:37Z Send 國際股市==>  Program END 

Create log file
2017-08-11 18:02:04Z Send 國際股市==>  Program Start
2017-08-11 18:02:04Z Send 國際股市==>  Program END 

Create log file
2017-08-11 18:02:33Z Send 國際股市==>  Program Start
2017-08-11 18:02:33Z Send 國際股市==>  Program END 

Create log file
2017-08-11 18:02:56Z Send 國際股市==>  Program Start
2017-08-11 18:02:56Z Send 國際股市==>  Program END 

Create log file
2017-08-11 19:01:01Z Send 國際股市==>  Program Start
2017-08-11 19:01:01Z Send 國際股市==>  Program END 

Create log file
2017-08-11 19:01:37Z Send 國際股市==>  Program Start
2017-08-11 19:01:37Z Send 國際股市==>  Program END 

Create log file
2017-08-11 19:02:01Z Send 國際股市==>  Program Start
2017-08-11 19:02:01Z Send 國際股市==>  Program END 

Create log file
2017-08-11 19:02:24Z Send 國際股市==>  Program Start
2017-08-11 19:02:24Z Send 國際股市==>  Program END 

Create log file
2017-08-11 19:02:51Z Send 國際股市==>  Program Start
2017-08-11 19:02:51Z Send 國際股市==>  Program END 

Create log file
2017-08-11 19:03:15Z Send 國際股市==>  Program Start
2017-08-11 19:03:15Z Send 國際股市==>  Program END 

Create log file
2017-08-11 19:03:43Z Send 國際股市==>  Program Start
2017-08-11 19:03:43Z Send 國際股市==>  Program END 

Create log file
2017-08-11 20:01:06Z Send 國際股市==>  Program Start
2017-08-11 20:01:06Z Send 國際股市==>  Program END 

Create log file
2017-08-11 21:01:04Z Send 國際股市==>  Program Start
2017-08-11 21:01:04Z Send 國際股市==>  Program END 

Create log file
2017-08-11 22:01:03Z Send 國際股市==>  Program Start
2017-08-11 22:01:03Z Send 國際股市==>  Program END 

Create log file
2017-08-11 22:01:40Z Send 國際股市==>  Program Start
2017-08-11 22:01:40Z Send 國際股市==>  Program END 

Create log file
2017-08-11 22:02:07Z Send 國際股市==>  Program Start
2017-08-11 22:02:07Z Send 國際股市==>  Program END 

Create log file
2017-08-11 23:01:03Z Send 國際股市==>  Program Start
2017-08-11 23:01:03Z Send 國際股市==>  Program END 

Create log file
2017-08-11 23:01:39Z Send 國際股市==>  Program Start
2017-08-11 23:01:39Z Send 國際股市==>  Program END 

