Create log file
2017-06-16 00:01:02Z Send 國際股市==>  Program Start
2017-06-16 00:01:02Z Send 國際股市==>  Program END 

Create log file
2017-06-16 01:01:02Z Send 國際股市==>  Program Start
2017-06-16 01:01:02Z Send 國際股市==>  Program END 

Create log file
2017-06-16 08:01:02Z Send 國際股市==>  Program Start
2017-06-16 08:01:02Z Send 國際股市==>  Program END 

Create log file
2017-06-16 08:01:26Z Send 國際股市==>  Program Start
2017-06-16 08:01:26Z Send 國際股市==>  Program END 

Create log file
2017-06-16 08:01:54Z Send 國際股市==>  Program Start
2017-06-16 08:01:54Z Send 國際股市==>  Program END 

Create log file
2017-06-16 08:02:18Z Send 國際股市==>  Program Start
2017-06-16 08:02:18Z Send 國際股市==>  Program END 

Create log file
2017-06-16 09:01:11Z Send 國際股市==>  Program Start
2017-06-16 09:01:11Z Send 國際股市==>  Program END 

Create log file
2017-06-16 10:01:02Z Send 國際股市==>  Program Start
2017-06-16 10:01:02Z Send 國際股市==>  Program END 

Create log file
2017-06-16 11:01:01Z Send 國際股市==>  Program Start
2017-06-16 11:01:01Z Send 國際股市==>  Program END 

Create log file
2017-06-16 12:01:01Z Send 國際股市==>  Program Start
2017-06-16 12:01:01Z Send 國際股市==>  Program END 

Create log file
2017-06-16 13:01:01Z Send 國際股市==>  Program Start
2017-06-16 13:01:01Z Send 國際股市==>  Program END 

Create log file
2017-06-16 14:01:01Z Send 國際股市==>  Program Start
2017-06-16 14:01:01Z Send 國際股市==>  Program END 

Create log file
2017-06-16 15:01:01Z Send 國際股市==>  Program Start
2017-06-16 15:01:01Z Send 國際股市==>  Program END 

Create log file
2017-06-16 15:50:20Z option_insert_daily Program Start
2017-06-16 15:50:20Z option_insert_daily Program END 

Create log file
2017-06-16 16:01:01Z Send 國際股市==>  Program Start
2017-06-16 16:01:01Z Send 國際股市==>  Program END 

Create log file
2017-06-16 17:01:01Z Send 國際股市==>  Program Start
2017-06-16 17:01:01Z Send 國際股市==>  Program END 

Create log file
2017-06-16 18:01:01Z Send 國際股市==>  Program Start
2017-06-16 18:01:01Z Send 國際股市==>  Program END 

Create log file
2017-06-16 18:01:38Z Send 國際股市==>  Program Start
2017-06-16 18:01:38Z Send 國際股市==>  Program END 

Create log file
2017-06-16 18:02:04Z Send 國際股市==>  Program Start
2017-06-16 18:02:04Z Send 國際股市==>  Program END 

Create log file
2017-06-16 18:02:34Z Send 國際股市==>  Program Start
2017-06-16 18:02:34Z Send 國際股市==>  Program END 

Create log file
2017-06-16 18:03:03Z Send 國際股市==>  Program Start
2017-06-16 18:03:03Z Send 國際股市==>  Program END 

Create log file
2017-06-16 19:01:01Z Send 國際股市==>  Program Start
2017-06-16 19:01:01Z Send 國際股市==>  Program END 

Create log file
2017-06-16 19:01:37Z Send 國際股市==>  Program Start
2017-06-16 19:01:37Z Send 國際股市==>  Program END 

Create log file
2017-06-16 19:02:08Z Send 國際股市==>  Program Start
2017-06-16 19:02:08Z Send 國際股市==>  Program END 

Create log file
2017-06-16 19:02:33Z Send 國際股市==>  Program Start
2017-06-16 19:02:33Z Send 國際股市==>  Program END 

Create log file
2017-06-16 19:02:57Z Send 國際股市==>  Program Start
2017-06-16 19:02:57Z Send 國際股市==>  Program END 

Create log file
2017-06-16 19:03:23Z Send 國際股市==>  Program Start
2017-06-16 19:03:23Z Send 國際股市==>  Program END 

Create log file
2017-06-16 19:03:51Z Send 國際股市==>  Program Start
2017-06-16 19:03:51Z Send 國際股市==>  Program END 

Create log file
2017-06-16 19:59:13Z Send Option_OIV_daily Program Start
2017-06-16 19:59:13Z Send Option_OIV_daily Program END 

Create log file
2017-06-16 20:01:04Z Send 國際股市==>  Program Start
2017-06-16 20:01:04Z Send 國際股市==>  Program END 

Create log file
2017-06-16 20:21:07Z stock_data_insert_daily Program Start
2017-06-16 20:21:07Z stock_data_insert_daily Program END 

Create log file
2017-06-16 20:30:35Z Send 股市氣象台電子報-今日我最夯<==Strong_UP==>  Program Start
2017-06-16 20:30:35Z Send 股市氣象台電子報-今日我最夯<==Strong_UP==>  Program END 

Create log file
2017-06-16 21:01:02Z Send 國際股市==>  Program Start
2017-06-16 21:01:02Z Send 國際股市==>  Program END 

Create log file
2017-06-16 22:01:02Z Send 國際股市==>  Program Start
2017-06-16 22:01:02Z Send 國際股市==>  Program END 

Create log file
2017-06-16 22:01:28Z Send 國際股市==>  Program Start
2017-06-16 22:01:28Z Send 國際股市==>  Program END 

Create log file
2017-06-16 22:01:55Z Send 國際股市==>  Program Start
2017-06-16 22:01:55Z Send 國際股市==>  Program END 

Create log file
2017-06-16 23:01:02Z Send 國際股市==>  Program Start
2017-06-16 23:01:02Z Send 國際股市==>  Program END 

Create log file
2017-06-16 23:01:28Z Send 國際股市==>  Program Start
2017-06-16 23:01:28Z Send 國際股市==>  Program END 

