Create log file
2017-08-30 00:01:04Z Send 國際股市==>  Program Start
2017-08-30 00:01:04Z Send 國際股市==>  Program END 

Create log file
2017-08-30 01:01:03Z Send 國際股市==>  Program Start
2017-08-30 01:01:03Z Send 國際股市==>  Program END 

Create log file
2017-08-30 08:01:04Z Send 國際股市==>  Program Start
2017-08-30 08:01:04Z Send 國際股市==>  Program END 

Create log file
2017-08-30 08:01:39Z Send 國際股市==>  Program Start
2017-08-30 08:01:39Z Send 國際股市==>  Program END 

Create log file
2017-08-30 08:02:07Z Send 國際股市==>  Program Start
2017-08-30 08:02:07Z Send 國際股市==>  Program END 

Create log file
2017-08-30 08:02:37Z Send 國際股市==>  Program Start
2017-08-30 08:02:37Z Send 國際股市==>  Program END 

Create log file
2017-08-30 09:01:03Z Send 國際股市==>  Program Start
2017-08-30 09:01:03Z Send 國際股市==>  Program END 

Create log file
2017-08-30 10:01:04Z Send 國際股市==>  Program Start
2017-08-30 10:01:04Z Send 國際股市==>  Program END 

Create log file
2017-08-30 11:01:04Z Send 國際股市==>  Program Start
2017-08-30 11:01:04Z Send 國際股市==>  Program END 

Create log file
2017-08-30 12:01:04Z Send 國際股市==>  Program Start
2017-08-30 12:01:04Z Send 國際股市==>  Program END 

Create log file
2017-08-30 13:01:04Z Send 國際股市==>  Program Start
2017-08-30 13:01:04Z Send 國際股市==>  Program END 

Create log file
2017-08-30 14:01:05Z Send 國際股市==>  Program Start
2017-08-30 14:01:05Z Send 國際股市==>  Program END 

Create log file
2017-08-30 15:01:03Z Send 國際股市==>  Program Start
2017-08-30 15:01:03Z Send 國際股市==>  Program END 

Create log file
2017-08-30 15:50:24Z option_insert_daily Program Start
2017-08-30 15:50:24Z option_insert_daily Program END 

Create log file
2017-08-30 15:55:24Z Send Option_OIV_daily Program Start
2017-08-30 15:55:24Z Send Option_OIV_daily Program END 

Create log file
2017-08-30 16:01:04Z Send 國際股市==>  Program Start
2017-08-30 16:01:04Z Send 國際股市==>  Program END 

Create log file
2017-08-30 17:01:04Z Send 國際股市==>  Program Start
2017-08-30 17:01:04Z Send 國際股市==>  Program END 

Create log file
2017-08-30 18:01:04Z Send 國際股市==>  Program Start
2017-08-30 18:01:04Z Send 國際股市==>  Program END 

Create log file
2017-08-30 18:01:41Z Send 國際股市==>  Program Start
2017-08-30 18:01:41Z Send 國際股市==>  Program END 

Create log file
2017-08-30 18:02:07Z Send 國際股市==>  Program Start
2017-08-30 18:02:07Z Send 國際股市==>  Program END 

Create log file
2017-08-30 18:02:35Z Send 國際股市==>  Program Start
2017-08-30 18:02:35Z Send 國際股市==>  Program END 

Create log file
2017-08-30 18:02:59Z Send 國際股市==>  Program Start
2017-08-30 18:02:59Z Send 國際股市==>  Program END 

Create log file
2017-08-30 19:01:04Z Send 國際股市==>  Program Start
2017-08-30 19:01:04Z Send 國際股市==>  Program END 

Create log file
2017-08-30 19:01:41Z Send 國際股市==>  Program Start
2017-08-30 19:01:41Z Send 國際股市==>  Program END 

Create log file
2017-08-30 19:02:11Z Send 國際股市==>  Program Start
2017-08-30 19:02:11Z Send 國際股市==>  Program END 

Create log file
2017-08-30 19:02:35Z Send 國際股市==>  Program Start
2017-08-30 19:02:35Z Send 國際股市==>  Program END 

Create log file
2017-08-30 19:03:04Z Send 國際股市==>  Program Start
2017-08-30 19:03:04Z Send 國際股市==>  Program END 

Create log file
2017-08-30 19:03:29Z Send 國際股市==>  Program Start
2017-08-30 19:03:29Z Send 國際股市==>  Program END 

Create log file
2017-08-30 19:03:59Z Send 國際股市==>  Program Start
2017-08-30 19:03:59Z Send 國際股市==>  Program END 

Create log file
2017-08-30 20:01:04Z Send 國際股市==>  Program Start
2017-08-30 20:01:04Z Send 國際股市==>  Program END 

Create log file
2017-08-30 21:01:03Z Send 國際股市==>  Program Start
2017-08-30 21:01:03Z Send 國際股市==>  Program END 

Create log file
2017-08-30 22:01:04Z Send 國際股市==>  Program Start
2017-08-30 22:01:04Z Send 國際股市==>  Program END 

Create log file
2017-08-30 22:01:45Z Send 國際股市==>  Program Start
2017-08-30 22:01:45Z Send 國際股市==>  Program END 

Create log file
2017-08-30 22:02:13Z Send 國際股市==>  Program Start
2017-08-30 22:02:13Z Send 國際股市==>  Program END 

Create log file
2017-08-30 23:01:02Z Send 國際股市==>  Program Start
2017-08-30 23:01:02Z Send 國際股市==>  Program END 

Create log file
2017-08-30 23:01:39Z Send 國際股市==>  Program Start
2017-08-30 23:01:39Z Send 國際股市==>  Program END 

