Create log file
2017-08-31 00:01:01Z Send 國際股市==>  Program Start
2017-08-31 00:01:01Z Send 國際股市==>  Program END 

Create log file
2017-08-31 01:01:01Z Send 國際股市==>  Program Start
2017-08-31 01:01:01Z Send 國際股市==>  Program END 

Create log file
2017-08-31 08:01:02Z Send 國際股市==>  Program Start
2017-08-31 08:01:02Z Send 國際股市==>  Program END 

Create log file
2017-08-31 08:01:38Z Send 國際股市==>  Program Start
2017-08-31 08:01:38Z Send 國際股市==>  Program END 

Create log file
2017-08-31 08:02:05Z Send 國際股市==>  Program Start
2017-08-31 08:02:05Z Send 國際股市==>  Program END 

Create log file
2017-08-31 08:02:34Z Send 國際股市==>  Program Start
2017-08-31 08:02:34Z Send 國際股市==>  Program END 

Create log file
2017-08-31 09:01:01Z Send 國際股市==>  Program Start
2017-08-31 09:01:01Z Send 國際股市==>  Program END 

Create log file
2017-08-31 10:01:01Z Send 國際股市==>  Program Start
2017-08-31 10:01:01Z Send 國際股市==>  Program END 

Create log file
2017-08-31 11:01:02Z Send 國際股市==>  Program Start
2017-08-31 11:01:02Z Send 國際股市==>  Program END 

Create log file
2017-08-31 12:01:01Z Send 國際股市==>  Program Start
2017-08-31 12:01:01Z Send 國際股市==>  Program END 

Create log file
2017-08-31 13:01:01Z Send 國際股市==>  Program Start
2017-08-31 13:01:01Z Send 國際股市==>  Program END 

Create log file
2017-08-31 14:01:02Z Send 國際股市==>  Program Start
2017-08-31 14:01:02Z Send 國際股市==>  Program END 

Create log file
2017-08-31 15:01:01Z Send 國際股市==>  Program Start
2017-08-31 15:01:01Z Send 國際股市==>  Program END 

Create log file
2017-08-31 15:50:23Z option_insert_daily Program Start
2017-08-31 15:50:23Z option_insert_daily Program END 

Create log file
2017-08-31 15:56:14Z Send Option_OIV_daily Program Start
2017-08-31 15:56:14Z Send Option_OIV_daily Program END 

Create log file
2017-08-31 16:01:02Z Send 國際股市==>  Program Start
2017-08-31 16:01:02Z Send 國際股市==>  Program END 

Create log file
2017-08-31 17:01:01Z Send 國際股市==>  Program Start
2017-08-31 17:01:01Z Send 國際股市==>  Program END 

Create log file
2017-08-31 18:01:02Z Send 國際股市==>  Program Start
2017-08-31 18:01:02Z Send 國際股市==>  Program END 

Create log file
2017-08-31 18:01:39Z Send 國際股市==>  Program Start
2017-08-31 18:01:39Z Send 國際股市==>  Program END 

Create log file
2017-08-31 18:02:05Z Send 國際股市==>  Program Start
2017-08-31 18:02:05Z Send 國際股市==>  Program END 

Create log file
2017-08-31 18:02:34Z Send 國際股市==>  Program Start
2017-08-31 18:02:34Z Send 國際股市==>  Program END 

Create log file
2017-08-31 18:02:57Z Send 國際股市==>  Program Start
2017-08-31 18:02:57Z Send 國際股市==>  Program END 

Create log file
2017-08-31 19:01:01Z Send 國際股市==>  Program Start
2017-08-31 19:01:01Z Send 國際股市==>  Program END 

Create log file
2017-08-31 19:01:39Z Send 國際股市==>  Program Start
2017-08-31 19:01:39Z Send 國際股市==>  Program END 

Create log file
2017-08-31 19:02:09Z Send 國際股市==>  Program Start
2017-08-31 19:02:09Z Send 國際股市==>  Program END 

Create log file
2017-08-31 19:02:32Z Send 國際股市==>  Program Start
2017-08-31 19:02:32Z Send 國際股市==>  Program END 

Create log file
2017-08-31 19:02:56Z Send 國際股市==>  Program Start
2017-08-31 19:02:56Z Send 國際股市==>  Program END 

Create log file
2017-08-31 19:03:20Z Send 國際股市==>  Program Start
2017-08-31 19:03:20Z Send 國際股市==>  Program END 

Create log file
2017-08-31 19:03:50Z Send 國際股市==>  Program Start
2017-08-31 19:03:50Z Send 國際股市==>  Program END 

Create log file
2017-08-31 20:01:01Z Send 國際股市==>  Program Start
2017-08-31 20:01:01Z Send 國際股市==>  Program END 

Create log file
2017-08-31 21:01:02Z Send 國際股市==>  Program Start
2017-08-31 21:01:02Z Send 國際股市==>  Program END 

Create log file
2017-08-31 22:01:01Z Send 國際股市==>  Program Start
2017-08-31 22:01:01Z Send 國際股市==>  Program END 

Create log file
2017-08-31 22:01:38Z Send 國際股市==>  Program Start
2017-08-31 22:01:38Z Send 國際股市==>  Program END 

Create log file
2017-08-31 22:02:06Z Send 國際股市==>  Program Start
2017-08-31 22:02:06Z Send 國際股市==>  Program END 

Create log file
2017-08-31 23:01:02Z Send 國際股市==>  Program Start
2017-08-31 23:01:02Z Send 國際股市==>  Program END 

Create log file
2017-08-31 23:01:38Z Send 國際股市==>  Program Start
2017-08-31 23:01:38Z Send 國際股市==>  Program END 

