Create log file
2017-08-16 00:01:05Z Send 國際股市==>  Program Start
2017-08-16 00:01:05Z Send 國際股市==>  Program END 

Create log file
2017-08-16 01:01:01Z Send 國際股市==>  Program Start
2017-08-16 01:01:01Z Send 國際股市==>  Program END 

Create log file
2017-08-16 08:01:01Z Send 國際股市==>  Program Start
2017-08-16 08:01:01Z Send 國際股市==>  Program END 

Create log file
2017-08-16 08:02:23Z Send 國際股市==>  Program Start
2017-08-16 08:02:23Z Send 國際股市==>  Program END 

Create log file
2017-08-16 08:03:08Z Send 國際股市==>  Program Start
2017-08-16 08:03:08Z Send 國際股市==>  Program END 

Create log file
2017-08-16 08:03:57Z Send 國際股市==>  Program Start
2017-08-16 08:03:57Z Send 國際股市==>  Program END 

Create log file
2017-08-16 09:01:01Z Send 國際股市==>  Program Start
2017-08-16 09:01:01Z Send 國際股市==>  Program END 

Create log file
2017-08-16 10:01:02Z Send 國際股市==>  Program Start
2017-08-16 10:01:02Z Send 國際股市==>  Program END 

Create log file
2017-08-16 11:01:02Z Send 國際股市==>  Program Start
2017-08-16 11:01:02Z Send 國際股市==>  Program END 

Create log file
2017-08-16 12:01:02Z Send 國際股市==>  Program Start
2017-08-16 12:01:02Z Send 國際股市==>  Program END 

Create log file
2017-08-16 13:01:01Z Send 國際股市==>  Program Start
2017-08-16 13:01:01Z Send 國際股市==>  Program END 

Create log file
2017-08-16 14:01:01Z Send 國際股市==>  Program Start
2017-08-16 14:01:01Z Send 國際股市==>  Program END 

Create log file
2017-08-16 15:01:01Z Send 國際股市==>  Program Start
2017-08-16 15:01:01Z Send 國際股市==>  Program END 

Create log file
2017-08-16 15:50:28Z option_insert_daily Program Start
2017-08-16 15:50:28Z option_insert_daily Program END 

Create log file
2017-08-16 15:55:23Z Send Option_OIV_daily Program Start
2017-08-16 15:55:23Z Send Option_OIV_daily Program END 

Create log file
2017-08-16 16:01:01Z Send 國際股市==>  Program Start
2017-08-16 16:01:01Z Send 國際股市==>  Program END 

Create log file
2017-08-16 17:01:02Z Send 國際股市==>  Program Start
2017-08-16 17:01:02Z Send 國際股市==>  Program END 

Create log file
2017-08-16 18:01:01Z Send 國際股市==>  Program Start
2017-08-16 18:01:01Z Send 國際股市==>  Program END 

Create log file
2017-08-16 18:02:23Z Send 國際股市==>  Program Start
2017-08-16 18:02:23Z Send 國際股市==>  Program END 

Create log file
2017-08-16 18:02:57Z Send 國際股市==>  Program Start
2017-08-16 18:02:57Z Send 國際股市==>  Program END 

Create log file
2017-08-16 18:03:40Z Send 國際股市==>  Program Start
2017-08-16 18:03:40Z Send 國際股市==>  Program END 

Create log file
2017-08-16 18:04:05Z Send 國際股市==>  Program Start
2017-08-16 18:04:05Z Send 國際股市==>  Program END 

Create log file
2017-08-16 19:01:02Z Send 國際股市==>  Program Start
2017-08-16 19:01:02Z Send 國際股市==>  Program END 

Create log file
2017-08-16 19:02:24Z Send 國際股市==>  Program Start
2017-08-16 19:02:24Z Send 國際股市==>  Program END 

Create log file
2017-08-16 19:02:52Z Send 國際股市==>  Program Start
2017-08-16 19:02:52Z Send 國際股市==>  Program END 

Create log file
2017-08-16 19:03:16Z Send 國際股市==>  Program Start
2017-08-16 19:03:16Z Send 國際股市==>  Program END 

Create log file
2017-08-16 19:03:54Z Send 國際股市==>  Program Start
2017-08-16 19:03:54Z Send 國際股市==>  Program END 

Create log file
2017-08-16 19:04:21Z Send 國際股市==>  Program Start
2017-08-16 19:04:21Z Send 國際股市==>  Program END 

Create log file
2017-08-16 19:05:08Z Send 國際股市==>  Program Start
2017-08-16 19:05:08Z Send 國際股市==>  Program END 

Create log file
2017-08-16 20:01:02Z Send 國際股市==>  Program Start
2017-08-16 20:01:02Z Send 國際股市==>  Program END 

Create log file
2017-08-16 21:01:01Z Send 國際股市==>  Program Start
2017-08-16 21:01:01Z Send 國際股市==>  Program END 

Create log file
2017-08-16 22:01:10Z Send 國際股市==>  Program Start
2017-08-16 22:01:10Z Send 國際股市==>  Program END 

Create log file
2017-08-16 22:02:30Z Send 國際股市==>  Program Start
2017-08-16 22:02:30Z Send 國際股市==>  Program END 

Create log file
2017-08-16 22:03:12Z Send 國際股市==>  Program Start
2017-08-16 22:03:12Z Send 國際股市==>  Program END 

Create log file
2017-08-16 23:01:02Z Send 國際股市==>  Program Start
2017-08-16 23:01:02Z Send 國際股市==>  Program END 

Create log file
2017-08-16 23:02:23Z Send 國際股市==>  Program Start
2017-08-16 23:02:23Z Send 國際股市==>  Program END 

