Create log file
2017-06-07 00:01:05Z Send 國際股市==>  Program Start
2017-06-07 00:01:05Z Send 國際股市==>  Program END 

Create log file
2017-06-07 01:01:02Z Send 國際股市==>  Program Start
2017-06-07 01:01:02Z Send 國際股市==>  Program END 

Create log file
2017-06-07 08:01:02Z Send 國際股市==>  Program Start
2017-06-07 08:01:02Z Send 國際股市==>  Program END 

Create log file
2017-06-07 08:01:28Z Send 國際股市==>  Program Start
2017-06-07 08:01:28Z Send 國際股市==>  Program END 

Create log file
2017-06-07 08:01:50Z Send 國際股市==>  Program Start
2017-06-07 08:01:50Z Send 國際股市==>  Program END 

Create log file
2017-06-07 08:02:13Z Send 國際股市==>  Program Start
2017-06-07 08:02:13Z Send 國際股市==>  Program END 

Create log file
2017-06-07 09:01:02Z Send 國際股市==>  Program Start
2017-06-07 09:01:02Z Send 國際股市==>  Program END 

Create log file
2017-06-07 10:01:02Z Send 國際股市==>  Program Start
2017-06-07 10:01:02Z Send 國際股市==>  Program END 

Create log file
2017-06-07 11:01:02Z Send 國際股市==>  Program Start
2017-06-07 11:01:02Z Send 國際股市==>  Program END 

Create log file
2017-06-07 12:01:03Z Send 國際股市==>  Program Start
2017-06-07 12:01:03Z Send 國際股市==>  Program END 

Create log file
2017-06-07 13:01:02Z Send 國際股市==>  Program Start
2017-06-07 13:01:02Z Send 國際股市==>  Program END 

Create log file
2017-06-07 14:01:02Z Send 國際股市==>  Program Start
2017-06-07 14:01:02Z Send 國際股市==>  Program END 

Create log file
2017-06-07 15:01:02Z Send 國際股市==>  Program Start
2017-06-07 15:01:02Z Send 國際股市==>  Program END 

Create log file
2017-06-07 15:50:20Z option_insert_daily Program Start
2017-06-07 15:50:20Z option_insert_daily Program END 

Create log file
2017-06-07 15:55:16Z Send Option_OIV_daily Program Start
2017-06-07 15:55:16Z Send Option_OIV_daily Program END 

Create log file
2017-06-07 16:01:02Z Send 國際股市==>  Program Start
2017-06-07 16:01:02Z Send 國際股市==>  Program END 

Create log file
2017-06-07 17:01:02Z Send 國際股市==>  Program Start
2017-06-07 17:01:02Z Send 國際股市==>  Program END 

Create log file
2017-06-07 18:01:02Z Send 國際股市==>  Program Start
2017-06-07 18:01:02Z Send 國際股市==>  Program END 

Create log file
2017-06-07 18:01:27Z Send 國際股市==>  Program Start
2017-06-07 18:01:27Z Send 國際股市==>  Program END 

Create log file
2017-06-07 18:01:48Z Send 國際股市==>  Program Start
2017-06-07 18:01:48Z Send 國際股市==>  Program END 

Create log file
2017-06-07 18:02:10Z Send 國際股市==>  Program Start
2017-06-07 18:02:10Z Send 國際股市==>  Program END 

Create log file
2017-06-07 18:02:33Z Send 國際股市==>  Program Start
2017-06-07 18:02:33Z Send 國際股市==>  Program END 

Create log file
2017-06-07 19:01:04Z Send 國際股市==>  Program Start
2017-06-07 19:01:04Z Send 國際股市==>  Program END 

Create log file
2017-06-07 19:01:27Z Send 國際股市==>  Program Start
2017-06-07 19:01:27Z Send 國際股市==>  Program END 

Create log file
2017-06-07 19:01:56Z Send 國際股市==>  Program Start
2017-06-07 19:01:56Z Send 國際股市==>  Program END 

Create log file
2017-06-07 19:02:17Z Send 國際股市==>  Program Start
2017-06-07 19:02:17Z Send 國際股市==>  Program END 

Create log file
2017-06-07 19:02:40Z Send 國際股市==>  Program Start
2017-06-07 19:02:40Z Send 國際股市==>  Program END 

Create log file
2017-06-07 19:03:03Z Send 國際股市==>  Program Start
2017-06-07 19:03:03Z Send 國際股市==>  Program END 

Create log file
2017-06-07 19:03:28Z Send 國際股市==>  Program Start
2017-06-07 19:03:28Z Send 國際股市==>  Program END 

Create log file
2017-06-07 20:01:07Z Send 國際股市==>  Program Start
2017-06-07 20:01:07Z Send 國際股市==>  Program END 

Create log file
2017-06-07 20:20:09Z stock_data_insert_daily Program Start
2017-06-07 20:20:09Z stock_data_insert_daily Program END 

Create log file
2017-06-07 20:30:13Z Send 股市氣象台電子報-今日我最夯<==Strong_UP==>  Program Start
2017-06-07 20:30:13Z Send 股市氣象台電子報-今日我最夯<==Strong_UP==>  Program END 

Create log file
2017-06-07 21:01:02Z Send 國際股市==>  Program Start
2017-06-07 21:01:02Z Send 國際股市==>  Program END 

Create log file
2017-06-07 22:01:02Z Send 國際股市==>  Program Start
2017-06-07 22:01:02Z Send 國際股市==>  Program END 

Create log file
2017-06-07 22:01:24Z Send 國際股市==>  Program Start
2017-06-07 22:01:24Z Send 國際股市==>  Program END 

Create log file
2017-06-07 22:01:46Z Send 國際股市==>  Program Start
2017-06-07 22:01:46Z Send 國際股市==>  Program END 

Create log file
2017-06-07 23:01:02Z Send 國際股市==>  Program Start
2017-06-07 23:01:02Z Send 國際股市==>  Program END 

Create log file
2017-06-07 23:01:23Z Send 國際股市==>  Program Start
2017-06-07 23:01:23Z Send 國際股市==>  Program END 

