Create log file
2017-07-25 00:01:03Z Send 國際股市==>  Program Start
2017-07-25 00:01:03Z Send 國際股市==>  Program END 

Create log file
2017-07-25 01:01:03Z Send 國際股市==>  Program Start
2017-07-25 01:01:03Z Send 國際股市==>  Program END 

Create log file
2017-07-25 08:01:03Z Send 國際股市==>  Program Start
2017-07-25 08:01:03Z Send 國際股市==>  Program END 

Create log file
2017-07-25 08:01:40Z Send 國際股市==>  Program Start
2017-07-25 08:01:40Z Send 國際股市==>  Program END 

Create log file
2017-07-25 08:02:08Z Send 國際股市==>  Program Start
2017-07-25 08:02:08Z Send 國際股市==>  Program END 

Create log file
2017-07-25 08:02:36Z Send 國際股市==>  Program Start
2017-07-25 08:02:36Z Send 國際股市==>  Program END 

Create log file
2017-07-25 09:01:02Z Send 國際股市==>  Program Start
2017-07-25 09:01:02Z Send 國際股市==>  Program END 

Create log file
2017-07-25 10:01:03Z Send 國際股市==>  Program Start
2017-07-25 10:01:03Z Send 國際股市==>  Program END 

Create log file
2017-07-25 11:01:03Z Send 國際股市==>  Program Start
2017-07-25 11:01:03Z Send 國際股市==>  Program END 

Create log file
2017-07-25 12:01:03Z Send 國際股市==>  Program Start
2017-07-25 12:01:03Z Send 國際股市==>  Program END 

Create log file
2017-07-25 13:01:03Z Send 國際股市==>  Program Start
2017-07-25 13:01:03Z Send 國際股市==>  Program END 

Create log file
2017-07-25 14:01:03Z Send 國際股市==>  Program Start
2017-07-25 14:01:03Z Send 國際股市==>  Program END 

Create log file
2017-07-25 15:01:03Z Send 國際股市==>  Program Start
2017-07-25 15:01:03Z Send 國際股市==>  Program END 

Create log file
2017-07-25 15:50:22Z option_insert_daily Program Start
2017-07-25 15:50:22Z option_insert_daily Program END 

Create log file
2017-07-25 15:55:25Z Send Option_OIV_daily Program Start
2017-07-25 15:55:25Z Send Option_OIV_daily Program END 

Create log file
2017-07-25 16:01:03Z Send 國際股市==>  Program Start
2017-07-25 16:01:03Z Send 國際股市==>  Program END 

Create log file
2017-07-25 17:01:03Z Send 國際股市==>  Program Start
2017-07-25 17:01:03Z Send 國際股市==>  Program END 

Create log file
2017-07-25 18:01:03Z Send 國際股市==>  Program Start
2017-07-25 18:01:03Z Send 國際股市==>  Program END 

Create log file
2017-07-25 18:01:41Z Send 國際股市==>  Program Start
2017-07-25 18:01:41Z Send 國際股市==>  Program END 

Create log file
2017-07-25 18:02:07Z Send 國際股市==>  Program Start
2017-07-25 18:02:07Z Send 國際股市==>  Program END 

Create log file
2017-07-25 18:02:37Z Send 國際股市==>  Program Start
2017-07-25 18:02:37Z Send 國際股市==>  Program END 

Create log file
2017-07-25 18:03:00Z Send 國際股市==>  Program Start
2017-07-25 18:03:00Z Send 國際股市==>  Program END 

Create log file
2017-07-25 19:01:03Z Send 國際股市==>  Program Start
2017-07-25 19:01:03Z Send 國際股市==>  Program END 

Create log file
2017-07-25 19:01:27Z Send 國際股市==>  Program Start
2017-07-25 19:01:27Z Send 國際股市==>  Program END 

Create log file
2017-07-25 19:01:57Z Send 國際股市==>  Program Start
2017-07-25 19:01:57Z Send 國際股市==>  Program END 

Create log file
2017-07-25 19:02:20Z Send 國際股市==>  Program Start
2017-07-25 19:02:20Z Send 國際股市==>  Program END 

Create log file
2017-07-25 19:02:47Z Send 國際股市==>  Program Start
2017-07-25 19:02:47Z Send 國際股市==>  Program END 

Create log file
2017-07-25 19:03:11Z Send 國際股市==>  Program Start
2017-07-25 19:03:11Z Send 國際股市==>  Program END 

Create log file
2017-07-25 20:01:01Z Send 國際股市==>  Program Start
2017-07-25 20:01:01Z Send 國際股市==>  Program END 

Create log file
2017-07-25 20:20:10Z stock_data_insert_daily Program Start
2017-07-25 20:20:10Z stock_data_insert_daily Program END 

Create log file
2017-07-25 20:30:29Z Send 股市氣象台電子報-今日我最夯<==Strong_UP==>  Program Start
2017-07-25 20:30:29Z Send 股市氣象台電子報-今日我最夯<==Strong_UP==>  Program END 

Create log file
2017-07-25 21:01:01Z Send 國際股市==>  Program Start
2017-07-25 21:01:01Z Send 國際股市==>  Program END 

Create log file
2017-07-25 22:01:01Z Send 國際股市==>  Program Start
2017-07-25 22:01:01Z Send 國際股市==>  Program END 

Create log file
2017-07-25 22:01:26Z Send 國際股市==>  Program Start
2017-07-25 22:01:26Z Send 國際股市==>  Program END 

Create log file
2017-07-25 22:01:54Z Send 國際股市==>  Program Start
2017-07-25 22:01:54Z Send 國際股市==>  Program END 

Create log file
2017-07-25 23:01:01Z Send 國際股市==>  Program Start
2017-07-25 23:01:01Z Send 國際股市==>  Program END 

Create log file
2017-07-25 23:01:37Z Send 國際股市==>  Program Start
2017-07-25 23:01:37Z Send 國際股市==>  Program END 

