Create log file
2017-07-19 00:01:01Z Send 國際股市==>  Program Start
2017-07-19 00:01:01Z Send 國際股市==>  Program END 

Create log file
2017-07-19 01:01:02Z Send 國際股市==>  Program Start
2017-07-19 01:01:02Z Send 國際股市==>  Program END 

Create log file
2017-07-19 08:01:01Z Send 國際股市==>  Program Start
2017-07-19 08:01:01Z Send 國際股市==>  Program END 

Create log file
2017-07-19 08:01:37Z Send 國際股市==>  Program Start
2017-07-19 08:01:37Z Send 國際股市==>  Program END 

Create log file
2017-07-19 08:02:06Z Send 國際股市==>  Program Start
2017-07-19 08:02:06Z Send 國際股市==>  Program END 

Create log file
2017-07-19 08:02:35Z Send 國際股市==>  Program Start
2017-07-19 08:02:35Z Send 國際股市==>  Program END 

Create log file
2017-07-19 09:01:01Z Send 國際股市==>  Program Start
2017-07-19 09:01:01Z Send 國際股市==>  Program END 

Create log file
2017-07-19 10:01:02Z Send 國際股市==>  Program Start
2017-07-19 10:01:02Z Send 國際股市==>  Program END 

Create log file
2017-07-19 11:01:01Z Send 國際股市==>  Program Start
2017-07-19 11:01:01Z Send 國際股市==>  Program END 

Create log file
2017-07-19 12:01:01Z Send 國際股市==>  Program Start
2017-07-19 12:01:01Z Send 國際股市==>  Program END 

Create log file
2017-07-19 13:01:02Z Send 國際股市==>  Program Start
2017-07-19 13:01:02Z Send 國際股市==>  Program END 

Create log file
2017-07-19 14:01:01Z Send 國際股市==>  Program Start
2017-07-19 14:01:01Z Send 國際股市==>  Program END 

Create log file
2017-07-19 15:01:02Z Send 國際股市==>  Program Start
2017-07-19 15:01:02Z Send 國際股市==>  Program END 

Create log file
2017-07-19 15:50:22Z option_insert_daily Program Start
2017-07-19 15:50:22Z option_insert_daily Program END 

Create log file
2017-07-19 15:55:24Z Send Option_OIV_daily Program Start
2017-07-19 15:55:24Z Send Option_OIV_daily Program END 

Create log file
2017-07-19 16:01:01Z Send 國際股市==>  Program Start
2017-07-19 16:01:01Z Send 國際股市==>  Program END 

Create log file
2017-07-19 17:01:02Z Send 國際股市==>  Program Start
2017-07-19 17:01:02Z Send 國際股市==>  Program END 

Create log file
2017-07-19 18:01:01Z Send 國際股市==>  Program Start
2017-07-19 18:01:01Z Send 國際股市==>  Program END 

Create log file
2017-07-19 18:01:38Z Send 國際股市==>  Program Start
2017-07-19 18:01:38Z Send 國際股市==>  Program END 

Create log file
2017-07-19 18:02:06Z Send 國際股市==>  Program Start
2017-07-19 18:02:06Z Send 國際股市==>  Program END 

Create log file
2017-07-19 18:02:34Z Send 國際股市==>  Program Start
2017-07-19 18:02:34Z Send 國際股市==>  Program END 

Create log file
2017-07-19 18:02:58Z Send 國際股市==>  Program Start
2017-07-19 18:02:58Z Send 國際股市==>  Program END 

Create log file
2017-07-19 19:01:01Z Send 國際股市==>  Program Start
2017-07-19 19:01:01Z Send 國際股市==>  Program END 

Create log file
2017-07-19 19:01:38Z Send 國際股市==>  Program Start
2017-07-19 19:01:38Z Send 國際股市==>  Program END 

Create log file
2017-07-19 19:02:09Z Send 國際股市==>  Program Start
2017-07-19 19:02:09Z Send 國際股市==>  Program END 

Create log file
2017-07-19 19:02:35Z Send 國際股市==>  Program Start
2017-07-19 19:02:35Z Send 國際股市==>  Program END 

Create log file
2017-07-19 19:03:01Z Send 國際股市==>  Program Start
2017-07-19 19:03:01Z Send 國際股市==>  Program END 

Create log file
2017-07-19 19:03:26Z Send 國際股市==>  Program Start
2017-07-19 19:03:26Z Send 國際股市==>  Program END 

Create log file
2017-07-19 19:03:54Z Send 國際股市==>  Program Start
2017-07-19 19:03:54Z Send 國際股市==>  Program END 

Create log file
2017-07-19 20:01:08Z Send 國際股市==>  Program Start
2017-07-19 20:01:08Z Send 國際股市==>  Program END 

Create log file
2017-07-19 20:20:12Z stock_data_insert_daily Program Start
2017-07-19 20:20:12Z stock_data_insert_daily Program END 

Create log file
2017-07-19 20:30:22Z Send 股市氣象台電子報-今日我最夯<==Strong_UP==>  Program Start
2017-07-19 20:30:22Z Send 股市氣象台電子報-今日我最夯<==Strong_UP==>  Program END 

Create log file
2017-07-19 21:01:08Z Send 國際股市==>  Program Start
2017-07-19 21:01:08Z Send 國際股市==>  Program END 

Create log file
2017-07-19 22:01:02Z Send 國際股市==>  Program Start
2017-07-19 22:01:02Z Send 國際股市==>  Program END 

Create log file
2017-07-19 22:01:47Z Send 國際股市==>  Program Start
2017-07-19 22:01:47Z Send 國際股市==>  Program END 

Create log file
2017-07-19 22:02:15Z Send 國際股市==>  Program Start
2017-07-19 22:02:15Z Send 國際股市==>  Program END 

Create log file
2017-07-19 23:01:01Z Send 國際股市==>  Program Start
2017-07-19 23:01:01Z Send 國際股市==>  Program END 

Create log file
2017-07-19 23:01:39Z Send 國際股市==>  Program Start
2017-07-19 23:01:39Z Send 國際股市==>  Program END 

