Create log file
2017-08-18 00:01:04Z Send 國際股市==>  Program Start
2017-08-18 00:01:04Z Send 國際股市==>  Program END 

Create log file
2017-08-18 01:01:03Z Send 國際股市==>  Program Start
2017-08-18 01:01:03Z Send 國際股市==>  Program END 

Create log file
2017-08-18 08:01:03Z Send 國際股市==>  Program Start
2017-08-18 08:01:03Z Send 國際股市==>  Program END 

Create log file
2017-08-18 08:02:19Z Send 國際股市==>  Program Start
2017-08-18 08:02:19Z Send 國際股市==>  Program END 

Create log file
2017-08-18 08:03:02Z Send 國際股市==>  Program Start
2017-08-18 08:03:02Z Send 國際股市==>  Program END 

Create log file
2017-08-18 08:03:58Z Send 國際股市==>  Program Start
2017-08-18 08:03:58Z Send 國際股市==>  Program END 

Create log file
2017-08-18 09:01:03Z Send 國際股市==>  Program Start
2017-08-18 09:01:03Z Send 國際股市==>  Program END 

Create log file
2017-08-18 10:01:03Z Send 國際股市==>  Program Start
2017-08-18 10:01:03Z Send 國際股市==>  Program END 

Create log file
2017-08-18 11:01:03Z Send 國際股市==>  Program Start
2017-08-18 11:01:03Z Send 國際股市==>  Program END 

Create log file
2017-08-18 12:01:03Z Send 國際股市==>  Program Start
2017-08-18 12:01:03Z Send 國際股市==>  Program END 

Create log file
2017-08-18 13:01:03Z Send 國際股市==>  Program Start
2017-08-18 13:01:03Z Send 國際股市==>  Program END 

Create log file
2017-08-18 14:01:02Z Send 國際股市==>  Program Start
2017-08-18 14:01:02Z Send 國際股市==>  Program END 

Create log file
2017-08-18 15:01:04Z Send 國際股市==>  Program Start
2017-08-18 15:01:04Z Send 國際股市==>  Program END 

Create log file
2017-08-18 15:50:20Z option_insert_daily Program Start
2017-08-18 15:50:20Z option_insert_daily Program END 

Create log file
2017-08-18 15:55:22Z Send Option_OIV_daily Program Start
2017-08-18 15:55:22Z Send Option_OIV_daily Program END 

Create log file
2017-08-18 16:01:02Z Send 國際股市==>  Program Start
2017-08-18 16:01:02Z Send 國際股市==>  Program END 

Create log file
2017-08-18 17:01:03Z Send 國際股市==>  Program Start
2017-08-18 17:01:03Z Send 國際股市==>  Program END 

Create log file
2017-08-18 18:01:03Z Send 國際股市==>  Program Start
2017-08-18 18:01:03Z Send 國際股市==>  Program END 

Create log file
2017-08-18 18:02:23Z Send 國際股市==>  Program Start
2017-08-18 18:02:23Z Send 國際股市==>  Program END 

Create log file
2017-08-18 18:02:57Z Send 國際股市==>  Program Start
2017-08-18 18:02:57Z Send 國際股市==>  Program END 

Create log file
2017-08-18 18:03:42Z Send 國際股市==>  Program Start
2017-08-18 18:03:42Z Send 國際股市==>  Program END 

Create log file
2017-08-18 18:04:10Z Send 國際股市==>  Program Start
2017-08-18 18:04:10Z Send 國際股市==>  Program END 

Create log file
2017-08-18 19:01:03Z Send 國際股市==>  Program Start
2017-08-18 19:01:03Z Send 國際股市==>  Program END 

Create log file
2017-08-18 19:02:24Z Send 國際股市==>  Program Start
2017-08-18 19:02:24Z Send 國際股市==>  Program END 

Create log file
2017-08-18 19:03:16Z Send 國際股市==>  Program Start
2017-08-18 19:03:16Z Send 國際股市==>  Program END 

Create log file
2017-08-18 19:03:40Z Send 國際股市==>  Program Start
2017-08-18 19:03:40Z Send 國際股市==>  Program END 

Create log file
2017-08-18 19:04:19Z Send 國際股市==>  Program Start
2017-08-18 19:04:19Z Send 國際股市==>  Program END 

Create log file
2017-08-18 19:04:47Z Send 國際股市==>  Program Start
2017-08-18 19:04:47Z Send 國際股市==>  Program END 

Create log file
2017-08-18 19:05:31Z Send 國際股市==>  Program Start
2017-08-18 19:05:31Z Send 國際股市==>  Program END 

Create log file
2017-08-18 20:01:01Z Send 國際股市==>  Program Start
2017-08-18 20:01:01Z Send 國際股市==>  Program END 

Create log file
2017-08-18 21:01:04Z Send 國際股市==>  Program Start
2017-08-18 21:01:04Z Send 國際股市==>  Program END 

Create log file
2017-08-18 22:01:02Z Send 國際股市==>  Program Start
2017-08-18 22:01:02Z Send 國際股市==>  Program END 

Create log file
2017-08-18 22:02:23Z Send 國際股市==>  Program Start
2017-08-18 22:02:23Z Send 國際股市==>  Program END 

Create log file
2017-08-18 22:03:04Z Send 國際股市==>  Program Start
2017-08-18 22:03:04Z Send 國際股市==>  Program END 

Create log file
2017-08-18 23:01:05Z Send 國際股市==>  Program Start
2017-08-18 23:01:05Z Send 國際股市==>  Program END 

Create log file
2017-08-18 23:02:19Z Send 國際股市==>  Program Start
2017-08-18 23:02:19Z Send 國際股市==>  Program END 

