Create log file
2017-01-03 00:01:02Z Send 國際股市==>  Program Start
2017-01-03 00:01:02Z Send 國際股市==>  Program END 

Create log file
2017-01-03 01:01:02Z Send 國際股市==>  Program Start
2017-01-03 01:01:02Z Send 國際股市==>  Program END 

Create log file
2017-01-03 08:01:04Z Send 國際股市==>  Program Start
2017-01-03 08:01:04Z Send 國際股市==>  Program END 

Create log file
2017-01-03 08:01:29Z Send 國際股市==>  Program Start
2017-01-03 08:01:29Z Send 國際股市==>  Program END 

Create log file
2017-01-03 08:01:52Z Send 國際股市==>  Program Start
2017-01-03 08:01:52Z Send 國際股市==>  Program END 

Create log file
2017-01-03 08:02:14Z Send 國際股市==>  Program Start
2017-01-03 08:02:14Z Send 國際股市==>  Program END 

Create log file
2017-01-03 08:46:07Z on time future report... Program Start
2017-01-03 08:46:07Z on time future report... Program END 

Create log file
2017-01-03 08:51:04Z on time future report... Program Start
2017-01-03 08:51:04Z on time future report... Program END 

Create log file
2017-01-03 08:56:03Z on time future report... Program Start
2017-01-03 08:56:03Z on time future report... Program END 

Create log file
2017-01-03 09:01:03Z Send 國際股市==>  Program Start
2017-01-03 09:01:03Z Send 國際股市==>  Program END 

Create log file
2017-01-03 09:01:04Z on time future report... Program Start
2017-01-03 09:01:04Z on time future report... Program END 

Create log file
2017-01-03 09:06:05Z on time future report... Program Start
2017-01-03 09:06:05Z on time future report... Program END 

Create log file
2017-01-03 09:11:09Z on time future report... Program Start
2017-01-03 09:11:09Z on time future report... Program END 

Create log file
2017-01-03 09:16:03Z on time future report... Program Start
2017-01-03 09:16:03Z on time future report... Program END 

Create log file
2017-01-03 09:21:03Z on time future report... Program Start
2017-01-03 09:21:03Z on time future report... Program END 

Create log file
2017-01-03 09:26:03Z on time future report... Program Start
2017-01-03 09:26:03Z on time future report... Program END 

Create log file
2017-01-03 09:31:03Z on time future report... Program Start
2017-01-03 09:31:03Z on time future report... Program END 

Create log file
2017-01-03 09:36:03Z on time future report... Program Start
2017-01-03 09:36:03Z on time future report... Program END 

Create log file
2017-01-03 09:41:03Z on time future report... Program Start
2017-01-03 09:41:03Z on time future report... Program END 

Create log file
2017-01-03 09:46:03Z on time future report... Program Start
2017-01-03 09:46:03Z on time future report... Program END 

Create log file
2017-01-03 09:51:03Z on time future report... Program Start
2017-01-03 09:51:03Z on time future report... Program END 

Create log file
2017-01-03 09:56:03Z on time future report... Program Start
2017-01-03 09:56:03Z on time future report... Program END 

Create log file
2017-01-03 10:01:04Z on time future report... Program Start
2017-01-03 10:01:04Z on time future report... Program END 

Create log file
2017-01-03 10:01:04Z Send 國際股市==>  Program Start
2017-01-03 10:01:04Z Send 國際股市==>  Program END 

Create log file
2017-01-03 10:06:03Z on time future report... Program Start
2017-01-03 10:06:03Z on time future report... Program END 

Create log file
2017-01-03 10:11:03Z on time future report... Program Start
2017-01-03 10:11:03Z on time future report... Program END 

Create log file
2017-01-03 10:16:03Z on time future report... Program Start
2017-01-03 10:16:03Z on time future report... Program END 

Create log file
2017-01-03 10:21:03Z on time future report... Program Start
2017-01-03 10:21:03Z on time future report... Program END 

Create log file
2017-01-03 10:26:03Z on time future report... Program Start
2017-01-03 10:26:03Z on time future report... Program END 

Create log file
2017-01-03 10:31:03Z on time future report... Program Start
2017-01-03 10:31:03Z on time future report... Program END 

Create log file
2017-01-03 10:36:03Z on time future report... Program Start
2017-01-03 10:36:03Z on time future report... Program END 

Create log file
2017-01-03 10:41:03Z on time future report... Program Start
2017-01-03 10:41:03Z on time future report... Program END 

Create log file
2017-01-03 10:46:03Z on time future report... Program Start
2017-01-03 10:46:03Z on time future report... Program END 

Create log file
2017-01-03 10:51:03Z on time future report... Program Start
2017-01-03 10:51:03Z on time future report... Program END 

Create log file
2017-01-03 10:56:03Z on time future report... Program Start
2017-01-03 10:56:03Z on time future report... Program END 

Create log file
2017-01-03 11:01:03Z Send 國際股市==>  Program Start
2017-01-03 11:01:03Z Send 國際股市==>  Program END 

Create log file
2017-01-03 11:01:04Z on time future report... Program Start
2017-01-03 11:01:04Z on time future report... Program END 

Create log file
2017-01-03 11:06:06Z on time future report... Program Start
2017-01-03 11:06:06Z on time future report... Program END 

Create log file
2017-01-03 11:11:03Z on time future report... Program Start
2017-01-03 11:11:03Z on time future report... Program END 

Create log file
2017-01-03 11:16:04Z on time future report... Program Start
2017-01-03 11:16:04Z on time future report... Program END 

Create log file
2017-01-03 11:21:03Z on time future report... Program Start
2017-01-03 11:21:03Z on time future report... Program END 

Create log file
2017-01-03 11:26:09Z on time future report... Program Start
2017-01-03 11:26:09Z on time future report... Program END 

Create log file
2017-01-03 11:31:03Z on time future report... Program Start
2017-01-03 11:31:03Z on time future report... Program END 

Create log file
2017-01-03 11:36:05Z on time future report... Program Start
2017-01-03 11:36:05Z on time future report... Program END 

Create log file
2017-01-03 11:41:03Z on time future report... Program Start
2017-01-03 11:41:03Z on time future report... Program END 

Create log file
2017-01-03 11:46:03Z on time future report... Program Start
2017-01-03 11:46:03Z on time future report... Program END 

Create log file
2017-01-03 11:51:03Z on time future report... Program Start
2017-01-03 11:51:03Z on time future report... Program END 

Create log file
2017-01-03 11:56:03Z on time future report... Program Start
2017-01-03 11:56:03Z on time future report... Program END 

Create log file
2017-01-03 12:01:03Z Send 國際股市==>  Program Start
2017-01-03 12:01:03Z Send 國際股市==>  Program END 

Create log file
2017-01-03 12:01:05Z on time future report... Program Start
2017-01-03 12:01:05Z on time future report... Program END 

Create log file
2017-01-03 12:06:07Z on time future report... Program Start
2017-01-03 12:06:07Z on time future report... Program END 

Create log file
2017-01-03 12:11:07Z on time future report... Program Start
2017-01-03 12:11:07Z on time future report... Program END 

Create log file
2017-01-03 12:16:03Z on time future report... Program Start
2017-01-03 12:16:03Z on time future report... Program END 

Create log file
2017-01-03 12:26:01Z on time future report... Program Start
2017-01-03 12:26:01Z on time future report... Program END 

Create log file
2017-01-03 12:31:01Z on time future report... Program Start
2017-01-03 12:31:01Z on time future report... Program END 

Create log file
2017-01-03 12:36:01Z on time future report... Program Start
2017-01-03 12:36:01Z on time future report... Program END 

Create log file
2017-01-03 12:41:01Z on time future report... Program Start
2017-01-03 12:41:01Z on time future report... Program END 

Create log file
2017-01-03 12:46:01Z on time future report... Program Start
2017-01-03 12:46:01Z on time future report... Program END 

Create log file
2017-01-03 12:51:01Z on time future report... Program Start
2017-01-03 12:51:01Z on time future report... Program END 

Create log file
2017-01-03 12:56:01Z on time future report... Program Start
2017-01-03 12:56:01Z on time future report... Program END 

Create log file
2017-01-03 13:01:03Z on time future report... Program Start
2017-01-03 13:01:03Z on time future report... Program END 

Create log file
2017-01-03 13:01:04Z Send 國際股市==>  Program Start
2017-01-03 13:01:04Z Send 國際股市==>  Program END 

Create log file
2017-01-03 13:06:02Z on time future report... Program Start
2017-01-03 13:06:02Z on time future report... Program END 

Create log file
2017-01-03 13:11:01Z on time future report... Program Start
2017-01-03 13:11:01Z on time future report... Program END 

Create log file
2017-01-03 13:16:01Z on time future report... Program Start
2017-01-03 13:16:01Z on time future report... Program END 

Create log file
2017-01-03 13:21:01Z on time future report... Program Start
2017-01-03 13:21:01Z on time future report... Program END 

Create log file
2017-01-03 13:26:01Z on time future report... Program Start
2017-01-03 13:26:01Z on time future report... Program END 

Create log file
2017-01-03 13:31:02Z on time future report... Program Start
2017-01-03 13:31:02Z on time future report... Program END 

Create log file
2017-01-03 13:36:01Z on time future report... Program Start
2017-01-03 13:36:01Z on time future report... Program END 

Create log file
2017-01-03 13:41:01Z on time future report... Program Start
2017-01-03 13:41:01Z on time future report... Program END 

Create log file
2017-01-03 13:46:02Z on time future report... Program Start
2017-01-03 13:46:02Z on time future report... Program END 

Create log file
2017-01-03 14:01:02Z Send 國際股市==>  Program Start
2017-01-03 14:01:02Z Send 國際股市==>  Program END 

Create log file
2017-01-03 15:01:03Z Send 國際股市==>  Program Start
2017-01-03 15:01:03Z Send 國際股市==>  Program END 

Create log file
2017-01-03 15:50:14Z option_insert_daily Program Start
2017-01-03 15:50:14Z option_insert_daily Program END 

Create log file
2017-01-03 16:01:03Z Send 國際股市==>  Program Start
2017-01-03 16:01:03Z Send 國際股市==>  Program END 

Create log file
2017-01-03 17:01:03Z Send 國際股市==>  Program Start
2017-01-03 17:01:03Z Send 國際股市==>  Program END 

Create log file
2017-01-03 18:01:02Z Send 國際股市==>  Program Start
2017-01-03 18:01:02Z Send 國際股市==>  Program END 

Create log file
2017-01-03 18:01:28Z Send 國際股市==>  Program Start
2017-01-03 18:01:28Z Send 國際股市==>  Program END 

Create log file
2017-01-03 18:01:49Z Send 國際股市==>  Program Start
2017-01-03 18:01:49Z Send 國際股市==>  Program END 

Create log file
2017-01-03 18:02:12Z Send 國際股市==>  Program Start
2017-01-03 18:02:12Z Send 國際股市==>  Program END 

Create log file
2017-01-03 18:02:35Z Send 國際股市==>  Program Start
2017-01-03 18:02:35Z Send 國際股市==>  Program END 

Create log file
2017-01-03 19:01:03Z Send 國際股市==>  Program Start
2017-01-03 19:01:03Z Send 國際股市==>  Program END 

Create log file
2017-01-03 19:01:28Z Send 國際股市==>  Program Start
2017-01-03 19:01:28Z Send 國際股市==>  Program END 

Create log file
2017-01-03 19:01:52Z Send 國際股市==>  Program Start
2017-01-03 19:01:52Z Send 國際股市==>  Program END 

Create log file
2017-01-03 19:02:12Z Send 國際股市==>  Program Start
2017-01-03 19:02:12Z Send 國際股市==>  Program END 

Create log file
2017-01-03 19:02:35Z Send 國際股市==>  Program Start
2017-01-03 19:02:35Z Send 國際股市==>  Program END 

Create log file
2017-01-03 19:02:55Z Send 國際股市==>  Program Start
2017-01-03 19:02:55Z Send 國際股市==>  Program END 

Create log file
2017-01-03 19:03:19Z Send 國際股市==>  Program Start
2017-01-03 19:03:19Z Send 國際股市==>  Program END 

Create log file
2017-01-03 20:01:02Z Send 國際股市==>  Program Start
2017-01-03 20:01:02Z Send 國際股市==>  Program END 

Create log file
2017-01-03 20:10:03Z stock_data_daily_create_file Program Start
2017-01-03 20:10:03Z stock_data_daily_create_file Program END 

Create log file
2017-01-03 20:30:22Z Send 股市氣象台電子報-今日我最夯<==Strong_UP==>  Program Start
2017-01-03 20:30:22Z Send 股市氣象台電子報-今日我最夯<==Strong_UP==>  Program END 

Create log file
2017-01-03 21:01:08Z Send 國際股市==>  Program Start
2017-01-03 21:01:08Z Send 國際股市==>  Program END 

Create log file
2017-01-03 21:32:02Z Query Stock_id is 6005 Program Start
2017-01-03 21:32:02Z Query Stock_id is 6005 Program END 

Create log file
2017-01-03 21:32:03Z Query Stock_id is 2883 Program Start
2017-01-03 21:32:03Z Query Stock_id is 2883 Program END 

Create log file
2017-01-03 21:32:03Z Query Stock_id is 3481 Program Start
2017-01-03 21:32:03Z Query Stock_id is 3481 Program END 

Create log file
2017-01-03 21:32:03Z Query Stock_id is 2317 Program Start
2017-01-03 21:32:03Z Query Stock_id is 2317 Program END 

Create log file
2017-01-03 21:32:03Z Query Stock_id is 2881 Program Start
2017-01-03 21:32:03Z Query Stock_id is 2881 Program END 

Create log file
2017-01-03 21:32:03Z Query Stock_id is 1301 Program Start
2017-01-03 21:32:03Z Query Stock_id is 1301 Program END 

Create log file
2017-01-03 21:32:03Z Query Stock_id is 1326 Program Start
2017-01-03 21:32:03Z Query Stock_id is 1326 Program END 

Create log file
2017-01-03 21:32:03Z Query Stock_id is 2887 Program Start
2017-01-03 21:32:03Z Query Stock_id is 2887 Program END 

Create log file
2017-01-03 21:32:04Z Query Stock_id is 2892 Program Start
2017-01-03 21:32:04Z Query Stock_id is 2892 Program END 

Create log file
2017-01-03 21:32:04Z Query Stock_id is 2882 Program Start
2017-01-03 21:32:04Z Query Stock_id is 2882 Program END 

Create log file
2017-01-03 21:32:04Z Query Stock_id is 1303 Program Start
2017-01-03 21:32:04Z Query Stock_id is 1303 Program END 

Create log file
2017-01-03 21:32:04Z Query Stock_id is 2408 Program Start
2017-01-03 21:32:04Z Query Stock_id is 2408 Program END 

Create log file
2017-01-03 22:01:03Z Send 國際股市==>  Program Start
2017-01-03 22:01:03Z Send 國際股市==>  Program END 

Create log file
2017-01-03 22:01:29Z Send 國際股市==>  Program Start
2017-01-03 22:01:29Z Send 國際股市==>  Program END 

Create log file
2017-01-03 23:01:01Z Send 國際股市==>  Program Start
2017-01-03 23:01:01Z Send 國際股市==>  Program END 

Create log file
2017-01-03 23:01:24Z Send 國際股市==>  Program Start
2017-01-03 23:01:24Z Send 國際股市==>  Program END 

