Create log file
2017-01-04 00:01:01Z Send 國際股市==>  Program Start
2017-01-04 00:01:01Z Send 國際股市==>  Program END 

Create log file
2017-01-04 01:01:05Z Send 國際股市==>  Program Start
2017-01-04 01:01:05Z Send 國際股市==>  Program END 

Create log file
2017-01-04 08:01:07Z Send 國際股市==>  Program Start
2017-01-04 08:01:07Z Send 國際股市==>  Program END 

Create log file
2017-01-04 08:01:28Z Send 國際股市==>  Program Start
2017-01-04 08:01:28Z Send 國際股市==>  Program END 

Create log file
2017-01-04 08:01:50Z Send 國際股市==>  Program Start
2017-01-04 08:01:50Z Send 國際股市==>  Program END 

Create log file
2017-01-04 08:46:05Z on time future report... Program Start
2017-01-04 08:46:05Z on time future report... Program END 

Create log file
2017-01-04 08:51:03Z on time future report... Program Start
2017-01-04 08:51:03Z on time future report... Program END 

Create log file
2017-01-04 08:56:04Z on time future report... Program Start
2017-01-04 08:56:04Z on time future report... Program END 

Create log file
2017-01-04 09:01:01Z Send 國際股市==>  Program Start
2017-01-04 09:01:01Z Send 國際股市==>  Program END 

Create log file
2017-01-04 09:01:04Z on time future report... Program Start
2017-01-04 09:01:04Z on time future report... Program END 

Create log file
2017-01-04 09:06:04Z on time future report... Program Start
2017-01-04 09:06:04Z on time future report... Program END 

Create log file
2017-01-04 09:11:03Z on time future report... Program Start
2017-01-04 09:11:03Z on time future report... Program END 

Create log file
2017-01-04 09:16:03Z on time future report... Program Start
2017-01-04 09:16:03Z on time future report... Program END 

Create log file
2017-01-04 09:21:08Z on time future report... Program Start
2017-01-04 09:21:08Z on time future report... Program END 

Create log file
2017-01-04 09:26:03Z on time future report... Program Start
2017-01-04 09:26:03Z on time future report... Program END 

Create log file
2017-01-04 09:31:03Z on time future report... Program Start
2017-01-04 09:31:03Z on time future report... Program END 

Create log file
2017-01-04 09:36:03Z on time future report... Program Start
2017-01-04 09:36:03Z on time future report... Program END 

Create log file
2017-01-04 09:41:03Z on time future report... Program Start
2017-01-04 09:41:03Z on time future report... Program END 

Create log file
2017-01-04 09:46:03Z on time future report... Program Start
2017-01-04 09:46:03Z on time future report... Program END 

Create log file
2017-01-04 09:51:04Z on time future report... Program Start
2017-01-04 09:51:04Z on time future report... Program END 

Create log file
2017-01-04 09:56:03Z on time future report... Program Start
2017-01-04 09:56:03Z on time future report... Program END 

Create log file
2017-01-04 10:01:02Z Send 國際股市==>  Program Start
2017-01-04 10:01:02Z Send 國際股市==>  Program END 

Create log file
2017-01-04 10:01:06Z on time future report... Program Start
2017-01-04 10:01:06Z on time future report... Program END 

Create log file
2017-01-04 10:06:08Z on time future report... Program Start
2017-01-04 10:06:08Z on time future report... Program END 

Create log file
2017-01-04 10:11:08Z on time future report... Program Start
2017-01-04 10:11:08Z on time future report... Program END 

Create log file
2017-01-04 10:16:03Z on time future report... Program Start
2017-01-04 10:16:03Z on time future report... Program END 

Create log file
2017-01-04 10:21:03Z on time future report... Program Start
2017-01-04 10:21:03Z on time future report... Program END 

Create log file
2017-01-04 10:26:03Z on time future report... Program Start
2017-01-04 10:26:03Z on time future report... Program END 

Create log file
2017-01-04 10:31:03Z on time future report... Program Start
2017-01-04 10:31:03Z on time future report... Program END 

Create log file
2017-01-04 10:36:03Z on time future report... Program Start
2017-01-04 10:36:03Z on time future report... Program END 

Create log file
2017-01-04 10:41:03Z on time future report... Program Start
2017-01-04 10:41:03Z on time future report... Program END 

Create log file
2017-01-04 10:46:05Z on time future report... Program Start
2017-01-04 10:46:05Z on time future report... Program END 

Create log file
2017-01-04 10:51:03Z on time future report... Program Start
2017-01-04 10:51:03Z on time future report... Program END 

Create log file
2017-01-04 10:56:03Z on time future report... Program Start
2017-01-04 10:56:03Z on time future report... Program END 

Create log file
2017-01-04 11:01:01Z Send 國際股市==>  Program Start
2017-01-04 11:01:01Z Send 國際股市==>  Program END 

Create log file
2017-01-04 11:01:04Z on time future report... Program Start
2017-01-04 11:01:04Z on time future report... Program END 

Create log file
2017-01-04 11:06:03Z on time future report... Program Start
2017-01-04 11:06:03Z on time future report... Program END 

Create log file
2017-01-04 11:11:03Z on time future report... Program Start
2017-01-04 11:11:03Z on time future report... Program END 

Create log file
2017-01-04 11:16:03Z on time future report... Program Start
2017-01-04 11:16:03Z on time future report... Program END 

Create log file
2017-01-04 11:21:03Z on time future report... Program Start
2017-01-04 11:21:03Z on time future report... Program END 

Create log file
2017-01-04 11:26:08Z on time future report... Program Start
2017-01-04 11:26:08Z on time future report... Program END 

Create log file
2017-01-04 11:31:03Z on time future report... Program Start
2017-01-04 11:31:03Z on time future report... Program END 

Create log file
2017-01-04 11:36:05Z on time future report... Program Start
2017-01-04 11:36:05Z on time future report... Program END 

Create log file
2017-01-04 11:41:03Z on time future report... Program Start
2017-01-04 11:41:03Z on time future report... Program END 

Create log file
2017-01-04 11:46:05Z on time future report... Program Start
2017-01-04 11:46:05Z on time future report... Program END 

Create log file
2017-01-04 11:51:03Z on time future report... Program Start
2017-01-04 11:51:03Z on time future report... Program END 

Create log file
2017-01-04 11:56:03Z on time future report... Program Start
2017-01-04 11:56:03Z on time future report... Program END 

Create log file
2017-01-04 12:01:02Z Send 國際股市==>  Program Start
2017-01-04 12:01:02Z Send 國際股市==>  Program END 

Create log file
2017-01-04 12:01:05Z on time future report... Program Start
2017-01-04 12:01:05Z on time future report... Program END 

Create log file
2017-01-04 12:06:03Z on time future report... Program Start
2017-01-04 12:06:03Z on time future report... Program END 

Create log file
2017-01-04 12:11:03Z on time future report... Program Start
2017-01-04 12:11:03Z on time future report... Program END 

Create log file
2017-01-04 12:16:07Z on time future report... Program Start
2017-01-04 12:16:07Z on time future report... Program END 

Create log file
2017-01-04 12:21:04Z on time future report... Program Start
2017-01-04 12:21:04Z on time future report... Program END 

Create log file
2017-01-04 20:20:38Z stock_data_insert_daily Program Start
2017-01-04 20:20:38Z stock_data_insert_daily Program END 

Create log file
2017-01-04 20:30:26Z Send 股市氣象台電子報-今日我最夯<==Strong_UP==>  Program Start
2017-01-04 20:30:26Z Send 股市氣象台電子報-今日我最夯<==Strong_UP==>  Program END 

Create log file
2017-01-04 20:30:32Z Query Stock_id is 3481 Program Start
2017-01-04 20:30:32Z Query Stock_id is 3481 Program END 

Create log file
2017-01-04 20:30:32Z Query Stock_id is 1909 Program Start
2017-01-04 20:30:32Z Query Stock_id is 1909 Program END 

Create log file
2017-01-04 20:30:32Z Query Stock_id is 4938 Program Start
2017-01-04 20:30:32Z Query Stock_id is 4938 Program END 

Create log file
2017-01-04 20:30:32Z Query Stock_id is 2352 Program Start
2017-01-04 20:30:32Z Query Stock_id is 2352 Program END 

Create log file
2017-01-04 20:30:32Z Query Stock_id is 2887 Program Start
2017-01-04 20:30:32Z Query Stock_id is 2887 Program END 

Create log file
2017-01-04 20:30:32Z Query Stock_id is 2885 Program Start
2017-01-04 20:30:32Z Query Stock_id is 2885 Program END 

Create log file
2017-01-04 20:30:33Z Query Stock_id is 2883 Program Start
2017-01-04 20:30:33Z Query Stock_id is 2883 Program END 

Create log file
2017-01-04 20:30:33Z Query Stock_id is 2317 Program Start
2017-01-04 20:30:33Z Query Stock_id is 2317 Program END 

Create log file
2017-01-04 20:30:34Z Query Stock_id is 3231 Program Start
2017-01-04 20:30:34Z Query Stock_id is 3231 Program END 

