Create log file
2018-03-29 08:01:03Z Send 國際股市==>  Program Start
2018-03-29 08:01:03Z Send 國際股市==>  Program END 

Create log file
2018-03-29 08:01:32Z Send 國際股市==>  Program Start
2018-03-29 08:01:32Z Send 國際股市==>  Program END 

Create log file
2018-03-29 08:02:01Z Send 國際股市==>  Program Start
2018-03-29 08:02:01Z Send 國際股市==>  Program END 

Create log file
2018-03-29 15:50:27Z option_insert_daily Program Start
2018-03-29 15:50:27Z option_insert_daily Program END 

Create log file
2018-03-29 15:55:50Z Send Option_OIV_daily Program Start
2018-03-29 15:55:50Z Send Option_OIV_daily Program END 

Create log file
2018-03-29 18:01:03Z Send 國際股市==>  Program Start
2018-03-29 18:01:03Z Send 國際股市==>  Program END 

Create log file
2018-03-29 18:01:29Z Send 國際股市==>  Program Start
2018-03-29 18:01:29Z Send 國際股市==>  Program END 

Create log file
2018-03-29 18:01:57Z Send 國際股市==>  Program Start
2018-03-29 18:01:57Z Send 國際股市==>  Program END 

Create log file
2018-03-29 19:01:04Z Send 國際股市==>  Program Start
2018-03-29 19:01:04Z Send 國際股市==>  Program END 

Create log file
2018-03-29 19:01:27Z Send 國際股市==>  Program Start
2018-03-29 19:01:27Z Send 國際股市==>  Program END 

Create log file
2018-03-29 19:01:50Z Send 國際股市==>  Program Start
2018-03-29 19:01:50Z Send 國際股市==>  Program END 

Create log file
2018-03-29 19:02:16Z Send 國際股市==>  Program Start
2018-03-29 19:02:16Z Send 國際股市==>  Program END 

Create log file
2018-03-29 19:02:38Z Send 國際股市==>  Program Start
2018-03-29 19:02:38Z Send 國際股市==>  Program END 

Create log file
2018-03-29 22:01:05Z Send 國際股市==>  Program Start
2018-03-29 22:01:05Z Send 國際股市==>  Program END 

Create log file
2018-03-29 22:01:33Z Send 國際股市==>  Program Start
2018-03-29 22:01:33Z Send 國際股市==>  Program END 

Create log file
2018-03-29 23:01:02Z Send 國際股市==>  Program Start
2018-03-29 23:01:02Z Send 國際股市==>  Program END 

