Create log file
2018-04-18 08:01:03Z Send 國際股市==>  Program Start
2018-04-18 08:01:03Z Send 國際股市==>  Program END 

Create log file
2018-04-18 08:01:32Z Send 國際股市==>  Program Start
2018-04-18 08:01:32Z Send 國際股市==>  Program END 

Create log file
2018-04-18 08:02:01Z Send 國際股市==>  Program Start
2018-04-18 08:02:01Z Send 國際股市==>  Program END 

Create log file
2018-04-18 15:50:24Z option_insert_daily Program Start
2018-04-18 15:50:24Z option_insert_daily Program END 

Create log file
2018-04-18 18:01:02Z Send 國際股市==>  Program Start
2018-04-18 18:01:02Z Send 國際股市==>  Program END 

Create log file
2018-04-18 18:01:29Z Send 國際股市==>  Program Start
2018-04-18 18:01:29Z Send 國際股市==>  Program END 

Create log file
2018-04-18 18:01:57Z Send 國際股市==>  Program Start
2018-04-18 18:01:57Z Send 國際股市==>  Program END 

Create log file
2018-04-18 19:01:03Z Send 國際股市==>  Program Start
2018-04-18 19:01:03Z Send 國際股市==>  Program END 

Create log file
2018-04-18 19:01:26Z Send 國際股市==>  Program Start
2018-04-18 19:01:26Z Send 國際股市==>  Program END 

Create log file
2018-04-18 19:01:49Z Send 國際股市==>  Program Start
2018-04-18 19:01:49Z Send 國際股市==>  Program END 

Create log file
2018-04-18 19:02:14Z Send 國際股市==>  Program Start
2018-04-18 19:02:14Z Send 國際股市==>  Program END 

Create log file
2018-04-18 19:02:38Z Send 國際股市==>  Program Start
2018-04-18 19:02:38Z Send 國際股市==>  Program END 

Create log file
2018-04-18 22:01:03Z Send 國際股市==>  Program Start
2018-04-18 22:01:03Z Send 國際股市==>  Program END 

Create log file
2018-04-18 22:01:35Z Send 國際股市==>  Program Start
2018-04-18 22:01:35Z Send 國際股市==>  Program END 

Create log file
2018-04-18 23:01:02Z Send 國際股市==>  Program Start
2018-04-18 23:01:02Z Send 國際股市==>  Program END 

