Create log file
2018-02-01 00:01:01Z Send 國際股市==>  Program Start
2018-02-01 00:01:01Z Send 國際股市==>  Program END 

Create log file
2018-02-01 01:01:01Z Send 國際股市==>  Program Start
2018-02-01 01:01:01Z Send 國際股市==>  Program END 

Create log file
2018-02-01 08:01:02Z Send 國際股市==>  Program Start
2018-02-01 08:01:02Z Send 國際股市==>  Program END 

Create log file
2018-02-01 08:01:39Z Send 國際股市==>  Program Start
2018-02-01 08:01:39Z Send 國際股市==>  Program END 

Create log file
2018-02-01 08:02:08Z Send 國際股市==>  Program Start
2018-02-01 08:02:08Z Send 國際股市==>  Program END 

Create log file
2018-02-01 08:02:36Z Send 國際股市==>  Program Start
2018-02-01 08:02:36Z Send 國際股市==>  Program END 

Create log file
2018-02-01 09:01:01Z Send 國際股市==>  Program Start
2018-02-01 09:01:01Z Send 國際股市==>  Program END 

Create log file
2018-02-01 10:01:02Z Send 國際股市==>  Program Start
2018-02-01 10:01:02Z Send 國際股市==>  Program END 

Create log file
2018-02-01 11:01:02Z Send 國際股市==>  Program Start
2018-02-01 11:01:02Z Send 國際股市==>  Program END 

Create log file
2018-02-01 12:01:02Z Send 國際股市==>  Program Start
2018-02-01 12:01:02Z Send 國際股市==>  Program END 

Create log file
2018-02-01 13:01:01Z Send 國際股市==>  Program Start
2018-02-01 13:01:01Z Send 國際股市==>  Program END 

Create log file
2018-02-01 14:01:01Z Send 國際股市==>  Program Start
2018-02-01 14:01:01Z Send 國際股市==>  Program END 

Create log file
2018-02-01 15:01:01Z Send 國際股市==>  Program Start
2018-02-01 15:01:01Z Send 國際股市==>  Program END 

Create log file
2018-02-01 15:50:28Z option_insert_daily Program Start
2018-02-01 15:50:28Z option_insert_daily Program END 

Create log file
2018-02-01 15:55:36Z Send Option_OIV_daily Program Start
2018-02-01 15:55:36Z Send Option_OIV_daily Program END 

Create log file
2018-02-01 16:01:01Z Send 國際股市==>  Program Start
2018-02-01 16:01:01Z Send 國際股市==>  Program END 

Create log file
2018-02-01 17:01:02Z Send 國際股市==>  Program Start
2018-02-01 17:01:02Z Send 國際股市==>  Program END 

Create log file
2018-02-01 18:01:02Z Send 國際股市==>  Program Start
2018-02-01 18:01:02Z Send 國際股市==>  Program END 

Create log file
2018-02-01 18:01:39Z Send 國際股市==>  Program Start
2018-02-01 18:01:39Z Send 國際股市==>  Program END 

Create log file
2018-02-01 18:02:05Z Send 國際股市==>  Program Start
2018-02-01 18:02:05Z Send 國際股市==>  Program END 

Create log file
2018-02-01 18:02:33Z Send 國際股市==>  Program Start
2018-02-01 18:02:33Z Send 國際股市==>  Program END 

Create log file
2018-02-01 18:02:56Z Send 國際股市==>  Program Start
2018-02-01 18:02:56Z Send 國際股市==>  Program END 

Create log file
2018-02-01 19:01:01Z Send 國際股市==>  Program Start
2018-02-01 19:01:01Z Send 國際股市==>  Program END 

Create log file
2018-02-01 19:01:36Z Send 國際股市==>  Program Start
2018-02-01 19:01:36Z Send 國際股市==>  Program END 

Create log file
2018-02-01 19:02:00Z Send 國際股市==>  Program Start
2018-02-01 19:02:00Z Send 國際股市==>  Program END 

Create log file
2018-02-01 19:02:23Z Send 國際股市==>  Program Start
2018-02-01 19:02:23Z Send 國際股市==>  Program END 

Create log file
2018-02-01 20:01:02Z Send 國際股市==>  Program Start
2018-02-01 20:01:02Z Send 國際股市==>  Program END 

Create log file
2018-02-01 21:01:02Z Send 國際股市==>  Program Start
2018-02-01 21:01:02Z Send 國際股市==>  Program END 

Create log file
2018-02-01 22:01:02Z Send 國際股市==>  Program Start
2018-02-01 22:01:02Z Send 國際股市==>  Program END 

Create log file
2018-02-01 22:01:38Z Send 國際股市==>  Program Start
2018-02-01 22:01:38Z Send 國際股市==>  Program END 

Create log file
2018-02-01 22:02:08Z Send 國際股市==>  Program Start
2018-02-01 22:02:08Z Send 國際股市==>  Program END 

Create log file
2018-02-01 23:01:01Z Send 國際股市==>  Program Start
2018-02-01 23:01:01Z Send 國際股市==>  Program END 

Create log file
2018-02-01 23:01:39Z Send 國際股市==>  Program Start
2018-02-01 23:01:39Z Send 國際股市==>  Program END 

