Create log file
2018-01-30 00:01:04Z Send 國際股市==>  Program Start
2018-01-30 00:01:04Z Send 國際股市==>  Program END 

Create log file
2018-01-30 01:01:04Z Send 國際股市==>  Program Start
2018-01-30 01:01:04Z Send 國際股市==>  Program END 

Create log file
2018-01-30 08:01:01Z Send 國際股市==>  Program Start
2018-01-30 08:01:01Z Send 國際股市==>  Program END 

Create log file
2018-01-30 08:01:40Z Send 國際股市==>  Program Start
2018-01-30 08:01:40Z Send 國際股市==>  Program END 

Create log file
2018-01-30 08:02:08Z Send 國際股市==>  Program Start
2018-01-30 08:02:08Z Send 國際股市==>  Program END 

Create log file
2018-01-30 08:02:37Z Send 國際股市==>  Program Start
2018-01-30 08:02:37Z Send 國際股市==>  Program END 

Create log file
2018-01-30 09:01:01Z Send 國際股市==>  Program Start
2018-01-30 09:01:01Z Send 國際股市==>  Program END 

Create log file
2018-01-30 10:01:01Z Send 國際股市==>  Program Start
2018-01-30 10:01:01Z Send 國際股市==>  Program END 

Create log file
2018-01-30 11:01:01Z Send 國際股市==>  Program Start
2018-01-30 11:01:01Z Send 國際股市==>  Program END 

Create log file
2018-01-30 12:01:02Z Send 國際股市==>  Program Start
2018-01-30 12:01:02Z Send 國際股市==>  Program END 

Create log file
2018-01-30 13:01:01Z Send 國際股市==>  Program Start
2018-01-30 13:01:01Z Send 國際股市==>  Program END 

Create log file
2018-01-30 14:01:01Z Send 國際股市==>  Program Start
2018-01-30 14:01:01Z Send 國際股市==>  Program END 

Create log file
2018-01-30 15:01:01Z Send 國際股市==>  Program Start
2018-01-30 15:01:01Z Send 國際股市==>  Program END 

Create log file
2018-01-30 15:50:28Z option_insert_daily Program Start
2018-01-30 15:50:28Z option_insert_daily Program END 

Create log file
2018-01-30 15:55:54Z Send Option_OIV_daily Program Start
2018-01-30 15:55:54Z Send Option_OIV_daily Program END 

Create log file
2018-01-30 16:01:01Z Send 國際股市==>  Program Start
2018-01-30 16:01:01Z Send 國際股市==>  Program END 

Create log file
2018-01-30 17:01:01Z Send 國際股市==>  Program Start
2018-01-30 17:01:01Z Send 國際股市==>  Program END 

Create log file
2018-01-30 18:01:01Z Send 國際股市==>  Program Start
2018-01-30 18:01:01Z Send 國際股市==>  Program END 

Create log file
2018-01-30 18:01:37Z Send 國際股市==>  Program Start
2018-01-30 18:01:37Z Send 國際股市==>  Program END 

Create log file
2018-01-30 18:02:03Z Send 國際股市==>  Program Start
2018-01-30 18:02:03Z Send 國際股市==>  Program END 

Create log file
2018-01-30 18:02:34Z Send 國際股市==>  Program Start
2018-01-30 18:02:34Z Send 國際股市==>  Program END 

Create log file
2018-01-30 18:02:57Z Send 國際股市==>  Program Start
2018-01-30 18:02:57Z Send 國際股市==>  Program END 

Create log file
2018-01-30 19:01:01Z Send 國際股市==>  Program Start
2018-01-30 19:01:01Z Send 國際股市==>  Program END 

Create log file
2018-01-30 19:01:37Z Send 國際股市==>  Program Start
2018-01-30 19:01:37Z Send 國際股市==>  Program END 

Create log file
2018-01-30 19:02:01Z Send 國際股市==>  Program Start
2018-01-30 19:02:01Z Send 國際股市==>  Program END 

Create log file
2018-01-30 19:02:24Z Send 國際股市==>  Program Start
2018-01-30 19:02:24Z Send 國際股市==>  Program END 

Create log file
2018-01-30 19:02:49Z Send 國際股市==>  Program Start
2018-01-30 19:02:49Z Send 國際股市==>  Program END 

Create log file
2018-01-30 19:03:11Z Send 國際股市==>  Program Start
2018-01-30 19:03:11Z Send 國際股市==>  Program END 

Create log file
2018-01-30 19:03:40Z Send 國際股市==>  Program Start
2018-01-30 19:03:40Z Send 國際股市==>  Program END 

Create log file
2018-01-30 20:01:01Z Send 國際股市==>  Program Start
2018-01-30 20:01:01Z Send 國際股市==>  Program END 

Create log file
2018-01-30 21:01:02Z Send 國際股市==>  Program Start
2018-01-30 21:01:02Z Send 國際股市==>  Program END 

Create log file
2018-01-30 22:01:01Z Send 國際股市==>  Program Start
2018-01-30 22:01:01Z Send 國際股市==>  Program END 

Create log file
2018-01-30 22:01:38Z Send 國際股市==>  Program Start
2018-01-30 22:01:38Z Send 國際股市==>  Program END 

Create log file
2018-01-30 22:02:06Z Send 國際股市==>  Program Start
2018-01-30 22:02:06Z Send 國際股市==>  Program END 

Create log file
2018-01-30 23:01:01Z Send 國際股市==>  Program Start
2018-01-30 23:01:01Z Send 國際股市==>  Program END 

Create log file
2018-01-30 23:01:38Z Send 國際股市==>  Program Start
2018-01-30 23:01:38Z Send 國際股市==>  Program END 

