Create log file
2018-03-23 08:01:03Z Send 國際股市==>  Program Start
2018-03-23 08:01:03Z Send 國際股市==>  Program END 

Create log file
2018-03-23 15:50:26Z option_insert_daily Program Start
2018-03-23 15:50:26Z option_insert_daily Program END 

Create log file
2018-03-23 15:55:52Z Send Option_OIV_daily Program Start
2018-03-23 15:55:52Z Send Option_OIV_daily Program END 

Create log file
2018-03-23 18:01:01Z Send 國際股市==>  Program Start
2018-03-23 18:01:01Z Send 國際股市==>  Program END 

Create log file
2018-03-23 18:01:28Z Send 國際股市==>  Program Start
2018-03-23 18:01:28Z Send 國際股市==>  Program END 

Create log file
2018-03-23 18:01:56Z Send 國際股市==>  Program Start
2018-03-23 18:01:56Z Send 國際股市==>  Program END 

Create log file
2018-03-23 19:01:01Z Send 國際股市==>  Program Start
2018-03-23 19:01:01Z Send 國際股市==>  Program END 

Create log file
2018-03-23 19:01:25Z Send 國際股市==>  Program Start
2018-03-23 19:01:25Z Send 國際股市==>  Program END 

Create log file
2018-03-23 19:01:47Z Send 國際股市==>  Program Start
2018-03-23 19:01:47Z Send 國際股市==>  Program END 

Create log file
2018-03-23 19:02:13Z Send 國際股市==>  Program Start
2018-03-23 19:02:13Z Send 國際股市==>  Program END 

Create log file
2018-03-23 19:02:36Z Send 國際股市==>  Program Start
2018-03-23 19:02:36Z Send 國際股市==>  Program END 

Create log file
2018-03-23 22:01:07Z Send 國際股市==>  Program Start
2018-03-23 22:01:07Z Send 國際股市==>  Program END 

Create log file
2018-03-23 23:01:01Z Send 國際股市==>  Program Start
2018-03-23 23:01:01Z Send 國際股市==>  Program END 

