Create log file
2018-02-13 00:01:07Z Send 國際股市==>  Program Start
2018-02-13 00:01:07Z Send 國際股市==>  Program END 

Create log file
2018-02-13 01:01:06Z Send 國際股市==>  Program Start
2018-02-13 01:01:06Z Send 國際股市==>  Program END 

Create log file
2018-02-13 08:01:05Z Send 國際股市==>  Program Start
2018-02-13 08:01:05Z Send 國際股市==>  Program END 

Create log file
2018-02-13 08:01:29Z Send 國際股市==>  Program Start
2018-02-13 08:01:29Z Send 國際股市==>  Program END 

Create log file
2018-02-13 08:01:57Z Send 國際股市==>  Program Start
2018-02-13 08:01:57Z Send 國際股市==>  Program END 

Create log file
2018-02-13 08:02:24Z Send 國際股市==>  Program Start
2018-02-13 08:02:24Z Send 國際股市==>  Program END 

Create log file
2018-02-13 09:01:04Z Send 國際股市==>  Program Start
2018-02-13 09:01:04Z Send 國際股市==>  Program END 

Create log file
2018-02-13 10:01:13Z Send 國際股市==>  Program Start
2018-02-13 10:01:13Z Send 國際股市==>  Program END 

Create log file
2018-02-13 11:01:02Z Send 國際股市==>  Program Start
2018-02-13 11:01:02Z Send 國際股市==>  Program END 

Create log file
2018-02-13 12:01:02Z Send 國際股市==>  Program Start
2018-02-13 12:01:02Z Send 國際股市==>  Program END 

Create log file
2018-02-13 13:01:03Z Send 國際股市==>  Program Start
2018-02-13 13:01:03Z Send 國際股市==>  Program END 

Create log file
2018-02-13 14:01:02Z Send 國際股市==>  Program Start
2018-02-13 14:01:02Z Send 國際股市==>  Program END 

Create log file
2018-02-13 15:01:02Z Send 國際股市==>  Program Start
2018-02-13 15:01:02Z Send 國際股市==>  Program END 

Create log file
2018-02-13 15:50:27Z option_insert_daily Program Start
2018-02-13 15:50:27Z option_insert_daily Program END 

Create log file
2018-02-13 15:56:03Z Send Option_OIV_daily Program Start
2018-02-13 15:56:03Z Send Option_OIV_daily Program END 

Create log file
2018-02-13 16:01:03Z Send 國際股市==>  Program Start
2018-02-13 16:01:03Z Send 國際股市==>  Program END 

Create log file
2018-02-13 17:01:02Z Send 國際股市==>  Program Start
2018-02-13 17:01:02Z Send 國際股市==>  Program END 

Create log file
2018-02-13 18:01:02Z Send 國際股市==>  Program Start
2018-02-13 18:01:02Z Send 國際股市==>  Program END 

Create log file
2018-02-13 18:01:38Z Send 國際股市==>  Program Start
2018-02-13 18:01:38Z Send 國際股市==>  Program END 

Create log file
2018-02-13 18:02:04Z Send 國際股市==>  Program Start
2018-02-13 18:02:04Z Send 國際股市==>  Program END 

Create log file
2018-02-13 18:02:32Z Send 國際股市==>  Program Start
2018-02-13 18:02:32Z Send 國際股市==>  Program END 

Create log file
2018-02-13 18:02:55Z Send 國際股市==>  Program Start
2018-02-13 18:02:55Z Send 國際股市==>  Program END 

Create log file
2018-02-13 19:01:03Z Send 國際股市==>  Program Start
2018-02-13 19:01:03Z Send 國際股市==>  Program END 

Create log file
2018-02-13 19:01:41Z Send 國際股市==>  Program Start
2018-02-13 19:01:41Z Send 國際股市==>  Program END 

Create log file
2018-02-13 19:02:05Z Send 國際股市==>  Program Start
2018-02-13 19:02:05Z Send 國際股市==>  Program END 

Create log file
2018-02-13 19:02:28Z Send 國際股市==>  Program Start
2018-02-13 19:02:28Z Send 國際股市==>  Program END 

Create log file
2018-02-13 19:02:54Z Send 國際股市==>  Program Start
2018-02-13 19:02:54Z Send 國際股市==>  Program END 

Create log file
2018-02-13 19:03:16Z Send 國際股市==>  Program Start
2018-02-13 19:03:16Z Send 國際股市==>  Program END 

Create log file
2018-02-13 19:03:45Z Send 國際股市==>  Program Start
2018-02-13 19:03:45Z Send 國際股市==>  Program END 

Create log file
2018-02-13 20:01:02Z Send 國際股市==>  Program Start
2018-02-13 20:01:02Z Send 國際股市==>  Program END 

Create log file
2018-02-13 21:01:03Z Send 國際股市==>  Program Start
2018-02-13 21:01:03Z Send 國際股市==>  Program END 

Create log file
2018-02-13 22:01:06Z Send 國際股市==>  Program Start
2018-02-13 22:01:06Z Send 國際股市==>  Program END 

Create log file
2018-02-13 22:01:32Z Send 國際股市==>  Program Start
2018-02-13 22:01:32Z Send 國際股市==>  Program END 

Create log file
2018-02-13 22:01:57Z Send 國際股市==>  Program Start
2018-02-13 22:01:57Z Send 國際股市==>  Program END 

Create log file
2018-02-13 23:01:04Z Send 國際股市==>  Program Start
2018-02-13 23:01:04Z Send 國際股市==>  Program END 

