Create log file
2018-03-21 08:01:03Z Send 國際股市==>  Program Start
2018-03-21 08:01:03Z Send 國際股市==>  Program END 

Create log file
2018-03-21 08:01:31Z Send 國際股市==>  Program Start
2018-03-21 08:01:31Z Send 國際股市==>  Program END 

Create log file
2018-03-21 08:01:59Z Send 國際股市==>  Program Start
2018-03-21 08:01:59Z Send 國際股市==>  Program END 

Create log file
2018-03-21 15:50:27Z option_insert_daily Program Start
2018-03-21 15:50:27Z option_insert_daily Program END 

Create log file
2018-03-21 15:55:44Z Send Option_OIV_daily Program Start
2018-03-21 15:55:44Z Send Option_OIV_daily Program END 

Create log file
2018-03-21 18:01:04Z Send 國際股市==>  Program Start
2018-03-21 18:01:04Z Send 國際股市==>  Program END 

Create log file
2018-03-21 18:01:30Z Send 國際股市==>  Program Start
2018-03-21 18:01:30Z Send 國際股市==>  Program END 

Create log file
2018-03-21 18:01:58Z Send 國際股市==>  Program Start
2018-03-21 18:01:58Z Send 國際股市==>  Program END 

Create log file
2018-03-21 19:01:04Z Send 國際股市==>  Program Start
2018-03-21 19:01:04Z Send 國際股市==>  Program END 

Create log file
2018-03-21 19:01:28Z Send 國際股市==>  Program Start
2018-03-21 19:01:28Z Send 國際股市==>  Program END 

Create log file
2018-03-21 19:01:51Z Send 國際股市==>  Program Start
2018-03-21 19:01:51Z Send 國際股市==>  Program END 

Create log file
2018-03-21 19:02:17Z Send 國際股市==>  Program Start
2018-03-21 19:02:17Z Send 國際股市==>  Program END 

Create log file
2018-03-21 19:02:39Z Send 國際股市==>  Program Start
2018-03-21 19:02:39Z Send 國際股市==>  Program END 

Create log file
2018-03-21 22:01:03Z Send 國際股市==>  Program Start
2018-03-21 22:01:03Z Send 國際股市==>  Program END 

Create log file
2018-03-21 22:01:33Z Send 國際股市==>  Program Start
2018-03-21 22:01:33Z Send 國際股市==>  Program END 

Create log file
2018-03-21 23:01:01Z Send 國際股市==>  Program Start
2018-03-21 23:01:01Z Send 國際股市==>  Program END 

