Create log file
2018-01-31 00:01:01Z Send 國際股市==>  Program Start
2018-01-31 00:01:01Z Send 國際股市==>  Program END 

Create log file
2018-01-31 01:01:01Z Send 國際股市==>  Program Start
2018-01-31 01:01:01Z Send 國際股市==>  Program END 

Create log file
2018-01-31 08:01:06Z Send 國際股市==>  Program Start
2018-01-31 08:01:06Z Send 國際股市==>  Program END 

Create log file
2018-01-31 08:01:46Z Send 國際股市==>  Program Start
2018-01-31 08:01:46Z Send 國際股市==>  Program END 

Create log file
2018-01-31 08:02:16Z Send 國際股市==>  Program Start
2018-01-31 08:02:16Z Send 國際股市==>  Program END 

Create log file
2018-01-31 08:02:45Z Send 國際股市==>  Program Start
2018-01-31 08:02:45Z Send 國際股市==>  Program END 

Create log file
2018-01-31 09:01:04Z Send 國際股市==>  Program Start
2018-01-31 09:01:04Z Send 國際股市==>  Program END 

Create log file
2018-01-31 10:01:07Z Send 國際股市==>  Program Start
2018-01-31 10:01:07Z Send 國際股市==>  Program END 

Create log file
2018-01-31 11:01:04Z Send 國際股市==>  Program Start
2018-01-31 11:01:04Z Send 國際股市==>  Program END 

Create log file
2018-01-31 12:01:05Z Send 國際股市==>  Program Start
2018-01-31 12:01:05Z Send 國際股市==>  Program END 

Create log file
2018-01-31 13:01:05Z Send 國際股市==>  Program Start
2018-01-31 13:01:05Z Send 國際股市==>  Program END 

Create log file
2018-01-31 14:01:04Z Send 國際股市==>  Program Start
2018-01-31 14:01:04Z Send 國際股市==>  Program END 

Create log file
2018-01-31 15:01:03Z Send 國際股市==>  Program Start
2018-01-31 15:01:03Z Send 國際股市==>  Program END 

Create log file
2018-01-31 15:50:30Z option_insert_daily Program Start
2018-01-31 15:50:30Z option_insert_daily Program END 

Create log file
2018-01-31 15:55:46Z Send Option_OIV_daily Program Start
2018-01-31 15:55:46Z Send Option_OIV_daily Program END 

Create log file
2018-01-31 16:01:04Z Send 國際股市==>  Program Start
2018-01-31 16:01:04Z Send 國際股市==>  Program END 

Create log file
2018-01-31 17:01:04Z Send 國際股市==>  Program Start
2018-01-31 17:01:04Z Send 國際股市==>  Program END 

Create log file
2018-01-31 18:01:05Z Send 國際股市==>  Program Start
2018-01-31 18:01:05Z Send 國際股市==>  Program END 

Create log file
2018-01-31 18:01:40Z Send 國際股市==>  Program Start
2018-01-31 18:01:40Z Send 國際股市==>  Program END 

Create log file
2018-01-31 18:02:06Z Send 國際股市==>  Program Start
2018-01-31 18:02:06Z Send 國際股市==>  Program END 

Create log file
2018-01-31 18:02:34Z Send 國際股市==>  Program Start
2018-01-31 18:02:34Z Send 國際股市==>  Program END 

Create log file
2018-01-31 18:02:56Z Send 國際股市==>  Program Start
2018-01-31 18:02:56Z Send 國際股市==>  Program END 

Create log file
2018-01-31 19:01:04Z Send 國際股市==>  Program Start
2018-01-31 19:01:04Z Send 國際股市==>  Program END 

Create log file
2018-01-31 19:01:40Z Send 國際股市==>  Program Start
2018-01-31 19:01:40Z Send 國際股市==>  Program END 

Create log file
2018-01-31 19:02:03Z Send 國際股市==>  Program Start
2018-01-31 19:02:03Z Send 國際股市==>  Program END 

Create log file
2018-01-31 19:02:25Z Send 國際股市==>  Program Start
2018-01-31 19:02:25Z Send 國際股市==>  Program END 

Create log file
2018-01-31 19:02:51Z Send 國際股市==>  Program Start
2018-01-31 19:02:51Z Send 國際股市==>  Program END 

Create log file
2018-01-31 19:03:13Z Send 國際股市==>  Program Start
2018-01-31 19:03:13Z Send 國際股市==>  Program END 

Create log file
2018-01-31 19:03:41Z Send 國際股市==>  Program Start
2018-01-31 19:03:41Z Send 國際股市==>  Program END 

Create log file
2018-01-31 20:01:04Z Send 國際股市==>  Program Start
2018-01-31 20:01:04Z Send 國際股市==>  Program END 

Create log file
2018-01-31 21:01:05Z Send 國際股市==>  Program Start
2018-01-31 21:01:05Z Send 國際股市==>  Program END 

Create log file
2018-01-31 22:01:01Z Send 國際股市==>  Program Start
2018-01-31 22:01:01Z Send 國際股市==>  Program END 

Create log file
2018-01-31 22:01:37Z Send 國際股市==>  Program Start
2018-01-31 22:01:37Z Send 國際股市==>  Program END 

Create log file
2018-01-31 22:02:05Z Send 國際股市==>  Program Start
2018-01-31 22:02:05Z Send 國際股市==>  Program END 

Create log file
2018-01-31 23:01:04Z Send 國際股市==>  Program Start
2018-01-31 23:01:04Z Send 國際股市==>  Program END 

Create log file
2018-01-31 23:01:39Z Send 國際股市==>  Program Start
2018-01-31 23:01:39Z Send 國際股市==>  Program END 

