Create log file
2018-01-29 08:01:09Z Send 國際股市==>  Program Start
2018-01-29 08:01:09Z Send 國際股市==>  Program END 

Create log file
2018-01-29 09:01:01Z Send 國際股市==>  Program Start
2018-01-29 09:01:01Z Send 國際股市==>  Program END 

Create log file
2018-01-29 10:01:03Z Send 國際股市==>  Program Start
2018-01-29 10:01:03Z Send 國際股市==>  Program END 

Create log file
2018-01-29 11:01:02Z Send 國際股市==>  Program Start
2018-01-29 11:01:02Z Send 國際股市==>  Program END 

Create log file
2018-01-29 12:01:01Z Send 國際股市==>  Program Start
2018-01-29 12:01:01Z Send 國際股市==>  Program END 

Create log file
2018-01-29 13:01:01Z Send 國際股市==>  Program Start
2018-01-29 13:01:01Z Send 國際股市==>  Program END 

Create log file
2018-01-29 14:01:01Z Send 國際股市==>  Program Start
2018-01-29 14:01:01Z Send 國際股市==>  Program END 

Create log file
2018-01-29 15:01:03Z Send 國際股市==>  Program Start
2018-01-29 15:01:03Z Send 國際股市==>  Program END 

Create log file
2018-01-29 15:50:27Z option_insert_daily Program Start
2018-01-29 15:50:27Z option_insert_daily Program END 

Create log file
2018-01-29 15:55:28Z Send Option_OIV_daily Program Start
2018-01-29 15:55:28Z Send Option_OIV_daily Program END 

Create log file
2018-01-29 16:01:01Z Send 國際股市==>  Program Start
2018-01-29 16:01:01Z Send 國際股市==>  Program END 

Create log file
2018-01-29 17:01:01Z Send 國際股市==>  Program Start
2018-01-29 17:01:01Z Send 國際股市==>  Program END 

Create log file
2018-01-29 18:01:01Z Send 國際股市==>  Program Start
2018-01-29 18:01:01Z Send 國際股市==>  Program END 

Create log file
2018-01-29 18:01:36Z Send 國際股市==>  Program Start
2018-01-29 18:01:36Z Send 國際股市==>  Program END 

Create log file
2018-01-29 18:02:02Z Send 國際股市==>  Program Start
2018-01-29 18:02:02Z Send 國際股市==>  Program END 

Create log file
2018-01-29 18:02:30Z Send 國際股市==>  Program Start
2018-01-29 18:02:30Z Send 國際股市==>  Program END 

Create log file
2018-01-29 18:02:53Z Send 國際股市==>  Program Start
2018-01-29 18:02:53Z Send 國際股市==>  Program END 

Create log file
2018-01-29 19:01:01Z Send 國際股市==>  Program Start
2018-01-29 19:01:01Z Send 國際股市==>  Program END 

Create log file
2018-01-29 19:01:38Z Send 國際股市==>  Program Start
2018-01-29 19:01:38Z Send 國際股市==>  Program END 

Create log file
2018-01-29 19:02:01Z Send 國際股市==>  Program Start
2018-01-29 19:02:01Z Send 國際股市==>  Program END 

Create log file
2018-01-29 19:02:23Z Send 國際股市==>  Program Start
2018-01-29 19:02:23Z Send 國際股市==>  Program END 

Create log file
2018-01-29 19:02:49Z Send 國際股市==>  Program Start
2018-01-29 19:02:49Z Send 國際股市==>  Program END 

Create log file
2018-01-29 19:03:12Z Send 國際股市==>  Program Start
2018-01-29 19:03:12Z Send 國際股市==>  Program END 

Create log file
2018-01-29 19:03:39Z Send 國際股市==>  Program Start
2018-01-29 19:03:39Z Send 國際股市==>  Program END 

Create log file
2018-01-29 20:01:03Z Send 國際股市==>  Program Start
2018-01-29 20:01:03Z Send 國際股市==>  Program END 

Create log file
2018-01-29 21:01:01Z Send 國際股市==>  Program Start
2018-01-29 21:01:01Z Send 國際股市==>  Program END 

Create log file
2018-01-29 22:01:02Z Send 國際股市==>  Program Start
2018-01-29 22:01:02Z Send 國際股市==>  Program END 

Create log file
2018-01-29 22:01:38Z Send 國際股市==>  Program Start
2018-01-29 22:01:38Z Send 國際股市==>  Program END 

Create log file
2018-01-29 22:02:06Z Send 國際股市==>  Program Start
2018-01-29 22:02:06Z Send 國際股市==>  Program END 

Create log file
2018-01-29 23:01:03Z Send 國際股市==>  Program Start
2018-01-29 23:01:03Z Send 國際股市==>  Program END 

Create log file
2018-01-29 23:01:38Z Send 國際股市==>  Program Start
2018-01-29 23:01:38Z Send 國際股市==>  Program END 

