Create log file
2018-04-04 08:01:04Z Send 國際股市==>  Program Start
2018-04-04 08:01:04Z Send 國際股市==>  Program END 

Create log file
2018-04-04 08:01:33Z Send 國際股市==>  Program Start
2018-04-04 08:01:33Z Send 國際股市==>  Program END 

Create log file
2018-04-04 08:02:03Z Send 國際股市==>  Program Start
2018-04-04 08:02:03Z Send 國際股市==>  Program END 

Create log file
2018-04-04 15:50:28Z option_insert_daily Program Start
2018-04-04 15:50:28Z option_insert_daily Program END 

Create log file
2018-04-04 15:56:11Z Send Option_OIV_daily Program Start
2018-04-04 15:56:11Z Send Option_OIV_daily Program END 

Create log file
2018-04-04 18:01:04Z Send 國際股市==>  Program Start
2018-04-04 18:01:04Z Send 國際股市==>  Program END 

Create log file
2018-04-04 18:01:31Z Send 國際股市==>  Program Start
2018-04-04 18:01:31Z Send 國際股市==>  Program END 

Create log file
2018-04-04 18:01:59Z Send 國際股市==>  Program Start
2018-04-04 18:01:59Z Send 國際股市==>  Program END 

Create log file
2018-04-04 19:01:03Z Send 國際股市==>  Program Start
2018-04-04 19:01:03Z Send 國際股市==>  Program END 

Create log file
2018-04-04 19:01:27Z Send 國際股市==>  Program Start
2018-04-04 19:01:27Z Send 國際股市==>  Program END 

Create log file
2018-04-04 19:01:49Z Send 國際股市==>  Program Start
2018-04-04 19:01:49Z Send 國際股市==>  Program END 

Create log file
2018-04-04 19:02:15Z Send 國際股市==>  Program Start
2018-04-04 19:02:15Z Send 國際股市==>  Program END 

Create log file
2018-04-04 19:02:38Z Send 國際股市==>  Program Start
2018-04-04 19:02:38Z Send 國際股市==>  Program END 

Create log file
2018-04-04 22:01:04Z Send 國際股市==>  Program Start
2018-04-04 22:01:04Z Send 國際股市==>  Program END 

Create log file
2018-04-04 22:01:35Z Send 國際股市==>  Program Start
2018-04-04 22:01:35Z Send 國際股市==>  Program END 

Create log file
2018-04-04 23:01:04Z Send 國際股市==>  Program Start
2018-04-04 23:01:04Z Send 國際股市==>  Program END 

