Create log file
2018-02-07 00:02:24Z Send 國際股市==>  Program Start
2018-02-07 00:02:25Z Send 國際股市==>  Program END 

Create log file
2018-02-07 01:01:25Z Send 國際股市==>  Program Start
2018-02-07 01:01:25Z Send 國際股市==>  Program END 

Create log file
2018-02-07 08:01:06Z Send 國際股市==>  Program Start
2018-02-07 08:01:06Z Send 國際股市==>  Program END 

Create log file
2018-02-07 09:01:02Z Send 國際股市==>  Program Start
2018-02-07 09:01:02Z Send 國際股市==>  Program END 

Create log file
2018-02-07 10:01:02Z Send 國際股市==>  Program Start
2018-02-07 10:01:02Z Send 國際股市==>  Program END 

Create log file
2018-02-07 11:01:04Z Send 國際股市==>  Program Start
2018-02-07 11:01:04Z Send 國際股市==>  Program END 

Create log file
2018-02-07 12:01:05Z Send 國際股市==>  Program Start
2018-02-07 12:01:05Z Send 國際股市==>  Program END 

Create log file
2018-02-07 13:01:01Z Send 國際股市==>  Program Start
2018-02-07 13:01:01Z Send 國際股市==>  Program END 

Create log file
2018-02-07 14:01:02Z Send 國際股市==>  Program Start
2018-02-07 14:01:02Z Send 國際股市==>  Program END 

Create log file
2018-02-07 15:01:01Z Send 國際股市==>  Program Start
2018-02-07 15:01:01Z Send 國際股市==>  Program END 

Create log file
2018-02-07 15:50:47Z option_insert_daily Program Start
2018-02-07 15:50:47Z option_insert_daily Program END 

Create log file
2018-02-07 15:55:46Z Send Option_OIV_daily Program Start
2018-02-07 15:55:46Z Send Option_OIV_daily Program END 

Create log file
2018-02-07 16:01:02Z Send 國際股市==>  Program Start
2018-02-07 16:01:02Z Send 國際股市==>  Program END 

Create log file
2018-02-07 17:01:02Z Send 國際股市==>  Program Start
2018-02-07 17:01:02Z Send 國際股市==>  Program END 

Create log file
2018-02-07 18:01:02Z Send 國際股市==>  Program Start
2018-02-07 18:01:02Z Send 國際股市==>  Program END 

Create log file
2018-02-07 18:01:37Z Send 國際股市==>  Program Start
2018-02-07 18:01:37Z Send 國際股市==>  Program END 

Create log file
2018-02-07 18:02:02Z Send 國際股市==>  Program Start
2018-02-07 18:02:02Z Send 國際股市==>  Program END 

Create log file
2018-02-07 18:02:30Z Send 國際股市==>  Program Start
2018-02-07 18:02:30Z Send 國際股市==>  Program END 

Create log file
2018-02-07 18:02:53Z Send 國際股市==>  Program Start
2018-02-07 18:02:53Z Send 國際股市==>  Program END 

Create log file
2018-02-07 19:01:03Z Send 國際股市==>  Program Start
2018-02-07 19:01:03Z Send 國際股市==>  Program END 

Create log file
2018-02-07 19:01:27Z Send 國際股市==>  Program Start
2018-02-07 19:01:27Z Send 國際股市==>  Program END 

Create log file
2018-02-07 19:01:50Z Send 國際股市==>  Program Start
2018-02-07 19:01:50Z Send 國際股市==>  Program END 

Create log file
2018-02-07 19:02:13Z Send 國際股市==>  Program Start
2018-02-07 19:02:13Z Send 國際股市==>  Program END 

Create log file
2018-02-07 19:02:38Z Send 國際股市==>  Program Start
2018-02-07 19:02:38Z Send 國際股市==>  Program END 

Create log file
2018-02-07 19:03:01Z Send 國際股市==>  Program Start
2018-02-07 19:03:01Z Send 國際股市==>  Program END 

Create log file
2018-02-07 19:03:29Z Send 國際股市==>  Program Start
2018-02-07 19:03:29Z Send 國際股市==>  Program END 

Create log file
2018-02-07 20:01:02Z Send 國際股市==>  Program Start
2018-02-07 20:01:02Z Send 國際股市==>  Program END 

Create log file
2018-02-07 21:01:02Z Send 國際股市==>  Program Start
2018-02-07 21:01:02Z Send 國際股市==>  Program END 

Create log file
2018-02-07 22:01:02Z Send 國際股市==>  Program Start
2018-02-07 22:01:02Z Send 國際股市==>  Program END 

Create log file
2018-02-07 22:01:37Z Send 國際股市==>  Program Start
2018-02-07 22:01:37Z Send 國際股市==>  Program END 

Create log file
2018-02-07 22:02:05Z Send 國際股市==>  Program Start
2018-02-07 22:02:05Z Send 國際股市==>  Program END 

Create log file
2018-02-07 23:01:02Z Send 國際股市==>  Program Start
2018-02-07 23:01:02Z Send 國際股市==>  Program END 

Create log file
2018-02-07 23:01:39Z Send 國際股市==>  Program Start
2018-02-07 23:01:39Z Send 國際股市==>  Program END 

