Create log file
2018-04-10 08:01:06Z Send 國際股市==>  Program Start
2018-04-10 08:01:06Z Send 國際股市==>  Program END 

Create log file
2018-04-10 08:01:35Z Send 國際股市==>  Program Start
2018-04-10 08:01:35Z Send 國際股市==>  Program END 

Create log file
2018-04-10 08:02:03Z Send 國際股市==>  Program Start
2018-04-10 08:02:03Z Send 國際股市==>  Program END 

Create log file
2018-04-10 15:50:26Z option_insert_daily Program Start
2018-04-10 15:50:26Z option_insert_daily Program END 

Create log file
2018-04-10 15:55:49Z Send Option_OIV_daily Program Start
2018-04-10 15:55:49Z Send Option_OIV_daily Program END 

Create log file
2018-04-10 18:01:02Z Send 國際股市==>  Program Start
2018-04-10 18:01:02Z Send 國際股市==>  Program END 

Create log file
2018-04-10 18:01:29Z Send 國際股市==>  Program Start
2018-04-10 18:01:29Z Send 國際股市==>  Program END 

Create log file
2018-04-10 18:01:57Z Send 國際股市==>  Program Start
2018-04-10 18:01:57Z Send 國際股市==>  Program END 

Create log file
2018-04-10 19:01:02Z Send 國際股市==>  Program Start
2018-04-10 19:01:02Z Send 國際股市==>  Program END 

Create log file
2018-04-10 19:01:26Z Send 國際股市==>  Program Start
2018-04-10 19:01:26Z Send 國際股市==>  Program END 

Create log file
2018-04-10 19:01:49Z Send 國際股市==>  Program Start
2018-04-10 19:01:49Z Send 國際股市==>  Program END 

Create log file
2018-04-10 19:02:14Z Send 國際股市==>  Program Start
2018-04-10 19:02:14Z Send 國際股市==>  Program END 

Create log file
2018-04-10 19:02:37Z Send 國際股市==>  Program Start
2018-04-10 19:02:37Z Send 國際股市==>  Program END 

Create log file
2018-04-10 22:01:02Z Send 國際股市==>  Program Start
2018-04-10 22:01:02Z Send 國際股市==>  Program END 

Create log file
2018-04-10 22:01:32Z Send 國際股市==>  Program Start
2018-04-10 22:01:32Z Send 國際股市==>  Program END 

Create log file
2018-04-10 23:01:04Z Send 國際股市==>  Program Start
2018-04-10 23:01:04Z Send 國際股市==>  Program END 

