Create log file
2018-03-27 08:01:03Z Send 國際股市==>  Program Start
2018-03-27 08:01:03Z Send 國際股市==>  Program END 

Create log file
2018-03-27 08:01:29Z Send 國際股市==>  Program Start
2018-03-27 08:01:29Z Send 國際股市==>  Program END 

Create log file
2018-03-27 08:01:52Z Send 國際股市==>  Program Start
2018-03-27 08:01:52Z Send 國際股市==>  Program END 

Create log file
2018-03-27 15:50:26Z option_insert_daily Program Start
2018-03-27 15:50:26Z option_insert_daily Program END 

Create log file
2018-03-27 15:55:45Z Send Option_OIV_daily Program Start
2018-03-27 15:55:45Z Send Option_OIV_daily Program END 

Create log file
2018-03-27 18:01:04Z Send 國際股市==>  Program Start
2018-03-27 18:01:04Z Send 國際股市==>  Program END 

Create log file
2018-03-27 18:01:30Z Send 國際股市==>  Program Start
2018-03-27 18:01:30Z Send 國際股市==>  Program END 

Create log file
2018-03-27 18:01:58Z Send 國際股市==>  Program Start
2018-03-27 18:01:58Z Send 國際股市==>  Program END 

Create log file
2018-03-27 19:01:04Z Send 國際股市==>  Program Start
2018-03-27 19:01:04Z Send 國際股市==>  Program END 

Create log file
2018-03-27 19:01:28Z Send 國際股市==>  Program Start
2018-03-27 19:01:28Z Send 國際股市==>  Program END 

Create log file
2018-03-27 19:01:52Z Send 國際股市==>  Program Start
2018-03-27 19:01:52Z Send 國際股市==>  Program END 

Create log file
2018-03-27 19:02:18Z Send 國際股市==>  Program Start
2018-03-27 19:02:18Z Send 國際股市==>  Program END 

Create log file
2018-03-27 19:02:41Z Send 國際股市==>  Program Start
2018-03-27 19:02:41Z Send 國際股市==>  Program END 

Create log file
2018-03-27 22:01:01Z Send 國際股市==>  Program Start
2018-03-27 22:01:01Z Send 國際股市==>  Program END 

Create log file
2018-03-27 22:01:30Z Send 國際股市==>  Program Start
2018-03-27 22:01:30Z Send 國際股市==>  Program END 

Create log file
2018-03-27 23:01:01Z Send 國際股市==>  Program Start
2018-03-27 23:01:01Z Send 國際股市==>  Program END 

