Create log file
2018-02-06 00:01:01Z Send 國際股市==>  Program Start
2018-02-06 00:01:01Z Send 國際股市==>  Program END 

Create log file
2018-02-06 01:01:07Z Send 國際股市==>  Program Start
2018-02-06 01:01:07Z Send 國際股市==>  Program END 

Create log file
2018-02-06 08:01:12Z Send 國際股市==>  Program Start
2018-02-06 08:01:12Z Send 國際股市==>  Program END 

Create log file
2018-02-06 08:01:37Z Send 國際股市==>  Program Start
2018-02-06 08:01:37Z Send 國際股市==>  Program END 

Create log file
2018-02-06 08:02:04Z Send 國際股市==>  Program Start
2018-02-06 08:02:04Z Send 國際股市==>  Program END 

Create log file
2018-02-06 08:02:32Z Send 國際股市==>  Program Start
2018-02-06 08:02:32Z Send 國際股市==>  Program END 

Create log file
2018-02-06 09:01:02Z Send 國際股市==>  Program Start
2018-02-06 09:01:02Z Send 國際股市==>  Program END 

Create log file
2018-02-06 10:01:01Z Send 國際股市==>  Program Start
2018-02-06 10:01:01Z Send 國際股市==>  Program END 

Create log file
2018-02-06 11:01:09Z Send 國際股市==>  Program Start
2018-02-06 11:01:09Z Send 國際股市==>  Program END 

Create log file
2018-02-06 12:01:02Z Send 國際股市==>  Program Start
2018-02-06 12:01:02Z Send 國際股市==>  Program END 

Create log file
2018-02-06 13:01:02Z Send 國際股市==>  Program Start
2018-02-06 13:01:02Z Send 國際股市==>  Program END 

Create log file
2018-02-06 14:01:01Z Send 國際股市==>  Program Start
2018-02-06 14:01:01Z Send 國際股市==>  Program END 

Create log file
2018-02-06 15:01:02Z Send 國際股市==>  Program Start
2018-02-06 15:01:02Z Send 國際股市==>  Program END 

Create log file
2018-02-06 15:50:33Z option_insert_daily Program Start
2018-02-06 15:50:33Z option_insert_daily Program END 

Create log file
2018-02-06 15:55:41Z Send Option_OIV_daily Program Start
2018-02-06 15:55:41Z Send Option_OIV_daily Program END 

Create log file
2018-02-06 16:01:01Z Send 國際股市==>  Program Start
2018-02-06 16:01:01Z Send 國際股市==>  Program END 

Create log file
2018-02-06 17:01:02Z Send 國際股市==>  Program Start
2018-02-06 17:01:02Z Send 國際股市==>  Program END 

Create log file
2018-02-06 18:01:01Z Send 國際股市==>  Program Start
2018-02-06 18:01:01Z Send 國際股市==>  Program END 

Create log file
2018-02-06 18:01:37Z Send 國際股市==>  Program Start
2018-02-06 18:01:37Z Send 國際股市==>  Program END 

Create log file
2018-02-06 18:02:02Z Send 國際股市==>  Program Start
2018-02-06 18:02:02Z Send 國際股市==>  Program END 

Create log file
2018-02-06 18:02:30Z Send 國際股市==>  Program Start
2018-02-06 18:02:30Z Send 國際股市==>  Program END 

Create log file
2018-02-06 18:02:53Z Send 國際股市==>  Program Start
2018-02-06 18:02:53Z Send 國際股市==>  Program END 

Create log file
2018-02-06 19:01:03Z Send 國際股市==>  Program Start
2018-02-06 19:01:03Z Send 國際股市==>  Program END 

Create log file
2018-02-06 19:01:37Z Send 國際股市==>  Program Start
2018-02-06 19:01:37Z Send 國際股市==>  Program END 

Create log file
2018-02-06 19:02:00Z Send 國際股市==>  Program Start
2018-02-06 19:02:00Z Send 國際股市==>  Program END 

Create log file
2018-02-06 19:02:23Z Send 國際股市==>  Program Start
2018-02-06 19:02:23Z Send 國際股市==>  Program END 

Create log file
2018-02-06 19:02:48Z Send 國際股市==>  Program Start
2018-02-06 19:02:48Z Send 國際股市==>  Program END 

Create log file
2018-02-06 19:03:11Z Send 國際股市==>  Program Start
2018-02-06 19:03:11Z Send 國際股市==>  Program END 

Create log file
2018-02-06 19:03:39Z Send 國際股市==>  Program Start
2018-02-06 19:03:39Z Send 國際股市==>  Program END 

Create log file
2018-02-06 20:01:02Z Send 國際股市==>  Program Start
2018-02-06 20:01:02Z Send 國際股市==>  Program END 

Create log file
2018-02-06 21:01:02Z Send 國際股市==>  Program Start
2018-02-06 21:01:02Z Send 國際股市==>  Program END 

Create log file
2018-02-06 22:01:02Z Send 國際股市==>  Program Start
2018-02-06 22:01:02Z Send 國際股市==>  Program END 

Create log file
2018-02-06 22:01:38Z Send 國際股市==>  Program Start
2018-02-06 22:01:38Z Send 國際股市==>  Program END 

Create log file
2018-02-06 22:02:05Z Send 國際股市==>  Program Start
2018-02-06 22:02:05Z Send 國際股市==>  Program END 

Create log file
2018-02-06 23:01:05Z Send 國際股市==>  Program Start
2018-02-06 23:01:05Z Send 國際股市==>  Program END 

Create log file
2018-02-06 23:01:42Z Send 國際股市==>  Program Start
2018-02-06 23:01:42Z Send 國際股市==>  Program END 

