Create log file
2018-02-23 00:01:02Z Send 國際股市==>  Program Start
2018-02-23 00:01:02Z Send 國際股市==>  Program END 

Create log file
2018-02-23 01:01:03Z Send 國際股市==>  Program Start
2018-02-23 01:01:03Z Send 國際股市==>  Program END 

Create log file
2018-02-23 08:01:03Z Send 國際股市==>  Program Start
2018-02-23 08:01:03Z Send 國際股市==>  Program END 

Create log file
2018-02-23 08:01:40Z Send 國際股市==>  Program Start
2018-02-23 08:01:40Z Send 國際股市==>  Program END 

Create log file
2018-02-23 08:02:08Z Send 國際股市==>  Program Start
2018-02-23 08:02:08Z Send 國際股市==>  Program END 

Create log file
2018-02-23 08:02:37Z Send 國際股市==>  Program Start
2018-02-23 08:02:37Z Send 國際股市==>  Program END 

Create log file
2018-02-23 09:01:03Z Send 國際股市==>  Program Start
2018-02-23 09:01:03Z Send 國際股市==>  Program END 

Create log file
2018-02-23 10:01:06Z Send 國際股市==>  Program Start
2018-02-23 10:01:06Z Send 國際股市==>  Program END 

Create log file
2018-02-23 11:01:03Z Send 國際股市==>  Program Start
2018-02-23 11:01:03Z Send 國際股市==>  Program END 

Create log file
2018-02-23 12:01:03Z Send 國際股市==>  Program Start
2018-02-23 12:01:03Z Send 國際股市==>  Program END 

Create log file
2018-02-23 13:01:03Z Send 國際股市==>  Program Start
2018-02-23 13:01:03Z Send 國際股市==>  Program END 

Create log file
2018-02-23 14:01:03Z Send 國際股市==>  Program Start
2018-02-23 14:01:03Z Send 國際股市==>  Program END 

Create log file
2018-02-23 15:01:03Z Send 國際股市==>  Program Start
2018-02-23 15:01:03Z Send 國際股市==>  Program END 

Create log file
2018-02-23 15:50:29Z option_insert_daily Program Start
2018-02-23 15:50:29Z option_insert_daily Program END 

Create log file
2018-02-23 15:56:09Z Send Option_OIV_daily Program Start
2018-02-23 15:56:09Z Send Option_OIV_daily Program END 

Create log file
2018-02-23 16:01:03Z Send 國際股市==>  Program Start
2018-02-23 16:01:03Z Send 國際股市==>  Program END 

Create log file
2018-02-23 17:01:03Z Send 國際股市==>  Program Start
2018-02-23 17:01:03Z Send 國際股市==>  Program END 

Create log file
2018-02-23 18:01:02Z Send 國際股市==>  Program Start
2018-02-23 18:01:02Z Send 國際股市==>  Program END 

Create log file
2018-02-23 18:01:39Z Send 國際股市==>  Program Start
2018-02-23 18:01:39Z Send 國際股市==>  Program END 

Create log file
2018-02-23 18:02:05Z Send 國際股市==>  Program Start
2018-02-23 18:02:05Z Send 國際股市==>  Program END 

Create log file
2018-02-23 18:02:33Z Send 國際股市==>  Program Start
2018-02-23 18:02:33Z Send 國際股市==>  Program END 

Create log file
2018-02-23 18:02:56Z Send 國際股市==>  Program Start
2018-02-23 18:02:56Z Send 國際股市==>  Program END 

Create log file
2018-02-23 19:01:02Z Send 國際股市==>  Program Start
2018-02-23 19:01:02Z Send 國際股市==>  Program END 

Create log file
2018-02-23 19:01:40Z Send 國際股市==>  Program Start
2018-02-23 19:01:40Z Send 國際股市==>  Program END 

Create log file
2018-02-23 19:02:03Z Send 國際股市==>  Program Start
2018-02-23 19:02:03Z Send 國際股市==>  Program END 

Create log file
2018-02-23 19:02:26Z Send 國際股市==>  Program Start
2018-02-23 19:02:26Z Send 國際股市==>  Program END 

Create log file
2018-02-23 19:02:51Z Send 國際股市==>  Program Start
2018-02-23 19:02:51Z Send 國際股市==>  Program END 

Create log file
2018-02-23 19:03:14Z Send 國際股市==>  Program Start
2018-02-23 19:03:14Z Send 國際股市==>  Program END 

Create log file
2018-02-23 19:03:42Z Send 國際股市==>  Program Start
2018-02-23 19:03:42Z Send 國際股市==>  Program END 

Create log file
2018-02-23 20:01:03Z Send 國際股市==>  Program Start
2018-02-23 20:01:03Z Send 國際股市==>  Program END 

Create log file
2018-02-23 21:01:01Z Send 國際股市==>  Program Start
2018-02-23 21:01:01Z Send 國際股市==>  Program END 

Create log file
2018-02-23 22:01:05Z Send 國際股市==>  Program Start
2018-02-23 22:01:05Z Send 國際股市==>  Program END 

Create log file
2018-02-23 22:01:41Z Send 國際股市==>  Program Start
2018-02-23 22:01:41Z Send 國際股市==>  Program END 

Create log file
2018-02-23 21:58:42Z Send 國際股市==>  Program Start
2018-02-23 21:58:42Z Send 國際股市==>  Program END 

Create log file
2018-02-23 23:01:02Z Send 國際股市==>  Program Start
2018-02-23 23:01:02Z Send 國際股市==>  Program END 

Create log file
2018-02-23 23:01:39Z Send 國際股市==>  Program Start
2018-02-23 23:01:39Z Send 國際股市==>  Program END 

