Create log file
2018-02-08 00:01:10Z Send 國際股市==>  Program Start
2018-02-08 00:01:10Z Send 國際股市==>  Program END 

Create log file
2018-02-08 01:01:05Z Send 國際股市==>  Program Start
2018-02-08 01:01:05Z Send 國際股市==>  Program END 

Create log file
2018-02-08 08:01:06Z Send 國際股市==>  Program Start
2018-02-08 08:01:06Z Send 國際股市==>  Program END 

Create log file
2018-02-08 08:01:30Z Send 國際股市==>  Program Start
2018-02-08 08:01:30Z Send 國際股市==>  Program END 

Create log file
2018-02-08 08:01:58Z Send 國際股市==>  Program Start
2018-02-08 08:01:58Z Send 國際股市==>  Program END 

Create log file
2018-02-08 08:02:25Z Send 國際股市==>  Program Start
2018-02-08 08:02:25Z Send 國際股市==>  Program END 

Create log file
2018-02-08 09:01:04Z Send 國際股市==>  Program Start
2018-02-08 09:01:04Z Send 國際股市==>  Program END 

Create log file
2018-02-08 10:01:10Z Send 國際股市==>  Program Start
2018-02-08 10:01:10Z Send 國際股市==>  Program END 

Create log file
2018-02-08 11:01:06Z Send 國際股市==>  Program Start
2018-02-08 11:01:06Z Send 國際股市==>  Program END 

Create log file
2018-02-08 12:01:41Z Send 國際股市==>  Program Start
2018-02-08 12:01:41Z Send 國際股市==>  Program END 

Create log file
2018-02-08 13:01:05Z Send 國際股市==>  Program Start
2018-02-08 13:01:05Z Send 國際股市==>  Program END 

Create log file
2018-02-08 14:01:01Z Send 國際股市==>  Program Start
2018-02-08 14:01:01Z Send 國際股市==>  Program END 

Create log file
2018-02-08 15:01:02Z Send 國際股市==>  Program Start
2018-02-08 15:01:02Z Send 國際股市==>  Program END 

Create log file
2018-02-08 15:50:29Z option_insert_daily Program Start
2018-02-08 15:50:29Z option_insert_daily Program END 

Create log file
2018-02-08 15:55:42Z Send Option_OIV_daily Program Start
2018-02-08 15:55:42Z Send Option_OIV_daily Program END 

Create log file
2018-02-08 16:01:02Z Send 國際股市==>  Program Start
2018-02-08 16:01:02Z Send 國際股市==>  Program END 

Create log file
2018-02-08 17:01:02Z Send 國際股市==>  Program Start
2018-02-08 17:01:02Z Send 國際股市==>  Program END 

Create log file
2018-02-08 18:01:02Z Send 國際股市==>  Program Start
2018-02-08 18:01:02Z Send 國際股市==>  Program END 

Create log file
2018-02-08 18:01:38Z Send 國際股市==>  Program Start
2018-02-08 18:01:38Z Send 國際股市==>  Program END 

Create log file
2018-02-08 18:02:04Z Send 國際股市==>  Program Start
2018-02-08 18:02:04Z Send 國際股市==>  Program END 

Create log file
2018-02-08 18:02:32Z Send 國際股市==>  Program Start
2018-02-08 18:02:32Z Send 國際股市==>  Program END 

Create log file
2018-02-08 18:02:54Z Send 國際股市==>  Program Start
2018-02-08 18:02:54Z Send 國際股市==>  Program END 

Create log file
2018-02-08 19:01:04Z Send 國際股市==>  Program Start
2018-02-08 19:01:04Z Send 國際股市==>  Program END 

Create log file
2018-02-08 19:01:28Z Send 國際股市==>  Program Start
2018-02-08 19:01:28Z Send 國際股市==>  Program END 

Create log file
2018-02-08 19:01:51Z Send 國際股市==>  Program Start
2018-02-08 19:01:51Z Send 國際股市==>  Program END 

Create log file
2018-02-08 19:02:14Z Send 國際股市==>  Program Start
2018-02-08 19:02:14Z Send 國際股市==>  Program END 

Create log file
2018-02-08 19:02:39Z Send 國際股市==>  Program Start
2018-02-08 19:02:39Z Send 國際股市==>  Program END 

Create log file
2018-02-08 19:03:02Z Send 國際股市==>  Program Start
2018-02-08 19:03:02Z Send 國際股市==>  Program END 

Create log file
2018-02-08 19:03:28Z Send 國際股市==>  Program Start
2018-02-08 19:03:28Z Send 國際股市==>  Program END 

Create log file
2018-02-08 20:01:02Z Send 國際股市==>  Program Start
2018-02-08 20:01:02Z Send 國際股市==>  Program END 

Create log file
2018-02-08 21:01:02Z Send 國際股市==>  Program Start
2018-02-08 21:01:02Z Send 國際股市==>  Program END 

Create log file
2018-02-08 22:01:02Z Send 國際股市==>  Program Start
2018-02-08 22:01:02Z Send 國際股市==>  Program END 

Create log file
2018-02-08 22:01:37Z Send 國際股市==>  Program Start
2018-02-08 22:01:37Z Send 國際股市==>  Program END 

Create log file
2018-02-08 22:02:05Z Send 國際股市==>  Program Start
2018-02-08 22:02:05Z Send 國際股市==>  Program END 

Create log file
2018-02-08 23:01:02Z Send 國際股市==>  Program Start
2018-02-08 23:01:02Z Send 國際股市==>  Program END 

Create log file
2018-02-08 23:01:39Z Send 國際股市==>  Program Start
2018-02-08 23:01:39Z Send 國際股市==>  Program END 

