Create log file
2018-04-12 08:01:03Z Send 國際股市==>  Program Start
2018-04-12 08:01:03Z Send 國際股市==>  Program END 

Create log file
2018-04-12 08:01:31Z Send 國際股市==>  Program Start
2018-04-12 08:01:31Z Send 國際股市==>  Program END 

Create log file
2018-04-12 08:01:59Z Send 國際股市==>  Program Start
2018-04-12 08:01:59Z Send 國際股市==>  Program END 

Create log file
2018-04-12 15:50:25Z option_insert_daily Program Start
2018-04-12 15:50:25Z option_insert_daily Program END 

Create log file
2018-04-12 15:55:47Z Send Option_OIV_daily Program Start
2018-04-12 15:55:47Z Send Option_OIV_daily Program END 

Create log file
2018-04-12 18:01:03Z Send 國際股市==>  Program Start
2018-04-12 18:01:03Z Send 國際股市==>  Program END 

Create log file
2018-04-12 18:01:29Z Send 國際股市==>  Program Start
2018-04-12 18:01:29Z Send 國際股市==>  Program END 

Create log file
2018-04-12 18:01:57Z Send 國際股市==>  Program Start
2018-04-12 18:01:57Z Send 國際股市==>  Program END 

Create log file
2018-04-12 19:01:02Z Send 國際股市==>  Program Start
2018-04-12 19:01:02Z Send 國際股市==>  Program END 

Create log file
2018-04-12 19:01:26Z Send 國際股市==>  Program Start
2018-04-12 19:01:26Z Send 國際股市==>  Program END 

Create log file
2018-04-12 19:01:49Z Send 國際股市==>  Program Start
2018-04-12 19:01:49Z Send 國際股市==>  Program END 

Create log file
2018-04-12 19:02:14Z Send 國際股市==>  Program Start
2018-04-12 19:02:14Z Send 國際股市==>  Program END 

Create log file
2018-04-12 19:02:37Z Send 國際股市==>  Program Start
2018-04-12 19:02:37Z Send 國際股市==>  Program END 

Create log file
2018-04-12 22:01:01Z Send 國際股市==>  Program Start
2018-04-12 22:01:01Z Send 國際股市==>  Program END 

Create log file
2018-04-12 22:01:31Z Send 國際股市==>  Program Start
2018-04-12 22:01:31Z Send 國際股市==>  Program END 

Create log file
2018-04-12 23:01:01Z Send 國際股市==>  Program Start
2018-04-12 23:01:01Z Send 國際股市==>  Program END 

