Create log file
2018-02-21 00:01:03Z Send 國際股市==>  Program Start
2018-02-21 00:01:03Z Send 國際股市==>  Program END 

Create log file
2018-02-21 01:01:04Z Send 國際股市==>  Program Start
2018-02-21 01:01:04Z Send 國際股市==>  Program END 

Create log file
2018-02-21 08:01:04Z Send 國際股市==>  Program Start
2018-02-21 08:01:04Z Send 國際股市==>  Program END 

Create log file
2018-02-21 08:01:42Z Send 國際股市==>  Program Start
2018-02-21 08:01:42Z Send 國際股市==>  Program END 

Create log file
2018-02-21 08:02:08Z Send 國際股市==>  Program Start
2018-02-21 08:02:08Z Send 國際股市==>  Program END 

Create log file
2018-02-21 08:02:36Z Send 國際股市==>  Program Start
2018-02-21 08:02:36Z Send 國際股市==>  Program END 

Create log file
2018-02-21 09:01:03Z Send 國際股市==>  Program Start
2018-02-21 09:01:03Z Send 國際股市==>  Program END 

Create log file
2018-02-21 10:01:02Z Send 國際股市==>  Program Start
2018-02-21 10:01:02Z Send 國際股市==>  Program END 

Create log file
2018-02-21 11:01:02Z Send 國際股市==>  Program Start
2018-02-21 11:01:02Z Send 國際股市==>  Program END 

Create log file
2018-02-21 12:01:03Z Send 國際股市==>  Program Start
2018-02-21 12:01:03Z Send 國際股市==>  Program END 

Create log file
2018-02-21 13:01:03Z Send 國際股市==>  Program Start
2018-02-21 13:01:03Z Send 國際股市==>  Program END 

Create log file
2018-02-21 14:01:02Z Send 國際股市==>  Program Start
2018-02-21 14:01:02Z Send 國際股市==>  Program END 

Create log file
2018-02-21 15:01:02Z Send 國際股市==>  Program Start
2018-02-21 15:01:02Z Send 國際股市==>  Program END 

Create log file
2018-02-21 15:50:34Z option_insert_daily Program Start
2018-02-21 15:50:34Z option_insert_daily Program END 

Create log file
2018-02-21 16:01:03Z Send 國際股市==>  Program Start
2018-02-21 16:01:03Z Send 國際股市==>  Program END 

Create log file
2018-02-21 17:01:03Z Send 國際股市==>  Program Start
2018-02-21 17:01:03Z Send 國際股市==>  Program END 

Create log file
2018-02-21 18:01:03Z Send 國際股市==>  Program Start
2018-02-21 18:01:03Z Send 國際股市==>  Program END 

Create log file
2018-02-21 18:01:39Z Send 國際股市==>  Program Start
2018-02-21 18:01:39Z Send 國際股市==>  Program END 

Create log file
2018-02-21 18:02:05Z Send 國際股市==>  Program Start
2018-02-21 18:02:05Z Send 國際股市==>  Program END 

Create log file
2018-02-21 18:02:33Z Send 國際股市==>  Program Start
2018-02-21 18:02:33Z Send 國際股市==>  Program END 

Create log file
2018-02-21 18:02:56Z Send 國際股市==>  Program Start
2018-02-21 18:02:56Z Send 國際股市==>  Program END 

Create log file
2018-02-21 19:01:03Z Send 國際股市==>  Program Start
2018-02-21 19:01:03Z Send 國際股市==>  Program END 

Create log file
2018-02-21 19:01:40Z Send 國際股市==>  Program Start
2018-02-21 19:01:40Z Send 國際股市==>  Program END 

Create log file
2018-02-21 19:02:03Z Send 國際股市==>  Program Start
2018-02-21 19:02:03Z Send 國際股市==>  Program END 

Create log file
2018-02-21 19:02:26Z Send 國際股市==>  Program Start
2018-02-21 19:02:26Z Send 國際股市==>  Program END 

Create log file
2018-02-21 19:02:52Z Send 國際股市==>  Program Start
2018-02-21 19:02:52Z Send 國際股市==>  Program END 

Create log file
2018-02-21 19:03:14Z Send 國際股市==>  Program Start
2018-02-21 19:03:14Z Send 國際股市==>  Program END 

Create log file
2018-02-21 19:03:42Z Send 國際股市==>  Program Start
2018-02-21 19:03:42Z Send 國際股市==>  Program END 

Create log file
2018-02-21 20:01:03Z Send 國際股市==>  Program Start
2018-02-21 20:01:03Z Send 國際股市==>  Program END 

Create log file
2018-02-21 21:01:03Z Send 國際股市==>  Program Start
2018-02-21 21:01:03Z Send 國際股市==>  Program END 

Create log file
2018-02-21 22:01:02Z Send 國際股市==>  Program Start
2018-02-21 22:01:02Z Send 國際股市==>  Program END 

Create log file
2018-02-21 22:01:36Z Send 國際股市==>  Program Start
2018-02-21 22:01:36Z Send 國際股市==>  Program END 

Create log file
2018-02-21 22:02:04Z Send 國際股市==>  Program Start
2018-02-21 22:02:04Z Send 國際股市==>  Program END 

Create log file
2018-02-21 23:01:09Z Send 國際股市==>  Program Start
2018-02-21 23:01:09Z Send 國際股市==>  Program END 

Create log file
2018-02-21 23:01:47Z Send 國際股市==>  Program Start
2018-02-21 23:01:47Z Send 國際股市==>  Program END 

