Create log file
2018-02-12 08:01:07Z Send 國際股市==>  Program Start
2018-02-12 08:01:07Z Send 國際股市==>  Program END 

Create log file
2018-02-12 09:01:01Z Send 國際股市==>  Program Start
2018-02-12 09:01:01Z Send 國際股市==>  Program END 

Create log file
2018-02-12 10:01:01Z Send 國際股市==>  Program Start
2018-02-12 10:01:01Z Send 國際股市==>  Program END 

Create log file
2018-02-12 11:01:02Z Send 國際股市==>  Program Start
2018-02-12 11:01:02Z Send 國際股市==>  Program END 

Create log file
2018-02-12 12:01:02Z Send 國際股市==>  Program Start
2018-02-12 12:01:02Z Send 國際股市==>  Program END 

Create log file
2018-02-12 13:01:05Z Send 國際股市==>  Program Start
2018-02-12 13:01:05Z Send 國際股市==>  Program END 

Create log file
2018-02-12 14:01:07Z Send 國際股市==>  Program Start
2018-02-12 14:01:07Z Send 國際股市==>  Program END 

Create log file
2018-02-12 15:01:01Z Send 國際股市==>  Program Start
2018-02-12 15:01:01Z Send 國際股市==>  Program END 

Create log file
2018-02-12 15:50:34Z option_insert_daily Program Start
2018-02-12 15:50:34Z option_insert_daily Program END 

Create log file
2018-02-12 15:55:27Z Send Option_OIV_daily Program Start
2018-02-12 15:55:27Z Send Option_OIV_daily Program END 

Create log file
2018-02-12 16:01:02Z Send 國際股市==>  Program Start
2018-02-12 16:01:02Z Send 國際股市==>  Program END 

Create log file
2018-02-12 17:01:01Z Send 國際股市==>  Program Start
2018-02-12 17:01:01Z Send 國際股市==>  Program END 

Create log file
2018-02-12 18:01:01Z Send 國際股市==>  Program Start
2018-02-12 18:01:01Z Send 國際股市==>  Program END 

Create log file
2018-02-12 18:01:38Z Send 國際股市==>  Program Start
2018-02-12 18:01:38Z Send 國際股市==>  Program END 

Create log file
2018-02-12 18:02:04Z Send 國際股市==>  Program Start
2018-02-12 18:02:04Z Send 國際股市==>  Program END 

Create log file
2018-02-12 18:02:34Z Send 國際股市==>  Program Start
2018-02-12 18:02:34Z Send 國際股市==>  Program END 

Create log file
2018-02-12 18:02:58Z Send 國際股市==>  Program Start
2018-02-12 18:02:58Z Send 國際股市==>  Program END 

Create log file
2018-02-12 19:01:03Z Send 國際股市==>  Program Start
2018-02-12 19:01:03Z Send 國際股市==>  Program END 

Create log file
2018-02-12 20:01:02Z Send 國際股市==>  Program Start
2018-02-12 20:01:02Z Send 國際股市==>  Program END 

Create log file
2018-02-12 21:01:02Z Send 國際股市==>  Program Start
2018-02-12 21:01:02Z Send 國際股市==>  Program END 

Create log file
2018-02-12 22:01:02Z Send 國際股市==>  Program Start
2018-02-12 22:01:02Z Send 國際股市==>  Program END 

Create log file
2018-02-12 22:01:39Z Send 國際股市==>  Program Start
2018-02-12 22:01:39Z Send 國際股市==>  Program END 

Create log file
2018-02-12 22:02:06Z Send 國際股市==>  Program Start
2018-02-12 22:02:06Z Send 國際股市==>  Program END 

Create log file
2018-02-12 23:01:02Z Send 國際股市==>  Program Start
2018-02-12 23:01:02Z Send 國際股市==>  Program END 

Create log file
2018-02-12 23:01:41Z Send 國際股市==>  Program Start
2018-02-12 23:01:41Z Send 國際股市==>  Program END 

