Create log file
2018-03-30 08:01:04Z Send 國際股市==>  Program Start
2018-03-30 08:01:04Z Send 國際股市==>  Program END 

Create log file
2018-03-30 08:01:34Z Send 國際股市==>  Program Start
2018-03-30 08:01:34Z Send 國際股市==>  Program END 

Create log file
2018-03-30 08:02:03Z Send 國際股市==>  Program Start
2018-03-30 08:02:03Z Send 國際股市==>  Program END 

Create log file
2018-03-30 15:50:26Z option_insert_daily Program Start
2018-03-30 15:50:26Z option_insert_daily Program END 

Create log file
2018-03-30 15:55:50Z Send Option_OIV_daily Program Start
2018-03-30 15:55:50Z Send Option_OIV_daily Program END 

Create log file
2018-03-30 18:01:04Z Send 國際股市==>  Program Start
2018-03-30 18:01:04Z Send 國際股市==>  Program END 

Create log file
2018-03-30 18:01:31Z Send 國際股市==>  Program Start
2018-03-30 18:01:31Z Send 國際股市==>  Program END 

Create log file
2018-03-30 18:02:01Z Send 國際股市==>  Program Start
2018-03-30 18:02:01Z Send 國際股市==>  Program END 

Create log file
2018-03-30 19:01:03Z Send 國際股市==>  Program Start
2018-03-30 19:01:03Z Send 國際股市==>  Program END 

Create log file
2018-03-30 19:01:27Z Send 國際股市==>  Program Start
2018-03-30 19:01:27Z Send 國際股市==>  Program END 

Create log file
2018-03-30 19:01:49Z Send 國際股市==>  Program Start
2018-03-30 19:01:49Z Send 國際股市==>  Program END 

Create log file
2018-03-30 19:02:15Z Send 國際股市==>  Program Start
2018-03-30 19:02:15Z Send 國際股市==>  Program END 

Create log file
2018-03-30 19:02:38Z Send 國際股市==>  Program Start
2018-03-30 19:02:38Z Send 國際股市==>  Program END 

Create log file
2018-03-30 22:01:02Z Send 國際股市==>  Program Start
2018-03-30 22:01:02Z Send 國際股市==>  Program END 

Create log file
2018-03-30 22:01:31Z Send 國際股市==>  Program Start
2018-03-30 22:01:31Z Send 國際股市==>  Program END 

Create log file
2018-03-30 23:01:01Z Send 國際股市==>  Program Start
2018-03-30 23:01:01Z Send 國際股市==>  Program END 

