Create log file
2018-04-17 08:01:03Z Send 國際股市==>  Program Start
2018-04-17 08:01:03Z Send 國際股市==>  Program END 

Create log file
2018-04-17 08:01:33Z Send 國際股市==>  Program Start
2018-04-17 08:01:33Z Send 國際股市==>  Program END 

Create log file
2018-04-17 08:02:01Z Send 國際股市==>  Program Start
2018-04-17 08:02:01Z Send 國際股市==>  Program END 

Create log file
2018-04-17 15:50:23Z option_insert_daily Program Start
2018-04-17 15:50:23Z option_insert_daily Program END 

Create log file
2018-04-17 15:55:54Z Send Option_OIV_daily Program Start
2018-04-17 15:55:54Z Send Option_OIV_daily Program END 

Create log file
2018-04-17 18:01:03Z Send 國際股市==>  Program Start
2018-04-17 18:01:03Z Send 國際股市==>  Program END 

Create log file
2018-04-17 18:01:29Z Send 國際股市==>  Program Start
2018-04-17 18:01:29Z Send 國際股市==>  Program END 

Create log file
2018-04-17 18:01:57Z Send 國際股市==>  Program Start
2018-04-17 18:01:57Z Send 國際股市==>  Program END 

Create log file
2018-04-17 19:01:03Z Send 國際股市==>  Program Start
2018-04-17 19:01:03Z Send 國際股市==>  Program END 

Create log file
2018-04-17 19:01:27Z Send 國際股市==>  Program Start
2018-04-17 19:01:27Z Send 國際股市==>  Program END 

Create log file
2018-04-17 19:01:50Z Send 國際股市==>  Program Start
2018-04-17 19:01:50Z Send 國際股市==>  Program END 

Create log file
2018-04-17 19:02:16Z Send 國際股市==>  Program Start
2018-04-17 19:02:16Z Send 國際股市==>  Program END 

Create log file
2018-04-17 19:02:39Z Send 國際股市==>  Program Start
2018-04-17 19:02:39Z Send 國際股市==>  Program END 

Create log file
2018-04-17 22:01:01Z Send 國際股市==>  Program Start
2018-04-17 22:01:01Z Send 國際股市==>  Program END 

Create log file
2018-04-17 22:01:32Z Send 國際股市==>  Program Start
2018-04-17 22:01:32Z Send 國際股市==>  Program END 

Create log file
2018-04-17 23:01:02Z Send 國際股市==>  Program Start
2018-04-17 23:01:02Z Send 國際股市==>  Program END 

