Create log file
2018-04-11 08:01:02Z Send 國際股市==>  Program Start
2018-04-11 08:01:02Z Send 國際股市==>  Program END 

Create log file
2018-04-11 08:01:29Z Send 國際股市==>  Program Start
2018-04-11 08:01:29Z Send 國際股市==>  Program END 

Create log file
2018-04-11 08:01:59Z Send 國際股市==>  Program Start
2018-04-11 08:01:59Z Send 國際股市==>  Program END 

Create log file
2018-04-11 15:50:28Z option_insert_daily Program Start
2018-04-11 15:50:28Z option_insert_daily Program END 

Create log file
2018-04-11 15:55:52Z Send Option_OIV_daily Program Start
2018-04-11 15:55:52Z Send Option_OIV_daily Program END 

Create log file
2018-04-11 18:01:02Z Send 國際股市==>  Program Start
2018-04-11 18:01:02Z Send 國際股市==>  Program END 

Create log file
2018-04-11 18:01:29Z Send 國際股市==>  Program Start
2018-04-11 18:01:29Z Send 國際股市==>  Program END 

Create log file
2018-04-11 18:01:58Z Send 國際股市==>  Program Start
2018-04-11 18:01:58Z Send 國際股市==>  Program END 

Create log file
2018-04-11 19:01:02Z Send 國際股市==>  Program Start
2018-04-11 19:01:02Z Send 國際股市==>  Program END 

Create log file
2018-04-11 19:01:26Z Send 國際股市==>  Program Start
2018-04-11 19:01:26Z Send 國際股市==>  Program END 

Create log file
2018-04-11 19:01:49Z Send 國際股市==>  Program Start
2018-04-11 19:01:49Z Send 國際股市==>  Program END 

Create log file
2018-04-11 19:02:14Z Send 國際股市==>  Program Start
2018-04-11 19:02:14Z Send 國際股市==>  Program END 

Create log file
2018-04-11 19:02:37Z Send 國際股市==>  Program Start
2018-04-11 19:02:37Z Send 國際股市==>  Program END 

Create log file
2018-04-11 22:01:01Z Send 國際股市==>  Program Start
2018-04-11 22:01:01Z Send 國際股市==>  Program END 

Create log file
2018-04-11 22:01:29Z Send 國際股市==>  Program Start
2018-04-11 22:01:29Z Send 國際股市==>  Program END 

Create log file
2018-04-11 23:01:01Z Send 國際股市==>  Program Start
2018-04-11 23:01:01Z Send 國際股市==>  Program END 

