Create log file
2018-03-28 08:01:05Z Send 國際股市==>  Program Start
2018-03-28 08:01:05Z Send 國際股市==>  Program END 

Create log file
2018-03-28 08:01:35Z Send 國際股市==>  Program Start
2018-03-28 08:01:35Z Send 國際股市==>  Program END 

Create log file
2018-03-28 08:02:04Z Send 國際股市==>  Program Start
2018-03-28 08:02:04Z Send 國際股市==>  Program END 

Create log file
2018-03-28 15:50:30Z option_insert_daily Program Start
2018-03-28 15:50:30Z option_insert_daily Program END 

Create log file
2018-03-28 15:55:46Z Send Option_OIV_daily Program Start
2018-03-28 15:55:46Z Send Option_OIV_daily Program END 

Create log file
2018-03-28 18:01:04Z Send 國際股市==>  Program Start
2018-03-28 18:01:04Z Send 國際股市==>  Program END 

Create log file
2018-03-28 18:01:31Z Send 國際股市==>  Program Start
2018-03-28 18:01:31Z Send 國際股市==>  Program END 

Create log file
2018-03-28 18:02:00Z Send 國際股市==>  Program Start
2018-03-28 18:02:00Z Send 國際股市==>  Program END 

Create log file
2018-03-28 19:01:04Z Send 國際股市==>  Program Start
2018-03-28 19:01:04Z Send 國際股市==>  Program END 

Create log file
2018-03-28 19:01:27Z Send 國際股市==>  Program Start
2018-03-28 19:01:27Z Send 國際股市==>  Program END 

Create log file
2018-03-28 19:01:50Z Send 國際股市==>  Program Start
2018-03-28 19:01:50Z Send 國際股市==>  Program END 

Create log file
2018-03-28 19:02:16Z Send 國際股市==>  Program Start
2018-03-28 19:02:16Z Send 國際股市==>  Program END 

Create log file
2018-03-28 19:02:39Z Send 國際股市==>  Program Start
2018-03-28 19:02:39Z Send 國際股市==>  Program END 

Create log file
2018-03-28 22:01:04Z Send 國際股市==>  Program Start
2018-03-28 22:01:04Z Send 國際股市==>  Program END 

Create log file
2018-03-28 22:01:34Z Send 國際股市==>  Program Start
2018-03-28 22:01:34Z Send 國際股市==>  Program END 

Create log file
2018-03-28 23:01:02Z Send 國際股市==>  Program Start
2018-03-28 23:01:02Z Send 國際股市==>  Program END 

