Create log file
2018-02-20 00:01:01Z Send 國際股市==>  Program Start
2018-02-20 00:01:01Z Send 國際股市==>  Program END 

Create log file
2018-02-20 01:01:06Z Send 國際股市==>  Program Start
2018-02-20 01:01:06Z Send 國際股市==>  Program END 

Create log file
2018-02-20 08:01:03Z Send 國際股市==>  Program Start
2018-02-20 08:01:03Z Send 國際股市==>  Program END 

Create log file
2018-02-20 08:01:43Z Send 國際股市==>  Program Start
2018-02-20 08:01:43Z Send 國際股市==>  Program END 

Create log file
2018-02-20 08:02:10Z Send 國際股市==>  Program Start
2018-02-20 08:02:10Z Send 國際股市==>  Program END 

Create log file
2018-02-20 08:02:38Z Send 國際股市==>  Program Start
2018-02-20 08:02:38Z Send 國際股市==>  Program END 

Create log file
2018-02-20 09:01:03Z Send 國際股市==>  Program Start
2018-02-20 09:01:03Z Send 國際股市==>  Program END 

Create log file
2018-02-20 10:01:05Z Send 國際股市==>  Program Start
2018-02-20 10:01:05Z Send 國際股市==>  Program END 

Create log file
2018-02-20 11:01:03Z Send 國際股市==>  Program Start
2018-02-20 11:01:03Z Send 國際股市==>  Program END 

Create log file
2018-02-20 12:01:03Z Send 國際股市==>  Program Start
2018-02-20 12:01:03Z Send 國際股市==>  Program END 

Create log file
2018-02-20 13:01:02Z Send 國際股市==>  Program Start
2018-02-20 13:01:02Z Send 國際股市==>  Program END 

Create log file
2018-02-20 14:01:03Z Send 國際股市==>  Program Start
2018-02-20 14:01:03Z Send 國際股市==>  Program END 

Create log file
2018-02-20 15:01:03Z Send 國際股市==>  Program Start
2018-02-20 15:01:03Z Send 國際股市==>  Program END 

Create log file
2018-02-20 15:50:28Z option_insert_daily Program Start
2018-02-20 15:50:28Z option_insert_daily Program END 

Create log file
2018-02-20 16:01:03Z Send 國際股市==>  Program Start
2018-02-20 16:01:03Z Send 國際股市==>  Program END 

Create log file
2018-02-20 17:01:03Z Send 國際股市==>  Program Start
2018-02-20 17:01:03Z Send 國際股市==>  Program END 

Create log file
2018-02-20 18:01:02Z Send 國際股市==>  Program Start
2018-02-20 18:01:02Z Send 國際股市==>  Program END 

Create log file
2018-02-20 18:01:39Z Send 國際股市==>  Program Start
2018-02-20 18:01:39Z Send 國際股市==>  Program END 

Create log file
2018-02-20 18:02:05Z Send 國際股市==>  Program Start
2018-02-20 18:02:05Z Send 國際股市==>  Program END 

Create log file
2018-02-20 18:02:33Z Send 國際股市==>  Program Start
2018-02-20 18:02:33Z Send 國際股市==>  Program END 

Create log file
2018-02-20 18:02:55Z Send 國際股市==>  Program Start
2018-02-20 18:02:55Z Send 國際股市==>  Program END 

Create log file
2018-02-20 19:01:03Z Send 國際股市==>  Program Start
2018-02-20 19:01:03Z Send 國際股市==>  Program END 

Create log file
2018-02-20 19:01:39Z Send 國際股市==>  Program Start
2018-02-20 19:01:39Z Send 國際股市==>  Program END 

Create log file
2018-02-20 19:02:02Z Send 國際股市==>  Program Start
2018-02-20 19:02:02Z Send 國際股市==>  Program END 

Create log file
2018-02-20 19:02:25Z Send 國際股市==>  Program Start
2018-02-20 19:02:25Z Send 國際股市==>  Program END 

Create log file
2018-02-20 19:02:51Z Send 國際股市==>  Program Start
2018-02-20 19:02:51Z Send 國際股市==>  Program END 

Create log file
2018-02-20 19:03:14Z Send 國際股市==>  Program Start
2018-02-20 19:03:14Z Send 國際股市==>  Program END 

Create log file
2018-02-20 19:03:42Z Send 國際股市==>  Program Start
2018-02-20 19:03:42Z Send 國際股市==>  Program END 

Create log file
2018-02-20 20:01:02Z Send 國際股市==>  Program Start
2018-02-20 20:01:02Z Send 國際股市==>  Program END 

Create log file
2018-02-20 21:01:01Z Send 國際股市==>  Program Start
2018-02-20 21:01:01Z Send 國際股市==>  Program END 

Create log file
2018-02-20 22:01:01Z Send 國際股市==>  Program Start
2018-02-20 22:01:01Z Send 國際股市==>  Program END 

Create log file
2018-02-20 22:01:39Z Send 國際股市==>  Program Start
2018-02-20 22:01:39Z Send 國際股市==>  Program END 

Create log file
2018-02-20 22:02:07Z Send 國際股市==>  Program Start
2018-02-20 22:02:07Z Send 國際股市==>  Program END 

Create log file
2018-02-20 23:01:02Z Send 國際股市==>  Program Start
2018-02-20 23:01:02Z Send 國際股市==>  Program END 

Create log file
2018-02-20 23:01:39Z Send 國際股市==>  Program Start
2018-02-20 23:01:39Z Send 國際股市==>  Program END 

