Create log file
2018-02-15 00:01:02Z Send 國際股市==>  Program Start
2018-02-15 00:01:02Z Send 國際股市==>  Program END 

Create log file
2018-02-15 01:01:03Z Send 國際股市==>  Program Start
2018-02-15 01:01:03Z Send 國際股市==>  Program END 

Create log file
2018-02-15 08:01:05Z Send 國際股市==>  Program Start
2018-02-15 08:01:05Z Send 國際股市==>  Program END 

Create log file
2018-02-15 08:01:30Z Send 國際股市==>  Program Start
2018-02-15 08:01:30Z Send 國際股市==>  Program END 

Create log file
2018-02-15 08:01:58Z Send 國際股市==>  Program Start
2018-02-15 08:01:58Z Send 國際股市==>  Program END 

Create log file
2018-02-15 08:02:26Z Send 國際股市==>  Program Start
2018-02-15 08:02:26Z Send 國際股市==>  Program END 

Create log file
2018-02-15 09:01:03Z Send 國際股市==>  Program Start
2018-02-15 09:01:03Z Send 國際股市==>  Program END 

Create log file
2018-02-15 10:01:03Z Send 國際股市==>  Program Start
2018-02-15 10:01:03Z Send 國際股市==>  Program END 

Create log file
2018-02-15 11:01:03Z Send 國際股市==>  Program Start
2018-02-15 11:01:03Z Send 國際股市==>  Program END 

Create log file
2018-02-15 12:01:03Z Send 國際股市==>  Program Start
2018-02-15 12:01:03Z Send 國際股市==>  Program END 

Create log file
2018-02-15 13:01:03Z Send 國際股市==>  Program Start
2018-02-15 13:01:03Z Send 國際股市==>  Program END 

Create log file
2018-02-15 14:01:03Z Send 國際股市==>  Program Start
2018-02-15 14:01:03Z Send 國際股市==>  Program END 

Create log file
2018-02-15 15:01:03Z Send 國際股市==>  Program Start
2018-02-15 15:01:03Z Send 國際股市==>  Program END 

Create log file
2018-02-15 15:50:28Z option_insert_daily Program Start
2018-02-15 15:50:28Z option_insert_daily Program END 

Create log file
2018-02-15 16:01:03Z Send 國際股市==>  Program Start
2018-02-15 16:01:03Z Send 國際股市==>  Program END 

Create log file
2018-02-15 17:01:02Z Send 國際股市==>  Program Start
2018-02-15 17:01:02Z Send 國際股市==>  Program END 

Create log file
2018-02-15 18:01:05Z Send 國際股市==>  Program Start
2018-02-15 18:01:05Z Send 國際股市==>  Program END 

Create log file
2018-02-15 18:01:41Z Send 國際股市==>  Program Start
2018-02-15 18:01:41Z Send 國際股市==>  Program END 

Create log file
2018-02-15 18:02:07Z Send 國際股市==>  Program Start
2018-02-15 18:02:07Z Send 國際股市==>  Program END 

Create log file
2018-02-15 18:02:35Z Send 國際股市==>  Program Start
2018-02-15 18:02:35Z Send 國際股市==>  Program END 

Create log file
2018-02-15 18:02:59Z Send 國際股市==>  Program Start
2018-02-15 18:02:59Z Send 國際股市==>  Program END 

Create log file
2018-02-15 19:01:03Z Send 國際股市==>  Program Start
2018-02-15 19:01:03Z Send 國際股市==>  Program END 

Create log file
2018-02-15 19:01:40Z Send 國際股市==>  Program Start
2018-02-15 19:01:40Z Send 國際股市==>  Program END 

Create log file
2018-02-15 19:02:03Z Send 國際股市==>  Program Start
2018-02-15 19:02:03Z Send 國際股市==>  Program END 

Create log file
2018-02-15 19:02:26Z Send 國際股市==>  Program Start
2018-02-15 19:02:26Z Send 國際股市==>  Program END 

Create log file
2018-02-15 19:02:51Z Send 國際股市==>  Program Start
2018-02-15 19:02:51Z Send 國際股市==>  Program END 

Create log file
2018-02-15 19:03:14Z Send 國際股市==>  Program Start
2018-02-15 19:03:14Z Send 國際股市==>  Program END 

Create log file
2018-02-15 19:03:43Z Send 國際股市==>  Program Start
2018-02-15 19:03:43Z Send 國際股市==>  Program END 

Create log file
2018-02-15 20:01:03Z Send 國際股市==>  Program Start
2018-02-15 20:01:03Z Send 國際股市==>  Program END 

Create log file
2018-02-15 21:01:03Z Send 國際股市==>  Program Start
2018-02-15 21:01:03Z Send 國際股市==>  Program END 

Create log file
2018-02-15 22:01:03Z Send 國際股市==>  Program Start
2018-02-15 22:01:03Z Send 國際股市==>  Program END 

Create log file
2018-02-15 23:01:03Z Send 國際股市==>  Program Start
2018-02-15 23:01:03Z Send 國際股市==>  Program END 

