Create log file
2018-01-26 00:01:01Z Send 國際股市==>  Program Start
2018-01-26 00:01:01Z Send 國際股市==>  Program END 

Create log file
2018-01-26 01:01:04Z Send 國際股市==>  Program Start
2018-01-26 01:01:04Z Send 國際股市==>  Program END 

Create log file
2018-01-26 08:01:03Z Send 國際股市==>  Program Start
2018-01-26 08:01:03Z Send 國際股市==>  Program END 

Create log file
2018-01-26 08:01:40Z Send 國際股市==>  Program Start
2018-01-26 08:01:40Z Send 國際股市==>  Program END 

Create log file
2018-01-26 08:02:07Z Send 國際股市==>  Program Start
2018-01-26 08:02:07Z Send 國際股市==>  Program END 

Create log file
2018-01-26 08:02:36Z Send 國際股市==>  Program Start
2018-01-26 08:02:36Z Send 國際股市==>  Program END 

Create log file
2018-01-26 09:01:03Z Send 國際股市==>  Program Start
2018-01-26 09:01:03Z Send 國際股市==>  Program END 

Create log file
2018-01-26 10:01:09Z Send 國際股市==>  Program Start
2018-01-26 10:01:09Z Send 國際股市==>  Program END 

Create log file
2018-01-26 11:01:04Z Send 國際股市==>  Program Start
2018-01-26 11:01:04Z Send 國際股市==>  Program END 

Create log file
2018-01-26 12:01:04Z Send 國際股市==>  Program Start
2018-01-26 12:01:04Z Send 國際股市==>  Program END 

Create log file
2018-01-26 13:01:04Z Send 國際股市==>  Program Start
2018-01-26 13:01:04Z Send 國際股市==>  Program END 

Create log file
2018-01-26 14:01:03Z Send 國際股市==>  Program Start
2018-01-26 14:01:03Z Send 國際股市==>  Program END 

Create log file
2018-01-26 15:01:03Z Send 國際股市==>  Program Start
2018-01-26 15:01:03Z Send 國際股市==>  Program END 

Create log file
2018-01-26 15:50:29Z option_insert_daily Program Start
2018-01-26 15:50:29Z option_insert_daily Program END 

Create log file
2018-01-26 15:55:43Z Send Option_OIV_daily Program Start
2018-01-26 15:55:43Z Send Option_OIV_daily Program END 

Create log file
2018-01-26 16:01:03Z Send 國際股市==>  Program Start
2018-01-26 16:01:03Z Send 國際股市==>  Program END 

Create log file
2018-01-26 17:01:03Z Send 國際股市==>  Program Start
2018-01-26 17:01:03Z Send 國際股市==>  Program END 

Create log file
2018-01-26 18:01:03Z Send 國際股市==>  Program Start
2018-01-26 18:01:03Z Send 國際股市==>  Program END 

Create log file
2018-01-26 18:01:39Z Send 國際股市==>  Program Start
2018-01-26 18:01:39Z Send 國際股市==>  Program END 

Create log file
2018-01-26 18:02:04Z Send 國際股市==>  Program Start
2018-01-26 18:02:04Z Send 國際股市==>  Program END 

Create log file
2018-01-26 18:02:32Z Send 國際股市==>  Program Start
2018-01-26 18:02:32Z Send 國際股市==>  Program END 

Create log file
2018-01-26 18:02:55Z Send 國際股市==>  Program Start
2018-01-26 18:02:55Z Send 國際股市==>  Program END 

Create log file
2018-01-26 19:01:03Z Send 國際股市==>  Program Start
2018-01-26 19:01:03Z Send 國際股市==>  Program END 

Create log file
2018-01-26 19:01:40Z Send 國際股市==>  Program Start
2018-01-26 19:01:40Z Send 國際股市==>  Program END 

Create log file
2018-01-26 19:02:03Z Send 國際股市==>  Program Start
2018-01-26 19:02:03Z Send 國際股市==>  Program END 

Create log file
2018-01-26 19:02:26Z Send 國際股市==>  Program Start
2018-01-26 19:02:26Z Send 國際股市==>  Program END 

Create log file
2018-01-26 19:02:52Z Send 國際股市==>  Program Start
2018-01-26 19:02:52Z Send 國際股市==>  Program END 

Create log file
2018-01-26 19:03:14Z Send 國際股市==>  Program Start
2018-01-26 19:03:14Z Send 國際股市==>  Program END 

Create log file
2018-01-26 19:03:42Z Send 國際股市==>  Program Start
2018-01-26 19:03:42Z Send 國際股市==>  Program END 

Create log file
2018-01-26 20:01:04Z Send 國際股市==>  Program Start
2018-01-26 20:01:04Z Send 國際股市==>  Program END 

Create log file
2018-01-26 21:01:01Z Send 國際股市==>  Program Start
2018-01-26 21:01:01Z Send 國際股市==>  Program END 

Create log file
2018-01-26 22:01:01Z Send 國際股市==>  Program Start
2018-01-26 22:01:01Z Send 國際股市==>  Program END 

Create log file
2018-01-26 22:01:38Z Send 國際股市==>  Program Start
2018-01-26 22:01:38Z Send 國際股市==>  Program END 

Create log file
2018-01-26 22:02:06Z Send 國際股市==>  Program Start
2018-01-26 22:02:06Z Send 國際股市==>  Program END 

Create log file
2018-01-26 23:01:01Z Send 國際股市==>  Program Start
2018-01-26 23:01:01Z Send 國際股市==>  Program END 

Create log file
2018-01-26 23:01:38Z Send 國際股市==>  Program Start
2018-01-26 23:01:38Z Send 國際股市==>  Program END 

