Create log file
2018-04-16 08:01:12Z Send 國際股市==>  Program Start
2018-04-16 08:01:12Z Send 國際股市==>  Program END 

Create log file
2018-04-16 08:01:40Z Send 國際股市==>  Program Start
2018-04-16 08:01:40Z Send 國際股市==>  Program END 

Create log file
2018-04-16 08:02:08Z Send 國際股市==>  Program Start
2018-04-16 08:02:08Z Send 國際股市==>  Program END 

Create log file
2018-04-16 15:50:25Z option_insert_daily Program Start
2018-04-16 15:50:25Z option_insert_daily Program END 

Create log file
2018-04-16 15:55:35Z Send Option_OIV_daily Program Start
2018-04-16 15:55:35Z Send Option_OIV_daily Program END 

Create log file
2018-04-16 18:01:03Z Send 國際股市==>  Program Start
2018-04-16 18:01:03Z Send 國際股市==>  Program END 

Create log file
2018-04-16 18:01:29Z Send 國際股市==>  Program Start
2018-04-16 18:01:29Z Send 國際股市==>  Program END 

Create log file
2018-04-16 18:01:57Z Send 國際股市==>  Program Start
2018-04-16 18:01:57Z Send 國際股市==>  Program END 

Create log file
2018-04-16 19:01:02Z Send 國際股市==>  Program Start
2018-04-16 19:01:02Z Send 國際股市==>  Program END 

Create log file
2018-04-16 19:01:26Z Send 國際股市==>  Program Start
2018-04-16 19:01:26Z Send 國際股市==>  Program END 

Create log file
2018-04-16 19:01:49Z Send 國際股市==>  Program Start
2018-04-16 19:01:49Z Send 國際股市==>  Program END 

Create log file
2018-04-16 19:02:15Z Send 國際股市==>  Program Start
2018-04-16 19:02:15Z Send 國際股市==>  Program END 

Create log file
2018-04-16 19:02:38Z Send 國際股市==>  Program Start
2018-04-16 19:02:38Z Send 國際股市==>  Program END 

Create log file
2018-04-16 22:01:01Z Send 國際股市==>  Program Start
2018-04-16 22:01:01Z Send 國際股市==>  Program END 

Create log file
2018-04-16 22:01:31Z Send 國際股市==>  Program Start
2018-04-16 22:01:31Z Send 國際股市==>  Program END 

Create log file
2018-04-16 23:01:02Z Send 國際股市==>  Program Start
2018-04-16 23:01:02Z Send 國際股市==>  Program END 

