Create log file
2018-02-22 00:01:03Z Send 國際股市==>  Program Start
2018-02-22 00:01:03Z Send 國際股市==>  Program END 

Create log file
2018-02-22 01:01:02Z Send 國際股市==>  Program Start
2018-02-22 01:01:02Z Send 國際股市==>  Program END 

Create log file
2018-02-22 08:01:03Z Send 國際股市==>  Program Start
2018-02-22 08:01:03Z Send 國際股市==>  Program END 

Create log file
2018-02-22 08:01:39Z Send 國際股市==>  Program Start
2018-02-22 08:01:39Z Send 國際股市==>  Program END 

Create log file
2018-02-22 08:02:06Z Send 國際股市==>  Program Start
2018-02-22 08:02:06Z Send 國際股市==>  Program END 

Create log file
2018-02-22 08:02:35Z Send 國際股市==>  Program Start
2018-02-22 08:02:35Z Send 國際股市==>  Program END 

Create log file
2018-02-22 09:01:02Z Send 國際股市==>  Program Start
2018-02-22 09:01:02Z Send 國際股市==>  Program END 

Create log file
2018-02-22 10:01:03Z Send 國際股市==>  Program Start
2018-02-22 10:01:03Z Send 國際股市==>  Program END 

Create log file
2018-02-22 11:01:02Z Send 國際股市==>  Program Start
2018-02-22 11:01:02Z Send 國際股市==>  Program END 

Create log file
2018-02-22 12:01:03Z Send 國際股市==>  Program Start
2018-02-22 12:01:03Z Send 國際股市==>  Program END 

Create log file
2018-02-22 13:01:03Z Send 國際股市==>  Program Start
2018-02-22 13:01:03Z Send 國際股市==>  Program END 

Create log file
2018-02-22 14:01:03Z Send 國際股市==>  Program Start
2018-02-22 14:01:03Z Send 國際股市==>  Program END 

Create log file
2018-02-22 15:01:03Z Send 國際股市==>  Program Start
2018-02-22 15:01:03Z Send 國際股市==>  Program END 

Create log file
2018-02-22 15:50:31Z option_insert_daily Program Start
2018-02-22 15:50:31Z option_insert_daily Program END 

Create log file
2018-02-22 15:55:51Z Send Option_OIV_daily Program Start
2018-02-22 15:55:51Z Send Option_OIV_daily Program END 

Create log file
2018-02-22 16:01:03Z Send 國際股市==>  Program Start
2018-02-22 16:01:03Z Send 國際股市==>  Program END 

Create log file
2018-02-22 17:01:02Z Send 國際股市==>  Program Start
2018-02-22 17:01:02Z Send 國際股市==>  Program END 

Create log file
2018-02-22 18:01:05Z Send 國際股市==>  Program Start
2018-02-22 18:01:05Z Send 國際股市==>  Program END 

Create log file
2018-02-22 18:01:42Z Send 國際股市==>  Program Start
2018-02-22 18:01:42Z Send 國際股市==>  Program END 

Create log file
2018-02-22 18:02:08Z Send 國際股市==>  Program Start
2018-02-22 18:02:08Z Send 國際股市==>  Program END 

Create log file
2018-02-22 18:02:36Z Send 國際股市==>  Program Start
2018-02-22 18:02:36Z Send 國際股市==>  Program END 

Create log file
2018-02-22 18:02:59Z Send 國際股市==>  Program Start
2018-02-22 18:02:59Z Send 國際股市==>  Program END 

Create log file
2018-02-22 19:01:04Z Send 國際股市==>  Program Start
2018-02-22 19:01:04Z Send 國際股市==>  Program END 

Create log file
2018-02-22 19:01:39Z Send 國際股市==>  Program Start
2018-02-22 19:01:39Z Send 國際股市==>  Program END 

Create log file
2018-02-22 19:02:03Z Send 國際股市==>  Program Start
2018-02-22 19:02:03Z Send 國際股市==>  Program END 

Create log file
2018-02-22 19:02:25Z Send 國際股市==>  Program Start
2018-02-22 19:02:25Z Send 國際股市==>  Program END 

Create log file
2018-02-22 19:02:51Z Send 國際股市==>  Program Start
2018-02-22 19:02:51Z Send 國際股市==>  Program END 

Create log file
2018-02-22 19:03:14Z Send 國際股市==>  Program Start
2018-02-22 19:03:14Z Send 國際股市==>  Program END 

Create log file
2018-02-22 19:03:42Z Send 國際股市==>  Program Start
2018-02-22 19:03:42Z Send 國際股市==>  Program END 

Create log file
2018-02-22 20:01:02Z Send 國際股市==>  Program Start
2018-02-22 20:01:02Z Send 國際股市==>  Program END 

Create log file
2018-02-22 21:01:03Z Send 國際股市==>  Program Start
2018-02-22 21:01:03Z Send 國際股市==>  Program END 

Create log file
2018-02-22 22:01:02Z Send 國際股市==>  Program Start
2018-02-22 22:01:02Z Send 國際股市==>  Program END 

Create log file
2018-02-22 22:01:41Z Send 國際股市==>  Program Start
2018-02-22 22:01:41Z Send 國際股市==>  Program END 

Create log file
2018-02-22 22:02:09Z Send 國際股市==>  Program Start
2018-02-22 22:02:09Z Send 國際股市==>  Program END 

Create log file
2018-02-22 23:01:03Z Send 國際股市==>  Program Start
2018-02-22 23:01:03Z Send 國際股市==>  Program END 

Create log file
2018-02-22 23:01:40Z Send 國際股市==>  Program Start
2018-02-22 23:01:40Z Send 國際股市==>  Program END 

