Create log file
2018-03-22 08:01:03Z Send 國際股市==>  Program Start
2018-03-22 08:01:03Z Send 國際股市==>  Program END 

Create log file
2018-03-22 08:01:34Z Send 國際股市==>  Program Start
2018-03-22 08:01:34Z Send 國際股市==>  Program END 

Create log file
2018-03-22 08:02:02Z Send 國際股市==>  Program Start
2018-03-22 08:02:02Z Send 國際股市==>  Program END 

Create log file
2018-03-22 15:50:26Z option_insert_daily Program Start
2018-03-22 15:50:26Z option_insert_daily Program END 

Create log file
2018-03-22 15:55:52Z Send Option_OIV_daily Program Start
2018-03-22 15:55:52Z Send Option_OIV_daily Program END 

Create log file
2018-03-22 18:01:04Z Send 國際股市==>  Program Start
2018-03-22 18:01:04Z Send 國際股市==>  Program END 

Create log file
2018-03-22 18:01:31Z Send 國際股市==>  Program Start
2018-03-22 18:01:31Z Send 國際股市==>  Program END 

Create log file
2018-03-22 18:01:58Z Send 國際股市==>  Program Start
2018-03-22 18:01:58Z Send 國際股市==>  Program END 

Create log file
2018-03-22 19:01:03Z Send 國際股市==>  Program Start
2018-03-22 19:01:03Z Send 國際股市==>  Program END 

Create log file
2018-03-22 19:01:27Z Send 國際股市==>  Program Start
2018-03-22 19:01:27Z Send 國際股市==>  Program END 

Create log file
2018-03-22 19:01:50Z Send 國際股市==>  Program Start
2018-03-22 19:01:50Z Send 國際股市==>  Program END 

Create log file
2018-03-22 19:02:15Z Send 國際股市==>  Program Start
2018-03-22 19:02:15Z Send 國際股市==>  Program END 

Create log file
2018-03-22 19:02:38Z Send 國際股市==>  Program Start
2018-03-22 19:02:38Z Send 國際股市==>  Program END 

Create log file
2018-03-22 22:01:01Z Send 國際股市==>  Program Start
2018-03-22 22:01:01Z Send 國際股市==>  Program END 

Create log file
2018-03-22 22:01:31Z Send 國際股市==>  Program Start
2018-03-22 22:01:31Z Send 國際股市==>  Program END 

Create log file
2018-03-22 23:01:05Z Send 國際股市==>  Program Start
2018-03-22 23:01:05Z Send 國際股市==>  Program END 

