Create log file
2018-04-03 08:01:04Z Send 國際股市==>  Program Start
2018-04-03 08:01:04Z Send 國際股市==>  Program END 

Create log file
2018-04-03 15:50:29Z option_insert_daily Program Start
2018-04-03 15:50:29Z option_insert_daily Program END 

Create log file
2018-04-03 18:01:01Z Send 國際股市==>  Program Start
2018-04-03 18:01:01Z Send 國際股市==>  Program END 

Create log file
2018-04-03 18:01:28Z Send 國際股市==>  Program Start
2018-04-03 18:01:28Z Send 國際股市==>  Program END 

Create log file
2018-04-03 18:01:56Z Send 國際股市==>  Program Start
2018-04-03 18:01:56Z Send 國際股市==>  Program END 

Create log file
2018-04-03 19:01:01Z Send 國際股市==>  Program Start
2018-04-03 19:01:01Z Send 國際股市==>  Program END 

Create log file
2018-04-03 19:01:26Z Send 國際股市==>  Program Start
2018-04-03 19:01:26Z Send 國際股市==>  Program END 

Create log file
2018-04-03 19:01:49Z Send 國際股市==>  Program Start
2018-04-03 19:01:49Z Send 國際股市==>  Program END 

Create log file
2018-04-03 19:02:15Z Send 國際股市==>  Program Start
2018-04-03 19:02:15Z Send 國際股市==>  Program END 

Create log file
2018-04-03 19:02:37Z Send 國際股市==>  Program Start
2018-04-03 19:02:37Z Send 國際股市==>  Program END 

Create log file
2018-04-03 22:01:02Z Send 國際股市==>  Program Start
2018-04-03 22:01:02Z Send 國際股市==>  Program END 

Create log file
2018-04-03 22:01:30Z Send 國際股市==>  Program Start
2018-04-03 22:01:30Z Send 國際股市==>  Program END 

Create log file
2018-04-03 23:01:02Z Send 國際股市==>  Program Start
2018-04-03 23:01:02Z Send 國際股市==>  Program END 

