Create log file
2018-02-14 00:01:03Z Send 國際股市==>  Program Start
2018-02-14 00:01:03Z Send 國際股市==>  Program END 

Create log file
2018-02-14 01:01:12Z Send 國際股市==>  Program Start
2018-02-14 01:01:12Z Send 國際股市==>  Program END 

Create log file
2018-02-14 08:01:03Z Send 國際股市==>  Program Start
2018-02-14 08:01:03Z Send 國際股市==>  Program END 

Create log file
2018-02-14 08:01:27Z Send 國際股市==>  Program Start
2018-02-14 08:01:27Z Send 國際股市==>  Program END 

Create log file
2018-02-14 08:01:54Z Send 國際股市==>  Program Start
2018-02-14 08:01:54Z Send 國際股市==>  Program END 

Create log file
2018-02-14 08:02:22Z Send 國際股市==>  Program Start
2018-02-14 08:02:22Z Send 國際股市==>  Program END 

Create log file
2018-02-14 09:01:03Z Send 國際股市==>  Program Start
2018-02-14 09:01:03Z Send 國際股市==>  Program END 

Create log file
2018-02-14 10:01:03Z Send 國際股市==>  Program Start
2018-02-14 10:01:03Z Send 國際股市==>  Program END 

Create log file
2018-02-14 11:01:06Z Send 國際股市==>  Program Start
2018-02-14 11:01:06Z Send 國際股市==>  Program END 

Create log file
2018-02-14 12:01:03Z Send 國際股市==>  Program Start
2018-02-14 12:01:03Z Send 國際股市==>  Program END 

Create log file
2018-02-14 13:01:03Z Send 國際股市==>  Program Start
2018-02-14 13:01:03Z Send 國際股市==>  Program END 

Create log file
2018-02-14 14:01:03Z Send 國際股市==>  Program Start
2018-02-14 14:01:03Z Send 國際股市==>  Program END 

Create log file
2018-02-14 15:01:05Z Send 國際股市==>  Program Start
2018-02-14 15:01:05Z Send 國際股市==>  Program END 

Create log file
2018-02-14 15:50:29Z option_insert_daily Program Start
2018-02-14 15:50:29Z option_insert_daily Program END 

Create log file
2018-02-14 15:56:22Z Send Option_OIV_daily Program Start
2018-02-14 15:56:22Z Send Option_OIV_daily Program END 

Create log file
2018-02-14 16:01:02Z Send 國際股市==>  Program Start
2018-02-14 16:01:02Z Send 國際股市==>  Program END 

Create log file
2018-02-14 17:01:03Z Send 國際股市==>  Program Start
2018-02-14 17:01:03Z Send 國際股市==>  Program END 

Create log file
2018-02-14 18:01:02Z Send 國際股市==>  Program Start
2018-02-14 18:01:02Z Send 國際股市==>  Program END 

Create log file
2018-02-14 19:01:02Z Send 國際股市==>  Program Start
2018-02-14 19:01:02Z Send 國際股市==>  Program END 

Create log file
2018-02-14 19:01:38Z Send 國際股市==>  Program Start
2018-02-14 19:01:38Z Send 國際股市==>  Program END 

Create log file
2018-02-14 19:02:02Z Send 國際股市==>  Program Start
2018-02-14 19:02:02Z Send 國際股市==>  Program END 

Create log file
2018-02-14 19:02:25Z Send 國際股市==>  Program Start
2018-02-14 19:02:25Z Send 國際股市==>  Program END 

Create log file
2018-02-14 19:02:51Z Send 國際股市==>  Program Start
2018-02-14 19:02:51Z Send 國際股市==>  Program END 

Create log file
2018-02-14 19:03:13Z Send 國際股市==>  Program Start
2018-02-14 19:03:13Z Send 國際股市==>  Program END 

Create log file
2018-02-14 19:03:41Z Send 國際股市==>  Program Start
2018-02-14 19:03:41Z Send 國際股市==>  Program END 

Create log file
2018-02-14 20:01:02Z Send 國際股市==>  Program Start
2018-02-14 20:01:02Z Send 國際股市==>  Program END 

Create log file
2018-02-14 21:01:03Z Send 國際股市==>  Program Start
2018-02-14 21:01:03Z Send 國際股市==>  Program END 

Create log file
2018-02-14 22:01:03Z Send 國際股市==>  Program Start
2018-02-14 22:01:03Z Send 國際股市==>  Program END 

Create log file
2018-02-14 23:01:03Z Send 國際股市==>  Program Start
2018-02-14 23:01:03Z Send 國際股市==>  Program END 

