Create log file
2018-04-13 08:01:02Z Send 國際股市==>  Program Start
2018-04-13 08:01:02Z Send 國際股市==>  Program END 

Create log file
2018-04-13 08:01:30Z Send 國際股市==>  Program Start
2018-04-13 08:01:30Z Send 國際股市==>  Program END 

Create log file
2018-04-13 08:01:59Z Send 國際股市==>  Program Start
2018-04-13 08:01:59Z Send 國際股市==>  Program END 

Create log file
2018-04-13 15:50:24Z option_insert_daily Program Start
2018-04-13 15:50:24Z option_insert_daily Program END 

Create log file
2018-04-13 15:55:44Z Send Option_OIV_daily Program Start
2018-04-13 15:55:44Z Send Option_OIV_daily Program END 

Create log file
2018-04-13 18:01:01Z Send 國際股市==>  Program Start
2018-04-13 18:01:01Z Send 國際股市==>  Program END 

Create log file
2018-04-13 18:01:27Z Send 國際股市==>  Program Start
2018-04-13 18:01:27Z Send 國際股市==>  Program END 

Create log file
2018-04-13 18:01:55Z Send 國際股市==>  Program Start
2018-04-13 18:01:55Z Send 國際股市==>  Program END 

Create log file
2018-04-13 19:01:01Z Send 國際股市==>  Program Start
2018-04-13 19:01:01Z Send 國際股市==>  Program END 

Create log file
2018-04-13 19:01:25Z Send 國際股市==>  Program Start
2018-04-13 19:01:25Z Send 國際股市==>  Program END 

Create log file
2018-04-13 19:01:48Z Send 國際股市==>  Program Start
2018-04-13 19:01:48Z Send 國際股市==>  Program END 

Create log file
2018-04-13 19:02:15Z Send 國際股市==>  Program Start
2018-04-13 19:02:15Z Send 國際股市==>  Program END 

Create log file
2018-04-13 19:02:38Z Send 國際股市==>  Program Start
2018-04-13 19:02:38Z Send 國際股市==>  Program END 

Create log file
2018-04-13 22:01:02Z Send 國際股市==>  Program Start
2018-04-13 22:01:02Z Send 國際股市==>  Program END 

Create log file
2018-04-13 22:01:32Z Send 國際股市==>  Program Start
2018-04-13 22:01:32Z Send 國際股市==>  Program END 

Create log file
2018-04-13 23:01:05Z Send 國際股市==>  Program Start
2018-04-13 23:01:05Z Send 國際股市==>  Program END 

