Create log file
2018-02-05 08:01:02Z Send 國際股市==>  Program Start
2018-02-05 08:01:02Z Send 國際股市==>  Program END 

Create log file
2018-02-05 08:01:40Z Send 國際股市==>  Program Start
2018-02-05 08:01:40Z Send 國際股市==>  Program END 

Create log file
2018-02-05 08:02:07Z Send 國際股市==>  Program Start
2018-02-05 08:02:07Z Send 國際股市==>  Program END 

Create log file
2018-02-05 08:02:34Z Send 國際股市==>  Program Start
2018-02-05 08:02:34Z Send 國際股市==>  Program END 

Create log file
2018-02-05 09:01:01Z Send 國際股市==>  Program Start
2018-02-05 09:01:01Z Send 國際股市==>  Program END 

Create log file
2018-02-05 10:01:02Z Send 國際股市==>  Program Start
2018-02-05 10:01:02Z Send 國際股市==>  Program END 

Create log file
2018-02-05 11:01:01Z Send 國際股市==>  Program Start
2018-02-05 11:01:01Z Send 國際股市==>  Program END 

Create log file
2018-02-05 12:01:01Z Send 國際股市==>  Program Start
2018-02-05 12:01:01Z Send 國際股市==>  Program END 

Create log file
2018-02-05 13:01:02Z Send 國際股市==>  Program Start
2018-02-05 13:01:02Z Send 國際股市==>  Program END 

Create log file
2018-02-05 14:01:01Z Send 國際股市==>  Program Start
2018-02-05 14:01:01Z Send 國際股市==>  Program END 

Create log file
2018-02-05 15:01:01Z Send 國際股市==>  Program Start
2018-02-05 15:01:01Z Send 國際股市==>  Program END 

Create log file
2018-02-05 15:50:30Z option_insert_daily Program Start
2018-02-05 15:50:30Z option_insert_daily Program END 

Create log file
2018-02-05 15:55:27Z Send Option_OIV_daily Program Start
2018-02-05 15:55:27Z Send Option_OIV_daily Program END 

Create log file
2018-02-05 16:01:01Z Send 國際股市==>  Program Start
2018-02-05 16:01:01Z Send 國際股市==>  Program END 

Create log file
2018-02-05 17:01:01Z Send 國際股市==>  Program Start
2018-02-05 17:01:01Z Send 國際股市==>  Program END 

Create log file
2018-02-05 18:01:02Z Send 國際股市==>  Program Start
2018-02-05 18:01:02Z Send 國際股市==>  Program END 

Create log file
2018-02-05 18:01:38Z Send 國際股市==>  Program Start
2018-02-05 18:01:38Z Send 國際股市==>  Program END 

Create log file
2018-02-05 18:02:03Z Send 國際股市==>  Program Start
2018-02-05 18:02:03Z Send 國際股市==>  Program END 

Create log file
2018-02-05 18:02:31Z Send 國際股市==>  Program Start
2018-02-05 18:02:31Z Send 國際股市==>  Program END 

Create log file
2018-02-05 18:02:54Z Send 國際股市==>  Program Start
2018-02-05 18:02:54Z Send 國際股市==>  Program END 

Create log file
2018-02-05 19:01:01Z Send 國際股市==>  Program Start
2018-02-05 19:01:01Z Send 國際股市==>  Program END 

Create log file
2018-02-05 19:01:37Z Send 國際股市==>  Program Start
2018-02-05 19:01:37Z Send 國際股市==>  Program END 

Create log file
2018-02-05 19:02:00Z Send 國際股市==>  Program Start
2018-02-05 19:02:00Z Send 國際股市==>  Program END 

Create log file
2018-02-05 19:02:23Z Send 國際股市==>  Program Start
2018-02-05 19:02:23Z Send 國際股市==>  Program END 

Create log file
2018-02-05 19:02:48Z Send 國際股市==>  Program Start
2018-02-05 19:02:48Z Send 國際股市==>  Program END 

Create log file
2018-02-05 19:03:10Z Send 國際股市==>  Program Start
2018-02-05 19:03:10Z Send 國際股市==>  Program END 

Create log file
2018-02-05 19:03:38Z Send 國際股市==>  Program Start
2018-02-05 19:03:38Z Send 國際股市==>  Program END 

Create log file
2018-02-05 20:01:02Z Send 國際股市==>  Program Start
2018-02-05 20:01:02Z Send 國際股市==>  Program END 

Create log file
2018-02-05 21:01:02Z Send 國際股市==>  Program Start
2018-02-05 21:01:02Z Send 國際股市==>  Program END 

Create log file
2018-02-05 22:01:02Z Send 國際股市==>  Program Start
2018-02-05 22:01:02Z Send 國際股市==>  Program END 

Create log file
2018-02-05 22:01:38Z Send 國際股市==>  Program Start
2018-02-05 22:01:38Z Send 國際股市==>  Program END 

Create log file
2018-02-05 22:02:05Z Send 國際股市==>  Program Start
2018-02-05 22:02:05Z Send 國際股市==>  Program END 

Create log file
2018-02-05 23:01:02Z Send 國際股市==>  Program Start
2018-02-05 23:01:02Z Send 國際股市==>  Program END 

Create log file
2018-02-05 23:01:39Z Send 國際股市==>  Program Start
2018-02-05 23:01:39Z Send 國際股市==>  Program END 

