Create log file
2018-01-25 00:01:21Z Send 國際股市==>  Program Start
2018-01-25 00:01:21Z Send 國際股市==>  Program END 

Create log file
2018-01-25 01:01:12Z Send 國際股市==>  Program Start
2018-01-25 01:01:12Z Send 國際股市==>  Program END 

Create log file
2018-01-25 08:01:04Z Send 國際股市==>  Program Start
2018-01-25 08:01:04Z Send 國際股市==>  Program END 

Create log file
2018-01-25 08:01:29Z Send 國際股市==>  Program Start
2018-01-25 08:01:29Z Send 國際股市==>  Program END 

Create log file
2018-01-25 08:01:56Z Send 國際股市==>  Program Start
2018-01-25 08:01:56Z Send 國際股市==>  Program END 

Create log file
2018-01-25 08:02:23Z Send 國際股市==>  Program Start
2018-01-25 08:02:23Z Send 國際股市==>  Program END 

Create log file
2018-01-25 09:01:04Z Send 國際股市==>  Program Start
2018-01-25 09:01:04Z Send 國際股市==>  Program END 

Create log file
2018-01-25 10:01:04Z Send 國際股市==>  Program Start
2018-01-25 10:01:04Z Send 國際股市==>  Program END 

Create log file
2018-01-25 11:01:03Z Send 國際股市==>  Program Start
2018-01-25 11:01:03Z Send 國際股市==>  Program END 

Create log file
2018-01-25 12:01:03Z Send 國際股市==>  Program Start
2018-01-25 12:01:03Z Send 國際股市==>  Program END 

Create log file
2018-01-25 13:01:03Z Send 國際股市==>  Program Start
2018-01-25 13:01:03Z Send 國際股市==>  Program END 

Create log file
2018-01-25 14:01:04Z Send 國際股市==>  Program Start
2018-01-25 14:01:04Z Send 國際股市==>  Program END 

Create log file
2018-01-25 15:01:04Z Send 國際股市==>  Program Start
2018-01-25 15:01:04Z Send 國際股市==>  Program END 

Create log file
2018-01-25 15:50:40Z option_insert_daily Program Start
2018-01-25 15:50:40Z option_insert_daily Program END 

Create log file
2018-01-25 15:55:44Z Send Option_OIV_daily Program Start
2018-01-25 15:55:44Z Send Option_OIV_daily Program END 

Create log file
2018-01-25 16:01:04Z Send 國際股市==>  Program Start
2018-01-25 16:01:04Z Send 國際股市==>  Program END 

Create log file
2018-01-25 17:01:02Z Send 國際股市==>  Program Start
2018-01-25 17:01:02Z Send 國際股市==>  Program END 

Create log file
2018-01-25 18:01:04Z Send 國際股市==>  Program Start
2018-01-25 18:01:04Z Send 國際股市==>  Program END 

Create log file
2018-01-25 18:01:41Z Send 國際股市==>  Program Start
2018-01-25 18:01:41Z Send 國際股市==>  Program END 

Create log file
2018-01-25 18:02:07Z Send 國際股市==>  Program Start
2018-01-25 18:02:07Z Send 國際股市==>  Program END 

Create log file
2018-01-25 18:02:35Z Send 國際股市==>  Program Start
2018-01-25 18:02:35Z Send 國際股市==>  Program END 

Create log file
2018-01-25 18:02:58Z Send 國際股市==>  Program Start
2018-01-25 18:02:58Z Send 國際股市==>  Program END 

Create log file
2018-01-25 19:01:04Z Send 國際股市==>  Program Start
2018-01-25 19:01:04Z Send 國際股市==>  Program END 

Create log file
2018-01-25 19:01:39Z Send 國際股市==>  Program Start
2018-01-25 19:01:39Z Send 國際股市==>  Program END 

Create log file
2018-01-25 19:02:03Z Send 國際股市==>  Program Start
2018-01-25 19:02:03Z Send 國際股市==>  Program END 

Create log file
2018-01-25 19:02:26Z Send 國際股市==>  Program Start
2018-01-25 19:02:26Z Send 國際股市==>  Program END 

Create log file
2018-01-25 19:02:51Z Send 國際股市==>  Program Start
2018-01-25 19:02:51Z Send 國際股市==>  Program END 

Create log file
2018-01-25 19:03:13Z Send 國際股市==>  Program Start
2018-01-25 19:03:13Z Send 國際股市==>  Program END 

Create log file
2018-01-25 19:03:41Z Send 國際股市==>  Program Start
2018-01-25 19:03:41Z Send 國際股市==>  Program END 

Create log file
2018-01-25 20:01:04Z Send 國際股市==>  Program Start
2018-01-25 20:01:04Z Send 國際股市==>  Program END 

Create log file
2018-01-25 21:01:03Z Send 國際股市==>  Program Start
2018-01-25 21:01:03Z Send 國際股市==>  Program END 

Create log file
2018-01-25 22:01:01Z Send 國際股市==>  Program Start
2018-01-25 22:01:01Z Send 國際股市==>  Program END 

Create log file
2018-01-25 22:01:37Z Send 國際股市==>  Program Start
2018-01-25 22:01:37Z Send 國際股市==>  Program END 

Create log file
2018-01-25 22:02:04Z Send 國際股市==>  Program Start
2018-01-25 22:02:04Z Send 國際股市==>  Program END 

Create log file
2018-01-25 23:01:01Z Send 國際股市==>  Program Start
2018-01-25 23:01:01Z Send 國際股市==>  Program END 

Create log file
2018-01-25 23:01:39Z Send 國際股市==>  Program Start
2018-01-25 23:01:39Z Send 國際股市==>  Program END 

