Create log file
2018-02-16 00:01:03Z Send 國際股市==>  Program Start
2018-02-16 00:01:03Z Send 國際股市==>  Program END 

Create log file
2018-02-16 01:01:03Z Send 國際股市==>  Program Start
2018-02-16 01:01:03Z Send 國際股市==>  Program END 

Create log file
2018-02-16 08:01:04Z Send 國際股市==>  Program Start
2018-02-16 08:01:04Z Send 國際股市==>  Program END 

Create log file
2018-02-16 08:01:30Z Send 國際股市==>  Program Start
2018-02-16 08:01:30Z Send 國際股市==>  Program END 

Create log file
2018-02-16 08:01:57Z Send 國際股市==>  Program Start
2018-02-16 08:01:57Z Send 國際股市==>  Program END 

Create log file
2018-02-16 08:02:25Z Send 國際股市==>  Program Start
2018-02-16 08:02:25Z Send 國際股市==>  Program END 

Create log file
2018-02-16 10:01:03Z Send 國際股市==>  Program Start
2018-02-16 10:01:03Z Send 國際股市==>  Program END 

Create log file
2018-02-16 11:01:03Z Send 國際股市==>  Program Start
2018-02-16 11:01:03Z Send 國際股市==>  Program END 

Create log file
2018-02-16 12:01:03Z Send 國際股市==>  Program Start
2018-02-16 12:01:03Z Send 國際股市==>  Program END 

Create log file
2018-02-16 13:01:03Z Send 國際股市==>  Program Start
2018-02-16 13:01:03Z Send 國際股市==>  Program END 

Create log file
2018-02-16 14:01:03Z Send 國際股市==>  Program Start
2018-02-16 14:01:03Z Send 國際股市==>  Program END 

Create log file
2018-02-16 15:01:03Z Send 國際股市==>  Program Start
2018-02-16 15:01:03Z Send 國際股市==>  Program END 

Create log file
2018-02-16 15:50:24Z option_insert_daily Program Start
2018-02-16 15:50:24Z option_insert_daily Program END 

Create log file
2018-02-16 16:01:03Z Send 國際股市==>  Program Start
2018-02-16 16:01:03Z Send 國際股市==>  Program END 

Create log file
2018-02-16 17:01:03Z Send 國際股市==>  Program Start
2018-02-16 17:01:03Z Send 國際股市==>  Program END 

Create log file
2018-02-16 18:01:03Z Send 國際股市==>  Program Start
2018-02-16 18:01:03Z Send 國際股市==>  Program END 

Create log file
2018-02-16 18:01:39Z Send 國際股市==>  Program Start
2018-02-16 18:01:39Z Send 國際股市==>  Program END 

Create log file
2018-02-16 18:02:05Z Send 國際股市==>  Program Start
2018-02-16 18:02:05Z Send 國際股市==>  Program END 

Create log file
2018-02-16 18:02:33Z Send 國際股市==>  Program Start
2018-02-16 18:02:33Z Send 國際股市==>  Program END 

Create log file
2018-02-16 18:02:56Z Send 國際股市==>  Program Start
2018-02-16 18:02:56Z Send 國際股市==>  Program END 

Create log file
2018-02-16 19:01:04Z Send 國際股市==>  Program Start
2018-02-16 19:01:04Z Send 國際股市==>  Program END 

Create log file
2018-02-16 19:01:30Z Send 國際股市==>  Program Start
2018-02-16 19:01:30Z Send 國際股市==>  Program END 

Create log file
2018-02-16 19:01:56Z Send 國際股市==>  Program Start
2018-02-16 19:01:56Z Send 國際股市==>  Program END 

Create log file
2018-02-16 20:01:03Z Send 國際股市==>  Program Start
2018-02-16 20:01:03Z Send 國際股市==>  Program END 

Create log file
2018-02-16 21:01:03Z Send 國際股市==>  Program Start
2018-02-16 21:01:03Z Send 國際股市==>  Program END 

Create log file
2018-02-16 22:01:16Z Send 國際股市==>  Program Start
2018-02-16 22:01:16Z Send 國際股市==>  Program END 

Create log file
2018-02-16 23:01:03Z Send 國際股市==>  Program Start
2018-02-16 23:01:03Z Send 國際股市==>  Program END 

Create log file
2018-02-16 23:01:43Z Send 國際股市==>  Program Start
2018-02-16 23:01:43Z Send 國際股市==>  Program END 

