Create log file
2018-04-02 08:01:28Z Send 國際股市==>  Program Start
2018-04-02 08:01:28Z Send 國際股市==>  Program END 

Create log file
2018-04-02 15:50:28Z option_insert_daily Program Start
2018-04-02 15:50:28Z option_insert_daily Program END 

Create log file
2018-04-02 18:01:01Z Send 國際股市==>  Program Start
2018-04-02 18:01:01Z Send 國際股市==>  Program END 

Create log file
2018-04-02 18:01:27Z Send 國際股市==>  Program Start
2018-04-02 18:01:27Z Send 國際股市==>  Program END 

Create log file
2018-04-02 18:01:55Z Send 國際股市==>  Program Start
2018-04-02 18:01:55Z Send 國際股市==>  Program END 

Create log file
2018-04-02 19:01:01Z Send 國際股市==>  Program Start
2018-04-02 19:01:01Z Send 國際股市==>  Program END 

Create log file
2018-04-02 19:01:25Z Send 國際股市==>  Program Start
2018-04-02 19:01:25Z Send 國際股市==>  Program END 

Create log file
2018-04-02 19:01:48Z Send 國際股市==>  Program Start
2018-04-02 19:01:48Z Send 國際股市==>  Program END 

Create log file
2018-04-02 19:02:14Z Send 國際股市==>  Program Start
2018-04-02 19:02:14Z Send 國際股市==>  Program END 

Create log file
2018-04-02 19:02:37Z Send 國際股市==>  Program Start
2018-04-02 19:02:37Z Send 國際股市==>  Program END 

Create log file
2018-04-02 19:25:02Z Send 國際股市==>  Program Start
2018-04-02 19:25:02Z Send 國際股市==>  Program END 

Create log file
2018-04-02 19:25:26Z Send 國際股市==>  Program Start
2018-04-02 19:25:26Z Send 國際股市==>  Program END 

Create log file
2018-04-02 19:25:47Z Send 國際股市==>  Program Start
2018-04-02 19:25:47Z Send 國際股市==>  Program END 

Create log file
2018-04-02 19:26:12Z Send 國際股市==>  Program Start
2018-04-02 19:26:12Z Send 國際股市==>  Program END 

Create log file
2018-04-02 19:26:35Z Send 國際股市==>  Program Start
2018-04-02 19:26:35Z Send 國際股市==>  Program END 

Create log file
2018-04-02 22:01:05Z Send 國際股市==>  Program Start
2018-04-02 22:01:05Z Send 國際股市==>  Program END 

Create log file
2018-04-02 22:01:35Z Send 國際股市==>  Program Start
2018-04-02 22:01:35Z Send 國際股市==>  Program END 

Create log file
2018-04-02 23:01:02Z Send 國際股市==>  Program Start
2018-04-02 23:01:02Z Send 國際股市==>  Program END 

