Create log file
2018-02-19 08:01:04Z Send 國際股市==>  Program Start
2018-02-19 08:01:04Z Send 國際股市==>  Program END 

Create log file
2018-02-19 08:01:29Z Send 國際股市==>  Program Start
2018-02-19 08:01:29Z Send 國際股市==>  Program END 

Create log file
2018-02-19 08:01:56Z Send 國際股市==>  Program Start
2018-02-19 08:01:56Z Send 國際股市==>  Program END 

Create log file
2018-02-19 08:02:24Z Send 國際股市==>  Program Start
2018-02-19 08:02:24Z Send 國際股市==>  Program END 

Create log file
2018-02-19 09:01:03Z Send 國際股市==>  Program Start
2018-02-19 09:01:03Z Send 國際股市==>  Program END 

Create log file
2018-02-19 10:01:11Z Send 國際股市==>  Program Start
2018-02-19 10:01:11Z Send 國際股市==>  Program END 

Create log file
2018-02-19 11:01:06Z Send 國際股市==>  Program Start
2018-02-19 11:01:06Z Send 國際股市==>  Program END 

Create log file
2018-02-19 12:01:10Z Send 國際股市==>  Program Start
2018-02-19 12:01:10Z Send 國際股市==>  Program END 

Create log file
2018-02-19 13:01:10Z Send 國際股市==>  Program Start
2018-02-19 13:01:10Z Send 國際股市==>  Program END 

Create log file
2018-02-19 14:01:06Z Send 國際股市==>  Program Start
2018-02-19 14:01:06Z Send 國際股市==>  Program END 

Create log file
2018-02-19 15:01:01Z Send 國際股市==>  Program Start
2018-02-19 15:01:01Z Send 國際股市==>  Program END 

Create log file
2018-02-19 15:50:30Z option_insert_daily Program Start
2018-02-19 15:50:30Z option_insert_daily Program END 

Create log file
2018-02-19 15:56:46Z Send Option_OIV_daily Program Start
2018-02-19 15:56:46Z Send Option_OIV_daily Program END 

Create log file
2018-02-19 16:01:01Z Send 國際股市==>  Program Start
2018-02-19 16:01:01Z Send 國際股市==>  Program END 

Create log file
2018-02-19 17:01:01Z Send 國際股市==>  Program Start
2018-02-19 17:01:01Z Send 國際股市==>  Program END 

Create log file
2018-02-19 18:01:01Z Send 國際股市==>  Program Start
2018-02-19 18:01:01Z Send 國際股市==>  Program END 

Create log file
2018-02-19 18:01:38Z Send 國際股市==>  Program Start
2018-02-19 18:01:38Z Send 國際股市==>  Program END 

Create log file
2018-02-19 18:02:05Z Send 國際股市==>  Program Start
2018-02-19 18:02:05Z Send 國際股市==>  Program END 

Create log file
2018-02-19 18:02:35Z Send 國際股市==>  Program Start
2018-02-19 18:02:35Z Send 國際股市==>  Program END 

Create log file
2018-02-19 18:02:57Z Send 國際股市==>  Program Start
2018-02-19 18:02:57Z Send 國際股市==>  Program END 

Create log file
2018-02-19 19:01:02Z Send 國際股市==>  Program Start
2018-02-19 19:01:02Z Send 國際股市==>  Program END 

Create log file
2018-02-19 19:01:37Z Send 國際股市==>  Program Start
2018-02-19 19:01:37Z Send 國際股市==>  Program END 

Create log file
2018-02-19 19:02:01Z Send 國際股市==>  Program Start
2018-02-19 19:02:01Z Send 國際股市==>  Program END 

Create log file
2018-02-19 19:02:24Z Send 國際股市==>  Program Start
2018-02-19 19:02:24Z Send 國際股市==>  Program END 

Create log file
2018-02-19 19:02:49Z Send 國際股市==>  Program Start
2018-02-19 19:02:49Z Send 國際股市==>  Program END 

Create log file
2018-02-19 19:03:12Z Send 國際股市==>  Program Start
2018-02-19 19:03:12Z Send 國際股市==>  Program END 

Create log file
2018-02-19 19:03:40Z Send 國際股市==>  Program Start
2018-02-19 19:03:40Z Send 國際股市==>  Program END 

Create log file
2018-02-19 20:01:01Z Send 國際股市==>  Program Start
2018-02-19 20:01:01Z Send 國際股市==>  Program END 

Create log file
2018-02-19 21:01:01Z Send 國際股市==>  Program Start
2018-02-19 21:01:01Z Send 國際股市==>  Program END 

Create log file
2018-02-19 22:01:03Z Send 國際股市==>  Program Start
2018-02-19 22:01:03Z Send 國際股市==>  Program END 

Create log file
2018-02-19 23:01:02Z Send 國際股市==>  Program Start
2018-02-19 23:01:02Z Send 國際股市==>  Program END 

Create log file
2018-02-19 23:01:39Z Send 國際股市==>  Program Start
2018-02-19 23:01:39Z Send 國際股市==>  Program END 

