Create log file
2018-04-09 08:01:17Z Send 國際股市==>  Program Start
2018-04-09 08:01:17Z Send 國際股市==>  Program END 

Create log file
2018-04-09 08:01:45Z Send 國際股市==>  Program Start
2018-04-09 08:01:45Z Send 國際股市==>  Program END 

Create log file
2018-04-09 08:02:13Z Send 國際股市==>  Program Start
2018-04-09 08:02:13Z Send 國際股市==>  Program END 

Create log file
2018-04-09 15:50:31Z option_insert_daily Program Start
2018-04-09 15:50:31Z option_insert_daily Program END 

Create log file
2018-04-09 15:55:31Z Send Option_OIV_daily Program Start
2018-04-09 15:55:31Z Send Option_OIV_daily Program END 

Create log file
2018-04-09 18:01:03Z Send 國際股市==>  Program Start
2018-04-09 18:01:03Z Send 國際股市==>  Program END 

Create log file
2018-04-09 18:01:29Z Send 國際股市==>  Program Start
2018-04-09 18:01:29Z Send 國際股市==>  Program END 

Create log file
2018-04-09 18:01:57Z Send 國際股市==>  Program Start
2018-04-09 18:01:57Z Send 國際股市==>  Program END 

Create log file
2018-04-09 19:01:02Z Send 國際股市==>  Program Start
2018-04-09 19:01:02Z Send 國際股市==>  Program END 

Create log file
2018-04-09 19:01:27Z Send 國際股市==>  Program Start
2018-04-09 19:01:27Z Send 國際股市==>  Program END 

Create log file
2018-04-09 19:01:50Z Send 國際股市==>  Program Start
2018-04-09 19:01:50Z Send 國際股市==>  Program END 

Create log file
2018-04-09 19:02:15Z Send 國際股市==>  Program Start
2018-04-09 19:02:15Z Send 國際股市==>  Program END 

Create log file
2018-04-09 19:02:38Z Send 國際股市==>  Program Start
2018-04-09 19:02:38Z Send 國際股市==>  Program END 

Create log file
2018-04-09 22:01:02Z Send 國際股市==>  Program Start
2018-04-09 22:01:02Z Send 國際股市==>  Program END 

Create log file
2018-04-09 22:01:32Z Send 國際股市==>  Program Start
2018-04-09 22:01:32Z Send 國際股市==>  Program END 

Create log file
2018-04-09 23:01:03Z Send 國際股市==>  Program Start
2018-04-09 23:01:03Z Send 國際股市==>  Program END 

