Create log file
2018-02-09 00:02:21Z Send 國際股市==>  Program Start
2018-02-09 00:02:21Z Send 國際股市==>  Program END 

Create log file
2018-02-09 01:01:06Z Send 國際股市==>  Program Start
2018-02-09 01:01:06Z Send 國際股市==>  Program END 

Create log file
2018-02-09 08:01:02Z Send 國際股市==>  Program Start
2018-02-09 08:01:02Z Send 國際股市==>  Program END 

Create log file
2018-02-09 08:01:39Z Send 國際股市==>  Program Start
2018-02-09 08:01:39Z Send 國際股市==>  Program END 

Create log file
2018-02-09 08:02:07Z Send 國際股市==>  Program Start
2018-02-09 08:02:07Z Send 國際股市==>  Program END 

Create log file
2018-02-09 08:02:35Z Send 國際股市==>  Program Start
2018-02-09 08:02:35Z Send 國際股市==>  Program END 

Create log file
2018-02-09 09:01:02Z Send 國際股市==>  Program Start
2018-02-09 09:01:02Z Send 國際股市==>  Program END 

Create log file
2018-02-09 10:01:08Z Send 國際股市==>  Program Start
2018-02-09 10:01:08Z Send 國際股市==>  Program END 

Create log file
2018-02-09 11:01:03Z Send 國際股市==>  Program Start
2018-02-09 11:01:03Z Send 國際股市==>  Program END 

Create log file
2018-02-09 12:01:07Z Send 國際股市==>  Program Start
2018-02-09 12:01:07Z Send 國際股市==>  Program END 

Create log file
2018-02-09 13:01:06Z Send 國際股市==>  Program Start
2018-02-09 13:01:06Z Send 國際股市==>  Program END 

Create log file
2018-02-09 14:01:02Z Send 國際股市==>  Program Start
2018-02-09 14:01:02Z Send 國際股市==>  Program END 

Create log file
2018-02-09 15:01:02Z Send 國際股市==>  Program Start
2018-02-09 15:01:02Z Send 國際股市==>  Program END 

Create log file
2018-02-09 15:50:32Z option_insert_daily Program Start
2018-02-09 15:50:32Z option_insert_daily Program END 

Create log file
2018-02-09 15:55:42Z Send Option_OIV_daily Program Start
2018-02-09 15:55:42Z Send Option_OIV_daily Program END 

Create log file
2018-02-09 16:01:02Z Send 國際股市==>  Program Start
2018-02-09 16:01:02Z Send 國際股市==>  Program END 

Create log file
2018-02-09 17:01:02Z Send 國際股市==>  Program Start
2018-02-09 17:01:02Z Send 國際股市==>  Program END 

Create log file
2018-02-09 18:01:02Z Send 國際股市==>  Program Start
2018-02-09 18:01:02Z Send 國際股市==>  Program END 

Create log file
2018-02-09 18:01:39Z Send 國際股市==>  Program Start
2018-02-09 18:01:39Z Send 國際股市==>  Program END 

Create log file
2018-02-09 18:02:06Z Send 國際股市==>  Program Start
2018-02-09 18:02:06Z Send 國際股市==>  Program END 

Create log file
2018-02-09 18:02:32Z Send 國際股市==>  Program Start
2018-02-09 18:02:32Z Send 國際股市==>  Program END 

Create log file
2018-02-09 18:02:55Z Send 國際股市==>  Program Start
2018-02-09 18:02:55Z Send 國際股市==>  Program END 

Create log file
2018-02-09 19:01:03Z Send 國際股市==>  Program Start
2018-02-09 19:01:03Z Send 國際股市==>  Program END 

Create log file
2018-02-09 19:01:27Z Send 國際股市==>  Program Start
2018-02-09 19:01:27Z Send 國際股市==>  Program END 

Create log file
2018-02-09 19:01:51Z Send 國際股市==>  Program Start
2018-02-09 19:01:51Z Send 國際股市==>  Program END 

Create log file
2018-02-09 19:02:13Z Send 國際股市==>  Program Start
2018-02-09 19:02:13Z Send 國際股市==>  Program END 

Create log file
2018-02-09 19:02:37Z Send 國際股市==>  Program Start
2018-02-09 19:02:37Z Send 國際股市==>  Program END 

Create log file
2018-02-09 19:03:00Z Send 國際股市==>  Program Start
2018-02-09 19:03:00Z Send 國際股市==>  Program END 

Create log file
2018-02-09 19:03:28Z Send 國際股市==>  Program Start
2018-02-09 19:03:28Z Send 國際股市==>  Program END 

Create log file
2018-02-09 20:01:02Z Send 國際股市==>  Program Start
2018-02-09 20:01:02Z Send 國際股市==>  Program END 

Create log file
2018-02-09 21:01:01Z Send 國際股市==>  Program Start
2018-02-09 21:01:01Z Send 國際股市==>  Program END 

Create log file
2018-02-09 22:01:02Z Send 國際股市==>  Program Start
2018-02-09 22:01:02Z Send 國際股市==>  Program END 

Create log file
2018-02-09 22:01:39Z Send 國際股市==>  Program Start
2018-02-09 22:01:39Z Send 國際股市==>  Program END 

Create log file
2018-02-09 22:02:06Z Send 國際股市==>  Program Start
2018-02-09 22:02:06Z Send 國際股市==>  Program END 

Create log file
2018-02-09 23:01:01Z Send 國際股市==>  Program Start
2018-02-09 23:01:01Z Send 國際股市==>  Program END 

Create log file
2018-02-09 23:01:39Z Send 國際股市==>  Program Start
2018-02-09 23:01:39Z Send 國際股市==>  Program END 

