Create log file
2018-02-02 00:01:01Z Send 國際股市==>  Program Start
2018-02-02 00:01:01Z Send 國際股市==>  Program END 

Create log file
2018-02-02 01:01:01Z Send 國際股市==>  Program Start
2018-02-02 01:01:01Z Send 國際股市==>  Program END 

Create log file
2018-02-02 08:01:01Z Send 國際股市==>  Program Start
2018-02-02 08:01:01Z Send 國際股市==>  Program END 

Create log file
2018-02-02 08:01:38Z Send 國際股市==>  Program Start
2018-02-02 08:01:38Z Send 國際股市==>  Program END 

Create log file
2018-02-02 08:02:06Z Send 國際股市==>  Program Start
2018-02-02 08:02:06Z Send 國際股市==>  Program END 

Create log file
2018-02-02 08:02:34Z Send 國際股市==>  Program Start
2018-02-02 08:02:34Z Send 國際股市==>  Program END 

Create log file
2018-02-02 09:01:02Z Send 國際股市==>  Program Start
2018-02-02 09:01:02Z Send 國際股市==>  Program END 

Create log file
2018-02-02 10:01:09Z Send 國際股市==>  Program Start
2018-02-02 10:01:09Z Send 國際股市==>  Program END 

Create log file
2018-02-02 11:01:05Z Send 國際股市==>  Program Start
2018-02-02 11:01:05Z Send 國際股市==>  Program END 

Create log file
2018-02-02 12:01:05Z Send 國際股市==>  Program Start
2018-02-02 12:01:05Z Send 國際股市==>  Program END 

Create log file
2018-02-02 13:01:04Z Send 國際股市==>  Program Start
2018-02-02 13:01:04Z Send 國際股市==>  Program END 

Create log file
2018-02-02 14:01:04Z Send 國際股市==>  Program Start
2018-02-02 14:01:04Z Send 國際股市==>  Program END 

Create log file
2018-02-02 15:01:03Z Send 國際股市==>  Program Start
2018-02-02 15:01:03Z Send 國際股市==>  Program END 

Create log file
2018-02-02 15:50:27Z option_insert_daily Program Start
2018-02-02 15:50:27Z option_insert_daily Program END 

Create log file
2018-02-02 15:55:36Z Send Option_OIV_daily Program Start
2018-02-02 15:55:36Z Send Option_OIV_daily Program END 

Create log file
2018-02-02 16:01:05Z Send 國際股市==>  Program Start
2018-02-02 16:01:05Z Send 國際股市==>  Program END 

Create log file
2018-02-02 17:01:04Z Send 國際股市==>  Program Start
2018-02-02 17:01:04Z Send 國際股市==>  Program END 

Create log file
2018-02-02 18:01:04Z Send 國際股市==>  Program Start
2018-02-02 18:01:04Z Send 國際股市==>  Program END 

Create log file
2018-02-02 18:01:40Z Send 國際股市==>  Program Start
2018-02-02 18:01:40Z Send 國際股市==>  Program END 

Create log file
2018-02-02 18:02:06Z Send 國際股市==>  Program Start
2018-02-02 18:02:06Z Send 國際股市==>  Program END 

Create log file
2018-02-02 18:02:35Z Send 國際股市==>  Program Start
2018-02-02 18:02:35Z Send 國際股市==>  Program END 

Create log file
2018-02-02 18:02:59Z Send 國際股市==>  Program Start
2018-02-02 18:02:59Z Send 國際股市==>  Program END 

Create log file
2018-02-02 19:01:05Z Send 國際股市==>  Program Start
2018-02-02 19:01:05Z Send 國際股市==>  Program END 

Create log file
2018-02-02 19:01:41Z Send 國際股市==>  Program Start
2018-02-02 19:01:41Z Send 國際股市==>  Program END 

Create log file
2018-02-02 19:02:04Z Send 國際股市==>  Program Start
2018-02-02 19:02:04Z Send 國際股市==>  Program END 

Create log file
2018-02-02 19:02:27Z Send 國際股市==>  Program Start
2018-02-02 19:02:27Z Send 國際股市==>  Program END 

Create log file
2018-02-02 19:02:52Z Send 國際股市==>  Program Start
2018-02-02 19:02:52Z Send 國際股市==>  Program END 

Create log file
2018-02-02 19:03:15Z Send 國際股市==>  Program Start
2018-02-02 19:03:15Z Send 國際股市==>  Program END 

Create log file
2018-02-02 19:03:43Z Send 國際股市==>  Program Start
2018-02-02 19:03:43Z Send 國際股市==>  Program END 

Create log file
2018-02-02 20:01:05Z Send 國際股市==>  Program Start
2018-02-02 20:01:05Z Send 國際股市==>  Program END 

Create log file
2018-02-02 21:01:04Z Send 國際股市==>  Program Start
2018-02-02 21:01:04Z Send 國際股市==>  Program END 

Create log file
2018-02-02 22:01:02Z Send 國際股市==>  Program Start
2018-02-02 22:01:02Z Send 國際股市==>  Program END 

Create log file
2018-02-02 22:01:39Z Send 國際股市==>  Program Start
2018-02-02 22:01:39Z Send 國際股市==>  Program END 

Create log file
2018-02-02 22:02:07Z Send 國際股市==>  Program Start
2018-02-02 22:02:07Z Send 國際股市==>  Program END 

Create log file
2018-02-02 23:01:05Z Send 國際股市==>  Program Start
2018-02-02 23:01:05Z Send 國際股市==>  Program END 

Create log file
2018-02-02 23:01:42Z Send 國際股市==>  Program Start
2018-02-02 23:01:42Z Send 國際股市==>  Program END 

