Create log file
2018-03-26 08:01:05Z Send 國際股市==>  Program Start
2018-03-26 08:01:05Z Send 國際股市==>  Program END 

Create log file
2018-03-26 15:50:28Z option_insert_daily Program Start
2018-03-26 15:50:28Z option_insert_daily Program END 

Create log file
2018-03-26 15:55:44Z Send Option_OIV_daily Program Start
2018-03-26 15:55:44Z Send Option_OIV_daily Program END 

Create log file
2018-03-26 18:01:01Z Send 國際股市==>  Program Start
2018-03-26 18:01:01Z Send 國際股市==>  Program END 

Create log file
2018-03-26 18:01:27Z Send 國際股市==>  Program Start
2018-03-26 18:01:27Z Send 國際股市==>  Program END 

Create log file
2018-03-26 18:01:55Z Send 國際股市==>  Program Start
2018-03-26 18:01:55Z Send 國際股市==>  Program END 

Create log file
2018-03-26 19:01:01Z Send 國際股市==>  Program Start
2018-03-26 19:01:01Z Send 國際股市==>  Program END 

Create log file
2018-03-26 19:01:25Z Send 國際股市==>  Program Start
2018-03-26 19:01:25Z Send 國際股市==>  Program END 

Create log file
2018-03-26 19:01:48Z Send 國際股市==>  Program Start
2018-03-26 19:01:48Z Send 國際股市==>  Program END 

Create log file
2018-03-26 19:02:13Z Send 國際股市==>  Program Start
2018-03-26 19:02:13Z Send 國際股市==>  Program END 

Create log file
2018-03-26 19:02:36Z Send 國際股市==>  Program Start
2018-03-26 19:02:36Z Send 國際股市==>  Program END 

Create log file
2018-03-26 22:01:01Z Send 國際股市==>  Program Start
2018-03-26 22:01:01Z Send 國際股市==>  Program END 

Create log file
2018-03-26 22:01:30Z Send 國際股市==>  Program Start
2018-03-26 22:01:30Z Send 國際股市==>  Program END 

Create log file
2018-03-26 23:01:01Z Send 國際股市==>  Program Start
2018-03-26 23:01:01Z Send 國際股市==>  Program END 

