Create log file
2018-04-06 08:01:02Z Send 國際股市==>  Program Start
2018-04-06 08:01:02Z Send 國際股市==>  Program END 

Create log file
2018-04-06 08:01:30Z Send 國際股市==>  Program Start
2018-04-06 08:01:30Z Send 國際股市==>  Program END 

Create log file
2018-04-06 08:01:58Z Send 國際股市==>  Program Start
2018-04-06 08:01:58Z Send 國際股市==>  Program END 

Create log file
2018-04-06 15:50:27Z option_insert_daily Program Start
2018-04-06 15:50:27Z option_insert_daily Program END 

Create log file
2018-04-06 15:55:55Z Send Option_OIV_daily Program Start
2018-04-06 15:55:55Z Send Option_OIV_daily Program END 

Create log file
2018-04-06 18:01:02Z Send 國際股市==>  Program Start
2018-04-06 18:01:02Z Send 國際股市==>  Program END 

Create log file
2018-04-06 18:01:29Z Send 國際股市==>  Program Start
2018-04-06 18:01:29Z Send 國際股市==>  Program END 

Create log file
2018-04-06 18:01:57Z Send 國際股市==>  Program Start
2018-04-06 18:01:57Z Send 國際股市==>  Program END 

Create log file
2018-04-06 19:01:02Z Send 國際股市==>  Program Start
2018-04-06 19:01:02Z Send 國際股市==>  Program END 

Create log file
2018-04-06 19:01:25Z Send 國際股市==>  Program Start
2018-04-06 19:01:25Z Send 國際股市==>  Program END 

Create log file
2018-04-06 19:01:48Z Send 國際股市==>  Program Start
2018-04-06 19:01:48Z Send 國際股市==>  Program END 

Create log file
2018-04-06 19:02:13Z Send 國際股市==>  Program Start
2018-04-06 19:02:13Z Send 國際股市==>  Program END 

Create log file
2018-04-06 19:02:36Z Send 國際股市==>  Program Start
2018-04-06 19:02:36Z Send 國際股市==>  Program END 

Create log file
2018-04-06 22:01:02Z Send 國際股市==>  Program Start
2018-04-06 22:01:02Z Send 國際股市==>  Program END 

Create log file
2018-04-06 22:01:32Z Send 國際股市==>  Program Start
2018-04-06 22:01:32Z Send 國際股市==>  Program END 

Create log file
2018-04-06 23:01:06Z Send 國際股市==>  Program Start
2018-04-06 23:01:06Z Send 國際股市==>  Program END 

