Create log file
2019-04-03 08:01:04Z Send 國際股市==>  Program Start
2019-04-03 08:01:04Z Send 國際股市==>  Program END 

Create log file
2019-04-03 08:01:32Z Send 國際股市==>  Program Start
2019-04-03 08:01:32Z Send 國際股市==>  Program END 

Create log file
2019-04-03 08:02:00Z Send 國際股市==>  Program Start
2019-04-03 08:02:00Z Send 國際股市==>  Program END 

Create log file
2019-04-03 15:50:06Z option_insert_daily Program Start
2019-04-03 15:50:06Z option_insert_daily Program END 

Create log file
2019-04-03 18:01:03Z Send 國際股市==>  Program Start
2019-04-03 18:01:03Z Send 國際股市==>  Program END 

Create log file
2019-04-03 18:01:28Z Send 國際股市==>  Program Start
2019-04-03 18:01:28Z Send 國際股市==>  Program END 

Create log file
2019-04-03 18:01:52Z Send 國際股市==>  Program Start
2019-04-03 18:01:52Z Send 國際股市==>  Program END 

Create log file
2019-04-03 19:01:04Z Send 國際股市==>  Program Start
2019-04-03 19:01:04Z Send 國際股市==>  Program END 

Create log file
2019-04-03 19:01:28Z Send 國際股市==>  Program Start
2019-04-03 19:01:28Z Send 國際股市==>  Program END 

Create log file
2019-04-03 19:01:51Z Send 國際股市==>  Program Start
2019-04-03 19:01:51Z Send 國際股市==>  Program END 

Create log file
2019-04-03 19:02:16Z Send 國際股市==>  Program Start
2019-04-03 19:02:16Z Send 國際股市==>  Program END 

Create log file
2019-04-03 19:02:39Z Send 國際股市==>  Program Start
2019-04-03 19:02:39Z Send 國際股市==>  Program END 

Create log file
2019-04-03 22:01:03Z Send 國際股市==>  Program Start
2019-04-03 22:01:03Z Send 國際股市==>  Program END 

Create log file
2019-04-03 22:01:31Z Send 國際股市==>  Program Start
2019-04-03 22:01:31Z Send 國際股市==>  Program END 

Create log file
2019-04-03 23:01:04Z Send 國際股市==>  Program Start
2019-04-03 23:01:04Z Send 國際股市==>  Program END 

