Create log file
2019-04-10 08:01:03Z Send 國際股市==>  Program Start
2019-04-10 08:01:03Z Send 國際股市==>  Program END 

Create log file
2019-04-10 08:01:32Z Send 國際股市==>  Program Start
2019-04-10 08:01:32Z Send 國際股市==>  Program END 

Create log file
2019-04-10 08:01:55Z Send 國際股市==>  Program Start
2019-04-10 08:01:55Z Send 國際股市==>  Program END 

Create log file
2019-04-10 15:50:06Z option_insert_daily Program Start
2019-04-10 15:50:06Z option_insert_daily Program END 

Create log file
2019-04-10 18:01:03Z Send 國際股市==>  Program Start
2019-04-10 18:01:03Z Send 國際股市==>  Program END 

Create log file
2019-04-10 18:01:29Z Send 國際股市==>  Program Start
2019-04-10 18:01:29Z Send 國際股市==>  Program END 

Create log file
2019-04-10 18:01:53Z Send 國際股市==>  Program Start
2019-04-10 18:01:53Z Send 國際股市==>  Program END 

Create log file
2019-04-10 19:01:03Z Send 國際股市==>  Program Start
2019-04-10 19:01:03Z Send 國際股市==>  Program END 

Create log file
2019-04-10 19:01:27Z Send 國際股市==>  Program Start
2019-04-10 19:01:27Z Send 國際股市==>  Program END 

Create log file
2019-04-10 19:01:50Z Send 國際股市==>  Program Start
2019-04-10 19:01:50Z Send 國際股市==>  Program END 

Create log file
2019-04-10 19:02:15Z Send 國際股市==>  Program Start
2019-04-10 19:02:15Z Send 國際股市==>  Program END 

Create log file
2019-04-10 19:02:38Z Send 國際股市==>  Program Start
2019-04-10 19:02:38Z Send 國際股市==>  Program END 

Create log file
2019-04-10 22:01:03Z Send 國際股市==>  Program Start
2019-04-10 22:01:03Z Send 國際股市==>  Program END 

Create log file
2019-04-10 22:01:33Z Send 國際股市==>  Program Start
2019-04-10 22:01:33Z Send 國際股市==>  Program END 

Create log file
2019-04-10 23:01:01Z Send 國際股市==>  Program Start
2019-04-10 23:01:01Z Send 國際股市==>  Program END 

