Create log file
2019-04-22 08:01:07Z Send 國際股市==>  Program Start
2019-04-22 08:01:07Z Send 國際股市==>  Program END 

Create log file
2019-04-22 08:01:35Z Send 國際股市==>  Program Start
2019-04-22 08:01:35Z Send 國際股市==>  Program END 

Create log file
2019-04-22 08:01:58Z Send 國際股市==>  Program Start
2019-04-22 08:01:58Z Send 國際股市==>  Program END 

Create log file
2019-04-22 15:50:05Z option_insert_daily Program Start
2019-04-22 15:50:05Z option_insert_daily Program END 

Create log file
2019-04-22 18:01:03Z Send 國際股市==>  Program Start
2019-04-22 18:01:03Z Send 國際股市==>  Program END 

Create log file
2019-04-22 18:01:27Z Send 國際股市==>  Program Start
2019-04-22 18:01:27Z Send 國際股市==>  Program END 

Create log file
2019-04-22 18:01:52Z Send 國際股市==>  Program Start
2019-04-22 18:01:52Z Send 國際股市==>  Program END 

Create log file
2019-04-22 19:01:03Z Send 國際股市==>  Program Start
2019-04-22 19:01:03Z Send 國際股市==>  Program END 

Create log file
2019-04-22 19:01:27Z Send 國際股市==>  Program Start
2019-04-22 19:01:27Z Send 國際股市==>  Program END 

Create log file
2019-04-22 19:01:50Z Send 國際股市==>  Program Start
2019-04-22 19:01:50Z Send 國際股市==>  Program END 

Create log file
2019-04-22 19:02:14Z Send 國際股市==>  Program Start
2019-04-22 19:02:14Z Send 國際股市==>  Program END 

Create log file
2019-04-22 19:02:37Z Send 國際股市==>  Program Start
2019-04-22 19:02:37Z Send 國際股市==>  Program END 

Create log file
2019-04-22 22:01:03Z Send 國際股市==>  Program Start
2019-04-22 22:01:03Z Send 國際股市==>  Program END 

Create log file
2019-04-22 22:01:31Z Send 國際股市==>  Program Start
2019-04-22 22:01:31Z Send 國際股市==>  Program END 

Create log file
2019-04-22 23:01:03Z Send 國際股市==>  Program Start
2019-04-22 23:01:03Z Send 國際股市==>  Program END 

