Create log file
2019-07-19 08:01:04Z Send 國際股市==>  Program Start
2019-07-19 08:01:04Z Send 國際股市==>  Program END 

Create log file
2019-07-19 08:01:33Z Send 國際股市==>  Program Start
2019-07-19 08:01:33Z Send 國際股市==>  Program END 

Create log file
2019-07-19 08:01:57Z Send 國際股市==>  Program Start
2019-07-19 08:01:57Z Send 國際股市==>  Program END 

Create log file
2019-07-19 18:01:06Z Send 國際股市==>  Program Start
2019-07-19 18:01:06Z Send 國際股市==>  Program END 

Create log file
2019-07-19 18:01:30Z Send 國際股市==>  Program Start
2019-07-19 18:01:30Z Send 國際股市==>  Program END 

Create log file
2019-07-19 18:01:55Z Send 國際股市==>  Program Start
2019-07-19 18:01:55Z Send 國際股市==>  Program END 

Create log file
2019-07-19 19:01:05Z Send 國際股市==>  Program Start
2019-07-19 19:01:05Z Send 國際股市==>  Program END 

Create log file
2019-07-19 19:01:29Z Send 國際股市==>  Program Start
2019-07-19 19:01:29Z Send 國際股市==>  Program END 

Create log file
2019-07-19 19:01:53Z Send 國際股市==>  Program Start
2019-07-19 19:01:53Z Send 國際股市==>  Program END 

Create log file
2019-07-19 19:02:18Z Send 國際股市==>  Program Start
2019-07-19 19:02:18Z Send 國際股市==>  Program END 

Create log file
2019-07-19 19:02:41Z Send 國際股市==>  Program Start
2019-07-19 19:02:41Z Send 國際股市==>  Program END 

Create log file
2019-07-19 22:01:05Z Send 國際股市==>  Program Start
2019-07-19 22:01:05Z Send 國際股市==>  Program END 

Create log file
2019-07-19 22:01:34Z Send 國際股市==>  Program Start
2019-07-19 22:01:34Z Send 國際股市==>  Program END 

Create log file
2019-07-19 23:01:08Z Send 國際股市==>  Program Start
2019-07-19 23:01:08Z Send 國際股市==>  Program END 

Create log file
2019-07-19 23:05:05Z option_insert_daily Program Start
2019-07-19 23:05:05Z option_insert_daily Program END 

