Create log file
2019-07-18 08:01:08Z Send 國際股市==>  Program Start
2019-07-18 08:01:08Z Send 國際股市==>  Program END 

Create log file
2019-07-18 08:01:36Z Send 國際股市==>  Program Start
2019-07-18 08:01:36Z Send 國際股市==>  Program END 

Create log file
2019-07-18 08:02:00Z Send 國際股市==>  Program Start
2019-07-18 08:02:00Z Send 國際股市==>  Program END 

Create log file
2019-07-18 18:01:05Z Send 國際股市==>  Program Start
2019-07-18 18:01:05Z Send 國際股市==>  Program END 

Create log file
2019-07-18 18:01:30Z Send 國際股市==>  Program Start
2019-07-18 18:01:30Z Send 國際股市==>  Program END 

Create log file
2019-07-18 18:01:54Z Send 國際股市==>  Program Start
2019-07-18 18:01:54Z Send 國際股市==>  Program END 

Create log file
2019-07-18 19:01:04Z Send 國際股市==>  Program Start
2019-07-18 19:01:04Z Send 國際股市==>  Program END 

Create log file
2019-07-18 19:01:27Z Send 國際股市==>  Program Start
2019-07-18 19:01:27Z Send 國際股市==>  Program END 

Create log file
2019-07-18 19:01:51Z Send 國際股市==>  Program Start
2019-07-18 19:01:51Z Send 國際股市==>  Program END 

Create log file
2019-07-18 19:02:15Z Send 國際股市==>  Program Start
2019-07-18 19:02:15Z Send 國際股市==>  Program END 

Create log file
2019-07-18 19:02:38Z Send 國際股市==>  Program Start
2019-07-18 19:02:38Z Send 國際股市==>  Program END 

Create log file
2019-07-18 22:01:04Z Send 國際股市==>  Program Start
2019-07-18 22:01:04Z Send 國際股市==>  Program END 

Create log file
2019-07-18 22:01:32Z Send 國際股市==>  Program Start
2019-07-18 22:01:32Z Send 國際股市==>  Program END 

Create log file
2019-07-18 23:01:05Z Send 國際股市==>  Program Start
2019-07-18 23:01:05Z Send 國際股市==>  Program END 

Create log file
2019-07-18 23:05:05Z option_insert_daily Program Start
2019-07-18 23:05:05Z option_insert_daily Program END 

