Create log file
2019-05-02 08:01:03Z Send 國際股市==>  Program Start
2019-05-02 08:01:03Z Send 國際股市==>  Program END 

Create log file
2019-05-02 15:50:06Z option_insert_daily Program Start
2019-05-02 15:50:06Z option_insert_daily Program END 

Create log file
2019-05-02 18:01:03Z Send 國際股市==>  Program Start
2019-05-02 18:01:03Z Send 國際股市==>  Program END 

Create log file
2019-05-02 18:01:29Z Send 國際股市==>  Program Start
2019-05-02 18:01:29Z Send 國際股市==>  Program END 

Create log file
2019-05-02 18:01:53Z Send 國際股市==>  Program Start
2019-05-02 18:01:53Z Send 國際股市==>  Program END 

Create log file
2019-05-02 19:01:03Z Send 國際股市==>  Program Start
2019-05-02 19:01:03Z Send 國際股市==>  Program END 

Create log file
2019-05-02 19:01:26Z Send 國際股市==>  Program Start
2019-05-02 19:01:26Z Send 國際股市==>  Program END 

Create log file
2019-05-02 19:01:50Z Send 國際股市==>  Program Start
2019-05-02 19:01:50Z Send 國際股市==>  Program END 

Create log file
2019-05-02 19:02:16Z Send 國際股市==>  Program Start
2019-05-02 19:02:16Z Send 國際股市==>  Program END 

Create log file
2019-05-02 19:02:39Z Send 國際股市==>  Program Start
2019-05-02 19:02:39Z Send 國際股市==>  Program END 

Create log file
2019-05-02 22:01:03Z Send 國際股市==>  Program Start
2019-05-02 22:01:03Z Send 國際股市==>  Program END 

Create log file
2019-05-02 22:01:32Z Send 國際股市==>  Program Start
2019-05-02 22:01:32Z Send 國際股市==>  Program END 

Create log file
2019-05-02 23:01:03Z Send 國際股市==>  Program Start
2019-05-02 23:01:03Z Send 國際股市==>  Program END 

