Create log file
2019-04-05 08:01:07Z Send 國際股市==>  Program Start
2019-04-05 08:01:07Z Send 國際股市==>  Program END 

Create log file
2019-04-05 08:01:35Z Send 國際股市==>  Program Start
2019-04-05 08:01:35Z Send 國際股市==>  Program END 

Create log file
2019-04-05 08:02:04Z Send 國際股市==>  Program Start
2019-04-05 08:02:04Z Send 國際股市==>  Program END 

Create log file
2019-04-05 15:50:14Z option_insert_daily Program Start
2019-04-05 15:50:14Z option_insert_daily Program END 

Create log file
2019-04-05 18:01:02Z Send 國際股市==>  Program Start
2019-04-05 18:01:02Z Send 國際股市==>  Program END 

Create log file
2019-04-05 18:01:27Z Send 國際股市==>  Program Start
2019-04-05 18:01:27Z Send 國際股市==>  Program END 

Create log file
2019-04-05 18:01:51Z Send 國際股市==>  Program Start
2019-04-05 18:01:51Z Send 國際股市==>  Program END 

Create log file
2019-04-05 19:01:02Z Send 國際股市==>  Program Start
2019-04-05 19:01:02Z Send 國際股市==>  Program END 

Create log file
2019-04-05 19:01:27Z Send 國際股市==>  Program Start
2019-04-05 19:01:27Z Send 國際股市==>  Program END 

Create log file
2019-04-05 19:01:50Z Send 國際股市==>  Program Start
2019-04-05 19:01:50Z Send 國際股市==>  Program END 

Create log file
2019-04-05 19:02:16Z Send 國際股市==>  Program Start
2019-04-05 19:02:16Z Send 國際股市==>  Program END 

Create log file
2019-04-05 19:02:39Z Send 國際股市==>  Program Start
2019-04-05 19:02:39Z Send 國際股市==>  Program END 

Create log file
2019-04-05 22:01:03Z Send 國際股市==>  Program Start
2019-04-05 22:01:03Z Send 國際股市==>  Program END 

Create log file
2019-04-05 22:01:30Z Send 國際股市==>  Program Start
2019-04-05 22:01:30Z Send 國際股市==>  Program END 

Create log file
2019-04-05 23:01:02Z Send 國際股市==>  Program Start
2019-04-05 23:01:02Z Send 國際股市==>  Program END 

