Create log file
2019-04-17 08:01:01Z Send 國際股市==>  Program Start
2019-04-17 08:01:01Z Send 國際股市==>  Program END 

Create log file
2019-04-17 08:01:31Z Send 國際股市==>  Program Start
2019-04-17 08:01:31Z Send 國際股市==>  Program END 

Create log file
2019-04-17 08:01:54Z Send 國際股市==>  Program Start
2019-04-17 08:01:54Z Send 國際股市==>  Program END 

Create log file
2019-04-17 15:50:05Z option_insert_daily Program Start
2019-04-17 15:50:05Z option_insert_daily Program END 

Create log file
2019-04-17 18:01:01Z Send 國際股市==>  Program Start
2019-04-17 18:01:01Z Send 國際股市==>  Program END 

Create log file
2019-04-17 18:01:26Z Send 國際股市==>  Program Start
2019-04-17 18:01:26Z Send 國際股市==>  Program END 

Create log file
2019-04-17 18:01:51Z Send 國際股市==>  Program Start
2019-04-17 18:01:51Z Send 國際股市==>  Program END 

Create log file
2019-04-17 19:01:02Z Send 國際股市==>  Program Start
2019-04-17 19:01:02Z Send 國際股市==>  Program END 

Create log file
2019-04-17 19:01:27Z Send 國際股市==>  Program Start
2019-04-17 19:01:27Z Send 國際股市==>  Program END 

Create log file
2019-04-17 19:01:50Z Send 國際股市==>  Program Start
2019-04-17 19:01:50Z Send 國際股市==>  Program END 

Create log file
2019-04-17 19:02:15Z Send 國際股市==>  Program Start
2019-04-17 19:02:15Z Send 國際股市==>  Program END 

Create log file
2019-04-17 19:02:38Z Send 國際股市==>  Program Start
2019-04-17 19:02:38Z Send 國際股市==>  Program END 

Create log file
2019-04-17 22:01:02Z Send 國際股市==>  Program Start
2019-04-17 22:01:02Z Send 國際股市==>  Program END 

Create log file
2019-04-17 22:01:30Z Send 國際股市==>  Program Start
2019-04-17 22:01:30Z Send 國際股市==>  Program END 

Create log file
2019-04-17 23:01:04Z Send 國際股市==>  Program Start
2019-04-17 23:01:04Z Send 國際股市==>  Program END 

