Create log file
2019-05-01 08:01:03Z Send 國際股市==>  Program Start
2019-05-01 08:01:03Z Send 國際股市==>  Program END 

Create log file
2019-05-01 08:01:32Z Send 國際股市==>  Program Start
2019-05-01 08:01:32Z Send 國際股市==>  Program END 

Create log file
2019-05-01 08:01:55Z Send 國際股市==>  Program Start
2019-05-01 08:01:55Z Send 國際股市==>  Program END 

Create log file
2019-05-01 15:50:03Z option_insert_daily Program Start
2019-05-01 15:50:03Z option_insert_daily Program END 

Create log file
2019-05-01 18:01:03Z Send 國際股市==>  Program Start
2019-05-01 18:01:03Z Send 國際股市==>  Program END 

Create log file
2019-05-01 18:01:29Z Send 國際股市==>  Program Start
2019-05-01 18:01:29Z Send 國際股市==>  Program END 

Create log file
2019-05-01 18:01:54Z Send 國際股市==>  Program Start
2019-05-01 18:01:54Z Send 國際股市==>  Program END 

Create log file
2019-05-01 19:01:03Z Send 國際股市==>  Program Start
2019-05-01 19:01:03Z Send 國際股市==>  Program END 

Create log file
2019-05-01 19:01:26Z Send 國際股市==>  Program Start
2019-05-01 19:01:26Z Send 國際股市==>  Program END 

Create log file
2019-05-01 19:01:50Z Send 國際股市==>  Program Start
2019-05-01 19:01:50Z Send 國際股市==>  Program END 

Create log file
2019-05-01 19:02:14Z Send 國際股市==>  Program Start
2019-05-01 19:02:14Z Send 國際股市==>  Program END 

Create log file
2019-05-01 19:02:37Z Send 國際股市==>  Program Start
2019-05-01 19:02:37Z Send 國際股市==>  Program END 

Create log file
2019-05-01 22:01:01Z Send 國際股市==>  Program Start
2019-05-01 22:01:01Z Send 國際股市==>  Program END 

Create log file
2019-05-01 22:01:30Z Send 國際股市==>  Program Start
2019-05-01 22:01:30Z Send 國際股市==>  Program END 

Create log file
2019-05-01 23:01:03Z Send 國際股市==>  Program Start
2019-05-01 23:01:03Z Send 國際股市==>  Program END 

