Create log file
2019-04-09 08:01:03Z Send 國際股市==>  Program Start
2019-04-09 08:01:03Z Send 國際股市==>  Program END 

Create log file
2019-04-09 08:01:31Z Send 國際股市==>  Program Start
2019-04-09 08:01:31Z Send 國際股市==>  Program END 

Create log file
2019-04-09 08:01:59Z Send 國際股市==>  Program Start
2019-04-09 08:01:59Z Send 國際股市==>  Program END 

Create log file
2019-04-09 15:50:05Z option_insert_daily Program Start
2019-04-09 15:50:05Z option_insert_daily Program END 

Create log file
2019-04-09 18:01:03Z Send 國際股市==>  Program Start
2019-04-09 18:01:03Z Send 國際股市==>  Program END 

Create log file
2019-04-09 18:01:28Z Send 國際股市==>  Program Start
2019-04-09 18:01:28Z Send 國際股市==>  Program END 

Create log file
2019-04-09 18:01:52Z Send 國際股市==>  Program Start
2019-04-09 18:01:52Z Send 國際股市==>  Program END 

Create log file
2019-04-09 19:01:03Z Send 國際股市==>  Program Start
2019-04-09 19:01:03Z Send 國際股市==>  Program END 

Create log file
2019-04-09 19:01:26Z Send 國際股市==>  Program Start
2019-04-09 19:01:26Z Send 國際股市==>  Program END 

Create log file
2019-04-09 19:01:49Z Send 國際股市==>  Program Start
2019-04-09 19:01:49Z Send 國際股市==>  Program END 

Create log file
2019-04-09 19:02:14Z Send 國際股市==>  Program Start
2019-04-09 19:02:14Z Send 國際股市==>  Program END 

Create log file
2019-04-09 19:02:37Z Send 國際股市==>  Program Start
2019-04-09 19:02:37Z Send 國際股市==>  Program END 

Create log file
2019-04-09 22:01:03Z Send 國際股市==>  Program Start
2019-04-09 22:01:03Z Send 國際股市==>  Program END 

Create log file
2019-04-09 22:01:31Z Send 國際股市==>  Program Start
2019-04-09 22:01:31Z Send 國際股市==>  Program END 

Create log file
2019-04-09 23:01:01Z Send 國際股市==>  Program Start
2019-04-09 23:01:01Z Send 國際股市==>  Program END 

