Create log file
2019-05-09 08:01:09Z Send 國際股市==>  Program Start
2019-05-09 08:01:09Z Send 國際股市==>  Program END 

Create log file
2019-05-09 15:50:07Z option_insert_daily Program Start
2019-05-09 15:50:07Z option_insert_daily Program END 

Create log file
2019-05-09 18:01:01Z Send 國際股市==>  Program Start
2019-05-09 18:01:01Z Send 國際股市==>  Program END 

Create log file
2019-05-09 18:01:27Z Send 國際股市==>  Program Start
2019-05-09 18:01:27Z Send 國際股市==>  Program END 

Create log file
2019-05-09 18:01:51Z Send 國際股市==>  Program Start
2019-05-09 18:01:51Z Send 國際股市==>  Program END 

Create log file
2019-05-09 19:01:01Z Send 國際股市==>  Program Start
2019-05-09 19:01:01Z Send 國際股市==>  Program END 

Create log file
2019-05-09 19:01:25Z Send 國際股市==>  Program Start
2019-05-09 19:01:25Z Send 國際股市==>  Program END 

Create log file
2019-05-09 19:01:48Z Send 國際股市==>  Program Start
2019-05-09 19:01:48Z Send 國際股市==>  Program END 

Create log file
2019-05-09 19:02:13Z Send 國際股市==>  Program Start
2019-05-09 19:02:13Z Send 國際股市==>  Program END 

Create log file
2019-05-09 19:02:37Z Send 國際股市==>  Program Start
2019-05-09 19:02:37Z Send 國際股市==>  Program END 

Create log file
2019-05-09 22:01:04Z Send 國際股市==>  Program Start
2019-05-09 22:01:04Z Send 國際股市==>  Program END 

Create log file
2019-05-09 22:01:33Z Send 國際股市==>  Program Start
2019-05-09 22:01:33Z Send 國際股市==>  Program END 

Create log file
2019-05-09 23:01:04Z Send 國際股市==>  Program Start
2019-05-09 23:01:04Z Send 國際股市==>  Program END 

