Create log file
2019-04-30 08:01:02Z Send 國際股市==>  Program Start
2019-04-30 08:01:02Z Send 國際股市==>  Program END 

Create log file
2019-04-30 08:01:30Z Send 國際股市==>  Program Start
2019-04-30 08:01:30Z Send 國際股市==>  Program END 

Create log file
2019-04-30 08:01:54Z Send 國際股市==>  Program Start
2019-04-30 08:01:54Z Send 國際股市==>  Program END 

Create log file
2019-04-30 18:01:03Z Send 國際股市==>  Program Start
2019-04-30 18:01:03Z Send 國際股市==>  Program END 

Create log file
2019-04-30 18:01:27Z Send 國際股市==>  Program Start
2019-04-30 18:01:27Z Send 國際股市==>  Program END 

Create log file
2019-04-30 18:01:51Z Send 國際股市==>  Program Start
2019-04-30 18:01:51Z Send 國際股市==>  Program END 

Create log file
2019-04-30 19:01:02Z Send 國際股市==>  Program Start
2019-04-30 19:01:02Z Send 國際股市==>  Program END 

Create log file
2019-04-30 19:01:27Z Send 國際股市==>  Program Start
2019-04-30 19:01:27Z Send 國際股市==>  Program END 

Create log file
2019-04-30 19:01:50Z Send 國際股市==>  Program Start
2019-04-30 19:01:50Z Send 國際股市==>  Program END 

Create log file
2019-04-30 19:02:15Z Send 國際股市==>  Program Start
2019-04-30 19:02:15Z Send 國際股市==>  Program END 

Create log file
2019-04-30 19:02:37Z Send 國際股市==>  Program Start
2019-04-30 19:02:37Z Send 國際股市==>  Program END 

Create log file
2019-04-30 22:01:03Z Send 國際股市==>  Program Start
2019-04-30 22:01:03Z Send 國際股市==>  Program END 

Create log file
2019-04-30 22:01:32Z Send 國際股市==>  Program Start
2019-04-30 22:01:32Z Send 國際股市==>  Program END 

Create log file
2019-04-30 22:54:29Z option_insert_daily Program Start
2019-04-30 22:54:29Z option_insert_daily Program END 

Create log file
2019-04-30 23:01:03Z Send 國際股市==>  Program Start
2019-04-30 23:01:03Z Send 國際股市==>  Program END 

