Create log file
2019-05-10 08:01:04Z Send 國際股市==>  Program Start
2019-05-10 08:01:04Z Send 國際股市==>  Program END 

Create log file
2019-05-10 08:01:38Z Send 國際股市==>  Program Start
2019-05-10 08:01:38Z Send 國際股市==>  Program END 

Create log file
2019-05-10 08:02:02Z Send 國際股市==>  Program Start
2019-05-10 08:02:02Z Send 國際股市==>  Program END 

Create log file
2019-05-10 15:50:05Z option_insert_daily Program Start
2019-05-10 15:50:05Z option_insert_daily Program END 

Create log file
2019-05-10 18:01:04Z Send 國際股市==>  Program Start
2019-05-10 18:01:04Z Send 國際股市==>  Program END 

Create log file
2019-05-10 18:01:30Z Send 國際股市==>  Program Start
2019-05-10 18:01:30Z Send 國際股市==>  Program END 

Create log file
2019-05-10 18:01:54Z Send 國際股市==>  Program Start
2019-05-10 18:01:54Z Send 國際股市==>  Program END 

Create log file
2019-05-10 19:01:04Z Send 國際股市==>  Program Start
2019-05-10 19:01:04Z Send 國際股市==>  Program END 

Create log file
2019-05-10 19:01:28Z Send 國際股市==>  Program Start
2019-05-10 19:01:28Z Send 國際股市==>  Program END 

Create log file
2019-05-10 19:01:52Z Send 國際股市==>  Program Start
2019-05-10 19:01:52Z Send 國際股市==>  Program END 

Create log file
2019-05-10 19:02:18Z Send 國際股市==>  Program Start
2019-05-10 19:02:18Z Send 國際股市==>  Program END 

Create log file
2019-05-10 19:02:40Z Send 國際股市==>  Program Start
2019-05-10 19:02:40Z Send 國際股市==>  Program END 

Create log file
2019-05-10 22:01:03Z Send 國際股市==>  Program Start
2019-05-10 22:01:03Z Send 國際股市==>  Program END 

Create log file
2019-05-10 23:01:01Z Send 國際股市==>  Program Start
2019-05-10 23:01:01Z Send 國際股市==>  Program END 

