Create log file
2019-04-04 08:01:03Z Send 國際股市==>  Program Start
2019-04-04 08:01:03Z Send 國際股市==>  Program END 

Create log file
2019-04-04 08:01:32Z Send 國際股市==>  Program Start
2019-04-04 08:01:32Z Send 國際股市==>  Program END 

Create log file
2019-04-04 08:02:00Z Send 國際股市==>  Program Start
2019-04-04 08:02:00Z Send 國際股市==>  Program END 

Create log file
2019-04-04 15:50:05Z option_insert_daily Program Start
2019-04-04 15:50:05Z option_insert_daily Program END 

Create log file
2019-04-04 18:01:01Z Send 國際股市==>  Program Start
2019-04-04 18:01:01Z Send 國際股市==>  Program END 

Create log file
2019-04-04 18:01:26Z Send 國際股市==>  Program Start
2019-04-04 18:01:26Z Send 國際股市==>  Program END 

Create log file
2019-04-04 18:01:51Z Send 國際股市==>  Program Start
2019-04-04 18:01:51Z Send 國際股市==>  Program END 

Create log file
2019-04-04 19:01:01Z Send 國際股市==>  Program Start
2019-04-04 19:01:01Z Send 國際股市==>  Program END 

Create log file
2019-04-04 19:01:25Z Send 國際股市==>  Program Start
2019-04-04 19:01:25Z Send 國際股市==>  Program END 

Create log file
2019-04-04 19:01:49Z Send 國際股市==>  Program Start
2019-04-04 19:01:49Z Send 國際股市==>  Program END 

Create log file
2019-04-04 19:02:15Z Send 國際股市==>  Program Start
2019-04-04 19:02:15Z Send 國際股市==>  Program END 

Create log file
2019-04-04 19:02:38Z Send 國際股市==>  Program Start
2019-04-04 19:02:38Z Send 國際股市==>  Program END 

Create log file
2019-04-04 22:01:01Z Send 國際股市==>  Program Start
2019-04-04 22:01:01Z Send 國際股市==>  Program END 

Create log file
2019-04-04 22:01:29Z Send 國際股市==>  Program Start
2019-04-04 22:01:29Z Send 國際股市==>  Program END 

