Create log file
2019-04-11 08:01:03Z Send 國際股市==>  Program Start
2019-04-11 08:01:03Z Send 國際股市==>  Program END 

Create log file
2019-04-11 08:01:31Z Send 國際股市==>  Program Start
2019-04-11 08:01:31Z Send 國際股市==>  Program END 

Create log file
2019-04-11 08:01:55Z Send 國際股市==>  Program Start
2019-04-11 08:01:55Z Send 國際股市==>  Program END 

Create log file
2019-04-11 15:50:05Z option_insert_daily Program Start
2019-04-11 15:50:05Z option_insert_daily Program END 

Create log file
2019-04-11 18:01:03Z Send 國際股市==>  Program Start
2019-04-11 18:01:03Z Send 國際股市==>  Program END 

Create log file
2019-04-11 18:01:28Z Send 國際股市==>  Program Start
2019-04-11 18:01:28Z Send 國際股市==>  Program END 

Create log file
2019-04-11 18:01:53Z Send 國際股市==>  Program Start
2019-04-11 18:01:53Z Send 國際股市==>  Program END 

Create log file
2019-04-11 19:01:03Z Send 國際股市==>  Program Start
2019-04-11 19:01:03Z Send 國際股市==>  Program END 

Create log file
2019-04-11 19:01:27Z Send 國際股市==>  Program Start
2019-04-11 19:01:27Z Send 國際股市==>  Program END 

Create log file
2019-04-11 19:01:50Z Send 國際股市==>  Program Start
2019-04-11 19:01:50Z Send 國際股市==>  Program END 

Create log file
2019-04-11 19:02:14Z Send 國際股市==>  Program Start
2019-04-11 19:02:14Z Send 國際股市==>  Program END 

Create log file
2019-04-11 19:02:37Z Send 國際股市==>  Program Start
2019-04-11 19:02:37Z Send 國際股市==>  Program END 

Create log file
2019-04-11 22:01:03Z Send 國際股市==>  Program Start
2019-04-11 22:01:03Z Send 國際股市==>  Program END 

Create log file
2019-04-11 22:01:32Z Send 國際股市==>  Program Start
2019-04-11 22:01:32Z Send 國際股市==>  Program END 

Create log file
2019-04-11 23:01:03Z Send 國際股市==>  Program Start
2019-04-11 23:01:03Z Send 國際股市==>  Program END 

