Create log file
2019-04-12 08:01:03Z Send 國際股市==>  Program Start
2019-04-12 08:01:03Z Send 國際股市==>  Program END 

Create log file
2019-04-12 08:01:31Z Send 國際股市==>  Program Start
2019-04-12 08:01:31Z Send 國際股市==>  Program END 

Create log file
2019-04-12 08:01:54Z Send 國際股市==>  Program Start
2019-04-12 08:01:54Z Send 國際股市==>  Program END 

Create log file
2019-04-12 15:50:05Z option_insert_daily Program Start
2019-04-12 15:50:05Z option_insert_daily Program END 

Create log file
2019-04-12 18:01:04Z Send 國際股市==>  Program Start
2019-04-12 18:01:04Z Send 國際股市==>  Program END 

Create log file
2019-04-12 18:01:29Z Send 國際股市==>  Program Start
2019-04-12 18:01:29Z Send 國際股市==>  Program END 

Create log file
2019-04-12 18:01:53Z Send 國際股市==>  Program Start
2019-04-12 18:01:53Z Send 國際股市==>  Program END 

Create log file
2019-04-12 19:01:03Z Send 國際股市==>  Program Start
2019-04-12 19:01:03Z Send 國際股市==>  Program END 

Create log file
2019-04-12 19:01:26Z Send 國際股市==>  Program Start
2019-04-12 19:01:26Z Send 國際股市==>  Program END 

Create log file
2019-04-12 19:01:49Z Send 國際股市==>  Program Start
2019-04-12 19:01:49Z Send 國際股市==>  Program END 

Create log file
2019-04-12 19:02:14Z Send 國際股市==>  Program Start
2019-04-12 19:02:14Z Send 國際股市==>  Program END 

Create log file
2019-04-12 19:02:37Z Send 國際股市==>  Program Start
2019-04-12 19:02:37Z Send 國際股市==>  Program END 

Create log file
2019-04-12 22:01:03Z Send 國際股市==>  Program Start
2019-04-12 22:01:03Z Send 國際股市==>  Program END 

Create log file
2019-04-12 22:01:32Z Send 國際股市==>  Program Start
2019-04-12 22:01:32Z Send 國際股市==>  Program END 

Create log file
2019-04-12 23:01:03Z Send 國際股市==>  Program Start
2019-04-12 23:01:03Z Send 國際股市==>  Program END 

