Create log file
2019-04-23 08:01:03Z Send 國際股市==>  Program Start
2019-04-23 08:01:03Z Send 國際股市==>  Program END 

Create log file
2019-04-23 08:01:31Z Send 國際股市==>  Program Start
2019-04-23 08:01:31Z Send 國際股市==>  Program END 

Create log file
2019-04-23 08:01:55Z Send 國際股市==>  Program Start
2019-04-23 08:01:55Z Send 國際股市==>  Program END 

Create log file
2019-04-23 15:50:04Z option_insert_daily Program Start
2019-04-23 15:50:04Z option_insert_daily Program END 

Create log file
2019-04-23 18:01:03Z Send 國際股市==>  Program Start
2019-04-23 18:01:03Z Send 國際股市==>  Program END 

Create log file
2019-04-23 18:01:29Z Send 國際股市==>  Program Start
2019-04-23 18:01:29Z Send 國際股市==>  Program END 

Create log file
2019-04-23 18:01:53Z Send 國際股市==>  Program Start
2019-04-23 18:01:53Z Send 國際股市==>  Program END 

Create log file
2019-04-23 19:01:03Z Send 國際股市==>  Program Start
2019-04-23 19:01:03Z Send 國際股市==>  Program END 

Create log file
2019-04-23 19:01:27Z Send 國際股市==>  Program Start
2019-04-23 19:01:27Z Send 國際股市==>  Program END 

Create log file
2019-04-23 19:01:50Z Send 國際股市==>  Program Start
2019-04-23 19:01:50Z Send 國際股市==>  Program END 

Create log file
2019-04-23 19:02:15Z Send 國際股市==>  Program Start
2019-04-23 19:02:15Z Send 國際股市==>  Program END 

Create log file
2019-04-23 19:02:38Z Send 國際股市==>  Program Start
2019-04-23 19:02:38Z Send 國際股市==>  Program END 

Create log file
2019-04-23 22:01:01Z Send 國際股市==>  Program Start
2019-04-23 22:01:01Z Send 國際股市==>  Program END 

Create log file
2019-04-23 22:01:32Z Send 國際股市==>  Program Start
2019-04-23 22:01:32Z Send 國際股市==>  Program END 

Create log file
2019-04-23 23:01:07Z Send 國際股市==>  Program Start
2019-04-23 23:01:07Z Send 國際股市==>  Program END 

