Create log file
2019-07-15 08:01:11Z Send 國際股市==>  Program Start
2019-07-15 08:01:11Z Send 國際股市==>  Program END 

Create log file
2019-07-15 08:01:38Z Send 國際股市==>  Program Start
2019-07-15 08:01:38Z Send 國際股市==>  Program END 

Create log file
2019-07-15 08:02:02Z Send 國際股市==>  Program Start
2019-07-15 08:02:02Z Send 國際股市==>  Program END 

Create log file
2019-07-15 18:01:04Z Send 國際股市==>  Program Start
2019-07-15 18:01:04Z Send 國際股市==>  Program END 

Create log file
2019-07-15 18:01:29Z Send 國際股市==>  Program Start
2019-07-15 18:01:29Z Send 國際股市==>  Program END 

Create log file
2019-07-15 18:01:53Z Send 國際股市==>  Program Start
2019-07-15 18:01:53Z Send 國際股市==>  Program END 

Create log file
2019-07-15 19:01:05Z Send 國際股市==>  Program Start
2019-07-15 19:01:05Z Send 國際股市==>  Program END 

Create log file
2019-07-15 19:01:30Z Send 國際股市==>  Program Start
2019-07-15 19:01:30Z Send 國際股市==>  Program END 

Create log file
2019-07-15 19:01:53Z Send 國際股市==>  Program Start
2019-07-15 19:01:53Z Send 國際股市==>  Program END 

Create log file
2019-07-15 19:02:18Z Send 國際股市==>  Program Start
2019-07-15 19:02:18Z Send 國際股市==>  Program END 

Create log file
2019-07-15 19:02:41Z Send 國際股市==>  Program Start
2019-07-15 19:02:41Z Send 國際股市==>  Program END 

Create log file
2019-07-15 22:01:04Z Send 國際股市==>  Program Start
2019-07-15 22:01:04Z Send 國際股市==>  Program END 

Create log file
2019-07-15 22:01:32Z Send 國際股市==>  Program Start
2019-07-15 22:01:32Z Send 國際股市==>  Program END 

Create log file
2019-07-15 23:01:04Z Send 國際股市==>  Program Start
2019-07-15 23:01:04Z Send 國際股市==>  Program END 

Create log file
2019-07-15 23:05:04Z option_insert_daily Program Start
2019-07-15 23:05:04Z option_insert_daily Program END 

