Create log file
2019-04-25 08:01:04Z Send 國際股市==>  Program Start
2019-04-25 08:01:04Z Send 國際股市==>  Program END 

Create log file
2019-04-25 08:01:33Z Send 國際股市==>  Program Start
2019-04-25 08:01:33Z Send 國際股市==>  Program END 

Create log file
2019-04-25 08:01:56Z Send 國際股市==>  Program Start
2019-04-25 08:01:56Z Send 國際股市==>  Program END 

Create log file
2019-04-25 15:50:05Z option_insert_daily Program Start
2019-04-25 15:50:05Z option_insert_daily Program END 

Create log file
2019-04-25 18:01:03Z Send 國際股市==>  Program Start
2019-04-25 18:01:03Z Send 國際股市==>  Program END 

Create log file
2019-04-25 18:01:28Z Send 國際股市==>  Program Start
2019-04-25 18:01:28Z Send 國際股市==>  Program END 

Create log file
2019-04-25 18:01:52Z Send 國際股市==>  Program Start
2019-04-25 18:01:52Z Send 國際股市==>  Program END 

Create log file
2019-04-25 19:01:03Z Send 國際股市==>  Program Start
2019-04-25 19:01:03Z Send 國際股市==>  Program END 

Create log file
2019-04-25 19:01:29Z Send 國際股市==>  Program Start
2019-04-25 19:01:29Z Send 國際股市==>  Program END 

Create log file
2019-04-25 19:01:52Z Send 國際股市==>  Program Start
2019-04-25 19:01:52Z Send 國際股市==>  Program END 

Create log file
2019-04-25 19:02:17Z Send 國際股市==>  Program Start
2019-04-25 19:02:17Z Send 國際股市==>  Program END 

Create log file
2019-04-25 19:02:40Z Send 國際股市==>  Program Start
2019-04-25 19:02:40Z Send 國際股市==>  Program END 

Create log file
2019-04-25 22:01:04Z Send 國際股市==>  Program Start
2019-04-25 22:01:04Z Send 國際股市==>  Program END 

Create log file
2019-04-25 22:01:31Z Send 國際股市==>  Program Start
2019-04-25 22:01:31Z Send 國際股市==>  Program END 

Create log file
2019-04-25 23:01:04Z Send 國際股市==>  Program Start
2019-04-25 23:01:04Z Send 國際股市==>  Program END 

