Create log file
2019-04-24 08:01:03Z Send 國際股市==>  Program Start
2019-04-24 08:01:03Z Send 國際股市==>  Program END 

Create log file
2019-04-24 08:01:33Z Send 國際股市==>  Program Start
2019-04-24 08:01:33Z Send 國際股市==>  Program END 

Create log file
2019-04-24 08:01:56Z Send 國際股市==>  Program Start
2019-04-24 08:01:56Z Send 國際股市==>  Program END 

Create log file
2019-04-24 15:50:05Z option_insert_daily Program Start
2019-04-24 15:50:05Z option_insert_daily Program END 

Create log file
2019-04-24 18:01:04Z Send 國際股市==>  Program Start
2019-04-24 18:01:04Z Send 國際股市==>  Program END 

Create log file
2019-04-24 18:01:29Z Send 國際股市==>  Program Start
2019-04-24 18:01:29Z Send 國際股市==>  Program END 

Create log file
2019-04-24 18:01:53Z Send 國際股市==>  Program Start
2019-04-24 18:01:53Z Send 國際股市==>  Program END 

Create log file
2019-04-24 19:01:03Z Send 國際股市==>  Program Start
2019-04-24 19:01:03Z Send 國際股市==>  Program END 

Create log file
2019-04-24 19:01:27Z Send 國際股市==>  Program Start
2019-04-24 19:01:27Z Send 國際股市==>  Program END 

Create log file
2019-04-24 19:01:51Z Send 國際股市==>  Program Start
2019-04-24 19:01:51Z Send 國際股市==>  Program END 

Create log file
2019-04-24 19:02:16Z Send 國際股市==>  Program Start
2019-04-24 19:02:16Z Send 國際股市==>  Program END 

Create log file
2019-04-24 19:02:40Z Send 國際股市==>  Program Start
2019-04-24 19:02:40Z Send 國際股市==>  Program END 

Create log file
2019-04-24 22:01:03Z Send 國際股市==>  Program Start
2019-04-24 22:01:03Z Send 國際股市==>  Program END 

Create log file
2019-04-24 22:01:31Z Send 國際股市==>  Program Start
2019-04-24 22:01:31Z Send 國際股市==>  Program END 

Create log file
2019-04-24 23:01:03Z Send 國際股市==>  Program Start
2019-04-24 23:01:03Z Send 國際股市==>  Program END 

