Create log file
2019-05-03 08:01:06Z Send 國際股市==>  Program Start
2019-05-03 08:01:06Z Send 國際股市==>  Program END 

Create log file
2019-05-03 08:01:36Z Send 國際股市==>  Program Start
2019-05-03 08:01:36Z Send 國際股市==>  Program END 

Create log file
2019-05-03 08:02:00Z Send 國際股市==>  Program Start
2019-05-03 08:02:00Z Send 國際股市==>  Program END 

Create log file
2019-05-03 15:50:05Z option_insert_daily Program Start
2019-05-03 15:50:05Z option_insert_daily Program END 

Create log file
2019-05-03 18:01:03Z Send 國際股市==>  Program Start
2019-05-03 18:01:03Z Send 國際股市==>  Program END 

Create log file
2019-05-03 18:01:28Z Send 國際股市==>  Program Start
2019-05-03 18:01:28Z Send 國際股市==>  Program END 

Create log file
2019-05-03 18:01:52Z Send 國際股市==>  Program Start
2019-05-03 18:01:52Z Send 國際股市==>  Program END 

Create log file
2019-05-03 19:01:03Z Send 國際股市==>  Program Start
2019-05-03 19:01:03Z Send 國際股市==>  Program END 

Create log file
2019-05-03 19:01:27Z Send 國際股市==>  Program Start
2019-05-03 19:01:27Z Send 國際股市==>  Program END 

Create log file
2019-05-03 19:01:50Z Send 國際股市==>  Program Start
2019-05-03 19:01:50Z Send 國際股市==>  Program END 

Create log file
2019-05-03 19:02:15Z Send 國際股市==>  Program Start
2019-05-03 19:02:15Z Send 國際股市==>  Program END 

Create log file
2019-05-03 19:02:38Z Send 國際股市==>  Program Start
2019-05-03 19:02:38Z Send 國際股市==>  Program END 

Create log file
2019-05-03 22:01:01Z Send 國際股市==>  Program Start
2019-05-03 22:01:01Z Send 國際股市==>  Program END 

Create log file
2019-05-03 22:01:30Z Send 國際股市==>  Program Start
2019-05-03 22:01:30Z Send 國際股市==>  Program END 

Create log file
2019-05-03 23:01:03Z Send 國際股市==>  Program Start
2019-05-03 23:01:03Z Send 國際股市==>  Program END 

