Create log file
2019-07-09 08:01:04Z Send 國際股市==>  Program Start
2019-07-09 08:01:04Z Send 國際股市==>  Program END 

Create log file
2019-07-09 18:01:02Z Send 國際股市==>  Program Start
2019-07-09 18:01:02Z Send 國際股市==>  Program END 

Create log file
2019-07-09 18:01:27Z Send 國際股市==>  Program Start
2019-07-09 18:01:27Z Send 國際股市==>  Program END 

Create log file
2019-07-09 18:01:51Z Send 國際股市==>  Program Start
2019-07-09 18:01:51Z Send 國際股市==>  Program END 

Create log file
2019-07-09 19:01:01Z Send 國際股市==>  Program Start
2019-07-09 19:01:01Z Send 國際股市==>  Program END 

Create log file
2019-07-09 19:01:25Z Send 國際股市==>  Program Start
2019-07-09 19:01:25Z Send 國際股市==>  Program END 

Create log file
2019-07-09 19:01:49Z Send 國際股市==>  Program Start
2019-07-09 19:01:49Z Send 國際股市==>  Program END 

Create log file
2019-07-09 19:02:14Z Send 國際股市==>  Program Start
2019-07-09 19:02:14Z Send 國際股市==>  Program END 

Create log file
2019-07-09 19:02:37Z Send 國際股市==>  Program Start
2019-07-09 19:02:37Z Send 國際股市==>  Program END 

Create log file
2019-07-09 22:01:01Z Send 國際股市==>  Program Start
2019-07-09 22:01:01Z Send 國際股市==>  Program END 

Create log file
2019-07-09 22:01:29Z Send 國際股市==>  Program Start
2019-07-09 22:01:29Z Send 國際股市==>  Program END 

Create log file
2019-07-09 23:01:03Z Send 國際股市==>  Program Start
2019-07-09 23:01:03Z Send 國際股市==>  Program END 

Create log file
2019-07-09 23:05:05Z option_insert_daily Program Start
2019-07-09 23:05:05Z option_insert_daily Program END 

