Create log file
2019-05-07 08:01:03Z Send 國際股市==>  Program Start
2019-05-07 08:01:03Z Send 國際股市==>  Program END 

Create log file
2019-05-07 08:01:32Z Send 國際股市==>  Program Start
2019-05-07 08:01:32Z Send 國際股市==>  Program END 

Create log file
2019-05-07 08:01:56Z Send 國際股市==>  Program Start
2019-05-07 08:01:56Z Send 國際股市==>  Program END 

Create log file
2019-05-07 15:50:05Z option_insert_daily Program Start
2019-05-07 15:50:05Z option_insert_daily Program END 

Create log file
2019-05-07 18:01:03Z Send 國際股市==>  Program Start
2019-05-07 18:01:03Z Send 國際股市==>  Program END 

Create log file
2019-05-07 18:01:29Z Send 國際股市==>  Program Start
2019-05-07 18:01:29Z Send 國際股市==>  Program END 

Create log file
2019-05-07 18:01:53Z Send 國際股市==>  Program Start
2019-05-07 18:01:53Z Send 國際股市==>  Program END 

Create log file
2019-05-07 19:01:03Z Send 國際股市==>  Program Start
2019-05-07 19:01:03Z Send 國際股市==>  Program END 

Create log file
2019-05-07 19:01:27Z Send 國際股市==>  Program Start
2019-05-07 19:01:27Z Send 國際股市==>  Program END 

Create log file
2019-05-07 19:01:50Z Send 國際股市==>  Program Start
2019-05-07 19:01:50Z Send 國際股市==>  Program END 

Create log file
2019-05-07 19:02:15Z Send 國際股市==>  Program Start
2019-05-07 19:02:15Z Send 國際股市==>  Program END 

Create log file
2019-05-07 19:02:39Z Send 國際股市==>  Program Start
2019-05-07 19:02:39Z Send 國際股市==>  Program END 

Create log file
2019-05-07 22:01:03Z Send 國際股市==>  Program Start
2019-05-07 22:01:03Z Send 國際股市==>  Program END 

Create log file
2019-05-07 22:01:32Z Send 國際股市==>  Program Start
2019-05-07 22:01:32Z Send 國際股市==>  Program END 

Create log file
2019-05-07 23:01:01Z Send 國際股市==>  Program Start
2019-05-07 23:01:01Z Send 國際股市==>  Program END 

