Create log file
2019-07-04 08:01:03Z Send 國際股市==>  Program Start
2019-07-04 08:01:03Z Send 國際股市==>  Program END 

Create log file
2019-07-04 08:01:31Z Send 國際股市==>  Program Start
2019-07-04 08:01:31Z Send 國際股市==>  Program END 

Create log file
2019-07-04 08:01:56Z Send 國際股市==>  Program Start
2019-07-04 08:01:56Z Send 國際股市==>  Program END 

Create log file
2019-07-04 18:01:03Z Send 國際股市==>  Program Start
2019-07-04 18:01:03Z Send 國際股市==>  Program END 

Create log file
2019-07-04 18:01:28Z Send 國際股市==>  Program Start
2019-07-04 18:01:28Z Send 國際股市==>  Program END 

Create log file
2019-07-04 18:01:53Z Send 國際股市==>  Program Start
2019-07-04 18:01:53Z Send 國際股市==>  Program END 

Create log file
2019-07-04 19:01:03Z Send 國際股市==>  Program Start
2019-07-04 19:01:03Z Send 國際股市==>  Program END 

Create log file
2019-07-04 19:01:27Z Send 國際股市==>  Program Start
2019-07-04 19:01:27Z Send 國際股市==>  Program END 

Create log file
2019-07-04 19:01:51Z Send 國際股市==>  Program Start
2019-07-04 19:01:51Z Send 國際股市==>  Program END 

Create log file
2019-07-04 19:02:16Z Send 國際股市==>  Program Start
2019-07-04 19:02:16Z Send 國際股市==>  Program END 

Create log file
2019-07-04 19:02:40Z Send 國際股市==>  Program Start
2019-07-04 19:02:40Z Send 國際股市==>  Program END 

Create log file
2019-07-04 22:01:01Z Send 國際股市==>  Program Start
2019-07-04 22:01:01Z Send 國際股市==>  Program END 

Create log file
2019-07-04 22:01:28Z Send 國際股市==>  Program Start
2019-07-04 22:01:28Z Send 國際股市==>  Program END 

Create log file
2019-07-04 23:01:01Z Send 國際股市==>  Program Start
2019-07-04 23:01:01Z Send 國際股市==>  Program END 

Create log file
2019-07-04 23:05:06Z option_insert_daily Program Start
2019-07-04 23:05:06Z option_insert_daily Program END 

