Create log file
2019-04-19 08:01:03Z Send 國際股市==>  Program Start
2019-04-19 08:01:03Z Send 國際股市==>  Program END 

Create log file
2019-04-19 08:01:32Z Send 國際股市==>  Program Start
2019-04-19 08:01:32Z Send 國際股市==>  Program END 

Create log file
2019-04-19 08:01:56Z Send 國際股市==>  Program Start
2019-04-19 08:01:56Z Send 國際股市==>  Program END 

Create log file
2019-04-19 15:50:04Z option_insert_daily Program Start
2019-04-19 15:50:04Z option_insert_daily Program END 

Create log file
2019-04-19 18:01:03Z Send 國際股市==>  Program Start
2019-04-19 18:01:03Z Send 國際股市==>  Program END 

Create log file
2019-04-19 18:01:28Z Send 國際股市==>  Program Start
2019-04-19 18:01:28Z Send 國際股市==>  Program END 

Create log file
2019-04-19 18:01:52Z Send 國際股市==>  Program Start
2019-04-19 18:01:52Z Send 國際股市==>  Program END 

Create log file
2019-04-19 22:01:03Z Send 國際股市==>  Program Start
2019-04-19 22:01:03Z Send 國際股市==>  Program END 

Create log file
2019-04-19 22:01:34Z Send 國際股市==>  Program Start
2019-04-19 22:01:34Z Send 國際股市==>  Program END 

Create log file
2019-04-19 23:01:03Z Send 國際股市==>  Program Start
2019-04-19 23:01:03Z Send 國際股市==>  Program END 

Create log file
2019-04-19 23:19:46Z Send 國際股市==>  Program Start
2019-04-19 23:19:46Z Send 國際股市==>  Program END 

