Create log file
2019-07-17 08:01:04Z Send 國際股市==>  Program Start
2019-07-17 08:01:04Z Send 國際股市==>  Program END 

Create log file
2019-07-17 08:01:32Z Send 國際股市==>  Program Start
2019-07-17 08:01:32Z Send 國際股市==>  Program END 

Create log file
2019-07-17 08:01:55Z Send 國際股市==>  Program Start
2019-07-17 08:01:55Z Send 國際股市==>  Program END 

Create log file
2019-07-17 18:01:05Z Send 國際股市==>  Program Start
2019-07-17 18:01:05Z Send 國際股市==>  Program END 

Create log file
2019-07-17 18:01:30Z Send 國際股市==>  Program Start
2019-07-17 18:01:30Z Send 國際股市==>  Program END 

Create log file
2019-07-17 18:01:54Z Send 國際股市==>  Program Start
2019-07-17 18:01:54Z Send 國際股市==>  Program END 

Create log file
2019-07-17 19:01:05Z Send 國際股市==>  Program Start
2019-07-17 19:01:05Z Send 國際股市==>  Program END 

Create log file
2019-07-17 19:01:28Z Send 國際股市==>  Program Start
2019-07-17 19:01:28Z Send 國際股市==>  Program END 

Create log file
2019-07-17 19:01:52Z Send 國際股市==>  Program Start
2019-07-17 19:01:52Z Send 國際股市==>  Program END 

Create log file
2019-07-17 19:02:16Z Send 國際股市==>  Program Start
2019-07-17 19:02:16Z Send 國際股市==>  Program END 

Create log file
2019-07-17 19:02:39Z Send 國際股市==>  Program Start
2019-07-17 19:02:39Z Send 國際股市==>  Program END 

Create log file
2019-07-17 22:01:04Z Send 國際股市==>  Program Start
2019-07-17 22:01:04Z Send 國際股市==>  Program END 

Create log file
2019-07-17 22:01:32Z Send 國際股市==>  Program Start
2019-07-17 22:01:32Z Send 國際股市==>  Program END 

Create log file
2019-07-17 23:01:05Z Send 國際股市==>  Program Start
2019-07-17 23:01:05Z Send 國際股市==>  Program END 

Create log file
2019-07-17 23:05:05Z option_insert_daily Program Start
2019-07-17 23:05:05Z option_insert_daily Program END 

