Create log file
2019-07-16 08:01:05Z Send 國際股市==>  Program Start
2019-07-16 08:01:05Z Send 國際股市==>  Program END 

Create log file
2019-07-16 08:01:34Z Send 國際股市==>  Program Start
2019-07-16 08:01:34Z Send 國際股市==>  Program END 

Create log file
2019-07-16 08:01:57Z Send 國際股市==>  Program Start
2019-07-16 08:01:57Z Send 國際股市==>  Program END 

Create log file
2019-07-16 18:01:04Z Send 國際股市==>  Program Start
2019-07-16 18:01:04Z Send 國際股市==>  Program END 

Create log file
2019-07-16 18:01:29Z Send 國際股市==>  Program Start
2019-07-16 18:01:29Z Send 國際股市==>  Program END 

Create log file
2019-07-16 18:01:54Z Send 國際股市==>  Program Start
2019-07-16 18:01:54Z Send 國際股市==>  Program END 

Create log file
2019-07-16 19:01:03Z Send 國際股市==>  Program Start
2019-07-16 19:01:03Z Send 國際股市==>  Program END 

Create log file
2019-07-16 19:01:28Z Send 國際股市==>  Program Start
2019-07-16 19:01:28Z Send 國際股市==>  Program END 

Create log file
2019-07-16 19:01:51Z Send 國際股市==>  Program Start
2019-07-16 19:01:51Z Send 國際股市==>  Program END 

Create log file
2019-07-16 19:02:17Z Send 國際股市==>  Program Start
2019-07-16 19:02:17Z Send 國際股市==>  Program END 

Create log file
2019-07-16 19:02:40Z Send 國際股市==>  Program Start
2019-07-16 19:02:40Z Send 國際股市==>  Program END 

Create log file
2019-07-16 22:01:01Z Send 國際股市==>  Program Start
2019-07-16 22:01:01Z Send 國際股市==>  Program END 

Create log file
2019-07-16 22:01:30Z Send 國際股市==>  Program Start
2019-07-16 22:01:30Z Send 國際股市==>  Program END 

Create log file
2019-07-16 23:01:02Z Send 國際股市==>  Program Start
2019-07-16 23:01:02Z Send 國際股市==>  Program END 

Create log file
2019-07-16 23:05:06Z option_insert_daily Program Start
2019-07-16 23:05:06Z option_insert_daily Program END 

