Create log file
2019-07-10 08:01:10Z Send 國際股市==>  Program Start
2019-07-10 08:01:10Z Send 國際股市==>  Program END 

Create log file
2019-07-10 08:01:37Z Send 國際股市==>  Program Start
2019-07-10 08:01:37Z Send 國際股市==>  Program END 

Create log file
2019-07-10 08:02:01Z Send 國際股市==>  Program Start
2019-07-10 08:02:01Z Send 國際股市==>  Program END 

Create log file
2019-07-10 18:01:05Z Send 國際股市==>  Program Start
2019-07-10 18:01:05Z Send 國際股市==>  Program END 

Create log file
2019-07-10 18:01:29Z Send 國際股市==>  Program Start
2019-07-10 18:01:29Z Send 國際股市==>  Program END 

Create log file
2019-07-10 18:01:53Z Send 國際股市==>  Program Start
2019-07-10 18:01:53Z Send 國際股市==>  Program END 

Create log file
2019-07-10 19:01:09Z Send 國際股市==>  Program Start
2019-07-10 19:01:09Z Send 國際股市==>  Program END 

Create log file
2019-07-10 19:01:33Z Send 國際股市==>  Program Start
2019-07-10 19:01:33Z Send 國際股市==>  Program END 

Create log file
2019-07-10 19:01:56Z Send 國際股市==>  Program Start
2019-07-10 19:01:56Z Send 國際股市==>  Program END 

Create log file
2019-07-10 19:02:20Z Send 國際股市==>  Program Start
2019-07-10 19:02:20Z Send 國際股市==>  Program END 

Create log file
2019-07-10 19:02:43Z Send 國際股市==>  Program Start
2019-07-10 19:02:43Z Send 國際股市==>  Program END 

Create log file
2019-07-10 22:01:04Z Send 國際股市==>  Program Start
2019-07-10 22:01:04Z Send 國際股市==>  Program END 

Create log file
2019-07-10 22:01:32Z Send 國際股市==>  Program Start
2019-07-10 22:01:32Z Send 國際股市==>  Program END 

Create log file
2019-07-10 23:01:04Z Send 國際股市==>  Program Start
2019-07-10 23:01:04Z Send 國際股市==>  Program END 

Create log file
2019-07-10 23:05:14Z option_insert_daily Program Start
2019-07-10 23:05:14Z option_insert_daily Program END 

