Create log file
2019-07-05 08:01:04Z Send 國際股市==>  Program Start
2019-07-05 08:01:04Z Send 國際股市==>  Program END 

Create log file
2019-07-05 08:01:32Z Send 國際股市==>  Program Start
2019-07-05 08:01:32Z Send 國際股市==>  Program END 

Create log file
2019-07-05 08:01:56Z Send 國際股市==>  Program Start
2019-07-05 08:01:56Z Send 國際股市==>  Program END 

Create log file
2019-07-05 18:01:01Z Send 國際股市==>  Program Start
2019-07-05 18:01:01Z Send 國際股市==>  Program END 

Create log file
2019-07-05 18:01:26Z Send 國際股市==>  Program Start
2019-07-05 18:01:26Z Send 國際股市==>  Program END 

Create log file
2019-07-05 18:01:51Z Send 國際股市==>  Program Start
2019-07-05 18:01:51Z Send 國際股市==>  Program END 

Create log file
2019-07-05 19:01:01Z Send 國際股市==>  Program Start
2019-07-05 19:01:01Z Send 國際股市==>  Program END 

Create log file
2019-07-05 19:01:26Z Send 國際股市==>  Program Start
2019-07-05 19:01:26Z Send 國際股市==>  Program END 

Create log file
2019-07-05 19:01:49Z Send 國際股市==>  Program Start
2019-07-05 19:01:49Z Send 國際股市==>  Program END 

Create log file
2019-07-05 19:02:15Z Send 國際股市==>  Program Start
2019-07-05 19:02:15Z Send 國際股市==>  Program END 

Create log file
2019-07-05 19:02:38Z Send 國際股市==>  Program Start
2019-07-05 19:02:38Z Send 國際股市==>  Program END 

Create log file
2019-07-05 22:01:02Z Send 國際股市==>  Program Start
2019-07-05 22:01:02Z Send 國際股市==>  Program END 

Create log file
2019-07-05 22:01:31Z Send 國際股市==>  Program Start
2019-07-05 22:01:31Z Send 國際股市==>  Program END 

Create log file
2019-07-05 23:01:07Z Send 國際股市==>  Program Start
2019-07-05 23:01:07Z Send 國際股市==>  Program END 

Create log file
2019-07-05 23:05:05Z option_insert_daily Program Start
2019-07-05 23:05:05Z option_insert_daily Program END 

