Create log file
2019-05-15 08:01:02Z Send 國際股市==>  Program Start
2019-05-15 08:01:02Z Send 國際股市==>  Program END 

Create log file
2019-05-15 08:01:29Z Send 國際股市==>  Program Start
2019-05-15 08:01:29Z Send 國際股市==>  Program END 

Create log file
2019-05-15 08:01:53Z Send 國際股市==>  Program Start
2019-05-15 08:01:53Z Send 國際股市==>  Program END 

Create log file
2019-05-15 15:50:07Z option_insert_daily Program Start
2019-05-15 15:50:07Z option_insert_daily Program END 

Create log file
2019-05-15 18:01:03Z Send 國際股市==>  Program Start
2019-05-15 18:01:03Z Send 國際股市==>  Program END 

Create log file
2019-05-15 18:01:29Z Send 國際股市==>  Program Start
2019-05-15 18:01:29Z Send 國際股市==>  Program END 

Create log file
2019-05-15 18:01:53Z Send 國際股市==>  Program Start
2019-05-15 18:01:53Z Send 國際股市==>  Program END 

Create log file
2019-05-15 19:01:01Z Send 國際股市==>  Program Start
2019-05-15 19:01:01Z Send 國際股市==>  Program END 

Create log file
2019-05-15 19:01:24Z Send 國際股市==>  Program Start
2019-05-15 19:01:24Z Send 國際股市==>  Program END 

Create log file
2019-05-15 19:01:49Z Send 國際股市==>  Program Start
2019-05-15 19:01:49Z Send 國際股市==>  Program END 

Create log file
2019-05-15 19:02:14Z Send 國際股市==>  Program Start
2019-05-15 19:02:14Z Send 國際股市==>  Program END 

Create log file
2019-05-15 19:02:37Z Send 國際股市==>  Program Start
2019-05-15 19:02:37Z Send 國際股市==>  Program END 

Create log file
2019-05-15 22:01:04Z Send 國際股市==>  Program Start
2019-05-15 22:01:04Z Send 國際股市==>  Program END 

Create log file
2019-05-15 22:01:31Z Send 國際股市==>  Program Start
2019-05-15 22:01:31Z Send 國際股市==>  Program END 

Create log file
2019-05-15 23:01:05Z Send 國際股市==>  Program Start
2019-05-15 23:01:05Z Send 國際股市==>  Program END 

