Create log file
2019-07-02 08:01:03Z Send 國際股市==>  Program Start
2019-07-02 08:01:03Z Send 國際股市==>  Program END 

Create log file
2019-07-02 08:01:30Z Send 國際股市==>  Program Start
2019-07-02 08:01:30Z Send 國際股市==>  Program END 

Create log file
2019-07-02 08:01:54Z Send 國際股市==>  Program Start
2019-07-02 08:01:54Z Send 國際股市==>  Program END 

Create log file
2019-07-02 18:01:03Z Send 國際股市==>  Program Start
2019-07-02 18:01:03Z Send 國際股市==>  Program END 

Create log file
2019-07-02 18:01:28Z Send 國際股市==>  Program Start
2019-07-02 18:01:28Z Send 國際股市==>  Program END 

Create log file
2019-07-02 18:01:53Z Send 國際股市==>  Program Start
2019-07-02 18:01:53Z Send 國際股市==>  Program END 

Create log file
2019-07-02 19:01:02Z Send 國際股市==>  Program Start
2019-07-02 19:01:02Z Send 國際股市==>  Program END 

Create log file
2019-07-02 19:01:27Z Send 國際股市==>  Program Start
2019-07-02 19:01:27Z Send 國際股市==>  Program END 

Create log file
2019-07-02 19:01:50Z Send 國際股市==>  Program Start
2019-07-02 19:01:50Z Send 國際股市==>  Program END 

Create log file
2019-07-02 19:02:16Z Send 國際股市==>  Program Start
2019-07-02 19:02:16Z Send 國際股市==>  Program END 

Create log file
2019-07-02 19:02:39Z Send 國際股市==>  Program Start
2019-07-02 19:02:39Z Send 國際股市==>  Program END 

Create log file
2019-07-02 22:01:01Z Send 國際股市==>  Program Start
2019-07-02 22:01:01Z Send 國際股市==>  Program END 

Create log file
2019-07-02 22:01:29Z Send 國際股市==>  Program Start
2019-07-02 22:01:29Z Send 國際股市==>  Program END 

Create log file
2019-07-02 23:01:01Z Send 國際股市==>  Program Start
2019-07-02 23:01:01Z Send 國際股市==>  Program END 

Create log file
2019-07-02 23:05:04Z option_insert_daily Program Start
2019-07-02 23:05:04Z option_insert_daily Program END 

