Create log file
2019-04-18 08:01:03Z Send 國際股市==>  Program Start
2019-04-18 08:01:03Z Send 國際股市==>  Program END 

Create log file
2019-04-18 08:01:31Z Send 國際股市==>  Program Start
2019-04-18 08:01:31Z Send 國際股市==>  Program END 

Create log file
2019-04-18 08:01:55Z Send 國際股市==>  Program Start
2019-04-18 08:01:55Z Send 國際股市==>  Program END 

Create log file
2019-04-18 15:50:04Z option_insert_daily Program Start
2019-04-18 15:50:04Z option_insert_daily Program END 

Create log file
2019-04-18 18:01:03Z Send 國際股市==>  Program Start
2019-04-18 18:01:03Z Send 國際股市==>  Program END 

Create log file
2019-04-18 18:01:28Z Send 國際股市==>  Program Start
2019-04-18 18:01:28Z Send 國際股市==>  Program END 

Create log file
2019-04-18 18:01:52Z Send 國際股市==>  Program Start
2019-04-18 18:01:52Z Send 國際股市==>  Program END 

Create log file
2019-04-18 19:01:03Z Send 國際股市==>  Program Start
2019-04-18 19:01:03Z Send 國際股市==>  Program END 

Create log file
2019-04-18 19:01:27Z Send 國際股市==>  Program Start
2019-04-18 19:01:27Z Send 國際股市==>  Program END 

Create log file
2019-04-18 19:01:51Z Send 國際股市==>  Program Start
2019-04-18 19:01:51Z Send 國際股市==>  Program END 

Create log file
2019-04-18 19:02:15Z Send 國際股市==>  Program Start
2019-04-18 19:02:15Z Send 國際股市==>  Program END 

Create log file
2019-04-18 19:02:39Z Send 國際股市==>  Program Start
2019-04-18 19:02:39Z Send 國際股市==>  Program END 

Create log file
2019-04-18 22:01:03Z Send 國際股市==>  Program Start
2019-04-18 22:01:03Z Send 國際股市==>  Program END 

Create log file
2019-04-18 22:01:32Z Send 國際股市==>  Program Start
2019-04-18 22:01:32Z Send 國際股市==>  Program END 

Create log file
2019-04-18 23:01:03Z Send 國際股市==>  Program Start
2019-04-18 23:01:03Z Send 國際股市==>  Program END 

