Create log file
2019-07-08 08:01:08Z Send 國際股市==>  Program Start
2019-07-08 08:01:08Z Send 國際股市==>  Program END 

Create log file
2019-07-08 08:01:35Z Send 國際股市==>  Program Start
2019-07-08 08:01:35Z Send 國際股市==>  Program END 

Create log file
2019-07-08 08:01:58Z Send 國際股市==>  Program Start
2019-07-08 08:01:58Z Send 國際股市==>  Program END 

Create log file
2019-07-08 18:01:03Z Send 國際股市==>  Program Start
2019-07-08 18:01:03Z Send 國際股市==>  Program END 

Create log file
2019-07-08 18:01:29Z Send 國際股市==>  Program Start
2019-07-08 18:01:29Z Send 國際股市==>  Program END 

Create log file
2019-07-08 18:01:53Z Send 國際股市==>  Program Start
2019-07-08 18:01:53Z Send 國際股市==>  Program END 

Create log file
2019-07-08 19:01:01Z Send 國際股市==>  Program Start
2019-07-08 19:01:01Z Send 國際股市==>  Program END 

Create log file
2019-07-08 19:01:24Z Send 國際股市==>  Program Start
2019-07-08 19:01:24Z Send 國際股市==>  Program END 

Create log file
2019-07-08 19:01:47Z Send 國際股市==>  Program Start
2019-07-08 19:01:47Z Send 國際股市==>  Program END 

Create log file
2019-07-08 19:02:12Z Send 國際股市==>  Program Start
2019-07-08 19:02:12Z Send 國際股市==>  Program END 

Create log file
2019-07-08 19:02:35Z Send 國際股市==>  Program Start
2019-07-08 19:02:35Z Send 國際股市==>  Program END 

Create log file
2019-07-08 22:01:01Z Send 國際股市==>  Program Start
2019-07-08 22:01:01Z Send 國際股市==>  Program END 

Create log file
2019-07-08 22:01:30Z Send 國際股市==>  Program Start
2019-07-08 22:01:30Z Send 國際股市==>  Program END 

Create log file
2019-07-08 23:01:01Z Send 國際股市==>  Program Start
2019-07-08 23:01:01Z Send 國際股市==>  Program END 

Create log file
2019-07-08 23:05:05Z option_insert_daily Program Start
2019-07-08 23:05:05Z option_insert_daily Program END 

