Create log file
2019-05-08 08:01:05Z Send 國際股市==>  Program Start
2019-05-08 08:01:05Z Send 國際股市==>  Program END 

Create log file
2019-05-08 08:01:34Z Send 國際股市==>  Program Start
2019-05-08 08:01:34Z Send 國際股市==>  Program END 

Create log file
2019-05-08 08:01:57Z Send 國際股市==>  Program Start
2019-05-08 08:01:57Z Send 國際股市==>  Program END 

Create log file
2019-05-08 15:50:04Z option_insert_daily Program Start
2019-05-08 15:50:04Z option_insert_daily Program END 

Create log file
2019-05-08 18:01:03Z Send 國際股市==>  Program Start
2019-05-08 18:01:03Z Send 國際股市==>  Program END 

Create log file
2019-05-08 18:01:29Z Send 國際股市==>  Program Start
2019-05-08 18:01:29Z Send 國際股市==>  Program END 

Create log file
2019-05-08 18:01:53Z Send 國際股市==>  Program Start
2019-05-08 18:01:53Z Send 國際股市==>  Program END 

Create log file
2019-05-08 19:01:04Z Send 國際股市==>  Program Start
2019-05-08 19:01:04Z Send 國際股市==>  Program END 

Create log file
2019-05-08 19:01:28Z Send 國際股市==>  Program Start
2019-05-08 19:01:28Z Send 國際股市==>  Program END 

Create log file
2019-05-08 19:01:53Z Send 國際股市==>  Program Start
2019-05-08 19:01:53Z Send 國際股市==>  Program END 

Create log file
2019-05-08 19:02:18Z Send 國際股市==>  Program Start
2019-05-08 19:02:18Z Send 國際股市==>  Program END 

Create log file
2019-05-08 19:02:41Z Send 國際股市==>  Program Start
2019-05-08 19:02:41Z Send 國際股市==>  Program END 

Create log file
2019-05-08 22:01:01Z Send 國際股市==>  Program Start
2019-05-08 22:01:01Z Send 國際股市==>  Program END 

Create log file
2019-05-08 22:01:31Z Send 國際股市==>  Program Start
2019-05-08 22:01:31Z Send 國際股市==>  Program END 

Create log file
2019-05-08 23:01:01Z Send 國際股市==>  Program Start
2019-05-08 23:01:01Z Send 國際股市==>  Program END 

