Create log file
2019-04-16 08:01:01Z Send 國際股市==>  Program Start
2019-04-16 08:01:01Z Send 國際股市==>  Program END 

Create log file
2019-04-16 08:01:29Z Send 國際股市==>  Program Start
2019-04-16 08:01:29Z Send 國際股市==>  Program END 

Create log file
2019-04-16 08:01:52Z Send 國際股市==>  Program Start
2019-04-16 08:01:52Z Send 國際股市==>  Program END 

Create log file
2019-04-16 15:50:06Z option_insert_daily Program Start
2019-04-16 15:50:06Z option_insert_daily Program END 

Create log file
2019-04-16 18:01:02Z Send 國際股市==>  Program Start
2019-04-16 18:01:02Z Send 國際股市==>  Program END 

Create log file
2019-04-16 18:01:28Z Send 國際股市==>  Program Start
2019-04-16 18:01:28Z Send 國際股市==>  Program END 

Create log file
2019-04-16 18:01:52Z Send 國際股市==>  Program Start
2019-04-16 18:01:52Z Send 國際股市==>  Program END 

Create log file
2019-04-16 19:01:01Z Send 國際股市==>  Program Start
2019-04-16 19:01:01Z Send 國際股市==>  Program END 

Create log file
2019-04-16 19:01:24Z Send 國際股市==>  Program Start
2019-04-16 19:01:24Z Send 國際股市==>  Program END 

Create log file
2019-04-16 19:01:47Z Send 國際股市==>  Program Start
2019-04-16 19:01:47Z Send 國際股市==>  Program END 

Create log file
2019-04-16 19:02:13Z Send 國際股市==>  Program Start
2019-04-16 19:02:13Z Send 國際股市==>  Program END 

Create log file
2019-04-16 19:02:37Z Send 國際股市==>  Program Start
2019-04-16 19:02:37Z Send 國際股市==>  Program END 

Create log file
2019-04-16 22:01:01Z Send 國際股市==>  Program Start
2019-04-16 22:01:01Z Send 國際股市==>  Program END 

Create log file
2019-04-16 22:01:29Z Send 國際股市==>  Program Start
2019-04-16 22:01:29Z Send 國際股市==>  Program END 

Create log file
2019-04-16 23:01:01Z Send 國際股市==>  Program Start
2019-04-16 23:01:01Z Send 國際股市==>  Program END 

