Create log file
2019-07-11 08:01:08Z Send 國際股市==>  Program Start
2019-07-11 08:01:08Z Send 國際股市==>  Program END 

Create log file
2019-07-11 08:01:36Z Send 國際股市==>  Program Start
2019-07-11 08:01:36Z Send 國際股市==>  Program END 

Create log file
2019-07-11 08:01:59Z Send 國際股市==>  Program Start
2019-07-11 08:01:59Z Send 國際股市==>  Program END 

Create log file
2019-07-11 18:01:03Z Send 國際股市==>  Program Start
2019-07-11 18:01:03Z Send 國際股市==>  Program END 

Create log file
2019-07-11 18:01:29Z Send 國際股市==>  Program Start
2019-07-11 18:01:29Z Send 國際股市==>  Program END 

Create log file
2019-07-11 18:01:57Z Send 國際股市==>  Program Start
2019-07-11 18:01:57Z Send 國際股市==>  Program END 

Create log file
2019-07-11 19:01:05Z Send 國際股市==>  Program Start
2019-07-11 19:01:05Z Send 國際股市==>  Program END 

Create log file
2019-07-11 19:01:29Z Send 國際股市==>  Program Start
2019-07-11 19:01:29Z Send 國際股市==>  Program END 

Create log file
2019-07-11 19:01:53Z Send 國際股市==>  Program Start
2019-07-11 19:01:53Z Send 國際股市==>  Program END 

Create log file
2019-07-11 19:02:18Z Send 國際股市==>  Program Start
2019-07-11 19:02:18Z Send 國際股市==>  Program END 

Create log file
2019-07-11 19:02:42Z Send 國際股市==>  Program Start
2019-07-11 19:02:42Z Send 國際股市==>  Program END 

Create log file
2019-07-11 22:01:04Z Send 國際股市==>  Program Start
2019-07-11 22:01:04Z Send 國際股市==>  Program END 

Create log file
2019-07-11 22:01:33Z Send 國際股市==>  Program Start
2019-07-11 22:01:33Z Send 國際股市==>  Program END 

Create log file
2019-07-11 23:01:04Z Send 國際股市==>  Program Start
2019-07-11 23:01:04Z Send 國際股市==>  Program END 

Create log file
2019-07-11 23:05:04Z option_insert_daily Program Start
2019-07-11 23:05:04Z option_insert_daily Program END 

