Create log file
2019-05-13 08:01:10Z Send 國際股市==>  Program Start
2019-05-13 08:01:10Z Send 國際股市==>  Program END 

Create log file
2019-05-13 08:01:38Z Send 國際股市==>  Program Start
2019-05-13 08:01:38Z Send 國際股市==>  Program END 

Create log file
2019-05-13 08:02:02Z Send 國際股市==>  Program Start
2019-05-13 08:02:02Z Send 國際股市==>  Program END 

Create log file
2019-05-13 15:50:06Z option_insert_daily Program Start
2019-05-13 15:50:06Z option_insert_daily Program END 

Create log file
2019-05-13 18:01:01Z Send 國際股市==>  Program Start
2019-05-13 18:01:01Z Send 國際股市==>  Program END 

Create log file
2019-05-13 18:01:27Z Send 國際股市==>  Program Start
2019-05-13 18:01:27Z Send 國際股市==>  Program END 

Create log file
2019-05-13 18:01:52Z Send 國際股市==>  Program Start
2019-05-13 18:01:52Z Send 國際股市==>  Program END 

Create log file
2019-05-13 19:01:01Z Send 國際股市==>  Program Start
2019-05-13 19:01:01Z Send 國際股市==>  Program END 

Create log file
2019-05-13 19:01:25Z Send 國際股市==>  Program Start
2019-05-13 19:01:25Z Send 國際股市==>  Program END 

Create log file
2019-05-13 19:01:48Z Send 國際股市==>  Program Start
2019-05-13 19:01:48Z Send 國際股市==>  Program END 

Create log file
2019-05-13 19:02:13Z Send 國際股市==>  Program Start
2019-05-13 19:02:13Z Send 國際股市==>  Program END 

Create log file
2019-05-13 19:02:36Z Send 國際股市==>  Program Start
2019-05-13 19:02:36Z Send 國際股市==>  Program END 

Create log file
2019-05-13 22:01:01Z Send 國際股市==>  Program Start
2019-05-13 22:01:01Z Send 國際股市==>  Program END 

Create log file
2019-05-13 22:01:29Z Send 國際股市==>  Program Start
2019-05-13 22:01:29Z Send 國際股市==>  Program END 

Create log file
2019-05-13 23:01:01Z Send 國際股市==>  Program Start
2019-05-13 23:01:01Z Send 國際股市==>  Program END 

