Create log file
2019-04-08 08:01:06Z Send 國際股市==>  Program Start
2019-04-08 08:01:06Z Send 國際股市==>  Program END 

Create log file
2019-04-08 08:01:33Z Send 國際股市==>  Program Start
2019-04-08 08:01:33Z Send 國際股市==>  Program END 

Create log file
2019-04-08 08:02:01Z Send 國際股市==>  Program Start
2019-04-08 08:02:01Z Send 國際股市==>  Program END 

Create log file
2019-04-08 15:50:06Z option_insert_daily Program Start
2019-04-08 15:50:06Z option_insert_daily Program END 

Create log file
2019-04-08 18:01:02Z Send 國際股市==>  Program Start
2019-04-08 18:01:02Z Send 國際股市==>  Program END 

Create log file
2019-04-08 18:01:28Z Send 國際股市==>  Program Start
2019-04-08 18:01:28Z Send 國際股市==>  Program END 

Create log file
2019-04-08 18:01:52Z Send 國際股市==>  Program Start
2019-04-08 18:01:52Z Send 國際股市==>  Program END 

Create log file
2019-04-08 19:01:03Z Send 國際股市==>  Program Start
2019-04-08 19:01:03Z Send 國際股市==>  Program END 

Create log file
2019-04-08 19:01:28Z Send 國際股市==>  Program Start
2019-04-08 19:01:28Z Send 國際股市==>  Program END 

Create log file
2019-04-08 19:01:52Z Send 國際股市==>  Program Start
2019-04-08 19:01:52Z Send 國際股市==>  Program END 

Create log file
2019-04-08 19:02:17Z Send 國際股市==>  Program Start
2019-04-08 19:02:17Z Send 國際股市==>  Program END 

Create log file
2019-04-08 19:02:39Z Send 國際股市==>  Program Start
2019-04-08 19:02:39Z Send 國際股市==>  Program END 

Create log file
2019-04-08 22:01:03Z Send 國際股市==>  Program Start
2019-04-08 22:01:03Z Send 國際股市==>  Program END 

Create log file
2019-04-08 22:01:31Z Send 國際股市==>  Program Start
2019-04-08 22:01:31Z Send 國際股市==>  Program END 

Create log file
2019-04-08 23:01:03Z Send 國際股市==>  Program Start
2019-04-08 23:01:03Z Send 國際股市==>  Program END 

