Create log file
2019-04-29 08:01:01Z Send 國際股市==>  Program Start
2019-04-29 08:01:01Z Send 國際股市==>  Program END 

Create log file
2019-04-29 08:01:29Z Send 國際股市==>  Program Start
2019-04-29 08:01:29Z Send 國際股市==>  Program END 

Create log file
2019-04-29 08:01:52Z Send 國際股市==>  Program Start
2019-04-29 08:01:52Z Send 國際股市==>  Program END 

Create log file
2019-04-29 15:50:06Z option_insert_daily Program Start
2019-04-29 15:50:06Z option_insert_daily Program END 

Create log file
2019-04-29 18:01:01Z Send 國際股市==>  Program Start
2019-04-29 18:01:01Z Send 國際股市==>  Program END 

Create log file
2019-04-29 18:01:26Z Send 國際股市==>  Program Start
2019-04-29 18:01:26Z Send 國際股市==>  Program END 

Create log file
2019-04-29 18:01:50Z Send 國際股市==>  Program Start
2019-04-29 18:01:50Z Send 國際股市==>  Program END 

Create log file
2019-04-29 19:01:00Z Send 國際股市==>  Program Start
2019-04-29 19:01:00Z Send 國際股市==>  Program END 

Create log file
2019-04-29 19:01:24Z Send 國際股市==>  Program Start
2019-04-29 19:01:24Z Send 國際股市==>  Program END 

Create log file
2019-04-29 19:01:47Z Send 國際股市==>  Program Start
2019-04-29 19:01:47Z Send 國際股市==>  Program END 

Create log file
2019-04-29 19:02:12Z Send 國際股市==>  Program Start
2019-04-29 19:02:12Z Send 國際股市==>  Program END 

Create log file
2019-04-29 19:02:35Z Send 國際股市==>  Program Start
2019-04-29 19:02:35Z Send 國際股市==>  Program END 

Create log file
2019-04-29 22:01:03Z Send 國際股市==>  Program Start
2019-04-29 22:01:03Z Send 國際股市==>  Program END 

Create log file
2019-04-29 22:01:29Z Send 國際股市==>  Program Start
2019-04-29 22:01:29Z Send 國際股市==>  Program END 

Create log file
2019-04-29 23:01:03Z Send 國際股市==>  Program Start
2019-04-29 23:01:03Z Send 國際股市==>  Program END 

