Create log file
2019-05-14 08:01:03Z Send 國際股市==>  Program Start
2019-05-14 08:01:03Z Send 國際股市==>  Program END 

Create log file
2019-05-14 08:01:33Z Send 國際股市==>  Program Start
2019-05-14 08:01:33Z Send 國際股市==>  Program END 

Create log file
2019-05-14 08:01:56Z Send 國際股市==>  Program Start
2019-05-14 08:01:56Z Send 國際股市==>  Program END 

Create log file
2019-05-14 15:50:05Z option_insert_daily Program Start
2019-05-14 15:50:05Z option_insert_daily Program END 

Create log file
2019-05-14 18:01:04Z Send 國際股市==>  Program Start
2019-05-14 18:01:04Z Send 國際股市==>  Program END 

Create log file
2019-05-14 18:01:30Z Send 國際股市==>  Program Start
2019-05-14 18:01:30Z Send 國際股市==>  Program END 

Create log file
2019-05-14 18:01:54Z Send 國際股市==>  Program Start
2019-05-14 18:01:54Z Send 國際股市==>  Program END 

Create log file
2019-05-14 19:01:04Z Send 國際股市==>  Program Start
2019-05-14 19:01:04Z Send 國際股市==>  Program END 

Create log file
2019-05-14 19:01:28Z Send 國際股市==>  Program Start
2019-05-14 19:01:28Z Send 國際股市==>  Program END 

Create log file
2019-05-14 19:01:52Z Send 國際股市==>  Program Start
2019-05-14 19:01:52Z Send 國際股市==>  Program END 

Create log file
2019-05-14 19:02:18Z Send 國際股市==>  Program Start
2019-05-14 19:02:18Z Send 國際股市==>  Program END 

Create log file
2019-05-14 19:02:41Z Send 國際股市==>  Program Start
2019-05-14 19:02:41Z Send 國際股市==>  Program END 

Create log file
2019-05-14 22:01:04Z Send 國際股市==>  Program Start
2019-05-14 22:01:04Z Send 國際股市==>  Program END 

Create log file
2019-05-14 22:01:31Z Send 國際股市==>  Program Start
2019-05-14 22:01:31Z Send 國際股市==>  Program END 

Create log file
2019-05-14 23:01:02Z Send 國際股市==>  Program Start
2019-05-14 23:01:02Z Send 國際股市==>  Program END 

