Create log file
2019-07-03 08:01:02Z Send 國際股市==>  Program Start
2019-07-03 08:01:02Z Send 國際股市==>  Program END 

Create log file
2019-07-03 08:01:29Z Send 國際股市==>  Program Start
2019-07-03 08:01:29Z Send 國際股市==>  Program END 

Create log file
2019-07-03 08:01:52Z Send 國際股市==>  Program Start
2019-07-03 08:01:52Z Send 國際股市==>  Program END 

Create log file
2019-07-03 18:01:03Z Send 國際股市==>  Program Start
2019-07-03 18:01:03Z Send 國際股市==>  Program END 

Create log file
2019-07-03 18:01:30Z Send 國際股市==>  Program Start
2019-07-03 18:01:30Z Send 國際股市==>  Program END 

Create log file
2019-07-03 18:01:54Z Send 國際股市==>  Program Start
2019-07-03 18:01:54Z Send 國際股市==>  Program END 

Create log file
2019-07-03 19:01:01Z Send 國際股市==>  Program Start
2019-07-03 19:01:01Z Send 國際股市==>  Program END 

Create log file
2019-07-03 19:01:25Z Send 國際股市==>  Program Start
2019-07-03 19:01:25Z Send 國際股市==>  Program END 

Create log file
2019-07-03 19:01:49Z Send 國際股市==>  Program Start
2019-07-03 19:01:49Z Send 國際股市==>  Program END 

Create log file
2019-07-03 19:02:14Z Send 國際股市==>  Program Start
2019-07-03 19:02:14Z Send 國際股市==>  Program END 

Create log file
2019-07-03 19:02:37Z Send 國際股市==>  Program Start
2019-07-03 19:02:37Z Send 國際股市==>  Program END 

Create log file
2019-07-03 22:01:05Z Send 國際股市==>  Program Start
2019-07-03 22:01:05Z Send 國際股市==>  Program END 

Create log file
2019-07-03 22:01:32Z Send 國際股市==>  Program Start
2019-07-03 22:01:32Z Send 國際股市==>  Program END 

Create log file
2019-07-03 23:01:01Z Send 國際股市==>  Program Start
2019-07-03 23:01:01Z Send 國際股市==>  Program END 

Create log file
2019-07-03 23:05:04Z option_insert_daily Program Start
2019-07-03 23:05:04Z option_insert_daily Program END 

