Create log file
2019-07-12 08:01:07Z Send 國際股市==>  Program Start
2019-07-12 08:01:07Z Send 國際股市==>  Program END 

Create log file
2019-07-12 08:01:34Z Send 國際股市==>  Program Start
2019-07-12 08:01:34Z Send 國際股市==>  Program END 

Create log file
2019-07-12 08:01:59Z Send 國際股市==>  Program Start
2019-07-12 08:01:59Z Send 國際股市==>  Program END 

Create log file
2019-07-12 18:01:04Z Send 國際股市==>  Program Start
2019-07-12 18:01:04Z Send 國際股市==>  Program END 

Create log file
2019-07-12 18:01:29Z Send 國際股市==>  Program Start
2019-07-12 18:01:29Z Send 國際股市==>  Program END 

Create log file
2019-07-12 18:01:54Z Send 國際股市==>  Program Start
2019-07-12 18:01:54Z Send 國際股市==>  Program END 

Create log file
2019-07-12 19:01:02Z Send 國際股市==>  Program Start
2019-07-12 19:01:02Z Send 國際股市==>  Program END 

Create log file
2019-07-12 19:01:26Z Send 國際股市==>  Program Start
2019-07-12 19:01:26Z Send 國際股市==>  Program END 

Create log file
2019-07-12 19:01:49Z Send 國際股市==>  Program Start
2019-07-12 19:01:49Z Send 國際股市==>  Program END 

Create log file
2019-07-12 19:02:14Z Send 國際股市==>  Program Start
2019-07-12 19:02:14Z Send 國際股市==>  Program END 

Create log file
2019-07-12 19:02:38Z Send 國際股市==>  Program Start
2019-07-12 19:02:38Z Send 國際股市==>  Program END 

Create log file
2019-07-12 22:01:02Z Send 國際股市==>  Program Start
2019-07-12 22:01:02Z Send 國際股市==>  Program END 

Create log file
2019-07-12 22:01:30Z Send 國際股市==>  Program Start
2019-07-12 22:01:30Z Send 國際股市==>  Program END 

Create log file
2019-07-12 23:01:01Z Send 國際股市==>  Program Start
2019-07-12 23:01:01Z Send 國際股市==>  Program END 

Create log file
2019-07-12 23:05:08Z option_insert_daily Program Start
2019-07-12 23:05:08Z option_insert_daily Program END 

