Create log file
2019-05-06 08:01:13Z Send 國際股市==>  Program Start
2019-05-06 08:01:13Z Send 國際股市==>  Program END 

Create log file
2019-05-06 08:01:40Z Send 國際股市==>  Program Start
2019-05-06 08:01:40Z Send 國際股市==>  Program END 

Create log file
2019-05-06 08:02:03Z Send 國際股市==>  Program Start
2019-05-06 08:02:03Z Send 國際股市==>  Program END 

Create log file
2019-05-06 15:50:05Z option_insert_daily Program Start
2019-05-06 15:50:05Z option_insert_daily Program END 

Create log file
2019-05-06 18:01:03Z Send 國際股市==>  Program Start
2019-05-06 18:01:03Z Send 國際股市==>  Program END 

Create log file
2019-05-06 18:01:29Z Send 國際股市==>  Program Start
2019-05-06 18:01:29Z Send 國際股市==>  Program END 

Create log file
2019-05-06 18:01:53Z Send 國際股市==>  Program Start
2019-05-06 18:01:53Z Send 國際股市==>  Program END 

Create log file
2019-05-06 19:01:03Z Send 國際股市==>  Program Start
2019-05-06 19:01:03Z Send 國際股市==>  Program END 

Create log file
2019-05-06 19:01:28Z Send 國際股市==>  Program Start
2019-05-06 19:01:28Z Send 國際股市==>  Program END 

Create log file
2019-05-06 19:01:51Z Send 國際股市==>  Program Start
2019-05-06 19:01:51Z Send 國際股市==>  Program END 

Create log file
2019-05-06 19:02:16Z Send 國際股市==>  Program Start
2019-05-06 19:02:16Z Send 國際股市==>  Program END 

Create log file
2019-05-06 19:02:39Z Send 國際股市==>  Program Start
2019-05-06 19:02:39Z Send 國際股市==>  Program END 

Create log file
2019-05-06 22:01:03Z Send 國際股市==>  Program Start
2019-05-06 22:01:03Z Send 國際股市==>  Program END 

Create log file
2019-05-06 22:01:32Z Send 國際股市==>  Program Start
2019-05-06 22:01:32Z Send 國際股市==>  Program END 

Create log file
2019-05-06 22:08:37Z Send 國際股市==>  Program Start
2019-05-06 22:08:37Z Send 國際股市==>  Program END 

Create log file
2019-05-06 22:09:05Z Send 國際股市==>  Program Start
2019-05-06 22:09:05Z Send 國際股市==>  Program END 

Create log file
2019-05-06 23:01:04Z Send 國際股市==>  Program Start
2019-05-06 23:01:04Z Send 國際股市==>  Program END 

